#
# A fatal error has been detected by the Java Runtime Environment:
#
#  EXCEPTION_UNCAUGHT_CXX_EXCEPTION (0xe06d7363) at pc=0x000007fefd23a06d, pid=4244, tid=2788
#
# JRE version: Java(TM) SE Runtime Environment (8.0_66-b18) (build 1.8.0_66-b18)
# Java VM: Java HotSpot(TM) 64-Bit Server VM (25.66-b18 mixed mode windows-amd64 compressed oops)
# Problematic frame:
# C  [KERNELBASE.dll+0x1a06d]
#
# Failed to write core dump. Minidumps are not enabled by default on client versions of Windows
#
# If you would like to submit a bug report, please visit:
#   http://bugreport.java.com/bugreport/crash.jsp
#

---------------  T H R E A D  ---------------

Current thread (0x00000000150a2800):  VMThread [stack: 0x0000000015ff0000,0x00000000160f0000] [id=2788]

siginfo: ExceptionCode=0xe06d7363, ExceptionInformation=0x0000000019930520 0x00000000160ef4c8 0x000007feebd52cb8 0x000007feebca0000 

Registers:
RAX=0x000000006209d07b, RBX=0x000007feebd52cb8, RCX=0x00000000160eed10, RDX=0x00000000000000d0
RSP=0x00000000160ef320, RBP=0x00000000160ef450, RSI=0x00000000ffffffff, RDI=0x00000000175b8240
R8 =0x0000000000000000, R9 =0x0000000000000000, R10=0x000007feebca0000, R11=0x00000000160ef360
R12=0x0000000000000001, R13=0x0000000000000008, R14=0x0000000000000000, R15=0xffffffffffffffff
RIP=0x000007fefd23a06d, EFLAGS=0x0000000000000206

Top of Stack: (sp=0x00000000160ef320)
0x00000000160ef320:   000007feebd52cb8 00000000ffffffff
0x00000000160ef330:   00000000175b8240 00000000002f75d0
0x00000000160ef340:   00000001e06d7363 0000000000000000
0x00000000160ef350:   000007fefd23a06d 000007fe00000004
0x00000000160ef360:   0000000019930520 00000000160ef4c8
0x00000000160ef370:   000007feebd52cb8 000007feebca0000
0x00000000160ef380:   0000000000000000 00000000160ef408
0x00000000160ef390:   0000000000000028 00000000175b8230
0x00000000160ef3a0:   00000000174ec2f0 0000000000000000
0x00000000160ef3b0:   000007fffffa8000 000000007745f2d3
0x00000000160ef3c0:   0000000000000000 0000000000000008
0x00000000160ef3d0:   0000000000000001 00000000175b8240
0x00000000160ef3e0:   00000000ffffffff 000007feebcfe92c
0x00000000160ef3f0:   000007feebd52cb8 00000000160ef460
0x00000000160ef400:   0000000000000001 000007feebca00f8
0x00000000160ef410:   00000001e06d7363 0000000000000000 

Instructions: (pc=0x000007fefd23a06d)
0x000007fefd23a04d:   54 24 24 48 89 4c 24 28 4d 85 c9 0f 85 6a 03 00
0x000007fefd23a05d:   00 89 4c 24 38 48 8d 4c 24 20 ff 15 33 02 03 00
0x000007fefd23a06d:   48 81 c4 c8 00 00 00 c3 90 90 90 90 90 90 90 90
0x000007fefd23a07d:   90 90 90 48 83 ec 28 65 48 8b 04 25 30 00 00 00 


Register to memory mapping:

RAX=0x000000006209d07b is an unknown value
RBX=0x000007feebd52cb8 is an unknown value
RCX=0x00000000160eed10 is an unknown value
RDX=0x00000000000000d0 is an unknown value
RSP=0x00000000160ef320 is an unknown value
RBP=0x00000000160ef450 is an unknown value
RSI=0x00000000ffffffff is an unallocated location in the heap
RDI=0x00000000175b8240 is an unknown value
R8 =0x0000000000000000 is an unknown value
R9 =0x0000000000000000 is an unknown value
R10=0x000007feebca0000 is an unknown value
R11=0x00000000160ef360 is an unknown value
R12=0x0000000000000001 is an unknown value
R13=0x0000000000000008 is an unknown value
R14=0x0000000000000000 is an unknown value
R15=0xffffffffffffffff is an unknown value


Stack: [0x0000000015ff0000,0x00000000160f0000],  sp=0x00000000160ef320,  free space=1020k
Native frames: (J=compiled Java code, j=interpreted, Vv=VM code, C=native code)
C  [KERNELBASE.dll+0x1a06d]
C  [MSVCR110.dll+0x5e92c]
C  [MSVCR110.dll+0x1315c]
C  [MSVCR110.dll+0x136a9]
C  [MSVCR110.dll+0x13e9c]
C  [MSVCR110.dll+0x239e]
C  [MSVCR110.dll+0xaf9e]
C  [MSVCP110.dll+0x397b9]
C  [librdi_common.dll+0x182316]
C  [librdi_common.dll+0x180fab]
C  [librdi_target_manager.dll+0x2400]
C  [librdi_target_manager.dll+0x2682]
C  [ntdll.dll+0x229b1]
C  [ntdll.dll+0x227c0]
C  [MSVCR100.dll+0x20ccd]
V  [jvm.dll+0x210cc5]
V  [jvm.dll+0x249897]
V  [jvm.dll+0x248b36]
V  [jvm.dll+0x248fd1]
V  [jvm.dll+0x2491ee]
V  [jvm.dll+0x29a0fa]
C  [MSVCR100.dll+0x21d9f]
C  [MSVCR100.dll+0x21e3b]
C  [kernel32.dll+0x159bd]
C  [ntdll.dll+0x2a2e1]

VM_Operation (0x000000000012f4c0): Exit, mode: safepoint, requested by thread 0x0000000002578000


---------------  P R O C E S S  ---------------

Java Threads: ( => current thread )
  0x00000000152ff000 JavaThread "pool-2-thread-1" [_thread_blocked, id=3752, stack(0x0000000027700000,0x0000000027800000)]
  0x00000000152fe800 JavaThread "Thread-51" daemon [_thread_blocked, id=4376, stack(0x0000000027600000,0x0000000027700000)]
  0x0000000016e6a800 JavaThread "TCF Channel Transmitter" daemon [_thread_blocked, id=4668, stack(0x0000000022260000,0x0000000022360000)]
  0x0000000016e6a000 JavaThread "TCF Channel Receiver" daemon [_thread_in_native, id=5536, stack(0x0000000022160000,0x0000000022260000)]
  0x0000000016e69000 JavaThread "Process monitor" daemon [_thread_in_native, id=3128, stack(0x0000000021dc0000,0x0000000021ec0000)]
  0x0000000016e68800 JavaThread "Input Stream Monitor" daemon [_thread_blocked, id=4100, stack(0x0000000021cc0000,0x0000000021dc0000)]
  0x0000000016e67800 JavaThread "Output Stream Monitor" daemon [_thread_in_native, id=3580, stack(0x0000000021bc0000,0x0000000021cc0000)]
  0x0000000016e67000 JavaThread "Output Stream Monitor" daemon [_thread_in_native, id=5992, stack(0x000000001ef60000,0x000000001f060000)]
  0x0000000016e66000 JavaThread "TCF Locator DNS Lookup" daemon [_thread_blocked, id=792, stack(0x0000000021ac0000,0x0000000021bc0000)]
  0x0000000016e65800 JavaThread "TCF Locator Timer" daemon [_thread_blocked, id=2640, stack(0x00000000219c0000,0x0000000021ac0000)]
  0x0000000016e64800 JavaThread "TCF Locator Receiver" daemon [_thread_in_native, id=2196, stack(0x00000000218c0000,0x00000000219c0000)]
  0x0000000016e63000 JavaThread "TCF Timer Dispatcher" daemon [_thread_blocked, id=2700, stack(0x0000000020a20000,0x0000000020b20000)]
  0x0000000016e5e800 JavaThread "EMF Reference Cleaner" daemon [_thread_blocked, id=5072, stack(0x0000000019560000,0x0000000019660000)]
  0x0000000015192000 JavaThread "Service Thread" daemon [_thread_blocked, id=5980, stack(0x00000000168f0000,0x00000000169f0000)]
  0x0000000015129000 JavaThread "C1 CompilerThread3" daemon [_thread_blocked, id=1912, stack(0x00000000167f0000,0x00000000168f0000)]
  0x0000000015104800 JavaThread "C2 CompilerThread2" daemon [_thread_blocked, id=5928, stack(0x00000000166f0000,0x00000000167f0000)]
  0x00000000150fd800 JavaThread "C2 CompilerThread1" daemon [_thread_blocked, id=592, stack(0x00000000165f0000,0x00000000166f0000)]
  0x00000000150f6000 JavaThread "C2 CompilerThread0" daemon [_thread_blocked, id=4124, stack(0x00000000164f0000,0x00000000165f0000)]
  0x00000000150f2800 JavaThread "Attach Listener" daemon [_thread_blocked, id=4128, stack(0x00000000163f0000,0x00000000164f0000)]
  0x0000000013f3f800 JavaThread "Signal Dispatcher" daemon [_thread_blocked, id=4028, stack(0x00000000162f0000,0x00000000163f0000)]
  0x0000000013f30000 JavaThread "Finalizer" daemon [_thread_blocked, id=3840, stack(0x00000000161f0000,0x00000000162f0000)]
  0x0000000013f29800 JavaThread "Reference Handler" daemon [_thread_blocked, id=5372, stack(0x00000000160f0000,0x00000000161f0000)]
  0x0000000002578000 JavaThread "main" [_thread_blocked, id=3792, stack(0x0000000000030000,0x0000000000130000)]

Other Threads:
=>0x00000000150a2800 VMThread [stack: 0x0000000015ff0000,0x00000000160f0000] [id=2788]

VM state:at safepoint (shutting down)

VM Mutex/Monitor currently owned by a thread:  ([mutex/lock_event])
[0x00000000023be530] Threads_lock - owner thread: 0x00000000150a2800

Heap:
 PSYoungGen      total 135680K, used 16371K [0x00000000f5580000, 0x00000000fff00000, 0x0000000100000000)
  eden space 98816K, 11% used [0x00000000f5580000,0x00000000f6042f10,0x00000000fb600000)
  from space 36864K, 14% used [0x00000000fdb00000,0x00000000fe039d68,0x00000000fff00000)
  to   space 37376K, 0% used [0x00000000fb600000,0x00000000fb600000,0x00000000fda80000)
 ParOldGen       total 115200K, used 64432K [0x00000000e0000000, 0x00000000e7080000, 0x00000000f5580000)
  object space 115200K, 55% used [0x00000000e0000000,0x00000000e3eec1a8,0x00000000e7080000)
 Metaspace       used 88402K, capacity 95994K, committed 96168K, reserved 1132544K
  class space    used 10734K, capacity 13176K, committed 13232K, reserved 1048576K

Card table byte_map: [0x0000000011b30000,0x0000000011c40000] byte_map_base: 0x0000000011430000

Marking Bits: (ParMarkBitMap*) 0x00000000661fa5b0
 Begin Bits: [0x0000000012440000, 0x0000000012c40000)
 End Bits:   [0x0000000012c40000, 0x0000000013440000)

Polling page: 0x0000000000220000

CodeCache: size=245760Kb used=36251Kb max_used=36681Kb free=209508Kb
 bounds [0x0000000002770000, 0x0000000004b90000, 0x0000000011770000]
 total_blobs=10765 nmethods=9858 adapters=814
 compilation: enabled

Compilation events (10 events):
Event: 237.761 Thread 0x0000000015129000 12142   !   3       java.util.zip.ZipFile::close (223 bytes)
Event: 237.762 Thread 0x0000000015129000 nmethod 12142 0x0000000002c79f50 code [0x0000000002c7a240, 0x0000000002c7bc48]
Event: 237.762 Thread 0x0000000015129000 12143       3       org.eclipse.osgi.storage.bundlefile.BundleFile::setMruIndex (6 bytes)
Event: 237.762 Thread 0x0000000015129000 nmethod 12143 0x0000000002a659d0 code [0x0000000002a65b20, 0x0000000002a65c70]
Event: 237.763 Thread 0x00000000150fd800 12152       4       org.eclipse.osgi.container.ModuleDatabase::readLock (11 bytes)
Event: 237.763 Thread 0x0000000015129000 12148       3       java.util.concurrent.atomic.AtomicLong::get (5 bytes)
Event: 237.763 Thread 0x0000000015104800 12153       4       org.eclipse.osgi.container.ModuleDatabase::readUnlock (11 bytes)
Event: 237.763 Thread 0x0000000015129000 nmethod 12148 0x0000000003538590 code [0x00000000035386e0, 0x0000000003538830]
Event: 237.764 Thread 0x0000000015129000 12149       3       org.eclipse.osgi.container.Module::holdsTransitionEventLock (25 bytes)
Event: 237.764 Thread 0x0000000015129000 nmethod 12149 0x0000000002f7bb50 code [0x0000000002f7bce0, 0x0000000002f7c408]

GC Heap History (10 events):
Event: 69.525 GC heap before
{Heap before GC invocations=15 (full 3):
 PSYoungGen      total 137216K, used 67445K [0x00000000f5580000, 0x0000000100000000, 0x0000000100000000)
  eden space 110080K, 36% used [0x00000000f5580000,0x00000000f7cea2f8,0x00000000fc100000)
  from space 27136K, 99% used [0x00000000fc100000,0x00000000fdb73140,0x00000000fdb80000)
  to   space 35328K, 0% used [0x00000000fdd80000,0x00000000fdd80000,0x0000000100000000)
 ParOldGen       total 115200K, used 38900K [0x00000000e0000000, 0x00000000e7080000, 0x00000000f5580000)
  object space 115200K, 33% used [0x00000000e0000000,0x00000000e25fd110,0x00000000e7080000)
 Metaspace       used 81028K, capacity 87538K, committed 87720K, reserved 1124352K
  class space    used 9860K, capacity 11927K, committed 11952K, reserved 1048576K
Event: 69.542 GC heap after
Heap after GC invocations=15 (full 3):
 PSYoungGen      total 134144K, used 27570K [0x00000000f5580000, 0x0000000100000000, 0x0000000100000000)
  eden space 98816K, 0% used [0x00000000f5580000,0x00000000f5580000,0x00000000fb600000)
  from space 35328K, 78% used [0x00000000fdd80000,0x00000000ff86ca60,0x0000000100000000)
  to   space 37888K, 0% used [0x00000000fb600000,0x00000000fb600000,0x00000000fdb00000)
 ParOldGen       total 115200K, used 38927K [0x00000000e0000000, 0x00000000e7080000, 0x00000000f5580000)
  object space 115200K, 33% used [0x00000000e0000000,0x00000000e2603d60,0x00000000e7080000)
 Metaspace       used 81028K, capacity 87538K, committed 87720K, reserved 1124352K
  class space    used 9860K, capacity 11927K, committed 11952K, reserved 1048576K
}
Event: 69.542 GC heap before
{Heap before GC invocations=16 (full 4):
 PSYoungGen      total 134144K, used 27570K [0x00000000f5580000, 0x0000000100000000, 0x0000000100000000)
  eden space 98816K, 0% used [0x00000000f5580000,0x00000000f5580000,0x00000000fb600000)
  from space 35328K, 78% used [0x00000000fdd80000,0x00000000ff86ca60,0x0000000100000000)
  to   space 37888K, 0% used [0x00000000fb600000,0x00000000fb600000,0x00000000fdb00000)
 ParOldGen       total 115200K, used 38927K [0x00000000e0000000, 0x00000000e7080000, 0x00000000f5580000)
  object space 115200K, 33% used [0x00000000e0000000,0x00000000e2603d60,0x00000000e7080000)
 Metaspace       used 81028K, capacity 87538K, committed 87720K, reserved 1124352K
  class space    used 9860K, capacity 11927K, committed 11952K, reserved 1048576K
Event: 69.793 GC heap after
Heap after GC invocations=16 (full 4):
 PSYoungGen      total 134144K, used 0K [0x00000000f5580000, 0x0000000100000000, 0x0000000100000000)
  eden space 98816K, 0% used [0x00000000f5580000,0x00000000f5580000,0x00000000fb600000)
  from space 35328K, 0% used [0x00000000fdd80000,0x00000000fdd80000,0x0000000100000000)
  to   space 37888K, 0% used [0x00000000fb600000,0x00000000fb600000,0x00000000fdb00000)
 ParOldGen       total 115200K, used 60438K [0x00000000e0000000, 0x00000000e7080000, 0x00000000f5580000)
  object space 115200K, 52% used [0x00000000e0000000,0x00000000e3b058d8,0x00000000e7080000)
 Metaspace       used 81028K, capacity 87538K, committed 87720K, reserved 1124352K
  class space    used 9860K, capacity 11927K, committed 11952K, reserved 1048576K
}
Event: 129.529 GC heap before
{Heap before GC invocations=17 (full 4):
 PSYoungGen      total 134144K, used 69268K [0x00000000f5580000, 0x0000000100000000, 0x0000000100000000)
  eden space 98816K, 70% used [0x00000000f5580000,0x00000000f9925300,0x00000000fb600000)
  from space 35328K, 0% used [0x00000000fdd80000,0x00000000fdd80000,0x0000000100000000)
  to   space 37888K, 0% used [0x00000000fb600000,0x00000000fb600000,0x00000000fdb00000)
 ParOldGen       total 115200K, used 60438K [0x00000000e0000000, 0x00000000e7080000, 0x00000000f5580000)
  object space 115200K, 52% used [0x00000000e0000000,0x00000000e3b058d8,0x00000000e7080000)
 Metaspace       used 84317K, capacity 91242K, committed 91432K, reserved 1128448K
  class space    used 10237K, capacity 12333K, committed 12336K, reserved 1048576K
Event: 129.535 GC heap after
Heap after GC invocations=17 (full 4):
 PSYoungGen      total 136704K, used 4955K [0x00000000f5580000, 0x0000000100000000, 0x0000000100000000)
  eden space 98816K, 0% used [0x00000000f5580000,0x00000000f5580000,0x00000000fb600000)
  from space 37888K, 13% used [0x00000000fb600000,0x00000000fbad6d18,0x00000000fdb00000)
  to   space 37888K, 0% used [0x00000000fdb00000,0x00000000fdb00000,0x0000000100000000)
 ParOldGen       total 115200K, used 60446K [0x00000000e0000000, 0x00000000e7080000, 0x00000000f5580000)
  object space 115200K, 52% used [0x00000000e0000000,0x00000000e3b078d8,0x00000000e7080000)
 Metaspace       used 84317K, capacity 91242K, committed 91432K, reserved 1128448K
  class space    used 10237K, capacity 12333K, committed 12336K, reserved 1048576K
}
Event: 129.535 GC heap before
{Heap before GC invocations=18 (full 5):
 PSYoungGen      total 136704K, used 4955K [0x00000000f5580000, 0x0000000100000000, 0x0000000100000000)
  eden space 98816K, 0% used [0x00000000f5580000,0x00000000f5580000,0x00000000fb600000)
  from space 37888K, 13% used [0x00000000fb600000,0x00000000fbad6d18,0x00000000fdb00000)
  to   space 37888K, 0% used [0x00000000fdb00000,0x00000000fdb00000,0x0000000100000000)
 ParOldGen       total 115200K, used 60446K [0x00000000e0000000, 0x00000000e7080000, 0x00000000f5580000)
  object space 115200K, 52% used [0x00000000e0000000,0x00000000e3b078d8,0x00000000e7080000)
 Metaspace       used 84317K, capacity 91242K, committed 91432K, reserved 1128448K
  class space    used 10237K, capacity 12333K, committed 12336K, reserved 1048576K
Event: 129.922 GC heap after
Heap after GC invocations=18 (full 5):
 PSYoungGen      total 136704K, used 0K [0x00000000f5580000, 0x0000000100000000, 0x0000000100000000)
  eden space 98816K, 0% used [0x00000000f5580000,0x00000000f5580000,0x00000000fb600000)
  from space 37888K, 0% used [0x00000000fb600000,0x00000000fb600000,0x00000000fdb00000)
  to   space 37888K, 0% used [0x00000000fdb00000,0x00000000fdb00000,0x0000000100000000)
 ParOldGen       total 115200K, used 64424K [0x00000000e0000000, 0x00000000e7080000, 0x00000000f5580000)
  object space 115200K, 55% used [0x00000000e0000000,0x00000000e3eea1a8,0x00000000e7080000)
 Metaspace       used 84317K, capacity 91242K, committed 91432K, reserved 1128448K
  class space    used 10237K, capacity 12333K, committed 12336K, reserved 1048576K
}
Event: 236.936 GC heap before
{Heap before GC invocations=19 (full 5):
 PSYoungGen      total 136704K, used 98816K [0x00000000f5580000, 0x0000000100000000, 0x0000000100000000)
  eden space 98816K, 100% used [0x00000000f5580000,0x00000000fb600000,0x00000000fb600000)
  from space 37888K, 0% used [0x00000000fb600000,0x00000000fb600000,0x00000000fdb00000)
  to   space 37888K, 0% used [0x00000000fdb00000,0x00000000fdb00000,0x0000000100000000)
 ParOldGen       total 115200K, used 64424K [0x00000000e0000000, 0x00000000e7080000, 0x00000000f5580000)
  object space 115200K, 55% used [0x00000000e0000000,0x00000000e3eea1a8,0x00000000e7080000)
 Metaspace       used 88054K, capacity 95606K, committed 95912K, reserved 1132544K
  class space    used 10696K, capacity 13112K, committed 13232K, reserved 1048576K
Event: 236.942 GC heap after
Heap after GC invocations=19 (full 5):
 PSYoungGen      total 135680K, used 5351K [0x00000000f5580000, 0x00000000fff00000, 0x0000000100000000)
  eden space 98816K, 0% used [0x00000000f5580000,0x00000000f5580000,0x00000000fb600000)
  from space 36864K, 14% used [0x00000000fdb00000,0x00000000fe039d68,0x00000000fff00000)
  to   space 37376K, 0% used [0x00000000fb600000,0x00000000fb600000,0x00000000fda80000)
 ParOldGen       total 115200K, used 64432K [0x00000000e0000000, 0x00000000e7080000, 0x00000000f5580000)
  object space 115200K, 55% used [0x00000000e0000000,0x00000000e3eec1a8,0x00000000e7080000)
 Metaspace       used 88054K, capacity 95606K, committed 95912K, reserved 1132544K
  class space    used 10696K, capacity 13112K, committed 13232K, reserved 1048576K
}

Deoptimization events (10 events):
Event: 236.952 Thread 0x000000001f625000 Uncommon trap: reason=class_check action=maybe_recompile pc=0x0000000004b3ad0c method=org.eclipse.e4.core.internal.contexts.TrackableComputationExt.update(Lorg/eclipse/e4/core/internal/contexts/ContextChangeEvent;)Z @ 62
Event: 236.952 Thread 0x000000001f625000 Uncommon trap: reason=class_check action=maybe_recompile pc=0x0000000004b2c278 method=org.eclipse.e4.core.internal.contexts.ContextObjectSupplier$ContextInjectionListener.update(Lorg/eclipse/e4/core/contexts/IEclipseContext;I[Ljava/lang/Object;)Z @ 173
Event: 236.952 Thread 0x000000001f625000 Uncommon trap: reason=class_check action=maybe_recompile pc=0x0000000004b3ad0c method=org.eclipse.e4.core.internal.contexts.TrackableComputationExt.update(Lorg/eclipse/e4/core/internal/contexts/ContextChangeEvent;)Z @ 62
Event: 236.952 Thread 0x000000001f625000 Uncommon trap: reason=class_check action=maybe_recompile pc=0x0000000004b2c278 method=org.eclipse.e4.core.internal.contexts.ContextObjectSupplier$ContextInjectionListener.update(Lorg/eclipse/e4/core/contexts/IEclipseContext;I[Ljava/lang/Object;)Z @ 173
Event: 237.086 Thread 0x00000000152fd800 Uncommon trap: reason=unstable_if action=reinterpret pc=0x00000000028eeea4 method=sun.nio.cs.SingleByte$Encoder.encode(C)I @ 13
Event: 237.086 Thread 0x00000000152fd800 Uncommon trap: reason=unstable_if action=reinterpret pc=0x0000000002ce3170 method=java.lang.Character.isSurrogate(C)Z @ 3
Event: 237.120 Thread 0x000000001f625000 Uncommon trap: reason=unstable_if action=reinterpret pc=0x0000000002cbe3e4 method=org.eclipse.swt.graphics.Resource.dispose()V @ 15
Event: 237.702 Thread 0x000000001f625000 Uncommon trap: reason=unstable_if action=reinterpret pc=0x0000000003683924 method=org.eclipse.osgi.internal.hooks.EclipseLazyStarter.shouldActivateFor(Ljava/lang/String;Lorg/eclipse/osgi/container/Module;Lorg/eclipse/osgi/container/ModuleRevision;Lorg/ecliâ}RÞñ¶m@
Event: 237.717 Thread 0x000000001f625000 Uncommon trap: reason=null_check action=maybe_recompile pc=0x00000000049559e4 method=com.xilinx.sdk.targetmanager.internal.json.XMDJSONProcess.issueCommand(Ljava/lang/String;)Lcom/xilinx/sdk/targetmanager/internal/IXMDResult; @ 3
Event: 237.744 Thread 0x0000000016cf6000 Uncommon trap: reason=unstable_if action=reinterpret pc=0x000000000349cd80 method=org.eclipse.osgi.internal.framework.BundleContextImpl.dispatchEvent(Ljava/lang/Object;Ljava/lang/Object;ILjava/lang/Object;)V @ 16

Internal exceptions (10 events):
Event: 236.629 Thread 0x0000000002578000 Implicit null exception at 0x00000000035386f0 to 0x0000000003538749
Event: 236.944 Thread 0x000000001f625000 Implicit null exception at 0x0000000004b00388 to 0x0000000004b01d31
Event: 236.944 Thread 0x000000001f625000 Implicit null exception at 0x0000000004ad68b8 to 0x0000000004ad8131
Event: 237.085 Thread 0x000000001f629000 Exception <a 'java/lang/InterruptedException'> (0x00000000f587c168) thrown at [C:\re\workspace\8-2-build-windows-amd64-cygwin\jdk8u66\5298\hotspot\src\share\vm\runtime\objectMonitor.cpp, line 1683]
Event: 237.717 Thread 0x000000001f625000 Implicit null exception at 0x0000000004954b27 to 0x00000000049559d5
Event: 237.717 Thread 0x000000001f625000 Exception <a 'java/lang/NullPointerException'> (0x00000000f5b56008) thrown at [C:\re\workspace\8-2-build-windows-amd64-cygwin\jdk8u66\5298\hotspot\src\share\vm\prims\jvm.cpp, line 1390]
Event: 237.744 Thread 0x0000000016e60000 Exception <a 'java/lang/InterruptedException'> (0x00000000f5c90158) thrown at [C:\re\workspace\8-2-build-windows-amd64-cygwin\jdk8u66\5298\hotspot\src\share\vm\runtime\objectMonitor.cpp, line 1683]
Event: 237.759 Thread 0x0000000016cf6000 Exception <a 'java/lang/InterruptedException'> (0x00000000f5c71c90) thrown at [C:\re\workspace\8-2-build-windows-amd64-cygwin\jdk8u66\5298\hotspot\src\share\vm\runtime\objectMonitor.cpp, line 1683]
Event: 237.762 Thread 0x0000000016e60800 Exception <a 'java/lang/InterruptedException'> (0x00000000f5aca3b0) thrown at [C:\re\workspace\8-2-build-windows-amd64-cygwin\jdk8u66\5298\hotspot\src\share\vm\runtime\objectMonitor.cpp, line 1683]
Event: 237.762 Thread 0x000000001771b800 Exception <a 'java/lang/InterruptedException'> (0x00000000f5e74ee0) thrown at [C:\re\workspace\8-2-build-windows-amd64-cygwin\jdk8u66\5298\hotspot\src\share\vm\runtime\objectMonitor.cpp, line 1683]

Events (10 events):
Event: 237.764 loading class java/util/IdentityHashMap$KeyIterator
Event: 237.764 loading class java/util/IdentityHashMap$IdentityHashMapIterator
Event: 237.764 loading class java/util/IdentityHashMap$IdentityHashMapIterator done
Event: 237.764 loading class java/util/IdentityHashMap$KeyIterator done
Event: 237.764 Thread 0x000000001f625000 Thread added: 0x000000001f625000
Event: 237.764 Thread 0x0000000015129000 flushing nmethod 0x00000000045a0110
Event: 237.765 Thread 0x000000001f625000 Thread exited: 0x000000001f625000
Event: 237.765 Thread 0x0000000015129000 flushing nmethod 0x00000000046a14d0
Event: 237.765 Thread 0x0000000015129000 flushing nmethod 0x0000000004722710
Event: 237.765 Executing VM operation: Exit


Dynamic libraries:
0x0000000000400000 - 0x000000000044f000 	C:\Xilinx\SDK\2016.2\eclipse\win64.o\eclipse.exe
0x0000000077410000 - 0x00000000775ba000 	C:\Windows\SYSTEM32\ntdll.dll
0x00000000771f0000 - 0x000000007730f000 	C:\Windows\system32\kernel32.dll
0x000007fefd220000 - 0x000007fefd28a000 	C:\Windows\system32\KERNELBASE.dll
0x0000000077310000 - 0x000000007740a000 	C:\Windows\system32\USER32.dll
0x000007feff5f0000 - 0x000007feff657000 	C:\Windows\system32\GDI32.dll
0x000007feff710000 - 0x000007feff71e000 	C:\Windows\system32\LPK.dll
0x000007fefd600000 - 0x000007fefd6ca000 	C:\Windows\system32\USP10.dll
0x000007feff670000 - 0x000007feff70f000 	C:\Windows\system32\msvcrt.dll
0x000007fefba60000 - 0x000007fefbc54000 	C:\Windows\WinSxS\amd64_microsoft.windows.common-controls_6595b64144ccf1df_6.0.7601.18837_none_fa3b1e3d17594757\COMCTL32.dll
0x000007feff440000 - 0x000007feff4b1000 	C:\Windows\system32\SHLWAPI.dll
0x000007fefd7e0000 - 0x000007fefd80e000 	C:\Windows\system32\IMM32.DLL
0x000007fefd6d0000 - 0x000007fefd7d9000 	C:\Windows\system32\MSCTF.dll
0x0000000072000000 - 0x0000000072012000 	C:\Xilinx\SDK\2016.2\eclipse\win64.o\plugins\org.eclipse.equinox.launcher.win32.win32.x86_64_1.1.300.v20150602-1417\eclipse_1611.dll
0x000007fefe5e0000 - 0x000007fefe6bb000 	C:\Windows\system32\ADVAPI32.dll
0x000007fefd810000 - 0x000007fefd82f000 	C:\Windows\SYSTEM32\sechost.dll
0x000007feff4c0000 - 0x000007feff5ed000 	C:\Windows\system32\RPCRT4.dll
0x000007fefc1e0000 - 0x000007fefc1ec000 	C:\Windows\system32\VERSION.dll
0x000007fefba00000 - 0x000007fefba56000 	C:\Windows\system32\UxTheme.dll
0x00000000659f0000 - 0x0000000066279000 	C:\Xilinx\SDK\2016.2\tps\win64\jre\bin\server\jvm.dll
0x000007fef7ce0000 - 0x000007fef7ce9000 	C:\Windows\system32\WSOCK32.dll
0x000007fefd5b0000 - 0x000007fefd5fd000 	C:\Windows\system32\WS2_32.dll
0x000007feff660000 - 0x000007feff668000 	C:\Windows\system32\NSI.dll
0x000007fefaa70000 - 0x000007fefaaab000 	C:\Windows\system32\WINMM.dll
0x00000000775d0000 - 0x00000000775d7000 	C:\Windows\system32\PSAPI.DLL
0x0000000072c50000 - 0x0000000072d22000 	C:\Windows\system32\MSVCR100.dll
0x0000000073940000 - 0x000000007394f000 	C:\Xilinx\SDK\2016.2\tps\win64\jre\bin\verify.dll
0x000000006cdc0000 - 0x000000006cde9000 	C:\Xilinx\SDK\2016.2\tps\win64\jre\bin\java.dll
0x000000006ce00000 - 0x000000006ce16000 	C:\Xilinx\SDK\2016.2\tps\win64\jre\bin\zip.dll
0x000007fefd830000 - 0x000007fefe5b9000 	C:\Windows\system32\SHELL32.dll
0x000007fefe6c0000 - 0x000007fefe8c3000 	C:\Windows\system32\ole32.dll
0x000007fefd160000 - 0x000007fefd16f000 	C:\Windows\system32\profapi.dll
0x000007fefc950000 - 0x000007fefc968000 	C:\Windows\system32\CRYPTSP.dll
0x000007fefc650000 - 0x000007fefc697000 	C:\Windows\system32\rsaenh.dll
0x000007fefd340000 - 0x000007fefd35e000 	C:\Windows\system32\USERENV.dll
0x000007fefcfb0000 - 0x000007fefcfbf000 	C:\Windows\system32\CRYPTBASE.dll
0x000000006f740000 - 0x000000006f75a000 	C:\Xilinx\SDK\2016.2\tps\win64\jre\bin\net.dll
0x000007fefc8f0000 - 0x000007fefc945000 	C:\Windows\system32\mswsock.dll
0x000007fefc8e0000 - 0x000007fefc8e7000 	C:\Windows\System32\wship6.dll
0x000007fefa460000 - 0x000007fefa487000 	C:\Windows\system32\IPHLPAPI.DLL
0x000007fefa450000 - 0x000007fefa45b000 	C:\Windows\system32\WINNSI.DLL
0x000007fef9660000 - 0x000007fef9671000 	C:\Windows\system32\dhcpcsvc6.DLL
0x000007fef9640000 - 0x000007fef9658000 	C:\Windows\system32\dhcpcsvc.DLL
0x000000006cda0000 - 0x000000006cdb1000 	C:\Xilinx\SDK\2016.2\tps\win64\jre\bin\nio.dll
0x000007fefa6f0000 - 0x000007fefa705000 	C:\Windows\system32\NLAapi.dll
0x000007fef91c0000 - 0x000007fef91d5000 	C:\Windows\system32\napinsp.dll
0x000007fef91e0000 - 0x000007fef91f9000 	C:\Windows\system32\pnrpnsp.dll
0x000007fefc770000 - 0x000007fefc7cb000 	C:\Windows\system32\DNSAPI.dll
0x000007fef91b0000 - 0x000007fef91bb000 	C:\Windows\System32\winrnr.dll
0x000007fefc2b0000 - 0x000007fefc2b7000 	C:\Windows\System32\wshtcpip.dll
0x000007fef9240000 - 0x000007fef9248000 	C:\Windows\system32\rasadhlp.dll
0x000007fef96f0000 - 0x000007fef9743000 	C:\Windows\System32\fwpuclnt.dll
0x0000000019860000 - 0x0000000019908000 	C:\Users\tabrizim\.Xilinx\SDK\2016.2\org.eclipse.osgi\312\0\.cp\swt-win32-4527.dll
0x000007fefef10000 - 0x000007fefefe8000 	C:\Windows\system32\OLEAUT32.dll
0x000007feff3a0000 - 0x000007feff437000 	C:\Windows\system32\comdlg32.dll
0x000007fef67b0000 - 0x000007fef6821000 	C:\Windows\system32\WINSPOOL.DRV
0x000007feff070000 - 0x000007feff335000 	C:\Windows\system32\WININET.dll
0x000007fefd2f0000 - 0x000007fefd2f4000 	C:\Windows\system32\api-ms-win-downlevel-user32-l1-1-0.dll
0x000007fefd170000 - 0x000007fefd174000 	C:\Windows\system32\api-ms-win-downlevel-shlwapi-l1-1-0.dll
0x000007fefd2a0000 - 0x000007fefd2a4000 	C:\Windows\system32\api-ms-win-downlevel-version-l1-1-0.dll
0x000007fefd4e0000 - 0x000007fefd4e3000 	C:\Windows\system32\api-ms-win-downlevel-normaliz-l1-1-0.dll
0x00000000775e0000 - 0x00000000775e3000 	C:\Windows\system32\normaliz.DLL
0x000007fefec40000 - 0x000007fefef09000 	C:\Windows\system32\iertutil.dll
0x000007fefd290000 - 0x000007fefd295000 	C:\Windows\system32\api-ms-win-downlevel-advapi32-l1-1-0.dll
0x000007fefd370000 - 0x000007fefd4dd000 	C:\Windows\system32\CRYPT32.dll
0x000007fefd150000 - 0x000007fefd15f000 	C:\Windows\system32\MSASN1.dll
0x000007fefb4d0000 - 0x000007fefb5fc000 	C:\Windows\system32\propsys.dll
0x000007fefd510000 - 0x000007fefd5a9000 	C:\Windows\system32\CLBCatQ.DLL
0x00000000003a0000 - 0x00000000003be000 	C:\Users\tabrizim\.Xilinx\SDK\2016.2\org.eclipse.osgi\312\0\.cp\swt-gdip-win32-4527.dll
0x000007fefb7e0000 - 0x000007fefb9f6000 	C:\Windows\WinSxS\amd64_microsoft.windows.gdiplus_6595b64144ccf1df_1.1.7601.23508_none_145555328b95eaaa\gdiplus.dll
0x000007fefb300000 - 0x000007fefb461000 	C:\Windows\system32\WindowsCodecs.dll
0x0000000180000000 - 0x0000000180012000 	C:\Users\tabrizim\.Xilinx\SDK\2016.2\org.eclipse.osgi\126\0\.cp\os\win32\x86_64\localfile_1_0_0.dll
0x000007fef1e90000 - 0x000007fef1ee4000 	C:\Windows\system32\oleacc.dll
0x000007fef9680000 - 0x000007fef9687000 	C:\Windows\system32\msimg32.dll
0x000007fefd0a0000 - 0x000007fefd0b4000 	C:\Windows\system32\RpcRtRemote.dll
0x000007fefcf50000 - 0x000007fefcfa7000 	C:\Windows\system32\apphelp.dll
0x000007fefa090000 - 0x000007fefa09f000 	C:\Xilinx\SDK\2016.2\lib\win64.o\librdi_repo_manager.dll
0x000007fec3ec0000 - 0x000007fec3eea000 	C:\Xilinx\SDK\2016.2\lib\win64.o\libisl_sysinfo.dll
0x000007feebca0000 - 0x000007feebd74000 	C:\Windows\system32\MSVCR110.dll
0x000007feebbf0000 - 0x000007feebc97000 	C:\Windows\system32\MSVCP110.dll
0x000007fec0e90000 - 0x000007fec18d0000 	C:\Xilinx\SDK\2016.2\lib\win64.o\librdi_common.dll
0x000007fec3b50000 - 0x000007fec3ebe000 	C:\Xilinx\SDK\2016.2\lib\win64.o\libCOIN-all.dll
0x000007fec3930000 - 0x000007fec3b4f000 	C:\Xilinx\SDK\2016.2\lib\win64.o\libXil_lmgr11.dll
0x000007fefb1c0000 - 0x000007fefb1d6000 	C:\Windows\system32\NETAPI32.dll
0x000007fefc580000 - 0x000007fefc58c000 	C:\Windows\system32\netutils.dll
0x000007fefcb60000 - 0x000007fefcb83000 	C:\Windows\system32\srvcli.dll
0x000007fefb1a0000 - 0x000007fefb1b5000 	C:\Windows\system32\wkscli.dll
0x000007fefd300000 - 0x000007fefd33b000 	C:\Windows\system32\WINTRUST.dll
0x000007fef7c30000 - 0x000007fef7c40000 	C:\Xilinx\SDK\2016.2\lib\win64.o\libboost_date_time.dll
0x000007fec2050000 - 0x000007fec2074000 	C:\Xilinx\SDK\2016.2\lib\win64.o\libboost_filesystem.dll
0x000007fef7b80000 - 0x000007fef7b89000 	C:\Xilinx\SDK\2016.2\lib\win64.o\libboost_system.dll
0x000007fec1fd0000 - 0x000007fec2047000 	C:\Xilinx\SDK\2016.2\lib\win64.o\libboost_program_options.dll
0x000007fec1ec0000 - 0x000007fec1fc6000 	C:\Xilinx\SDK\2016.2\lib\win64.o\libboost_regex.dll
0x000007fec1ea0000 - 0x000007fec1eb3000 	C:\Xilinx\SDK\2016.2\lib\win64.o\libboost_signals.dll
0x000007fec3f10000 - 0x000007fec3f2d000 	C:\Xilinx\SDK\2016.2\lib\win64.o\libboost_thread.dll
0x000007fef5e20000 - 0x000007fef5e2b000 	C:\Xilinx\SDK\2016.2\lib\win64.o\libboost_chrono.dll
0x000007fef7380000 - 0x000007fef738b000 	C:\Xilinx\SDK\2016.2\lib\win64.o\libboost_xilinx.dll
0x000007fec1e20000 - 0x000007fec1ea0000 	C:\Xilinx\SDK\2016.2\lib\win64.o\libhdlpsolve.dll
0x000007fec1d80000 - 0x000007fec1e1a000 	C:\Xilinx\SDK\2016.2\lib\win64.o\libhdxml.dll
0x000007fec1910000 - 0x000007fec1d75e00 	C:\Xilinx\SDK\2016.2\lib\win64.o\libisl_iostreams.dll
0x000007fec18f0000 - 0x000007fec1906000 	C:\Xilinx\SDK\2016.2\lib\win64.o\libboost_iostreams.dll
0x000007fec0e60000 - 0x000007fec0e83000 	C:\Xilinx\SDK\2016.2\lib\win64.o\librdizlib.dll
0x000007fec0e30000 - 0x000007fec0e53000 	C:\Xilinx\SDK\2016.2\lib\win64.o\libisl_iosutils.dll
0x000007fec0e10000 - 0x000007fec0e25000 	C:\Xilinx\SDK\2016.2\lib\win64.o\pthreadVC2.dll
0x000007fec0db0000 - 0x000007fec0e04000 	C:\Xilinx\SDK\2016.2\lib\win64.o\librdi_commonxillic.dll
0x000007fec0c80000 - 0x000007fec0db0000 	C:\Xilinx\SDK\2016.2\lib\win64.o\librdi_curl.dll
0x000007fec0c60000 - 0x000007fec0c78000 	C:\Xilinx\SDK\2016.2\lib\win64.o\librdiconfig.dll
0x00000000655c0000 - 0x00000000656e7000 	C:\Xilinx\SDK\2016.2\lib\win64.o\tcl85t.dll
0x0000000021ef0000 - 0x0000000022153000 	C:\Xilinx\SDK\2016.2\lib\win64.o\xerces-c_3_1.dll
0x000007fef8ce0000 - 0x000007fef8d51000 	C:\Windows\system32\WINHTTP.dll
0x000007fef8c30000 - 0x000007fef8c94000 	C:\Windows\system32\webio.dll
0x000007fefe8d0000 - 0x000007fefea56000 	C:\Windows\system32\urlmon.dll
0x000007fefd360000 - 0x000007fefd364000 	C:\Windows\system32\api-ms-win-downlevel-ole32-l1-1-0.dll
0x000007feee040000 - 0x000007feee063000 	C:\Windows\system32\VCOMP110.DLL
0x000007fec0a60000 - 0x000007fec0c52000 	C:\Xilinx\SDK\2016.2\lib\win64.o\librdi_hsm.dll
0x000007fec0a10000 - 0x000007fec0a53000 	C:\Xilinx\SDK\2016.2\lib\win64.o\librdi_hdf.dll
0x000007fec0780000 - 0x000007fec0a01000 	C:\Xilinx\SDK\2016.2\lib\win64.o\librdi_ippcw.dll
0x000007fec0760000 - 0x000007fec0771000 	C:\Users\tabrizim\.Xilinx\SDK\2016.2\org.eclipse.osgi\129\0\.cp\jWinHttp-1.0.0.dll
0x000007fefcf20000 - 0x000007fefcf45000 	C:\Windows\system32\SspiCli.dll
0x000007fefc510000 - 0x000007fefc51a000 	C:\Windows\system32\credssp.dll
0x000007fefd2b0000 - 0x000007fefd2e6000 	C:\Windows\system32\CFGMGR32.dll
0x000007fec18d0000 - 0x000007fec18e6000 	C:\Xilinx\SDK\2016.2\eclipse\win64.o\plugins\org.eclipse.cdt.core.win32.x86_64_5.4.0.201509131935\os\win32\x86_64\spawner.dll
0x0000000071100000 - 0x0000000071125000 	C:\Users\tabrizim\.jssc\windows\jSSC-2.8_x86_64.dll
0x0000000071080000 - 0x00000000710a6000 	C:\Xilinx\SDK\2016.2\eclipse\win64.o\plugins\gnu.io.rxtx.win32.x86_64_2.1.7.3_v20071015\os\win32\x86_64\rxtxSerial.dll
0x000007feee030000 - 0x000007feee03a000 	C:\Xilinx\SDK\2016.2\lib\win64.o\librdi_jtag_settings.dll
0x000007febf970000 - 0x000007febf999000 	C:\Xilinx\SDK\2016.2\lib\win64.o\librdi_debug_dialog.dll
0x000007fef5910000 - 0x000007fef5918000 	C:\Xilinx\SDK\2016.2\lib\win64.o\librdi_target_manager.dll
0x000007fef78d0000 - 0x000007fef78e8000 	C:\Windows\system32\MPR.dll

VM Arguments:
jvm_args: -Dcom.xilinx.sdk.args.hwspec=W:/video_demo/NexysVideo-master/Projects/hdmi/proj/hdmi.sdk/hdmi_wrapper.hdf -Xms64m -Xmx512m & 
java_command: <unknown>
java_class_path (initial): C:\Xilinx\SDK\2016.2\eclipse\win64.o\\plugins/org.eclipse.equinox.launcher_1.3.100.v20150511-1540.jar
Launcher Type: generic

Environment Variables:
PATH=C:/Xilinx/SDK/2016.2/tps/win64/jre/bin/server;C:/Xilinx/SDK/2016.2/tps/win64/jre/bin;C:/Xilinx/SDK/2016.2/tps/win64/jre/lib/amd64;C:\Xilinx\SDK\2016.2\gnuwin\bin;C:\Xilinx\SDK\2016.2\gnu\microblaze\nt\bin;C:\Xilinx\SDK\2016.2\gnu\microblaze\linux_toolchain\nt64_le\bin;C:\Xilinx\SDK\2016.2\gnu\microblaze\linux_toolchain\nt64_be\bin;C:\Xilinx\SDK\2016.2\gnu\arm\nt\bin;C:\Xilinx\SDK\2016.2\gnu\aarch64\nt\aarch64-none\bin;C:\Xilinx\SDK\2016.2\gnu\aarch64\nt\aarch64-linux\bin;C:\Xilinx\SDK\2016.2\gnu\armr5\nt\gcc-arm-none-eabi\bin;C:\Xilinx\SDK\2016.2\gnu\aarch32\nt\gcc-arm-none-eabi\bin;C:\Xilinx\SDK\2016.2\gnu\aarch32\nt\gcc-arm-linux-gnueabi\bin;C:\Xilinx\SDK\2016.2\tps\win64\cmake-3.3.2\bin;;C:\Xilinx\SDK\2016.2\bin;C:\Xilinx\SDK\2016.2\lib\win64.o;C:\Xilinx\SDK\2016.2\tps\win64\jre\bin\server;C:\Xilinx\SDK\2016.2\tps\win64\jre\bin;C:\Xilinx\Vivado\2016.2\ids_lite\ISE\bin\nt64;C:\Xilinx\Vivado\2016.2\ids_lite\ISE\lib\nt64;C:\Xilinx\Vivado\2016.2\bin;C:\Xilinx\Vivado\2016.2\lib\win64.o;C:\Xilinx\Vivado\2016.2\tps\win64\jre\bin\server;C:\Xilinx\Vivado\2016.2\tps\win64\jre\bin;C:\Xilinx\Vivado_HLS\2016.2\bin;C:\Windows\system32;C:\Windows;C:\Windows\System32\Wbem;C:\Windows\System32\WindowsPowerShell\v1.0\;C:\Program Files (x86)\Java\jre6\bin;C:\Program Files (x86)\eclipse;C:\altera\16.0\quartus\bin64;c:\altera\16.0\quartus\bin64\jre64\bin;w:\video_demo\NexysVideo-master\Projects\hdmi\proj;
USERNAME=tabrizim
OS=Windows_NT
PROCESSOR_IDENTIFIER=Intel64 Family 6 Model 60 Stepping 3, GenuineIntel



---------------  S Y S T E M  ---------------

OS: Windows 7 , 64 bit Build 7601 (6.1.7601.23418)

CPU:total 8 (4 cores per cpu, 2 threads per core) family 6 model 60 stepping 3, cmov, cx8, fxsr, mmx, sse, sse2, sse3, ssse3, sse4.1, sse4.2, popcnt, avx, avx2, aes, clmul, erms, lzcnt, ht, tsc, tscinvbit, bmi1, bmi2

Memory: 4k page, physical 16683160k(13088748k free), swap 33364460k(29467660k free)

vm_info: Java HotSpot(TM) 64-Bit Server VM (25.66-b18) for windows-amd64 JRE (1.8.0_66-b18), built on Nov  9 2015 10:51:13 by "java_re" with MS VC++ 10.0 (VS2010)

time: Thu Mar 09 15:34:20 2017
elapsed time: 238 seconds (0d 0h 3m 58s)

