#
# A fatal error has been detected by the Java Runtime Environment:
#
#  Internal Error (0xc000000d), pid=3976, tid=1752
#
# JRE version: Java(TM) SE Runtime Environment (8.0_66-b18) (build 1.8.0_66-b18)
# Java VM: Java HotSpot(TM) 64-Bit Server VM (25.66-b18 mixed mode windows-amd64 compressed oops)
# Problematic frame:
# C  [ntdll.dll+0x96b4f]
#
# Failed to write core dump. Minidumps are not enabled by default on client versions of Windows
#
# If you would like to submit a bug report, please visit:
#   http://bugreport.java.com/bugreport/crash.jsp
#

---------------  T H R E A D  ---------------

Current thread (0x0000000014fe2800):  VMThread [stack: 0x0000000015f30000,0x0000000016030000] [id=1752]

siginfo: ExceptionCode=0xc000000d

Registers:
RAX=0x0000000063a80a34, RBX=0x0000000000000000, RCX=0x000000001602ef10, RDX=0x0000000000000000
RSP=0x000000001602f520, RBP=0x0000000017517fa0, RSI=0x000007feebc07408, RDI=0x000000001602f668
R8 =0x0000000000000000, R9 =0x0000000000000000, R10=0x0000000000000000, R11=0x0000000000000246
R12=0x00000000174def80, R13=0x00000000174def50, R14=0x00000000175180a8, R15=0x0000000000000000
RIP=0x0000000077326b4f, EFLAGS=0x0000000000000202

Top of Stack: (sp=0x000000001602f520)
0x000000001602f520:   0000000000000000 000007feebc07408
0x000000001602f530:   000000001602f668 0000000000000000
0x000000001602f540:   0000000000000050 0000000000240000
0x000000001602f550:   0000000000000000 0000000000000000
0x000000001602f560:   0000000000000002 00000000772ddb18
0x000000001602f570:   00000000c000000d 0000000000000000
0x000000001602f580:   0000000077326b4f 0000000000000000
0x000000001602f590:   0000000000000000 0000000000000000
0x000000001602f5a0:   0000000000000000 0000000000000000
0x000000001602f5b0:   0000000000000000 0000000000000000
0x000000001602f5c0:   0000000000000000 0000000000000000
0x000000001602f5d0:   0000000000000000 0000000000000000
0x000000001602f5e0:   0000000000000000 0000000000000000
0x000000001602f5f0:   0000000000000000 0000000000000000
0x000000001602f600:   0000000000000000 00000000174def80
0x000000001602f610:   0000000000000bd8 00000000770b3458 

Instructions: (pc=0x0000000077326b4f)
0x0000000077326b2f:   cd 6b fb ff b9 57 00 00 00 c7 44 24 50 0d 00 00
0x0000000077326b3f:   c0 e8 bb 6e fb ff 48 8d 4c 24 50 e8 31 1d f8 ff
0x0000000077326b4f:   4c 8b 1d 82 68 09 00 4d 85 db 74 5b 65 48 8b 04
0x0000000077326b5f:   25 30 00 00 00 f6 80 ee 17 00 00 08 74 12 65 48 


Register to memory mapping:

RAX=0x0000000063a80a34 is an unknown value
RBX=0x0000000000000000 is an unknown value
RCX=0x000000001602ef10 is an unknown value
RDX=0x0000000000000000 is an unknown value
RSP=0x000000001602f520 is an unknown value
RBP=0x0000000017517fa0 is an unknown value
RSI=0x000007feebc07408 is an unknown value
RDI=0x000000001602f668 is an unknown value
R8 =0x0000000000000000 is an unknown value
R9 =0x0000000000000000 is an unknown value
R10=0x0000000000000000 is an unknown value
R11=0x0000000000000246 is an unknown value
R12=0x00000000174def80 is an unknown value
R13=0x00000000174def50 is an unknown value
R14=0x00000000175180a8 is an unknown value
R15=0x0000000000000000 is an unknown value


Stack: [0x0000000015f30000,0x0000000016030000],  sp=0x000000001602f520,  free space=1021k
Native frames: (J=compiled Java code, j=interpreted, Vv=VM code, C=native code)
C  [ntdll.dll+0x96b4f]
C  [kernel32.dll+0x43458]
C  [MSVCR110.dll+0x752d]
C  [MSVCR110.dll+0x73c6]
C  [MSVCR110.dll+0x14cca]
C  [MSVCR110.dll+0x13edc]
C  [MSVCR110.dll+0x239e]
C  [MSVCR110.dll+0xaf9e]
C  [MSVCP110.dll+0x397b9]
C  [librdi_common.dll+0x182316]
C  [librdi_common.dll+0x180fab]
C  [librdi_target_manager.dll+0x2400]
C  [librdi_target_manager.dll+0x2682]
C  [ntdll.dll+0x229b1]
C  [ntdll.dll+0x227c0]
C  [MSVCR100.dll+0x20ccd]
V  [jvm.dll+0x210cc5]
V  [jvm.dll+0x249897]
V  [jvm.dll+0x248b36]
V  [jvm.dll+0x248fd1]
V  [jvm.dll+0x2491ee]
V  [jvm.dll+0x29a0fa]
C  [MSVCR100.dll+0x21d9f]
C  [MSVCR100.dll+0x21e3b]
C  [kernel32.dll+0x159bd]
C  [ntdll.dll+0x2a2e1]

VM_Operation (0x000000000012f4c0): Exit, mode: safepoint, requested by thread 0x0000000002398000


---------------  P R O C E S S  ---------------

Java Threads: ( => current thread )
  0x000000001afae000 JavaThread "pool-2-thread-1" [_thread_blocked, id=4604, stack(0x000000001f1c0000,0x000000001f2c0000)]
  0x0000000018a1c800 JavaThread "Thread-41" daemon [_thread_blocked, id=4972, stack(0x0000000026370000,0x0000000026470000)]
  0x000000001afb7000 JavaThread "TCF Channel Transmitter" daemon [_thread_blocked, id=4316, stack(0x0000000023210000,0x0000000023310000)]
  0x000000001afb6800 JavaThread "TCF Channel Receiver" daemon [_thread_in_native, id=4312, stack(0x0000000023110000,0x0000000023210000)]
  0x000000001afb5800 JavaThread "Process monitor" daemon [_thread_in_native, id=4204, stack(0x0000000021f70000,0x0000000022070000)]
  0x000000001afb5000 JavaThread "Input Stream Monitor" daemon [_thread_blocked, id=4200, stack(0x0000000021e70000,0x0000000021f70000)]
  0x000000001afb4000 JavaThread "Output Stream Monitor" daemon [_thread_in_native, id=4196, stack(0x0000000021d70000,0x0000000021e70000)]
  0x000000001afb3800 JavaThread "Output Stream Monitor" daemon [_thread_in_native, id=4192, stack(0x0000000021c70000,0x0000000021d70000)]
  0x000000001afb2800 JavaThread "TCF Locator DNS Lookup" daemon [_thread_blocked, id=4124, stack(0x0000000021b70000,0x0000000021c70000)]
  0x000000001afb2000 JavaThread "TCF Locator Timer" daemon [_thread_blocked, id=4120, stack(0x0000000021a70000,0x0000000021b70000)]
  0x000000001afb1000 JavaThread "TCF Locator Receiver" daemon [_thread_in_native, id=4116, stack(0x0000000021640000,0x0000000021740000)]
  0x000000001afaf800 JavaThread "TCF Timer Dispatcher" daemon [_thread_blocked, id=4108, stack(0x00000000213f0000,0x00000000214f0000)]
  0x000000001afab000 JavaThread "EMF Reference Cleaner" daemon [_thread_blocked, id=3916, stack(0x000000001c910000,0x000000001ca10000)]
  0x000000001509c800 JavaThread "Service Thread" daemon [_thread_blocked, id=2304, stack(0x0000000016830000,0x0000000016930000)]
  0x0000000015049800 JavaThread "C1 CompilerThread3" daemon [_thread_blocked, id=3352, stack(0x0000000016730000,0x0000000016830000)]
  0x000000001503c800 JavaThread "C2 CompilerThread2" daemon [_thread_blocked, id=2620, stack(0x0000000016630000,0x0000000016730000)]
  0x0000000015039000 JavaThread "C2 CompilerThread1" daemon [_thread_blocked, id=3132, stack(0x0000000016530000,0x0000000016630000)]
  0x0000000015035000 JavaThread "C2 CompilerThread0" daemon [_thread_blocked, id=2148, stack(0x0000000016430000,0x0000000016530000)]
  0x000000001502d800 JavaThread "Attach Listener" daemon [_thread_blocked, id=852, stack(0x0000000016330000,0x0000000016430000)]
  0x000000001502c000 JavaThread "Signal Dispatcher" daemon [_thread_blocked, id=1132, stack(0x0000000016230000,0x0000000016330000)]
  0x0000000013e6b000 JavaThread "Finalizer" daemon [_thread_blocked, id=3716, stack(0x0000000016130000,0x0000000016230000)]
  0x0000000013e64000 JavaThread "Reference Handler" daemon [_thread_blocked, id=3256, stack(0x0000000016030000,0x0000000016130000)]
  0x0000000002398000 JavaThread "main" [_thread_blocked, id=1108, stack(0x0000000000030000,0x0000000000130000)]

Other Threads:
=>0x0000000014fe2800 VMThread [stack: 0x0000000015f30000,0x0000000016030000] [id=1752]

VM state:at safepoint (shutting down)

VM Mutex/Monitor currently owned by a thread:  ([mutex/lock_event])
[0x000000000061e560] Threads_lock - owner thread: 0x0000000014fe2800

Heap:
 PSYoungGen      total 136704K, used 120516K [0x00000000f5580000, 0x0000000100000000, 0x0000000100000000)
  eden space 119296K, 86% used [0x00000000f5580000,0x00000000fba45370,0x00000000fca00000)
  from space 17408K, 99% used [0x00000000fca00000,0x00000000fdaec010,0x00000000fdb00000)
  to   space 28160K, 0% used [0x00000000fe480000,0x00000000fe480000,0x0000000100000000)
 ParOldGen       total 107520K, used 48003K [0x00000000e0000000, 0x00000000e6900000, 0x00000000f5580000)
  object space 107520K, 44% used [0x00000000e0000000,0x00000000e2ee0d20,0x00000000e6900000)
 Metaspace       used 79260K, capacity 86498K, committed 86616K, reserved 1124352K
  class space    used 9420K, capacity 11832K, committed 11904K, reserved 1048576K

Card table byte_map: [0x0000000002570000,0x0000000002680000] byte_map_base: 0x0000000001e70000

Marking Bits: (ParMarkBitMap*) 0x000000006a6aa5b0
 Begin Bits: [0x0000000012380000, 0x0000000012b80000)
 End Bits:   [0x0000000012b80000, 0x0000000013380000)

Polling page: 0x0000000000220000

CodeCache: size=245760Kb used=31179Kb max_used=31278Kb free=214580Kb
 bounds [0x00000000027c0000, 0x0000000004690000, 0x00000000117c0000]
 total_blobs=9269 nmethods=8386 adapters=790
 compilation: enabled

Compilation events (10 events):
Event: 499.414 Thread 0x0000000015049800 nmethod 10642 0x0000000003cdc710 code [0x0000000003cdc8a0, 0x0000000003cdcee8]
Event: 499.415 Thread 0x0000000015049800 10640       3       org.eclipse.osgi.container.Module::holdsTransitionEventLock (25 bytes)
Event: 499.415 Thread 0x0000000015049800 nmethod 10640 0x0000000003331990 code [0x0000000003331b20, 0x0000000003332248]
Event: 499.415 Thread 0x0000000015049800 10643   !   3       org.eclipse.osgi.storage.ManifestLocalization::clearCache (28 bytes)
Event: 499.415 Thread 0x0000000015049800 nmethod 10643 0x00000000042b84d0 code [0x00000000042b8640, 0x00000000042b8a28]
Event: 499.415 Thread 0x0000000015049800 10644       3       org.eclipse.osgi.container.ModuleWiring::unload (6 bytes)
Event: 499.415 Thread 0x0000000015049800 nmethod 10644 0x0000000003cdc350 code [0x0000000003cdc4c0, 0x0000000003cdc648]
Event: 499.415 Thread 0x0000000015049800 10641       3       org.eclipse.osgi.internal.loader.ModuleClassLoader::close (8 bytes)
Event: 499.415 Thread 0x0000000015049800 nmethod 10641 0x0000000004281690 code [0x0000000004281800, 0x0000000004281a58]
Event: 499.422 Thread 0x000000001503c800 nmethod 10632 0x0000000004614610 code [0x0000000004614820, 0x00000000046158d0]

GC Heap History (10 events):
Event: 22.002 GC heap before
{Heap before GC invocations=19 (full 3):
 PSYoungGen      total 147968K, used 18423K [0x00000000f5580000, 0x0000000100000000, 0x0000000100000000)
  eden space 129536K, 0% used [0x00000000f5580000,0x00000000f5580000,0x00000000fd400000)
  from space 18432K, 99% used [0x00000000fee00000,0x00000000ffffdc10,0x0000000100000000)
  to   space 22528K, 0% used [0x00000000fd400000,0x00000000fd400000,0x00000000fea00000)
 ParOldGen       total 69632K, used 36738K [0x00000000e0000000, 0x00000000e4400000, 0x00000000f5580000)
  object space 69632K, 52% used [0x00000000e0000000,0x00000000e23e0a18,0x00000000e4400000)
 Metaspace       used 38403K, capacity 41556K, committed 41600K, reserved 1085440K
  class space    used 4532K, capacity 5632K, committed 5632K, reserved 1048576K
Event: 22.149 GC heap after
Heap after GC invocations=19 (full 3):
 PSYoungGen      total 147968K, used 0K [0x00000000f5580000, 0x0000000100000000, 0x0000000100000000)
  eden space 129536K, 0% used [0x00000000f5580000,0x00000000f5580000,0x00000000fd400000)
  from space 18432K, 0% used [0x00000000fee00000,0x00000000fee00000,0x0000000100000000)
  to   space 22528K, 0% used [0x00000000fd400000,0x00000000fd400000,0x00000000fea00000)
 ParOldGen       total 92160K, used 46484K [0x00000000e0000000, 0x00000000e5a00000, 0x00000000f5580000)
  object space 92160K, 50% used [0x00000000e0000000,0x00000000e2d65060,0x00000000e5a00000)
 Metaspace       used 38403K, capacity 41556K, committed 41600K, reserved 1085440K
  class space    used 4532K, capacity 5632K, committed 5632K, reserved 1048576K
}
Event: 33.686 GC heap before
{Heap before GC invocations=20 (full 3):
 PSYoungGen      total 147968K, used 129536K [0x00000000f5580000, 0x0000000100000000, 0x0000000100000000)
  eden space 129536K, 100% used [0x00000000f5580000,0x00000000fd400000,0x00000000fd400000)
  from space 18432K, 0% used [0x00000000fee00000,0x00000000fee00000,0x0000000100000000)
  to   space 22528K, 0% used [0x00000000fd400000,0x00000000fd400000,0x00000000fea00000)
 ParOldGen       total 92160K, used 46484K [0x00000000e0000000, 0x00000000e5a00000, 0x00000000f5580000)
  object space 92160K, 50% used [0x00000000e0000000,0x00000000e2d65060,0x00000000e5a00000)
 Metaspace       used 60962K, capacity 66922K, committed 67072K, reserved 1107968K
  class space    used 7260K, capacity 9103K, committed 9216K, reserved 1048576K
Event: 33.702 GC heap after
Heap after GC invocations=20 (full 3):
 PSYoungGen      total 152064K, used 22503K [0x00000000f5580000, 0x0000000100000000, 0x0000000100000000)
  eden space 129536K, 0% used [0x00000000f5580000,0x00000000f5580000,0x00000000fd400000)
  from space 22528K, 99% used [0x00000000fd400000,0x00000000fe9f9c58,0x00000000fea00000)
  to   space 22528K, 0% used [0x00000000fea00000,0x00000000fea00000,0x0000000100000000)
 ParOldGen       total 92160K, used 51488K [0x00000000e0000000, 0x00000000e5a00000, 0x00000000f5580000)
  object space 92160K, 55% used [0x00000000e0000000,0x00000000e3248360,0x00000000e5a00000)
 Metaspace       used 60962K, capacity 66922K, committed 67072K, reserved 1107968K
  class space    used 7260K, capacity 9103K, committed 9216K, reserved 1048576K
}
Event: 34.425 GC heap before
{Heap before GC invocations=21 (full 3):
 PSYoungGen      total 152064K, used 53852K [0x00000000f5580000, 0x0000000100000000, 0x0000000100000000)
  eden space 129536K, 24% used [0x00000000f5580000,0x00000000f741d528,0x00000000fd400000)
  from space 22528K, 99% used [0x00000000fd400000,0x00000000fe9f9c58,0x00000000fea00000)
  to   space 22528K, 0% used [0x00000000fea00000,0x00000000fea00000,0x0000000100000000)
 ParOldGen       total 92160K, used 51488K [0x00000000e0000000, 0x00000000e5a00000, 0x00000000f5580000)
  object space 92160K, 55% used [0x00000000e0000000,0x00000000e3248360,0x00000000e5a00000)
 Metaspace       used 63130K, capacity 69234K, committed 69336K, reserved 1110016K
  class space    used 7512K, capacity 9468K, committed 9472K, reserved 1048576K
Event: 34.435 GC heap after
Heap after GC invocations=21 (full 3):
 PSYoungGen      total 141824K, used 4090K [0x00000000f5580000, 0x0000000100000000, 0x0000000100000000)
  eden space 119296K, 0% used [0x00000000f5580000,0x00000000f5580000,0x00000000fca00000)
  from space 22528K, 18% used [0x00000000fea00000,0x00000000fedfebb8,0x0000000100000000)
  to   space 27648K, 0% used [0x00000000fca00000,0x00000000fca00000,0x00000000fe500000)
 ParOldGen       total 92160K, used 60938K [0x00000000e0000000, 0x00000000e5a00000, 0x00000000f5580000)
  object space 92160K, 66% used [0x00000000e0000000,0x00000000e3b82a30,0x00000000e5a00000)
 Metaspace       used 63130K, capacity 69234K, committed 69336K, reserved 1110016K
  class space    used 7512K, capacity 9468K, committed 9472K, reserved 1048576K
}
Event: 34.435 GC heap before
{Heap before GC invocations=22 (full 4):
 PSYoungGen      total 141824K, used 4090K [0x00000000f5580000, 0x0000000100000000, 0x0000000100000000)
  eden space 119296K, 0% used [0x00000000f5580000,0x00000000f5580000,0x00000000fca00000)
  from space 22528K, 18% used [0x00000000fea00000,0x00000000fedfebb8,0x0000000100000000)
  to   space 27648K, 0% used [0x00000000fca00000,0x00000000fca00000,0x00000000fe500000)
 ParOldGen       total 92160K, used 60938K [0x00000000e0000000, 0x00000000e5a00000, 0x00000000f5580000)
  object space 92160K, 66% used [0x00000000e0000000,0x00000000e3b82a30,0x00000000e5a00000)
 Metaspace       used 63130K, capacity 69234K, committed 69336K, reserved 1110016K
  class space    used 7512K, capacity 9468K, committed 9472K, reserved 1048576K
Event: 34.525 GC heap after
Heap after GC invocations=22 (full 4):
 PSYoungGen      total 141824K, used 0K [0x00000000f5580000, 0x0000000100000000, 0x0000000100000000)
  eden space 119296K, 0% used [0x00000000f5580000,0x00000000f5580000,0x00000000fca00000)
  from space 22528K, 0% used [0x00000000fea00000,0x00000000fea00000,0x0000000100000000)
  to   space 27648K, 0% used [0x00000000fca00000,0x00000000fca00000,0x00000000fe500000)
 ParOldGen       total 107520K, used 47995K [0x00000000e0000000, 0x00000000e6900000, 0x00000000f5580000)
  object space 107520K, 44% used [0x00000000e0000000,0x00000000e2eded20,0x00000000e6900000)
 Metaspace       used 63130K, capacity 69234K, committed 69336K, reserved 1110016K
  class space    used 7512K, capacity 9468K, committed 9472K, reserved 1048576K
}
Event: 84.065 GC heap before
{Heap before GC invocations=23 (full 4):
 PSYoungGen      total 141824K, used 119296K [0x00000000f5580000, 0x0000000100000000, 0x0000000100000000)
  eden space 119296K, 100% used [0x00000000f5580000,0x00000000fca00000,0x00000000fca00000)
  from space 22528K, 0% used [0x00000000fea00000,0x00000000fea00000,0x0000000100000000)
  to   space 27648K, 0% used [0x00000000fca00000,0x00000000fca00000,0x00000000fe500000)
 ParOldGen       total 107520K, used 47995K [0x00000000e0000000, 0x00000000e6900000, 0x00000000f5580000)
  object space 107520K, 44% used [0x00000000e0000000,0x00000000e2eded20,0x00000000e6900000)
 Metaspace       used 75947K, capacity 82786K, committed 83032K, reserved 1120256K
  class space    used 9090K, capacity 11351K, committed 11392K, reserved 1048576K
Event: 84.076 GC heap after
Heap after GC invocations=23 (full 4):
 PSYoungGen      total 136704K, used 17328K [0x00000000f5580000, 0x0000000100000000, 0x0000000100000000)
  eden space 119296K, 0% used [0x00000000f5580000,0x00000000f5580000,0x00000000fca00000)
  from space 17408K, 99% used [0x00000000fca00000,0x00000000fdaec010,0x00000000fdb00000)
  to   space 28160K, 0% used [0x00000000fe480000,0x00000000fe480000,0x0000000100000000)
 ParOldGen       total 107520K, used 48003K [0x00000000e0000000, 0x00000000e6900000, 0x00000000f5580000)
  object space 107520K, 44% used [0x00000000e0000000,0x00000000e2ee0d20,0x00000000e6900000)
 Metaspace       used 75947K, capacity 82786K, committed 83032K, reserved 1120256K
  class space    used 9090K, capacity 11351K, committed 11392K, reserved 1048576K
}

Deoptimization events (10 events):
Event: 497.813 Thread 0x0000000002398000 Uncommon trap: reason=unstable_if action=reinterpret pc=0x0000000003dd891c method=org.eclipse.emf.ecore.impl.MinimalEObjectImpl.setField(ILjava/lang/Object;)V @ 9
Event: 497.820 Thread 0x000000001afaf000 Uncommon trap: reason=unstable_if action=reinterpret pc=0x0000000003495e40 method=org.eclipse.e4.ui.internal.workbench.swt.E4Application$1.syncExec(Ljava/lang/Runnable;)V @ 14
Event: 497.849 Thread 0x0000000018a17800 Uncommon trap: reason=class_check action=maybe_recompile pc=0x00000000045bb7fc method=org.eclipse.e4.core.internal.contexts.TrackableComputationExt.update(Lorg/eclipse/e4/core/internal/contexts/ContextChangeEvent;)Z @ 62
Event: 497.849 Thread 0x0000000018a17800 Uncommon trap: reason=class_check action=maybe_recompile pc=0x00000000045bb7fc method=org.eclipse.e4.core.internal.contexts.TrackableComputationExt.update(Lorg/eclipse/e4/core/internal/contexts/ContextChangeEvent;)Z @ 62
Event: 497.860 Thread 0x0000000018a17800 Uncommon trap: reason=unstable_if action=reinterpret pc=0x0000000003291d00 method=java.util.concurrent.locks.ReentrantLock$Sync.tryRelease(I)Z @ 28
Event: 497.865 Thread 0x0000000018a1c000 Uncommon trap: reason=unstable_if action=reinterpret pc=0x000000000293eb64 method=sun.nio.cs.SingleByte$Encoder.encode(C)I @ 13
Event: 497.865 Thread 0x0000000018a1c000 Uncommon trap: reason=unstable_if action=reinterpret pc=0x0000000003f35278 method=java.nio.charset.CharsetEncoder.encode(Ljava/nio/CharBuffer;Ljava/nio/ByteBuffer;Z)Ljava/nio/charset/CoderResult; @ 105
Event: 497.866 Thread 0x0000000018a17800 Uncommon trap: reason=predicate action=maybe_recompile pc=0x00000000045e1cb0 method=java.io.OutputStream.write([BII)V @ 62
Event: 498.566 Thread 0x0000000018a17800 Uncommon trap: reason=unstable_if action=reinterpret pc=0x00000000037a3f00 method=org.eclipse.osgi.internal.hooks.EclipseLazyStarter.shouldActivateFor(Ljava/lang/String;Lorg/eclipse/osgi/container/Module;Lorg/eclipse/osgi/container/ModuleRevision;Lorg/ecliaêñå6@
Event: 499.409 Thread 0x0000000018a17800 Uncommon trap: reason=unstable_if action=reinterpret pc=0x0000000003b3e05c method=sun.reflect.UnsafeStaticObjectFieldAccessorImpl.set(Ljava/lang/Object;Ljava/lang/Object;)V @ 13

Internal exceptions (10 events):
Event: 88.190 Thread 0x000000001afba000 Exception <a 'java/io/FileNotFoundException'> (0x00000000f66d91b8) thrown at [C:\re\workspace\8-2-build-windows-amd64-cygwin\jdk8u66\5298\hotspot\src\share\vm\prims\jni.cpp, line 709]
Event: 88.530 Thread 0x000000001afba000 Exception <a 'java/io/FileNotFoundException'> (0x00000000f66f2408) thrown at [C:\re\workspace\8-2-build-windows-amd64-cygwin\jdk8u66\5298\hotspot\src\share\vm\prims\jni.cpp, line 709]
Event: 319.739 Thread 0x0000000002398000 Implicit null exception at 0x00000000035fcc95 to 0x00000000035fd0d5
Event: 497.863 Thread 0x0000000018a18000 Exception <a 'java/lang/InterruptedException'> (0x00000000fb0aef48) thrown at [C:\re\workspace\8-2-build-windows-amd64-cygwin\jdk8u66\5298\hotspot\src\share\vm\runtime\objectMonitor.cpp, line 1683]
Event: 499.386 Thread 0x000000001afaf000 Exception <a 'java/lang/InterruptedException'> (0x00000000f80beeb0) thrown at [C:\re\workspace\8-2-build-windows-amd64-cygwin\jdk8u66\5298\hotspot\src\share\vm\runtime\objectMonitor.cpp, line 1683]
Event: 499.409 Thread 0x0000000018a17800 Implicit null exception at 0x0000000003b3dc57 to 0x0000000003b3e049
Event: 499.410 Thread 0x00000000152ba800 Exception <a 'java/lang/InterruptedException'> (0x00000000fb63db30) thrown at [C:\re\workspace\8-2-build-windows-amd64-cygwin\jdk8u66\5298\hotspot\src\share\vm\runtime\objectMonitor.cpp, line 1683]
Event: 499.412 Thread 0x00000000171c1000 Exception <a 'java/lang/InterruptedException'> (0x00000000f67b1960) thrown at [C:\re\workspace\8-2-build-windows-amd64-cygwin\jdk8u66\5298\hotspot\src\share\vm\runtime\objectMonitor.cpp, line 1683]
Event: 499.412 Thread 0x0000000016b7c800 Exception <a 'java/lang/InterruptedException'> (0x00000000fb83e8f8) thrown at [C:\re\workspace\8-2-build-windows-amd64-cygwin\jdk8u66\5298\hotspot\src\share\vm\runtime\objectMonitor.cpp, line 1683]
Event: 499.412 Thread 0x0000000016f91800 Exception <a 'java/lang/InterruptedException'> (0x00000000fb854268) thrown at [C:\re\workspace\8-2-build-windows-amd64-cygwin\jdk8u66\5298\hotspot\src\share\vm\runtime\objectMonitor.cpp, line 1683]

Events (10 events):
Event: 499.436 loading class java/util/IdentityHashMap$IdentityHashMapIterator
Event: 499.437 loading class java/util/IdentityHashMap$IdentityHashMapIterator done
Event: 499.437 loading class java/util/IdentityHashMap$KeyIterator done
Event: 499.438 Thread 0x0000000018a17800 Thread added: 0x0000000018a17800
Event: 499.438 Executing VM operation: RevokeBias
Event: 499.438 Executing VM operation: RevokeBias done
Event: 499.438 Executing VM operation: RevokeBias
Event: 499.438 Executing VM operation: RevokeBias done
Event: 499.438 Thread 0x0000000018a17800 Thread exited: 0x0000000018a17800
Event: 499.438 Executing VM operation: Exit


Dynamic libraries:
0x0000000000400000 - 0x000000000044f000 	C:\Xilinx\SDK\2016.2\eclipse\win64.o\eclipse.exe
0x0000000077290000 - 0x000000007743a000 	C:\Windows\SYSTEM32\ntdll.dll
0x0000000077070000 - 0x000000007718f000 	C:\Windows\system32\kernel32.dll
0x000007fefd000000 - 0x000007fefd06a000 	C:\Windows\system32\KERNELBASE.dll
0x0000000077190000 - 0x000000007728a000 	C:\Windows\system32\USER32.dll
0x000007fefe7b0000 - 0x000007fefe817000 	C:\Windows\system32\GDI32.dll
0x000007feff490000 - 0x000007feff49e000 	C:\Windows\system32\LPK.dll
0x000007fefe8c0000 - 0x000007fefe98a000 	C:\Windows\system32\USP10.dll
0x000007feff2c0000 - 0x000007feff35f000 	C:\Windows\system32\msvcrt.dll
0x000007fefb8e0000 - 0x000007fefbad4000 	C:\Windows\WinSxS\amd64_microsoft.windows.common-controls_6595b64144ccf1df_6.0.7601.18837_none_fa3b1e3d17594757\COMCTL32.dll
0x000007fefed90000 - 0x000007fefee01000 	C:\Windows\system32\SHLWAPI.dll
0x000007fefd4a0000 - 0x000007fefd4ce000 	C:\Windows\system32\IMM32.DLL
0x000007fefd390000 - 0x000007fefd499000 	C:\Windows\system32\MSCTF.dll
0x0000000072000000 - 0x0000000072012000 	C:\Xilinx\SDK\2016.2\eclipse\win64.o\plugins\org.eclipse.equinox.launcher.win32.win32.x86_64_1.1.300.v20150602-1417\eclipse_1611.dll
0x000007fefe9e0000 - 0x000007fefeabb000 	C:\Windows\system32\ADVAPI32.dll
0x000007feff4a0000 - 0x000007feff4bf000 	C:\Windows\SYSTEM32\sechost.dll
0x000007feff360000 - 0x000007feff48d000 	C:\Windows\system32\RPCRT4.dll
0x000007fefc060000 - 0x000007fefc06c000 	C:\Windows\system32\VERSION.dll
0x000007fefb880000 - 0x000007fefb8d6000 	C:\Windows\system32\UxTheme.dll
0x0000000069ea0000 - 0x000000006a729000 	C:\Xilinx\SDK\2016.2\tps\win64\jre\bin\server\jvm.dll
0x000007fefa400000 - 0x000007fefa409000 	C:\Windows\system32\WSOCK32.dll
0x000007fefe990000 - 0x000007fefe9dd000 	C:\Windows\system32\WS2_32.dll
0x000007fefe590000 - 0x000007fefe598000 	C:\Windows\system32\NSI.dll
0x000007fefa8f0000 - 0x000007fefa92b000 	C:\Windows\system32\WINMM.dll
0x0000000077450000 - 0x0000000077457000 	C:\Windows\system32\PSAPI.DLL
0x000000006b770000 - 0x000000006b842000 	C:\Windows\system32\MSVCR100.dll
0x000000006b320000 - 0x000000006b32f000 	C:\Xilinx\SDK\2016.2\tps\win64\jre\bin\verify.dll
0x000000006b2f0000 - 0x000000006b319000 	C:\Xilinx\SDK\2016.2\tps\win64\jre\bin\java.dll
0x000000006b2d0000 - 0x000000006b2e6000 	C:\Xilinx\SDK\2016.2\tps\win64\jre\bin\zip.dll
0x000007fefd7a0000 - 0x000007fefe529000 	C:\Windows\system32\SHELL32.dll
0x000007fefe5a0000 - 0x000007fefe7a3000 	C:\Windows\system32\ole32.dll
0x000007fefcfe0000 - 0x000007fefcfef000 	C:\Windows\system32\profapi.dll
0x000007fefc7d0000 - 0x000007fefc7e8000 	C:\Windows\system32\CRYPTSP.dll
0x000007fefc4d0000 - 0x000007fefc517000 	C:\Windows\system32\rsaenh.dll
0x000007fefd200000 - 0x000007fefd21e000 	C:\Windows\system32\USERENV.dll
0x000007fefce70000 - 0x000007fefce7f000 	C:\Windows\system32\CRYPTBASE.dll
0x000000006b2b0000 - 0x000000006b2ca000 	C:\Xilinx\SDK\2016.2\tps\win64\jre\bin\net.dll
0x000007fefc770000 - 0x000007fefc7c5000 	C:\Windows\system32\mswsock.dll
0x000007fefc760000 - 0x000007fefc767000 	C:\Windows\System32\wship6.dll
0x000007fefa2e0000 - 0x000007fefa307000 	C:\Windows\system32\IPHLPAPI.DLL
0x000007fefa2d0000 - 0x000007fefa2db000 	C:\Windows\system32\WINNSI.DLL
0x000007fef9eb0000 - 0x000007fef9ec1000 	C:\Windows\system32\dhcpcsvc6.DLL
0x000007fef9e90000 - 0x000007fef9ea8000 	C:\Windows\system32\dhcpcsvc.DLL
0x000000006b290000 - 0x000000006b2a1000 	C:\Xilinx\SDK\2016.2\tps\win64\jre\bin\nio.dll
0x000007fefa6b0000 - 0x000007fefa6c5000 	C:\Windows\system32\NLAapi.dll
0x000007fef8710000 - 0x000007fef8725000 	C:\Windows\system32\napinsp.dll
0x000007fef8730000 - 0x000007fef8749000 	C:\Windows\system32\pnrpnsp.dll
0x000007fefc5f0000 - 0x000007fefc64b000 	C:\Windows\system32\DNSAPI.dll
0x000007fef8700000 - 0x000007fef870b000 	C:\Windows\System32\winrnr.dll
0x000007fefc130000 - 0x000007fefc137000 	C:\Windows\System32\wshtcpip.dll
0x000007fef8ca0000 - 0x000007fef8ca8000 	C:\Windows\system32\rasadhlp.dll
0x000007fef9f40000 - 0x000007fef9f93000 	C:\Windows\System32\fwpuclnt.dll
0x0000000017640000 - 0x00000000176e8000 	C:\Users\wanxing1\.Xilinx\SDK\2016.2\org.eclipse.osgi\312\0\.cp\swt-win32-4527.dll
0x000007feff4c0000 - 0x000007feff598000 	C:\Windows\system32\OLEAUT32.dll
0x000007fefee10000 - 0x000007fefeea7000 	C:\Windows\system32\comdlg32.dll
0x000007fef5a30000 - 0x000007fef5aa1000 	C:\Windows\system32\WINSPOOL.DRV
0x000007fefd4d0000 - 0x000007fefd795000 	C:\Windows\system32\WININET.dll
0x000007fefd340000 - 0x000007fefd344000 	C:\Windows\system32\api-ms-win-downlevel-user32-l1-1-0.dll
0x000007fefd290000 - 0x000007fefd294000 	C:\Windows\system32\api-ms-win-downlevel-shlwapi-l1-1-0.dll
0x000007fefd220000 - 0x000007fefd224000 	C:\Windows\system32\api-ms-win-downlevel-version-l1-1-0.dll
0x000007fefd230000 - 0x000007fefd233000 	C:\Windows\system32\api-ms-win-downlevel-normaliz-l1-1-0.dll
0x0000000077460000 - 0x0000000077463000 	C:\Windows\system32\normaliz.DLL
0x000007fefeac0000 - 0x000007fefed89000 	C:\Windows\system32\iertutil.dll
0x000007fefcff0000 - 0x000007fefcff5000 	C:\Windows\system32\api-ms-win-downlevel-advapi32-l1-1-0.dll
0x000007fefd090000 - 0x000007fefd1fd000 	C:\Windows\system32\CRYPT32.dll
0x000007fefcfd0000 - 0x000007fefcfdf000 	C:\Windows\system32\MSASN1.dll
0x000007fefb350000 - 0x000007fefb47c000 	C:\Windows\system32\propsys.dll
0x000007fefe820000 - 0x000007fefe8b9000 	C:\Windows\system32\CLBCatQ.DLL
0x00000000005c0000 - 0x00000000005de000 	C:\Users\wanxing1\.Xilinx\SDK\2016.2\org.eclipse.osgi\312\0\.cp\swt-gdip-win32-4527.dll
0x000007fefb660000 - 0x000007fefb876000 	C:\Windows\WinSxS\amd64_microsoft.windows.gdiplus_6595b64144ccf1df_1.1.7601.23508_none_145555328b95eaaa\gdiplus.dll
0x000007fefb180000 - 0x000007fefb2e1000 	C:\Windows\system32\WindowsCodecs.dll
0x0000000180000000 - 0x0000000180012000 	C:\Users\wanxing1\.Xilinx\SDK\2016.2\org.eclipse.osgi\126\0\.cp\os\win32\x86_64\localfile_1_0_0.dll
0x000007feeee60000 - 0x000007feeeeb4000 	C:\Windows\system32\oleacc.dll
0x000007fef9b80000 - 0x000007fef9b87000 	C:\Windows\system32\msimg32.dll
0x000007fefcf20000 - 0x000007fefcf34000 	C:\Windows\system32\RpcRtRemote.dll
0x000007fefce10000 - 0x000007fefce67000 	C:\Windows\system32\apphelp.dll
0x000007fec2c80000 - 0x000007fec2c91000 	C:\Users\wanxing1\.Xilinx\SDK\2016.2\org.eclipse.osgi\129\0\.cp\jWinHttp-1.0.0.dll
0x000007fef8800000 - 0x000007fef8871000 	C:\Windows\system32\WINHTTP.dll
0x000007fef8770000 - 0x000007fef87d4000 	C:\Windows\system32\webio.dll
0x000007fefcde0000 - 0x000007fefce05000 	C:\Windows\system32\SspiCli.dll
0x000007fefc390000 - 0x000007fefc39a000 	C:\Windows\system32\credssp.dll
0x000007fefd250000 - 0x000007fefd286000 	C:\Windows\system32\CFGMGR32.dll
0x000007feef0a0000 - 0x000007feef0af000 	C:\Xilinx\SDK\2016.2\lib\win64.o\librdi_repo_manager.dll
0x000007feedfe0000 - 0x000007feee00a000 	C:\Xilinx\SDK\2016.2\lib\win64.o\libisl_sysinfo.dll
0x000007feebc00000 - 0x000007feebcd4000 	C:\Windows\system32\MSVCR110.dll
0x000007feebad0000 - 0x000007feebb77000 	C:\Windows\system32\MSVCP110.dll
0x000007fec0000000 - 0x000007fec0a40000 	C:\Xilinx\SDK\2016.2\lib\win64.o\librdi_common.dll
0x000007fec1870000 - 0x000007fec1bde000 	C:\Xilinx\SDK\2016.2\lib\win64.o\libCOIN-all.dll
0x000007fec1260000 - 0x000007fec147f000 	C:\Xilinx\SDK\2016.2\lib\win64.o\libXil_lmgr11.dll
0x000007fefb040000 - 0x000007fefb056000 	C:\Windows\system32\NETAPI32.dll
0x000007fefc400000 - 0x000007fefc40c000 	C:\Windows\system32\netutils.dll
0x000007fefcb30000 - 0x000007fefcb53000 	C:\Windows\system32\srvcli.dll
0x000007fefb020000 - 0x000007fefb035000 	C:\Windows\system32\wkscli.dll
0x000007fefd350000 - 0x000007fefd38b000 	C:\Windows\system32\WINTRUST.dll
0x000007fef3dd0000 - 0x000007fef3de0000 	C:\Xilinx\SDK\2016.2\lib\win64.o\libboost_date_time.dll
0x000007feef100000 - 0x000007feef124000 	C:\Xilinx\SDK\2016.2\lib\win64.o\libboost_filesystem.dll
0x000007feef2d0000 - 0x000007feef2d9000 	C:\Xilinx\SDK\2016.2\lib\win64.o\libboost_system.dll
0x000007feee0c0000 - 0x000007feee137000 	C:\Xilinx\SDK\2016.2\lib\win64.o\libboost_program_options.dll
0x000007fec1760000 - 0x000007fec1866000 	C:\Xilinx\SDK\2016.2\lib\win64.o\libboost_regex.dll
0x000007feef0e0000 - 0x000007feef0f3000 	C:\Xilinx\SDK\2016.2\lib\win64.o\libboost_signals.dll
0x000007feeee40000 - 0x000007feeee5d000 	C:\Xilinx\SDK\2016.2\lib\win64.o\libboost_thread.dll
0x000007feef290000 - 0x000007feef29b000 	C:\Xilinx\SDK\2016.2\lib\win64.o\libboost_chrono.dll
0x000007feef0c0000 - 0x000007feef0cb000 	C:\Xilinx\SDK\2016.2\lib\win64.o\libboost_xilinx.dll
0x000007feee040000 - 0x000007feee0c0000 	C:\Xilinx\SDK\2016.2\lib\win64.o\libhdlpsolve.dll
0x000007fec11c0000 - 0x000007fec125a000 	C:\Xilinx\SDK\2016.2\lib\win64.o\libhdxml.dll
0x000007fec0d50000 - 0x000007fec11b5e00 	C:\Xilinx\SDK\2016.2\lib\win64.o\libisl_iostreams.dll
0x000007feee5e0000 - 0x000007feee5f6000 	C:\Xilinx\SDK\2016.2\lib\win64.o\libboost_iostreams.dll
0x000007feee5b0000 - 0x000007feee5d3000 	C:\Xilinx\SDK\2016.2\lib\win64.o\librdizlib.dll
0x000007feee010000 - 0x000007feee033000 	C:\Xilinx\SDK\2016.2\lib\win64.o\libisl_iosutils.dll
0x000007feef2e0000 - 0x000007feef2f5000 	C:\Xilinx\SDK\2016.2\lib\win64.o\pthreadVC2.dll
0x000007fec0cf0000 - 0x000007fec0d44000 	C:\Xilinx\SDK\2016.2\lib\win64.o\librdi_commonxillic.dll
0x000007fec0bc0000 - 0x000007fec0cf0000 	C:\Xilinx\SDK\2016.2\lib\win64.o\librdi_curl.dll
0x000007fec2cc0000 - 0x000007fec2cd8000 	C:\Xilinx\SDK\2016.2\lib\win64.o\librdiconfig.dll
0x000000006b160000 - 0x000000006b287000 	C:\Xilinx\SDK\2016.2\lib\win64.o\tcl85t.dll
0x0000000024500000 - 0x0000000024763000 	C:\Xilinx\SDK\2016.2\lib\win64.o\xerces-c_3_1.dll
0x000007fefef30000 - 0x000007feff0b6000 	C:\Windows\system32\urlmon.dll
0x000007fefd240000 - 0x000007fefd244000 	C:\Windows\system32\api-ms-win-downlevel-ole32-l1-1-0.dll
0x000007fee7740000 - 0x000007fee7763000 	C:\Windows\system32\VCOMP110.DLL
0x000007febf5c0000 - 0x000007febf7b2000 	C:\Xilinx\SDK\2016.2\lib\win64.o\librdi_hsm.dll
0x000007fec0b70000 - 0x000007fec0bb3000 	C:\Xilinx\SDK\2016.2\lib\win64.o\librdi_hdf.dll
0x000007febf330000 - 0x000007febf5b1000 	C:\Xilinx\SDK\2016.2\lib\win64.o\librdi_ippcw.dll
0x0000000071080000 - 0x00000000710a6000 	C:\Xilinx\SDK\2016.2\eclipse\win64.o\plugins\gnu.io.rxtx.win32.x86_64_2.1.7.3_v20071015\os\win32\x86_64\rxtxSerial.dll
0x000007feee790000 - 0x000007feee79a000 	C:\Xilinx\SDK\2016.2\lib\win64.o\librdi_jtag_settings.dll
0x000007fec0b40000 - 0x000007fec0b69000 	C:\Xilinx\SDK\2016.2\lib\win64.o\librdi_debug_dialog.dll
0x000007feee5a0000 - 0x000007feee5a8000 	C:\Xilinx\SDK\2016.2\lib\win64.o\librdi_target_manager.dll
0x000007fec0ab0000 - 0x000007fec0ac6000 	C:\Xilinx\SDK\2016.2\eclipse\win64.o\plugins\org.eclipse.cdt.core.win32.x86_64_5.4.0.201509131935\os\win32\x86_64\spawner.dll
0x000007feb4c80000 - 0x000007feb5490000 	C:\Xilinx\SDK\2016.2\lib\win64.o\libXil_lmgr11FNP.dll
0x000007fef57e0000 - 0x000007fef57eb000 	C:\Windows\system32\snmpapi.dll

VM Arguments:
jvm_args: -Dcom.xilinx.sdk.args.hwspec=W:/ECE532/0327_colors/NexysVideo-master/Projects/hdmi/proj/hdmi.sdk/hdmi_wrapper.hdf -Xms64m -Xmx512m & 
java_command: <unknown>
java_class_path (initial): C:\Xilinx\SDK\2016.2\eclipse\win64.o\\plugins/org.eclipse.equinox.launcher_1.3.100.v20150511-1540.jar
Launcher Type: generic

Environment Variables:
PATH=C:/Xilinx/SDK/2016.2/tps/win64/jre/bin/server;C:/Xilinx/SDK/2016.2/tps/win64/jre/bin;C:/Xilinx/SDK/2016.2/tps/win64/jre/lib/amd64;C:\Xilinx\SDK\2016.2\gnuwin\bin;C:\Xilinx\SDK\2016.2\gnu\microblaze\nt\bin;C:\Xilinx\SDK\2016.2\gnu\microblaze\linux_toolchain\nt64_le\bin;C:\Xilinx\SDK\2016.2\gnu\microblaze\linux_toolchain\nt64_be\bin;C:\Xilinx\SDK\2016.2\gnu\arm\nt\bin;C:\Xilinx\SDK\2016.2\gnu\aarch64\nt\aarch64-none\bin;C:\Xilinx\SDK\2016.2\gnu\aarch64\nt\aarch64-linux\bin;C:\Xilinx\SDK\2016.2\gnu\armr5\nt\gcc-arm-none-eabi\bin;C:\Xilinx\SDK\2016.2\gnu\aarch32\nt\gcc-arm-none-eabi\bin;C:\Xilinx\SDK\2016.2\gnu\aarch32\nt\gcc-arm-linux-gnueabi\bin;C:\Xilinx\SDK\2016.2\tps\win64\cmake-3.3.2\bin;;C:\Xilinx\SDK\2016.2\bin;C:\Xilinx\SDK\2016.2\lib\win64.o;C:\Xilinx\SDK\2016.2\tps\win64\jre\bin\server;C:\Xilinx\SDK\2016.2\tps\win64\jre\bin;C:\Xilinx\Vivado\2016.2\ids_lite\ISE\bin\nt64;C:\Xilinx\Vivado\2016.2\ids_lite\ISE\lib\nt64;C:\Xilinx\Vivado\2016.2\bin;C:\Xilinx\Vivado\2016.2\lib\win64.o;C:\Xilinx\Vivado\2016.2\tps\win64\jre\bin\server;C:\Xilinx\Vivado\2016.2\tps\win64\jre\bin;C:\Xilinx\Vivado_HLS\2016.2\bin;C:\Windows\system32;C:\Windows;C:\Windows\System32\Wbem;C:\Windows\System32\WindowsPowerShell\v1.0\;C:\Program Files (x86)\Java\jre6\bin;C:\Program Files (x86)\eclipse;C:\altera\16.0\quartus\bin64;c:\altera\16.0\quartus\bin64\jre64\bin;w:\ECE532\0327_colors\NexysVideo-master\Projects\hdmi\proj;
USERNAME=wanxing1
OS=Windows_NT
PROCESSOR_IDENTIFIER=Intel64 Family 6 Model 60 Stepping 3, GenuineIntel



---------------  S Y S T E M  ---------------

OS: Windows 7 , 64 bit Build 7601 (6.1.7601.23418)

CPU:total 8 (4 cores per cpu, 2 threads per core) family 6 model 60 stepping 3, cmov, cx8, fxsr, mmx, sse, sse2, sse3, ssse3, sse4.1, sse4.2, popcnt, avx, avx2, aes, clmul, erms, lzcnt, ht, tsc, tscinvbit, bmi1, bmi2

Memory: 4k page, physical 16683160k(10703580k free), swap 33364460k(27098228k free)

vm_info: Java HotSpot(TM) 64-Bit Server VM (25.66-b18) for windows-amd64 JRE (1.8.0_66-b18), built on Nov  9 2015 10:51:13 by "java_re" with MS VC++ 10.0 (VS2010)

time: Mon Mar 27 12:12:34 2017
elapsed time: 500 seconds (0d 0h 8m 20s)

