#
# A fatal error has been detected by the Java Runtime Environment:
#
#  EXCEPTION_UNCAUGHT_CXX_EXCEPTION (0xe06d7363) at pc=0x000007fefd52a06d, pid=4064, tid=1492
#
# JRE version: Java(TM) SE Runtime Environment (8.0_66-b18) (build 1.8.0_66-b18)
# Java VM: Java HotSpot(TM) 64-Bit Server VM (25.66-b18 mixed mode windows-amd64 compressed oops)
# Problematic frame:
# C  [KERNELBASE.dll+0x1a06d]
#
# Failed to write core dump. Minidumps are not enabled by default on client versions of Windows
#
# If you would like to submit a bug report, please visit:
#   http://bugreport.java.com/bugreport/crash.jsp
#

---------------  T H R E A D  ---------------

Current thread (0x0000000014f52800):  VMThread [stack: 0x0000000015ea0000,0x0000000015fa0000] [id=1492]

siginfo: ExceptionCode=0xe06d7363, ExceptionInformation=0x0000000019930520 0x0000000015f9f6c8 0x000007feecd12cb8 0x000007feecc60000 

Registers:
RAX=0x000000006032556c, RBX=0x000007feecd12cb8, RCX=0x0000000015f9ef10, RDX=0x00000000000000d0
RSP=0x0000000015f9f520, RBP=0x0000000015f9f650, RSI=0x00000000ffffffff, RDI=0x0000000017573b20
R8 =0x0000000000000000, R9 =0x0000000000000000, R10=0x000007feecc60000, R11=0x0000000015f9f560
R12=0x0000000000000001, R13=0x0000000000000008, R14=0x0000000000000000, R15=0xffffffffffffffff
RIP=0x000007fefd52a06d, EFLAGS=0x0000000000000206

Top of Stack: (sp=0x0000000015f9f520)
0x0000000015f9f520:   000007feecd12cb8 00000000ffffffff
0x0000000015f9f530:   0000000017573b20 0000000000307160
0x0000000015f9f540:   00000001e06d7363 0000000000000000
0x0000000015f9f550:   000007fefd52a06d 000007fe00000004
0x0000000015f9f560:   0000000019930520 0000000015f9f6c8
0x0000000015f9f570:   000007feecd12cb8 000007feecc60000
0x0000000015f9f580:   0000000000000000 0000000015f9f608
0x0000000015f9f590:   0000000000000028 0000000017573b10
0x0000000015f9f5a0:   0000000017555670 0000000000000000
0x0000000015f9f5b0:   000007fffffa8000 00000000775cf2d3
0x0000000015f9f5c0:   0000000000000000 0000000000000008
0x0000000015f9f5d0:   0000000000000001 0000000017573b20
0x0000000015f9f5e0:   00000000ffffffff 000007feeccbe92c
0x0000000015f9f5f0:   000007feecd12cb8 0000000015f9f660
0x0000000015f9f600:   0000000000000001 000007feecc600f8
0x0000000015f9f610:   00000001e06d7363 0000000000000000 

Instructions: (pc=0x000007fefd52a06d)
0x000007fefd52a04d:   54 24 24 48 89 4c 24 28 4d 85 c9 0f 85 6a 03 00
0x000007fefd52a05d:   00 89 4c 24 38 48 8d 4c 24 20 ff 15 33 02 03 00
0x000007fefd52a06d:   48 81 c4 c8 00 00 00 c3 90 90 90 90 90 90 90 90
0x000007fefd52a07d:   90 90 90 48 83 ec 28 65 48 8b 04 25 30 00 00 00 


Register to memory mapping:

RAX=0x000000006032556c is an unknown value
RBX=0x000007feecd12cb8 is an unknown value
RCX=0x0000000015f9ef10 is an unknown value
RDX=0x00000000000000d0 is an unknown value
RSP=0x0000000015f9f520 is an unknown value
RBP=0x0000000015f9f650 is an unknown value
RSI=0x00000000ffffffff is an unallocated location in the heap
RDI=0x0000000017573b20 is an unknown value
R8 =0x0000000000000000 is an unknown value
R9 =0x0000000000000000 is an unknown value
R10=0x000007feecc60000 is an unknown value
R11=0x0000000015f9f560 is an unknown value
R12=0x0000000000000001 is an unknown value
R13=0x0000000000000008 is an unknown value
R14=0x0000000000000000 is an unknown value
R15=0xffffffffffffffff is an unknown value


Stack: [0x0000000015ea0000,0x0000000015fa0000],  sp=0x0000000015f9f520,  free space=1021k
Native frames: (J=compiled Java code, j=interpreted, Vv=VM code, C=native code)
C  [KERNELBASE.dll+0x1a06d]
C  [MSVCR110.dll+0x5e92c]
C  [MSVCR110.dll+0x1315c]
C  [MSVCR110.dll+0x136a9]
C  [MSVCR110.dll+0x13e9c]
C  [MSVCR110.dll+0x239e]
C  [MSVCR110.dll+0xaf9e]
C  [MSVCP110.dll+0x397b9]
C  [librdi_common.dll+0x182316]
C  [librdi_common.dll+0x180fab]
C  [librdi_target_manager.dll+0x2400]
C  [librdi_target_manager.dll+0x2682]
C  [ntdll.dll+0x229b1]
C  [ntdll.dll+0x227c0]
C  [MSVCR100.dll+0x20ccd]
V  [jvm.dll+0x210cc5]
V  [jvm.dll+0x249897]
V  [jvm.dll+0x248b36]
V  [jvm.dll+0x248fd1]
V  [jvm.dll+0x2491ee]
V  [jvm.dll+0x29a0fa]
C  [MSVCR100.dll+0x21d9f]
C  [MSVCR100.dll+0x21e3b]
C  [kernel32.dll+0x159bd]
C  [ntdll.dll+0x2a2e1]

VM_Operation (0x000000000012f4c0): Exit, mode: safepoint, requested by thread 0x0000000002588000


---------------  P R O C E S S  ---------------

Java Threads: ( => current thread )
  0x0000000016df7000 JavaThread "pool-2-thread-2" [_thread_blocked, id=4772, stack(0x00000000227f0000,0x00000000228f0000)]
  0x0000000016df4000 JavaThread "EventThread COM1" [_thread_in_native, id=4396, stack(0x0000000028500000,0x0000000028600000)]
  0x0000000016df3000 JavaThread "EventThread COM5" [_thread_blocked, id=4128, stack(0x00000000222a0000,0x00000000223a0000)]
  0x0000000019a8e800 JavaThread "pool-2-thread-1" [_thread_blocked, id=4316, stack(0x0000000027300000,0x0000000027400000)]
  0x000000001bfe7000 JavaThread "Thread-36" daemon [_thread_blocked, id=1316, stack(0x0000000027200000,0x0000000027300000)]
  0x0000000019a90000 JavaThread "EventThread COM4" [_thread_in_native, id=4732, stack(0x0000000024de0000,0x0000000024ee0000)]
  0x0000000019a8d800 JavaThread "TCF Channel Transmitter" daemon [_thread_blocked, id=4112, stack(0x00000000247a0000,0x00000000248a0000)]
  0x0000000019a8c000 JavaThread "Process monitor" daemon [_thread_in_native, id=3764, stack(0x0000000024360000,0x0000000024460000)]
  0x0000000019a8b800 JavaThread "Input Stream Monitor" daemon [_thread_blocked, id=844, stack(0x0000000024260000,0x0000000024360000)]
  0x000000001b5e8800 JavaThread "Output Stream Monitor" daemon [_thread_in_native, id=416, stack(0x0000000024160000,0x0000000024260000)]
  0x000000001b5e8000 JavaThread "Output Stream Monitor" daemon [_thread_in_native, id=1540, stack(0x0000000024060000,0x0000000024160000)]
  0x0000000019a8a800 JavaThread "TCF Locator DNS Lookup" daemon [_thread_blocked, id=3336, stack(0x0000000023d60000,0x0000000023e60000)]
  0x0000000019a8a000 JavaThread "TCF Locator Timer" daemon [_thread_blocked, id=1208, stack(0x0000000023c60000,0x0000000023d60000)]
  0x000000001b5e6800 JavaThread "TCF Timer Dispatcher" daemon [_thread_blocked, id=3492, stack(0x0000000023480000,0x0000000023580000)]
  0x000000001b5d9800 JavaThread "EMF Reference Cleaner" daemon [_thread_blocked, id=3796, stack(0x000000001d810000,0x000000001d910000)]
  0x0000000015010000 JavaThread "Service Thread" daemon [_thread_blocked, id=1472, stack(0x00000000167a0000,0x00000000168a0000)]
  0x0000000014fba000 JavaThread "C1 CompilerThread3" daemon [_thread_blocked, id=3708, stack(0x00000000166a0000,0x00000000167a0000)]
  0x0000000014fad000 JavaThread "C2 CompilerThread2" daemon [_thread_blocked, id=1520, stack(0x00000000165a0000,0x00000000166a0000)]
  0x0000000014fa9800 JavaThread "C2 CompilerThread1" daemon [_thread_blocked, id=3604, stack(0x00000000164a0000,0x00000000165a0000)]
  0x0000000014fa5800 JavaThread "C2 CompilerThread0" daemon [_thread_blocked, id=2112, stack(0x00000000163a0000,0x00000000164a0000)]
  0x0000000014f9e000 JavaThread "Attach Listener" daemon [_thread_blocked, id=3212, stack(0x00000000162a0000,0x00000000163a0000)]
  0x0000000014f9c800 JavaThread "Signal Dispatcher" daemon [_thread_blocked, id=3452, stack(0x00000000161a0000,0x00000000162a0000)]
  0x0000000013ddb000 JavaThread "Finalizer" daemon [_thread_blocked, id=3092, stack(0x00000000160a0000,0x00000000161a0000)]
  0x0000000013dd4800 JavaThread "Reference Handler" daemon [_thread_blocked, id=3624, stack(0x0000000015fa0000,0x00000000160a0000)]
  0x0000000002588000 JavaThread "main" [_thread_blocked, id=2496, stack(0x0000000000030000,0x0000000000130000)]

Other Threads:
=>0x0000000014f52800 VMThread [stack: 0x0000000015ea0000,0x0000000015fa0000] [id=1492]

VM state:at safepoint (shutting down)

VM Mutex/Monitor currently owned by a thread:  ([mutex/lock_event])
[0x000000000232e520] Threads_lock - owner thread: 0x0000000014f52800

Heap:
 PSYoungGen      total 147456K, used 12749K [0x00000000f5580000, 0x00000000fe980000, 0x0000000100000000)
  eden space 143872K, 7% used [0x00000000f5580000,0x00000000f5fde148,0x00000000fe200000)
  from space 3584K, 59% used [0x00000000fe580000,0x00000000fe795448,0x00000000fe900000)
  to   space 3584K, 0% used [0x00000000fe200000,0x00000000fe200000,0x00000000fe580000)
 ParOldGen       total 113664K, used 56247K [0x00000000e0000000, 0x00000000e6f00000, 0x00000000f5580000)
  object space 113664K, 49% used [0x00000000e0000000,0x00000000e36ede68,0x00000000e6f00000)
 Metaspace       used 86654K, capacity 93960K, committed 94464K, reserved 1130496K
  class space    used 10311K, capacity 12688K, committed 12800K, reserved 1048576K

Card table byte_map: [0x00000000119e0000,0x0000000011af0000] byte_map_base: 0x00000000112e0000

Marking Bits: (ParMarkBitMap*) 0x0000000070ada5b0
 Begin Bits: [0x00000000122f0000, 0x0000000012af0000)
 End Bits:   [0x0000000012af0000, 0x00000000132f0000)

Polling page: 0x0000000000220000

CodeCache: size=245760Kb used=39168Kb max_used=39779Kb free=206591Kb
 bounds [0x0000000002620000, 0x0000000004d40000, 0x0000000011620000]
 total_blobs=11350 nmethods=10449 adapters=808
 compilation: enabled

Compilation events (10 events):
Event: 713.277 Thread 0x0000000014fba000 nmethod 13244 0x0000000004190350 code [0x0000000004190560, 0x0000000004191298]
Event: 713.278 Thread 0x0000000014fba000 13246       3       org.eclipse.osgi.container.Module::holdsTransitionEventLock (25 bytes)
Event: 713.278 Thread 0x0000000014fba000 nmethod 13246 0x00000000037fc910 code [0x00000000037fcaa0, 0x00000000037fd1c8]
Event: 713.279 Thread 0x0000000014fba000 13247   !   3       org.eclipse.osgi.storage.BundleInfo$Generation::clearManifestCache (30 bytes)
Event: 713.280 Thread 0x0000000014fba000 nmethod 13247 0x0000000003c33290 code [0x0000000003c33420, 0x0000000003c33a68]
Event: 713.280 Thread 0x0000000014fad000 nmethod 13239 0x0000000003c81650 code [0x0000000003c81840, 0x0000000003c82730]
Event: 713.281 Thread 0x0000000014fba000 13248   !   3       org.eclipse.osgi.storage.ManifestLocalization::clearCache (28 bytes)
Event: 713.281 Thread 0x0000000014fba000 nmethod 13248 0x00000000031aa850 code [0x00000000031aa9c0, 0x00000000031aada8]
Event: 713.281 Thread 0x0000000014fba000 13245       3       org.eclipse.osgi.internal.loader.ModuleClassLoader::close (8 bytes)
Event: 713.281 Thread 0x0000000014fba000 nmethod 13245 0x0000000004103410 code [0x0000000004103580, 0x00000000041037d8]

GC Heap History (10 events):
Event: 694.220 GC heap before
{Heap before GC invocations=64 (full 8):
 PSYoungGen      total 145920K, used 140928K [0x00000000f5580000, 0x00000000fe900000, 0x0000000100000000)
  eden space 140800K, 100% used [0x00000000f5580000,0x00000000fdf00000,0x00000000fdf00000)
  from space 5120K, 2% used [0x00000000fdf00000,0x00000000fdf20000,0x00000000fe400000)
  to   space 4608K, 0% used [0x00000000fe480000,0x00000000fe480000,0x00000000fe900000)
 ParOldGen       total 113664K, used 56231K [0x00000000e0000000, 0x00000000e6f00000, 0x00000000f5580000)
  object space 113664K, 49% used [0x00000000e0000000,0x00000000e36e9e68,0x00000000e6f00000)
 Metaspace       used 85597K, capacity 92888K, committed 93312K, reserved 1130496K
  class space    used 10194K, capacity 12526K, committed 12672K, reserved 1048576K
Event: 694.223 GC heap after
Heap after GC invocations=64 (full 8):
 PSYoungGen      total 145408K, used 192K [0x00000000f5580000, 0x00000000fe800000, 0x0000000100000000)
  eden space 141824K, 0% used [0x00000000f5580000,0x00000000f5580000,0x00000000fe000000)
  from space 3584K, 5% used [0x00000000fe480000,0x00000000fe4b0000,0x00000000fe800000)
  to   space 4096K, 0% used [0x00000000fe000000,0x00000000fe000000,0x00000000fe400000)
 ParOldGen       total 113664K, used 56231K [0x00000000e0000000, 0x00000000e6f00000, 0x00000000f5580000)
  object space 113664K, 49% used [0x00000000e0000000,0x00000000e36e9e68,0x00000000e6f00000)
 Metaspace       used 85597K, capacity 92888K, committed 93312K, reserved 1130496K
  class space    used 10194K, capacity 12526K, committed 12672K, reserved 1048576K
}
Event: 699.179 GC heap before
{Heap before GC invocations=65 (full 8):
 PSYoungGen      total 145408K, used 142016K [0x00000000f5580000, 0x00000000fe800000, 0x0000000100000000)
  eden space 141824K, 100% used [0x00000000f5580000,0x00000000fe000000,0x00000000fe000000)
  from space 3584K, 5% used [0x00000000fe480000,0x00000000fe4b0000,0x00000000fe800000)
  to   space 4096K, 0% used [0x00000000fe000000,0x00000000fe000000,0x00000000fe400000)
 ParOldGen       total 113664K, used 56231K [0x00000000e0000000, 0x00000000e6f00000, 0x00000000f5580000)
  object space 113664K, 49% used [0x00000000e0000000,0x00000000e36e9e68,0x00000000e6f00000)
 Metaspace       used 85597K, capacity 92888K, committed 93312K, reserved 1130496K
  class space    used 10194K, capacity 12526K, committed 12672K, reserved 1048576K
Event: 699.182 GC heap after
Heap after GC invocations=65 (full 8):
 PSYoungGen      total 145920K, used 128K [0x00000000f5580000, 0x00000000fe900000, 0x0000000100000000)
  eden space 141824K, 0% used [0x00000000f5580000,0x00000000f5580000,0x00000000fe000000)
  from space 4096K, 3% used [0x00000000fe000000,0x00000000fe020000,0x00000000fe400000)
  to   space 4096K, 0% used [0x00000000fe500000,0x00000000fe500000,0x00000000fe900000)
 ParOldGen       total 113664K, used 56231K [0x00000000e0000000, 0x00000000e6f00000, 0x00000000f5580000)
  object space 113664K, 49% used [0x00000000e0000000,0x00000000e36e9e68,0x00000000e6f00000)
 Metaspace       used 85597K, capacity 92888K, committed 93312K, reserved 1130496K
  class space    used 10194K, capacity 12526K, committed 12672K, reserved 1048576K
}
Event: 704.098 GC heap before
{Heap before GC invocations=66 (full 8):
 PSYoungGen      total 145920K, used 141952K [0x00000000f5580000, 0x00000000fe900000, 0x0000000100000000)
  eden space 141824K, 100% used [0x00000000f5580000,0x00000000fe000000,0x00000000fe000000)
  from space 4096K, 3% used [0x00000000fe000000,0x00000000fe020000,0x00000000fe400000)
  to   space 4096K, 0% used [0x00000000fe500000,0x00000000fe500000,0x00000000fe900000)
 ParOldGen       total 113664K, used 56231K [0x00000000e0000000, 0x00000000e6f00000, 0x00000000f5580000)
  object space 113664K, 49% used [0x00000000e0000000,0x00000000e36e9e68,0x00000000e6f00000)
 Metaspace       used 85605K, capacity 92888K, committed 93312K, reserved 1130496K
  class space    used 10195K, capacity 12526K, committed 12672K, reserved 1048576K
Event: 704.101 GC heap after
Heap after GC invocations=66 (full 8):
 PSYoungGen      total 145920K, used 128K [0x00000000f5580000, 0x00000000fe800000, 0x0000000100000000)
  eden space 142848K, 0% used [0x00000000f5580000,0x00000000f5580000,0x00000000fe100000)
  from space 3072K, 4% used [0x00000000fe500000,0x00000000fe520000,0x00000000fe800000)
  to   space 3584K, 0% used [0x00000000fe100000,0x00000000fe100000,0x00000000fe480000)
 ParOldGen       total 113664K, used 56239K [0x00000000e0000000, 0x00000000e6f00000, 0x00000000f5580000)
  object space 113664K, 49% used [0x00000000e0000000,0x00000000e36ebe68,0x00000000e6f00000)
 Metaspace       used 85605K, capacity 92888K, committed 93312K, reserved 1130496K
  class space    used 10195K, capacity 12526K, committed 12672K, reserved 1048576K
}
Event: 708.974 GC heap before
{Heap before GC invocations=67 (full 8):
 PSYoungGen      total 145920K, used 142976K [0x00000000f5580000, 0x00000000fe800000, 0x0000000100000000)
  eden space 142848K, 100% used [0x00000000f5580000,0x00000000fe100000,0x00000000fe100000)
  from space 3072K, 4% used [0x00000000fe500000,0x00000000fe520000,0x00000000fe800000)
  to   space 3584K, 0% used [0x00000000fe100000,0x00000000fe100000,0x00000000fe480000)
 ParOldGen       total 113664K, used 56239K [0x00000000e0000000, 0x00000000e6f00000, 0x00000000f5580000)
  object space 113664K, 49% used [0x00000000e0000000,0x00000000e36ebe68,0x00000000e6f00000)
 Metaspace       used 85620K, capacity 92952K, committed 93312K, reserved 1130496K
  class space    used 10195K, capacity 12526K, committed 12672K, reserved 1048576K
Event: 708.977 GC heap after
Heap after GC invocations=67 (full 8):
 PSYoungGen      total 146432K, used 160K [0x00000000f5580000, 0x00000000fe900000, 0x0000000100000000)
  eden space 142848K, 0% used [0x00000000f5580000,0x00000000f5580000,0x00000000fe100000)
  from space 3584K, 4% used [0x00000000fe100000,0x00000000fe128000,0x00000000fe480000)
  to   space 3584K, 0% used [0x00000000fe580000,0x00000000fe580000,0x00000000fe900000)
 ParOldGen       total 113664K, used 56239K [0x00000000e0000000, 0x00000000e6f00000, 0x00000000f5580000)
  object space 113664K, 49% used [0x00000000e0000000,0x00000000e36ebe68,0x00000000e6f00000)
 Metaspace       used 85620K, capacity 92952K, committed 93312K, reserved 1130496K
  class space    used 10195K, capacity 12526K, committed 12672K, reserved 1048576K
}
Event: 713.129 GC heap before
{Heap before GC invocations=68 (full 8):
 PSYoungGen      total 146432K, used 143008K [0x00000000f5580000, 0x00000000fe900000, 0x0000000100000000)
  eden space 142848K, 100% used [0x00000000f5580000,0x00000000fe100000,0x00000000fe100000)
  from space 3584K, 4% used [0x00000000fe100000,0x00000000fe128000,0x00000000fe480000)
  to   space 3584K, 0% used [0x00000000fe580000,0x00000000fe580000,0x00000000fe900000)
 ParOldGen       total 113664K, used 56239K [0x00000000e0000000, 0x00000000e6f00000, 0x00000000f5580000)
  object space 113664K, 49% used [0x00000000e0000000,0x00000000e36ebe68,0x00000000e6f00000)
 Metaspace       used 86606K, capacity 93896K, committed 94208K, reserved 1130496K
  class space    used 10307K, capacity 12688K, committed 12800K, reserved 1048576K
Event: 713.133 GC heap after
Heap after GC invocations=68 (full 8):
 PSYoungGen      total 147456K, used 2133K [0x00000000f5580000, 0x00000000fe980000, 0x0000000100000000)
  eden space 143872K, 0% used [0x00000000f5580000,0x00000000f5580000,0x00000000fe200000)
  from space 3584K, 59% used [0x00000000fe580000,0x00000000fe795448,0x00000000fe900000)
  to   space 3584K, 0% used [0x00000000fe200000,0x00000000fe200000,0x00000000fe580000)
 ParOldGen       total 113664K, used 56247K [0x00000000e0000000, 0x00000000e6f00000, 0x00000000f5580000)
  object space 113664K, 49% used [0x00000000e0000000,0x00000000e36ede68,0x00000000e6f00000)
 Metaspace       used 86606K, capacity 93896K, committed 94208K, reserved 1130496K
  class space    used 10307K, capacity 12688K, committed 12800K, reserved 1048576K
}

Deoptimization events (10 events):
Event: 711.793 Thread 0x000000001bfe7800 Uncommon trap: reason=unstable_if action=reinterpret pc=0x000000000279cba4 method=sun.nio.cs.SingleByte$Encoder.encode(C)I @ 13
Event: 711.793 Thread 0x000000001bfe7800 Uncommon trap: reason=unstable_if action=reinterpret pc=0x0000000003b134dc method=java.nio.charset.CharsetEncoder.encode(Ljava/nio/CharBuffer;Ljava/nio/ByteBuffer;Z)Ljava/nio/charset/CoderResult; @ 105
Event: 711.795 Thread 0x0000000016df4800 Uncommon trap: reason=predicate action=maybe_recompile pc=0x0000000004c7b7b0 method=java.io.OutputStream.write([BII)V @ 62
Event: 711.861 Thread 0x0000000016df4800 Uncommon trap: reason=unstable_if action=reinterpret pc=0x0000000003bca264 method=org.eclipse.swt.graphics.Resource.dispose()V @ 15
Event: 712.534 Thread 0x0000000016df4800 Uncommon trap: reason=unstable_if action=reinterpret pc=0x00000000036ece9c method=org.eclipse.osgi.internal.hooks.EclipseLazyStarter.shouldActivateFor(Ljava/lang/String;Lorg/eclipse/osgi/container/Module;Lorg/eclipse/osgi/container/ModuleRevision;Lorg/ecli
Event: 712.591 Thread 0x0000000016df4800 Uncommon trap: reason=bimorphic action=maybe_recompile pc=0x000000000497575c method=org.eclipse.core.internal.dtree.AbstractDataTreeNode.assembleWith([Lorg/eclipse/core/internal/dtree/AbstractDataTreeNode;[Lorg/eclipse/core/internal/dtree/AbstractDataTreeNˆ/»hºD†@
Event: 712.591 Thread 0x0000000016df4800 Uncommon trap: reason=bimorphic action=maybe_recompile pc=0x000000000497575c method=org.eclipse.core.internal.dtree.AbstractDataTreeNode.assembleWith([Lorg/eclipse/core/internal/dtree/AbstractDataTreeNode;[Lorg/eclipse/core/internal/dtree/AbstractDataTreeN^ ŠtºD†@
Event: 712.591 Thread 0x0000000016df4800 Uncommon trap: reason=bimorphic action=maybe_recompile pc=0x000000000497575c method=org.eclipse.core.internal.dtree.AbstractDataTreeNode.assembleWith([Lorg/eclipse/core/internal/dtree/AbstractDataTreeNode;[Lorg/eclipse/core/internal/dtree/AbstractDataTreeNÇÜË€ºD†@
Event: 712.591 Thread 0x0000000016df4800 Uncommon trap: reason=bimorphic action=maybe_recompile pc=0x000000000497575c method=org.eclipse.core.internal.dtree.AbstractDataTreeNode.assembleWith([Lorg/eclipse/core/internal/dtree/AbstractDataTreeNode;[Lorg/eclipse/core/internal/dtree/AbstractDataTreeNræå+J†@
Event: 713.271 Thread 0x0000000016df4800 Uncommon trap: reason=unstable_if action=reinterpret pc=0x00000000035bbf5c method=sun.reflect.UnsafeStaticObjectFieldAccessorImpl.set(Ljava/lang/Object;Ljava/lang/Object;)V @ 13

Internal exceptions (10 events):
Event: 710.671 Thread 0x0000000002588000 Implicit null exception at 0x000000000322d521 to 0x000000000322d705
Event: 710.927 Thread 0x0000000002588000 Implicit null exception at 0x0000000003480d55 to 0x00000000034812a1
Event: 711.065 Thread 0x0000000002588000 Implicit null exception at 0x0000000002874ff0 to 0x0000000002875049
Event: 711.792 Thread 0x000000001bfe9000 Exception <a 'java/lang/InterruptedException'> (0x00000000fba5be98) thrown at [C:\re\workspace\8-2-build-windows-amd64-cygwin\jdk8u66\5298\hotspot\src\share\vm\runtime\objectMonitor.cpp, line 1683]
Event: 713.249 Thread 0x000000001b5db000 Exception <a 'java/lang/InterruptedException'> (0x00000000f5afd118) thrown at [C:\re\workspace\8-2-build-windows-amd64-cygwin\jdk8u66\5298\hotspot\src\share\vm\runtime\objectMonitor.cpp, line 1683]
Event: 713.271 Thread 0x0000000016df4800 Implicit null exception at 0x00000000035bbb57 to 0x00000000035bbf49
Event: 713.272 Thread 0x0000000015148000 Exception <a 'java/lang/InterruptedException'> (0x00000000f5afcc00) thrown at [C:\re\workspace\8-2-build-windows-amd64-cygwin\jdk8u66\5298\hotspot\src\share\vm\runtime\objectMonitor.cpp, line 1683]
Event: 713.274 Thread 0x000000001704c800 Exception <a 'java/lang/InterruptedException'> (0x00000000f5c8e3e8) thrown at [C:\re\workspace\8-2-build-windows-amd64-cygwin\jdk8u66\5298\hotspot\src\share\vm\runtime\objectMonitor.cpp, line 1683]
Event: 713.274 Thread 0x000000001514b000 Exception <a 'java/lang/InterruptedException'> (0x00000000f5d1a510) thrown at [C:\re\workspace\8-2-build-windows-amd64-cygwin\jdk8u66\5298\hotspot\src\share\vm\runtime\objectMonitor.cpp, line 1683]
Event: 713.274 Thread 0x0000000016d9e000 Exception <a 'java/lang/InterruptedException'> (0x00000000f5d34620) thrown at [C:\re\workspace\8-2-build-windows-amd64-cygwin\jdk8u66\5298\hotspot\src\share\vm\runtime\objectMonitor.cpp, line 1683]

Events (10 events):
Event: 713.307 loading class java/util/IdentityHashMap$IdentityHashMapIterator
Event: 713.309 loading class java/util/IdentityHashMap$IdentityHashMapIterator done
Event: 713.309 loading class java/util/IdentityHashMap$KeyIterator done
Event: 713.309 Thread 0x0000000016df4800 Thread added: 0x0000000016df4800
Event: 713.309 Executing VM operation: RevokeBias
Event: 713.309 Executing VM operation: RevokeBias done
Event: 713.309 Executing VM operation: RevokeBias
Event: 713.309 Executing VM operation: RevokeBias done
Event: 713.309 Thread 0x0000000016df4800 Thread exited: 0x0000000016df4800
Event: 713.310 Executing VM operation: Exit


Dynamic libraries:
0x0000000000400000 - 0x000000000044f000 	C:\Xilinx\SDK\2016.2\eclipse\win64.o\eclipse.exe
0x0000000077580000 - 0x000000007772a000 	C:\Windows\SYSTEM32\ntdll.dll
0x0000000077460000 - 0x000000007757f000 	C:\Windows\system32\kernel32.dll
0x000007fefd510000 - 0x000007fefd57a000 	C:\Windows\system32\KERNELBASE.dll
0x0000000077360000 - 0x000000007745a000 	C:\Windows\system32\USER32.dll
0x000007feff150000 - 0x000007feff1b7000 	C:\Windows\system32\GDI32.dll
0x000007feff2f0000 - 0x000007feff2fe000 	C:\Windows\system32\LPK.dll
0x000007feff3a0000 - 0x000007feff46a000 	C:\Windows\system32\USP10.dll
0x000007fefdb60000 - 0x000007fefdbff000 	C:\Windows\system32\msvcrt.dll
0x000007fefbbd0000 - 0x000007fefbdc4000 	C:\Windows\WinSxS\amd64_microsoft.windows.common-controls_6595b64144ccf1df_6.0.7601.18837_none_fa3b1e3d17594757\COMCTL32.dll
0x000007feff470000 - 0x000007feff4e1000 	C:\Windows\system32\SHLWAPI.dll
0x000007fefd950000 - 0x000007fefd97e000 	C:\Windows\system32\IMM32.DLL
0x000007feff760000 - 0x000007feff869000 	C:\Windows\system32\MSCTF.dll
0x0000000072000000 - 0x0000000072012000 	C:\Xilinx\SDK\2016.2\eclipse\win64.o\plugins\org.eclipse.equinox.launcher.win32.win32.x86_64_1.1.300.v20150602-1417\eclipse_1611.dll
0x000007feff050000 - 0x000007feff12b000 	C:\Windows\system32\ADVAPI32.dll
0x000007feff870000 - 0x000007feff88f000 	C:\Windows\SYSTEM32\sechost.dll
0x000007feff1c0000 - 0x000007feff2ed000 	C:\Windows\system32\RPCRT4.dll
0x000007fefc350000 - 0x000007fefc35c000 	C:\Windows\system32\VERSION.dll
0x000007fefbb70000 - 0x000007fefbbc6000 	C:\Windows\system32\UxTheme.dll
0x00000000702d0000 - 0x0000000070b59000 	C:\Xilinx\SDK\2016.2\tps\win64\jre\bin\server\jvm.dll
0x000007fefa2e0000 - 0x000007fefa2e9000 	C:\Windows\system32\WSOCK32.dll
0x000007fefde10000 - 0x000007fefde5d000 	C:\Windows\system32\WS2_32.dll
0x000007fefe1b0000 - 0x000007fefe1b8000 	C:\Windows\system32\NSI.dll
0x000007fefa090000 - 0x000007fefa0cb000 	C:\Windows\system32\WINMM.dll
0x0000000077740000 - 0x0000000077747000 	C:\Windows\system32\PSAPI.DLL
0x0000000072eb0000 - 0x0000000072f82000 	C:\Windows\system32\MSVCR100.dll
0x00000000743e0000 - 0x00000000743ef000 	C:\Xilinx\SDK\2016.2\tps\win64\jre\bin\verify.dll
0x0000000071bd0000 - 0x0000000071bf9000 	C:\Xilinx\SDK\2016.2\tps\win64\jre\bin\java.dll
0x0000000072490000 - 0x00000000724a6000 	C:\Xilinx\SDK\2016.2\tps\win64\jre\bin\zip.dll
0x000007fefe260000 - 0x000007fefefe9000 	C:\Windows\system32\SHELL32.dll
0x000007fefdc00000 - 0x000007fefde03000 	C:\Windows\system32\ole32.dll
0x000007fefd2c0000 - 0x000007fefd2cf000 	C:\Windows\system32\profapi.dll
0x000007fefcac0000 - 0x000007fefcad8000 	C:\Windows\system32\CRYPTSP.dll
0x000007fefc7c0000 - 0x000007fefc807000 	C:\Windows\system32\rsaenh.dll
0x000007fefd370000 - 0x000007fefd38e000 	C:\Windows\system32\USERENV.dll
0x000007fefd120000 - 0x000007fefd12f000 	C:\Windows\system32\CRYPTBASE.dll
0x0000000071bb0000 - 0x0000000071bca000 	C:\Xilinx\SDK\2016.2\tps\win64\jre\bin\net.dll
0x000007fefca60000 - 0x000007fefcab5000 	C:\Windows\system32\mswsock.dll
0x000007fefca50000 - 0x000007fefca57000 	C:\Windows\System32\wship6.dll
0x000007fef9ac0000 - 0x000007fef9ae7000 	C:\Windows\system32\IPHLPAPI.DLL
0x000007fef9ab0000 - 0x000007fef9abb000 	C:\Windows\system32\WINNSI.DLL
0x000007fef9450000 - 0x000007fef9461000 	C:\Windows\system32\dhcpcsvc6.DLL
0x000007fef9430000 - 0x000007fef9448000 	C:\Windows\system32\dhcpcsvc.DLL
0x0000000071b90000 - 0x0000000071ba1000 	C:\Xilinx\SDK\2016.2\tps\win64\jre\bin\nio.dll
0x000007fef9d20000 - 0x000007fef9d35000 	C:\Windows\system32\NLAapi.dll
0x000007fef8fd0000 - 0x000007fef8fe5000 	C:\Windows\system32\napinsp.dll
0x000007fef8ff0000 - 0x000007fef9009000 	C:\Windows\system32\pnrpnsp.dll
0x000007fefc8e0000 - 0x000007fefc93b000 	C:\Windows\system32\DNSAPI.dll
0x000007fef8fc0000 - 0x000007fef8fcb000 	C:\Windows\System32\winrnr.dll
0x000007fefc420000 - 0x000007fefc427000 	C:\Windows\System32\wshtcpip.dll
0x000007fef8f60000 - 0x000007fef8f68000 	C:\Windows\system32\rasadhlp.dll
0x000007fef94e0000 - 0x000007fef9533000 	C:\Windows\System32\fwpuclnt.dll
0x000000001b300000 - 0x000000001b3a8000 	C:\Users\wanxing1\.Xilinx\SDK\2016.2\org.eclipse.osgi\312\0\.cp\swt-win32-4527.dll
0x000007feff4f0000 - 0x000007feff5c8000 	C:\Windows\system32\OLEAUT32.dll
0x000007fefe1c0000 - 0x000007fefe257000 	C:\Windows\system32\comdlg32.dll
0x000007fef62f0000 - 0x000007fef6361000 	C:\Windows\system32\WINSPOOL.DRV
0x000007fefdee0000 - 0x000007fefe1a5000 	C:\Windows\system32\WININET.dll
0x000007fefd670000 - 0x000007fefd674000 	C:\Windows\system32\api-ms-win-downlevel-user32-l1-1-0.dll
0x000007fefd660000 - 0x000007fefd664000 	C:\Windows\system32\api-ms-win-downlevel-shlwapi-l1-1-0.dll
0x000007fefd650000 - 0x000007fefd654000 	C:\Windows\system32\api-ms-win-downlevel-version-l1-1-0.dll
0x000007fefd320000 - 0x000007fefd323000 	C:\Windows\system32\api-ms-win-downlevel-normaliz-l1-1-0.dll
0x0000000077750000 - 0x0000000077753000 	C:\Windows\system32\normaliz.DLL
0x000007fefd680000 - 0x000007fefd949000 	C:\Windows\system32\iertutil.dll
0x000007fefd580000 - 0x000007fefd585000 	C:\Windows\system32\api-ms-win-downlevel-advapi32-l1-1-0.dll
0x000007fefd390000 - 0x000007fefd4fd000 	C:\Windows\system32\CRYPT32.dll
0x000007fefd2d0000 - 0x000007fefd2df000 	C:\Windows\system32\MSASN1.dll
0x000007fefb640000 - 0x000007fefb76c000 	C:\Windows\system32\propsys.dll
0x000007feff300000 - 0x000007feff399000 	C:\Windows\system32\CLBCatQ.DLL
0x00000000003c0000 - 0x00000000003de000 	C:\Users\wanxing1\.Xilinx\SDK\2016.2\org.eclipse.osgi\312\0\.cp\swt-gdip-win32-4527.dll
0x000007fefb950000 - 0x000007fefbb66000 	C:\Windows\WinSxS\amd64_microsoft.windows.gdiplus_6595b64144ccf1df_1.1.7601.23508_none_145555328b95eaaa\gdiplus.dll
0x000007fefb470000 - 0x000007fefb5d1000 	C:\Windows\system32\WindowsCodecs.dll
0x0000000180000000 - 0x0000000180012000 	C:\Users\wanxing1\.Xilinx\SDK\2016.2\org.eclipse.osgi\126\0\.cp\os\win32\x86_64\localfile_1_0_0.dll
0x000007feefe40000 - 0x000007feefe94000 	C:\Windows\system32\oleacc.dll
0x000007fef9c00000 - 0x000007fef9c07000 	C:\Windows\system32\msimg32.dll
0x000007fefd210000 - 0x000007fefd224000 	C:\Windows\system32\RpcRtRemote.dll
0x000007fefb400000 - 0x000007fefb411000 	C:\Users\wanxing1\.Xilinx\SDK\2016.2\org.eclipse.osgi\129\0\.cp\jWinHttp-1.0.0.dll
0x000007fef89d0000 - 0x000007fef8a41000 	C:\Windows\system32\WINHTTP.dll
0x000007fef8930000 - 0x000007fef8994000 	C:\Windows\system32\webio.dll
0x000007fefd090000 - 0x000007fefd0b5000 	C:\Windows\system32\SspiCli.dll
0x000007fefc680000 - 0x000007fefc68a000 	C:\Windows\system32\credssp.dll
0x000007fefd330000 - 0x000007fefd366000 	C:\Windows\system32\CFGMGR32.dll
0x000007fefd0c0000 - 0x000007fefd117000 	C:\Windows\system32\apphelp.dll
0x000007fefb3f0000 - 0x000007fefb3ff000 	C:\Xilinx\SDK\2016.2\lib\win64.o\librdi_repo_manager.dll
0x000007fef2850000 - 0x000007fef287a000 	C:\Xilinx\SDK\2016.2\lib\win64.o\libisl_sysinfo.dll
0x000007feecc60000 - 0x000007feecd34000 	C:\Windows\system32\MSVCR110.dll
0x000007feecbb0000 - 0x000007feecc57000 	C:\Windows\system32\MSVCP110.dll
0x000007fec2f10000 - 0x000007fec3950000 	C:\Xilinx\SDK\2016.2\lib\win64.o\librdi_common.dll
0x000007fec4020000 - 0x000007fec438e000 	C:\Xilinx\SDK\2016.2\lib\win64.o\libCOIN-all.dll
0x000007fec3e00000 - 0x000007fec401f000 	C:\Xilinx\SDK\2016.2\lib\win64.o\libXil_lmgr11.dll
0x000007fefb330000 - 0x000007fefb346000 	C:\Windows\system32\NETAPI32.dll
0x000007fefc6f0000 - 0x000007fefc6fc000 	C:\Windows\system32\netutils.dll
0x000007fefcd60000 - 0x000007fefcd83000 	C:\Windows\system32\srvcli.dll
0x000007fefb310000 - 0x000007fefb325000 	C:\Windows\system32\wkscli.dll
0x000007fefd2e0000 - 0x000007fefd31b000 	C:\Windows\system32\WINTRUST.dll
0x000007fefb3b0000 - 0x000007fefb3c0000 	C:\Xilinx\SDK\2016.2\lib\win64.o\libboost_date_time.dll
0x000007fef2820000 - 0x000007fef2844000 	C:\Xilinx\SDK\2016.2\lib\win64.o\libboost_filesystem.dll
0x000007fefb370000 - 0x000007fefb379000 	C:\Xilinx\SDK\2016.2\lib\win64.o\libboost_system.dll
0x000007fef2710000 - 0x000007fef2787000 	C:\Xilinx\SDK\2016.2\lib\win64.o\libboost_program_options.dll
0x000007fec3cf0000 - 0x000007fec3df6000 	C:\Xilinx\SDK\2016.2\lib\win64.o\libboost_regex.dll
0x000007fef2800000 - 0x000007fef2813000 	C:\Xilinx\SDK\2016.2\lib\win64.o\libboost_signals.dll
0x000007fef27e0000 - 0x000007fef27fd000 	C:\Xilinx\SDK\2016.2\lib\win64.o\libboost_thread.dll
0x000007fefb2a0000 - 0x000007fefb2ab000 	C:\Xilinx\SDK\2016.2\lib\win64.o\libboost_chrono.dll
0x000007fef52e0000 - 0x000007fef52eb000 	C:\Xilinx\SDK\2016.2\lib\win64.o\libboost_xilinx.dll
0x000007fef1f90000 - 0x000007fef2010000 	C:\Xilinx\SDK\2016.2\lib\win64.o\libhdlpsolve.dll
0x000007fec47d0000 - 0x000007fec486a000 	C:\Xilinx\SDK\2016.2\lib\win64.o\libhdxml.dll
0x000007fec2aa0000 - 0x000007fec2f05e00 	C:\Xilinx\SDK\2016.2\lib\win64.o\libisl_iostreams.dll
0x000007fef1f70000 - 0x000007fef1f86000 	C:\Xilinx\SDK\2016.2\lib\win64.o\libboost_iostreams.dll
0x000007fef1f40000 - 0x000007fef1f63000 	C:\Xilinx\SDK\2016.2\lib\win64.o\librdizlib.dll
0x000007fec4700000 - 0x000007fec4723000 	C:\Xilinx\SDK\2016.2\lib\win64.o\libisl_iosutils.dll
0x000007fef1f20000 - 0x000007fef1f35000 	C:\Xilinx\SDK\2016.2\lib\win64.o\pthreadVC2.dll
0x000007fec3c90000 - 0x000007fec3ce4000 	C:\Xilinx\SDK\2016.2\lib\win64.o\librdi_commonxillic.dll
0x000007fec3b60000 - 0x000007fec3c90000 	C:\Xilinx\SDK\2016.2\lib\win64.o\librdi_curl.dll
0x000007fef1e10000 - 0x000007fef1e28000 	C:\Xilinx\SDK\2016.2\lib\win64.o\librdiconfig.dll
0x0000000071a60000 - 0x0000000071b87000 	C:\Xilinx\SDK\2016.2\lib\win64.o\tcl85t.dll
0x00000000238f0000 - 0x0000000023b53000 	C:\Xilinx\SDK\2016.2\lib\win64.o\xerces-c_3_1.dll
0x000007feff5d0000 - 0x000007feff756000 	C:\Windows\system32\urlmon.dll
0x000007fefd500000 - 0x000007fefd504000 	C:\Windows\system32\api-ms-win-downlevel-ole32-l1-1-0.dll
0x000007feed310000 - 0x000007feed333000 	C:\Windows\system32\VCOMP110.DLL
0x000007fec3960000 - 0x000007fec3b52000 	C:\Xilinx\SDK\2016.2\lib\win64.o\librdi_hsm.dll
0x000007fec2a50000 - 0x000007fec2a93000 	C:\Xilinx\SDK\2016.2\lib\win64.o\librdi_hdf.dll
0x000007fec27c0000 - 0x000007fec2a41000 	C:\Xilinx\SDK\2016.2\lib\win64.o\librdi_ippcw.dll
0x000007fef1f00000 - 0x000007fef1f16000 	C:\Xilinx\SDK\2016.2\eclipse\win64.o\plugins\org.eclipse.cdt.core.win32.x86_64_5.4.0.201509131935\os\win32\x86_64\spawner.dll
0x0000000071100000 - 0x0000000071125000 	C:\Users\wanxing1\.jssc\windows\jSSC-2.8_x86_64.dll
0x0000000071080000 - 0x00000000710a6000 	C:\Xilinx\SDK\2016.2\eclipse\win64.o\plugins\gnu.io.rxtx.win32.x86_64_2.1.7.3_v20071015\os\win32\x86_64\rxtxSerial.dll
0x000007fef52b0000 - 0x000007fef52ba000 	C:\Xilinx\SDK\2016.2\lib\win64.o\librdi_jtag_settings.dll
0x000007fef1e70000 - 0x000007fef1e99000 	C:\Xilinx\SDK\2016.2\lib\win64.o\librdi_debug_dialog.dll
0x000007fef4cd0000 - 0x000007fef4cd8000 	C:\Xilinx\SDK\2016.2\lib\win64.o\librdi_target_manager.dll
0x000007feb7890000 - 0x000007feb80a0000 	C:\Xilinx\SDK\2016.2\lib\win64.o\libXil_lmgr11FNP.dll

VM Arguments:
jvm_args: -Dcom.xilinx.sdk.args.hwspec=W:/video_demo/NexysVideo-master/Projects/hdmi/proj/hdmi.sdk/hdmi_wrapper.hdf -Xms64m -Xmx512m & 
java_command: <unknown>
java_class_path (initial): C:\Xilinx\SDK\2016.2\eclipse\win64.o\\plugins/org.eclipse.equinox.launcher_1.3.100.v20150511-1540.jar
Launcher Type: generic

Environment Variables:
PATH=C:/Xilinx/SDK/2016.2/tps/win64/jre/bin/server;C:/Xilinx/SDK/2016.2/tps/win64/jre/bin;C:/Xilinx/SDK/2016.2/tps/win64/jre/lib/amd64;C:\Xilinx\SDK\2016.2\gnuwin\bin;C:\Xilinx\SDK\2016.2\gnu\microblaze\nt\bin;C:\Xilinx\SDK\2016.2\gnu\microblaze\linux_toolchain\nt64_le\bin;C:\Xilinx\SDK\2016.2\gnu\microblaze\linux_toolchain\nt64_be\bin;C:\Xilinx\SDK\2016.2\gnu\arm\nt\bin;C:\Xilinx\SDK\2016.2\gnu\aarch64\nt\aarch64-none\bin;C:\Xilinx\SDK\2016.2\gnu\aarch64\nt\aarch64-linux\bin;C:\Xilinx\SDK\2016.2\gnu\armr5\nt\gcc-arm-none-eabi\bin;C:\Xilinx\SDK\2016.2\gnu\aarch32\nt\gcc-arm-none-eabi\bin;C:\Xilinx\SDK\2016.2\gnu\aarch32\nt\gcc-arm-linux-gnueabi\bin;C:\Xilinx\SDK\2016.2\tps\win64\cmake-3.3.2\bin;;C:\Xilinx\SDK\2016.2\bin;C:\Xilinx\SDK\2016.2\lib\win64.o;C:\Xilinx\SDK\2016.2\tps\win64\jre\bin\server;C:\Xilinx\SDK\2016.2\tps\win64\jre\bin;C:\Xilinx\Vivado\2016.2\ids_lite\ISE\bin\nt64;C:\Xilinx\Vivado\2016.2\ids_lite\ISE\lib\nt64;C:\Xilinx\Vivado\2016.2\bin;C:\Xilinx\Vivado\2016.2\lib\win64.o;C:\Xilinx\Vivado\2016.2\tps\win64\jre\bin\server;C:\Xilinx\Vivado\2016.2\tps\win64\jre\bin;C:\Xilinx\Vivado_HLS\2016.2\bin;C:\Windows\system32;C:\Windows;C:\Windows\System32\Wbem;C:\Windows\System32\WindowsPowerShell\v1.0\;C:\Program Files (x86)\Java\jre6\bin;C:\Program Files (x86)\eclipse;C:\altera\16.0\quartus\bin64;c:\altera\16.0\quartus\bin64\jre64\bin;W:\video_demo\NexysVideo-master\Projects\hdmi\proj;
USERNAME=wanxing1
OS=Windows_NT
PROCESSOR_IDENTIFIER=Intel64 Family 6 Model 60 Stepping 3, GenuineIntel



---------------  S Y S T E M  ---------------

OS: Windows 7 , 64 bit Build 7601 (6.1.7601.23418)

CPU:total 8 (4 cores per cpu, 2 threads per core) family 6 model 60 stepping 3, cmov, cx8, fxsr, mmx, sse, sse2, sse3, ssse3, sse4.1, sse4.2, popcnt, avx, avx2, aes, clmul, erms, lzcnt, ht, tsc, tscinvbit, bmi1, bmi2

Memory: 4k page, physical 16683160k(12496912k free), swap 33364460k(28752688k free)

vm_info: Java HotSpot(TM) 64-Bit Server VM (25.66-b18) for windows-amd64 JRE (1.8.0_66-b18), built on Nov  9 2015 10:51:13 by "java_re" with MS VC++ 10.0 (VS2010)

time: Fri Feb 17 12:27:11 2017
elapsed time: 713 seconds (0d 0h 11m 53s)

