#
# A fatal error has been detected by the Java Runtime Environment:
#
#  Internal Error (0xc000000d), pid=3492, tid=4724
#
# JRE version: Java(TM) SE Runtime Environment (8.0_66-b18) (build 1.8.0_66-b18)
# Java VM: Java HotSpot(TM) 64-Bit Server VM (25.66-b18 mixed mode windows-amd64 compressed oops)
# Problematic frame:
# C  [ntdll.dll+0x96b4f]
#
# Failed to write core dump. Minidumps are not enabled by default on client versions of Windows
#
# If you would like to submit a bug report, please visit:
#   http://bugreport.java.com/bugreport/crash.jsp
#

---------------  T H R E A D  ---------------

Current thread (0x0000000014e22800):  VMThread [stack: 0x0000000015d70000,0x0000000015e70000] [id=4724]

siginfo: ExceptionCode=0xc000000d

Registers:
RAX=0x0000000066609d6f, RBX=0x0000000000000000, RCX=0x0000000015e6ed10, RDX=0x0000000000000000
RSP=0x0000000015e6f320, RBP=0x000000002841be60, RSI=0x000007feed617408, RDI=0x0000000015e6f468
R8 =0x0000000000000000, R9 =0x0000000000000000, R10=0x0000000000000000, R11=0x0000000000000246
R12=0x0000000017488500, R13=0x00000000174884d0, R14=0x000000002841bf68, R15=0x0000000000000000
RIP=0x0000000077ad6b4f, EFLAGS=0x0000000000000206

Top of Stack: (sp=0x0000000015e6f320)
0x0000000015e6f320:   0000000000000000 000007feed617408
0x0000000015e6f330:   0000000015e6f468 0000000000000000
0x0000000015e6f340:   0000000000000050 0000000000170000
0x0000000015e6f350:   0000000000000000 0000000000000000
0x0000000015e6f360:   0000000000000002 0000000077a8db18
0x0000000015e6f370:   00000000c000000d 0000000000000000
0x0000000015e6f380:   0000000077ad6b4f 0000000000000000
0x0000000015e6f390:   0000000000000000 0000000000000000
0x0000000015e6f3a0:   0000000000000000 0000000000000000
0x0000000015e6f3b0:   0000000000000000 0000000000000000
0x0000000015e6f3c0:   0000000000000000 0000000000000000
0x0000000015e6f3d0:   0000000000000000 0000000000000000
0x0000000015e6f3e0:   0000000000000000 0000000000000000
0x0000000015e6f3f0:   0000000000000000 0000000000000000
0x0000000015e6f400:   0000000000000000 0000000017488500
0x0000000015e6f410:   0000000000000cac 0000000077863458 

Instructions: (pc=0x0000000077ad6b4f)
0x0000000077ad6b2f:   cd 6b fb ff b9 57 00 00 00 c7 44 24 50 0d 00 00
0x0000000077ad6b3f:   c0 e8 bb 6e fb ff 48 8d 4c 24 50 e8 31 1d f8 ff
0x0000000077ad6b4f:   4c 8b 1d 82 68 09 00 4d 85 db 74 5b 65 48 8b 04
0x0000000077ad6b5f:   25 30 00 00 00 f6 80 ee 17 00 00 08 74 12 65 48 


Register to memory mapping:

RAX=0x0000000066609d6f is an unknown value
RBX=0x0000000000000000 is an unknown value
RCX=0x0000000015e6ed10 is an unknown value
RDX=0x0000000000000000 is an unknown value
RSP=0x0000000015e6f320 is an unknown value
RBP=0x000000002841be60 is an unknown value
RSI=0x000007feed617408 is an unknown value
RDI=0x0000000015e6f468 is an unknown value
R8 =0x0000000000000000 is an unknown value
R9 =0x0000000000000000 is an unknown value
R10=0x0000000000000000 is an unknown value
R11=0x0000000000000246 is an unknown value
R12=0x0000000017488500 is an unknown value
R13=0x00000000174884d0 is an unknown value
R14=0x000000002841bf68 is an unknown value
R15=0x0000000000000000 is an unknown value


Stack: [0x0000000015d70000,0x0000000015e70000],  sp=0x0000000015e6f320,  free space=1020k
Native frames: (J=compiled Java code, j=interpreted, Vv=VM code, C=native code)
C  [ntdll.dll+0x96b4f]
C  [kernel32.dll+0x43458]
C  [MSVCR110.dll+0x752d]
C  [MSVCR110.dll+0x73c6]
C  [MSVCR110.dll+0x14cca]
C  [MSVCR110.dll+0x13edc]
C  [MSVCR110.dll+0x239e]
C  [MSVCR110.dll+0xaf9e]
C  [MSVCP110.dll+0x397b9]
C  [librdi_common.dll+0x182316]
C  [librdi_common.dll+0x180fab]
C  [librdi_target_manager.dll+0x2400]
C  [librdi_target_manager.dll+0x2682]
C  [ntdll.dll+0x229b1]
C  [ntdll.dll+0x227c0]
C  [MSVCR100.dll+0x20ccd]
V  [jvm.dll+0x210cc5]
V  [jvm.dll+0x249897]
V  [jvm.dll+0x248b36]
V  [jvm.dll+0x248fd1]
V  [jvm.dll+0x2491ee]
V  [jvm.dll+0x29a0fa]
C  [MSVCR100.dll+0x21d9f]
C  [MSVCR100.dll+0x21e3b]
C  [kernel32.dll+0x159bd]
C  [ntdll.dll+0x2a2e1]

VM_Operation (0x000000000012f4c0): Exit, mode: safepoint, requested by thread 0x0000000002408000


---------------  P R O C E S S  ---------------

Java Threads: ( => current thread )
  0x000000001ae52800 JavaThread "Thread-23" daemon [_thread_blocked, id=4508, stack(0x0000000025390000,0x0000000025490000)]
  0x000000001ae4e000 JavaThread "TCF Channel Transmitter" daemon [_thread_blocked, id=3416, stack(0x00000000230e0000,0x00000000231e0000)]
  0x000000001ae4d000 JavaThread "TCF Channel Receiver" daemon [_thread_in_native, id=3996, stack(0x0000000022070000,0x0000000022170000)]
  0x000000001ae4b800 JavaThread "Process monitor" daemon [_thread_in_native, id=2264, stack(0x0000000024500000,0x0000000024600000)]
  0x000000001ae4b000 JavaThread "Input Stream Monitor" daemon [_thread_blocked, id=3740, stack(0x0000000024400000,0x0000000024500000)]
  0x000000001ae4a000 JavaThread "Output Stream Monitor" daemon [_thread_in_native, id=1344, stack(0x0000000024300000,0x0000000024400000)]
  0x000000001ae49000 JavaThread "Output Stream Monitor" daemon [_thread_in_native, id=568, stack(0x0000000024200000,0x0000000024300000)]
  0x0000000016e97000 JavaThread "TCF Locator DNS Lookup" daemon [_thread_blocked, id=2808, stack(0x00000000208a0000,0x00000000209a0000)]
  0x0000000016e96000 JavaThread "TCF Locator Timer" daemon [_thread_blocked, id=952, stack(0x00000000207a0000,0x00000000208a0000)]
  0x0000000016e95800 JavaThread "TCF Locator Receiver" daemon [_thread_in_native, id=3792, stack(0x00000000206a0000,0x00000000207a0000)]
  0x0000000016e94000 JavaThread "TCF Timer Dispatcher" daemon [_thread_blocked, id=4176, stack(0x0000000020470000,0x0000000020570000)]
  0x0000000016e91800 JavaThread "EMF Reference Cleaner" daemon [_thread_blocked, id=4248, stack(0x000000001cf40000,0x000000001d040000)]
  0x0000000014ee0000 JavaThread "Service Thread" daemon [_thread_blocked, id=2752, stack(0x0000000016730000,0x0000000016830000)]
  0x0000000014e89800 JavaThread "C1 CompilerThread3" daemon [_thread_blocked, id=2028, stack(0x0000000016630000,0x0000000016730000)]
  0x0000000014e7d000 JavaThread "C2 CompilerThread2" daemon [_thread_blocked, id=176, stack(0x0000000016530000,0x0000000016630000)]
  0x0000000014e79800 JavaThread "C2 CompilerThread1" daemon [_thread_blocked, id=1592, stack(0x0000000016430000,0x0000000016530000)]
  0x0000000014e75000 JavaThread "C2 CompilerThread0" daemon [_thread_blocked, id=1040, stack(0x0000000016330000,0x0000000016430000)]
  0x0000000014e6e000 JavaThread "Attach Listener" daemon [_thread_blocked, id=2544, stack(0x0000000016230000,0x0000000016330000)]
  0x0000000014e6c800 JavaThread "Signal Dispatcher" daemon [_thread_blocked, id=3956, stack(0x0000000016130000,0x0000000016230000)]
  0x0000000013cab000 JavaThread "Finalizer" daemon [_thread_blocked, id=2432, stack(0x0000000015f70000,0x0000000016070000)]
  0x0000000013ca4800 JavaThread "Reference Handler" daemon [_thread_blocked, id=3932, stack(0x0000000015e70000,0x0000000015f70000)]
  0x0000000002408000 JavaThread "main" [_thread_blocked, id=4652, stack(0x0000000000030000,0x0000000000130000)]

Other Threads:
=>0x0000000014e22800 VMThread [stack: 0x0000000015d70000,0x0000000015e70000] [id=4724]

VM state:at safepoint (shutting down)

VM Mutex/Monitor currently owned by a thread:  ([mutex/lock_event])
[0x00000000024ee520] Threads_lock - owner thread: 0x0000000014e22800

Heap:
 PSYoungGen      total 145408K, used 36962K [0x00000000f5580000, 0x0000000100000000, 0x0000000100000000)
  eden space 117248K, 31% used [0x00000000f5580000,0x00000000f7998858,0x00000000fc800000)
  from space 28160K, 0% used [0x00000000fc800000,0x00000000fc800000,0x00000000fe380000)
  to   space 27136K, 0% used [0x00000000fe580000,0x00000000fe580000,0x0000000100000000)
 ParOldGen       total 119808K, used 57710K [0x00000000e0000000, 0x00000000e7500000, 0x00000000f5580000)
  object space 119808K, 48% used [0x00000000e0000000,0x00000000e385b800,0x00000000e7500000)
 Metaspace       used 84252K, capacity 91108K, committed 91352K, reserved 1128448K
  class space    used 10044K, capacity 12211K, committed 12288K, reserved 1048576K

Card table byte_map: [0x00000000118b0000,0x00000000119c0000] byte_map_base: 0x00000000111b0000

Marking Bits: (ParMarkBitMap*) 0x000000006dd5a5b0
 Begin Bits: [0x00000000121c0000, 0x00000000129c0000)
 End Bits:   [0x00000000129c0000, 0x00000000131c0000)

Polling page: 0x0000000000600000

CodeCache: size=245760Kb used=34392Kb max_used=34601Kb free=211367Kb
 bounds [0x00000000024f0000, 0x0000000004700000, 0x00000000114f0000]
 total_blobs=10283 nmethods=9390 adapters=801
 compilation: enabled

Compilation events (10 events):
Event: 578.840 Thread 0x0000000014e89800 11879   !   3       org.eclipse.osgi.storage.BundleInfo$Generation::clearManifestCache (30 bytes)
Event: 578.841 Thread 0x0000000014e89800 nmethod 11879 0x0000000003eff890 code [0x0000000003effa20, 0x0000000003f00068]
Event: 578.841 Thread 0x0000000014e89800 11880   !   3       org.eclipse.osgi.storage.ManifestLocalization::clearCache (28 bytes)
Event: 578.841 Thread 0x0000000014e79800 nmethod 11867 0x0000000003430750 code [0x0000000003430940, 0x00000000034315b0]
Event: 578.841 Thread 0x0000000014e89800 nmethod 11880 0x0000000003b72710 code [0x0000000003b72880, 0x0000000003b72c68]
Event: 578.841 Thread 0x0000000014e89800 11881       3       org.eclipse.osgi.container.ModuleWiring::unload (6 bytes)
Event: 578.842 Thread 0x0000000014e89800 nmethod 11881 0x0000000002b64f90 code [0x0000000002b65100, 0x0000000002b65288]
Event: 578.842 Thread 0x0000000014e89800 11882       3       org.eclipse.osgi.container.ModuleWiring::invalidate0 (52 bytes)
Event: 578.842 Thread 0x0000000014e89800 nmethod 11882 0x000000000342f950 code [0x000000000342fb00, 0x00000000034304a8]
Event: 578.848 Thread 0x0000000014e75000 nmethod 11781 0x0000000003d8a090 code [0x0000000003d8a6a0, 0x0000000003d91e10]

GC Heap History (10 events):
Event: 448.163 GC heap before
{Heap before GC invocations=36 (full 11):
 PSYoungGen      total 144384K, used 192K [0x00000000f5580000, 0x0000000100000000, 0x0000000100000000)
  eden space 114688K, 0% used [0x00000000f5580000,0x00000000f5580000,0x00000000fc580000)
  from space 29696K, 0% used [0x00000000fc580000,0x00000000fc5b0000,0x00000000fe280000)
  to   space 29184K, 0% used [0x00000000fe380000,0x00000000fe380000,0x0000000100000000)
 ParOldGen       total 119808K, used 63278K [0x00000000e0000000, 0x00000000e7500000, 0x00000000f5580000)
  object space 119808K, 52% used [0x00000000e0000000,0x00000000e3dcb9e0,0x00000000e7500000)
 Metaspace       used 82832K, capacity 89910K, committed 90200K, reserved 1128448K
  class space    used 9903K, capacity 12123K, committed 12160K, reserved 1048576K
Event: 448.300 GC heap after
Heap after GC invocations=36 (full 11):
 PSYoungGen      total 144384K, used 0K [0x00000000f5580000, 0x0000000100000000, 0x0000000100000000)
  eden space 114688K, 0% used [0x00000000f5580000,0x00000000f5580000,0x00000000fc580000)
  from space 29696K, 0% used [0x00000000fc580000,0x00000000fc580000,0x00000000fe280000)
  to   space 29184K, 0% used [0x00000000fe380000,0x00000000fe380000,0x0000000100000000)
 ParOldGen       total 119808K, used 63036K [0x00000000e0000000, 0x00000000e7500000, 0x00000000f5580000)
  object space 119808K, 52% used [0x00000000e0000000,0x00000000e3d8f048,0x00000000e7500000)
 Metaspace       used 82832K, capacity 89910K, committed 90200K, reserved 1128448K
  class space    used 9903K, capacity 12123K, committed 12160K, reserved 1048576K
}
Event: 508.173 GC heap before
{Heap before GC invocations=37 (full 11):
 PSYoungGen      total 144384K, used 4373K [0x00000000f5580000, 0x0000000100000000, 0x0000000100000000)
  eden space 114688K, 3% used [0x00000000f5580000,0x00000000f59c5610,0x00000000fc580000)
  from space 29696K, 0% used [0x00000000fc580000,0x00000000fc580000,0x00000000fe280000)
  to   space 29184K, 0% used [0x00000000fe380000,0x00000000fe380000,0x0000000100000000)
 ParOldGen       total 119808K, used 63036K [0x00000000e0000000, 0x00000000e7500000, 0x00000000f5580000)
  object space 119808K, 52% used [0x00000000e0000000,0x00000000e3d8f048,0x00000000e7500000)
 Metaspace       used 82835K, capacity 89910K, committed 90200K, reserved 1128448K
  class space    used 9903K, capacity 12123K, committed 12160K, reserved 1048576K
Event: 508.176 GC heap after
Heap after GC invocations=37 (full 11):
 PSYoungGen      total 146432K, used 192K [0x00000000f5580000, 0x0000000100000000, 0x0000000100000000)
  eden space 117248K, 0% used [0x00000000f5580000,0x00000000f5580000,0x00000000fc800000)
  from space 29184K, 0% used [0x00000000fe380000,0x00000000fe3b0000,0x0000000100000000)
  to   space 28160K, 0% used [0x00000000fc800000,0x00000000fc800000,0x00000000fe380000)
 ParOldGen       total 119808K, used 63044K [0x00000000e0000000, 0x00000000e7500000, 0x00000000f5580000)
  object space 119808K, 52% used [0x00000000e0000000,0x00000000e3d91048,0x00000000e7500000)
 Metaspace       used 82835K, capacity 89910K, committed 90200K, reserved 1128448K
  class space    used 9903K, capacity 12123K, committed 12160K, reserved 1048576K
}
Event: 508.176 GC heap before
{Heap before GC invocations=38 (full 12):
 PSYoungGen      total 146432K, used 192K [0x00000000f5580000, 0x0000000100000000, 0x0000000100000000)
  eden space 117248K, 0% used [0x00000000f5580000,0x00000000f5580000,0x00000000fc800000)
  from space 29184K, 0% used [0x00000000fe380000,0x00000000fe3b0000,0x0000000100000000)
  to   space 28160K, 0% used [0x00000000fc800000,0x00000000fc800000,0x00000000fe380000)
 ParOldGen       total 119808K, used 63044K [0x00000000e0000000, 0x00000000e7500000, 0x00000000f5580000)
  object space 119808K, 52% used [0x00000000e0000000,0x00000000e3d91048,0x00000000e7500000)
 Metaspace       used 82835K, capacity 89910K, committed 90200K, reserved 1128448K
  class space    used 9903K, capacity 12123K, committed 12160K, reserved 1048576K
Event: 508.415 GC heap after
Heap after GC invocations=38 (full 12):
 PSYoungGen      total 146432K, used 0K [0x00000000f5580000, 0x0000000100000000, 0x0000000100000000)
  eden space 117248K, 0% used [0x00000000f5580000,0x00000000f5580000,0x00000000fc800000)
  from space 29184K, 0% used [0x00000000fe380000,0x00000000fe380000,0x0000000100000000)
  to   space 28160K, 0% used [0x00000000fc800000,0x00000000fc800000,0x00000000fe380000)
 ParOldGen       total 119808K, used 57061K [0x00000000e0000000, 0x00000000e7500000, 0x00000000f5580000)
  object space 119808K, 47% used [0x00000000e0000000,0x00000000e37b97d0,0x00000000e7500000)
 Metaspace       used 82794K, capacity 89840K, committed 90200K, reserved 1128448K
  class space    used 9895K, capacity 12108K, committed 12160K, reserved 1048576K
}
Event: 572.796 GC heap before
{Heap before GC invocations=39 (full 12):
 PSYoungGen      total 146432K, used 20312K [0x00000000f5580000, 0x0000000100000000, 0x0000000100000000)
  eden space 117248K, 17% used [0x00000000f5580000,0x00000000f69560a0,0x00000000fc800000)
  from space 29184K, 0% used [0x00000000fe380000,0x00000000fe380000,0x0000000100000000)
  to   space 28160K, 0% used [0x00000000fc800000,0x00000000fc800000,0x00000000fe380000)
 ParOldGen       total 119808K, used 57061K [0x00000000e0000000, 0x00000000e7500000, 0x00000000f5580000)
  object space 119808K, 47% used [0x00000000e0000000,0x00000000e37b97d0,0x00000000e7500000)
 Metaspace       used 83223K, capacity 90282K, committed 90456K, reserved 1128448K
  class space    used 9934K, capacity 12147K, committed 12160K, reserved 1048576K
Event: 572.800 GC heap after
Heap after GC invocations=39 (full 12):
 PSYoungGen      total 145408K, used 900K [0x00000000f5580000, 0x0000000100000000, 0x0000000100000000)
  eden space 117248K, 0% used [0x00000000f5580000,0x00000000f5580000,0x00000000fc800000)
  from space 28160K, 3% used [0x00000000fc800000,0x00000000fc8e11c0,0x00000000fe380000)
  to   space 27136K, 0% used [0x00000000fe580000,0x00000000fe580000,0x0000000100000000)
 ParOldGen       total 119808K, used 57069K [0x00000000e0000000, 0x00000000e7500000, 0x00000000f5580000)
  object space 119808K, 47% used [0x00000000e0000000,0x00000000e37bb7d0,0x00000000e7500000)
 Metaspace       used 83223K, capacity 90282K, committed 90456K, reserved 1128448K
  class space    used 9934K, capacity 12147K, committed 12160K, reserved 1048576K
}
Event: 572.800 GC heap before
{Heap before GC invocations=40 (full 13):
 PSYoungGen      total 145408K, used 900K [0x00000000f5580000, 0x0000000100000000, 0x0000000100000000)
  eden space 117248K, 0% used [0x00000000f5580000,0x00000000f5580000,0x00000000fc800000)
  from space 28160K, 3% used [0x00000000fc800000,0x00000000fc8e11c0,0x00000000fe380000)
  to   space 27136K, 0% used [0x00000000fe580000,0x00000000fe580000,0x0000000100000000)
 ParOldGen       total 119808K, used 57069K [0x00000000e0000000, 0x00000000e7500000, 0x00000000f5580000)
  object space 119808K, 47% used [0x00000000e0000000,0x00000000e37bb7d0,0x00000000e7500000)
 Metaspace       used 83223K, capacity 90282K, committed 90456K, reserved 1128448K
  class space    used 9934K, capacity 12147K, committed 12160K, reserved 1048576K
Event: 573.080 GC heap after
Heap after GC invocations=40 (full 13):
 PSYoungGen      total 145408K, used 0K [0x00000000f5580000, 0x0000000100000000, 0x0000000100000000)
  eden space 117248K, 0% used [0x00000000f5580000,0x00000000f5580000,0x00000000fc800000)
  from space 28160K, 0% used [0x00000000fc800000,0x00000000fc800000,0x00000000fe380000)
  to   space 27136K, 0% used [0x00000000fe580000,0x00000000fe580000,0x0000000100000000)
 ParOldGen       total 119808K, used 57710K [0x00000000e0000000, 0x00000000e7500000, 0x00000000f5580000)
  object space 119808K, 48% used [0x00000000e0000000,0x00000000e385b800,0x00000000e7500000)
 Metaspace       used 83212K, capacity 90264K, committed 90456K, reserved 1128448K
  class space    used 9932K, capacity 12144K, committed 12160K, reserved 1048576K
}

Deoptimization events (10 events):
Event: 577.238 Thread 0x0000000016e92800 Uncommon trap: reason=unstable_if action=reinterpret pc=0x000000000419a688 method=org.eclipse.e4.ui.internal.workbench.swt.E4Application$1.syncExec(Ljava/lang/Runnable;)V @ 14
Event: 577.281 Thread 0x000000001ae46000 Uncommon trap: reason=unstable_if action=reinterpret pc=0x000000000266dd64 method=sun.nio.cs.SingleByte$Encoder.encode(C)I @ 13
Event: 577.281 Thread 0x000000001ae46000 Uncommon trap: reason=unstable_if action=reinterpret pc=0x0000000003cfd75c method=java.nio.charset.CharsetEncoder.encode(Ljava/nio/CharBuffer;Ljava/nio/ByteBuffer;Z)Ljava/nio/charset/CoderResult; @ 105
Event: 577.284 Thread 0x0000000016e98800 Uncommon trap: reason=predicate action=maybe_recompile pc=0x00000000046126f0 method=java.io.OutputStream.write([BII)V @ 62
Event: 577.322 Thread 0x0000000016e98800 Uncommon trap: reason=unstable_if action=reinterpret pc=0x000000000445d1a4 method=org.eclipse.swt.graphics.Resource.dispose()V @ 15
Event: 577.981 Thread 0x0000000016e98800 Uncommon trap: reason=unstable_if action=reinterpret pc=0x00000000034cb1b0 method=org.eclipse.osgi.internal.hooks.EclipseLazyStarter.shouldActivateFor(Ljava/lang/String;Lorg/eclipse/osgi/container/Module;Lorg/eclipse/osgi/container/ModuleRevision;Lorg/ecli2è§›ÄÇ@
Event: 578.063 Thread 0x0000000016e98800 Uncommon trap: reason=unstable_if action=reinterpret pc=0x00000000046d6e4c method=org.eclipse.osgi.internal.framework.FilterImpl.compare_Long(IJLjava/lang/Object;)Z @ 146
Event: 578.439 Thread 0x0000000016e98800 Uncommon trap: reason=unstable_if action=reinterpret pc=0x0000000003d736a0 method=java.io.DataOutputStream.writeUTF(Ljava/lang/String;Ljava/io/DataOutput;)I @ 37
Event: 578.440 Thread 0x0000000016e98800 Uncommon trap: reason=unstable_if action=reinterpret pc=0x0000000002abffdc method=java.io.DataOutputStream.writeUTF(Ljava/lang/String;Ljava/io/DataOutput;)I @ 235
Event: 578.832 Thread 0x0000000016e98800 Uncommon trap: reason=unstable_if action=reinterpret pc=0x0000000002f3b5dc method=sun.reflect.UnsafeStaticObjectFieldAccessorImpl.set(Ljava/lang/Object;Ljava/lang/Object;)V @ 13

Internal exceptions (10 events):
Event: 567.028 Thread 0x0000000002408000 Implicit null exception at 0x00000000030a77f4 to 0x00000000030a7891
Event: 576.683 Thread 0x0000000002408000 Implicit null exception at 0x0000000002a8423c to 0x0000000002a84755
Event: 576.788 Thread 0x0000000016e98800 Implicit null exception at 0x0000000004118fc2 to 0x00000000041195b1
Event: 577.280 Thread 0x000000001ae51000 Exception <a 'java/lang/InterruptedException'> (0x00000000f6fa13b0) thrown at [C:\re\workspace\8-2-build-windows-amd64-cygwin\jdk8u66\5298\hotspot\src\share\vm\runtime\objectMonitor.cpp, line 1683]
Event: 578.809 Thread 0x0000000016e92800 Exception <a 'java/lang/InterruptedException'> (0x00000000f56d2678) thrown at [C:\re\workspace\8-2-build-windows-amd64-cygwin\jdk8u66\5298\hotspot\src\share\vm\runtime\objectMonitor.cpp, line 1683]
Event: 578.832 Thread 0x0000000016e98800 Implicit null exception at 0x0000000002f3b1d7 to 0x0000000002f3b5c9
Event: 578.832 Thread 0x0000000016a15800 Exception <a 'java/lang/InterruptedException'> (0x00000000f7599180) thrown at [C:\re\workspace\8-2-build-windows-amd64-cygwin\jdk8u66\5298\hotspot\src\share\vm\runtime\objectMonitor.cpp, line 1683]
Event: 578.834 Thread 0x0000000016d21000 Exception <a 'java/lang/InterruptedException'> (0x00000000f5e46b38) thrown at [C:\re\workspace\8-2-build-windows-amd64-cygwin\jdk8u66\5298\hotspot\src\share\vm\runtime\objectMonitor.cpp, line 1683]
Event: 578.834 Thread 0x00000000169ae000 Exception <a 'java/lang/InterruptedException'> (0x00000000f77b4a20) thrown at [C:\re\workspace\8-2-build-windows-amd64-cygwin\jdk8u66\5298\hotspot\src\share\vm\runtime\objectMonitor.cpp, line 1683]
Event: 578.835 Thread 0x0000000018798800 Exception <a 'java/lang/InterruptedException'> (0x00000000f77ca138) thrown at [C:\re\workspace\8-2-build-windows-amd64-cygwin\jdk8u66\5298\hotspot\src\share\vm\runtime\objectMonitor.cpp, line 1683]

Events (10 events):
Event: 578.866 loading class java/util/IdentityHashMap$IdentityHashMapIterator
Event: 578.868 loading class java/util/IdentityHashMap$IdentityHashMapIterator done
Event: 578.868 loading class java/util/IdentityHashMap$KeyIterator done
Event: 578.868 Thread 0x0000000016e98800 Thread added: 0x0000000016e98800
Event: 578.868 Executing VM operation: RevokeBias
Event: 578.868 Executing VM operation: RevokeBias done
Event: 578.868 Executing VM operation: RevokeBias
Event: 578.868 Executing VM operation: RevokeBias done
Event: 578.868 Thread 0x0000000016e98800 Thread exited: 0x0000000016e98800
Event: 578.869 Executing VM operation: Exit


Dynamic libraries:
0x0000000000400000 - 0x000000000044f000 	C:\Xilinx\SDK\2016.2\eclipse\win64.o\eclipse.exe
0x0000000077a40000 - 0x0000000077bea000 	C:\Windows\SYSTEM32\ntdll.dll
0x0000000077820000 - 0x000000007793f000 	C:\Windows\system32\kernel32.dll
0x000007fefdac0000 - 0x000007fefdb2a000 	C:\Windows\system32\KERNELBASE.dll
0x0000000077940000 - 0x0000000077a3a000 	C:\Windows\system32\USER32.dll
0x000007feffce0000 - 0x000007feffd47000 	C:\Windows\system32\GDI32.dll
0x000007fefe3f0000 - 0x000007fefe3fe000 	C:\Windows\system32\LPK.dll
0x000007fefe530000 - 0x000007fefe5fa000 	C:\Windows\system32\USP10.dll
0x000007fefe920000 - 0x000007fefe9bf000 	C:\Windows\system32\msvcrt.dll
0x000007fefc090000 - 0x000007fefc284000 	C:\Windows\WinSxS\amd64_microsoft.windows.common-controls_6595b64144ccf1df_6.0.7601.18837_none_fa3b1e3d17594757\COMCTL32.dll
0x000007fefe010000 - 0x000007fefe081000 	C:\Windows\system32\SHLWAPI.dll
0x000007fefdba0000 - 0x000007fefdbce000 	C:\Windows\system32\IMM32.DLL
0x000007fefe9c0000 - 0x000007fefeac9000 	C:\Windows\system32\MSCTF.dll
0x0000000072000000 - 0x0000000072012000 	C:\Xilinx\SDK\2016.2\eclipse\win64.o\plugins\org.eclipse.equinox.launcher.win32.win32.x86_64_1.1.300.v20150602-1417\eclipse_1611.dll
0x000007fefeaf0000 - 0x000007fefebcb000 	C:\Windows\system32\ADVAPI32.dll
0x000007fefead0000 - 0x000007fefeaef000 	C:\Windows\SYSTEM32\sechost.dll
0x000007fefe400000 - 0x000007fefe52d000 	C:\Windows\system32\RPCRT4.dll
0x000007fefc810000 - 0x000007fefc81c000 	C:\Windows\system32\VERSION.dll
0x000007fefc030000 - 0x000007fefc086000 	C:\Windows\system32\UxTheme.dll
0x000000006d550000 - 0x000000006ddd9000 	C:\Xilinx\SDK\2016.2\tps\win64\jre\bin\server\jvm.dll
0x000007fefa0a0000 - 0x000007fefa0a9000 	C:\Windows\system32\WSOCK32.dll
0x000007fefe600000 - 0x000007fefe64d000 	C:\Windows\system32\WS2_32.dll
0x000007fefe110000 - 0x000007fefe118000 	C:\Windows\system32\NSI.dll
0x000007fefa550000 - 0x000007fefa58b000 	C:\Windows\system32\WINMM.dll
0x0000000077c10000 - 0x0000000077c17000 	C:\Windows\system32\PSAPI.DLL
0x0000000072b80000 - 0x0000000072c52000 	C:\Windows\system32\MSVCR100.dll
0x0000000071de0000 - 0x0000000071def000 	C:\Xilinx\SDK\2016.2\tps\win64\jre\bin\verify.dll
0x000000006d3f0000 - 0x000000006d419000 	C:\Xilinx\SDK\2016.2\tps\win64\jre\bin\java.dll
0x000000006d3d0000 - 0x000000006d3e6000 	C:\Xilinx\SDK\2016.2\tps\win64\jre\bin\zip.dll
0x000007fefed70000 - 0x000007feffaf9000 	C:\Windows\system32\SHELL32.dll
0x000007fefdc70000 - 0x000007fefde73000 	C:\Windows\system32\ole32.dll
0x000007fefd780000 - 0x000007fefd78f000 	C:\Windows\system32\profapi.dll
0x000007fefcf80000 - 0x000007fefcf98000 	C:\Windows\system32\CRYPTSP.dll
0x000007fefcc80000 - 0x000007fefccc7000 	C:\Windows\system32\rsaenh.dll
0x000007fefd820000 - 0x000007fefd83e000 	C:\Windows\system32\USERENV.dll
0x000007fefd5e0000 - 0x000007fefd5ef000 	C:\Windows\system32\CRYPTBASE.dll
0x000000006d3b0000 - 0x000000006d3ca000 	C:\Xilinx\SDK\2016.2\tps\win64\jre\bin\net.dll
0x000007fefcf20000 - 0x000007fefcf75000 	C:\Windows\system32\mswsock.dll
0x000007fefcf10000 - 0x000007fefcf17000 	C:\Windows\System32\wship6.dll
0x000007fefaf00000 - 0x000007fefaf27000 	C:\Windows\system32\IPHLPAPI.DLL
0x000007fefaef0000 - 0x000007fefaefb000 	C:\Windows\system32\WINNSI.DLL
0x000007fefab30000 - 0x000007fefab41000 	C:\Windows\system32\dhcpcsvc6.DLL
0x000007fefab10000 - 0x000007fefab28000 	C:\Windows\system32\dhcpcsvc.DLL
0x000000006d390000 - 0x000000006d3a1000 	C:\Xilinx\SDK\2016.2\tps\win64\jre\bin\nio.dll
0x000007fefa310000 - 0x000007fefa325000 	C:\Windows\system32\NLAapi.dll
0x000007fef9fd0000 - 0x000007fef9fe5000 	C:\Windows\system32\napinsp.dll
0x000007fefa670000 - 0x000007fefa689000 	C:\Windows\system32\pnrpnsp.dll
0x000007fefcda0000 - 0x000007fefcdfb000 	C:\Windows\system32\DNSAPI.dll
0x000007fefa660000 - 0x000007fefa66b000 	C:\Windows\System32\winrnr.dll
0x000007fefc8e0000 - 0x000007fefc8e7000 	C:\Windows\System32\wshtcpip.dll
0x000007fefa690000 - 0x000007fefa698000 	C:\Windows\system32\rasadhlp.dll
0x000007feface0000 - 0x000007fefad33000 	C:\Windows\System32\fwpuclnt.dll
0x00000000172f0000 - 0x0000000017398000 	C:\Users\wanxing1\.Xilinx\SDK\2016.2\org.eclipse.osgi\312\0\.cp\swt-win32-4527.dll
0x000007fefec90000 - 0x000007fefed68000 	C:\Windows\system32\OLEAUT32.dll
0x000007fefdbd0000 - 0x000007fefdc67000 	C:\Windows\system32\comdlg32.dll
0x000007fef6e10000 - 0x000007fef6e81000 	C:\Windows\system32\WINSPOOL.DRV
0x000007fefe650000 - 0x000007fefe915000 	C:\Windows\system32\WININET.dll
0x000007fefdaa0000 - 0x000007fefdaa4000 	C:\Windows\system32\api-ms-win-downlevel-user32-l1-1-0.dll
0x000007fefd850000 - 0x000007fefd854000 	C:\Windows\system32\api-ms-win-downlevel-shlwapi-l1-1-0.dll
0x000007fefdab0000 - 0x000007fefdab4000 	C:\Windows\system32\api-ms-win-downlevel-version-l1-1-0.dll
0x000007fefd840000 - 0x000007fefd843000 	C:\Windows\system32\api-ms-win-downlevel-normaliz-l1-1-0.dll
0x0000000077c00000 - 0x0000000077c03000 	C:\Windows\system32\normaliz.DLL
0x000007fefe120000 - 0x000007fefe3e9000 	C:\Windows\system32\iertutil.dll
0x000007fefdb30000 - 0x000007fefdb35000 	C:\Windows\system32\api-ms-win-downlevel-advapi32-l1-1-0.dll
0x000007fefd920000 - 0x000007fefda8d000 	C:\Windows\system32\CRYPT32.dll
0x000007fefd790000 - 0x000007fefd79f000 	C:\Windows\system32\MSASN1.dll
0x000007fefbb00000 - 0x000007fefbc2c000 	C:\Windows\system32\propsys.dll
0x000007fefebd0000 - 0x000007fefec69000 	C:\Windows\system32\CLBCatQ.DLL
0x00000000024a0000 - 0x00000000024be000 	C:\Users\wanxing1\.Xilinx\SDK\2016.2\org.eclipse.osgi\312\0\.cp\swt-gdip-win32-4527.dll
0x000007fefbe10000 - 0x000007fefc026000 	C:\Windows\WinSxS\amd64_microsoft.windows.gdiplus_6595b64144ccf1df_1.1.7601.23508_none_145555328b95eaaa\gdiplus.dll
0x000007fefb930000 - 0x000007fefba91000 	C:\Windows\system32\WindowsCodecs.dll
0x0000000180000000 - 0x0000000180012000 	C:\Users\wanxing1\.Xilinx\SDK\2016.2\org.eclipse.osgi\126\0\.cp\os\win32\x86_64\localfile_1_0_0.dll
0x000007feef000000 - 0x000007feef054000 	C:\Windows\system32\oleacc.dll
0x000007fef9ff0000 - 0x000007fef9ff7000 	C:\Windows\system32\msimg32.dll
0x000007fefd6d0000 - 0x000007fefd6e4000 	C:\Windows\system32\RpcRtRemote.dll
0x000007fefd580000 - 0x000007fefd5d7000 	C:\Windows\system32\apphelp.dll
0x000007fefb8b0000 - 0x000007fefb8c1000 	C:\Users\wanxing1\.Xilinx\SDK\2016.2\org.eclipse.osgi\129\0\.cp\jWinHttp-1.0.0.dll
0x000007fef9a80000 - 0x000007fef9af1000 	C:\Windows\system32\WINHTTP.dll
0x000007fef9a10000 - 0x000007fef9a74000 	C:\Windows\system32\webio.dll
0x000007fefd550000 - 0x000007fefd575000 	C:\Windows\system32\SspiCli.dll
0x000007fefcb70000 - 0x000007fefcb7a000 	C:\Windows\system32\credssp.dll
0x000007fefd7a0000 - 0x000007fefd7d6000 	C:\Windows\system32\CFGMGR32.dll
0x000007fefb900000 - 0x000007fefb90f000 	C:\Xilinx\SDK\2016.2\lib\win64.o\librdi_repo_manager.dll
0x000007fefb780000 - 0x000007fefb7aa000 	C:\Xilinx\SDK\2016.2\lib\win64.o\libisl_sysinfo.dll
0x000007feed610000 - 0x000007feed6e4000 	C:\Windows\system32\MSVCR110.dll
0x000007feed530000 - 0x000007feed5d7000 	C:\Windows\system32\MSVCP110.dll
0x000007fec2aa0000 - 0x000007fec34e0000 	C:\Xilinx\SDK\2016.2\lib\win64.o\librdi_common.dll
0x000007fec2730000 - 0x000007fec2a9e000 	C:\Xilinx\SDK\2016.2\lib\win64.o\libCOIN-all.dll
0x000007fec2510000 - 0x000007fec272f000 	C:\Xilinx\SDK\2016.2\lib\win64.o\libXil_lmgr11.dll
0x000007fefb7f0000 - 0x000007fefb806000 	C:\Windows\system32\NETAPI32.dll
0x000007fefcbb0000 - 0x000007fefcbbc000 	C:\Windows\system32\netutils.dll
0x000007fefd190000 - 0x000007fefd1b3000 	C:\Windows\system32\srvcli.dll
0x000007fefb7d0000 - 0x000007fefb7e5000 	C:\Windows\system32\wkscli.dll
0x000007fefd7e0000 - 0x000007fefd81b000 	C:\Windows\system32\WINTRUST.dll
0x000007fefb770000 - 0x000007fefb780000 	C:\Xilinx\SDK\2016.2\lib\win64.o\libboost_date_time.dll
0x000007fefa6d0000 - 0x000007fefa6f4000 	C:\Xilinx\SDK\2016.2\lib\win64.o\libboost_filesystem.dll
0x000007fefa6c0000 - 0x000007fefa6c9000 	C:\Xilinx\SDK\2016.2\lib\win64.o\libboost_system.dll
0x000007feefa70000 - 0x000007feefae7000 	C:\Xilinx\SDK\2016.2\lib\win64.o\libboost_program_options.dll
0x000007feef170000 - 0x000007feef276000 	C:\Xilinx\SDK\2016.2\lib\win64.o\libboost_regex.dll
0x000007fefa160000 - 0x000007fefa173000 	C:\Xilinx\SDK\2016.2\lib\win64.o\libboost_signals.dll
0x000007fefa140000 - 0x000007fefa15d000 	C:\Xilinx\SDK\2016.2\lib\win64.o\libboost_thread.dll
0x000007fefa130000 - 0x000007fefa13b000 	C:\Xilinx\SDK\2016.2\lib\win64.o\libboost_chrono.dll
0x000007fef71d0000 - 0x000007fef71db000 	C:\Xilinx\SDK\2016.2\lib\win64.o\libboost_xilinx.dll
0x000007fef32c0000 - 0x000007fef3340000 	C:\Xilinx\SDK\2016.2\lib\win64.o\libhdlpsolve.dll
0x000007feef9d0000 - 0x000007feefa6a000 	C:\Xilinx\SDK\2016.2\lib\win64.o\libhdxml.dll
0x000007fec20a0000 - 0x000007fec2505e00 	C:\Xilinx\SDK\2016.2\lib\win64.o\libisl_iostreams.dll
0x000007fef7180000 - 0x000007fef7196000 	C:\Xilinx\SDK\2016.2\lib\win64.o\libboost_iostreams.dll
0x000007fef5610000 - 0x000007fef5633000 	C:\Xilinx\SDK\2016.2\lib\win64.o\librdizlib.dll
0x000007fef3290000 - 0x000007fef32b3000 	C:\Xilinx\SDK\2016.2\lib\win64.o\libisl_iosutils.dll
0x000007fef4d40000 - 0x000007fef4d55000 	C:\Xilinx\SDK\2016.2\lib\win64.o\pthreadVC2.dll
0x000007feef840000 - 0x000007feef894000 	C:\Xilinx\SDK\2016.2\lib\win64.o\librdi_commonxillic.dll
0x000007feed940000 - 0x000007feeda70000 	C:\Xilinx\SDK\2016.2\lib\win64.o\librdi_curl.dll
0x000007fef4640000 - 0x000007fef4658000 	C:\Xilinx\SDK\2016.2\lib\win64.o\librdiconfig.dll
0x000000006d080000 - 0x000000006d1a7000 	C:\Xilinx\SDK\2016.2\lib\win64.o\tcl85t.dll
0x0000000024900000 - 0x0000000024b63000 	C:\Xilinx\SDK\2016.2\lib\win64.o\xerces-c_3_1.dll
0x000007fefde80000 - 0x000007fefe006000 	C:\Windows\system32\urlmon.dll
0x000007fefda90000 - 0x000007fefda94000 	C:\Windows\system32\api-ms-win-downlevel-ole32-l1-1-0.dll
0x000007fee9a90000 - 0x000007fee9ab3000 	C:\Windows\system32\VCOMP110.DLL
0x000007fec1ea0000 - 0x000007fec2092000 	C:\Xilinx\SDK\2016.2\lib\win64.o\librdi_hsm.dll
0x000007feef3e0000 - 0x000007feef423000 	C:\Xilinx\SDK\2016.2\lib\win64.o\librdi_hdf.dll
0x000007fec1c10000 - 0x000007fec1e91000 	C:\Xilinx\SDK\2016.2\lib\win64.o\librdi_ippcw.dll
0x000007fef6d50000 - 0x000007fef6d5a000 	C:\Xilinx\SDK\2016.2\lib\win64.o\librdi_jtag_settings.dll
0x000007feef340000 - 0x000007feef369000 	C:\Xilinx\SDK\2016.2\lib\win64.o\librdi_debug_dialog.dll
0x000007fef5600000 - 0x000007fef5608000 	C:\Xilinx\SDK\2016.2\lib\win64.o\librdi_target_manager.dll
0x000007fef8190000 - 0x000007fef81a6000 	C:\Xilinx\SDK\2016.2\eclipse\win64.o\plugins\org.eclipse.cdt.core.win32.x86_64_5.4.0.201509131935\os\win32\x86_64\spawner.dll
0x000007feb65a0000 - 0x000007feb6db0000 	C:\Xilinx\SDK\2016.2\lib\win64.o\libXil_lmgr11FNP.dll
0x000007fef5f10000 - 0x000007fef5f1b000 	C:\Windows\system32\snmpapi.dll
0x000007feffb00000 - 0x000007feffcd7000 	C:\Windows\system32\SETUPAPI.dll

VM Arguments:
jvm_args: -Dcom.xilinx.sdk.args.hwspec=W:/video_demo/NexysVideo-master/Projects/hdmi/proj/hdmi.sdk/hdmi_wrapper.hdf -Xms64m -Xmx512m & 
java_command: <unknown>
java_class_path (initial): C:\Xilinx\SDK\2016.2\eclipse\win64.o\\plugins/org.eclipse.equinox.launcher_1.3.100.v20150511-1540.jar
Launcher Type: generic

Environment Variables:
PATH=C:/Xilinx/SDK/2016.2/tps/win64/jre/bin/server;C:/Xilinx/SDK/2016.2/tps/win64/jre/bin;C:/Xilinx/SDK/2016.2/tps/win64/jre/lib/amd64;C:\Xilinx\SDK\2016.2\gnuwin\bin;C:\Xilinx\SDK\2016.2\gnu\microblaze\nt\bin;C:\Xilinx\SDK\2016.2\gnu\microblaze\linux_toolchain\nt64_le\bin;C:\Xilinx\SDK\2016.2\gnu\microblaze\linux_toolchain\nt64_be\bin;C:\Xilinx\SDK\2016.2\gnu\arm\nt\bin;C:\Xilinx\SDK\2016.2\gnu\aarch64\nt\aarch64-none\bin;C:\Xilinx\SDK\2016.2\gnu\aarch64\nt\aarch64-linux\bin;C:\Xilinx\SDK\2016.2\gnu\armr5\nt\gcc-arm-none-eabi\bin;C:\Xilinx\SDK\2016.2\gnu\aarch32\nt\gcc-arm-none-eabi\bin;C:\Xilinx\SDK\2016.2\gnu\aarch32\nt\gcc-arm-linux-gnueabi\bin;C:\Xilinx\SDK\2016.2\tps\win64\cmake-3.3.2\bin;;C:\Xilinx\SDK\2016.2\bin;C:\Xilinx\SDK\2016.2\lib\win64.o;C:\Xilinx\SDK\2016.2\tps\win64\jre\bin\server;C:\Xilinx\SDK\2016.2\tps\win64\jre\bin;C:\Xilinx\Vivado\2016.2\ids_lite\ISE\bin\nt64;C:\Xilinx\Vivado\2016.2\ids_lite\ISE\lib\nt64;C:\Xilinx\Vivado\2016.2\bin;C:\Xilinx\Vivado\2016.2\lib\win64.o;C:\Xilinx\Vivado\2016.2\tps\win64\jre\bin\server;C:\Xilinx\Vivado\2016.2\tps\win64\jre\bin;C:\Xilinx\Vivado_HLS\2016.2\bin;C:\Windows\system32;C:\Windows;C:\Windows\System32\Wbem;C:\Windows\System32\WindowsPowerShell\v1.0\;C:\Program Files (x86)\Java\jre6\bin;C:\Program Files (x86)\eclipse;C:\altera\16.0\quartus\bin64;c:\altera\16.0\quartus\bin64\jre64\bin;W:\video_demo\NexysVideo-master\Projects\hdmi\proj;
USERNAME=wanxing1
OS=Windows_NT
PROCESSOR_IDENTIFIER=Intel64 Family 6 Model 60 Stepping 3, GenuineIntel



---------------  S Y S T E M  ---------------

OS: Windows 7 , 64 bit Build 7601 (6.1.7601.23418)

CPU:total 8 (4 cores per cpu, 2 threads per core) family 6 model 60 stepping 3, cmov, cx8, fxsr, mmx, sse, sse2, sse3, ssse3, sse4.1, sse4.2, popcnt, avx, avx2, aes, clmul, erms, lzcnt, ht, tsc, tscinvbit, bmi1, bmi2

Memory: 4k page, physical 16683160k(12154132k free), swap 33364460k(28410436k free)

vm_info: Java HotSpot(TM) 64-Bit Server VM (25.66-b18) for windows-amd64 JRE (1.8.0_66-b18), built on Nov  9 2015 10:51:13 by "java_re" with MS VC++ 10.0 (VS2010)

time: Tue Feb 14 19:42:10 2017
elapsed time: 579 seconds (0d 0h 9m 39s)

