#
# A fatal error has been detected by the Java Runtime Environment:
#
#  EXCEPTION_UNCAUGHT_CXX_EXCEPTION (0xe06d7363) at pc=0x000007fefcc2a06d, pid=4624, tid=4708
#
# JRE version: Java(TM) SE Runtime Environment (8.0_66-b18) (build 1.8.0_66-b18)
# Java VM: Java HotSpot(TM) 64-Bit Server VM (25.66-b18 mixed mode windows-amd64 compressed oops)
# Problematic frame:
# C  [KERNELBASE.dll+0x1a06d]
#
# Failed to write core dump. Minidumps are not enabled by default on client versions of Windows
#
# If you would like to submit a bug report, please visit:
#   http://bugreport.java.com/bugreport/crash.jsp
#

---------------  T H R E A D  ---------------

Current thread (0x00000000150b2800):  VMThread [stack: 0x0000000016000000,0x0000000016100000] [id=4708]

siginfo: ExceptionCode=0xe06d7363, ExceptionInformation=0x0000000019930520 0x00000000160ff6c8 0x000007feeb002cb8 0x000007feeaf50000 

Registers:
RAX=0x0000000063228577, RBX=0x000007feeb002cb8, RCX=0x00000000160fef10, RDX=0x00000000000000d0
RSP=0x00000000160ff520, RBP=0x00000000160ff650, RSI=0x00000000ffffffff, RDI=0x00000000176c2e30
R8 =0x0000000000000000, R9 =0x0000000000000000, R10=0x000007feeaf50000, R11=0x00000000160ff560
R12=0x0000000000000001, R13=0x0000000000000008, R14=0x0000000000000000, R15=0xffffffffffffffff
RIP=0x000007fefcc2a06d, EFLAGS=0x0000000000000206

Top of Stack: (sp=0x00000000160ff520)
0x00000000160ff520:   000007feeb002cb8 00000000ffffffff
0x00000000160ff530:   00000000176c2e30 0000000000307190
0x00000000160ff540:   00000001e06d7363 0000000000000000
0x00000000160ff550:   000007fefcc2a06d 000007fe00000004
0x00000000160ff560:   0000000019930520 00000000160ff6c8
0x00000000160ff570:   000007feeb002cb8 000007feeaf50000
0x00000000160ff580:   0000000000000000 00000000160ff608
0x00000000160ff590:   0000000000000028 00000000176c2e20
0x00000000160ff5a0:   000000001769ddd0 0000000000000000
0x00000000160ff5b0:   000007fffffa8000 0000000076e3f2d3
0x00000000160ff5c0:   0000000000000000 0000000000000008
0x00000000160ff5d0:   0000000000000001 00000000176c2e30
0x00000000160ff5e0:   00000000ffffffff 000007feeafae92c
0x00000000160ff5f0:   000007feeb002cb8 00000000160ff660
0x00000000160ff600:   0000000000000001 000007feeaf500f8
0x00000000160ff610:   00000001e06d7363 0000000000000000 

Instructions: (pc=0x000007fefcc2a06d)
0x000007fefcc2a04d:   54 24 24 48 89 4c 24 28 4d 85 c9 0f 85 6a 03 00
0x000007fefcc2a05d:   00 89 4c 24 38 48 8d 4c 24 20 ff 15 33 02 03 00
0x000007fefcc2a06d:   48 81 c4 c8 00 00 00 c3 90 90 90 90 90 90 90 90
0x000007fefcc2a07d:   90 90 90 48 83 ec 28 65 48 8b 04 25 30 00 00 00 


Register to memory mapping:

RAX=0x0000000063228577 is an unknown value
RBX=0x000007feeb002cb8 is an unknown value
RCX=0x00000000160fef10 is an unknown value
RDX=0x00000000000000d0 is an unknown value
RSP=0x00000000160ff520 is an unknown value
RBP=0x00000000160ff650 is an unknown value
RSI=0x00000000ffffffff is an unknown value
RDI=0x00000000176c2e30 is an unknown value
R8 =0x0000000000000000 is an unknown value
R9 =0x0000000000000000 is an unknown value
R10=0x000007feeaf50000 is an unknown value
R11=0x00000000160ff560 is an unknown value
R12=0x0000000000000001 is an unknown value
R13=0x0000000000000008 is an unknown value
R14=0x0000000000000000 is an unknown value
R15=0xffffffffffffffff is an unknown value


Stack: [0x0000000016000000,0x0000000016100000],  sp=0x00000000160ff520,  free space=1021k
Native frames: (J=compiled Java code, j=interpreted, Vv=VM code, C=native code)
C  [KERNELBASE.dll+0x1a06d]
C  [MSVCR110.dll+0x5e92c]
C  [MSVCR110.dll+0x1315c]
C  [MSVCR110.dll+0x136a9]
C  [MSVCR110.dll+0x13e9c]
C  [MSVCR110.dll+0x239e]
C  [MSVCR110.dll+0xaf9e]
C  [MSVCP110.dll+0x397b9]
C  [librdi_common.dll+0x182316]
C  [librdi_common.dll+0x180fab]
C  [librdi_target_manager.dll+0x2400]
C  [librdi_target_manager.dll+0x2682]
C  [ntdll.dll+0x229b1]
C  [ntdll.dll+0x227c0]
C  [MSVCR100.dll+0x20ccd]
V  [jvm.dll+0x210cc5]
V  [jvm.dll+0x249897]
V  [jvm.dll+0x248b36]
V  [jvm.dll+0x248fd1]
V  [jvm.dll+0x2491ee]
V  [jvm.dll+0x29a0fa]
C  [MSVCR100.dll+0x21d9f]
C  [MSVCR100.dll+0x21e3b]
C  [kernel32.dll+0x159bd]
C  [ntdll.dll+0x2a2e1]

VM_Operation (0x000000000012f4c0): Exit, mode: safepoint, requested by thread 0x0000000002518000


---------------  P R O C E S S  ---------------

Java Threads: ( => current thread )
  0x0000000016cf6000 JavaThread "pool-2-thread-1" [_thread_blocked, id=4756, stack(0x00000000269d0000,0x0000000026ad0000)]
  0x0000000016cf5800 JavaThread "Thread-33" [_thread_in_native, id=1844, stack(0x00000000268d0000,0x00000000269d0000)]
  0x0000000016cf4800 JavaThread "Thread-32" daemon [_thread_blocked, id=6136, stack(0x00000000267d0000,0x00000000268d0000)]
  0x0000000019a4a000 JavaThread "TCF Channel Transmitter" daemon [_thread_blocked, id=2700, stack(0x0000000021130000,0x0000000021230000)]
  0x0000000019a49800 JavaThread "TCF Channel Receiver" daemon [_thread_in_native, id=5704, stack(0x0000000021030000,0x0000000021130000)]
  0x0000000019a48800 JavaThread "Process monitor" daemon [_thread_in_native, id=5444, stack(0x0000000020f30000,0x0000000021030000)]
  0x0000000019a48000 JavaThread "Input Stream Monitor" daemon [_thread_blocked, id=2620, stack(0x0000000020e30000,0x0000000020f30000)]
  0x0000000019a47000 JavaThread "Output Stream Monitor" daemon [_thread_in_native, id=4120, stack(0x0000000020d30000,0x0000000020e30000)]
  0x0000000019a46000 JavaThread "Output Stream Monitor" daemon [_thread_in_native, id=5772, stack(0x0000000020c30000,0x0000000020d30000)]
  0x0000000019a45800 JavaThread "TCF Locator DNS Lookup" daemon [_thread_blocked, id=1196, stack(0x00000000208e0000,0x00000000209e0000)]
  0x0000000019a44800 JavaThread "TCF Locator Timer" daemon [_thread_blocked, id=5692, stack(0x00000000207e0000,0x00000000208e0000)]
  0x0000000019a42800 JavaThread "TCF Timer Dispatcher" daemon [_thread_blocked, id=4828, stack(0x00000000204e0000,0x00000000205e0000)]
  0x0000000019a40000 JavaThread "EMF Reference Cleaner" daemon [_thread_blocked, id=5984, stack(0x000000001b930000,0x000000001ba30000)]
  0x000000001516f800 JavaThread "Service Thread" daemon [_thread_blocked, id=3232, stack(0x0000000016900000,0x0000000016a00000)]
  0x0000000015119800 JavaThread "C1 CompilerThread3" daemon [_thread_blocked, id=4612, stack(0x0000000016800000,0x0000000016900000)]
  0x0000000015111000 JavaThread "C2 CompilerThread2" daemon [_thread_blocked, id=2932, stack(0x0000000016700000,0x0000000016800000)]
  0x0000000015109800 JavaThread "C2 CompilerThread1" daemon [_thread_blocked, id=5912, stack(0x0000000016600000,0x0000000016700000)]
  0x0000000015105000 JavaThread "C2 CompilerThread0" daemon [_thread_blocked, id=3464, stack(0x0000000016500000,0x0000000016600000)]
  0x00000000150fe000 JavaThread "Attach Listener" daemon [_thread_blocked, id=6052, stack(0x0000000016400000,0x0000000016500000)]
  0x00000000150fc800 JavaThread "Signal Dispatcher" daemon [_thread_blocked, id=4100, stack(0x0000000016300000,0x0000000016400000)]
  0x0000000013f3b000 JavaThread "Finalizer" daemon [_thread_blocked, id=4688, stack(0x0000000016200000,0x0000000016300000)]
  0x0000000013f34800 JavaThread "Reference Handler" daemon [_thread_blocked, id=3196, stack(0x0000000016100000,0x0000000016200000)]
  0x0000000002518000 JavaThread "main" [_thread_blocked, id=3084, stack(0x0000000000030000,0x0000000000130000)]

Other Threads:
=>0x00000000150b2800 VMThread [stack: 0x0000000016000000,0x0000000016100000] [id=4708]

VM state:at safepoint (shutting down)

VM Mutex/Monitor currently owned by a thread:  ([mutex/lock_event])
[0x000000000288e560] Threads_lock - owner thread: 0x00000000150b2800

Heap:
 PSYoungGen      total 146944K, used 99875K [0x00000000f5580000, 0x0000000100000000, 0x0000000100000000)
  eden space 117760K, 74% used [0x00000000f5580000,0x00000000fab8d250,0x00000000fc880000)
  from space 29184K, 40% used [0x00000000fe380000,0x00000000feefbae0,0x0000000100000000)
  to   space 27648K, 0% used [0x00000000fc880000,0x00000000fc880000,0x00000000fe380000)
 ParOldGen       total 100864K, used 48047K [0x00000000e0000000, 0x00000000e6280000, 0x00000000f5580000)
  object space 100864K, 47% used [0x00000000e0000000,0x00000000e2eebfe8,0x00000000e6280000)
 Metaspace       used 78883K, capacity 85838K, committed 86104K, reserved 1124352K
  class space    used 9370K, capacity 11788K, committed 11904K, reserved 1048576K

Card table byte_map: [0x00000000026d0000,0x00000000027e0000] byte_map_base: 0x0000000001fd0000

Marking Bits: (ParMarkBitMap*) 0x000000007029a5b0
 Begin Bits: [0x0000000012450000, 0x0000000012c50000)
 End Bits:   [0x0000000012c50000, 0x0000000013450000)

Polling page: 0x0000000000250000

CodeCache: size=245760Kb used=32102Kb max_used=33694Kb free=213657Kb
 bounds [0x0000000002890000, 0x00000000049e0000, 0x0000000011890000]
 total_blobs=9309 nmethods=8427 adapters=789
 compilation: enabled

Compilation events (10 events):
Event: 3663.771 Thread 0x0000000015119800 nmethod 10892 0x0000000003609ad0 code [0x0000000003609c60, 0x000000000360a2a8]
Event: 3663.771 Thread 0x0000000015119800 10890       3       org.eclipse.osgi.container.Module::holdsTransitionEventLock (25 bytes)
Event: 3663.771 Thread 0x0000000015119800 nmethod 10890 0x0000000003bb2250 code [0x0000000003bb23e0, 0x0000000003bb2b08]
Event: 3663.771 Thread 0x0000000015119800 10893   !   3       org.eclipse.osgi.storage.ManifestLocalization::clearCache (28 bytes)
Event: 3663.771 Thread 0x0000000015119800 nmethod 10893 0x00000000045dbc10 code [0x00000000045dbd80, 0x00000000045dc168]
Event: 3663.771 Thread 0x0000000015119800 10894       3       org.eclipse.osgi.container.ModuleWiring::unload (6 bytes)
Event: 3663.771 Thread 0x0000000015119800 nmethod 10894 0x000000000372ee10 code [0x000000000372ef80, 0x000000000372f108]
Event: 3663.771 Thread 0x0000000015119800 10895       3       org.eclipse.osgi.container.ModuleWiring::invalidate0 (52 bytes)
Event: 3663.771 Thread 0x0000000015119800 nmethod 10895 0x0000000002effc50 code [0x0000000002effe00, 0x0000000002f007a8]
Event: 3663.777 Thread 0x0000000015109800 nmethod 10879 0x0000000004411a10 code [0x0000000004411c00, 0x00000000044129b0]

GC Heap History (10 events):
Event: 36.078 GC heap before
{Heap before GC invocations=20 (full 3):
 PSYoungGen      total 147968K, used 129536K [0x00000000f5580000, 0x0000000100000000, 0x0000000100000000)
  eden space 129536K, 100% used [0x00000000f5580000,0x00000000fd400000,0x00000000fd400000)
  from space 18432K, 0% used [0x00000000fee00000,0x00000000fee00000,0x0000000100000000)
  to   space 22528K, 0% used [0x00000000fd400000,0x00000000fd400000,0x00000000fea00000)
 ParOldGen       total 87552K, used 46541K [0x00000000e0000000, 0x00000000e5580000, 0x00000000f5580000)
  object space 87552K, 53% used [0x00000000e0000000,0x00000000e2d736e0,0x00000000e5580000)
 Metaspace       used 60874K, capacity 66634K, committed 66688K, reserved 1107968K
  class space    used 7264K, capacity 9072K, committed 9088K, reserved 1048576K
Event: 36.106 GC heap after
Heap after GC invocations=20 (full 3):
 PSYoungGen      total 152064K, used 22507K [0x00000000f5580000, 0x0000000100000000, 0x0000000100000000)
  eden space 129536K, 0% used [0x00000000f5580000,0x00000000f5580000,0x00000000fd400000)
  from space 22528K, 99% used [0x00000000fd400000,0x00000000fe9fac48,0x00000000fea00000)
  to   space 22528K, 0% used [0x00000000fea00000,0x00000000fea00000,0x0000000100000000)
 ParOldGen       total 87552K, used 51681K [0x00000000e0000000, 0x00000000e5580000, 0x00000000f5580000)
  object space 87552K, 59% used [0x00000000e0000000,0x00000000e3278698,0x00000000e5580000)
 Metaspace       used 60874K, capacity 66634K, committed 66688K, reserved 1107968K
  class space    used 7264K, capacity 9072K, committed 9088K, reserved 1048576K
}
Event: 37.091 GC heap before
{Heap before GC invocations=21 (full 3):
 PSYoungGen      total 152064K, used 50777K [0x00000000f5580000, 0x0000000100000000, 0x0000000100000000)
  eden space 129536K, 21% used [0x00000000f5580000,0x00000000f711b828,0x00000000fd400000)
  from space 22528K, 99% used [0x00000000fd400000,0x00000000fe9fac48,0x00000000fea00000)
  to   space 22528K, 0% used [0x00000000fea00000,0x00000000fea00000,0x0000000100000000)
 ParOldGen       total 87552K, used 51681K [0x00000000e0000000, 0x00000000e5580000, 0x00000000f5580000)
  object space 87552K, 59% used [0x00000000e0000000,0x00000000e3278698,0x00000000e5580000)
 Metaspace       used 63235K, capacity 69122K, committed 69336K, reserved 1110016K
  class space    used 7531K, capacity 9471K, committed 9472K, reserved 1048576K
Event: 37.103 GC heap after
Heap after GC invocations=21 (full 3):
 PSYoungGen      total 141824K, used 3844K [0x00000000f5580000, 0x0000000100000000, 0x0000000100000000)
  eden space 119296K, 0% used [0x00000000f5580000,0x00000000f5580000,0x00000000fca00000)
  from space 22528K, 17% used [0x00000000fea00000,0x00000000fedc1280,0x0000000100000000)
  to   space 27648K, 0% used [0x00000000fca00000,0x00000000fca00000,0x00000000fe500000)
 ParOldGen       total 87552K, used 61330K [0x00000000e0000000, 0x00000000e5580000, 0x00000000f5580000)
  object space 87552K, 70% used [0x00000000e0000000,0x00000000e3be4858,0x00000000e5580000)
 Metaspace       used 63235K, capacity 69122K, committed 69336K, reserved 1110016K
  class space    used 7531K, capacity 9471K, committed 9472K, reserved 1048576K
}
Event: 37.103 GC heap before
{Heap before GC invocations=22 (full 4):
 PSYoungGen      total 141824K, used 3844K [0x00000000f5580000, 0x0000000100000000, 0x0000000100000000)
  eden space 119296K, 0% used [0x00000000f5580000,0x00000000f5580000,0x00000000fca00000)
  from space 22528K, 17% used [0x00000000fea00000,0x00000000fedc1280,0x0000000100000000)
  to   space 27648K, 0% used [0x00000000fca00000,0x00000000fca00000,0x00000000fe500000)
 ParOldGen       total 87552K, used 61330K [0x00000000e0000000, 0x00000000e5580000, 0x00000000f5580000)
  object space 87552K, 70% used [0x00000000e0000000,0x00000000e3be4858,0x00000000e5580000)
 Metaspace       used 63235K, capacity 69122K, committed 69336K, reserved 1110016K
  class space    used 7531K, capacity 9471K, committed 9472K, reserved 1048576K
Event: 37.191 GC heap after
Heap after GC invocations=22 (full 4):
 PSYoungGen      total 141824K, used 0K [0x00000000f5580000, 0x0000000100000000, 0x0000000100000000)
  eden space 119296K, 0% used [0x00000000f5580000,0x00000000f5580000,0x00000000fca00000)
  from space 22528K, 0% used [0x00000000fea00000,0x00000000fea00000,0x0000000100000000)
  to   space 27648K, 0% used [0x00000000fca00000,0x00000000fca00000,0x00000000fe500000)
 ParOldGen       total 100864K, used 48031K [0x00000000e0000000, 0x00000000e6280000, 0x00000000f5580000)
  object space 100864K, 47% used [0x00000000e0000000,0x00000000e2ee7fe8,0x00000000e6280000)
 Metaspace       used 63235K, capacity 69122K, committed 69336K, reserved 1110016K
  class space    used 7531K, capacity 9471K, committed 9472K, reserved 1048576K
}
Event: 65.212 GC heap before
{Heap before GC invocations=23 (full 4):
 PSYoungGen      total 141824K, used 119296K [0x00000000f5580000, 0x0000000100000000, 0x0000000100000000)
  eden space 119296K, 100% used [0x00000000f5580000,0x00000000fca00000,0x00000000fca00000)
  from space 22528K, 0% used [0x00000000fea00000,0x00000000fea00000,0x0000000100000000)
  to   space 27648K, 0% used [0x00000000fca00000,0x00000000fca00000,0x00000000fe500000)
 ParOldGen       total 100864K, used 48031K [0x00000000e0000000, 0x00000000e6280000, 0x00000000f5580000)
  object space 100864K, 47% used [0x00000000e0000000,0x00000000e2ee7fe8,0x00000000e6280000)
 Metaspace       used 77013K, capacity 84146K, committed 84312K, reserved 1122304K
  class space    used 9235K, capacity 11591K, committed 11648K, reserved 1048576K
Event: 65.223 GC heap after
Heap after GC invocations=23 (full 4):
 PSYoungGen      total 138240K, used 18858K [0x00000000f5580000, 0x0000000100000000, 0x0000000100000000)
  eden space 119296K, 0% used [0x00000000f5580000,0x00000000f5580000,0x00000000fca00000)
  from space 18944K, 99% used [0x00000000fca00000,0x00000000fdc6ab00,0x00000000fdc80000)
  to   space 29184K, 0% used [0x00000000fe380000,0x00000000fe380000,0x0000000100000000)
 ParOldGen       total 100864K, used 48039K [0x00000000e0000000, 0x00000000e6280000, 0x00000000f5580000)
  object space 100864K, 47% used [0x00000000e0000000,0x00000000e2ee9fe8,0x00000000e6280000)
 Metaspace       used 77013K, capacity 84146K, committed 84312K, reserved 1122304K
  class space    used 9235K, capacity 11591K, committed 11648K, reserved 1048576K
}
Event: 2628.281 GC heap before
{Heap before GC invocations=24 (full 4):
 PSYoungGen      total 138240K, used 138154K [0x00000000f5580000, 0x0000000100000000, 0x0000000100000000)
  eden space 119296K, 100% used [0x00000000f5580000,0x00000000fca00000,0x00000000fca00000)
  from space 18944K, 99% used [0x00000000fca00000,0x00000000fdc6ab00,0x00000000fdc80000)
  to   space 29184K, 0% used [0x00000000fe380000,0x00000000fe380000,0x0000000100000000)
 ParOldGen       total 100864K, used 48039K [0x00000000e0000000, 0x00000000e6280000, 0x00000000f5580000)
  object space 100864K, 47% used [0x00000000e0000000,0x00000000e2ee9fe8,0x00000000e6280000)
 Metaspace       used 78023K, capacity 85108K, committed 85336K, reserved 1122304K
  class space    used 9284K, capacity 11593K, committed 11648K, reserved 1048576K
Event: 2628.292 GC heap after
Heap after GC invocations=24 (full 4):
 PSYoungGen      total 146944K, used 11758K [0x00000000f5580000, 0x0000000100000000, 0x0000000100000000)
  eden space 117760K, 0% used [0x00000000f5580000,0x00000000f5580000,0x00000000fc880000)
  from space 29184K, 40% used [0x00000000fe380000,0x00000000feefbae0,0x0000000100000000)
  to   space 27648K, 0% used [0x00000000fc880000,0x00000000fc880000,0x00000000fe380000)
 ParOldGen       total 100864K, used 48047K [0x00000000e0000000, 0x00000000e6280000, 0x00000000f5580000)
  object space 100864K, 47% used [0x00000000e0000000,0x00000000e2eebfe8,0x00000000e6280000)
 Metaspace       used 78023K, capacity 85108K, committed 85336K, reserved 1122304K
  class space    used 9284K, capacity 11593K, committed 11648K, reserved 1048576K
}

Deoptimization events (10 events):
Event: 3661.803 Thread 0x0000000019837000 Uncommon trap: reason=class_check action=maybe_recompile pc=0x00000000049445fc method=org.eclipse.e4.core.internal.contexts.TrackableComputationExt.update(Lorg/eclipse/e4/core/internal/contexts/ContextChangeEvent;)Z @ 62
Event: 3661.803 Thread 0x0000000019837000 Uncommon trap: reason=class_check action=maybe_recompile pc=0x00000000049445fc method=org.eclipse.e4.core.internal.contexts.TrackableComputationExt.update(Lorg/eclipse/e4/core/internal/contexts/ContextChangeEvent;)Z @ 62
Event: 3661.819 Thread 0x0000000019837000 Uncommon trap: reason=unstable_if action=reinterpret pc=0x0000000003941a40 method=java.util.concurrent.locks.ReentrantLock$Sync.tryRelease(I)Z @ 28
Event: 3662.010 Thread 0x000000001983e000 Uncommon trap: reason=unstable_if action=reinterpret pc=0x0000000002a0e4a4 method=sun.nio.cs.SingleByte$Encoder.encode(C)I @ 13
Event: 3662.010 Thread 0x000000001983e000 Uncommon trap: reason=unstable_if action=reinterpret pc=0x0000000002a20a08 method=java.nio.charset.CharsetEncoder.encode(Ljava/nio/CharBuffer;Ljava/nio/ByteBuffer;Z)Ljava/nio/charset/CoderResult; @ 105
Event: 3662.797 Thread 0x0000000019837000 Uncommon trap: reason=unstable_if action=reinterpret pc=0x000000000391c8f0 method=org.eclipse.osgi.internal.hooks.EclipseLazyStarter.shouldActivateFor(Ljava/lang/String;Lorg/eclipse/osgi/container/Module;Lorg/eclipse/osgi/container/ModuleRevision;Lorg/ecli¶åpÂÆù¨@
Event: 3662.842 Thread 0x0000000019837000 Uncommon trap: reason=null_check action=maybe_recompile pc=0x0000000003c132bc method=com.xilinx.sdk.targetmanager.internal.json.XMDJSONProcess.issueCommand(Ljava/lang/String;)Lcom/xilinx/sdk/targetmanager/internal/IXMDResult; @ 3
Event: 3662.874 Thread 0x000000001543f000 Uncommon trap: reason=unstable_if action=reinterpret pc=0x000000000367b548 method=org.eclipse.osgi.internal.framework.BundleContextImpl.dispatchEvent(Ljava/lang/Object;Ljava/lang/Object;ILjava/lang/Object;)V @ 16
Event: 3663.169 Thread 0x0000000019a44000 Uncommon trap: reason=unstable_if action=reinterpret pc=0x00000000047e7228 method=org.eclipse.tcf.EventQueue.invokeLater(Ljava/lang/Runnable;)V @ 22
Event: 3663.765 Thread 0x0000000019837000 Uncommon trap: reason=unstable_if action=reinterpret pc=0x0000000003c1695c method=sun.reflect.UnsafeStaticObjectFieldAccessorImpl.set(Ljava/lang/Object;Ljava/lang/Object;)V @ 13

Internal exceptions (10 events):
Event: 322.096 Thread 0x0000000002518000 Implicit null exception at 0x0000000002e75895 to 0x0000000002e75de1
Event: 2161.612 Thread 0x0000000019a43000 Implicit null exception at 0x000000000453ea05 to 0x0000000004541825
Event: 3662.009 Thread 0x000000001983b000 Exception <a 'java/lang/InterruptedException'> (0x00000000fa21e900) thrown at [C:\re\workspace\8-2-build-windows-amd64-cygwin\jdk8u66\5298\hotspot\src\share\vm\runtime\objectMonitor.cpp, line 1683]
Event: 3662.842 Thread 0x0000000019837000 Exception <a 'java/lang/NullPointerException'> (0x00000000fa48abf8) thrown at [C:\re\workspace\8-2-build-windows-amd64-cygwin\jdk8u66\5298\hotspot\src\share\vm\prims\jvm.cpp, line 1390]
Event: 3663.745 Thread 0x0000000019a41000 Exception <a 'java/lang/InterruptedException'> (0x00000000f86066e8) thrown at [C:\re\workspace\8-2-build-windows-amd64-cygwin\jdk8u66\5298\hotspot\src\share\vm\runtime\objectMonitor.cpp, line 1683]
Event: 3663.765 Thread 0x0000000019837000 Implicit null exception at 0x0000000003c16557 to 0x0000000003c16949
Event: 3663.765 Thread 0x000000001543f000 Exception <a 'java/lang/InterruptedException'> (0x00000000fa7cc778) thrown at [C:\re\workspace\8-2-build-windows-amd64-cygwin\jdk8u66\5298\hotspot\src\share\vm\runtime\objectMonitor.cpp, line 1683]
Event: 3663.768 Thread 0x0000000016dae000 Exception <a 'java/lang/InterruptedException'> (0x00000000f9bbfc88) thrown at [C:\re\workspace\8-2-build-windows-amd64-cygwin\jdk8u66\5298\hotspot\src\share\vm\runtime\objectMonitor.cpp, line 1683]
Event: 3663.768 Thread 0x00000000153e4000 Exception <a 'java/lang/InterruptedException'> (0x00000000fa9aa748) thrown at [C:\re\workspace\8-2-build-windows-amd64-cygwin\jdk8u66\5298\hotspot\src\share\vm\runtime\objectMonitor.cpp, line 1683]
Event: 3663.768 Thread 0x0000000017211800 Exception <a 'java/lang/InterruptedException'> (0x00000000fa9bffe8) thrown at [C:\re\workspace\8-2-build-windows-amd64-cygwin\jdk8u66\5298\hotspot\src\share\vm\runtime\objectMonitor.cpp, line 1683]

Events (10 events):
Event: 3663.771 loading class java/util/IdentityHashMap$IdentityHashMapIterator
Event: 3663.796 loading class java/util/IdentityHashMap$IdentityHashMapIterator done
Event: 3663.796 loading class java/util/IdentityHashMap$KeyIterator done
Event: 3663.796 Thread 0x0000000019837000 Thread added: 0x0000000019837000
Event: 3663.898 Executing VM operation: RevokeBias
Event: 3663.899 Executing VM operation: RevokeBias done
Event: 3663.899 Executing VM operation: RevokeBias
Event: 3663.899 Executing VM operation: RevokeBias done
Event: 3663.899 Thread 0x0000000019837000 Thread exited: 0x0000000019837000
Event: 3663.899 Executing VM operation: Exit


Dynamic libraries:
0x0000000000400000 - 0x000000000044f000 	C:\Xilinx\SDK\2016.2\eclipse\win64.o\eclipse.exe
0x0000000076df0000 - 0x0000000076f9a000 	C:\Windows\SYSTEM32\ntdll.dll
0x0000000076bd0000 - 0x0000000076cef000 	C:\Windows\system32\kernel32.dll
0x000007fefcc10000 - 0x000007fefcc7a000 	C:\Windows\system32\KERNELBASE.dll
0x0000000076cf0000 - 0x0000000076dea000 	C:\Windows\system32\USER32.dll
0x000007fefdbe0000 - 0x000007fefdc47000 	C:\Windows\system32\GDI32.dll
0x000007fefd240000 - 0x000007fefd24e000 	C:\Windows\system32\LPK.dll
0x000007fefcf40000 - 0x000007fefd00a000 	C:\Windows\system32\USP10.dll
0x000007fefd010000 - 0x000007fefd0af000 	C:\Windows\system32\msvcrt.dll
0x000007fefb440000 - 0x000007fefb634000 	C:\Windows\WinSxS\amd64_microsoft.windows.common-controls_6595b64144ccf1df_6.0.7601.18837_none_fa3b1e3d17594757\COMCTL32.dll
0x000007fefd960000 - 0x000007fefd9d1000 	C:\Windows\system32\SHLWAPI.dll
0x000007fefd250000 - 0x000007fefd27e000 	C:\Windows\system32\IMM32.DLL
0x000007fefdad0000 - 0x000007fefdbd9000 	C:\Windows\system32\MSCTF.dll
0x0000000072000000 - 0x0000000072012000 	C:\Xilinx\SDK\2016.2\eclipse\win64.o\plugins\org.eclipse.equinox.launcher.win32.win32.x86_64_1.1.300.v20150602-1417\eclipse_1611.dll
0x000007fefd9f0000 - 0x000007fefdacb000 	C:\Windows\system32\ADVAPI32.dll
0x000007fefd620000 - 0x000007fefd63f000 	C:\Windows\SYSTEM32\sechost.dll
0x000007fefd4f0000 - 0x000007fefd61d000 	C:\Windows\system32\RPCRT4.dll
0x000007fefbbc0000 - 0x000007fefbbcc000 	C:\Windows\system32\VERSION.dll
0x000007fefb3e0000 - 0x000007fefb436000 	C:\Windows\system32\UxTheme.dll
0x000000006fa90000 - 0x0000000070319000 	C:\Xilinx\SDK\2016.2\tps\win64\jre\bin\server\jvm.dll
0x000007fefa250000 - 0x000007fefa259000 	C:\Windows\system32\WSOCK32.dll
0x000007fefcef0000 - 0x000007fefcf3d000 	C:\Windows\system32\WS2_32.dll
0x000007fefd9e0000 - 0x000007fefd9e8000 	C:\Windows\system32\NSI.dll
0x000007fefa450000 - 0x000007fefa48b000 	C:\Windows\system32\WINMM.dll
0x0000000076fb0000 - 0x0000000076fb7000 	C:\Windows\system32\PSAPI.DLL
0x00000000725a0000 - 0x0000000072672000 	C:\Windows\system32\MSVCR100.dll
0x0000000072020000 - 0x000000007202f000 	C:\Xilinx\SDK\2016.2\tps\win64\jre\bin\verify.dll
0x0000000000220000 - 0x0000000000249000 	C:\Xilinx\SDK\2016.2\tps\win64\jre\bin\java.dll
0x0000000071fd0000 - 0x0000000071fe6000 	C:\Xilinx\SDK\2016.2\tps\win64\jre\bin\zip.dll
0x000007fefdfc0000 - 0x000007fefed49000 	C:\Windows\system32\SHELL32.dll
0x000007fefd2e0000 - 0x000007fefd4e3000 	C:\Windows\system32\ole32.dll
0x000007fefcb40000 - 0x000007fefcb4f000 	C:\Windows\system32\profapi.dll
0x000007fefc330000 - 0x000007fefc348000 	C:\Windows\system32\CRYPTSP.dll
0x000007fefc030000 - 0x000007fefc077000 	C:\Windows\system32\rsaenh.dll
0x000007fefce70000 - 0x000007fefce8e000 	C:\Windows\system32\USERENV.dll
0x000007fefc990000 - 0x000007fefc99f000 	C:\Windows\system32\CRYPTBASE.dll
0x0000000071fb0000 - 0x0000000071fca000 	C:\Xilinx\SDK\2016.2\tps\win64\jre\bin\net.dll
0x000007fefc2d0000 - 0x000007fefc325000 	C:\Windows\system32\mswsock.dll
0x000007fefc2c0000 - 0x000007fefc2c7000 	C:\Windows\System32\wship6.dll
0x000007fef92f0000 - 0x000007fef9317000 	C:\Windows\system32\IPHLPAPI.DLL
0x000007fef92e0000 - 0x000007fef92eb000 	C:\Windows\system32\WINNSI.DLL
0x000007fef9040000 - 0x000007fef9051000 	C:\Windows\system32\dhcpcsvc6.DLL
0x000007fef9020000 - 0x000007fef9038000 	C:\Windows\system32\dhcpcsvc.DLL
0x0000000071f90000 - 0x0000000071fa1000 	C:\Xilinx\SDK\2016.2\tps\win64\jre\bin\nio.dll
0x000007fefa0d0000 - 0x000007fefa0e5000 	C:\Windows\system32\NLAapi.dll
0x000007fef8be0000 - 0x000007fef8bf5000 	C:\Windows\system32\napinsp.dll
0x000007fef8c00000 - 0x000007fef8c19000 	C:\Windows\system32\pnrpnsp.dll
0x000007fefc150000 - 0x000007fefc1ab000 	C:\Windows\system32\DNSAPI.dll
0x000007fef8bd0000 - 0x000007fef8bdb000 	C:\Windows\System32\winrnr.dll
0x000007fefbc90000 - 0x000007fefbc97000 	C:\Windows\System32\wshtcpip.dll
0x000007fef8c20000 - 0x000007fef8c28000 	C:\Windows\system32\rasadhlp.dll
0x000007fef90d0000 - 0x000007fef9123000 	C:\Windows\System32\fwpuclnt.dll
0x00000000174c0000 - 0x0000000017568000 	C:\Users\tabrizim\.Xilinx\SDK\2016.2\org.eclipse.osgi\312\0\.cp\swt-win32-4527.dll
0x000007fefed50000 - 0x000007fefee28000 	C:\Windows\system32\OLEAUT32.dll
0x000007fefdf20000 - 0x000007fefdfb7000 	C:\Windows\system32\comdlg32.dll
0x000007fef61a0000 - 0x000007fef6211000 	C:\Windows\system32\WINSPOOL.DRV
0x000007fefdc50000 - 0x000007fefdf15000 	C:\Windows\system32\WININET.dll
0x000007fefcc90000 - 0x000007fefcc94000 	C:\Windows\system32\api-ms-win-downlevel-user32-l1-1-0.dll
0x000007fefce20000 - 0x000007fefce24000 	C:\Windows\system32\api-ms-win-downlevel-shlwapi-l1-1-0.dll
0x000007fefce10000 - 0x000007fefce14000 	C:\Windows\system32\api-ms-win-downlevel-version-l1-1-0.dll
0x000007fefcb50000 - 0x000007fefcb53000 	C:\Windows\system32\api-ms-win-downlevel-normaliz-l1-1-0.dll
0x0000000076fc0000 - 0x0000000076fc3000 	C:\Windows\system32\normaliz.DLL
0x000007fefee30000 - 0x000007feff0f9000 	C:\Windows\system32\iertutil.dll
0x000007fefcc80000 - 0x000007fefcc85000 	C:\Windows\system32\api-ms-win-downlevel-advapi32-l1-1-0.dll
0x000007fefcca0000 - 0x000007fefce0d000 	C:\Windows\system32\CRYPT32.dll
0x000007fefcb30000 - 0x000007fefcb3f000 	C:\Windows\system32\MSASN1.dll
0x000007fefaeb0000 - 0x000007fefafdc000 	C:\Windows\system32\propsys.dll
0x000007fefd8c0000 - 0x000007fefd959000 	C:\Windows\system32\CLBCatQ.DLL
0x00000000003e0000 - 0x00000000003fe000 	C:\Users\tabrizim\.Xilinx\SDK\2016.2\org.eclipse.osgi\312\0\.cp\swt-gdip-win32-4527.dll
0x000007fefb1c0000 - 0x000007fefb3d6000 	C:\Windows\WinSxS\amd64_microsoft.windows.gdiplus_6595b64144ccf1df_1.1.7601.23508_none_145555328b95eaaa\gdiplus.dll
0x000007feface0000 - 0x000007fefae41000 	C:\Windows\system32\WindowsCodecs.dll
0x0000000180000000 - 0x0000000180012000 	C:\Users\tabrizim\.Xilinx\SDK\2016.2\org.eclipse.osgi\126\0\.cp\os\win32\x86_64\localfile_1_0_0.dll
0x000007fef0c00000 - 0x000007fef0c54000 	C:\Windows\system32\oleacc.dll
0x000007fef68e0000 - 0x000007fef68e7000 	C:\Windows\system32\msimg32.dll
0x000007fefca80000 - 0x000007fefca94000 	C:\Windows\system32\RpcRtRemote.dll
0x000007fefc930000 - 0x000007fefc987000 	C:\Windows\system32\apphelp.dll
0x000007fec3cb0000 - 0x000007fec3cc1000 	C:\Users\tabrizim\.Xilinx\SDK\2016.2\org.eclipse.osgi\129\0\.cp\jWinHttp-1.0.0.dll
0x000007fef86c0000 - 0x000007fef8731000 	C:\Windows\system32\WINHTTP.dll
0x000007fef8610000 - 0x000007fef8674000 	C:\Windows\system32\webio.dll
0x000007fefc900000 - 0x000007fefc925000 	C:\Windows\system32\SspiCli.dll
0x000007fefbef0000 - 0x000007fefbefa000 	C:\Windows\system32\credssp.dll
0x000007fefceb0000 - 0x000007fefcee6000 	C:\Windows\system32\CFGMGR32.dll
0x000007fef1b00000 - 0x000007fef1b0f000 	C:\Xilinx\SDK\2016.2\lib\win64.o\librdi_repo_manager.dll
0x000007fec3da0000 - 0x000007fec3dca000 	C:\Xilinx\SDK\2016.2\lib\win64.o\libisl_sysinfo.dll
0x000007feeaf50000 - 0x000007feeb024000 	C:\Windows\system32\MSVCR110.dll
0x000007feeae50000 - 0x000007feeaef7000 	C:\Windows\system32\MSVCP110.dll
0x000007fec22a0000 - 0x000007fec2ce0000 	C:\Xilinx\SDK\2016.2\lib\win64.o\librdi_common.dll
0x000007fec33b0000 - 0x000007fec371e000 	C:\Xilinx\SDK\2016.2\lib\win64.o\libCOIN-all.dll
0x000007fec3190000 - 0x000007fec33af000 	C:\Xilinx\SDK\2016.2\lib\win64.o\libXil_lmgr11.dll
0x000007fefaba0000 - 0x000007fefabb6000 	C:\Windows\system32\NETAPI32.dll
0x000007fefbf60000 - 0x000007fefbf6c000 	C:\Windows\system32\netutils.dll
0x000007fefc540000 - 0x000007fefc563000 	C:\Windows\system32\srvcli.dll
0x000007fefab80000 - 0x000007fefab95000 	C:\Windows\system32\wkscli.dll
0x000007fefce30000 - 0x000007fefce6b000 	C:\Windows\system32\WINTRUST.dll
0x000007fefac30000 - 0x000007fefac40000 	C:\Xilinx\SDK\2016.2\lib\win64.o\libboost_date_time.dll
0x000007fef0f50000 - 0x000007fef0f74000 	C:\Xilinx\SDK\2016.2\lib\win64.o\libboost_filesystem.dll
0x000007fef76b0000 - 0x000007fef76b9000 	C:\Xilinx\SDK\2016.2\lib\win64.o\libboost_system.dll
0x000007feef390000 - 0x000007feef407000 	C:\Xilinx\SDK\2016.2\lib\win64.o\libboost_program_options.dll
0x000007feeb730000 - 0x000007feeb836000 	C:\Xilinx\SDK\2016.2\lib\win64.o\libboost_regex.dll
0x000007feef790000 - 0x000007feef7a3000 	C:\Xilinx\SDK\2016.2\lib\win64.o\libboost_signals.dll
0x000007feeee50000 - 0x000007feeee6d000 	C:\Xilinx\SDK\2016.2\lib\win64.o\libboost_thread.dll
0x000007fef7610000 - 0x000007fef761b000 	C:\Xilinx\SDK\2016.2\lib\win64.o\libboost_chrono.dll
0x000007fef2160000 - 0x000007fef216b000 	C:\Xilinx\SDK\2016.2\lib\win64.o\libboost_xilinx.dll
0x000007feeedd0000 - 0x000007feeee50000 	C:\Xilinx\SDK\2016.2\lib\win64.o\libhdlpsolve.dll
0x000007feeb690000 - 0x000007feeb72a000 	C:\Xilinx\SDK\2016.2\lib\win64.o\libhdxml.dll
0x000007fec2d20000 - 0x000007fec3185e00 	C:\Xilinx\SDK\2016.2\lib\win64.o\libisl_iostreams.dll
0x000007feeb670000 - 0x000007feeb686000 	C:\Xilinx\SDK\2016.2\lib\win64.o\libboost_iostreams.dll
0x000007feeb640000 - 0x000007feeb663000 	C:\Xilinx\SDK\2016.2\lib\win64.o\librdizlib.dll
0x000007feeb610000 - 0x000007feeb633000 	C:\Xilinx\SDK\2016.2\lib\win64.o\libisl_iosutils.dll
0x000007fef4610000 - 0x000007fef4625000 	C:\Xilinx\SDK\2016.2\lib\win64.o\pthreadVC2.dll
0x000007fec3d40000 - 0x000007fec3d94000 	C:\Xilinx\SDK\2016.2\lib\win64.o\librdi_commonxillic.dll
0x000007fec2170000 - 0x000007fec22a0000 	C:\Xilinx\SDK\2016.2\lib\win64.o\librdi_curl.dll
0x000007fec4630000 - 0x000007fec4648000 	C:\Xilinx\SDK\2016.2\lib\win64.o\librdiconfig.dll
0x0000000071e60000 - 0x0000000071f87000 	C:\Xilinx\SDK\2016.2\lib\win64.o\tcl85t.dll
0x0000000023fc0000 - 0x0000000024223000 	C:\Xilinx\SDK\2016.2\lib\win64.o\xerces-c_3_1.dll
0x000007fefd0b0000 - 0x000007fefd236000 	C:\Windows\system32\urlmon.dll
0x000007fefcb60000 - 0x000007fefcb64000 	C:\Windows\system32\api-ms-win-downlevel-ole32-l1-1-0.dll
0x000007feea0d0000 - 0x000007feea0f3000 	C:\Windows\system32\VCOMP110.DLL
0x000007fec1730000 - 0x000007fec1922000 	C:\Xilinx\SDK\2016.2\lib\win64.o\librdi_hsm.dll
0x000007fec3cf0000 - 0x000007fec3d33000 	C:\Xilinx\SDK\2016.2\lib\win64.o\librdi_hdf.dll
0x000007fec14a0000 - 0x000007fec1721000 	C:\Xilinx\SDK\2016.2\lib\win64.o\librdi_ippcw.dll
0x0000000071080000 - 0x00000000710a6000 	C:\Xilinx\SDK\2016.2\eclipse\win64.o\plugins\gnu.io.rxtx.win32.x86_64_2.1.7.3_v20071015\os\win32\x86_64\rxtxSerial.dll
0x000007fec2d00000 - 0x000007fec2d16000 	C:\Xilinx\SDK\2016.2\eclipse\win64.o\plugins\org.eclipse.cdt.core.win32.x86_64_5.4.0.201509131935\os\win32\x86_64\spawner.dll
0x000007fefac10000 - 0x000007fefac1a000 	C:\Xilinx\SDK\2016.2\lib\win64.o\librdi_jtag_settings.dll
0x000007fec1470000 - 0x000007fec1499000 	C:\Xilinx\SDK\2016.2\lib\win64.o\librdi_debug_dialog.dll
0x000007fef0f40000 - 0x000007fef0f48000 	C:\Xilinx\SDK\2016.2\lib\win64.o\librdi_target_manager.dll
0x000007feb4d00000 - 0x000007feb5510000 	C:\Xilinx\SDK\2016.2\lib\win64.o\libXil_lmgr11FNP.dll
0x000007fef4df0000 - 0x000007fef4dfb000 	C:\Windows\system32\snmpapi.dll

VM Arguments:
jvm_args: -Dcom.xilinx.sdk.args.hwspec=W:/feed_through/NexysVideo-master/Projects/hdmi/proj/hdmi.sdk/hdmi_wrapper.hdf -Xms64m -Xmx512m & 
java_command: <unknown>
java_class_path (initial): C:\Xilinx\SDK\2016.2\eclipse\win64.o\\plugins/org.eclipse.equinox.launcher_1.3.100.v20150511-1540.jar
Launcher Type: generic

Environment Variables:
PATH=C:/Xilinx/SDK/2016.2/tps/win64/jre/bin/server;C:/Xilinx/SDK/2016.2/tps/win64/jre/bin;C:/Xilinx/SDK/2016.2/tps/win64/jre/lib/amd64;C:\Xilinx\SDK\2016.2\gnuwin\bin;C:\Xilinx\SDK\2016.2\gnu\microblaze\nt\bin;C:\Xilinx\SDK\2016.2\gnu\microblaze\linux_toolchain\nt64_le\bin;C:\Xilinx\SDK\2016.2\gnu\microblaze\linux_toolchain\nt64_be\bin;C:\Xilinx\SDK\2016.2\gnu\arm\nt\bin;C:\Xilinx\SDK\2016.2\gnu\aarch64\nt\aarch64-none\bin;C:\Xilinx\SDK\2016.2\gnu\aarch64\nt\aarch64-linux\bin;C:\Xilinx\SDK\2016.2\gnu\armr5\nt\gcc-arm-none-eabi\bin;C:\Xilinx\SDK\2016.2\gnu\aarch32\nt\gcc-arm-none-eabi\bin;C:\Xilinx\SDK\2016.2\gnu\aarch32\nt\gcc-arm-linux-gnueabi\bin;C:\Xilinx\SDK\2016.2\tps\win64\cmake-3.3.2\bin;;C:\Xilinx\SDK\2016.2\bin;C:\Xilinx\SDK\2016.2\lib\win64.o;C:\Xilinx\SDK\2016.2\tps\win64\jre\bin\server;C:\Xilinx\SDK\2016.2\tps\win64\jre\bin;C:\Xilinx\Vivado\2016.2\ids_lite\ISE\bin\nt64;C:\Xilinx\Vivado\2016.2\ids_lite\ISE\lib\nt64;C:\Xilinx\Vivado\2016.2\bin;C:\Xilinx\Vivado\2016.2\lib\win64.o;C:\Xilinx\Vivado\2016.2\tps\win64\jre\bin\server;C:\Xilinx\Vivado\2016.2\tps\win64\jre\bin;C:\Xilinx\Vivado_HLS\2016.2\bin;C:\Windows\system32;C:\Windows;C:\Windows\System32\Wbem;C:\Windows\System32\WindowsPowerShell\v1.0\;C:\Program Files (x86)\Java\jre6\bin;C:\Program Files (x86)\eclipse;C:\altera\16.0\quartus\bin64;c:\altera\16.0\quartus\bin64\jre64\bin;W:\feed_through\NexysVideo-master\Projects\hdmi\proj;
USERNAME=tabrizim
OS=Windows_NT
PROCESSOR_IDENTIFIER=Intel64 Family 6 Model 60 Stepping 3, GenuineIntel



---------------  S Y S T E M  ---------------

OS: Windows 7 , 64 bit Build 7601 (6.1.7601.23418)

CPU:total 8 (4 cores per cpu, 2 threads per core) family 6 model 60 stepping 3, cmov, cx8, fxsr, mmx, sse, sse2, sse3, ssse3, sse4.1, sse4.2, popcnt, avx, avx2, aes, clmul, erms, lzcnt, ht, tsc, tscinvbit, bmi1, bmi2

Memory: 4k page, physical 16683160k(10405680k free), swap 33364460k(26614676k free)

vm_info: Java HotSpot(TM) 64-Bit Server VM (25.66-b18) for windows-amd64 JRE (1.8.0_66-b18), built on Nov  9 2015 10:51:13 by "java_re" with MS VC++ 10.0 (VS2010)

time: Mon Mar 20 19:04:04 2017
elapsed time: 3664 seconds (0d 1h 1m 4s)

