#
# A fatal error has been detected by the Java Runtime Environment:
#
#  EXCEPTION_UNCAUGHT_CXX_EXCEPTION (0xe06d7363) at pc=0x000007fefd52a06d, pid=4756, tid=5096
#
# JRE version: Java(TM) SE Runtime Environment (8.0_66-b18) (build 1.8.0_66-b18)
# Java VM: Java HotSpot(TM) 64-Bit Server VM (25.66-b18 mixed mode windows-amd64 compressed oops)
# Problematic frame:
# C  [KERNELBASE.dll+0x1a06d]
#
# Failed to write core dump. Minidumps are not enabled by default on client versions of Windows
#
# If you would like to submit a bug report, please visit:
#   http://bugreport.java.com/bugreport/crash.jsp
#

---------------  T H R E A D  ---------------

Current thread (0x0000000014f02000):  VMThread [stack: 0x0000000015e50000,0x0000000015f50000] [id=5096]

siginfo: ExceptionCode=0xe06d7363, ExceptionInformation=0x0000000019930520 0x0000000015f4f4c8 0x000007feecd12cb8 0x000007feecc60000 

Registers:
RAX=0x00000000602d51ca, RBX=0x000007feecd12cb8, RCX=0x0000000015f4ed10, RDX=0x00000000000000d0
RSP=0x0000000015f4f320, RBP=0x0000000015f4f450, RSI=0x00000000ffffffff, RDI=0x00000000175788f0
R8 =0x0000000000000000, R9 =0x0000000000000000, R10=0x000007feecc60000, R11=0x0000000015f4f360
R12=0x0000000000000001, R13=0x0000000000000008, R14=0x0000000000000000, R15=0xffffffffffffffff
RIP=0x000007fefd52a06d, EFLAGS=0x0000000000000206

Top of Stack: (sp=0x0000000015f4f320)
0x0000000015f4f320:   000007feecd12cb8 00000000ffffffff
0x0000000015f4f330:   00000000175788f0 00000000002f7160
0x0000000015f4f340:   00000001e06d7363 0000000000000000
0x0000000015f4f350:   000007fefd52a06d 000007fe00000004
0x0000000015f4f360:   0000000019930520 0000000015f4f4c8
0x0000000015f4f370:   000007feecd12cb8 000007feecc60000
0x0000000015f4f380:   0000000000000000 0000000015f4f408
0x0000000015f4f390:   0000000000000028 00000000175788e0
0x0000000015f4f3a0:   000000001754def0 0000000000000000
0x0000000015f4f3b0:   000007fffffa8000 00000000775cf2d3
0x0000000015f4f3c0:   0000000000000000 0000000000000008
0x0000000015f4f3d0:   0000000000000001 00000000175788f0
0x0000000015f4f3e0:   00000000ffffffff 000007feeccbe92c
0x0000000015f4f3f0:   000007feecd12cb8 0000000015f4f460
0x0000000015f4f400:   0000000000000001 000007feecc600f8
0x0000000015f4f410:   00000001e06d7363 0000000000000000 

Instructions: (pc=0x000007fefd52a06d)
0x000007fefd52a04d:   54 24 24 48 89 4c 24 28 4d 85 c9 0f 85 6a 03 00
0x000007fefd52a05d:   00 89 4c 24 38 48 8d 4c 24 20 ff 15 33 02 03 00
0x000007fefd52a06d:   48 81 c4 c8 00 00 00 c3 90 90 90 90 90 90 90 90
0x000007fefd52a07d:   90 90 90 48 83 ec 28 65 48 8b 04 25 30 00 00 00 


Register to memory mapping:

RAX=0x00000000602d51ca is an unknown value
RBX=0x000007feecd12cb8 is an unknown value
RCX=0x0000000015f4ed10 is an unknown value
RDX=0x00000000000000d0 is an unknown value
RSP=0x0000000015f4f320 is an unknown value
RBP=0x0000000015f4f450 is an unknown value
RSI=0x00000000ffffffff is an unallocated location in the heap
RDI=0x00000000175788f0 is an unknown value
R8 =0x0000000000000000 is an unknown value
R9 =0x0000000000000000 is an unknown value
R10=0x000007feecc60000 is an unknown value
R11=0x0000000015f4f360 is an unknown value
R12=0x0000000000000001 is an unknown value
R13=0x0000000000000008 is an unknown value
R14=0x0000000000000000 is an unknown value
R15=0xffffffffffffffff is an unknown value


Stack: [0x0000000015e50000,0x0000000015f50000],  sp=0x0000000015f4f320,  free space=1020k
Native frames: (J=compiled Java code, j=interpreted, Vv=VM code, C=native code)
C  [KERNELBASE.dll+0x1a06d]
C  [MSVCR110.dll+0x5e92c]
C  [MSVCR110.dll+0x1315c]
C  [MSVCR110.dll+0x136a9]
C  [MSVCR110.dll+0x13e9c]
C  [MSVCR110.dll+0x239e]
C  [MSVCR110.dll+0xaf9e]
C  [MSVCP110.dll+0x397b9]
C  [librdi_common.dll+0x182316]
C  [librdi_common.dll+0x180fab]
C  [librdi_target_manager.dll+0x2400]
C  [librdi_target_manager.dll+0x2682]
C  [ntdll.dll+0x229b1]
C  [ntdll.dll+0x227c0]
C  [MSVCR100.dll+0x20ccd]
V  [jvm.dll+0x210cc5]
V  [jvm.dll+0x249897]
V  [jvm.dll+0x248b36]
V  [jvm.dll+0x248fd1]
V  [jvm.dll+0x2491ee]
V  [jvm.dll+0x29a0fa]
C  [MSVCR100.dll+0x21d9f]
C  [MSVCR100.dll+0x21e3b]
C  [kernel32.dll+0x159bd]
C  [ntdll.dll+0x2a2e1]

VM_Operation (0x000000000012f4c0): Exit, mode: safepoint, requested by thread 0x0000000002488000


---------------  P R O C E S S  ---------------

Java Threads: ( => current thread )
  0x00000000218c1000 JavaThread "pool-2-thread-1" [_thread_blocked, id=2184, stack(0x0000000029ec0000,0x0000000029fc0000)]
  0x00000000170e9800 JavaThread "Thread-36" daemon [_thread_blocked, id=4920, stack(0x0000000029ad0000,0x0000000029bd0000)]
  0x000000001da0e800 JavaThread "TCF Channel Transmitter" daemon [_thread_blocked, id=4608, stack(0x0000000028bd0000,0x0000000028cd0000)]
  0x000000001da0d800 JavaThread "TCF Channel Receiver" daemon [_thread_in_native, id=4028, stack(0x0000000027370000,0x0000000027470000)]
  0x000000001da0c000 JavaThread "TCF Locator DNS Lookup" daemon [_thread_blocked, id=4304, stack(0x00000000284c0000,0x00000000285c0000)]
  0x00000000183e4000 JavaThread "TCF Locator Timer" daemon [_thread_blocked, id=4104, stack(0x00000000283c0000,0x00000000284c0000)]
  0x00000000183e3000 JavaThread "TCF Locator Receiver" daemon [_thread_in_native, id=4892, stack(0x00000000260b0000,0x00000000261b0000)]
  0x00000000183e2800 JavaThread "Process monitor" daemon [_thread_in_native, id=1676, stack(0x00000000282c0000,0x00000000283c0000)]
  0x00000000183e1800 JavaThread "Input Stream Monitor" daemon [_thread_blocked, id=4700, stack(0x00000000281c0000,0x00000000282c0000)]
  0x00000000183e1000 JavaThread "Output Stream Monitor" daemon [_thread_in_native, id=3668, stack(0x00000000280c0000,0x00000000281c0000)]
  0x00000000183e0000 JavaThread "Output Stream Monitor" daemon [_thread_in_native, id=3768, stack(0x0000000027590000,0x0000000027690000)]
  0x00000000183de800 JavaThread "TCF Timer Dispatcher" daemon [_thread_blocked, id=4184, stack(0x00000000276d0000,0x00000000277d0000)]
  0x00000000184c9800 JavaThread "EMF Reference Cleaner" daemon [_thread_blocked, id=3416, stack(0x000000001a580000,0x000000001a680000)]
  0x0000000014fc3000 JavaThread "Service Thread" daemon [_thread_blocked, id=4468, stack(0x0000000016810000,0x0000000016910000)]
  0x0000000014f88000 JavaThread "C1 CompilerThread3" daemon [_thread_blocked, id=4872, stack(0x0000000016710000,0x0000000016810000)]
  0x0000000014f63800 JavaThread "C2 CompilerThread2" daemon [_thread_blocked, id=4068, stack(0x0000000016610000,0x0000000016710000)]
  0x0000000014f5c800 JavaThread "C2 CompilerThread1" daemon [_thread_blocked, id=4592, stack(0x0000000016510000,0x0000000016610000)]
  0x0000000014f57000 JavaThread "C2 CompilerThread0" daemon [_thread_blocked, id=4852, stack(0x0000000016410000,0x0000000016510000)]
  0x0000000014f53800 JavaThread "Attach Listener" daemon [_thread_blocked, id=1584, stack(0x0000000016310000,0x0000000016410000)]
  0x0000000014f52800 JavaThread "Signal Dispatcher" daemon [_thread_blocked, id=4808, stack(0x0000000016210000,0x0000000016310000)]
  0x0000000013d90800 JavaThread "Finalizer" daemon [_thread_blocked, id=4792, stack(0x0000000016050000,0x0000000016150000)]
  0x0000000013d8a000 JavaThread "Reference Handler" daemon [_thread_blocked, id=4108, stack(0x0000000015f50000,0x0000000016050000)]
  0x0000000002488000 JavaThread "main" [_thread_blocked, id=4284, stack(0x0000000000030000,0x0000000000130000)]

Other Threads:
=>0x0000000014f02000 VMThread [stack: 0x0000000015e50000,0x0000000015f50000] [id=5096]

VM state:at safepoint (shutting down)

VM Mutex/Monitor currently owned by a thread:  ([mutex/lock_event])
[0x00000000003ee520] Threads_lock - owner thread: 0x0000000014f02000

Heap:
 PSYoungGen      total 139776K, used 70377K [0x00000000f5580000, 0x00000000ffe80000, 0x0000000100000000)
  eden space 115712K, 54% used [0x00000000f5580000,0x00000000f92deda0,0x00000000fc680000)
  from space 24064K, 31% used [0x00000000fc680000,0x00000000fcddb900,0x00000000fde00000)
  to   space 23040K, 0% used [0x00000000fe800000,0x00000000fe800000,0x00000000ffe80000)
 ParOldGen       total 103936K, used 59103K [0x00000000e0000000, 0x00000000e6580000, 0x00000000f5580000)
  object space 103936K, 56% used [0x00000000e0000000,0x00000000e39b7e88,0x00000000e6580000)
 Metaspace       used 84413K, capacity 91730K, committed 91816K, reserved 1128448K
  class space    used 10221K, capacity 12663K, committed 12720K, reserved 1048576K

Card table byte_map: [0x00000000118e0000,0x00000000119f0000] byte_map_base: 0x00000000111e0000

Marking Bits: (ParMarkBitMap*) 0x0000000070ada5b0
 Begin Bits: [0x00000000122a0000, 0x0000000012aa0000)
 End Bits:   [0x0000000012aa0000, 0x00000000132a0000)

Polling page: 0x0000000000220000

CodeCache: size=245760Kb used=32970Kb max_used=33322Kb free=212789Kb
 bounds [0x0000000002520000, 0x00000000045f0000, 0x0000000011520000]
 total_blobs=9701 nmethods=8802 adapters=806
 compilation: enabled

Compilation events (10 events):
Event: 1713.657 Thread 0x0000000014f88000 10897       3       org.eclipse.osgi.internal.framework.EquinoxContainerAdaptor::clearManifestCache (84 bytes)
Event: 1713.658 Thread 0x0000000014f5c800 10899       4       java.util.concurrent.locks.AbstractQueuedSynchronizer::release (33 bytes)
Event: 1713.658 Thread 0x0000000014f88000 nmethod 10897 0x0000000002f7d450 code [0x0000000002f7d6a0, 0x0000000002f7edb8]
Event: 1713.658 Thread 0x0000000014f57000 nmethod 10896 0x00000000042cc0d0 code [0x00000000042cc220, 0x00000000042cc338]
Event: 1713.658 Thread 0x0000000014f88000 10889       3       org.eclipse.osgi.container.ModuleWiring::unload (6 bytes)
Event: 1713.658 Thread 0x0000000014f88000 nmethod 10889 0x0000000004335d90 code [0x0000000004335f00, 0x0000000004336088]
Event: 1713.658 Thread 0x0000000014f88000 10890       3       org.eclipse.osgi.container.ModuleWiring::invalidate0 (52 bytes)
Event: 1713.658 Thread 0x0000000014f5c800 nmethod 10899 0x00000000035e8450 code [0x00000000035e85a0, 0x00000000035e8668]
Event: 1713.658 Thread 0x0000000014f88000 nmethod 10890 0x0000000002fe9c90 code [0x0000000002fe9e40, 0x0000000002fea7e8]
Event: 1713.658 Thread 0x0000000014f88000 10891       3       org.eclipse.osgi.internal.container.AtomicLazyInitializer::getAndClear (9 bytes)

GC Heap History (10 events):
Event: 5.704 GC heap before
{Heap before GC invocations=15 (full 3):
 PSYoungGen      total 88064K, used 84140K [0x00000000f5580000, 0x00000000fda80000, 0x0000000100000000)
  eden space 66560K, 100% used [0x00000000f5580000,0x00000000f9680000,0x00000000f9680000)
  from space 21504K, 81% used [0x00000000f9680000,0x00000000fa7ab3d8,0x00000000fab80000)
  to   space 23040K, 0% used [0x00000000fc400000,0x00000000fc400000,0x00000000fda80000)
 ParOldGen       total 103936K, used 37787K [0x00000000e0000000, 0x00000000e6580000, 0x00000000f5580000)
  object space 103936K, 36% used [0x00000000e0000000,0x00000000e24e6eb8,0x00000000e6580000)
 Metaspace       used 72002K, capacity 78246K, committed 78376K, reserved 1116160K
  class space    used 8753K, capacity 10682K, committed 10800K, reserved 1048576K
Event: 5.730 GC heap after
Heap after GC invocations=15 (full 3):
 PSYoungGen      total 111616K, used 18345K [0x00000000f5580000, 0x00000000fdd80000, 0x0000000100000000)
  eden space 88576K, 0% used [0x00000000f5580000,0x00000000f5580000,0x00000000fac00000)
  from space 23040K, 79% used [0x00000000fc400000,0x00000000fd5ea668,0x00000000fda80000)
  to   space 24576K, 0% used [0x00000000fac00000,0x00000000fac00000,0x00000000fc400000)
 ParOldGen       total 103936K, used 37795K [0x00000000e0000000, 0x00000000e6580000, 0x00000000f5580000)
  object space 103936K, 36% used [0x00000000e0000000,0x00000000e24e8eb8,0x00000000e6580000)
 Metaspace       used 72002K, capacity 78246K, committed 78376K, reserved 1116160K
  class space    used 8753K, capacity 10682K, committed 10800K, reserved 1048576K
}
Event: 36.025 GC heap before
{Heap before GC invocations=16 (full 3):
 PSYoungGen      total 111616K, used 106921K [0x00000000f5580000, 0x00000000fdd80000, 0x0000000100000000)
  eden space 88576K, 100% used [0x00000000f5580000,0x00000000fac00000,0x00000000fac00000)
  from space 23040K, 79% used [0x00000000fc400000,0x00000000fd5ea668,0x00000000fda80000)
  to   space 24576K, 0% used [0x00000000fac00000,0x00000000fac00000,0x00000000fc400000)
 ParOldGen       total 103936K, used 37795K [0x00000000e0000000, 0x00000000e6580000, 0x00000000f5580000)
  object space 103936K, 36% used [0x00000000e0000000,0x00000000e24e8eb8,0x00000000e6580000)
 Metaspace       used 77486K, capacity 83984K, committed 84264K, reserved 1122304K
  class space    used 9422K, capacity 11496K, committed 11568K, reserved 1048576K
Event: 36.041 GC heap after
Heap after GC invocations=16 (full 3):
 PSYoungGen      total 113152K, used 9076K [0x00000000f5580000, 0x00000000ff500000, 0x0000000100000000)
  eden space 88576K, 0% used [0x00000000f5580000,0x00000000f5580000,0x00000000fac00000)
  from space 24576K, 36% used [0x00000000fac00000,0x00000000fb4dd160,0x00000000fc400000)
  to   space 23552K, 0% used [0x00000000fde00000,0x00000000fde00000,0x00000000ff500000)
 ParOldGen       total 103936K, used 51241K [0x00000000e0000000, 0x00000000e6580000, 0x00000000f5580000)
  object space 103936K, 49% used [0x00000000e0000000,0x00000000e320a6b0,0x00000000e6580000)
 Metaspace       used 77486K, capacity 83984K, committed 84264K, reserved 1122304K
  class space    used 9422K, capacity 11496K, committed 11568K, reserved 1048576K
}
Event: 61.922 GC heap before
{Heap before GC invocations=17 (full 3):
 PSYoungGen      total 113152K, used 47739K [0x00000000f5580000, 0x00000000ff500000, 0x0000000100000000)
  eden space 88576K, 43% used [0x00000000f5580000,0x00000000f7b41b60,0x00000000fac00000)
  from space 24576K, 36% used [0x00000000fac00000,0x00000000fb4dd160,0x00000000fc400000)
  to   space 23552K, 0% used [0x00000000fde00000,0x00000000fde00000,0x00000000ff500000)
 ParOldGen       total 103936K, used 51241K [0x00000000e0000000, 0x00000000e6580000, 0x00000000f5580000)
  object space 103936K, 49% used [0x00000000e0000000,0x00000000e320a6b0,0x00000000e6580000)
 Metaspace       used 79676K, capacity 86378K, committed 86696K, reserved 1124352K
  class space    used 9697K, capacity 11861K, committed 11952K, reserved 1048576K
Event: 61.933 GC heap after
Heap after GC invocations=17 (full 3):
 PSYoungGen      total 139264K, used 3589K [0x00000000f5580000, 0x00000000ff600000, 0x0000000100000000)
  eden space 115712K, 0% used [0x00000000f5580000,0x00000000f5580000,0x00000000fc680000)
  from space 23552K, 15% used [0x00000000fde00000,0x00000000fe181428,0x00000000ff500000)
  to   space 24064K, 0% used [0x00000000fc680000,0x00000000fc680000,0x00000000fde00000)
 ParOldGen       total 103936K, used 56393K [0x00000000e0000000, 0x00000000e6580000, 0x00000000f5580000)
  object space 103936K, 54% used [0x00000000e0000000,0x00000000e3712498,0x00000000e6580000)
 Metaspace       used 79676K, capacity 86378K, committed 86696K, reserved 1124352K
  class space    used 9697K, capacity 11861K, committed 11952K, reserved 1048576K
}
Event: 61.933 GC heap before
{Heap before GC invocations=18 (full 4):
 PSYoungGen      total 139264K, used 3589K [0x00000000f5580000, 0x00000000ff600000, 0x0000000100000000)
  eden space 115712K, 0% used [0x00000000f5580000,0x00000000f5580000,0x00000000fc680000)
  from space 23552K, 15% used [0x00000000fde00000,0x00000000fe181428,0x00000000ff500000)
  to   space 24064K, 0% used [0x00000000fc680000,0x00000000fc680000,0x00000000fde00000)
 ParOldGen       total 103936K, used 56393K [0x00000000e0000000, 0x00000000e6580000, 0x00000000f5580000)
  object space 103936K, 54% used [0x00000000e0000000,0x00000000e3712498,0x00000000e6580000)
 Metaspace       used 79676K, capacity 86378K, committed 86696K, reserved 1124352K
  class space    used 9697K, capacity 11861K, committed 11952K, reserved 1048576K
Event: 62.323 GC heap after
Heap after GC invocations=18 (full 4):
 PSYoungGen      total 139264K, used 0K [0x00000000f5580000, 0x00000000ff600000, 0x0000000100000000)
  eden space 115712K, 0% used [0x00000000f5580000,0x00000000f5580000,0x00000000fc680000)
  from space 23552K, 0% used [0x00000000fde00000,0x00000000fde00000,0x00000000ff500000)
  to   space 24064K, 0% used [0x00000000fc680000,0x00000000fc680000,0x00000000fde00000)
 ParOldGen       total 103936K, used 59095K [0x00000000e0000000, 0x00000000e6580000, 0x00000000f5580000)
  object space 103936K, 56% used [0x00000000e0000000,0x00000000e39b5e88,0x00000000e6580000)
 Metaspace       used 79676K, capacity 86378K, committed 86696K, reserved 1124352K
  class space    used 9697K, capacity 11861K, committed 11952K, reserved 1048576K
}
Event: 902.052 GC heap before
{Heap before GC invocations=19 (full 4):
 PSYoungGen      total 139264K, used 115712K [0x00000000f5580000, 0x00000000ff600000, 0x0000000100000000)
  eden space 115712K, 100% used [0x00000000f5580000,0x00000000fc680000,0x00000000fc680000)
  from space 23552K, 0% used [0x00000000fde00000,0x00000000fde00000,0x00000000ff500000)
  to   space 24064K, 0% used [0x00000000fc680000,0x00000000fc680000,0x00000000fde00000)
 ParOldGen       total 103936K, used 59095K [0x00000000e0000000, 0x00000000e6580000, 0x00000000f5580000)
  object space 103936K, 56% used [0x00000000e0000000,0x00000000e39b5e88,0x00000000e6580000)
 Metaspace       used 83304K, capacity 90568K, committed 90920K, reserved 1128448K
  class space    used 10103K, capacity 12470K, committed 12592K, reserved 1048576K
Event: 902.060 GC heap after
Heap after GC invocations=19 (full 4):
 PSYoungGen      total 139776K, used 7534K [0x00000000f5580000, 0x00000000ffe80000, 0x0000000100000000)
  eden space 115712K, 0% used [0x00000000f5580000,0x00000000f5580000,0x00000000fc680000)
  from space 24064K, 31% used [0x00000000fc680000,0x00000000fcddb900,0x00000000fde00000)
  to   space 23040K, 0% used [0x00000000fe800000,0x00000000fe800000,0x00000000ffe80000)
 ParOldGen       total 103936K, used 59103K [0x00000000e0000000, 0x00000000e6580000, 0x00000000f5580000)
  object space 103936K, 56% used [0x00000000e0000000,0x00000000e39b7e88,0x00000000e6580000)
 Metaspace       used 83304K, capacity 90568K, committed 90920K, reserved 1128448K
  class space    used 10103K, capacity 12470K, committed 12592K, reserved 1048576K
}

Deoptimization events (10 events):
Event: 1712.814 Thread 0x00000000183d5800 Uncommon trap: reason=unstable_if action=reinterpret pc=0x00000000040ad488 method=org.eclipse.e4.ui.internal.workbench.swt.E4Application$1.syncExec(Ljava/lang/Runnable;)V @ 14
Event: 1712.829 Thread 0x000000001da12000 Uncommon trap: reason=unstable_if action=reinterpret pc=0x00000000045cbf24 method=org.eclipse.equinox.internal.event.EventHandlerTracker.getHandlers(Ljava/lang/String;)Ljava/util/Set; @ 28
Event: 1712.830 Thread 0x000000001da12000 Uncommon trap: reason=class_check action=maybe_recompile pc=0x0000000004308e80 method=org.eclipse.e4.core.internal.contexts.TrackableComputationExt.update(Lorg/eclipse/e4/core/internal/contexts/ContextChangeEvent;)Z @ 62
Event: 1712.830 Thread 0x000000001da12000 Uncommon trap: reason=class_check action=maybe_recompile pc=0x00000000045a8948 method=org.eclipse.e4.core.internal.contexts.ContextObjectSupplier$ContextInjectionListener.update(Lorg/eclipse/e4/core/contexts/IEclipseContext;I[Ljava/lang/Object;)Z @ 173
Event: 1712.830 Thread 0x000000001da12000 Uncommon trap: reason=class_check action=maybe_recompile pc=0x0000000004308e80 method=org.eclipse.e4.core.internal.contexts.TrackableComputationExt.update(Lorg/eclipse/e4/core/internal/contexts/ContextChangeEvent;)Z @ 62
Event: 1712.830 Thread 0x000000001da12000 Uncommon trap: reason=class_check action=maybe_recompile pc=0x00000000045a8948 method=org.eclipse.e4.core.internal.contexts.ContextObjectSupplier$ContextInjectionListener.update(Lorg/eclipse/e4/core/contexts/IEclipseContext;I[Ljava/lang/Object;)Z @ 173
Event: 1713.034 Thread 0x00000000170ea800 Uncommon trap: reason=unstable_if action=reinterpret pc=0x000000000269ff64 method=sun.nio.cs.SingleByte$Encoder.encode(C)I @ 13
Event: 1713.036 Thread 0x000000001da12000 Uncommon trap: reason=predicate action=maybe_recompile pc=0x00000000045c1530 method=java.io.OutputStream.write([BII)V @ 62
Event: 1713.606 Thread 0x000000001da12000 Uncommon trap: reason=unstable_if action=reinterpret pc=0x000000000361de68 method=org.eclipse.osgi.internal.hooks.EclipseLazyStarter.shouldActivateFor(Ljava/lang/String;Lorg/eclipse/osgi/container/Module;Lorg/eclipse/osgi/container/ModuleRevision;Lorg/ecli†ÂžvÆš@
Event: 1713.616 Thread 0x000000001da12000 Uncommon trap: reason=null_check action=maybe_recompile pc=0x00000000037b14e4 method=com.xilinx.sdk.targetmanager.internal.json.XMDJSONProcess.issueCommand(Ljava/lang/String;)Lcom/xilinx/sdk/targetmanager/internal/IXMDResult; @ 3

Internal exceptions (10 events):
Event: 1674.129 Thread 0x0000000002488000 Implicit null exception at 0x00000000041092ea to 0x0000000004109cbd
Event: 1711.983 Thread 0x0000000002488000 Implicit null exception at 0x000000000307ec55 to 0x000000000307f089
Event: 1712.181 Thread 0x0000000002488000 Implicit null exception at 0x00000000033ad130 to 0x00000000033ad189
Event: 1713.033 Thread 0x00000000170ec000 Exception <a 'java/lang/InterruptedException'> (0x00000000f8c88340) thrown at [C:\re\workspace\8-2-build-windows-amd64-cygwin\jdk8u66\5298\hotspot\src\share\vm\runtime\objectMonitor.cpp, line 1683]
Event: 1713.616 Thread 0x000000001da12000 Implicit null exception at 0x00000000037b0627 to 0x00000000037b14d5
Event: 1713.616 Thread 0x000000001da12000 Exception <a 'java/lang/NullPointerException'> (0x00000000f8f22110) thrown at [C:\re\workspace\8-2-build-windows-amd64-cygwin\jdk8u66\5298\hotspot\src\share\vm\prims\jvm.cpp, line 1390]
Event: 1713.640 Thread 0x00000000183d5800 Exception <a 'java/lang/InterruptedException'> (0x00000000f7135418) thrown at [C:\re\workspace\8-2-build-windows-amd64-cygwin\jdk8u66\5298\hotspot\src\share\vm\runtime\objectMonitor.cpp, line 1683]
Event: 1713.653 Thread 0x0000000017c41000 Exception <a 'java/lang/InterruptedException'> (0x00000000f90261d0) thrown at [C:\re\workspace\8-2-build-windows-amd64-cygwin\jdk8u66\5298\hotspot\src\share\vm\runtime\objectMonitor.cpp, line 1683]
Event: 1713.656 Thread 0x00000000183d6800 Exception <a 'java/lang/InterruptedException'> (0x00000000f7c96920) thrown at [C:\re\workspace\8-2-build-windows-amd64-cygwin\jdk8u66\5298\hotspot\src\share\vm\runtime\objectMonitor.cpp, line 1683]
Event: 1713.656 Thread 0x0000000018fad000 Exception <a 'java/lang/InterruptedException'> (0x00000000f924e2b8) thrown at [C:\re\workspace\8-2-build-windows-amd64-cygwin\jdk8u66\5298\hotspot\src\share\vm\runtime\objectMonitor.cpp, line 1683]

Events (10 events):
Event: 1713.657 Executing VM operation: RevokeBias
Event: 1713.657 Executing VM operation: RevokeBias done
Event: 1713.658 Thread 0x000000001da12000 Thread exited: 0x000000001da12000
Event: 1713.658 loading class java/util/IdentityHashMap$KeyIterator
Event: 1713.658 loading class java/util/IdentityHashMap$IdentityHashMapIterator
Event: 1713.658 loading class java/util/IdentityHashMap$IdentityHashMapIterator done
Event: 1713.658 loading class java/util/IdentityHashMap$KeyIterator done
Event: 1713.658 Thread 0x000000001da12000 Thread added: 0x000000001da12000
Event: 1713.658 Thread 0x000000001da12000 Thread exited: 0x000000001da12000
Event: 1713.658 Executing VM operation: Exit


Dynamic libraries:
0x0000000000400000 - 0x000000000044f000 	C:\Xilinx\SDK\2016.2\eclipse\win64.o\eclipse.exe
0x0000000077580000 - 0x000000007772a000 	C:\Windows\SYSTEM32\ntdll.dll
0x0000000077460000 - 0x000000007757f000 	C:\Windows\system32\kernel32.dll
0x000007fefd510000 - 0x000007fefd57a000 	C:\Windows\system32\KERNELBASE.dll
0x0000000077360000 - 0x000000007745a000 	C:\Windows\system32\USER32.dll
0x000007feff150000 - 0x000007feff1b7000 	C:\Windows\system32\GDI32.dll
0x000007feff2f0000 - 0x000007feff2fe000 	C:\Windows\system32\LPK.dll
0x000007feff3a0000 - 0x000007feff46a000 	C:\Windows\system32\USP10.dll
0x000007fefdb60000 - 0x000007fefdbff000 	C:\Windows\system32\msvcrt.dll
0x000007fefbbd0000 - 0x000007fefbdc4000 	C:\Windows\WinSxS\amd64_microsoft.windows.common-controls_6595b64144ccf1df_6.0.7601.18837_none_fa3b1e3d17594757\COMCTL32.dll
0x000007feff470000 - 0x000007feff4e1000 	C:\Windows\system32\SHLWAPI.dll
0x000007fefd950000 - 0x000007fefd97e000 	C:\Windows\system32\IMM32.DLL
0x000007feff760000 - 0x000007feff869000 	C:\Windows\system32\MSCTF.dll
0x0000000072000000 - 0x0000000072012000 	C:\Xilinx\SDK\2016.2\eclipse\win64.o\plugins\org.eclipse.equinox.launcher.win32.win32.x86_64_1.1.300.v20150602-1417\eclipse_1611.dll
0x000007feff050000 - 0x000007feff12b000 	C:\Windows\system32\ADVAPI32.dll
0x000007feff870000 - 0x000007feff88f000 	C:\Windows\SYSTEM32\sechost.dll
0x000007feff1c0000 - 0x000007feff2ed000 	C:\Windows\system32\RPCRT4.dll
0x000007fefc350000 - 0x000007fefc35c000 	C:\Windows\system32\VERSION.dll
0x000007fefbb70000 - 0x000007fefbbc6000 	C:\Windows\system32\UxTheme.dll
0x00000000702d0000 - 0x0000000070b59000 	C:\Xilinx\SDK\2016.2\tps\win64\jre\bin\server\jvm.dll
0x000007fefa2e0000 - 0x000007fefa2e9000 	C:\Windows\system32\WSOCK32.dll
0x000007fefde10000 - 0x000007fefde5d000 	C:\Windows\system32\WS2_32.dll
0x000007fefe1b0000 - 0x000007fefe1b8000 	C:\Windows\system32\NSI.dll
0x000007fefa090000 - 0x000007fefa0cb000 	C:\Windows\system32\WINMM.dll
0x0000000077740000 - 0x0000000077747000 	C:\Windows\system32\PSAPI.DLL
0x0000000072eb0000 - 0x0000000072f82000 	C:\Windows\system32\MSVCR100.dll
0x00000000743e0000 - 0x00000000743ef000 	C:\Xilinx\SDK\2016.2\tps\win64\jre\bin\verify.dll
0x0000000071ba0000 - 0x0000000071bc9000 	C:\Xilinx\SDK\2016.2\tps\win64\jre\bin\java.dll
0x0000000072490000 - 0x00000000724a6000 	C:\Xilinx\SDK\2016.2\tps\win64\jre\bin\zip.dll
0x000007fefe260000 - 0x000007fefefe9000 	C:\Windows\system32\SHELL32.dll
0x000007fefdc00000 - 0x000007fefde03000 	C:\Windows\system32\ole32.dll
0x000007fefd2c0000 - 0x000007fefd2cf000 	C:\Windows\system32\profapi.dll
0x000007fefcac0000 - 0x000007fefcad8000 	C:\Windows\system32\CRYPTSP.dll
0x000007fefc7c0000 - 0x000007fefc807000 	C:\Windows\system32\rsaenh.dll
0x000007fefd370000 - 0x000007fefd38e000 	C:\Windows\system32\USERENV.dll
0x000007fefd120000 - 0x000007fefd12f000 	C:\Windows\system32\CRYPTBASE.dll
0x0000000071be0000 - 0x0000000071bfa000 	C:\Xilinx\SDK\2016.2\tps\win64\jre\bin\net.dll
0x000007fefca60000 - 0x000007fefcab5000 	C:\Windows\system32\mswsock.dll
0x000007fefca50000 - 0x000007fefca57000 	C:\Windows\System32\wship6.dll
0x000007fef9ac0000 - 0x000007fef9ae7000 	C:\Windows\system32\IPHLPAPI.DLL
0x000007fef9ab0000 - 0x000007fef9abb000 	C:\Windows\system32\WINNSI.DLL
0x000007fef9450000 - 0x000007fef9461000 	C:\Windows\system32\dhcpcsvc6.DLL
0x000007fef9430000 - 0x000007fef9448000 	C:\Windows\system32\dhcpcsvc.DLL
0x0000000071b80000 - 0x0000000071b91000 	C:\Xilinx\SDK\2016.2\tps\win64\jre\bin\nio.dll
0x000007fef9d20000 - 0x000007fef9d35000 	C:\Windows\system32\NLAapi.dll
0x000007fef8fd0000 - 0x000007fef8fe5000 	C:\Windows\system32\napinsp.dll
0x000007fef8ff0000 - 0x000007fef9009000 	C:\Windows\system32\pnrpnsp.dll
0x000007fefc8e0000 - 0x000007fefc93b000 	C:\Windows\system32\DNSAPI.dll
0x000007fef8fc0000 - 0x000007fef8fcb000 	C:\Windows\System32\winrnr.dll
0x000007fefc420000 - 0x000007fefc427000 	C:\Windows\System32\wshtcpip.dll
0x000007fef8f60000 - 0x000007fef8f68000 	C:\Windows\system32\rasadhlp.dll
0x000007fef94e0000 - 0x000007fef9533000 	C:\Windows\System32\fwpuclnt.dll
0x00000000172d0000 - 0x0000000017378000 	C:\Users\wanxing1\.Xilinx\SDK\2016.2\org.eclipse.osgi\312\0\.cp\swt-win32-4527.dll
0x000007feff4f0000 - 0x000007feff5c8000 	C:\Windows\system32\OLEAUT32.dll
0x000007fefe1c0000 - 0x000007fefe257000 	C:\Windows\system32\comdlg32.dll
0x000007fef62f0000 - 0x000007fef6361000 	C:\Windows\system32\WINSPOOL.DRV
0x000007fefdee0000 - 0x000007fefe1a5000 	C:\Windows\system32\WININET.dll
0x000007fefd670000 - 0x000007fefd674000 	C:\Windows\system32\api-ms-win-downlevel-user32-l1-1-0.dll
0x000007fefd660000 - 0x000007fefd664000 	C:\Windows\system32\api-ms-win-downlevel-shlwapi-l1-1-0.dll
0x000007fefd650000 - 0x000007fefd654000 	C:\Windows\system32\api-ms-win-downlevel-version-l1-1-0.dll
0x000007fefd320000 - 0x000007fefd323000 	C:\Windows\system32\api-ms-win-downlevel-normaliz-l1-1-0.dll
0x0000000077750000 - 0x0000000077753000 	C:\Windows\system32\normaliz.DLL
0x000007fefd680000 - 0x000007fefd949000 	C:\Windows\system32\iertutil.dll
0x000007fefd580000 - 0x000007fefd585000 	C:\Windows\system32\api-ms-win-downlevel-advapi32-l1-1-0.dll
0x000007fefd390000 - 0x000007fefd4fd000 	C:\Windows\system32\CRYPT32.dll
0x000007fefd2d0000 - 0x000007fefd2df000 	C:\Windows\system32\MSASN1.dll
0x000007fefb640000 - 0x000007fefb76c000 	C:\Windows\system32\propsys.dll
0x000007feff300000 - 0x000007feff399000 	C:\Windows\system32\CLBCatQ.DLL
0x00000000003c0000 - 0x00000000003de000 	C:\Users\wanxing1\.Xilinx\SDK\2016.2\org.eclipse.osgi\312\0\.cp\swt-gdip-win32-4527.dll
0x000007fefb950000 - 0x000007fefbb66000 	C:\Windows\WinSxS\amd64_microsoft.windows.gdiplus_6595b64144ccf1df_1.1.7601.23508_none_145555328b95eaaa\gdiplus.dll
0x000007fefb470000 - 0x000007fefb5d1000 	C:\Windows\system32\WindowsCodecs.dll
0x0000000180000000 - 0x0000000180012000 	C:\Users\wanxing1\.Xilinx\SDK\2016.2\org.eclipse.osgi\126\0\.cp\os\win32\x86_64\localfile_1_0_0.dll
0x000007feefe40000 - 0x000007feefe94000 	C:\Windows\system32\oleacc.dll
0x000007fef9c00000 - 0x000007fef9c07000 	C:\Windows\system32\msimg32.dll
0x000007fefd210000 - 0x000007fefd224000 	C:\Windows\system32\RpcRtRemote.dll
0x000007fefb380000 - 0x000007fefb391000 	C:\Users\wanxing1\.Xilinx\SDK\2016.2\org.eclipse.osgi\129\0\.cp\jWinHttp-1.0.0.dll
0x000007fef89d0000 - 0x000007fef8a41000 	C:\Windows\system32\WINHTTP.dll
0x000007fef8930000 - 0x000007fef8994000 	C:\Windows\system32\webio.dll
0x000007fefd090000 - 0x000007fefd0b5000 	C:\Windows\system32\SspiCli.dll
0x000007fefc680000 - 0x000007fefc68a000 	C:\Windows\system32\credssp.dll
0x000007fefd330000 - 0x000007fefd366000 	C:\Windows\system32\CFGMGR32.dll
0x000007fefd0c0000 - 0x000007fefd117000 	C:\Windows\system32\apphelp.dll
0x000007fefb410000 - 0x000007fefb41f000 	C:\Xilinx\SDK\2016.2\lib\win64.o\librdi_repo_manager.dll
0x000007fefb2c0000 - 0x000007fefb2ea000 	C:\Xilinx\SDK\2016.2\lib\win64.o\libisl_sysinfo.dll
0x000007feecc60000 - 0x000007feecd34000 	C:\Windows\system32\MSVCR110.dll
0x000007feecbb0000 - 0x000007feecc57000 	C:\Windows\system32\MSVCP110.dll
0x000007fec3950000 - 0x000007fec4390000 	C:\Xilinx\SDK\2016.2\lib\win64.o\librdi_common.dll
0x000007fec35e0000 - 0x000007fec394e000 	C:\Xilinx\SDK\2016.2\lib\win64.o\libCOIN-all.dll
0x000007feed7e0000 - 0x000007feed9ff000 	C:\Xilinx\SDK\2016.2\lib\win64.o\libXil_lmgr11.dll
0x000007fefb330000 - 0x000007fefb346000 	C:\Windows\system32\NETAPI32.dll
0x000007fefc6f0000 - 0x000007fefc6fc000 	C:\Windows\system32\netutils.dll
0x000007fefcd60000 - 0x000007fefcd83000 	C:\Windows\system32\srvcli.dll
0x000007fefb310000 - 0x000007fefb325000 	C:\Windows\system32\wkscli.dll
0x000007fefd2e0000 - 0x000007fefd31b000 	C:\Windows\system32\WINTRUST.dll
0x000007fefb3f0000 - 0x000007fefb400000 	C:\Xilinx\SDK\2016.2\lib\win64.o\libboost_date_time.dll
0x000007fefb260000 - 0x000007fefb284000 	C:\Xilinx\SDK\2016.2\lib\win64.o\libboost_filesystem.dll
0x000007fefb400000 - 0x000007fefb409000 	C:\Xilinx\SDK\2016.2\lib\win64.o\libboost_system.dll
0x000007fef2840000 - 0x000007fef28b7000 	C:\Xilinx\SDK\2016.2\lib\win64.o\libboost_program_options.dll
0x000007fef1f00000 - 0x000007fef2006000 	C:\Xilinx\SDK\2016.2\lib\win64.o\libboost_regex.dll
0x000007fefb2a0000 - 0x000007fefb2b3000 	C:\Xilinx\SDK\2016.2\lib\win64.o\libboost_signals.dll
0x000007fefa990000 - 0x000007fefa9ad000 	C:\Xilinx\SDK\2016.2\lib\win64.o\libboost_thread.dll
0x000007fefb370000 - 0x000007fefb37b000 	C:\Xilinx\SDK\2016.2\lib\win64.o\libboost_chrono.dll
0x000007fefb250000 - 0x000007fefb25b000 	C:\Xilinx\SDK\2016.2\lib\win64.o\libboost_xilinx.dll
0x000007fef2710000 - 0x000007fef2790000 	C:\Xilinx\SDK\2016.2\lib\win64.o\libhdlpsolve.dll
0x000007feefd80000 - 0x000007feefe1a000 	C:\Xilinx\SDK\2016.2\lib\win64.o\libhdxml.dll
0x000007fec3170000 - 0x000007fec35d5e00 	C:\Xilinx\SDK\2016.2\lib\win64.o\libisl_iostreams.dll
0x000007fefa970000 - 0x000007fefa986000 	C:\Xilinx\SDK\2016.2\lib\win64.o\libboost_iostreams.dll
0x000007fefa4a0000 - 0x000007fefa4c3000 	C:\Xilinx\SDK\2016.2\lib\win64.o\librdizlib.dll
0x000007fef2810000 - 0x000007fef2833000 	C:\Xilinx\SDK\2016.2\lib\win64.o\libisl_iosutils.dll
0x000007fefa180000 - 0x000007fefa195000 	C:\Xilinx\SDK\2016.2\lib\win64.o\pthreadVC2.dll
0x000007fef1e40000 - 0x000007fef1e94000 	C:\Xilinx\SDK\2016.2\lib\win64.o\librdi_commonxillic.dll
0x000007feef650000 - 0x000007feef780000 	C:\Xilinx\SDK\2016.2\lib\win64.o\librdi_curl.dll
0x000007fef27f0000 - 0x000007fef2808000 	C:\Xilinx\SDK\2016.2\lib\win64.o\librdiconfig.dll
0x0000000071a50000 - 0x0000000071b77000 	C:\Xilinx\SDK\2016.2\lib\win64.o\tcl85t.dll
0x0000000027ad0000 - 0x0000000027d33000 	C:\Xilinx\SDK\2016.2\lib\win64.o\xerces-c_3_1.dll
0x000007feff5d0000 - 0x000007feff756000 	C:\Windows\system32\urlmon.dll
0x000007fefd500000 - 0x000007fefd504000 	C:\Windows\system32\api-ms-win-downlevel-ole32-l1-1-0.dll
0x000007feed310000 - 0x000007feed333000 	C:\Windows\system32\VCOMP110.DLL
0x000007fec2f70000 - 0x000007fec3162000 	C:\Xilinx\SDK\2016.2\lib\win64.o\librdi_hsm.dll
0x000007feefb90000 - 0x000007feefbd3000 	C:\Xilinx\SDK\2016.2\lib\win64.o\librdi_hdf.dll
0x000007fec2ce0000 - 0x000007fec2f61000 	C:\Xilinx\SDK\2016.2\lib\win64.o\librdi_ippcw.dll
0x0000000071100000 - 0x0000000071125000 	C:\Users\wanxing1\.jssc\windows\jSSC-2.8_x86_64.dll
0x000007fef8400000 - 0x000007fef8416000 	C:\Xilinx\SDK\2016.2\eclipse\win64.o\plugins\org.eclipse.cdt.core.win32.x86_64_5.4.0.201509131935\os\win32\x86_64\spawner.dll
0x0000000071080000 - 0x00000000710a6000 	C:\Xilinx\SDK\2016.2\eclipse\win64.o\plugins\gnu.io.rxtx.win32.x86_64_2.1.7.3_v20071015\os\win32\x86_64\rxtxSerial.dll
0x000007fefa2d0000 - 0x000007fefa2da000 	C:\Xilinx\SDK\2016.2\lib\win64.o\librdi_jtag_settings.dll
0x000007fef1e10000 - 0x000007fef1e39000 	C:\Xilinx\SDK\2016.2\lib\win64.o\librdi_debug_dialog.dll
0x000007fef52e0000 - 0x000007fef52e8000 	C:\Xilinx\SDK\2016.2\lib\win64.o\librdi_target_manager.dll
0x000007feb7f50000 - 0x000007feb8760000 	C:\Xilinx\SDK\2016.2\lib\win64.o\libXil_lmgr11FNP.dll

VM Arguments:
jvm_args: -Dcom.xilinx.sdk.args.hwspec=W:/video_demo/NexysVideo-master/Projects/hdmi/proj/hdmi.sdk/hdmi_wrapper.hdf -Xms64m -Xmx512m & 
java_command: <unknown>
java_class_path (initial): C:\Xilinx\SDK\2016.2\eclipse\win64.o\\plugins/org.eclipse.equinox.launcher_1.3.100.v20150511-1540.jar
Launcher Type: generic

Environment Variables:
PATH=C:/Xilinx/SDK/2016.2/tps/win64/jre/bin/server;C:/Xilinx/SDK/2016.2/tps/win64/jre/bin;C:/Xilinx/SDK/2016.2/tps/win64/jre/lib/amd64;C:\Xilinx\SDK\2016.2\gnuwin\bin;C:\Xilinx\SDK\2016.2\gnu\microblaze\nt\bin;C:\Xilinx\SDK\2016.2\gnu\microblaze\linux_toolchain\nt64_le\bin;C:\Xilinx\SDK\2016.2\gnu\microblaze\linux_toolchain\nt64_be\bin;C:\Xilinx\SDK\2016.2\gnu\arm\nt\bin;C:\Xilinx\SDK\2016.2\gnu\aarch64\nt\aarch64-none\bin;C:\Xilinx\SDK\2016.2\gnu\aarch64\nt\aarch64-linux\bin;C:\Xilinx\SDK\2016.2\gnu\armr5\nt\gcc-arm-none-eabi\bin;C:\Xilinx\SDK\2016.2\gnu\aarch32\nt\gcc-arm-none-eabi\bin;C:\Xilinx\SDK\2016.2\gnu\aarch32\nt\gcc-arm-linux-gnueabi\bin;C:\Xilinx\SDK\2016.2\tps\win64\cmake-3.3.2\bin;;C:\Xilinx\SDK\2016.2\bin;C:\Xilinx\SDK\2016.2\lib\win64.o;C:\Xilinx\SDK\2016.2\tps\win64\jre\bin\server;C:\Xilinx\SDK\2016.2\tps\win64\jre\bin;C:\Xilinx\Vivado\2016.2\ids_lite\ISE\bin\nt64;C:\Xilinx\Vivado\2016.2\ids_lite\ISE\lib\nt64;C:\Xilinx\Vivado\2016.2\bin;C:\Xilinx\Vivado\2016.2\lib\win64.o;C:\Xilinx\Vivado\2016.2\tps\win64\jre\bin\server;C:\Xilinx\Vivado\2016.2\tps\win64\jre\bin;C:\Xilinx\Vivado_HLS\2016.2\bin;C:\Windows\system32;C:\Windows;C:\Windows\System32\Wbem;C:\Windows\System32\WindowsPowerShell\v1.0\;C:\Program Files (x86)\Java\jre6\bin;C:\Program Files (x86)\eclipse;C:\altera\16.0\quartus\bin64;c:\altera\16.0\quartus\bin64\jre64\bin;W:\video_demo\NexysVideo-master\Projects\hdmi\proj;
USERNAME=wanxing1
OS=Windows_NT
PROCESSOR_IDENTIFIER=Intel64 Family 6 Model 60 Stepping 3, GenuineIntel



---------------  S Y S T E M  ---------------

OS: Windows 7 , 64 bit Build 7601 (6.1.7601.23418)

CPU:total 8 (4 cores per cpu, 2 threads per core) family 6 model 60 stepping 3, cmov, cx8, fxsr, mmx, sse, sse2, sse3, ssse3, sse4.1, sse4.2, popcnt, avx, avx2, aes, clmul, erms, lzcnt, ht, tsc, tscinvbit, bmi1, bmi2

Memory: 4k page, physical 16683160k(12564048k free), swap 33364460k(28789748k free)

vm_info: Java HotSpot(TM) 64-Bit Server VM (25.66-b18) for windows-amd64 JRE (1.8.0_66-b18), built on Nov  9 2015 10:51:13 by "java_re" with MS VC++ 10.0 (VS2010)

time: Fri Feb 17 13:03:32 2017
elapsed time: 1714 seconds (0d 0h 28m 34s)

