#
# A fatal error has been detected by the Java Runtime Environment:
#
#  EXCEPTION_UNCAUGHT_CXX_EXCEPTION (0xe06d7363) at pc=0x000007fefd0aa06d, pid=5408, tid=6120
#
# JRE version: Java(TM) SE Runtime Environment (8.0_66-b18) (build 1.8.0_66-b18)
# Java VM: Java HotSpot(TM) 64-Bit Server VM (25.66-b18 mixed mode windows-amd64 compressed oops)
# Problematic frame:
# C  [KERNELBASE.dll+0x1a06d]
#
# Failed to write core dump. Minidumps are not enabled by default on client versions of Windows
#
# If you would like to submit a bug report, please visit:
#   http://bugreport.java.com/bugreport/crash.jsp
#

---------------  T H R E A D  ---------------

Current thread (0x0000000014e62800):  VMThread [stack: 0x0000000015db0000,0x0000000015eb0000] [id=6120]

siginfo: ExceptionCode=0xe06d7363, ExceptionInformation=0x0000000019930520 0x0000000015eaf6c8 0x000007feebd02cb8 0x000007feebc50000 

Registers:
RAX=0x00000000602d7312, RBX=0x000007feebd02cb8, RCX=0x0000000015eaef10, RDX=0x00000000000000d0
RSP=0x0000000015eaf520, RBP=0x0000000015eaf650, RSI=0x00000000ffffffff, RDI=0x0000000026ce0c90
R8 =0x0000000000000000, R9 =0x0000000000000000, R10=0x000007feebc50000, R11=0x0000000015eaf560
R12=0x0000000000000001, R13=0x0000000000000008, R14=0x0000000000000000, R15=0xffffffffffffffff
RIP=0x000007fefd0aa06d, EFLAGS=0x0000000000000206

Top of Stack: (sp=0x0000000015eaf520)
0x0000000015eaf520:   000007feebd02cb8 00000000ffffffff
0x0000000015eaf530:   0000000026ce0c90 00000000002f74e0
0x0000000015eaf540:   00000001e06d7363 0000000000000000
0x0000000015eaf550:   000007fefd0aa06d 000007fe00000004
0x0000000015eaf560:   0000000019930520 0000000015eaf6c8
0x0000000015eaf570:   000007feebd02cb8 000007feebc50000
0x0000000015eaf580:   0000000000000000 0000000015eaf608
0x0000000015eaf590:   0000000000000028 0000000026ce0c80
0x0000000015eaf5a0:   0000000017525160 0000000000000000
0x0000000015eaf5b0:   000007fffffa6000 000000007733f2d3
0x0000000015eaf5c0:   0000000000000000 0000000000000008
0x0000000015eaf5d0:   0000000000000001 0000000026ce0c90
0x0000000015eaf5e0:   00000000ffffffff 000007feebcae92c
0x0000000015eaf5f0:   000007feebd02cb8 0000000015eaf660
0x0000000015eaf600:   0000000000000001 000007feebc500f8
0x0000000015eaf610:   00000001e06d7363 0000000000000000 

Instructions: (pc=0x000007fefd0aa06d)
0x000007fefd0aa04d:   54 24 24 48 89 4c 24 28 4d 85 c9 0f 85 6a 03 00
0x000007fefd0aa05d:   00 89 4c 24 38 48 8d 4c 24 20 ff 15 33 02 03 00
0x000007fefd0aa06d:   48 81 c4 c8 00 00 00 c3 90 90 90 90 90 90 90 90
0x000007fefd0aa07d:   90 90 90 48 83 ec 28 65 48 8b 04 25 30 00 00 00 


Register to memory mapping:

RAX=0x00000000602d7312 is an unknown value
RBX=0x000007feebd02cb8 is an unknown value
RCX=0x0000000015eaef10 is an unknown value
RDX=0x00000000000000d0 is an unknown value
RSP=0x0000000015eaf520 is an unknown value
RBP=0x0000000015eaf650 is an unknown value
RSI=0x00000000ffffffff is an unknown value
RDI=0x0000000026ce0c90 is an unknown value
R8 =0x0000000000000000 is an unknown value
R9 =0x0000000000000000 is an unknown value
R10=0x000007feebc50000 is an unknown value
R11=0x0000000015eaf560 is an unknown value
R12=0x0000000000000001 is an unknown value
R13=0x0000000000000008 is an unknown value
R14=0x0000000000000000 is an unknown value
R15=0xffffffffffffffff is an unknown value


Stack: [0x0000000015db0000,0x0000000015eb0000],  sp=0x0000000015eaf520,  free space=1021k
Native frames: (J=compiled Java code, j=interpreted, Vv=VM code, C=native code)
C  [KERNELBASE.dll+0x1a06d]
C  [MSVCR110.dll+0x5e92c]
C  [MSVCR110.dll+0x1315c]
C  [MSVCR110.dll+0x136a9]
C  [MSVCR110.dll+0x13e9c]
C  [MSVCR110.dll+0x239e]
C  [MSVCR110.dll+0xaf9e]
C  [MSVCP110.dll+0x397b9]
C  [librdi_common.dll+0x182316]
C  [librdi_common.dll+0x180fab]
C  [librdi_target_manager.dll+0x2400]
C  [librdi_target_manager.dll+0x2682]
C  [ntdll.dll+0x229b1]
C  [ntdll.dll+0x227c0]
C  [MSVCR100.dll+0x20ccd]
V  [jvm.dll+0x210cc5]
V  [jvm.dll+0x249897]
V  [jvm.dll+0x248b36]
V  [jvm.dll+0x248fd1]
V  [jvm.dll+0x2491ee]
V  [jvm.dll+0x29a0fa]
C  [MSVCR100.dll+0x21d9f]
C  [MSVCR100.dll+0x21e3b]
C  [kernel32.dll+0x159bd]
C  [ntdll.dll+0x2a2e1]

VM_Operation (0x000000000012f4c0): Exit, mode: safepoint, requested by thread 0x00000000022a8000


---------------  P R O C E S S  ---------------

Java Threads: ( => current thread )
  0x000000001add3800 JavaThread "pool-2-thread-1" [_thread_blocked, id=5000, stack(0x0000000025a00000,0x0000000025b00000)]
  0x000000001add3000 JavaThread "Thread-35" [_thread_in_native, id=4416, stack(0x0000000025900000,0x0000000025a00000)]
  0x000000001add2000 JavaThread "Thread-34" daemon [_thread_blocked, id=5424, stack(0x0000000025600000,0x0000000025700000)]
  0x0000000017fba800 JavaThread "TCF Channel Transmitter" daemon [_thread_blocked, id=5420, stack(0x0000000021ef0000,0x0000000021ff0000)]
  0x0000000017fb9800 JavaThread "TCF Channel Receiver" daemon [_thread_in_native, id=5264, stack(0x0000000021df0000,0x0000000021ef0000)]
  0x0000000017fb9000 JavaThread "Process monitor" daemon [_thread_in_native, id=4816, stack(0x0000000021cf0000,0x0000000021df0000)]
  0x0000000017fb8000 JavaThread "Input Stream Monitor" daemon [_thread_blocked, id=6088, stack(0x00000000217b0000,0x00000000218b0000)]
  0x0000000017fb7800 JavaThread "Output Stream Monitor" daemon [_thread_in_native, id=4384, stack(0x00000000216b0000,0x00000000217b0000)]
  0x0000000017fb6800 JavaThread "Output Stream Monitor" daemon [_thread_in_native, id=5724, stack(0x00000000215b0000,0x00000000216b0000)]
  0x0000000017fb6000 JavaThread "TCF Locator DNS Lookup" daemon [_thread_blocked, id=4436, stack(0x0000000021bf0000,0x0000000021cf0000)]
  0x0000000017fb5000 JavaThread "TCF Locator Timer" daemon [_thread_blocked, id=2532, stack(0x0000000021af0000,0x0000000021bf0000)]
  0x0000000017fb4800 JavaThread "TCF Locator Receiver" daemon [_thread_in_native, id=3884, stack(0x00000000219f0000,0x0000000021af0000)]
  0x0000000017fb3000 JavaThread "TCF Timer Dispatcher" daemon [_thread_blocked, id=6108, stack(0x00000000210a0000,0x00000000211a0000)]
  0x0000000017fae800 JavaThread "EMF Reference Cleaner" daemon [_thread_blocked, id=3188, stack(0x00000000196f0000,0x00000000197f0000)]
  0x0000000014f24000 JavaThread "Service Thread" daemon [_thread_blocked, id=4296, stack(0x0000000016770000,0x0000000016870000)]
  0x0000000014eeb000 JavaThread "C1 CompilerThread3" daemon [_thread_blocked, id=5544, stack(0x0000000016670000,0x0000000016770000)]
  0x0000000014eb7000 JavaThread "C2 CompilerThread2" daemon [_thread_blocked, id=5872, stack(0x0000000016570000,0x0000000016670000)]
  0x0000000014eb4000 JavaThread "C2 CompilerThread1" daemon [_thread_blocked, id=5244, stack(0x0000000016470000,0x0000000016570000)]
  0x0000000014eac800 JavaThread "C2 CompilerThread0" daemon [_thread_blocked, id=5988, stack(0x0000000016370000,0x0000000016470000)]
  0x0000000014ebe000 JavaThread "Attach Listener" daemon [_thread_blocked, id=2648, stack(0x0000000016270000,0x0000000016370000)]
  0x0000000014ebd000 JavaThread "Signal Dispatcher" daemon [_thread_blocked, id=3312, stack(0x0000000016170000,0x0000000016270000)]
  0x0000000013cee000 JavaThread "Finalizer" daemon [_thread_blocked, id=5680, stack(0x0000000015fb0000,0x00000000160b0000)]
  0x0000000013ce7800 JavaThread "Reference Handler" daemon [_thread_blocked, id=4552, stack(0x0000000015eb0000,0x0000000015fb0000)]
  0x00000000022a8000 JavaThread "main" [_thread_blocked, id=4844, stack(0x0000000000030000,0x0000000000130000)]

Other Threads:
=>0x0000000014e62800 VMThread [stack: 0x0000000015db0000,0x0000000015eb0000] [id=6120]

VM state:at safepoint (shutting down)

VM Mutex/Monitor currently owned by a thread:  ([mutex/lock_event])
[0x000000000273e640] Threads_lock - owner thread: 0x0000000014e62800

Heap:
 PSYoungGen      total 142336K, used 73281K [0x00000000f5580000, 0x0000000100000000, 0x0000000100000000)
  eden space 114176K, 45% used [0x00000000f5580000,0x00000000f880c510,0x00000000fc500000)
  from space 28160K, 76% used [0x00000000fe480000,0x00000000ff983f00,0x0000000100000000)
  to   space 30208K, 0% used [0x00000000fc500000,0x00000000fc500000,0x00000000fe280000)
 ParOldGen       total 111104K, used 36852K [0x00000000e0000000, 0x00000000e6c80000, 0x00000000f5580000)
  object space 111104K, 33% used [0x00000000e0000000,0x00000000e23fd0a0,0x00000000e6c80000)
 Metaspace       used 78307K, capacity 85410K, committed 85544K, reserved 1122304K
  class space    used 9402K, capacity 11775K, committed 11824K, reserved 1048576K

Card table byte_map: [0x00000000023c0000,0x00000000024d0000] byte_map_base: 0x0000000001cc0000

Marking Bits: (ParMarkBitMap*) 0x000000006c5ea5b0
 Begin Bits: [0x0000000012200000, 0x0000000012a00000)
 End Bits:   [0x0000000012a00000, 0x0000000013200000)

Polling page: 0x0000000000220000

CodeCache: size=245760Kb used=27614Kb max_used=28051Kb free=218145Kb
 bounds [0x0000000002740000, 0x00000000042f0000, 0x0000000011740000]
 total_blobs=8432 nmethods=7540 adapters=799
 compilation: enabled

Compilation events (10 events):
Event: 368.523 Thread 0x0000000014eeb000 nmethod 9254 0x000000000329b390 code [0x000000000329b580, 0x000000000329c078]
Event: 368.523 Thread 0x0000000014eeb000 9256       3       org.eclipse.osgi.container.Module::holdsTransitionEventLock (25 bytes)
Event: 368.523 Thread 0x0000000014eeb000 nmethod 9256 0x0000000002d947d0 code [0x0000000002d94960, 0x0000000002d95088]
Event: 368.523 Thread 0x0000000014eeb000 9257       3       org.eclipse.osgi.container.ModuleWiring::unload (6 bytes)
Event: 368.523 Thread 0x0000000014eeb000 nmethod 9257 0x0000000003153f10 code [0x0000000003154080, 0x0000000003154208]
Event: 368.523 Thread 0x0000000014eeb000 9263   !   3       org.eclipse.osgi.container.ModuleDatabase::getRevisionsTimestamp (25 bytes)
Event: 368.524 Thread 0x0000000014eeb000 nmethod 9263 0x000000000368ced0 code [0x000000000368d0e0, 0x000000000368de18]
Event: 368.524 Thread 0x0000000014eeb000 9264       3       org.eclipse.osgi.internal.framework.EquinoxContainerAdaptor::clearManifestCache (84 bytes)
Event: 368.524 Thread 0x0000000014eeb000 nmethod 9264 0x000000000325a3d0 code [0x000000000325a620, 0x000000000325bd38]
Event: 368.524 Thread 0x0000000014eeb000 9265   !   3       org.eclipse.osgi.storage.BundleInfo$Generation::clearManifestCache (30 bytes)

GC Heap History (10 events):
Event: 4.366 GC heap before
{Heap before GC invocations=9 (full 2):
 PSYoungGen      total 112640K, used 91648K [0x00000000f5580000, 0x00000000fd900000, 0x0000000100000000)
  eden space 91648K, 100% used [0x00000000f5580000,0x00000000faf00000,0x00000000faf00000)
  from space 20992K, 0% used [0x00000000fc300000,0x00000000fc300000,0x00000000fd780000)
  to   space 20480K, 0% used [0x00000000faf00000,0x00000000faf00000,0x00000000fc300000)
 ParOldGen       total 87552K, used 27418K [0x00000000e0000000, 0x00000000e5580000, 0x00000000f5580000)
  object space 87552K, 31% used [0x00000000e0000000,0x00000000e1ac6858,0x00000000e5580000)
 Metaspace       used 51897K, capacity 56634K, committed 56872K, reserved 1097728K
  class space    used 6184K, capacity 7642K, committed 7728K, reserved 1048576K
Event: 4.400 GC heap after
Heap after GC invocations=9 (full 2):
 PSYoungGen      total 112128K, used 20454K [0x00000000f5580000, 0x0000000100000000, 0x0000000100000000)
  eden space 91648K, 0% used [0x00000000f5580000,0x00000000f5580000,0x00000000faf00000)
  from space 20480K, 99% used [0x00000000faf00000,0x00000000fc2f9a58,0x00000000fc300000)
  to   space 25600K, 0% used [0x00000000fe700000,0x00000000fe700000,0x0000000100000000)
 ParOldGen       total 87552K, used 29669K [0x00000000e0000000, 0x00000000e5580000, 0x00000000f5580000)
  object space 87552K, 33% used [0x00000000e0000000,0x00000000e1cf94e0,0x00000000e5580000)
 Metaspace       used 51897K, capacity 56634K, committed 56872K, reserved 1097728K
  class space    used 6184K, capacity 7642K, committed 7728K, reserved 1048576K
}
Event: 10.716 GC heap before
{Heap before GC invocations=10 (full 2):
 PSYoungGen      total 112128K, used 37817K [0x00000000f5580000, 0x0000000100000000, 0x0000000100000000)
  eden space 91648K, 18% used [0x00000000f5580000,0x00000000f66749b0,0x00000000faf00000)
  from space 20480K, 99% used [0x00000000faf00000,0x00000000fc2f9a58,0x00000000fc300000)
  to   space 25600K, 0% used [0x00000000fe700000,0x00000000fe700000,0x0000000100000000)
 ParOldGen       total 87552K, used 29669K [0x00000000e0000000, 0x00000000e5580000, 0x00000000f5580000)
  object space 87552K, 33% used [0x00000000e0000000,0x00000000e1cf94e0,0x00000000e5580000)
 Metaspace       used 54189K, capacity 59090K, committed 59160K, reserved 1099776K
  class space    used 6465K, capacity 8078K, committed 8112K, reserved 1048576K
Event: 10.723 GC heap after
Heap after GC invocations=10 (full 2):
 PSYoungGen      total 142848K, used 10460K [0x00000000f5580000, 0x00000000ffb80000, 0x0000000100000000)
  eden space 121856K, 0% used [0x00000000f5580000,0x00000000f5580000,0x00000000fcc80000)
  from space 20992K, 49% used [0x00000000fe700000,0x00000000ff1371f8,0x00000000ffb80000)
  to   space 24064K, 0% used [0x00000000fcc80000,0x00000000fcc80000,0x00000000fe400000)
 ParOldGen       total 87552K, used 29677K [0x00000000e0000000, 0x00000000e5580000, 0x00000000f5580000)
  object space 87552K, 33% used [0x00000000e0000000,0x00000000e1cfb4e0,0x00000000e5580000)
 Metaspace       used 54189K, capacity 59090K, committed 59160K, reserved 1099776K
  class space    used 6465K, capacity 8078K, committed 8112K, reserved 1048576K
}
Event: 10.723 GC heap before
{Heap before GC invocations=11 (full 3):
 PSYoungGen      total 142848K, used 10460K [0x00000000f5580000, 0x00000000ffb80000, 0x0000000100000000)
  eden space 121856K, 0% used [0x00000000f5580000,0x00000000f5580000,0x00000000fcc80000)
  from space 20992K, 49% used [0x00000000fe700000,0x00000000ff1371f8,0x00000000ffb80000)
  to   space 24064K, 0% used [0x00000000fcc80000,0x00000000fcc80000,0x00000000fe400000)
 ParOldGen       total 87552K, used 29677K [0x00000000e0000000, 0x00000000e5580000, 0x00000000f5580000)
  object space 87552K, 33% used [0x00000000e0000000,0x00000000e1cfb4e0,0x00000000e5580000)
 Metaspace       used 54189K, capacity 59090K, committed 59160K, reserved 1099776K
  class space    used 6465K, capacity 8078K, committed 8112K, reserved 1048576K
Event: 10.967 GC heap after
Heap after GC invocations=11 (full 3):
 PSYoungGen      total 142848K, used 0K [0x00000000f5580000, 0x00000000ffb80000, 0x0000000100000000)
  eden space 121856K, 0% used [0x00000000f5580000,0x00000000f5580000,0x00000000fcc80000)
  from space 20992K, 0% used [0x00000000fe700000,0x00000000fe700000,0x00000000ffb80000)
  to   space 24064K, 0% used [0x00000000fcc80000,0x00000000fcc80000,0x00000000fe400000)
 ParOldGen       total 111104K, used 35860K [0x00000000e0000000, 0x00000000e6c80000, 0x00000000f5580000)
  object space 111104K, 32% used [0x00000000e0000000,0x00000000e2305270,0x00000000e6c80000)
 Metaspace       used 54189K, capacity 59090K, committed 59160K, reserved 1099776K
  class space    used 6465K, capacity 8078K, committed 8112K, reserved 1048576K
}
Event: 43.837 GC heap before
{Heap before GC invocations=12 (full 3):
 PSYoungGen      total 142848K, used 121856K [0x00000000f5580000, 0x00000000ffb80000, 0x0000000100000000)
  eden space 121856K, 100% used [0x00000000f5580000,0x00000000fcc80000,0x00000000fcc80000)
  from space 20992K, 0% used [0x00000000fe700000,0x00000000fe700000,0x00000000ffb80000)
  to   space 24064K, 0% used [0x00000000fcc80000,0x00000000fcc80000,0x00000000fe400000)
 ParOldGen       total 111104K, used 35860K [0x00000000e0000000, 0x00000000e6c80000, 0x00000000f5580000)
  object space 111104K, 32% used [0x00000000e0000000,0x00000000e2305270,0x00000000e6c80000)
 Metaspace       used 70187K, capacity 76626K, committed 76712K, reserved 1116160K
  class space    used 8437K, capacity 10586K, committed 10672K, reserved 1048576K
Event: 43.852 GC heap after
Heap after GC invocations=12 (full 3):
 PSYoungGen      total 145920K, used 24058K [0x00000000f5580000, 0x0000000100000000, 0x0000000100000000)
  eden space 121856K, 0% used [0x00000000f5580000,0x00000000f5580000,0x00000000fcc80000)
  from space 24064K, 99% used [0x00000000fcc80000,0x00000000fe3fe940,0x00000000fe400000)
  to   space 28160K, 0% used [0x00000000fe480000,0x00000000fe480000,0x0000000100000000)
 ParOldGen       total 111104K, used 36844K [0x00000000e0000000, 0x00000000e6c80000, 0x00000000f5580000)
  object space 111104K, 33% used [0x00000000e0000000,0x00000000e23fb0a0,0x00000000e6c80000)
 Metaspace       used 70187K, capacity 76626K, committed 76712K, reserved 1116160K
  class space    used 8437K, capacity 10586K, committed 10672K, reserved 1048576K
}
Event: 302.372 GC heap before
{Heap before GC invocations=13 (full 3):
 PSYoungGen      total 145920K, used 145914K [0x00000000f5580000, 0x0000000100000000, 0x0000000100000000)
  eden space 121856K, 100% used [0x00000000f5580000,0x00000000fcc80000,0x00000000fcc80000)
  from space 24064K, 99% used [0x00000000fcc80000,0x00000000fe3fe940,0x00000000fe400000)
  to   space 28160K, 0% used [0x00000000fe480000,0x00000000fe480000,0x0000000100000000)
 ParOldGen       total 111104K, used 36844K [0x00000000e0000000, 0x00000000e6c80000, 0x00000000f5580000)
  object space 111104K, 33% used [0x00000000e0000000,0x00000000e23fb0a0,0x00000000e6c80000)
 Metaspace       used 77078K, capacity 84130K, committed 84264K, reserved 1122304K
  class space    used 9287K, capacity 11547K, committed 11568K, reserved 1048576K
Event: 302.388 GC heap after
Heap after GC invocations=13 (full 3):
 PSYoungGen      total 142336K, used 21519K [0x00000000f5580000, 0x0000000100000000, 0x0000000100000000)
  eden space 114176K, 0% used [0x00000000f5580000,0x00000000f5580000,0x00000000fc500000)
  from space 28160K, 76% used [0x00000000fe480000,0x00000000ff983f00,0x0000000100000000)
  to   space 30208K, 0% used [0x00000000fc500000,0x00000000fc500000,0x00000000fe280000)
 ParOldGen       total 111104K, used 36852K [0x00000000e0000000, 0x00000000e6c80000, 0x00000000f5580000)
  object space 111104K, 33% used [0x00000000e0000000,0x00000000e23fd0a0,0x00000000e6c80000)
 Metaspace       used 77078K, capacity 84130K, committed 84264K, reserved 1122304K
  class space    used 9287K, capacity 11547K, committed 11568K, reserved 1048576K
}

Deoptimization events (10 events):
Event: 367.564 Thread 0x00000000022a8000 Uncommon trap: reason=unreached action=reinterpret pc=0x00000000040559a8 method=org.eclipse.emf.ecore.xmi.impl.StringSegment.writeAscii(Ljava/io/OutputStream;I)V @ 276
Event: 367.575 Thread 0x00000000022a8000 Uncommon trap: reason=unstable_if action=reinterpret pc=0x000000000421ce38 method=org.eclipse.emf.ecore.impl.MinimalEObjectImpl.setField(ILjava/lang/Object;)V @ 9
Event: 367.575 Thread 0x00000000022a8000 Uncommon trap: reason=unstable_if action=reinterpret pc=0x000000000392f71c method=org.eclipse.emf.ecore.impl.MinimalEObjectImpl.setField(ILjava/lang/Object;)V @ 9
Event: 367.582 Thread 0x0000000017fb0000 Uncommon trap: reason=unstable_if action=reinterpret pc=0x0000000003d0f888 method=org.eclipse.e4.ui.internal.workbench.swt.E4Application$1.syncExec(Ljava/lang/Runnable;)V @ 14
Event: 367.830 Thread 0x000000001add1800 Uncommon trap: reason=unstable_if action=reinterpret pc=0x00000000028c0a24 method=sun.nio.cs.SingleByte$Encoder.encode(C)I @ 13
Event: 368.465 Thread 0x000000001adca800 Uncommon trap: reason=unstable_if action=reinterpret pc=0x00000000036aaf80 method=org.eclipse.osgi.internal.hooks.EclipseLazyStarter.shouldActivateFor(Ljava/lang/String;Lorg/eclipse/osgi/container/Module;Lorg/eclipse/osgi/container/ModuleRevision;Lorg/ecliÄ%Í¡w@
Event: 368.477 Thread 0x000000001adca800 Uncommon trap: reason=null_check action=maybe_recompile pc=0x0000000003ee52d0 method=com.xilinx.sdk.targetmanager.internal.json.XMDJSONProcess.issueCommand(Ljava/lang/String;)Lcom/xilinx/sdk/targetmanager/internal/IXMDResult; @ 3
Event: 368.477 Thread 0x00000000170ce800 Uncommon trap: reason=predicate action=maybe_recompile pc=0x000000000348e79c method=java.util.Arrays.fill([Ljava/lang/Object;Ljava/lang/Object;)V @ 10
Event: 368.514 Thread 0x00000000170ce800 Uncommon trap: reason=unstable_if action=reinterpret pc=0x0000000003505ac0 method=org.eclipse.osgi.internal.framework.BundleContextImpl.dispatchEvent(Ljava/lang/Object;Ljava/lang/Object;ILjava/lang/Object;)V @ 16
Event: 368.516 Thread 0x000000001adca800 Uncommon trap: reason=unstable_if action=reinterpret pc=0x000000000353add8 method=sun.reflect.UnsafeStaticObjectFieldAccessorImpl.set(Ljava/lang/Object;Ljava/lang/Object;)V @ 13

Internal exceptions (10 events):
Event: 54.748 Thread 0x000000001adc5000 Exception <a 'java/io/FileNotFoundException'> (0x00000000fbed9fa0) thrown at [C:\re\workspace\8-2-build-windows-amd64-cygwin\jdk8u66\5298\hotspot\src\share\vm\prims\jni.cpp, line 709]
Event: 302.409 Thread 0x00000000022a8000 Implicit null exception at 0x00000000032cd993 to 0x00000000032cda2e
Event: 367.829 Thread 0x000000001adcf000 Exception <a 'java/lang/InterruptedException'> (0x00000000f819bb20) thrown at [C:\re\workspace\8-2-build-windows-amd64-cygwin\jdk8u66\5298\hotspot\src\share\vm\runtime\objectMonitor.cpp, line 1683]
Event: 368.477 Thread 0x000000001adca800 Implicit null exception at 0x0000000003ee4267 to 0x0000000003ee52c1
Event: 368.477 Thread 0x000000001adca800 Exception <a 'java/lang/NullPointerException'> (0x00000000f8447b60) thrown at [C:\re\workspace\8-2-build-windows-amd64-cygwin\jdk8u66\5298\hotspot\src\share\vm\prims\jvm.cpp, line 1390]
Event: 368.502 Thread 0x0000000017fb0000 Exception <a 'java/lang/InterruptedException'> (0x00000000f6296e48) thrown at [C:\re\workspace\8-2-build-windows-amd64-cygwin\jdk8u66\5298\hotspot\src\share\vm\runtime\objectMonitor.cpp, line 1683]
Event: 368.516 Thread 0x000000001adca800 Implicit null exception at 0x000000000353a9d7 to 0x000000000353adc5
Event: 368.516 Thread 0x00000000170ce800 Exception <a 'java/lang/InterruptedException'> (0x00000000f8699460) thrown at [C:\re\workspace\8-2-build-windows-amd64-cygwin\jdk8u66\5298\hotspot\src\share\vm\runtime\objectMonitor.cpp, line 1683]
Event: 368.522 Thread 0x0000000017fb0800 Exception <a 'java/lang/InterruptedException'> (0x00000000f58dde70) thrown at [C:\re\workspace\8-2-build-windows-amd64-cygwin\jdk8u66\5298\hotspot\src\share\vm\runtime\objectMonitor.cpp, line 1683]
Event: 368.522 Thread 0x000000001774c000 Exception <a 'java/lang/InterruptedException'> (0x00000000f874c980) thrown at [C:\re\workspace\8-2-build-windows-amd64-cygwin\jdk8u66\5298\hotspot\src\share\vm\runtime\objectMonitor.cpp, line 1683]

Events (10 events):
Event: 368.523 Executing VM operation: RevokeBias
Event: 368.523 Executing VM operation: RevokeBias done
Event: 368.524 Thread 0x000000001adca800 Thread exited: 0x000000001adca800
Event: 368.524 loading class java/util/IdentityHashMap$KeyIterator
Event: 368.524 loading class java/util/IdentityHashMap$IdentityHashMapIterator
Event: 368.524 loading class java/util/IdentityHashMap$IdentityHashMapIterator done
Event: 368.524 loading class java/util/IdentityHashMap$KeyIterator done
Event: 368.524 Thread 0x000000001adca800 Thread added: 0x000000001adca800
Event: 368.524 Thread 0x000000001adca800 Thread exited: 0x000000001adca800
Event: 368.524 Executing VM operation: Exit


Dynamic libraries:
0x0000000000400000 - 0x000000000044f000 	C:\Xilinx\SDK\2016.2\eclipse\win64.o\eclipse.exe
0x00000000772f0000 - 0x000000007749a000 	C:\Windows\SYSTEM32\ntdll.dll
0x00000000770d0000 - 0x00000000771ef000 	C:\Windows\system32\kernel32.dll
0x000007fefd090000 - 0x000007fefd0fa000 	C:\Windows\system32\KERNELBASE.dll
0x00000000771f0000 - 0x00000000772ea000 	C:\Windows\system32\USER32.dll
0x000007fefdc70000 - 0x000007fefdcd7000 	C:\Windows\system32\GDI32.dll
0x000007fefdac0000 - 0x000007fefdace000 	C:\Windows\system32\LPK.dll
0x000007fefdad0000 - 0x000007fefdb9a000 	C:\Windows\system32\USP10.dll
0x000007fefe2e0000 - 0x000007fefe37f000 	C:\Windows\system32\msvcrt.dll
0x000007fefb940000 - 0x000007fefbb34000 	C:\Windows\WinSxS\amd64_microsoft.windows.common-controls_6595b64144ccf1df_6.0.7601.18837_none_fa3b1e3d17594757\COMCTL32.dll
0x000007fefdbf0000 - 0x000007fefdc61000 	C:\Windows\system32\SHLWAPI.dll
0x000007fefe380000 - 0x000007fefe3ae000 	C:\Windows\system32\IMM32.DLL
0x000007fefd990000 - 0x000007fefda99000 	C:\Windows\system32\MSCTF.dll
0x0000000072000000 - 0x0000000072012000 	C:\Xilinx\SDK\2016.2\eclipse\win64.o\plugins\org.eclipse.equinox.launcher.win32.win32.x86_64_1.1.300.v20150602-1417\eclipse_1611.dll
0x000007fefd8b0000 - 0x000007fefd98b000 	C:\Windows\system32\ADVAPI32.dll
0x000007fefdaa0000 - 0x000007fefdabf000 	C:\Windows\SYSTEM32\sechost.dll
0x000007fefd3f0000 - 0x000007fefd51d000 	C:\Windows\system32\RPCRT4.dll
0x000007fefc0c0000 - 0x000007fefc0cc000 	C:\Windows\system32\VERSION.dll
0x000007fefb8e0000 - 0x000007fefb936000 	C:\Windows\system32\UxTheme.dll
0x000000006bde0000 - 0x000000006c669000 	C:\Xilinx\SDK\2016.2\tps\win64\jre\bin\server\jvm.dll
0x000007fef7870000 - 0x000007fef7879000 	C:\Windows\system32\WSOCK32.dll
0x000007fefdba0000 - 0x000007fefdbed000 	C:\Windows\system32\WS2_32.dll
0x000007feff5f0000 - 0x000007feff5f8000 	C:\Windows\system32\NSI.dll
0x000007fef9e00000 - 0x000007fef9e3b000 	C:\Windows\system32\WINMM.dll
0x00000000774c0000 - 0x00000000774c7000 	C:\Windows\system32\PSAPI.DLL
0x00000000725c0000 - 0x0000000072692000 	C:\Windows\system32\MSVCR100.dll
0x000000006c810000 - 0x000000006c81f000 	C:\Xilinx\SDK\2016.2\tps\win64\jre\bin\verify.dll
0x000000006c760000 - 0x000000006c789000 	C:\Xilinx\SDK\2016.2\tps\win64\jre\bin\java.dll
0x000000006bc80000 - 0x000000006bc96000 	C:\Xilinx\SDK\2016.2\tps\win64\jre\bin\zip.dll
0x000007fefe860000 - 0x000007feff5e9000 	C:\Windows\system32\SHELL32.dll
0x000007fefdd60000 - 0x000007fefdf63000 	C:\Windows\system32\ole32.dll
0x000007fefd030000 - 0x000007fefd03f000 	C:\Windows\system32\profapi.dll
0x000007fefc830000 - 0x000007fefc848000 	C:\Windows\system32\CRYPTSP.dll
0x000007fefc530000 - 0x000007fefc577000 	C:\Windows\system32\rsaenh.dll
0x000007fefd3d0000 - 0x000007fefd3ee000 	C:\Windows\system32\USERENV.dll
0x000007fefce90000 - 0x000007fefce9f000 	C:\Windows\system32\CRYPTBASE.dll
0x000000006bc60000 - 0x000000006bc7a000 	C:\Xilinx\SDK\2016.2\tps\win64\jre\bin\net.dll
0x000007fefc7d0000 - 0x000007fefc825000 	C:\Windows\system32\mswsock.dll
0x000007fefc7c0000 - 0x000007fefc7c7000 	C:\Windows\System32\wship6.dll
0x000007fef9830000 - 0x000007fef9857000 	C:\Windows\system32\IPHLPAPI.DLL
0x000007fef9820000 - 0x000007fef982b000 	C:\Windows\system32\WINNSI.DLL
0x000007fefa3e0000 - 0x000007fefa3f1000 	C:\Windows\system32\dhcpcsvc6.DLL
0x000007fefa3c0000 - 0x000007fefa3d8000 	C:\Windows\system32\dhcpcsvc.DLL
0x000000006bb60000 - 0x000000006bb71000 	C:\Xilinx\SDK\2016.2\tps\win64\jre\bin\nio.dll
0x000007fef9a90000 - 0x000007fef9aa5000 	C:\Windows\system32\NLAapi.dll
0x000007fef9f80000 - 0x000007fef9f95000 	C:\Windows\system32\napinsp.dll
0x000007fef9fa0000 - 0x000007fef9fb9000 	C:\Windows\system32\pnrpnsp.dll
0x000007fefc650000 - 0x000007fefc6ab000 	C:\Windows\system32\DNSAPI.dll
0x000007fef9f70000 - 0x000007fef9f7b000 	C:\Windows\System32\winrnr.dll
0x000007fefc190000 - 0x000007fefc197000 	C:\Windows\System32\wshtcpip.dll
0x000007fef9fc0000 - 0x000007fef9fc8000 	C:\Windows\system32\rasadhlp.dll
0x000007fefa510000 - 0x000007fefa563000 	C:\Windows\System32\fwpuclnt.dll
0x0000000018680000 - 0x0000000018728000 	C:\Users\chungm13\.Xilinx\SDK\2016.2\org.eclipse.osgi\312\0\.cp\swt-win32-4527.dll
0x000007fefe780000 - 0x000007fefe858000 	C:\Windows\system32\OLEAUT32.dll
0x000007fefe6e0000 - 0x000007fefe777000 	C:\Windows\system32\comdlg32.dll
0x000007fef6790000 - 0x000007fef6801000 	C:\Windows\system32\WINSPOOL.DRV
0x000007fefe010000 - 0x000007fefe2d5000 	C:\Windows\system32\WININET.dll
0x000007fefd100000 - 0x000007fefd104000 	C:\Windows\system32\api-ms-win-downlevel-user32-l1-1-0.dll
0x000007fefd110000 - 0x000007fefd114000 	C:\Windows\system32\api-ms-win-downlevel-shlwapi-l1-1-0.dll
0x000007fefd3a0000 - 0x000007fefd3a4000 	C:\Windows\system32\api-ms-win-downlevel-version-l1-1-0.dll
0x000007fefd3b0000 - 0x000007fefd3b3000 	C:\Windows\system32\api-ms-win-downlevel-normaliz-l1-1-0.dll
0x00000000774b0000 - 0x00000000774b3000 	C:\Windows\system32\normaliz.DLL
0x000007fefe3b0000 - 0x000007fefe679000 	C:\Windows\system32\iertutil.dll
0x000007fefd3c0000 - 0x000007fefd3c5000 	C:\Windows\system32\api-ms-win-downlevel-advapi32-l1-1-0.dll
0x000007fefd1f0000 - 0x000007fefd35d000 	C:\Windows\system32\CRYPT32.dll
0x000007fefd040000 - 0x000007fefd04f000 	C:\Windows\system32\MSASN1.dll
0x000007fefb3b0000 - 0x000007fefb4dc000 	C:\Windows\system32\propsys.dll
0x000007fefdf70000 - 0x000007fefe009000 	C:\Windows\system32\CLBCatQ.DLL
0x00000000003b0000 - 0x00000000003ce000 	C:\Users\chungm13\.Xilinx\SDK\2016.2\org.eclipse.osgi\312\0\.cp\swt-gdip-win32-4527.dll
0x000007fefb6c0000 - 0x000007fefb8d6000 	C:\Windows\WinSxS\amd64_microsoft.windows.gdiplus_6595b64144ccf1df_1.1.7601.23508_none_145555328b95eaaa\gdiplus.dll
0x000007fefb1e0000 - 0x000007fefb341000 	C:\Windows\system32\WindowsCodecs.dll
0x0000000180000000 - 0x0000000180012000 	C:\Users\chungm13\.Xilinx\SDK\2016.2\org.eclipse.osgi\126\0\.cp\os\win32\x86_64\localfile_1_0_0.dll
0x000007fef1e50000 - 0x000007fef1ea4000 	C:\Windows\system32\oleacc.dll
0x000007fef8850000 - 0x000007fef8857000 	C:\Windows\system32\msimg32.dll
0x000007fefcf80000 - 0x000007fefcf94000 	C:\Windows\system32\RpcRtRemote.dll
0x000007fefce30000 - 0x000007fefce87000 	C:\Windows\system32\apphelp.dll
0x000007feeda50000 - 0x000007feeda61000 	C:\Users\chungm13\.Xilinx\SDK\2016.2\org.eclipse.osgi\129\0\.cp\jWinHttp-1.0.0.dll
0x000007fef9230000 - 0x000007fef92a1000 	C:\Windows\system32\WINHTTP.dll
0x000007fef9160000 - 0x000007fef91c4000 	C:\Windows\system32\webio.dll
0x000007fefce00000 - 0x000007fefce25000 	C:\Windows\system32\SspiCli.dll
0x000007fefc3f0000 - 0x000007fefc3fa000 	C:\Windows\system32\credssp.dll
0x000007fefd360000 - 0x000007fefd396000 	C:\Windows\system32\CFGMGR32.dll
0x000007fef6740000 - 0x000007fef674f000 	C:\Xilinx\SDK\2016.2\lib\win64.o\librdi_repo_manager.dll
0x000007feed990000 - 0x000007feed9ba000 	C:\Xilinx\SDK\2016.2\lib\win64.o\libisl_sysinfo.dll
0x000007feebc50000 - 0x000007feebd24000 	C:\Windows\system32\MSVCR110.dll
0x000007feebba0000 - 0x000007feebc47000 	C:\Windows\system32\MSVCP110.dll
0x000007febfd90000 - 0x000007fec07d0000 	C:\Xilinx\SDK\2016.2\lib\win64.o\librdi_common.dll
0x000007fec13f0000 - 0x000007fec175e000 	C:\Xilinx\SDK\2016.2\lib\win64.o\libCOIN-all.dll
0x000007fec50a0000 - 0x000007fec52bf000 	C:\Xilinx\SDK\2016.2\lib\win64.o\libXil_lmgr11.dll
0x000007fefb0a0000 - 0x000007fefb0b6000 	C:\Windows\system32\NETAPI32.dll
0x000007fefc460000 - 0x000007fefc46c000 	C:\Windows\system32\netutils.dll
0x000007fefca40000 - 0x000007fefca63000 	C:\Windows\system32\srvcli.dll
0x000007fefb080000 - 0x000007fefb095000 	C:\Windows\system32\wkscli.dll
0x000007fefd050000 - 0x000007fefd08b000 	C:\Windows\system32\WINTRUST.dll
0x000007fefaa50000 - 0x000007fefaa60000 	C:\Xilinx\SDK\2016.2\lib\win64.o\libboost_date_time.dll
0x000007fef1af0000 - 0x000007fef1b14000 	C:\Xilinx\SDK\2016.2\lib\win64.o\libboost_filesystem.dll
0x000007fefaa00000 - 0x000007fefaa09000 	C:\Xilinx\SDK\2016.2\lib\win64.o\libboost_system.dll
0x000007feedb40000 - 0x000007feedbb7000 	C:\Xilinx\SDK\2016.2\lib\win64.o\libboost_program_options.dll
0x000007fec54a0000 - 0x000007fec55a6000 	C:\Xilinx\SDK\2016.2\lib\win64.o\libboost_regex.dll
0x000007fef3850000 - 0x000007fef3863000 	C:\Xilinx\SDK\2016.2\lib\win64.o\libboost_signals.dll
0x000007fef37c0000 - 0x000007fef37dd000 	C:\Xilinx\SDK\2016.2\lib\win64.o\libboost_thread.dll
0x000007fefa9f0000 - 0x000007fefa9fb000 	C:\Xilinx\SDK\2016.2\lib\win64.o\libboost_chrono.dll
0x000007fef9150000 - 0x000007fef915b000 	C:\Xilinx\SDK\2016.2\lib\win64.o\libboost_xilinx.dll
0x000007feedbc0000 - 0x000007feedc40000 	C:\Xilinx\SDK\2016.2\lib\win64.o\libhdlpsolve.dll
0x000007feedaa0000 - 0x000007feedb3a000 	C:\Xilinx\SDK\2016.2\lib\win64.o\libhdxml.dll
0x000007fec0f80000 - 0x000007fec13e5e00 	C:\Xilinx\SDK\2016.2\lib\win64.o\libisl_iostreams.dll
0x000007fef1ad0000 - 0x000007fef1ae6000 	C:\Xilinx\SDK\2016.2\lib\win64.o\libboost_iostreams.dll
0x000007feee440000 - 0x000007feee463000 	C:\Xilinx\SDK\2016.2\lib\win64.o\librdizlib.dll
0x000007feee470000 - 0x000007feee493000 	C:\Xilinx\SDK\2016.2\lib\win64.o\libisl_iosutils.dll
0x000007fef3c00000 - 0x000007fef3c15000 	C:\Xilinx\SDK\2016.2\lib\win64.o\pthreadVC2.dll
0x000007feed930000 - 0x000007feed984000 	C:\Xilinx\SDK\2016.2\lib\win64.o\librdi_commonxillic.dll
0x000007fec5370000 - 0x000007fec54a0000 	C:\Xilinx\SDK\2016.2\lib\win64.o\librdi_curl.dll
0x000007fef3250000 - 0x000007fef3268000 	C:\Xilinx\SDK\2016.2\lib\win64.o\librdiconfig.dll
0x000000006bca0000 - 0x000000006bdc7000 	C:\Xilinx\SDK\2016.2\lib\win64.o\tcl85t.dll
0x0000000023590000 - 0x00000000237f3000 	C:\Xilinx\SDK\2016.2\lib\win64.o\xerces-c_3_1.dll
0x000007fefd720000 - 0x000007fefd8a6000 	C:\Windows\system32\urlmon.dll
0x000007fefd120000 - 0x000007fefd124000 	C:\Windows\system32\api-ms-win-downlevel-ole32-l1-1-0.dll
0x000007feea550000 - 0x000007feea573000 	C:\Windows\system32\VCOMP110.DLL
0x000007fec0960000 - 0x000007fec0b52000 	C:\Xilinx\SDK\2016.2\lib\win64.o\librdi_hsm.dll
0x000007fec56f0000 - 0x000007fec5733000 	C:\Xilinx\SDK\2016.2\lib\win64.o\librdi_hdf.dll
0x000007fec1970000 - 0x000007fec1bf1000 	C:\Xilinx\SDK\2016.2\lib\win64.o\librdi_ippcw.dll
0x000007feed910000 - 0x000007feed926000 	C:\Xilinx\SDK\2016.2\eclipse\win64.o\plugins\org.eclipse.cdt.core.win32.x86_64_5.4.0.201509131935\os\win32\x86_64\spawner.dll
0x000007fef88d0000 - 0x000007fef88da000 	C:\Xilinx\SDK\2016.2\lib\win64.o\librdi_jtag_settings.dll
0x000007fec56c0000 - 0x000007fec56e9000 	C:\Xilinx\SDK\2016.2\lib\win64.o\librdi_debug_dialog.dll
0x000007fef43d0000 - 0x000007fef43d8000 	C:\Xilinx\SDK\2016.2\lib\win64.o\librdi_target_manager.dll
0x0000000071080000 - 0x00000000710a6000 	C:\Xilinx\SDK\2016.2\eclipse\win64.o\plugins\gnu.io.rxtx.win32.x86_64_2.1.7.3_v20071015\os\win32\x86_64\rxtxSerial.dll
0x000007feb5160000 - 0x000007feb5970000 	C:\Xilinx\SDK\2016.2\lib\win64.o\libXil_lmgr11FNP.dll
0x000007fef4e40000 - 0x000007fef4e4b000 	C:\Windows\system32\snmpapi.dll

VM Arguments:
jvm_args: -Dcom.xilinx.sdk.args.hwspec=W:/ECE532/health_bar_plus_punch/feed_through/NexysVideo-master/Projects/hdmi/proj/hdmi.sdk/hdmi_wrapper.hdf -Xms64m -Xmx512m & 
java_command: <unknown>
java_class_path (initial): C:\Xilinx\SDK\2016.2\eclipse\win64.o\\plugins/org.eclipse.equinox.launcher_1.3.100.v20150511-1540.jar
Launcher Type: generic

Environment Variables:
PATH=C:/Xilinx/SDK/2016.2/tps/win64/jre/bin/server;C:/Xilinx/SDK/2016.2/tps/win64/jre/bin;C:/Xilinx/SDK/2016.2/tps/win64/jre/lib/amd64;C:\Xilinx\SDK\2016.2\gnuwin\bin;C:\Xilinx\SDK\2016.2\gnu\microblaze\nt\bin;C:\Xilinx\SDK\2016.2\gnu\microblaze\linux_toolchain\nt64_le\bin;C:\Xilinx\SDK\2016.2\gnu\microblaze\linux_toolchain\nt64_be\bin;C:\Xilinx\SDK\2016.2\gnu\arm\nt\bin;C:\Xilinx\SDK\2016.2\gnu\aarch64\nt\aarch64-none\bin;C:\Xilinx\SDK\2016.2\gnu\aarch64\nt\aarch64-linux\bin;C:\Xilinx\SDK\2016.2\gnu\armr5\nt\gcc-arm-none-eabi\bin;C:\Xilinx\SDK\2016.2\gnu\aarch32\nt\gcc-arm-none-eabi\bin;C:\Xilinx\SDK\2016.2\gnu\aarch32\nt\gcc-arm-linux-gnueabi\bin;C:\Xilinx\SDK\2016.2\tps\win64\cmake-3.3.2\bin;;C:\Xilinx\SDK\2016.2\bin;C:\Xilinx\SDK\2016.2\lib\win64.o;C:\Xilinx\SDK\2016.2\tps\win64\jre\bin\server;C:\Xilinx\SDK\2016.2\tps\win64\jre\bin;C:\Xilinx\Vivado\2016.2\ids_lite\ISE\bin\nt64;C:\Xilinx\Vivado\2016.2\ids_lite\ISE\lib\nt64;C:\Xilinx\Vivado\2016.2\bin;C:\Xilinx\Vivado\2016.2\lib\win64.o;C:\Xilinx\Vivado\2016.2\tps\win64\jre\bin\server;C:\Xilinx\Vivado\2016.2\tps\win64\jre\bin;C:\Xilinx\Vivado_HLS\2016.2\bin;C:\Windows\system32;C:\Windows;C:\Windows\System32\Wbem;C:\Windows\System32\WindowsPowerShell\v1.0\;C:\Program Files (x86)\Java\jre6\bin;C:\Program Files (x86)\eclipse;C:\altera\16.0\quartus\bin64;c:\altera\16.0\quartus\bin64\jre64\bin;w:\ECE532\health_bar_plus_punch\feed_through\NexysVideo-master\Projects\hdmi\proj;
USERNAME=chungm13
OS=Windows_NT
PROCESSOR_IDENTIFIER=Intel64 Family 6 Model 60 Stepping 3, GenuineIntel



---------------  S Y S T E M  ---------------

OS: Windows 7 , 64 bit Build 7601 (6.1.7601.23418)

CPU:total 8 (4 cores per cpu, 2 threads per core) family 6 model 60 stepping 3, cmov, cx8, fxsr, mmx, sse, sse2, sse3, ssse3, sse4.1, sse4.2, popcnt, avx, avx2, aes, clmul, erms, lzcnt, ht, tsc, tscinvbit, bmi1, bmi2

Memory: 4k page, physical 16683160k(8929216k free), swap 33364460k(24811868k free)

vm_info: Java HotSpot(TM) 64-Bit Server VM (25.66-b18) for windows-amd64 JRE (1.8.0_66-b18), built on Nov  9 2015 10:51:13 by "java_re" with MS VC++ 10.0 (VS2010)

time: Fri Mar 24 11:52:06 2017
elapsed time: 368 seconds (0d 0h 6m 8s)

