#
# A fatal error has been detected by the Java Runtime Environment:
#
#  EXCEPTION_UNCAUGHT_CXX_EXCEPTION (0xe06d7363) at pc=0x000007fefd6fa06d, pid=1708, tid=5276
#
# JRE version: Java(TM) SE Runtime Environment (8.0_66-b18) (build 1.8.0_66-b18)
# Java VM: Java HotSpot(TM) 64-Bit Server VM (25.66-b18 mixed mode windows-amd64 compressed oops)
# Problematic frame:
# C  [KERNELBASE.dll+0x1a06d]
#
# Failed to write core dump. Minidumps are not enabled by default on client versions of Windows
#
# If you would like to submit a bug report, please visit:
#   http://bugreport.java.com/bugreport/crash.jsp
#

---------------  T H R E A D  ---------------

Current thread (0x0000000014ef2800):  VMThread [stack: 0x0000000015e40000,0x0000000015f40000] [id=5276]

siginfo: ExceptionCode=0xe06d7363, ExceptionInformation=0x0000000019930520 0x0000000015f3f4c8 0x000007feec152cb8 0x000007feec0a0000 

Registers:
RAX=0x0000000061f193d8, RBX=0x000007feec152cb8, RCX=0x0000000015f3ed10, RDX=0x00000000000000d0
RSP=0x0000000015f3f320, RBP=0x0000000015f3f450, RSI=0x00000000ffffffff, RDI=0x0000000017558a50
R8 =0x0000000000000000, R9 =0x0000000000000000, R10=0x000007feec0a0000, R11=0x0000000015f3f360
R12=0x0000000000000001, R13=0x0000000000000008, R14=0x0000000000000000, R15=0xffffffffffffffff
RIP=0x000007fefd6fa06d, EFLAGS=0x0000000000000206

Top of Stack: (sp=0x0000000015f3f320)
0x0000000015f3f320:   000007feec152cb8 00000000ffffffff
0x0000000015f3f330:   0000000017558a50 00000000003482d0
0x0000000015f3f340:   00000001e06d7363 0000000000000000
0x0000000015f3f350:   000007fefd6fa06d 000007fe00000004
0x0000000015f3f360:   0000000019930520 0000000015f3f4c8
0x0000000015f3f370:   000007feec152cb8 000007feec0a0000
0x0000000015f3f380:   0000000000000000 0000000015f3f408
0x0000000015f3f390:   0000000000000028 0000000017558a40
0x0000000015f3f3a0:   000000001756ca20 0000000000000000
0x0000000015f3f3b0:   000007fffffa6000 000000007793f2d3
0x0000000015f3f3c0:   0000000000000000 0000000000000008
0x0000000015f3f3d0:   0000000000000001 0000000017558a50
0x0000000015f3f3e0:   00000000ffffffff 000007feec0fe92c
0x0000000015f3f3f0:   000007feec152cb8 0000000015f3f460
0x0000000015f3f400:   0000000000000001 000007feec0a00f8
0x0000000015f3f410:   00000001e06d7363 0000000000000000 

Instructions: (pc=0x000007fefd6fa06d)
0x000007fefd6fa04d:   54 24 24 48 89 4c 24 28 4d 85 c9 0f 85 6a 03 00
0x000007fefd6fa05d:   00 89 4c 24 38 48 8d 4c 24 20 ff 15 33 02 03 00
0x000007fefd6fa06d:   48 81 c4 c8 00 00 00 c3 90 90 90 90 90 90 90 90
0x000007fefd6fa07d:   90 90 90 48 83 ec 28 65 48 8b 04 25 30 00 00 00 


Register to memory mapping:

RAX=0x0000000061f193d8 is an unknown value
RBX=0x000007feec152cb8 is an unknown value
RCX=0x0000000015f3ed10 is an unknown value
RDX=0x00000000000000d0 is an unknown value
RSP=0x0000000015f3f320 is an unknown value
RBP=0x0000000015f3f450 is an unknown value
RSI=0x00000000ffffffff is an unknown value
RDI=0x0000000017558a50 is an unknown value
R8 =0x0000000000000000 is an unknown value
R9 =0x0000000000000000 is an unknown value
R10=0x000007feec0a0000 is an unknown value
R11=0x0000000015f3f360 is an unknown value
R12=0x0000000000000001 is an unknown value
R13=0x0000000000000008 is an unknown value
R14=0x0000000000000000 is an unknown value
R15=0xffffffffffffffff is an unknown value


Stack: [0x0000000015e40000,0x0000000015f40000],  sp=0x0000000015f3f320,  free space=1020k
Native frames: (J=compiled Java code, j=interpreted, Vv=VM code, C=native code)
C  [KERNELBASE.dll+0x1a06d]
C  [MSVCR110.dll+0x5e92c]
C  [MSVCR110.dll+0x1315c]
C  [MSVCR110.dll+0x136a9]
C  [MSVCR110.dll+0x13e9c]
C  [MSVCR110.dll+0x239e]
C  [MSVCR110.dll+0xaf9e]
C  [MSVCP110.dll+0x397b9]
C  [librdi_common.dll+0x182316]
C  [librdi_common.dll+0x180fab]
C  [librdi_target_manager.dll+0x2400]
C  [librdi_target_manager.dll+0x2682]
C  [ntdll.dll+0x229b1]
C  [ntdll.dll+0x227c0]
C  [MSVCR100.dll+0x20ccd]
V  [jvm.dll+0x210cc5]
V  [jvm.dll+0x249897]
V  [jvm.dll+0x248b36]
V  [jvm.dll+0x248fd1]
V  [jvm.dll+0x2491ee]
V  [jvm.dll+0x29a0fa]
C  [MSVCR100.dll+0x21d9f]
C  [MSVCR100.dll+0x21e3b]
C  [kernel32.dll+0x159bd]
C  [ntdll.dll+0x2a2e1]

VM_Operation (0x000000000012f4c0): Exit, mode: safepoint, requested by thread 0x00000000024b8000


---------------  P R O C E S S  ---------------

Java Threads: ( => current thread )
  0x0000000020c4e800 JavaThread "pool-2-thread-1" [_thread_blocked, id=3328, stack(0x0000000027370000,0x0000000027470000)]
  0x0000000020c4d000 JavaThread "Thread-32" daemon [_thread_blocked, id=5992, stack(0x0000000026f70000,0x0000000027070000)]
  0x0000000017e13800 JavaThread "TCF Channel Transmitter" daemon [_thread_blocked, id=6020, stack(0x0000000024450000,0x0000000024550000)]
  0x0000000017e12800 JavaThread "TCF Channel Receiver" daemon [_thread_in_native, id=4632, stack(0x0000000024070000,0x0000000024170000)]
  0x0000000017e12000 JavaThread "Process monitor" daemon [_thread_in_native, id=5844, stack(0x0000000023d70000,0x0000000023e70000)]
  0x0000000017e11000 JavaThread "Input Stream Monitor" daemon [_thread_blocked, id=5328, stack(0x0000000023ad0000,0x0000000023bd0000)]
  0x0000000017e10800 JavaThread "Output Stream Monitor" daemon [_thread_in_native, id=5804, stack(0x0000000023730000,0x0000000023830000)]
  0x0000000017e0f800 JavaThread "Output Stream Monitor" daemon [_thread_in_native, id=4848, stack(0x0000000020520000,0x0000000020620000)]
  0x0000000017e0f000 JavaThread "TCF Locator DNS Lookup" daemon [_thread_blocked, id=4904, stack(0x0000000024350000,0x0000000024450000)]
  0x0000000017e0e000 JavaThread "TCF Locator Timer" daemon [_thread_blocked, id=5036, stack(0x0000000024250000,0x0000000024350000)]
  0x0000000017e0d800 JavaThread "TCF Locator Receiver" daemon [_thread_blocked, id=3572, stack(0x0000000020a00000,0x0000000020b00000)]
  0x0000000017e0c000 JavaThread "TCF Timer Dispatcher" daemon [_thread_blocked, id=5576, stack(0x0000000023020000,0x0000000023120000)]
  0x0000000017e06000 JavaThread "EMF Reference Cleaner" daemon [_thread_blocked, id=5156, stack(0x0000000019690000,0x0000000019790000)]
  0x0000000014fb4800 JavaThread "Service Thread" daemon [_thread_blocked, id=4652, stack(0x0000000016800000,0x0000000016900000)]
  0x0000000014f5e000 JavaThread "C1 CompilerThread3" daemon [_thread_blocked, id=5260, stack(0x0000000016700000,0x0000000016800000)]
  0x0000000014f55000 JavaThread "C2 CompilerThread2" daemon [_thread_blocked, id=6108, stack(0x0000000016600000,0x0000000016700000)]
  0x0000000014f4e000 JavaThread "C2 CompilerThread1" daemon [_thread_blocked, id=5936, stack(0x0000000016500000,0x0000000016600000)]
  0x0000000014f46800 JavaThread "C2 CompilerThread0" daemon [_thread_blocked, id=6120, stack(0x0000000016400000,0x0000000016500000)]
  0x0000000014f43000 JavaThread "Attach Listener" daemon [_thread_blocked, id=4916, stack(0x0000000016300000,0x0000000016400000)]
  0x0000000014f42000 JavaThread "Signal Dispatcher" daemon [_thread_blocked, id=1584, stack(0x0000000016200000,0x0000000016300000)]
  0x0000000013d7d800 JavaThread "Finalizer" daemon [_thread_blocked, id=5588, stack(0x0000000016040000,0x0000000016140000)]
  0x0000000013d77000 JavaThread "Reference Handler" daemon [_thread_blocked, id=6132, stack(0x0000000015f40000,0x0000000016040000)]
  0x00000000024b8000 JavaThread "main" [_thread_blocked, id=5660, stack(0x0000000000030000,0x0000000000130000)]

Other Threads:
=>0x0000000014ef2800 VMThread [stack: 0x0000000015e40000,0x0000000015f40000] [id=5276]

VM state:at safepoint (shutting down)

VM Mutex/Monitor currently owned by a thread:  ([mutex/lock_event])
[0x00000000025be570] Threads_lock - owner thread: 0x0000000014ef2800

Heap:
 PSYoungGen      total 143872K, used 53113K [0x00000000f5580000, 0x0000000100000000, 0x0000000100000000)
  eden space 113152K, 46% used [0x00000000f5580000,0x00000000f895e700,0x00000000fc400000)
  from space 30720K, 0% used [0x00000000fc400000,0x00000000fc400000,0x00000000fe200000)
  to   space 29184K, 0% used [0x00000000fe380000,0x00000000fe380000,0x0000000100000000)
 ParOldGen       total 109568K, used 37987K [0x00000000e0000000, 0x00000000e6b00000, 0x00000000f5580000)
  object space 109568K, 34% used [0x00000000e0000000,0x00000000e2518d78,0x00000000e6b00000)
 Metaspace       used 76410K, capacity 83524K, committed 83880K, reserved 1122304K
  class space    used 9156K, capacity 11632K, committed 11696K, reserved 1048576K

Card table byte_map: [0x0000000011980000,0x0000000011a90000] byte_map_base: 0x0000000011280000

Marking Bits: (ParMarkBitMap*) 0x0000000071d3a5b0
 Begin Bits: [0x0000000012290000, 0x0000000012a90000)
 End Bits:   [0x0000000012a90000, 0x0000000013290000)

Polling page: 0x0000000000220000

CodeCache: size=245760Kb used=26646Kb max_used=27280Kb free=219113Kb
 bounds [0x00000000025c0000, 0x00000000040b0000, 0x00000000115c0000]
 total_blobs=8161 nmethods=7279 adapters=789
 compilation: enabled

Compilation events (10 events):
Event: 2404.007 Thread 0x0000000014f5e000 9120   !   3       java.util.zip.ZipFile::close (223 bytes)
Event: 2404.007 Thread 0x0000000014f5e000 nmethod 9120 0x0000000002853510 code [0x0000000002853800, 0x0000000002855208]
Event: 2404.008 Thread 0x0000000014f5e000 9125       3       java.util.TimSort::gallopRight (335 bytes)
Event: 2404.008 Thread 0x0000000014f5e000 nmethod 9125 0x00000000030cf450 code [0x00000000030cf640, 0x00000000030d0138]
Event: 2404.008 Thread 0x0000000014f5e000 9121  s!   3       org.eclipse.osgi.storage.bundlefile.ZipBundleFile::close (64 bytes)
Event: 2404.009 Thread 0x0000000014f46800 9133       4       org.eclipse.osgi.container.ModuleDatabase::readLock (11 bytes)
Event: 2404.009 Thread 0x0000000014f5e000 nmethod 9121 0x0000000003267890 code [0x0000000003267a60, 0x00000000032683f8]
Event: 2404.009 Thread 0x0000000014f5e000 9123       3       org.eclipse.osgi.storage.bundlefile.BundleFile::setMruIndex (6 bytes)
Event: 2404.009 Thread 0x0000000014f5e000 nmethod 9123 0x0000000003b46890 code [0x0000000003b469e0, 0x0000000003b46b30]
Event: 2404.009 Thread 0x0000000014f46800 nmethod 9133 0x0000000003191710 code [0x0000000003191860, 0x0000000003191928]

GC Heap History (10 events):
Event: 8.019 GC heap before
{Heap before GC invocations=11 (full 3):
 PSYoungGen      total 141824K, used 10409K [0x00000000f5580000, 0x00000000ffb00000, 0x0000000100000000)
  eden space 121344K, 0% used [0x00000000f5580000,0x00000000f5580000,0x00000000fcc00000)
  from space 20480K, 50% used [0x00000000fe700000,0x00000000ff12a708,0x00000000ffb00000)
  to   space 24064K, 0% used [0x00000000fcc00000,0x00000000fcc00000,0x00000000fe380000)
 ParOldGen       total 88576K, used 33157K [0x00000000e0000000, 0x00000000e5680000, 0x00000000f5580000)
  object space 88576K, 37% used [0x00000000e0000000,0x00000000e2061610,0x00000000e5680000)
 Metaspace       used 54292K, capacity 59124K, committed 59160K, reserved 1099776K
  class space    used 6497K, capacity 8112K, committed 8112K, reserved 1048576K
Event: 8.179 GC heap after
Heap after GC invocations=11 (full 3):
 PSYoungGen      total 141824K, used 0K [0x00000000f5580000, 0x00000000ffb00000, 0x0000000100000000)
  eden space 121344K, 0% used [0x00000000f5580000,0x00000000f5580000,0x00000000fcc00000)
  from space 20480K, 0% used [0x00000000fe700000,0x00000000fe700000,0x00000000ffb00000)
  to   space 24064K, 0% used [0x00000000fcc00000,0x00000000fcc00000,0x00000000fe380000)
 ParOldGen       total 109568K, used 35878K [0x00000000e0000000, 0x00000000e6b00000, 0x00000000f5580000)
  object space 109568K, 32% used [0x00000000e0000000,0x00000000e2309ad0,0x00000000e6b00000)
 Metaspace       used 54292K, capacity 59124K, committed 59160K, reserved 1099776K
  class space    used 6497K, capacity 8112K, committed 8112K, reserved 1048576K
}
Event: 38.914 GC heap before
{Heap before GC invocations=12 (full 3):
 PSYoungGen      total 141824K, used 121344K [0x00000000f5580000, 0x00000000ffb00000, 0x0000000100000000)
  eden space 121344K, 100% used [0x00000000f5580000,0x00000000fcc00000,0x00000000fcc00000)
  from space 20480K, 0% used [0x00000000fe700000,0x00000000fe700000,0x00000000ffb00000)
  to   space 24064K, 0% used [0x00000000fcc00000,0x00000000fcc00000,0x00000000fe380000)
 ParOldGen       total 109568K, used 35882K [0x00000000e0000000, 0x00000000e6b00000, 0x00000000f5580000)
  object space 109568K, 32% used [0x00000000e0000000,0x00000000e230a850,0x00000000e6b00000)
 Metaspace       used 71655K, capacity 78472K, committed 78760K, reserved 1118208K
  class space    used 8647K, capacity 10860K, committed 10928K, reserved 1048576K
Event: 38.932 GC heap after
Heap after GC invocations=12 (full 3):
 PSYoungGen      total 145408K, used 24062K [0x00000000f5580000, 0x0000000100000000, 0x0000000100000000)
  eden space 121344K, 0% used [0x00000000f5580000,0x00000000f5580000,0x00000000fcc00000)
  from space 24064K, 99% used [0x00000000fcc00000,0x00000000fe37fb28,0x00000000fe380000)
  to   space 29184K, 0% used [0x00000000fe380000,0x00000000fe380000,0x0000000100000000)
 ParOldGen       total 109568K, used 39425K [0x00000000e0000000, 0x00000000e6b00000, 0x00000000f5580000)
  object space 109568K, 35% used [0x00000000e0000000,0x00000000e2680570,0x00000000e6b00000)
 Metaspace       used 71655K, capacity 78472K, committed 78760K, reserved 1118208K
  class space    used 8647K, capacity 10860K, committed 10928K, reserved 1048576K
}
Event: 1801.012 GC heap before
{Heap before GC invocations=13 (full 3):
 PSYoungGen      total 145408K, used 145406K [0x00000000f5580000, 0x0000000100000000, 0x0000000100000000)
  eden space 121344K, 100% used [0x00000000f5580000,0x00000000fcc00000,0x00000000fcc00000)
  from space 24064K, 99% used [0x00000000fcc00000,0x00000000fe37fb28,0x00000000fe380000)
  to   space 29184K, 0% used [0x00000000fe380000,0x00000000fe380000,0x0000000100000000)
 ParOldGen       total 109568K, used 39425K [0x00000000e0000000, 0x00000000e6b00000, 0x00000000f5580000)
  object space 109568K, 35% used [0x00000000e0000000,0x00000000e2680570,0x00000000e6b00000)
 Metaspace       used 75448K, capacity 82534K, committed 82856K, reserved 1120256K
  class space    used 9073K, capacity 11358K, committed 11440K, reserved 1048576K
Event: 1801.027 GC heap after
Heap after GC invocations=13 (full 3):
 PSYoungGen      total 142336K, used 20489K [0x00000000f5580000, 0x0000000100000000, 0x0000000100000000)
  eden space 113152K, 0% used [0x00000000f5580000,0x00000000f5580000,0x00000000fc400000)
  from space 29184K, 70% used [0x00000000fe380000,0x00000000ff782530,0x0000000100000000)
  to   space 30720K, 0% used [0x00000000fc400000,0x00000000fc400000,0x00000000fe200000)
 ParOldGen       total 109568K, used 39433K [0x00000000e0000000, 0x00000000e6b00000, 0x00000000f5580000)
  object space 109568K, 35% used [0x00000000e0000000,0x00000000e2682570,0x00000000e6b00000)
 Metaspace       used 75448K, capacity 82534K, committed 82856K, reserved 1120256K
  class space    used 9073K, capacity 11358K, committed 11440K, reserved 1048576K
}
Event: 2357.086 GC heap before
{Heap before GC invocations=14 (full 3):
 PSYoungGen      total 142336K, used 51443K [0x00000000f5580000, 0x0000000100000000, 0x0000000100000000)
  eden space 113152K, 27% used [0x00000000f5580000,0x00000000f73baa48,0x00000000fc400000)
  from space 29184K, 70% used [0x00000000fe380000,0x00000000ff782530,0x0000000100000000)
  to   space 30720K, 0% used [0x00000000fc400000,0x00000000fc400000,0x00000000fe200000)
 ParOldGen       total 109568K, used 39433K [0x00000000e0000000, 0x00000000e6b00000, 0x00000000f5580000)
  object space 109568K, 35% used [0x00000000e0000000,0x00000000e2682570,0x00000000e6b00000)
 Metaspace       used 75583K, capacity 82682K, committed 82856K, reserved 1120256K
  class space    used 9079K, capacity 11427K, committed 11440K, reserved 1048576K
Event: 2357.096 GC heap after
Heap after GC invocations=14 (full 3):
 PSYoungGen      total 143872K, used 11547K [0x00000000f5580000, 0x0000000100000000, 0x0000000100000000)
  eden space 113152K, 0% used [0x00000000f5580000,0x00000000f5580000,0x00000000fc400000)
  from space 30720K, 37% used [0x00000000fc400000,0x00000000fcf46ee0,0x00000000fe200000)
  to   space 29184K, 0% used [0x00000000fe380000,0x00000000fe380000,0x0000000100000000)
 ParOldGen       total 109568K, used 39441K [0x00000000e0000000, 0x00000000e6b00000, 0x00000000f5580000)
  object space 109568K, 35% used [0x00000000e0000000,0x00000000e2684570,0x00000000e6b00000)
 Metaspace       used 75583K, capacity 82682K, committed 82856K, reserved 1120256K
  class space    used 9079K, capacity 11427K, committed 11440K, reserved 1048576K
}
Event: 2357.096 GC heap before
{Heap before GC invocations=15 (full 4):
 PSYoungGen      total 143872K, used 11547K [0x00000000f5580000, 0x0000000100000000, 0x0000000100000000)
  eden space 113152K, 0% used [0x00000000f5580000,0x00000000f5580000,0x00000000fc400000)
  from space 30720K, 37% used [0x00000000fc400000,0x00000000fcf46ee0,0x00000000fe200000)
  to   space 29184K, 0% used [0x00000000fe380000,0x00000000fe380000,0x0000000100000000)
 ParOldGen       total 109568K, used 39441K [0x00000000e0000000, 0x00000000e6b00000, 0x00000000f5580000)
  object space 109568K, 35% used [0x00000000e0000000,0x00000000e2684570,0x00000000e6b00000)
 Metaspace       used 75583K, capacity 82682K, committed 82856K, reserved 1120256K
  class space    used 9079K, capacity 11427K, committed 11440K, reserved 1048576K
Event: 2357.249 GC heap after
Heap after GC invocations=15 (full 4):
 PSYoungGen      total 143872K, used 0K [0x00000000f5580000, 0x0000000100000000, 0x0000000100000000)
  eden space 113152K, 0% used [0x00000000f5580000,0x00000000f5580000,0x00000000fc400000)
  from space 30720K, 0% used [0x00000000fc400000,0x00000000fc400000,0x00000000fe200000)
  to   space 29184K, 0% used [0x00000000fe380000,0x00000000fe380000,0x0000000100000000)
 ParOldGen       total 109568K, used 37987K [0x00000000e0000000, 0x00000000e6b00000, 0x00000000f5580000)
  object space 109568K, 34% used [0x00000000e0000000,0x00000000e2518d78,0x00000000e6b00000)
 Metaspace       used 75511K, capacity 82558K, committed 82856K, reserved 1120256K
  class space    used 9066K, capacity 11403K, committed 11440K, reserved 1048576K
}

Deoptimization events (10 events):
Event: 2403.099 Thread 0x00000000024b8000 Uncommon trap: reason=unstable_if action=reinterpret pc=0x000000000310b5d4 method=org.eclipse.e4.ui.internal.workbench.swt.PartRenderingEngine.someAreVisible(Ljava/util/List;)Z @ 41
Event: 2403.132 Thread 0x00000000024b8000 Uncommon trap: reason=unstable_if action=reinterpret pc=0x0000000003e80748 method=java.util.Arrays.equals([Ljava/lang/Object;[Ljava/lang/Object;)Z @ 65
Event: 2403.137 Thread 0x0000000017e09800 Uncommon trap: reason=unstable_if action=reinterpret pc=0x0000000002e29f08 method=org.eclipse.e4.ui.internal.workbench.swt.E4Application$1.syncExec(Ljava/lang/Runnable;)V @ 14
Event: 2403.142 Thread 0x00000000024b8000 Uncommon trap: reason=unstable_if action=reinterpret pc=0x0000000002bccf3c method=java.lang.ref.SoftReference.get()Ljava/lang/Object; @ 6
Event: 2403.156 Thread 0x0000000020c4d800 Uncommon trap: reason=class_check action=maybe_recompile pc=0x0000000003c50c80 method=org.eclipse.e4.core.internal.contexts.ContextObjectSupplier$ContextInjectionListener.update(Lorg/eclipse/e4/core/contexts/IEclipseContext;I[Ljava/lang/Object;)Z @ 173
Event: 2403.156 Thread 0x0000000020c4d800 Uncommon trap: reason=class_check action=maybe_recompile pc=0x0000000003c50c80 method=org.eclipse.e4.core.internal.contexts.ContextObjectSupplier$ContextInjectionListener.update(Lorg/eclipse/e4/core/contexts/IEclipseContext;I[Ljava/lang/Object;)Z @ 173
Event: 2403.175 Thread 0x0000000020c4c000 Uncommon trap: reason=unstable_if action=reinterpret pc=0x0000000002742264 method=sun.nio.cs.SingleByte$Encoder.encode(C)I @ 13
Event: 2403.254 Thread 0x0000000017730800 Uncommon trap: reason=unstable_if action=reinterpret pc=0x0000000003d9d0bc method=org.eclipse.equinox.internal.event.EventHandlerTracker.getHandlers(Ljava/lang/String;)Ljava/util/Set; @ 28
Event: 2403.944 Thread 0x0000000020c4d800 Uncommon trap: reason=unstable_if action=reinterpret pc=0x00000000034e5008 method=org.eclipse.osgi.internal.hooks.EclipseLazyStarter.shouldActivateFor(Ljava/lang/String;Lorg/eclipse/osgi/container/Module;Lorg/eclipse/osgi/container/ModuleRevision;Lorg/ecli2Bûv
Event: 2404.001 Thread 0x0000000020c4d800 Uncommon trap: reason=unstable_if action=reinterpret pc=0x00000000038ce7d8 method=sun.reflect.UnsafeStaticObjectFieldAccessorImpl.set(Ljava/lang/Object;Ljava/lang/Object;)V @ 13

Internal exceptions (10 events):
Event: 2375.406 Thread 0x0000000017e0d800 Exception <a 'java/net/SocketException': socket closed> (0x00000000f55f39c8) thrown at [C:\re\workspace\8-2-build-windows-amd64-cygwin\jdk8u66\5298\hotspot\src\share\vm\prims\jni.cpp, line 735]
Event: 2399.263 Thread 0x00000000024b8000 Implicit null exception at 0x00000000032fb2cf to 0x00000000032fd5dd
Event: 2399.270 Thread 0x00000000024b8000 Implicit null exception at 0x0000000002e7c1a1 to 0x0000000002e7c381
Event: 2403.142 Thread 0x00000000024b8000 Implicit null exception at 0x0000000002bca6bb to 0x0000000002bccef1
Event: 2403.173 Thread 0x0000000020c4a800 Exception <a 'java/lang/InterruptedException'> (0x00000000f830f008) thrown at [C:\re\workspace\8-2-build-windows-amd64-cygwin\jdk8u66\5298\hotspot\src\share\vm\runtime\objectMonitor.cpp, line 1683]
Event: 2403.988 Thread 0x0000000017e09800 Exception <a 'java/lang/InterruptedException'> (0x00000000f6363390) thrown at [C:\re\workspace\8-2-build-windows-amd64-cygwin\jdk8u66\5298\hotspot\src\share\vm\runtime\objectMonitor.cpp, line 1683]
Event: 2404.001 Thread 0x0000000020c4d800 Implicit null exception at 0x00000000038ce3d7 to 0x00000000038ce7c5
Event: 2404.001 Thread 0x0000000017730800 Exception <a 'java/lang/InterruptedException'> (0x00000000f8574fc0) thrown at [C:\re\workspace\8-2-build-windows-amd64-cygwin\jdk8u66\5298\hotspot\src\share\vm\runtime\objectMonitor.cpp, line 1683]
Event: 2404.007 Thread 0x0000000017e08000 Exception <a 'java/lang/InterruptedException'> (0x00000000f82cced0) thrown at [C:\re\workspace\8-2-build-windows-amd64-cygwin\jdk8u66\5298\hotspot\src\share\vm\runtime\objectMonitor.cpp, line 1683]
Event: 2404.007 Thread 0x000000001798a000 Exception <a 'java/lang/InterruptedException'> (0x00000000f889e970) thrown at [C:\re\workspace\8-2-build-windows-amd64-cygwin\jdk8u66\5298\hotspot\src\share\vm\runtime\objectMonitor.cpp, line 1683]

Events (10 events):
Event: 2404.009 Thread 0x0000000020c4d800 Thread exited: 0x0000000020c4d800
Event: 2404.009 loading class java/util/IdentityHashMap$KeySet
Event: 2404.009 loading class java/util/IdentityHashMap$KeySet done
Event: 2404.009 loading class java/util/IdentityHashMap$KeyIterator
Event: 2404.009 loading class java/util/IdentityHashMap$IdentityHashMapIterator
Event: 2404.009 loading class java/util/IdentityHashMap$IdentityHashMapIterator done
Event: 2404.009 loading class java/util/IdentityHashMap$KeyIterator done
Event: 2404.009 Thread 0x0000000020c4d800 Thread added: 0x0000000020c4d800
Event: 2404.010 Thread 0x0000000020c4d800 Thread exited: 0x0000000020c4d800
Event: 2404.010 Executing VM operation: Exit


Dynamic libraries:
0x0000000000400000 - 0x000000000044f000 	C:\Xilinx\SDK\2016.2\eclipse\win64.o\eclipse.exe
0x00000000778f0000 - 0x0000000077a9a000 	C:\Windows\SYSTEM32\ntdll.dll
0x00000000777d0000 - 0x00000000778ef000 	C:\Windows\system32\kernel32.dll
0x000007fefd6e0000 - 0x000007fefd74a000 	C:\Windows\system32\KERNELBASE.dll
0x00000000776d0000 - 0x00000000777ca000 	C:\Windows\system32\USER32.dll
0x000007fefe310000 - 0x000007fefe377000 	C:\Windows\system32\GDI32.dll
0x000007fefd9f0000 - 0x000007fefd9fe000 	C:\Windows\system32\LPK.dll
0x000007feffb30000 - 0x000007feffbfa000 	C:\Windows\system32\USP10.dll
0x000007fefed00000 - 0x000007fefed9f000 	C:\Windows\system32\msvcrt.dll
0x000007fefbf40000 - 0x000007fefc134000 	C:\Windows\WinSxS\amd64_microsoft.windows.common-controls_6595b64144ccf1df_6.0.7601.18837_none_fa3b1e3d17594757\COMCTL32.dll
0x000007fefec70000 - 0x000007fefece1000 	C:\Windows\system32\SHLWAPI.dll
0x000007fefdb80000 - 0x000007fefdbae000 	C:\Windows\system32\IMM32.DLL
0x000007fefdbb0000 - 0x000007fefdcb9000 	C:\Windows\system32\MSCTF.dll
0x0000000072000000 - 0x0000000072012000 	C:\Xilinx\SDK\2016.2\eclipse\win64.o\plugins\org.eclipse.equinox.launcher.win32.win32.x86_64_1.1.300.v20150602-1417\eclipse_1611.dll
0x000007fefe170000 - 0x000007fefe24b000 	C:\Windows\system32\ADVAPI32.dll
0x000007fefe380000 - 0x000007fefe39f000 	C:\Windows\SYSTEM32\sechost.dll
0x000007fefe530000 - 0x000007fefe65d000 	C:\Windows\system32\RPCRT4.dll
0x000007fefc6c0000 - 0x000007fefc6cc000 	C:\Windows\system32\VERSION.dll
0x000007fefbee0000 - 0x000007fefbf36000 	C:\Windows\system32\UxTheme.dll
0x0000000071530000 - 0x0000000071db9000 	C:\Xilinx\SDK\2016.2\tps\win64\jre\bin\server\jvm.dll
0x000007fefb030000 - 0x000007fefb039000 	C:\Windows\system32\WSOCK32.dll
0x000007fefec20000 - 0x000007fefec6d000 	C:\Windows\system32\WS2_32.dll
0x000007fefecf0000 - 0x000007fefecf8000 	C:\Windows\system32\NSI.dll
0x000007fefa3c0000 - 0x000007fefa3fb000 	C:\Windows\system32\WINMM.dll
0x0000000077ab0000 - 0x0000000077ab7000 	C:\Windows\system32\PSAPI.DLL
0x0000000072350000 - 0x0000000072422000 	C:\Windows\system32\MSVCR100.dll
0x0000000074520000 - 0x000000007452f000 	C:\Xilinx\SDK\2016.2\tps\win64\jre\bin\verify.dll
0x00000000739b0000 - 0x00000000739d9000 	C:\Xilinx\SDK\2016.2\tps\win64\jre\bin\java.dll
0x0000000073990000 - 0x00000000739a6000 	C:\Xilinx\SDK\2016.2\tps\win64\jre\bin\zip.dll
0x000007fefeda0000 - 0x000007feffb29000 	C:\Windows\system32\SHELL32.dll
0x000007fefe660000 - 0x000007fefe863000 	C:\Windows\system32\ole32.dll
0x000007fefd640000 - 0x000007fefd64f000 	C:\Windows\system32\profapi.dll
0x000007fefce30000 - 0x000007fefce48000 	C:\Windows\system32\CRYPTSP.dll
0x000007fefcb30000 - 0x000007fefcb77000 	C:\Windows\system32\rsaenh.dll
0x000007fefd670000 - 0x000007fefd68e000 	C:\Windows\system32\USERENV.dll
0x000007fefd490000 - 0x000007fefd49f000 	C:\Windows\system32\CRYPTBASE.dll
0x0000000073970000 - 0x000000007398a000 	C:\Xilinx\SDK\2016.2\tps\win64\jre\bin\net.dll
0x000007fefcdd0000 - 0x000007fefce25000 	C:\Windows\system32\mswsock.dll
0x000007fefcdc0000 - 0x000007fefcdc7000 	C:\Windows\System32\wship6.dll
0x000007fef9f80000 - 0x000007fef9fa7000 	C:\Windows\system32\IPHLPAPI.DLL
0x000007fef9f70000 - 0x000007fef9f7b000 	C:\Windows\system32\WINNSI.DLL
0x000007fef9520000 - 0x000007fef9531000 	C:\Windows\system32\dhcpcsvc6.DLL
0x000007fef9500000 - 0x000007fef9518000 	C:\Windows\system32\dhcpcsvc.DLL
0x0000000073950000 - 0x0000000073961000 	C:\Xilinx\SDK\2016.2\tps\win64\jre\bin\nio.dll
0x000007fef9a50000 - 0x000007fef9a65000 	C:\Windows\system32\NLAapi.dll
0x000007fef90b0000 - 0x000007fef90c5000 	C:\Windows\system32\napinsp.dll
0x000007fef90d0000 - 0x000007fef90e9000 	C:\Windows\system32\pnrpnsp.dll
0x000007fefcc50000 - 0x000007fefccab000 	C:\Windows\system32\DNSAPI.dll
0x000007fef90a0000 - 0x000007fef90ab000 	C:\Windows\System32\winrnr.dll
0x000007fefc790000 - 0x000007fefc797000 	C:\Windows\System32\wshtcpip.dll
0x000007fef90f0000 - 0x000007fef90f8000 	C:\Windows\system32\rasadhlp.dll
0x000007fef95b0000 - 0x000007fef9603000 	C:\Windows\System32\fwpuclnt.dll
0x00000000186d0000 - 0x0000000018778000 	C:\Users\wanxing1\.Xilinx\SDK\2016.2\org.eclipse.osgi\312\0\.cp\swt-win32-4527.dll
0x000007fefda00000 - 0x000007fefdad8000 	C:\Windows\system32\OLEAUT32.dll
0x000007fefe250000 - 0x000007fefe2e7000 	C:\Windows\system32\comdlg32.dll
0x000007fef6b50000 - 0x000007fef6bc1000 	C:\Windows\system32\WINSPOOL.DRV
0x000007fefdea0000 - 0x000007fefe165000 	C:\Windows\system32\WININET.dll
0x000007fefd660000 - 0x000007fefd664000 	C:\Windows\system32\api-ms-win-downlevel-user32-l1-1-0.dll
0x000007fefd6d0000 - 0x000007fefd6d4000 	C:\Windows\system32\api-ms-win-downlevel-shlwapi-l1-1-0.dll
0x000007fefd650000 - 0x000007fefd654000 	C:\Windows\system32\api-ms-win-downlevel-version-l1-1-0.dll
0x000007fefd690000 - 0x000007fefd693000 	C:\Windows\system32\api-ms-win-downlevel-normaliz-l1-1-0.dll
0x0000000077ac0000 - 0x0000000077ac3000 	C:\Windows\system32\normaliz.DLL
0x000007fefe950000 - 0x000007fefec19000 	C:\Windows\system32\iertutil.dll
0x000007fefd8c0000 - 0x000007fefd8c5000 	C:\Windows\system32\api-ms-win-downlevel-advapi32-l1-1-0.dll
0x000007fefd750000 - 0x000007fefd8bd000 	C:\Windows\system32\CRYPT32.dll
0x000007fefd630000 - 0x000007fefd63f000 	C:\Windows\system32\MSASN1.dll
0x000007fefb9b0000 - 0x000007fefbadc000 	C:\Windows\system32\propsys.dll
0x000007fefdae0000 - 0x000007fefdb79000 	C:\Windows\system32\CLBCatQ.DLL
0x00000000003b0000 - 0x00000000003ce000 	C:\Users\wanxing1\.Xilinx\SDK\2016.2\org.eclipse.osgi\312\0\.cp\swt-gdip-win32-4527.dll
0x000007fefbcc0000 - 0x000007fefbed6000 	C:\Windows\WinSxS\amd64_microsoft.windows.gdiplus_6595b64144ccf1df_1.1.7601.23508_none_145555328b95eaaa\gdiplus.dll
0x000007fefb7e0000 - 0x000007fefb941000 	C:\Windows\system32\WindowsCodecs.dll
0x0000000180000000 - 0x0000000180012000 	C:\Users\wanxing1\.Xilinx\SDK\2016.2\org.eclipse.osgi\126\0\.cp\os\win32\x86_64\localfile_1_0_0.dll
0x000007feeef40000 - 0x000007feeef94000 	C:\Windows\system32\oleacc.dll
0x000007fef9fc0000 - 0x000007fef9fc7000 	C:\Windows\system32\msimg32.dll
0x000007fefd580000 - 0x000007fefd594000 	C:\Windows\system32\RpcRtRemote.dll
0x000007fefd430000 - 0x000007fefd487000 	C:\Windows\system32\apphelp.dll
0x000007fef99d0000 - 0x000007fef99e1000 	C:\Users\wanxing1\.Xilinx\SDK\2016.2\org.eclipse.osgi\129\0\.cp\jWinHttp-1.0.0.dll
0x000007fef9950000 - 0x000007fef99c1000 	C:\Windows\system32\WINHTTP.dll
0x000007fef98e0000 - 0x000007fef9944000 	C:\Windows\system32\webio.dll
0x000007fefd400000 - 0x000007fefd425000 	C:\Windows\system32\SspiCli.dll
0x000007fefc9f0000 - 0x000007fefc9fa000 	C:\Windows\system32\credssp.dll
0x000007fefd910000 - 0x000007fefd946000 	C:\Windows\system32\CFGMGR32.dll
0x000007fefa4c0000 - 0x000007fefa4cf000 	C:\Xilinx\SDK\2016.2\lib\win64.o\librdi_repo_manager.dll
0x000007fef2160000 - 0x000007fef218a000 	C:\Xilinx\SDK\2016.2\lib\win64.o\libisl_sysinfo.dll
0x000007feec0a0000 - 0x000007feec174000 	C:\Windows\system32\MSVCR110.dll
0x000007feebff0000 - 0x000007feec097000 	C:\Windows\system32\MSVCP110.dll
0x000007fec28e0000 - 0x000007fec3320000 	C:\Xilinx\SDK\2016.2\lib\win64.o\librdi_common.dll
0x000007fef1de0000 - 0x000007fef214e000 	C:\Xilinx\SDK\2016.2\lib\win64.o\libCOIN-all.dll
0x000007fef22a0000 - 0x000007fef24bf000 	C:\Xilinx\SDK\2016.2\lib\win64.o\libXil_lmgr11.dll
0x000007fefb6a0000 - 0x000007fefb6b6000 	C:\Windows\system32\NETAPI32.dll
0x000007fefca60000 - 0x000007fefca6c000 	C:\Windows\system32\netutils.dll
0x000007fefd0d0000 - 0x000007fefd0f3000 	C:\Windows\system32\srvcli.dll
0x000007fefb680000 - 0x000007fefb695000 	C:\Windows\system32\wkscli.dll
0x000007fefd8d0000 - 0x000007fefd90b000 	C:\Windows\system32\WINTRUST.dll
0x000007fefb7a0000 - 0x000007fefb7b0000 	C:\Xilinx\SDK\2016.2\lib\win64.o\libboost_date_time.dll
0x000007fefb5f0000 - 0x000007fefb614000 	C:\Xilinx\SDK\2016.2\lib\win64.o\libboost_filesystem.dll
0x000007fefb640000 - 0x000007fefb649000 	C:\Xilinx\SDK\2016.2\lib\win64.o\libboost_system.dll
0x000007fef2750000 - 0x000007fef27c7000 	C:\Xilinx\SDK\2016.2\lib\win64.o\libboost_program_options.dll
0x000007fef2190000 - 0x000007fef2296000 	C:\Xilinx\SDK\2016.2\lib\win64.o\libboost_regex.dll
0x000007fefabc0000 - 0x000007fefabd3000 	C:\Xilinx\SDK\2016.2\lib\win64.o\libboost_signals.dll
0x000007fefaba0000 - 0x000007fefabbd000 	C:\Xilinx\SDK\2016.2\lib\win64.o\libboost_thread.dll
0x000007fefaff0000 - 0x000007fefaffb000 	C:\Xilinx\SDK\2016.2\lib\win64.o\libboost_chrono.dll
0x000007fefb020000 - 0x000007fefb02b000 	C:\Xilinx\SDK\2016.2\lib\win64.o\libboost_xilinx.dll
0x000007fef27d0000 - 0x000007fef2850000 	C:\Xilinx\SDK\2016.2\lib\win64.o\libhdlpsolve.dll
0x000007fef26b0000 - 0x000007fef274a000 	C:\Xilinx\SDK\2016.2\lib\win64.o\libhdxml.dll
0x000007fec38f0000 - 0x000007fec3d55e00 	C:\Xilinx\SDK\2016.2\lib\win64.o\libisl_iostreams.dll
0x000007fefab80000 - 0x000007fefab96000 	C:\Xilinx\SDK\2016.2\lib\win64.o\libboost_iostreams.dll
0x000007fef5190000 - 0x000007fef51b3000 	C:\Xilinx\SDK\2016.2\lib\win64.o\librdizlib.dll
0x000007fef9b20000 - 0x000007fef9b43000 	C:\Xilinx\SDK\2016.2\lib\win64.o\libisl_iosutils.dll
0x000007fefafc0000 - 0x000007fefafd5000 	C:\Xilinx\SDK\2016.2\lib\win64.o\pthreadVC2.dll
0x000007fef1d80000 - 0x000007fef1dd4000 	C:\Xilinx\SDK\2016.2\lib\win64.o\librdi_commonxillic.dll
0x000007fef1c50000 - 0x000007fef1d80000 	C:\Xilinx\SDK\2016.2\lib\win64.o\librdi_curl.dll
0x000007fef9b90000 - 0x000007fef9ba8000 	C:\Xilinx\SDK\2016.2\lib\win64.o\librdiconfig.dll
0x0000000070980000 - 0x0000000070aa7000 	C:\Xilinx\SDK\2016.2\lib\win64.o\tcl85t.dll
0x0000000025450000 - 0x00000000256b3000 	C:\Xilinx\SDK\2016.2\lib\win64.o\xerces-c_3_1.dll
0x000007fefe3a0000 - 0x000007fefe526000 	C:\Windows\system32\urlmon.dll
0x000007fefd6a0000 - 0x000007fefd6a4000 	C:\Windows\system32\api-ms-win-downlevel-ole32-l1-1-0.dll
0x000007fee9690000 - 0x000007fee96b3000 	C:\Windows\system32\VCOMP110.DLL
0x000007feedf20000 - 0x000007feee112000 	C:\Xilinx\SDK\2016.2\lib\win64.o\librdi_hsm.dll
0x000007feefc00000 - 0x000007feefc43000 	C:\Xilinx\SDK\2016.2\lib\win64.o\librdi_hdf.dll
0x000007feee520000 - 0x000007feee7a1000 	C:\Xilinx\SDK\2016.2\lib\win64.o\librdi_ippcw.dll
0x000007fefb620000 - 0x000007fefb636000 	C:\Xilinx\SDK\2016.2\eclipse\win64.o\plugins\org.eclipse.cdt.core.win32.x86_64_5.4.0.201509131935\os\win32\x86_64\spawner.dll
0x000007fefb650000 - 0x000007fefb65a000 	C:\Xilinx\SDK\2016.2\lib\win64.o\librdi_jtag_settings.dll
0x000007feefbd0000 - 0x000007feefbf9000 	C:\Xilinx\SDK\2016.2\lib\win64.o\librdi_debug_dialog.dll
0x000007fefa040000 - 0x000007fefa048000 	C:\Xilinx\SDK\2016.2\lib\win64.o\librdi_target_manager.dll
0x0000000071080000 - 0x00000000710a6000 	C:\Xilinx\SDK\2016.2\eclipse\win64.o\plugins\gnu.io.rxtx.win32.x86_64_2.1.7.3_v20071015\os\win32\x86_64\rxtxSerial.dll
0x000007fec40b0000 - 0x000007fec48c0000 	C:\Xilinx\SDK\2016.2\lib\win64.o\libXil_lmgr11FNP.dll
0x000007fef5800000 - 0x000007fef580b000 	C:\Windows\system32\snmpapi.dll

VM Arguments:
jvm_args: -Dcom.xilinx.sdk.args.hwspec=W:/ECE532/feed_through/NexysVideo-master/Projects/hdmi/proj/hdmi.sdk/hdmi_wrapper.hdf -Xms64m -Xmx512m & 
java_command: <unknown>
java_class_path (initial): C:\Xilinx\SDK\2016.2\eclipse\win64.o\\plugins/org.eclipse.equinox.launcher_1.3.100.v20150511-1540.jar
Launcher Type: generic

Environment Variables:
PATH=C:/Xilinx/SDK/2016.2/tps/win64/jre/bin/server;C:/Xilinx/SDK/2016.2/tps/win64/jre/bin;C:/Xilinx/SDK/2016.2/tps/win64/jre/lib/amd64;C:\Xilinx\SDK\2016.2\gnuwin\bin;C:\Xilinx\SDK\2016.2\gnu\microblaze\nt\bin;C:\Xilinx\SDK\2016.2\gnu\microblaze\linux_toolchain\nt64_le\bin;C:\Xilinx\SDK\2016.2\gnu\microblaze\linux_toolchain\nt64_be\bin;C:\Xilinx\SDK\2016.2\gnu\arm\nt\bin;C:\Xilinx\SDK\2016.2\gnu\aarch64\nt\aarch64-none\bin;C:\Xilinx\SDK\2016.2\gnu\aarch64\nt\aarch64-linux\bin;C:\Xilinx\SDK\2016.2\gnu\armr5\nt\gcc-arm-none-eabi\bin;C:\Xilinx\SDK\2016.2\gnu\aarch32\nt\gcc-arm-none-eabi\bin;C:\Xilinx\SDK\2016.2\gnu\aarch32\nt\gcc-arm-linux-gnueabi\bin;C:\Xilinx\SDK\2016.2\tps\win64\cmake-3.3.2\bin;;C:\Xilinx\SDK\2016.2\bin;C:\Xilinx\SDK\2016.2\lib\win64.o;C:\Xilinx\SDK\2016.2\tps\win64\jre\bin\server;C:\Xilinx\SDK\2016.2\tps\win64\jre\bin;C:\Xilinx\Vivado\2016.2\ids_lite\ISE\bin\nt64;C:\Xilinx\Vivado\2016.2\ids_lite\ISE\lib\nt64;C:\Xilinx\Vivado\2016.2\bin;C:\Xilinx\Vivado\2016.2\lib\win64.o;C:\Xilinx\Vivado\2016.2\tps\win64\jre\bin\server;C:\Xilinx\Vivado\2016.2\tps\win64\jre\bin;C:\Xilinx\Vivado_HLS\2016.2\bin;C:\Windows\system32;C:\Windows;C:\Windows\System32\Wbem;C:\Windows\System32\WindowsPowerShell\v1.0\;C:\Program Files (x86)\Java\jre6\bin;C:\Program Files (x86)\eclipse;C:\altera\16.0\quartus\bin64;c:\altera\16.0\quartus\bin64\jre64\bin;w:\ECE532\feed_through\NexysVideo-master\Projects\hdmi\proj;
USERNAME=wanxing1
OS=Windows_NT
PROCESSOR_IDENTIFIER=Intel64 Family 6 Model 60 Stepping 3, GenuineIntel



---------------  S Y S T E M  ---------------

OS: Windows 7 , 64 bit Build 7601 (6.1.7601.23418)

CPU:total 8 (4 cores per cpu, 2 threads per core) family 6 model 60 stepping 3, cmov, cx8, fxsr, mmx, sse, sse2, sse3, ssse3, sse4.1, sse4.2, popcnt, avx, avx2, aes, clmul, erms, lzcnt, ht, tsc, tscinvbit, bmi1, bmi2

Memory: 4k page, physical 16683168k(11972944k free), swap 33364476k(28171088k free)

vm_info: Java HotSpot(TM) 64-Bit Server VM (25.66-b18) for windows-amd64 JRE (1.8.0_66-b18), built on Nov  9 2015 10:51:13 by "java_re" with MS VC++ 10.0 (VS2010)

time: Thu Mar 23 17:34:11 2017
elapsed time: 2404 seconds (0d 0h 40m 4s)

