#
# A fatal error has been detected by the Java Runtime Environment:
#
#  Internal Error (0xc000000d), pid=5668, tid=4380
#
# JRE version: Java(TM) SE Runtime Environment (8.0_66-b18) (build 1.8.0_66-b18)
# Java VM: Java HotSpot(TM) 64-Bit Server VM (25.66-b18 mixed mode windows-amd64 compressed oops)
# Problematic frame:
# C  [ntdll.dll+0x96b4f]
#
# Failed to write core dump. Minidumps are not enabled by default on client versions of Windows
#
# If you would like to submit a bug report, please visit:
#   http://bugreport.java.com/bugreport/crash.jsp
#

---------------  T H R E A D  ---------------

Current thread (0x0000000015022800):  VMThread [stack: 0x0000000015f70000,0x0000000016070000] [id=4380]

siginfo: ExceptionCode=0xc000000d

Registers:
RAX=0x000000006211ee53, RBX=0x0000000000000000, RCX=0x000000001606ed10, RDX=0x0000000000000000
RSP=0x000000001606f320, RBP=0x000000002756eee0, RSI=0x000007feebc07408, RDI=0x000000001606f468
R8 =0x0000000000000000, R9 =0x0000000000000000, R10=0x0000000000000000, R11=0x0000000000000246
R12=0x00000000175024f0, R13=0x00000000175024c0, R14=0x000000002756efe8, R15=0x0000000000000000
RIP=0x0000000077326b4f, EFLAGS=0x0000000000000206

Top of Stack: (sp=0x000000001606f320)
0x000000001606f320:   0000000000000000 000007feebc07408
0x000000001606f330:   000000001606f468 0000000000000000
0x000000001606f340:   0000000000000050 0000000000610000
0x000000001606f350:   0000000000000000 0000000000000000
0x000000001606f360:   0000000000000002 00000000772ddb18
0x000000001606f370:   00000000c000000d 0000000000000000
0x000000001606f380:   0000000077326b4f 0000000000000000
0x000000001606f390:   0000000000000000 0000000000000000
0x000000001606f3a0:   0000000000000000 0000000000000000
0x000000001606f3b0:   0000000000000000 0000000000000000
0x000000001606f3c0:   0000000000000000 0000000000000000
0x000000001606f3d0:   0000000000000000 0000000000000000
0x000000001606f3e0:   0000000000000000 0000000000000000
0x000000001606f3f0:   0000000000000000 0000000000000000
0x000000001606f400:   0000000000000000 00000000175024f0
0x000000001606f410:   000000000000052c 00000000770b3458 

Instructions: (pc=0x0000000077326b4f)
0x0000000077326b2f:   cd 6b fb ff b9 57 00 00 00 c7 44 24 50 0d 00 00
0x0000000077326b3f:   c0 e8 bb 6e fb ff 48 8d 4c 24 50 e8 31 1d f8 ff
0x0000000077326b4f:   4c 8b 1d 82 68 09 00 4d 85 db 74 5b 65 48 8b 04
0x0000000077326b5f:   25 30 00 00 00 f6 80 ee 17 00 00 08 74 12 65 48 


Register to memory mapping:

RAX=0x000000006211ee53 is an unknown value
RBX=0x0000000000000000 is an unknown value
RCX=0x000000001606ed10 is an unknown value
RDX=0x0000000000000000 is an unknown value
RSP=0x000000001606f320 is an unknown value
RBP=0x000000002756eee0 is an unknown value
RSI=0x000007feebc07408 is an unknown value
RDI=0x000000001606f468 is an unknown value
R8 =0x0000000000000000 is an unknown value
R9 =0x0000000000000000 is an unknown value
R10=0x0000000000000000 is an unknown value
R11=0x0000000000000246 is an unknown value
R12=0x00000000175024f0 is an unknown value
R13=0x00000000175024c0 is an unknown value
R14=0x000000002756efe8 is an unknown value
R15=0x0000000000000000 is an unknown value


Stack: [0x0000000015f70000,0x0000000016070000],  sp=0x000000001606f320,  free space=1020k
Native frames: (J=compiled Java code, j=interpreted, Vv=VM code, C=native code)
C  [ntdll.dll+0x96b4f]
C  [kernel32.dll+0x43458]
C  [MSVCR110.dll+0x752d]
C  [MSVCR110.dll+0x73c6]
C  [MSVCR110.dll+0x14cca]
C  [MSVCR110.dll+0x13edc]
C  [MSVCR110.dll+0x239e]
C  [MSVCR110.dll+0xaf9e]
C  [MSVCP110.dll+0x397b9]
C  [librdi_common.dll+0x182316]
C  [librdi_common.dll+0x180fab]
C  [librdi_target_manager.dll+0x2400]
C  [librdi_target_manager.dll+0x2682]
C  [ntdll.dll+0x229b1]
C  [ntdll.dll+0x227c0]
C  [MSVCR100.dll+0x20ccd]
V  [jvm.dll+0x210cc5]
V  [jvm.dll+0x249897]
V  [jvm.dll+0x248b36]
V  [jvm.dll+0x248fd1]
V  [jvm.dll+0x2491ee]
V  [jvm.dll+0x29a0fa]
C  [MSVCR100.dll+0x21d9f]
C  [MSVCR100.dll+0x21e3b]
C  [kernel32.dll+0x159bd]
C  [ntdll.dll+0x2a2e1]

VM_Operation (0x000000000012f4c0): Exit, mode: safepoint, requested by thread 0x0000000002588000


---------------  P R O C E S S  ---------------

Java Threads: ( => current thread )
  0x0000000018253800 JavaThread "pool-2-thread-9" [_thread_blocked, id=2680, stack(0x0000000028c30000,0x0000000028d30000)]
  0x0000000018250800 JavaThread "Thread-147" [_thread_in_native, id=5388, stack(0x00000000208d0000,0x00000000209d0000)]
  0x0000000018255000 JavaThread "pool-2-thread-8" [_thread_blocked, id=5636, stack(0x0000000028d30000,0x0000000028e30000)]
  0x0000000018251800 JavaThread "pool-2-thread-7" [_thread_blocked, id=3536, stack(0x0000000028030000,0x0000000028130000)]
  0x0000000019e16000 JavaThread "pool-2-thread-6" [_thread_blocked, id=4740, stack(0x0000000024c60000,0x0000000024d60000)]
  0x00000000205f1000 JavaThread "pool-2-thread-5" [_thread_blocked, id=5320, stack(0x0000000028830000,0x0000000028930000)]
  0x00000000205f0000 JavaThread "pool-2-thread-4" [_thread_blocked, id=5012, stack(0x0000000028730000,0x0000000028830000)]
  0x00000000205ee000 JavaThread "pool-2-thread-3" [_thread_blocked, id=3156, stack(0x0000000025460000,0x0000000025560000)]
  0x000000001942c800 JavaThread "pool-2-thread-2" [_thread_blocked, id=5400, stack(0x0000000027f30000,0x0000000028030000)]
  0x0000000019e0a000 JavaThread "pool-2-thread-1" [_thread_blocked, id=5768, stack(0x0000000027750000,0x0000000027850000)]
  0x0000000019431800 JavaThread "Thread-32" daemon [_thread_blocked, id=5716, stack(0x00000000261d0000,0x00000000262d0000)]
  0x0000000019e15000 JavaThread "TCF Channel Transmitter" daemon [_thread_blocked, id=5708, stack(0x00000000242f0000,0x00000000243f0000)]
  0x0000000019e14800 JavaThread "TCF Channel Receiver" daemon [_thread_in_native, id=5524, stack(0x00000000241f0000,0x00000000242f0000)]
  0x0000000019e13800 JavaThread "Process monitor" daemon [_thread_in_native, id=3628, stack(0x00000000240f0000,0x00000000241f0000)]
  0x0000000019e13000 JavaThread "Input Stream Monitor" daemon [_thread_blocked, id=6104, stack(0x0000000023ff0000,0x00000000240f0000)]
  0x0000000019e12000 JavaThread "Output Stream Monitor" daemon [_thread_in_native, id=3496, stack(0x00000000239e0000,0x0000000023ae0000)]
  0x0000000019e11800 JavaThread "Output Stream Monitor" daemon [_thread_in_native, id=4284, stack(0x0000000022be0000,0x0000000022ce0000)]
  0x0000000019e10800 JavaThread "TCF Locator DNS Lookup" daemon [_thread_blocked, id=6012, stack(0x0000000023cf0000,0x0000000023df0000)]
  0x0000000019e10000 JavaThread "TCF Locator Timer" daemon [_thread_blocked, id=4212, stack(0x0000000023bf0000,0x0000000023cf0000)]
  0x0000000019e0f000 JavaThread "TCF Locator Receiver" daemon [_thread_in_native, id=5160, stack(0x0000000023af0000,0x0000000023bf0000)]
  0x0000000019e0d800 JavaThread "TCF Timer Dispatcher" daemon [_thread_blocked, id=3420, stack(0x0000000023240000,0x0000000023340000)]
  0x0000000018248000 JavaThread "EMF Reference Cleaner" daemon [_thread_blocked, id=3356, stack(0x000000001bb80000,0x000000001bc80000)]
  0x0000000015110000 JavaThread "Service Thread" daemon [_thread_blocked, id=4988, stack(0x0000000016870000,0x0000000016970000)]
  0x0000000013ebe000 JavaThread "C1 CompilerThread3" daemon [_thread_blocked, id=3568, stack(0x0000000016770000,0x0000000016870000)]
  0x0000000013ebd000 JavaThread "C2 CompilerThread2" daemon [_thread_blocked, id=4632, stack(0x0000000016670000,0x0000000016770000)]
  0x0000000015080000 JavaThread "C2 CompilerThread1" daemon [_thread_blocked, id=5580, stack(0x0000000016570000,0x0000000016670000)]
  0x0000000015079000 JavaThread "C2 CompilerThread0" daemon [_thread_blocked, id=4312, stack(0x0000000016470000,0x0000000016570000)]
  0x0000000015075000 JavaThread "Attach Listener" daemon [_thread_blocked, id=4464, stack(0x0000000016370000,0x0000000016470000)]
  0x0000000015074000 JavaThread "Signal Dispatcher" daemon [_thread_blocked, id=5092, stack(0x0000000016270000,0x0000000016370000)]
  0x0000000013eae000 JavaThread "Finalizer" daemon [_thread_blocked, id=3004, stack(0x0000000016170000,0x0000000016270000)]
  0x0000000013ea7000 JavaThread "Reference Handler" daemon [_thread_blocked, id=2448, stack(0x0000000016070000,0x0000000016170000)]
  0x0000000002588000 JavaThread "main" [_thread_blocked, id=4468, stack(0x0000000000030000,0x0000000000130000)]

Other Threads:
=>0x0000000015022800 VMThread [stack: 0x0000000015f70000,0x0000000016070000] [id=4380]

VM state:at safepoint (shutting down)

VM Mutex/Monitor currently owned by a thread:  ([mutex/lock_event])
[0x00000000026ee560] Threads_lock - owner thread: 0x0000000015022800

Heap:
 PSYoungGen      total 115200K, used 39006K [0x00000000f5580000, 0x00000000fda00000, 0x0000000100000000)
  eden space 103936K, 31% used [0x00000000f5580000,0x00000000f75ae058,0x00000000fbb00000)
  from space 11264K, 53% used [0x00000000fcf00000,0x00000000fd4e9a60,0x00000000fda00000)
  to   space 15872K, 0% used [0x00000000fbb00000,0x00000000fbb00000,0x00000000fca80000)
 ParOldGen       total 106496K, used 45314K [0x00000000e0000000, 0x00000000e6800000, 0x00000000f5580000)
  object space 106496K, 42% used [0x00000000e0000000,0x00000000e2c40948,0x00000000e6800000)
 Metaspace       used 89797K, capacity 97062K, committed 97240K, reserved 1134592K
  class space    used 10511K, capacity 13008K, committed 13056K, reserved 1048576K

Card table byte_map: [0x0000000011ab0000,0x0000000011bc0000] byte_map_base: 0x00000000113b0000

Marking Bits: (ParMarkBitMap*) 0x0000000065e8a5b0
 Begin Bits: [0x00000000123c0000, 0x0000000012bc0000)
 End Bits:   [0x0000000012bc0000, 0x00000000133c0000)

Polling page: 0x0000000000320000

CodeCache: size=245760Kb used=50437Kb max_used=50460Kb free=195322Kb
 bounds [0x00000000026f0000, 0x00000000058a0000, 0x00000000116f0000]
 total_blobs=13950 nmethods=13040 adapters=815
 compilation: enabled

Compilation events (10 events):
Event: 1613.287 Thread 0x0000000015080000 16844       4       org.eclipse.osgi.container.ModuleDatabase::readUnlock (11 bytes)
Event: 1613.288 Thread 0x0000000013ebe000 16834       3       org.eclipse.osgi.container.Module::holdsTransitionEventLock (25 bytes)
Event: 1613.288 Thread 0x0000000013ebe000 nmethod 16834 0x00000000046dc610 code [0x00000000046dc7a0, 0x00000000046dcec8]
Event: 1613.289 Thread 0x0000000013ebe000 16841   !   3       org.eclipse.osgi.container.ModuleDatabase::getRevisionsTimestamp (25 bytes)
Event: 1613.289 Thread 0x0000000013ebe000 nmethod 16841 0x000000000580f490 code [0x000000000580f6a0, 0x00000000058103d8]
Event: 1613.290 Thread 0x0000000015080000 nmethod 16844 0x0000000004bc46d0 code [0x0000000004bc4860, 0x0000000004bc4c50]
Event: 1613.290 Thread 0x0000000015080000 16845       4       java.util.concurrent.locks.AbstractQueuedSynchronizer::release (33 bytes)
Event: 1613.290 Thread 0x0000000015080000 nmethod 16845 0x000000000580f190 code [0x000000000580f2e0, 0x000000000580f3a8]
Event: 1613.291 Thread 0x0000000013ebe000 16842       3       org.eclipse.osgi.internal.framework.EquinoxContainerAdaptor::clearManifestCache (84 bytes)
Event: 1613.292 Thread 0x0000000013ebe000 nmethod 16842 0x000000000332cdd0 code [0x000000000332d020, 0x000000000332e738]

GC Heap History (10 events):
Event: 1036.043 GC heap before
{Heap before GC invocations=38 (full 12):
 PSYoungGen      total 131072K, used 130769K [0x00000000f5580000, 0x00000000ff700000, 0x0000000100000000)
  eden space 123392K, 100% used [0x00000000f5580000,0x00000000fce00000,0x00000000fce00000)
  from space 7680K, 96% used [0x00000000fd280000,0x00000000fd9b4550,0x00000000fda00000)
  to   space 20992K, 0% used [0x00000000fe280000,0x00000000fe280000,0x00000000ff700000)
 ParOldGen       total 106496K, used 45274K [0x00000000e0000000, 0x00000000e6800000, 0x00000000f5580000)
  object space 106496K, 42% used [0x00000000e0000000,0x00000000e2c36948,0x00000000e6800000)
 Metaspace       used 88151K, capacity 95646K, committed 95832K, reserved 1132544K
  class space    used 10406K, capacity 12842K, committed 12928K, reserved 1048576K
Event: 1036.051 GC heap after
Heap after GC invocations=38 (full 12):
 PSYoungGen      total 134144K, used 7597K [0x00000000f5580000, 0x00000000ff100000, 0x0000000100000000)
  eden space 119296K, 0% used [0x00000000f5580000,0x00000000f5580000,0x00000000fca00000)
  from space 14848K, 51% used [0x00000000fe280000,0x00000000fe9eb740,0x00000000ff100000)
  to   space 19968K, 0% used [0x00000000fca00000,0x00000000fca00000,0x00000000fdd80000)
 ParOldGen       total 106496K, used 45282K [0x00000000e0000000, 0x00000000e6800000, 0x00000000f5580000)
  object space 106496K, 42% used [0x00000000e0000000,0x00000000e2c38948,0x00000000e6800000)
 Metaspace       used 88151K, capacity 95646K, committed 95832K, reserved 1132544K
  class space    used 10406K, capacity 12842K, committed 12928K, reserved 1048576K
}
Event: 1160.192 GC heap before
{Heap before GC invocations=39 (full 12):
 PSYoungGen      total 134144K, used 126893K [0x00000000f5580000, 0x00000000ff100000, 0x0000000100000000)
  eden space 119296K, 100% used [0x00000000f5580000,0x00000000fca00000,0x00000000fca00000)
  from space 14848K, 51% used [0x00000000fe280000,0x00000000fe9eb740,0x00000000ff100000)
  to   space 19968K, 0% used [0x00000000fca00000,0x00000000fca00000,0x00000000fdd80000)
 ParOldGen       total 106496K, used 45282K [0x00000000e0000000, 0x00000000e6800000, 0x00000000f5580000)
  object space 106496K, 42% used [0x00000000e0000000,0x00000000e2c38948,0x00000000e6800000)
 Metaspace       used 88382K, capacity 95774K, committed 96088K, reserved 1132544K
  class space    used 10406K, capacity 12842K, committed 12928K, reserved 1048576K
Event: 1160.200 GC heap after
Heap after GC invocations=39 (full 12):
 PSYoungGen      total 123392K, used 7873K [0x00000000f5580000, 0x00000000fec00000, 0x0000000100000000)
  eden space 115200K, 0% used [0x00000000f5580000,0x00000000f5580000,0x00000000fc600000)
  from space 8192K, 96% used [0x00000000fca00000,0x00000000fd1b05b0,0x00000000fd200000)
  to   space 19456K, 0% used [0x00000000fd900000,0x00000000fd900000,0x00000000fec00000)
 ParOldGen       total 106496K, used 45290K [0x00000000e0000000, 0x00000000e6800000, 0x00000000f5580000)
  object space 106496K, 42% used [0x00000000e0000000,0x00000000e2c3a948,0x00000000e6800000)
 Metaspace       used 88382K, capacity 95774K, committed 96088K, reserved 1132544K
  class space    used 10406K, capacity 12842K, committed 12928K, reserved 1048576K
}
Event: 1329.746 GC heap before
{Heap before GC invocations=40 (full 12):
 PSYoungGen      total 123392K, used 123073K [0x00000000f5580000, 0x00000000fec00000, 0x0000000100000000)
  eden space 115200K, 100% used [0x00000000f5580000,0x00000000fc600000,0x00000000fc600000)
  from space 8192K, 96% used [0x00000000fca00000,0x00000000fd1b05b0,0x00000000fd200000)
  to   space 19456K, 0% used [0x00000000fd900000,0x00000000fd900000,0x00000000fec00000)
 ParOldGen       total 106496K, used 45290K [0x00000000e0000000, 0x00000000e6800000, 0x00000000f5580000)
  object space 106496K, 42% used [0x00000000e0000000,0x00000000e2c3a948,0x00000000e6800000)
 Metaspace       used 88605K, capacity 96030K, committed 96344K, reserved 1132544K
  class space    used 10407K, capacity 12842K, committed 12928K, reserved 1048576K
Event: 1329.755 GC heap after
Heap after GC invocations=40 (full 12):
 PSYoungGen      total 123392K, used 6653K [0x00000000f5580000, 0x00000000fe500000, 0x0000000100000000)
  eden space 111104K, 0% used [0x00000000f5580000,0x00000000f5580000,0x00000000fc200000)
  from space 12288K, 54% used [0x00000000fd900000,0x00000000fdf7f420,0x00000000fe500000)
  to   space 17920K, 0% used [0x00000000fc200000,0x00000000fc200000,0x00000000fd380000)
 ParOldGen       total 106496K, used 45298K [0x00000000e0000000, 0x00000000e6800000, 0x00000000f5580000)
  object space 106496K, 42% used [0x00000000e0000000,0x00000000e2c3c948,0x00000000e6800000)
 Metaspace       used 88605K, capacity 96030K, committed 96344K, reserved 1132544K
  class space    used 10407K, capacity 12842K, committed 12928K, reserved 1048576K
}
Event: 1506.637 GC heap before
{Heap before GC invocations=41 (full 12):
 PSYoungGen      total 123392K, used 117757K [0x00000000f5580000, 0x00000000fe500000, 0x0000000100000000)
  eden space 111104K, 100% used [0x00000000f5580000,0x00000000fc200000,0x00000000fc200000)
  from space 12288K, 54% used [0x00000000fd900000,0x00000000fdf7f420,0x00000000fe500000)
  to   space 17920K, 0% used [0x00000000fc200000,0x00000000fc200000,0x00000000fd380000)
 ParOldGen       total 106496K, used 45298K [0x00000000e0000000, 0x00000000e6800000, 0x00000000f5580000)
  object space 106496K, 42% used [0x00000000e0000000,0x00000000e2c3c948,0x00000000e6800000)
 Metaspace       used 88822K, capacity 96170K, committed 96344K, reserved 1132544K
  class space    used 10408K, capacity 12844K, committed 12928K, reserved 1048576K
Event: 1506.644 GC heap after
Heap after GC invocations=41 (full 12):
 PSYoungGen      total 113664K, used 6057K [0x00000000f5580000, 0x00000000fdf80000, 0x0000000100000000)
  eden space 107520K, 0% used [0x00000000f5580000,0x00000000f5580000,0x00000000fbe80000)
  from space 6144K, 98% used [0x00000000fc200000,0x00000000fc7ea4c8,0x00000000fc800000)
  to   space 16896K, 0% used [0x00000000fcf00000,0x00000000fcf00000,0x00000000fdf80000)
 ParOldGen       total 106496K, used 45306K [0x00000000e0000000, 0x00000000e6800000, 0x00000000f5580000)
  object space 106496K, 42% used [0x00000000e0000000,0x00000000e2c3e948,0x00000000e6800000)
 Metaspace       used 88822K, capacity 96170K, committed 96344K, reserved 1132544K
  class space    used 10408K, capacity 12844K, committed 12928K, reserved 1048576K
}
Event: 1610.943 GC heap before
{Heap before GC invocations=42 (full 12):
 PSYoungGen      total 113664K, used 113577K [0x00000000f5580000, 0x00000000fdf80000, 0x0000000100000000)
  eden space 107520K, 100% used [0x00000000f5580000,0x00000000fbe80000,0x00000000fbe80000)
  from space 6144K, 98% used [0x00000000fc200000,0x00000000fc7ea4c8,0x00000000fc800000)
  to   space 16896K, 0% used [0x00000000fcf00000,0x00000000fcf00000,0x00000000fdf80000)
 ParOldGen       total 106496K, used 45306K [0x00000000e0000000, 0x00000000e6800000, 0x00000000f5580000)
  object space 106496K, 42% used [0x00000000e0000000,0x00000000e2c3e948,0x00000000e6800000)
 Metaspace       used 89047K, capacity 96284K, committed 96600K, reserved 1132544K
  class space    used 10419K, capacity 12879K, committed 12928K, reserved 1048576K
Event: 1610.950 GC heap after
Heap after GC invocations=42 (full 12):
 PSYoungGen      total 115200K, used 6054K [0x00000000f5580000, 0x00000000fda00000, 0x0000000100000000)
  eden space 103936K, 0% used [0x00000000f5580000,0x00000000f5580000,0x00000000fbb00000)
  from space 11264K, 53% used [0x00000000fcf00000,0x00000000fd4e9a60,0x00000000fda00000)
  to   space 15872K, 0% used [0x00000000fbb00000,0x00000000fbb00000,0x00000000fca80000)
 ParOldGen       total 106496K, used 45314K [0x00000000e0000000, 0x00000000e6800000, 0x00000000f5580000)
  object space 106496K, 42% used [0x00000000e0000000,0x00000000e2c40948,0x00000000e6800000)
 Metaspace       used 89047K, capacity 96284K, committed 96600K, reserved 1132544K
  class space    used 10419K, capacity 12879K, committed 12928K, reserved 1048576K
}

Deoptimization events (10 events):
Event: 1613.242 Thread 0x0000000019433000 Uncommon trap: reason=null_check action=maybe_recompile pc=0x00000000045d6cd8 method=com.xilinx.sdk.targetmanager.internal.json.XMDJSONProcess.issueCommand(Ljava/lang/String;)Lcom/xilinx/sdk/targetmanager/internal/IXMDResult; @ 3
Event: 1613.246 Thread 0x0000000019433000 Uncommon trap: reason=bimorphic action=maybe_recompile pc=0x000000000531ac40 method=org.eclipse.core.internal.dtree.AbstractDataTreeNode.assembleWith([Lorg/eclipse/core/internal/dtree/AbstractDataTreeNode;[Lorg/eclipse/core/internal/dtree/AbstractDataTreeN«Ûó˚4ô@
Event: 1613.246 Thread 0x0000000019433000 Uncommon trap: reason=bimorphic action=maybe_recompile pc=0x000000000531ac40 method=org.eclipse.core.internal.dtree.AbstractDataTreeNode.assembleWith([Lorg/eclipse/core/internal/dtree/AbstractDataTreeNode;[Lorg/eclipse/core/internal/dtree/AbstractDataTreeN≤Î∂ö˚4ô@
Event: 1613.246 Thread 0x0000000019433000 Uncommon trap: reason=bimorphic action=maybe_recompile pc=0x000000000531ac40 method=org.eclipse.core.internal.dtree.AbstractDataTreeNode.assembleWith([Lorg/eclipse/core/internal/dtree/AbstractDataTreeNode;[Lorg/eclipse/core/internal/dtree/AbstractDataTreeN	)ù˚4ô@
Event: 1613.246 Thread 0x0000000019433000 Uncommon trap: reason=bimorphic action=maybe_recompile pc=0x000000000531ac40 method=org.eclipse.core.internal.dtree.AbstractDataTreeNode.assembleWith([Lorg/eclipse/core/internal/dtree/AbstractDataTreeNode;[Lorg/eclipse/core/internal/dtree/AbstractDataTreeN˜⁄∂ˇ4ô@
Event: 1613.250 Thread 0x0000000019433000 Uncommon trap: reason=bimorphic action=maybe_recompile pc=0x00000000053ab400 method=org.eclipse.core.internal.resources.Resource.checkLocal(II)V @ 3
Event: 1613.256 Thread 0x0000000019433000 Uncommon trap: reason=unstable_if action=reinterpret pc=0x0000000004a26744 method=org.eclipse.core.internal.jobs.DeadlockDetector.reduceGraph(ILorg/eclipse/core/runtime/jobs/ISchedulingRule;)V @ 341
Event: 1613.268 Thread 0x0000000018252000 Uncommon trap: reason=unstable_if action=reinterpret pc=0x00000000051df230 method=org.eclipse.core.internal.jobs.JobManager.nextJob()Lorg/eclipse/core/runtime/jobs/Job; @ 80
Event: 1613.268 Thread 0x000000001942a000 Uncommon trap: reason=unstable_if action=reinterpret pc=0x00000000051df230 method=org.eclipse.core.internal.jobs.JobManager.nextJob()Lorg/eclipse/core/runtime/jobs/Job; @ 80
Event: 1613.281 Thread 0x0000000019433000 Uncommon trap: reason=unstable_if action=reinterpret pc=0x00000000055a5dac method=sun.reflect.UnsafeStaticObjectFieldAccessorImpl.set(Ljava/lang/Object;Ljava/lang/Object;)V @ 13

Internal exceptions (10 events):
Event: 1611.406 Thread 0x0000000002588000 Implicit null exception at 0x000000000568156f to 0x00000000056830ad
Event: 1611.472 Thread 0x0000000002588000 Implicit null exception at 0x00000000046dc675 to 0x00000000046dc8f5
Event: 1612.640 Thread 0x000000001942f800 Exception <a 'java/lang/InterruptedException'> (0x00000000f6f20228) thrown at [C:\re\workspace\8-2-build-windows-amd64-cygwin\jdk8u66\5298\hotspot\src\share\vm\runtime\objectMonitor.cpp, line 1683]
Event: 1613.242 Thread 0x0000000019433000 Implicit null exception at 0x00000000045d5d64 to 0x00000000045d6cc9
Event: 1613.242 Thread 0x0000000019433000 Exception <a 'java/lang/NullPointerException'> (0x00000000f7258670) thrown at [C:\re\workspace\8-2-build-windows-amd64-cygwin\jdk8u66\5298\hotspot\src\share\vm\prims\jvm.cpp, line 1390]
Event: 1613.267 Thread 0x0000000019e0a800 Exception <a 'java/lang/InterruptedException'> (0x00000000f6ab8118) thrown at [C:\re\workspace\8-2-build-windows-amd64-cygwin\jdk8u66\5298\hotspot\src\share\vm\runtime\objectMonitor.cpp, line 1683]
Event: 1613.281 Thread 0x0000000019433000 Implicit null exception at 0x00000000055a5ab7 to 0x00000000055a5d99
Event: 1613.281 Thread 0x0000000017d12800 Exception <a 'java/lang/InterruptedException'> (0x00000000f732d898) thrown at [C:\re\workspace\8-2-build-windows-amd64-cygwin\jdk8u66\5298\hotspot\src\share\vm\runtime\objectMonitor.cpp, line 1683]
Event: 1613.285 Thread 0x0000000019e0b800 Exception <a 'java/lang/InterruptedException'> (0x00000000f71444b0) thrown at [C:\re\workspace\8-2-build-windows-amd64-cygwin\jdk8u66\5298\hotspot\src\share\vm\runtime\objectMonitor.cpp, line 1683]
Event: 1613.285 Thread 0x000000001795c000 Exception <a 'java/lang/InterruptedException'> (0x00000000f75524b8) thrown at [C:\re\workspace\8-2-build-windows-amd64-cygwin\jdk8u66\5298\hotspot\src\share\vm\runtime\objectMonitor.cpp, line 1683]

Events (10 events):
Event: 1613.289 Thread 0x0000000013ebe000 flushing nmethod 0x0000000004bc46d0
Event: 1613.289 Thread 0x0000000013ebe000 flushing nmethod 0x0000000004cf2f50
Event: 1613.290 Thread 0x0000000019433000 Thread exited: 0x0000000019433000
Event: 1613.291 loading class java/util/IdentityHashMap$KeyIterator
Event: 1613.291 loading class java/util/IdentityHashMap$IdentityHashMapIterator
Event: 1613.291 loading class java/util/IdentityHashMap$IdentityHashMapIterator done
Event: 1613.291 loading class java/util/IdentityHashMap$KeyIterator done
Event: 1613.291 Thread 0x0000000019433000 Thread added: 0x0000000019433000
Event: 1613.291 Thread 0x0000000019433000 Thread exited: 0x0000000019433000
Event: 1613.292 Executing VM operation: Exit


Dynamic libraries:
0x0000000000400000 - 0x000000000044f000 	C:\Xilinx\SDK\2016.2\eclipse\win64.o\eclipse.exe
0x0000000077290000 - 0x000000007743a000 	C:\Windows\SYSTEM32\ntdll.dll
0x0000000077070000 - 0x000000007718f000 	C:\Windows\system32\kernel32.dll
0x000007fefd000000 - 0x000007fefd06a000 	C:\Windows\system32\KERNELBASE.dll
0x0000000077190000 - 0x000000007728a000 	C:\Windows\system32\USER32.dll
0x000007fefe7b0000 - 0x000007fefe817000 	C:\Windows\system32\GDI32.dll
0x000007feff490000 - 0x000007feff49e000 	C:\Windows\system32\LPK.dll
0x000007fefe8c0000 - 0x000007fefe98a000 	C:\Windows\system32\USP10.dll
0x000007feff2c0000 - 0x000007feff35f000 	C:\Windows\system32\msvcrt.dll
0x000007fefb8e0000 - 0x000007fefbad4000 	C:\Windows\WinSxS\amd64_microsoft.windows.common-controls_6595b64144ccf1df_6.0.7601.18837_none_fa3b1e3d17594757\COMCTL32.dll
0x000007fefed90000 - 0x000007fefee01000 	C:\Windows\system32\SHLWAPI.dll
0x000007fefd4a0000 - 0x000007fefd4ce000 	C:\Windows\system32\IMM32.DLL
0x000007fefd390000 - 0x000007fefd499000 	C:\Windows\system32\MSCTF.dll
0x0000000072000000 - 0x0000000072012000 	C:\Xilinx\SDK\2016.2\eclipse\win64.o\plugins\org.eclipse.equinox.launcher.win32.win32.x86_64_1.1.300.v20150602-1417\eclipse_1611.dll
0x000007fefe9e0000 - 0x000007fefeabb000 	C:\Windows\system32\ADVAPI32.dll
0x000007feff4a0000 - 0x000007feff4bf000 	C:\Windows\SYSTEM32\sechost.dll
0x000007feff360000 - 0x000007feff48d000 	C:\Windows\system32\RPCRT4.dll
0x000007fefc060000 - 0x000007fefc06c000 	C:\Windows\system32\VERSION.dll
0x000007fefb880000 - 0x000007fefb8d6000 	C:\Windows\system32\UxTheme.dll
0x0000000065680000 - 0x0000000065f09000 	C:\Xilinx\SDK\2016.2\tps\win64\jre\bin\server\jvm.dll
0x000007fefa400000 - 0x000007fefa409000 	C:\Windows\system32\WSOCK32.dll
0x000007fefe990000 - 0x000007fefe9dd000 	C:\Windows\system32\WS2_32.dll
0x000007fefe590000 - 0x000007fefe598000 	C:\Windows\system32\NSI.dll
0x000007fefa8f0000 - 0x000007fefa92b000 	C:\Windows\system32\WINMM.dll
0x0000000077450000 - 0x0000000077457000 	C:\Windows\system32\PSAPI.DLL
0x000000006b770000 - 0x000000006b842000 	C:\Windows\system32\MSVCR100.dll
0x000000006b230000 - 0x000000006b23f000 	C:\Xilinx\SDK\2016.2\tps\win64\jre\bin\verify.dll
0x000000006afc0000 - 0x000000006afe9000 	C:\Xilinx\SDK\2016.2\tps\win64\jre\bin\java.dll
0x0000000065530000 - 0x0000000065546000 	C:\Xilinx\SDK\2016.2\tps\win64\jre\bin\zip.dll
0x000007fefd7a0000 - 0x000007fefe529000 	C:\Windows\system32\SHELL32.dll
0x000007fefe5a0000 - 0x000007fefe7a3000 	C:\Windows\system32\ole32.dll
0x000007fefcfe0000 - 0x000007fefcfef000 	C:\Windows\system32\profapi.dll
0x000007fefc7d0000 - 0x000007fefc7e8000 	C:\Windows\system32\CRYPTSP.dll
0x000007fefc4d0000 - 0x000007fefc517000 	C:\Windows\system32\rsaenh.dll
0x000007fefd200000 - 0x000007fefd21e000 	C:\Windows\system32\USERENV.dll
0x000007fefce70000 - 0x000007fefce7f000 	C:\Windows\system32\CRYPTBASE.dll
0x0000000065510000 - 0x000000006552a000 	C:\Xilinx\SDK\2016.2\tps\win64\jre\bin\net.dll
0x000007fefc770000 - 0x000007fefc7c5000 	C:\Windows\system32\mswsock.dll
0x000007fefc760000 - 0x000007fefc767000 	C:\Windows\System32\wship6.dll
0x000007fefa2e0000 - 0x000007fefa307000 	C:\Windows\system32\IPHLPAPI.DLL
0x000007fefa2d0000 - 0x000007fefa2db000 	C:\Windows\system32\WINNSI.DLL
0x000007fef9eb0000 - 0x000007fef9ec1000 	C:\Windows\system32\dhcpcsvc6.DLL
0x000007fef9e90000 - 0x000007fef9ea8000 	C:\Windows\system32\dhcpcsvc.DLL
0x00000000654f0000 - 0x0000000065501000 	C:\Xilinx\SDK\2016.2\tps\win64\jre\bin\nio.dll
0x000007fefa6b0000 - 0x000007fefa6c5000 	C:\Windows\system32\NLAapi.dll
0x000007fef8710000 - 0x000007fef8725000 	C:\Windows\system32\napinsp.dll
0x000007fef8730000 - 0x000007fef8749000 	C:\Windows\system32\pnrpnsp.dll
0x000007fefc5f0000 - 0x000007fefc64b000 	C:\Windows\system32\DNSAPI.dll
0x000007fef8700000 - 0x000007fef870b000 	C:\Windows\System32\winrnr.dll
0x000007fefc130000 - 0x000007fefc137000 	C:\Windows\System32\wshtcpip.dll
0x000007fef8ca0000 - 0x000007fef8ca8000 	C:\Windows\system32\rasadhlp.dll
0x000007fef9f40000 - 0x000007fef9f93000 	C:\Windows\System32\fwpuclnt.dll
0x0000000018890000 - 0x0000000018938000 	C:\Users\wanxing1\.Xilinx\SDK\2016.2\org.eclipse.osgi\312\0\.cp\swt-win32-4527.dll
0x000007feff4c0000 - 0x000007feff598000 	C:\Windows\system32\OLEAUT32.dll
0x000007fefee10000 - 0x000007fefeea7000 	C:\Windows\system32\comdlg32.dll
0x000007fef5a30000 - 0x000007fef5aa1000 	C:\Windows\system32\WINSPOOL.DRV
0x000007fefd4d0000 - 0x000007fefd795000 	C:\Windows\system32\WININET.dll
0x000007fefd340000 - 0x000007fefd344000 	C:\Windows\system32\api-ms-win-downlevel-user32-l1-1-0.dll
0x000007fefd290000 - 0x000007fefd294000 	C:\Windows\system32\api-ms-win-downlevel-shlwapi-l1-1-0.dll
0x000007fefd220000 - 0x000007fefd224000 	C:\Windows\system32\api-ms-win-downlevel-version-l1-1-0.dll
0x000007fefd230000 - 0x000007fefd233000 	C:\Windows\system32\api-ms-win-downlevel-normaliz-l1-1-0.dll
0x0000000077460000 - 0x0000000077463000 	C:\Windows\system32\normaliz.DLL
0x000007fefeac0000 - 0x000007fefed89000 	C:\Windows\system32\iertutil.dll
0x000007fefcff0000 - 0x000007fefcff5000 	C:\Windows\system32\api-ms-win-downlevel-advapi32-l1-1-0.dll
0x000007fefd090000 - 0x000007fefd1fd000 	C:\Windows\system32\CRYPT32.dll
0x000007fefcfd0000 - 0x000007fefcfdf000 	C:\Windows\system32\MSASN1.dll
0x000007fefb350000 - 0x000007fefb47c000 	C:\Windows\system32\propsys.dll
0x000007fefe820000 - 0x000007fefe8b9000 	C:\Windows\system32\CLBCatQ.DLL
0x00000000003c0000 - 0x00000000003de000 	C:\Users\wanxing1\.Xilinx\SDK\2016.2\org.eclipse.osgi\312\0\.cp\swt-gdip-win32-4527.dll
0x000007fefb660000 - 0x000007fefb876000 	C:\Windows\WinSxS\amd64_microsoft.windows.gdiplus_6595b64144ccf1df_1.1.7601.23508_none_145555328b95eaaa\gdiplus.dll
0x000007fefb180000 - 0x000007fefb2e1000 	C:\Windows\system32\WindowsCodecs.dll
0x0000000180000000 - 0x0000000180012000 	C:\Users\wanxing1\.Xilinx\SDK\2016.2\org.eclipse.osgi\126\0\.cp\os\win32\x86_64\localfile_1_0_0.dll
0x000007feeee60000 - 0x000007feeeeb4000 	C:\Windows\system32\oleacc.dll
0x000007fef9b80000 - 0x000007fef9b87000 	C:\Windows\system32\msimg32.dll
0x000007fefcf20000 - 0x000007fefcf34000 	C:\Windows\system32\RpcRtRemote.dll
0x000007fefce10000 - 0x000007fefce67000 	C:\Windows\system32\apphelp.dll
0x000007febf960000 - 0x000007febf971000 	C:\Users\wanxing1\.Xilinx\SDK\2016.2\org.eclipse.osgi\129\0\.cp\jWinHttp-1.0.0.dll
0x000007fef8800000 - 0x000007fef8871000 	C:\Windows\system32\WINHTTP.dll
0x000007fef8770000 - 0x000007fef87d4000 	C:\Windows\system32\webio.dll
0x000007fefcde0000 - 0x000007fefce05000 	C:\Windows\system32\SspiCli.dll
0x000007fefc390000 - 0x000007fefc39a000 	C:\Windows\system32\credssp.dll
0x000007fefd250000 - 0x000007fefd286000 	C:\Windows\system32\CFGMGR32.dll
0x000007feee790000 - 0x000007feee79f000 	C:\Xilinx\SDK\2016.2\lib\win64.o\librdi_repo_manager.dll
0x000007fec1700000 - 0x000007fec172a000 	C:\Xilinx\SDK\2016.2\lib\win64.o\libisl_sysinfo.dll
0x000007feebc00000 - 0x000007feebcd4000 	C:\Windows\system32\MSVCR110.dll
0x000007feebad0000 - 0x000007feebb77000 	C:\Windows\system32\MSVCP110.dll
0x000007fec0b30000 - 0x000007fec1570000 	C:\Xilinx\SDK\2016.2\lib\win64.o\librdi_common.dll
0x000007fec1c40000 - 0x000007fec1fae000 	C:\Xilinx\SDK\2016.2\lib\win64.o\libCOIN-all.dll
0x000007fec1a20000 - 0x000007fec1c3f000 	C:\Xilinx\SDK\2016.2\lib\win64.o\libXil_lmgr11.dll
0x000007fefb040000 - 0x000007fefb056000 	C:\Windows\system32\NETAPI32.dll
0x000007fefc400000 - 0x000007fefc40c000 	C:\Windows\system32\netutils.dll
0x000007fefcb30000 - 0x000007fefcb53000 	C:\Windows\system32\srvcli.dll
0x000007fefb020000 - 0x000007fefb035000 	C:\Windows\system32\wkscli.dll
0x000007fefd350000 - 0x000007fefd38b000 	C:\Windows\system32\WINTRUST.dll
0x000007fefaf80000 - 0x000007fefaf90000 	C:\Xilinx\SDK\2016.2\lib\win64.o\libboost_date_time.dll
0x000007fec2cf0000 - 0x000007fec2d14000 	C:\Xilinx\SDK\2016.2\lib\win64.o\libboost_filesystem.dll
0x000007feef2f0000 - 0x000007feef2f9000 	C:\Xilinx\SDK\2016.2\lib\win64.o\libboost_system.dll
0x000007fec2c70000 - 0x000007fec2ce7000 	C:\Xilinx\SDK\2016.2\lib\win64.o\libboost_program_options.dll
0x000007fec1910000 - 0x000007fec1a16000 	C:\Xilinx\SDK\2016.2\lib\win64.o\libboost_regex.dll
0x000007fec18f0000 - 0x000007fec1903000 	C:\Xilinx\SDK\2016.2\lib\win64.o\libboost_signals.dll
0x000007fec18d0000 - 0x000007fec18ed000 	C:\Xilinx\SDK\2016.2\lib\win64.o\libboost_thread.dll
0x000007feef290000 - 0x000007feef29b000 	C:\Xilinx\SDK\2016.2\lib\win64.o\libboost_chrono.dll
0x000007feef130000 - 0x000007feef13b000 	C:\Xilinx\SDK\2016.2\lib\win64.o\libboost_xilinx.dll
0x000007fec1850000 - 0x000007fec18d0000 	C:\Xilinx\SDK\2016.2\lib\win64.o\libhdlpsolve.dll
0x000007fec17b0000 - 0x000007fec184a000 	C:\Xilinx\SDK\2016.2\lib\win64.o\libhdxml.dll
0x000007fec06c0000 - 0x000007fec0b25e00 	C:\Xilinx\SDK\2016.2\lib\win64.o\libisl_iostreams.dll
0x000007fec1790000 - 0x000007fec17a6000 	C:\Xilinx\SDK\2016.2\lib\win64.o\libboost_iostreams.dll
0x000007fec1760000 - 0x000007fec1783000 	C:\Xilinx\SDK\2016.2\lib\win64.o\librdizlib.dll
0x000007fec1730000 - 0x000007fec1753000 	C:\Xilinx\SDK\2016.2\lib\win64.o\libisl_iosutils.dll
0x000007feef2a0000 - 0x000007feef2b5000 	C:\Xilinx\SDK\2016.2\lib\win64.o\pthreadVC2.dll
0x000007fec16a0000 - 0x000007fec16f4000 	C:\Xilinx\SDK\2016.2\lib\win64.o\librdi_commonxillic.dll
0x000007fec1570000 - 0x000007fec16a0000 	C:\Xilinx\SDK\2016.2\lib\win64.o\librdi_curl.dll
0x000007fec06a0000 - 0x000007fec06b8000 	C:\Xilinx\SDK\2016.2\lib\win64.o\librdiconfig.dll
0x00000000653c0000 - 0x00000000654e7000 	C:\Xilinx\SDK\2016.2\lib\win64.o\tcl85t.dll
0x0000000025860000 - 0x0000000025ac3000 	C:\Xilinx\SDK\2016.2\lib\win64.o\xerces-c_3_1.dll
0x000007fefef30000 - 0x000007feff0b6000 	C:\Windows\system32\urlmon.dll
0x000007fefd240000 - 0x000007fefd244000 	C:\Windows\system32\api-ms-win-downlevel-ole32-l1-1-0.dll
0x000007feeb460000 - 0x000007feeb483000 	C:\Windows\system32\VCOMP110.DLL
0x000007febfc10000 - 0x000007febfe02000 	C:\Xilinx\SDK\2016.2\lib\win64.o\librdi_hsm.dll
0x000007febfe10000 - 0x000007febfe53000 	C:\Xilinx\SDK\2016.2\lib\win64.o\librdi_hdf.dll
0x000007febf980000 - 0x000007febfc01000 	C:\Xilinx\SDK\2016.2\lib\win64.o\librdi_ippcw.dll
0x000007feef0a0000 - 0x000007feef0aa000 	C:\Xilinx\SDK\2016.2\lib\win64.o\librdi_jtag_settings.dll
0x000007febf910000 - 0x000007febf939000 	C:\Xilinx\SDK\2016.2\lib\win64.o\librdi_debug_dialog.dll
0x000007feee370000 - 0x000007feee378000 	C:\Xilinx\SDK\2016.2\lib\win64.o\librdi_target_manager.dll
0x000007feb59e0000 - 0x000007feb59f6000 	C:\Xilinx\SDK\2016.2\eclipse\win64.o\plugins\org.eclipse.cdt.core.win32.x86_64_5.4.0.201509131935\os\win32\x86_64\spawner.dll
0x0000000071080000 - 0x00000000710a6000 	C:\Xilinx\SDK\2016.2\eclipse\win64.o\plugins\gnu.io.rxtx.win32.x86_64_2.1.7.3_v20071015\os\win32\x86_64\rxtxSerial.dll
0x000007feb51d0000 - 0x000007feb59e0000 	C:\Xilinx\SDK\2016.2\lib\win64.o\libXil_lmgr11FNP.dll
0x000007fef57e0000 - 0x000007fef57eb000 	C:\Windows\system32\snmpapi.dll

VM Arguments:
jvm_args: -Dcom.xilinx.sdk.args.hwspec=W:/ECE532/0327_colors/NexysVideo-master/Projects/hdmi/proj/hdmi.sdk/hdmi_wrapper.hdf -Xms64m -Xmx512m & 
java_command: <unknown>
java_class_path (initial): C:\Xilinx\SDK\2016.2\eclipse\win64.o\\plugins/org.eclipse.equinox.launcher_1.3.100.v20150511-1540.jar
Launcher Type: generic

Environment Variables:
PATH=C:/Xilinx/SDK/2016.2/tps/win64/jre/bin/server;C:/Xilinx/SDK/2016.2/tps/win64/jre/bin;C:/Xilinx/SDK/2016.2/tps/win64/jre/lib/amd64;C:\Xilinx\SDK\2016.2\gnuwin\bin;C:\Xilinx\SDK\2016.2\gnu\microblaze\nt\bin;C:\Xilinx\SDK\2016.2\gnu\microblaze\linux_toolchain\nt64_le\bin;C:\Xilinx\SDK\2016.2\gnu\microblaze\linux_toolchain\nt64_be\bin;C:\Xilinx\SDK\2016.2\gnu\arm\nt\bin;C:\Xilinx\SDK\2016.2\gnu\aarch64\nt\aarch64-none\bin;C:\Xilinx\SDK\2016.2\gnu\aarch64\nt\aarch64-linux\bin;C:\Xilinx\SDK\2016.2\gnu\armr5\nt\gcc-arm-none-eabi\bin;C:\Xilinx\SDK\2016.2\gnu\aarch32\nt\gcc-arm-none-eabi\bin;C:\Xilinx\SDK\2016.2\gnu\aarch32\nt\gcc-arm-linux-gnueabi\bin;C:\Xilinx\SDK\2016.2\tps\win64\cmake-3.3.2\bin;;C:\Xilinx\SDK\2016.2\bin;C:\Xilinx\SDK\2016.2\lib\win64.o;C:\Xilinx\SDK\2016.2\tps\win64\jre\bin\server;C:\Xilinx\SDK\2016.2\tps\win64\jre\bin;C:\Xilinx\Vivado\2016.2\ids_lite\ISE\bin\nt64;C:\Xilinx\Vivado\2016.2\ids_lite\ISE\lib\nt64;C:\Xilinx\Vivado\2016.2\bin;C:\Xilinx\Vivado\2016.2\lib\win64.o;C:\Xilinx\Vivado\2016.2\tps\win64\jre\bin\server;C:\Xilinx\Vivado\2016.2\tps\win64\jre\bin;C:\Xilinx\Vivado_HLS\2016.2\bin;C:\Windows\system32;C:\Windows;C:\Windows\System32\Wbem;C:\Windows\System32\WindowsPowerShell\v1.0\;C:\Program Files (x86)\Java\jre6\bin;C:\Program Files (x86)\eclipse;C:\altera\16.0\quartus\bin64;c:\altera\16.0\quartus\bin64\jre64\bin;w:\ECE532\0327_colors\NexysVideo-master\Projects\hdmi\proj;
USERNAME=wanxing1
OS=Windows_NT
PROCESSOR_IDENTIFIER=Intel64 Family 6 Model 60 Stepping 3, GenuineIntel



---------------  S Y S T E M  ---------------

OS: Windows 7 , 64 bit Build 7601 (6.1.7601.23418)

CPU:total 8 (4 cores per cpu, 2 threads per core) family 6 model 60 stepping 3, cmov, cx8, fxsr, mmx, sse, sse2, sse3, ssse3, sse4.1, sse4.2, popcnt, avx, avx2, aes, clmul, erms, lzcnt, ht, tsc, tscinvbit, bmi1, bmi2

Memory: 4k page, physical 16683160k(9832876k free), swap 33364460k(26269688k free)

vm_info: Java HotSpot(TM) 64-Bit Server VM (25.66-b18) for windows-amd64 JRE (1.8.0_66-b18), built on Nov  9 2015 10:51:13 by "java_re" with MS VC++ 10.0 (VS2010)

time: Mon Mar 27 15:13:43 2017
elapsed time: 1613 seconds (0d 0h 26m 53s)

