#
# A fatal error has been detected by the Java Runtime Environment:
#
#  Internal Error (0xc000000d), pid=504, tid=3432
#
# JRE version: Java(TM) SE Runtime Environment (8.0_66-b18) (build 1.8.0_66-b18)
# Java VM: Java HotSpot(TM) 64-Bit Server VM (25.66-b18 mixed mode windows-amd64 compressed oops)
# Problematic frame:
# C  [ntdll.dll+0x96b4f]
#
# Failed to write core dump. Minidumps are not enabled by default on client versions of Windows
#
# If you would like to submit a bug report, please visit:
#   http://bugreport.java.com/bugreport/crash.jsp
#

---------------  T H R E A D  ---------------

Current thread (0x0000000014ec2800):  VMThread [stack: 0x0000000015e10000,0x0000000015f10000] [id=3432]

siginfo: ExceptionCode=0xc000000d

Registers:
RAX=0x00000000671a4b6f, RBX=0x0000000000000000, RCX=0x0000000015f0ef10, RDX=0x0000000000000000
RSP=0x0000000015f0f520, RBP=0x00000000175cdc80, RSI=0x000007feeaf57408, RDI=0x0000000015f0f668
R8 =0x0000000000000000, R9 =0x0000000000000000, R10=0x0000000000000000, R11=0x0000000000000246
R12=0x0000000000243360, R13=0x0000000000243330, R14=0x00000000175cdd88, R15=0x0000000000000000
RIP=0x0000000076e86b4f, EFLAGS=0x0000000000000206

Top of Stack: (sp=0x0000000015f0f520)
0x0000000015f0f520:   0000000000000000 000007feeaf57408
0x0000000015f0f530:   0000000015f0f668 0000000000000000
0x0000000015f0f540:   0000000000000050 0000000000190000
0x0000000015f0f550:   0000000000000000 0000000000000000
0x0000000015f0f560:   0000000000000002 0000000076e3db18
0x0000000015f0f570:   00000000c000000d 0000000000000000
0x0000000015f0f580:   0000000076e86b4f 0000000000000000
0x0000000015f0f590:   0000000000000000 0000000000000000
0x0000000015f0f5a0:   0000000000000000 0000000000000000
0x0000000015f0f5b0:   0000000000000000 0000000000000000
0x0000000015f0f5c0:   0000000000000000 0000000000000000
0x0000000015f0f5d0:   0000000000000000 0000000000000000
0x0000000015f0f5e0:   0000000000000000 0000000000000000
0x0000000015f0f5f0:   0000000000000000 0000000000000000
0x0000000015f0f600:   0000000000000000 0000000000243360
0x0000000015f0f610:   00000000000007a4 0000000076c13458 

Instructions: (pc=0x0000000076e86b4f)
0x0000000076e86b2f:   cd 6b fb ff b9 57 00 00 00 c7 44 24 50 0d 00 00
0x0000000076e86b3f:   c0 e8 bb 6e fb ff 48 8d 4c 24 50 e8 31 1d f8 ff
0x0000000076e86b4f:   4c 8b 1d 82 68 09 00 4d 85 db 74 5b 65 48 8b 04
0x0000000076e86b5f:   25 30 00 00 00 f6 80 ee 17 00 00 08 74 12 65 48 


Register to memory mapping:

RAX=0x00000000671a4b6f is an unknown value
RBX=0x0000000000000000 is an unknown value
RCX=0x0000000015f0ef10 is an unknown value
RDX=0x0000000000000000 is an unknown value
RSP=0x0000000015f0f520 is an unknown value
RBP=0x00000000175cdc80 is an unknown value
RSI=0x000007feeaf57408 is an unknown value
RDI=0x0000000015f0f668 is an unknown value
R8 =0x0000000000000000 is an unknown value
R9 =0x0000000000000000 is an unknown value
R10=0x0000000000000000 is an unknown value
R11=0x0000000000000246 is an unknown value
R12=0x0000000000243360 is an unknown value
R13=0x0000000000243330 is an unknown value
R14=0x00000000175cdd88 is an unknown value
R15=0x0000000000000000 is an unknown value


Stack: [0x0000000015e10000,0x0000000015f10000],  sp=0x0000000015f0f520,  free space=1021k
Native frames: (J=compiled Java code, j=interpreted, Vv=VM code, C=native code)
C  [ntdll.dll+0x96b4f]
C  [kernel32.dll+0x43458]
C  [MSVCR110.dll+0x752d]
C  [MSVCR110.dll+0x73c6]
C  [MSVCR110.dll+0x14cca]
C  [MSVCR110.dll+0x13edc]
C  [MSVCR110.dll+0x239e]
C  [MSVCR110.dll+0xaf9e]
C  [MSVCP110.dll+0x397b9]
C  [librdi_common.dll+0x182316]
C  [librdi_common.dll+0x180fab]
C  [librdi_target_manager.dll+0x2400]
C  [librdi_target_manager.dll+0x2682]
C  [ntdll.dll+0x229b1]
C  [ntdll.dll+0x227c0]
C  [MSVCR100.dll+0x20ccd]
V  [jvm.dll+0x210cc5]
V  [jvm.dll+0x249897]
V  [jvm.dll+0x248b36]
V  [jvm.dll+0x248fd1]
V  [jvm.dll+0x2491ee]
V  [jvm.dll+0x29a0fa]
C  [MSVCR100.dll+0x21d9f]
C  [MSVCR100.dll+0x21e3b]
C  [kernel32.dll+0x159bd]
C  [ntdll.dll+0x2a2e1]

VM_Operation (0x000000000012f4c0): Exit, mode: safepoint, requested by thread 0x00000000024f8000


---------------  P R O C E S S  ---------------

Java Threads: ( => current thread )
  0x0000000016da3000 JavaThread "pool-2-thread-1" [_thread_blocked, id=4840, stack(0x0000000027f90000,0x0000000028090000)]
  0x0000000016da4800 JavaThread "Thread-32" [_thread_in_native, id=1424, stack(0x0000000027960000,0x0000000027a60000)]
  0x0000000016da2000 JavaThread "Thread-30" daemon [_thread_blocked, id=2604, stack(0x0000000026ed0000,0x0000000026fd0000)]
  0x0000000017dd2000 JavaThread "TCF Channel Transmitter" daemon [_thread_blocked, id=5972, stack(0x0000000025210000,0x0000000025310000)]
  0x0000000017dd1000 JavaThread "TCF Channel Receiver" daemon [_thread_in_native, id=5032, stack(0x0000000025110000,0x0000000025210000)]
  0x0000000017dd0800 JavaThread "Process monitor" daemon [_thread_in_native, id=3036, stack(0x0000000025010000,0x0000000025110000)]
  0x0000000017dcf800 JavaThread "Input Stream Monitor" daemon [_thread_blocked, id=1516, stack(0x0000000024f10000,0x0000000025010000)]
  0x0000000017dcf000 JavaThread "Output Stream Monitor" daemon [_thread_in_native, id=5312, stack(0x00000000220c0000,0x00000000221c0000)]
  0x0000000017dce000 JavaThread "Output Stream Monitor" daemon [_thread_in_native, id=5572, stack(0x0000000020ab0000,0x0000000020bb0000)]
  0x0000000017dcd800 JavaThread "TCF Locator DNS Lookup" daemon [_thread_blocked, id=3200, stack(0x0000000024c10000,0x0000000024d10000)]
  0x0000000017dcc800 JavaThread "TCF Locator Timer" daemon [_thread_blocked, id=5096, stack(0x0000000024870000,0x0000000024970000)]
  0x0000000017dcc000 JavaThread "TCF Locator Receiver" daemon [_thread_blocked, id=188, stack(0x0000000024770000,0x0000000024870000)]
  0x0000000017dca800 JavaThread "TCF Timer Dispatcher" daemon [_thread_blocked, id=4396, stack(0x0000000023500000,0x0000000023600000)]
  0x00000000181a0800 JavaThread "EMF Reference Cleaner" daemon [_thread_blocked, id=4820, stack(0x000000001cdb0000,0x000000001ceb0000)]
  0x0000000014fb3000 JavaThread "Service Thread" daemon [_thread_blocked, id=4892, stack(0x00000000167d0000,0x00000000168d0000)]
  0x0000000013d5f800 JavaThread "C1 CompilerThread3" daemon [_thread_blocked, id=4984, stack(0x00000000166d0000,0x00000000167d0000)]
  0x0000000013d5e800 JavaThread "C2 CompilerThread2" daemon [_thread_blocked, id=2844, stack(0x00000000165d0000,0x00000000166d0000)]
  0x0000000014f20800 JavaThread "C2 CompilerThread1" daemon [_thread_blocked, id=3708, stack(0x00000000164d0000,0x00000000165d0000)]
  0x0000000014f19000 JavaThread "C2 CompilerThread0" daemon [_thread_blocked, id=6024, stack(0x00000000163d0000,0x00000000164d0000)]
  0x0000000014f15000 JavaThread "Attach Listener" daemon [_thread_blocked, id=4660, stack(0x00000000162d0000,0x00000000163d0000)]
  0x0000000014f13000 JavaThread "Signal Dispatcher" daemon [_thread_blocked, id=5924, stack(0x00000000161d0000,0x00000000162d0000)]
  0x0000000013d4b000 JavaThread "Finalizer" daemon [_thread_blocked, id=4452, stack(0x0000000016010000,0x0000000016110000)]
  0x0000000013d44000 JavaThread "Reference Handler" daemon [_thread_blocked, id=884, stack(0x0000000015f10000,0x0000000016010000)]
  0x00000000024f8000 JavaThread "main" [_thread_blocked, id=3564, stack(0x0000000000030000,0x0000000000130000)]

Other Threads:
=>0x0000000014ec2800 VMThread [stack: 0x0000000015e10000,0x0000000015f10000] [id=3432]

VM state:at safepoint (shutting down)

VM Mutex/Monitor currently owned by a thread:  ([mutex/lock_event])
[0x000000000248e560] Threads_lock - owner thread: 0x0000000014ec2800

Heap:
 PSYoungGen      total 135680K, used 95632K [0x00000000f5580000, 0x0000000100000000, 0x0000000100000000)
  eden space 120320K, 66% used [0x00000000f5580000,0x00000000fa3e8b78,0x00000000fcb00000)
  from space 15360K, 99% used [0x00000000ff100000,0x00000000ffffb708,0x0000000100000000)
  to   space 27136K, 0% used [0x00000000fcb00000,0x00000000fcb00000,0x00000000fe580000)
 ParOldGen       total 104960K, used 62897K [0x00000000e0000000, 0x00000000e6680000, 0x00000000f5580000)
  object space 104960K, 59% used [0x00000000e0000000,0x00000000e3d6c7d0,0x00000000e6680000)
 Metaspace       used 75497K, capacity 82750K, committed 82904K, reserved 1120256K
  class space    used 9043K, capacity 11489K, committed 11520K, reserved 1048576K

Card table byte_map: [0x0000000011950000,0x0000000011a60000] byte_map_base: 0x0000000011250000

Marking Bits: (ParMarkBitMap*) 0x000000006bd3a5b0
 Begin Bits: [0x0000000012260000, 0x0000000012a60000)
 End Bits:   [0x0000000012a60000, 0x0000000013260000)

Polling page: 0x0000000000320000

CodeCache: size=245760Kb used=26423Kb max_used=27118Kb free=219336Kb
 bounds [0x0000000002590000, 0x0000000004040000, 0x0000000011590000]
 total_blobs=7946 nmethods=7064 adapters=789
 compilation: enabled

Compilation events (10 events):
Event: 360.419 Thread 0x0000000014f20800 8767       4       org.eclipse.osgi.container.ModuleDatabase::readLock (11 bytes)
Event: 360.419 Thread 0x0000000014f19000 8768       4       java.lang.Long::valueOf (36 bytes)
Event: 360.419 Thread 0x0000000013d5f800 8769       3       org.eclipse.osgi.container.Module::holdsTransitionEventLock (25 bytes)
Event: 360.419 Thread 0x0000000013d5f800 nmethod 8769 0x0000000003132c10 code [0x0000000003132da0, 0x00000000031334c8]
Event: 360.420 Thread 0x0000000014f19000 nmethod 8768 0x0000000002e97990 code [0x0000000002e97ae0, 0x0000000002e97bf8]
Event: 360.420 Thread 0x0000000013d5f800 8778   !   3       org.eclipse.osgi.storage.BundleInfo$Generation::clearManifestCache (30 bytes)
Event: 360.420 Thread 0x0000000013d5f800 nmethod 8778 0x0000000003d94d90 code [0x0000000003d94f20, 0x0000000003d95568]
Event: 360.420 Thread 0x0000000013d5f800 8770       3       org.eclipse.osgi.container.ModuleWiring::unload (6 bytes)
Event: 360.420 Thread 0x0000000013d5f800 nmethod 8770 0x0000000002ed3d50 code [0x0000000002ed3ec0, 0x0000000002ed4048]
Event: 360.420 Thread 0x0000000013d5f800 8771       3       org.eclipse.osgi.container.ModuleWiring::invalidate0 (52 bytes)

GC Heap History (10 events):
Event: 3.297 GC heap before
{Heap before GC invocations=11 (full 1):
 PSYoungGen      total 139264K, used 74786K [0x00000000f5580000, 0x0000000100000000, 0x0000000100000000)
  eden space 129024K, 57% used [0x00000000f5580000,0x00000000f9e88a88,0x00000000fd380000)
  from space 10240K, 0% used [0x00000000fd380000,0x00000000fd380000,0x00000000fdd80000)
  to   space 10240K, 0% used [0x00000000ff600000,0x00000000ff600000,0x0000000100000000)
 ParOldGen       total 48128K, used 19799K [0x00000000e0000000, 0x00000000e2f00000, 0x00000000f5580000)
  object space 48128K, 41% used [0x00000000e0000000,0x00000000e1355f88,0x00000000e2f00000)
 Metaspace       used 32403K, capacity 35214K, committed 35416K, reserved 1079296K
  class space    used 3813K, capacity 4736K, committed 4736K, reserved 1048576K
Event: 3.312 GC heap after
Heap after GC invocations=11 (full 1):
 PSYoungGen      total 154112K, used 10211K [0x00000000f5580000, 0x0000000100000000, 0x0000000100000000)
  eden space 143872K, 0% used [0x00000000f5580000,0x00000000f5580000,0x00000000fe200000)
  from space 10240K, 99% used [0x00000000ff600000,0x00000000ffff8e38,0x0000000100000000)
  to   space 15360K, 0% used [0x00000000fe200000,0x00000000fe200000,0x00000000ff100000)
 ParOldGen       total 48128K, used 30824K [0x00000000e0000000, 0x00000000e2f00000, 0x00000000f5580000)
  object space 48128K, 64% used [0x00000000e0000000,0x00000000e1e1a2d0,0x00000000e2f00000)
 Metaspace       used 32403K, capacity 35214K, committed 35416K, reserved 1079296K
  class space    used 3813K, capacity 4736K, committed 4736K, reserved 1048576K
}
Event: 3.312 GC heap before
{Heap before GC invocations=12 (full 2):
 PSYoungGen      total 154112K, used 10211K [0x00000000f5580000, 0x0000000100000000, 0x0000000100000000)
  eden space 143872K, 0% used [0x00000000f5580000,0x00000000f5580000,0x00000000fe200000)
  from space 10240K, 99% used [0x00000000ff600000,0x00000000ffff8e38,0x0000000100000000)
  to   space 15360K, 0% used [0x00000000fe200000,0x00000000fe200000,0x00000000ff100000)
 ParOldGen       total 48128K, used 30824K [0x00000000e0000000, 0x00000000e2f00000, 0x00000000f5580000)
  object space 48128K, 64% used [0x00000000e0000000,0x00000000e1e1a2d0,0x00000000e2f00000)
 Metaspace       used 32403K, capacity 35214K, committed 35416K, reserved 1079296K
  class space    used 3813K, capacity 4736K, committed 4736K, reserved 1048576K
Event: 3.384 GC heap after
Heap after GC invocations=12 (full 2):
 PSYoungGen      total 154112K, used 0K [0x00000000f5580000, 0x0000000100000000, 0x0000000100000000)
  eden space 143872K, 0% used [0x00000000f5580000,0x00000000f5580000,0x00000000fe200000)
  from space 10240K, 0% used [0x00000000ff600000,0x00000000ff600000,0x0000000100000000)
  to   space 15360K, 0% used [0x00000000fe200000,0x00000000fe200000,0x00000000ff100000)
 ParOldGen       total 76288K, used 34037K [0x00000000e0000000, 0x00000000e4a80000, 0x00000000f5580000)
  object space 76288K, 44% used [0x00000000e0000000,0x00000000e213d498,0x00000000e4a80000)
 Metaspace       used 32403K, capacity 35214K, committed 35416K, reserved 1079296K
  class space    used 3813K, capacity 4736K, committed 4736K, reserved 1048576K
}
Event: 8.473 GC heap before
{Heap before GC invocations=13 (full 2):
 PSYoungGen      total 154112K, used 116110K [0x00000000f5580000, 0x0000000100000000, 0x0000000100000000)
  eden space 143872K, 80% used [0x00000000f5580000,0x00000000fc6e3808,0x00000000fe200000)
  from space 10240K, 0% used [0x00000000ff600000,0x00000000ff600000,0x0000000100000000)
  to   space 15360K, 0% used [0x00000000fe200000,0x00000000fe200000,0x00000000ff100000)
 ParOldGen       total 76288K, used 34037K [0x00000000e0000000, 0x00000000e4a80000, 0x00000000f5580000)
  object space 76288K, 44% used [0x00000000e0000000,0x00000000e213d498,0x00000000e4a80000)
 Metaspace       used 54228K, capacity 58914K, committed 58968K, reserved 1099776K
  class space    used 6462K, capacity 8041K, committed 8064K, reserved 1048576K
Event: 8.488 GC heap after
Heap after GC invocations=13 (full 2):
 PSYoungGen      total 159232K, used 15353K [0x00000000f5580000, 0x0000000100000000, 0x0000000100000000)
  eden space 143872K, 0% used [0x00000000f5580000,0x00000000f5580000,0x00000000fe200000)
  from space 15360K, 99% used [0x00000000fe200000,0x00000000ff0fe658,0x00000000ff100000)
  to   space 15360K, 0% used [0x00000000ff100000,0x00000000ff100000,0x0000000100000000)
 ParOldGen       total 76288K, used 45043K [0x00000000e0000000, 0x00000000e4a80000, 0x00000000f5580000)
  object space 76288K, 59% used [0x00000000e0000000,0x00000000e2bfcef8,0x00000000e4a80000)
 Metaspace       used 54228K, capacity 58914K, committed 58968K, reserved 1099776K
  class space    used 6462K, capacity 8041K, committed 8064K, reserved 1048576K
}
Event: 8.488 GC heap before
{Heap before GC invocations=14 (full 3):
 PSYoungGen      total 159232K, used 15353K [0x00000000f5580000, 0x0000000100000000, 0x0000000100000000)
  eden space 143872K, 0% used [0x00000000f5580000,0x00000000f5580000,0x00000000fe200000)
  from space 15360K, 99% used [0x00000000fe200000,0x00000000ff0fe658,0x00000000ff100000)
  to   space 15360K, 0% used [0x00000000ff100000,0x00000000ff100000,0x0000000100000000)
 ParOldGen       total 76288K, used 45043K [0x00000000e0000000, 0x00000000e4a80000, 0x00000000f5580000)
  object space 76288K, 59% used [0x00000000e0000000,0x00000000e2bfcef8,0x00000000e4a80000)
 Metaspace       used 54228K, capacity 58914K, committed 58968K, reserved 1099776K
  class space    used 6462K, capacity 8041K, committed 8064K, reserved 1048576K
Event: 8.624 GC heap after
Heap after GC invocations=14 (full 3):
 PSYoungGen      total 159232K, used 0K [0x00000000f5580000, 0x0000000100000000, 0x0000000100000000)
  eden space 143872K, 0% used [0x00000000f5580000,0x00000000f5580000,0x00000000fe200000)
  from space 15360K, 0% used [0x00000000fe200000,0x00000000fe200000,0x00000000ff100000)
  to   space 15360K, 0% used [0x00000000ff100000,0x00000000ff100000,0x0000000100000000)
 ParOldGen       total 104960K, used 50369K [0x00000000e0000000, 0x00000000e6680000, 0x00000000f5580000)
  object space 104960K, 47% used [0x00000000e0000000,0x00000000e31305b0,0x00000000e6680000)
 Metaspace       used 54228K, capacity 58914K, committed 58968K, reserved 1099776K
  class space    used 6462K, capacity 8041K, committed 8064K, reserved 1048576K
}
Event: 21.275 GC heap before
{Heap before GC invocations=15 (full 3):
 PSYoungGen      total 159232K, used 143872K [0x00000000f5580000, 0x0000000100000000, 0x0000000100000000)
  eden space 143872K, 100% used [0x00000000f5580000,0x00000000fe200000,0x00000000fe200000)
  from space 15360K, 0% used [0x00000000fe200000,0x00000000fe200000,0x00000000ff100000)
  to   space 15360K, 0% used [0x00000000ff100000,0x00000000ff100000,0x0000000100000000)
 ParOldGen       total 104960K, used 50369K [0x00000000e0000000, 0x00000000e6680000, 0x00000000f5580000)
  object space 104960K, 47% used [0x00000000e0000000,0x00000000e31305b0,0x00000000e6680000)
 Metaspace       used 72696K, capacity 79484K, committed 79704K, reserved 1118208K
  class space    used 8747K, capacity 11046K, committed 11136K, reserved 1048576K
Event: 21.292 GC heap after
Heap after GC invocations=15 (full 3):
 PSYoungGen      total 135680K, used 15341K [0x00000000f5580000, 0x0000000100000000, 0x0000000100000000)
  eden space 120320K, 0% used [0x00000000f5580000,0x00000000f5580000,0x00000000fcb00000)
  from space 15360K, 99% used [0x00000000ff100000,0x00000000ffffb708,0x0000000100000000)
  to   space 27136K, 0% used [0x00000000fcb00000,0x00000000fcb00000,0x00000000fe580000)
 ParOldGen       total 104960K, used 62897K [0x00000000e0000000, 0x00000000e6680000, 0x00000000f5580000)
  object space 104960K, 59% used [0x00000000e0000000,0x00000000e3d6c7d0,0x00000000e6680000)
 Metaspace       used 72696K, capacity 79484K, committed 79704K, reserved 1118208K
  class space    used 8747K, capacity 11046K, committed 11136K, reserved 1048576K
}

Deoptimization events (10 events):
Event: 359.660 Thread 0x0000000017dd4000 Uncommon trap: reason=class_check action=maybe_recompile pc=0x0000000003f88a68 method=org.eclipse.e4.core.internal.contexts.TrackableComputationExt.update(Lorg/eclipse/e4/core/internal/contexts/ContextChangeEvent;)Z @ 62
Event: 359.660 Thread 0x0000000017dd4000 Uncommon trap: reason=class_check action=maybe_recompile pc=0x0000000003f88a68 method=org.eclipse.e4.core.internal.contexts.TrackableComputationExt.update(Lorg/eclipse/e4/core/internal/contexts/ContextChangeEvent;)Z @ 62
Event: 359.790 Thread 0x0000000016da1800 Uncommon trap: reason=unstable_if action=reinterpret pc=0x0000000002711424 method=sun.nio.cs.SingleByte$Encoder.encode(C)I @ 13
Event: 359.843 Thread 0x0000000017072800 Uncommon trap: reason=predicate action=maybe_recompile pc=0x00000000028a019c method=java.util.Arrays.fill([Ljava/lang/Object;Ljava/lang/Object;)V @ 10
Event: 360.353 Thread 0x0000000017072800 Uncommon trap: reason=array_check action=maybe_recompile pc=0x0000000003cef8f8 method=java.util.Arrays.fill([Ljava/lang/Object;Ljava/lang/Object;)V @ 13
Event: 360.353 Thread 0x0000000017072800 Uncommon trap: reason=array_check action=maybe_recompile pc=0x0000000003cef8f8 method=java.util.Arrays.fill([Ljava/lang/Object;Ljava/lang/Object;)V @ 13
Event: 360.354 Thread 0x0000000017072800 Uncommon trap: reason=array_check action=maybe_recompile pc=0x0000000003cef8f8 method=java.util.Arrays.fill([Ljava/lang/Object;Ljava/lang/Object;)V @ 13
Event: 360.354 Thread 0x0000000017072800 Uncommon trap: reason=array_check action=maybe_recompile pc=0x0000000003cef8f8 method=java.util.Arrays.fill([Ljava/lang/Object;Ljava/lang/Object;)V @ 13
Event: 360.367 Thread 0x0000000017dd4000 Uncommon trap: reason=unstable_if action=reinterpret pc=0x0000000002ff9198 method=org.eclipse.osgi.internal.hooks.EclipseLazyStarter.shouldActivateFor(Ljava/lang/String;Lorg/eclipse/osgi/container/Module;Lorg/eclipse/osgi/container/ModuleRevision;Lorg/ecli¿rKwÜv@
Event: 360.379 Thread 0x0000000017dd4000 Uncommon trap: reason=null_check action=maybe_recompile pc=0x00000000028ea894 method=com.xilinx.sdk.targetmanager.internal.json.XMDJSONProcess.issueCommand(Ljava/lang/String;)Lcom/xilinx/sdk/targetmanager/internal/IXMDResult; @ 3

Internal exceptions (10 events):
Event: 18.684 Thread 0x0000000016da3000 Exception <a 'java/io/FileNotFoundException'> (0x00000000fbcb9130) thrown at [C:\re\workspace\8-2-build-windows-amd64-cygwin\jdk8u66\5298\hotspot\src\share\vm\prims\jni.cpp, line 709]
Event: 20.986 Thread 0x00000000024f8000 Exception <a 'java/io/FileNotFoundException'> (0x00000000fdb0d0d8) thrown at [C:\re\workspace\8-2-build-windows-amd64-cygwin\jdk8u66\5298\hotspot\src\share\vm\prims\jni.cpp, line 709]
Event: 23.913 Thread 0x0000000017dc5800 Exception <a 'java/io/FileNotFoundException'> (0x00000000f6245f98) thrown at [C:\re\workspace\8-2-build-windows-amd64-cygwin\jdk8u66\5298\hotspot\src\share\vm\prims\jni.cpp, line 709]
Event: 24.254 Thread 0x0000000017dc5800 Exception <a 'java/io/FileNotFoundException'> (0x00000000f625f1e8) thrown at [C:\re\workspace\8-2-build-windows-amd64-cygwin\jdk8u66\5298\hotspot\src\share\vm\prims\jni.cpp, line 709]
Event: 359.789 Thread 0x0000000016da0800 Exception <a 'java/lang/InterruptedException'> (0x00000000f9d72798) thrown at [C:\re\workspace\8-2-build-windows-amd64-cygwin\jdk8u66\5298\hotspot\src\share\vm\runtime\objectMonitor.cpp, line 1683]
Event: 360.379 Thread 0x0000000017dd4000 Exception <a 'java/lang/NullPointerException'> (0x00000000fa024208) thrown at [C:\re\workspace\8-2-build-windows-amd64-cygwin\jdk8u66\5298\hotspot\src\share\vm\prims\jvm.cpp, line 1390]
Event: 360.400 Thread 0x0000000017dc6800 Exception <a 'java/lang/InterruptedException'> (0x00000000f84c1ff0) thrown at [C:\re\workspace\8-2-build-windows-amd64-cygwin\jdk8u66\5298\hotspot\src\share\vm\runtime\objectMonitor.cpp, line 1683]
Event: 360.414 Thread 0x0000000017072800 Exception <a 'java/lang/InterruptedException'> (0x00000000fa0c2d08) thrown at [C:\re\workspace\8-2-build-windows-amd64-cygwin\jdk8u66\5298\hotspot\src\share\vm\runtime\objectMonitor.cpp, line 1683]
Event: 360.418 Thread 0x0000000017dc7000 Exception <a 'java/lang/InterruptedException'> (0x00000000f634f5a8) thrown at [C:\re\workspace\8-2-build-windows-amd64-cygwin\jdk8u66\5298\hotspot\src\share\vm\runtime\objectMonitor.cpp, line 1683]
Event: 360.418 Thread 0x00000000178e2800 Exception <a 'java/lang/InterruptedException'> (0x00000000fa373178) thrown at [C:\re\workspace\8-2-build-windows-amd64-cygwin\jdk8u66\5298\hotspot\src\share\vm\runtime\objectMonitor.cpp, line 1683]

Events (10 events):
Event: 360.420 loading class java/util/IdentityHashMap$KeyIterator
Event: 360.420 Thread 0x0000000013d5f800 flushing nmethod 0x0000000003f6fb90
Event: 360.420 loading class java/util/IdentityHashMap$IdentityHashMapIterator
Event: 360.420 Thread 0x0000000013d5f800 flushing nmethod 0x0000000003f908d0
Event: 360.420 Thread 0x0000000013d5f800 flushing nmethod 0x0000000003fb9d90
Event: 360.420 loading class java/util/IdentityHashMap$IdentityHashMapIterator done
Event: 360.420 loading class java/util/IdentityHashMap$KeyIterator done
Event: 360.420 Thread 0x0000000017dd4000 Thread added: 0x0000000017dd4000
Event: 360.420 Thread 0x0000000017dd4000 Thread exited: 0x0000000017dd4000
Event: 360.420 Executing VM operation: Exit


Dynamic libraries:
0x0000000000400000 - 0x000000000044f000 	C:\Xilinx\SDK\2016.2\eclipse\win64.o\eclipse.exe
0x0000000076df0000 - 0x0000000076f9a000 	C:\Windows\SYSTEM32\ntdll.dll
0x0000000076bd0000 - 0x0000000076cef000 	C:\Windows\system32\kernel32.dll
0x000007fefcc10000 - 0x000007fefcc7a000 	C:\Windows\system32\KERNELBASE.dll
0x0000000076cf0000 - 0x0000000076dea000 	C:\Windows\system32\USER32.dll
0x000007fefdbe0000 - 0x000007fefdc47000 	C:\Windows\system32\GDI32.dll
0x000007fefd240000 - 0x000007fefd24e000 	C:\Windows\system32\LPK.dll
0x000007fefcf40000 - 0x000007fefd00a000 	C:\Windows\system32\USP10.dll
0x000007fefd010000 - 0x000007fefd0af000 	C:\Windows\system32\msvcrt.dll
0x000007fefb440000 - 0x000007fefb634000 	C:\Windows\WinSxS\amd64_microsoft.windows.common-controls_6595b64144ccf1df_6.0.7601.18837_none_fa3b1e3d17594757\COMCTL32.dll
0x000007fefd960000 - 0x000007fefd9d1000 	C:\Windows\system32\SHLWAPI.dll
0x000007fefd250000 - 0x000007fefd27e000 	C:\Windows\system32\IMM32.DLL
0x000007fefdad0000 - 0x000007fefdbd9000 	C:\Windows\system32\MSCTF.dll
0x0000000072000000 - 0x0000000072012000 	C:\Xilinx\SDK\2016.2\eclipse\win64.o\plugins\org.eclipse.equinox.launcher.win32.win32.x86_64_1.1.300.v20150602-1417\eclipse_1611.dll
0x000007fefd9f0000 - 0x000007fefdacb000 	C:\Windows\system32\ADVAPI32.dll
0x000007fefd620000 - 0x000007fefd63f000 	C:\Windows\SYSTEM32\sechost.dll
0x000007fefd4f0000 - 0x000007fefd61d000 	C:\Windows\system32\RPCRT4.dll
0x000007fefbbc0000 - 0x000007fefbbcc000 	C:\Windows\system32\VERSION.dll
0x000007fefb3e0000 - 0x000007fefb436000 	C:\Windows\system32\UxTheme.dll
0x000000006b530000 - 0x000000006bdb9000 	C:\Xilinx\SDK\2016.2\tps\win64\jre\bin\server\jvm.dll
0x000007fefa250000 - 0x000007fefa259000 	C:\Windows\system32\WSOCK32.dll
0x000007fefcef0000 - 0x000007fefcf3d000 	C:\Windows\system32\WS2_32.dll
0x000007fefd9e0000 - 0x000007fefd9e8000 	C:\Windows\system32\NSI.dll
0x000007fefa450000 - 0x000007fefa48b000 	C:\Windows\system32\WINMM.dll
0x0000000076fb0000 - 0x0000000076fb7000 	C:\Windows\system32\PSAPI.DLL
0x00000000725a0000 - 0x0000000072672000 	C:\Windows\system32\MSVCR100.dll
0x000000006c510000 - 0x000000006c51f000 	C:\Xilinx\SDK\2016.2\tps\win64\jre\bin\verify.dll
0x000000006c4e0000 - 0x000000006c509000 	C:\Xilinx\SDK\2016.2\tps\win64\jre\bin\java.dll
0x000000006c4c0000 - 0x000000006c4d6000 	C:\Xilinx\SDK\2016.2\tps\win64\jre\bin\zip.dll
0x000007fefdfc0000 - 0x000007fefed49000 	C:\Windows\system32\SHELL32.dll
0x000007fefd2e0000 - 0x000007fefd4e3000 	C:\Windows\system32\ole32.dll
0x000007fefcb40000 - 0x000007fefcb4f000 	C:\Windows\system32\profapi.dll
0x000007fefc330000 - 0x000007fefc348000 	C:\Windows\system32\CRYPTSP.dll
0x000007fefc030000 - 0x000007fefc077000 	C:\Windows\system32\rsaenh.dll
0x000007fefce70000 - 0x000007fefce8e000 	C:\Windows\system32\USERENV.dll
0x000007fefc990000 - 0x000007fefc99f000 	C:\Windows\system32\CRYPTBASE.dll
0x000000006c4a0000 - 0x000000006c4ba000 	C:\Xilinx\SDK\2016.2\tps\win64\jre\bin\net.dll
0x000007fefc2d0000 - 0x000007fefc325000 	C:\Windows\system32\mswsock.dll
0x000007fefc2c0000 - 0x000007fefc2c7000 	C:\Windows\System32\wship6.dll
0x000007fef92f0000 - 0x000007fef9317000 	C:\Windows\system32\IPHLPAPI.DLL
0x000007fef92e0000 - 0x000007fef92eb000 	C:\Windows\system32\WINNSI.DLL
0x000007fef9040000 - 0x000007fef9051000 	C:\Windows\system32\dhcpcsvc6.DLL
0x000007fef9020000 - 0x000007fef9038000 	C:\Windows\system32\dhcpcsvc.DLL
0x000000006c480000 - 0x000000006c491000 	C:\Xilinx\SDK\2016.2\tps\win64\jre\bin\nio.dll
0x000007fefa0d0000 - 0x000007fefa0e5000 	C:\Windows\system32\NLAapi.dll
0x000007fef8be0000 - 0x000007fef8bf5000 	C:\Windows\system32\napinsp.dll
0x000007fef8c00000 - 0x000007fef8c19000 	C:\Windows\system32\pnrpnsp.dll
0x000007fefc150000 - 0x000007fefc1ab000 	C:\Windows\system32\DNSAPI.dll
0x000007fef8bd0000 - 0x000007fef8bdb000 	C:\Windows\System32\winrnr.dll
0x000007fefbc90000 - 0x000007fefbc97000 	C:\Windows\System32\wshtcpip.dll
0x000007fef8c20000 - 0x000007fef8c28000 	C:\Windows\system32\rasadhlp.dll
0x000007fef90d0000 - 0x000007fef9123000 	C:\Windows\System32\fwpuclnt.dll
0x000000001d230000 - 0x000000001d2d8000 	C:\Users\tabrizim\.Xilinx\SDK\2016.2\org.eclipse.osgi\312\0\.cp\swt-win32-4527.dll
0x000007fefed50000 - 0x000007fefee28000 	C:\Windows\system32\OLEAUT32.dll
0x000007fefdf20000 - 0x000007fefdfb7000 	C:\Windows\system32\comdlg32.dll
0x000007fef61a0000 - 0x000007fef6211000 	C:\Windows\system32\WINSPOOL.DRV
0x000007fefdc50000 - 0x000007fefdf15000 	C:\Windows\system32\WININET.dll
0x000007fefcc90000 - 0x000007fefcc94000 	C:\Windows\system32\api-ms-win-downlevel-user32-l1-1-0.dll
0x000007fefce20000 - 0x000007fefce24000 	C:\Windows\system32\api-ms-win-downlevel-shlwapi-l1-1-0.dll
0x000007fefce10000 - 0x000007fefce14000 	C:\Windows\system32\api-ms-win-downlevel-version-l1-1-0.dll
0x000007fefcb50000 - 0x000007fefcb53000 	C:\Windows\system32\api-ms-win-downlevel-normaliz-l1-1-0.dll
0x0000000076fc0000 - 0x0000000076fc3000 	C:\Windows\system32\normaliz.DLL
0x000007fefee30000 - 0x000007feff0f9000 	C:\Windows\system32\iertutil.dll
0x000007fefcc80000 - 0x000007fefcc85000 	C:\Windows\system32\api-ms-win-downlevel-advapi32-l1-1-0.dll
0x000007fefcca0000 - 0x000007fefce0d000 	C:\Windows\system32\CRYPT32.dll
0x000007fefcb30000 - 0x000007fefcb3f000 	C:\Windows\system32\MSASN1.dll
0x000007fefaeb0000 - 0x000007fefafdc000 	C:\Windows\system32\propsys.dll
0x000007fefd8c0000 - 0x000007fefd959000 	C:\Windows\system32\CLBCatQ.DLL
0x0000000002440000 - 0x000000000245e000 	C:\Users\tabrizim\.Xilinx\SDK\2016.2\org.eclipse.osgi\312\0\.cp\swt-gdip-win32-4527.dll
0x000007fefb1c0000 - 0x000007fefb3d6000 	C:\Windows\WinSxS\amd64_microsoft.windows.gdiplus_6595b64144ccf1df_1.1.7601.23508_none_145555328b95eaaa\gdiplus.dll
0x000007feface0000 - 0x000007fefae41000 	C:\Windows\system32\WindowsCodecs.dll
0x0000000180000000 - 0x0000000180012000 	C:\Users\tabrizim\.Xilinx\SDK\2016.2\org.eclipse.osgi\126\0\.cp\os\win32\x86_64\localfile_1_0_0.dll
0x000007fef0c00000 - 0x000007fef0c54000 	C:\Windows\system32\oleacc.dll
0x000007fef68e0000 - 0x000007fef68e7000 	C:\Windows\system32\msimg32.dll
0x000007fefca80000 - 0x000007fefca94000 	C:\Windows\system32\RpcRtRemote.dll
0x000007fefc930000 - 0x000007fefc987000 	C:\Windows\system32\apphelp.dll
0x000007fef4610000 - 0x000007fef4621000 	C:\Users\tabrizim\.Xilinx\SDK\2016.2\org.eclipse.osgi\129\0\.cp\jWinHttp-1.0.0.dll
0x000007fef86c0000 - 0x000007fef8731000 	C:\Windows\system32\WINHTTP.dll
0x000007fef8610000 - 0x000007fef8674000 	C:\Windows\system32\webio.dll
0x000007fefc900000 - 0x000007fefc925000 	C:\Windows\system32\SspiCli.dll
0x000007fefbef0000 - 0x000007fefbefa000 	C:\Windows\system32\credssp.dll
0x000007fefceb0000 - 0x000007fefcee6000 	C:\Windows\system32\CFGMGR32.dll
0x000007fef97d0000 - 0x000007fef97df000 	C:\Xilinx\SDK\2016.2\lib\win64.o\librdi_repo_manager.dll
0x000007fef2330000 - 0x000007fef235a000 	C:\Xilinx\SDK\2016.2\lib\win64.o\libisl_sysinfo.dll
0x000007feeaf50000 - 0x000007feeb024000 	C:\Windows\system32\MSVCR110.dll
0x000007feeae50000 - 0x000007feeaef7000 	C:\Windows\system32\MSVCP110.dll
0x000007fec0ca0000 - 0x000007fec16e0000 	C:\Xilinx\SDK\2016.2\lib\win64.o\librdi_common.dll
0x000007fec1db0000 - 0x000007fec211e000 	C:\Xilinx\SDK\2016.2\lib\win64.o\libCOIN-all.dll
0x000007feeb620000 - 0x000007feeb83f000 	C:\Xilinx\SDK\2016.2\lib\win64.o\libXil_lmgr11.dll
0x000007fefaba0000 - 0x000007fefabb6000 	C:\Windows\system32\NETAPI32.dll
0x000007fefbf60000 - 0x000007fefbf6c000 	C:\Windows\system32\netutils.dll
0x000007fefc540000 - 0x000007fefc563000 	C:\Windows\system32\srvcli.dll
0x000007fefab80000 - 0x000007fefab95000 	C:\Windows\system32\wkscli.dll
0x000007fefce30000 - 0x000007fefce6b000 	C:\Windows\system32\WINTRUST.dll
0x000007fefacc0000 - 0x000007fefacd0000 	C:\Xilinx\SDK\2016.2\lib\win64.o\libboost_date_time.dll
0x000007fefa3f0000 - 0x000007fefa414000 	C:\Xilinx\SDK\2016.2\lib\win64.o\libboost_filesystem.dll
0x000007fefacb0000 - 0x000007fefacb9000 	C:\Xilinx\SDK\2016.2\lib\win64.o\libboost_system.dll
0x000007fef1b10000 - 0x000007fef1b87000 	C:\Xilinx\SDK\2016.2\lib\win64.o\libboost_program_options.dll
0x000007feeef60000 - 0x000007feef066000 	C:\Xilinx\SDK\2016.2\lib\win64.o\libboost_regex.dll
0x000007fef9800000 - 0x000007fef9813000 	C:\Xilinx\SDK\2016.2\lib\win64.o\libboost_signals.dll
0x000007fefaac0000 - 0x000007fefaadd000 	C:\Xilinx\SDK\2016.2\lib\win64.o\libboost_thread.dll
0x000007fefac10000 - 0x000007fefac1b000 	C:\Xilinx\SDK\2016.2\lib\win64.o\libboost_chrono.dll
0x000007fefabc0000 - 0x000007fefabcb000 	C:\Xilinx\SDK\2016.2\lib\win64.o\libboost_xilinx.dll
0x000007feef3e0000 - 0x000007feef460000 	C:\Xilinx\SDK\2016.2\lib\win64.o\libhdlpsolve.dll
0x000007feeeec0000 - 0x000007feeef5a000 	C:\Xilinx\SDK\2016.2\lib\win64.o\libhdxml.dll
0x000007fec1940000 - 0x000007fec1da5e00 	C:\Xilinx\SDK\2016.2\lib\win64.o\libisl_iostreams.dll
0x000007fef97e0000 - 0x000007fef97f6000 	C:\Xilinx\SDK\2016.2\lib\win64.o\libboost_iostreams.dll
0x000007fef36e0000 - 0x000007fef3703000 	C:\Xilinx\SDK\2016.2\lib\win64.o\librdizlib.dll
0x000007fef22b0000 - 0x000007fef22d3000 	C:\Xilinx\SDK\2016.2\lib\win64.o\libisl_iosutils.dll
0x000007fefac20000 - 0x000007fefac35000 	C:\Xilinx\SDK\2016.2\lib\win64.o\pthreadVC2.dll
0x000007feeee60000 - 0x000007feeeeb4000 	C:\Xilinx\SDK\2016.2\lib\win64.o\librdi_commonxillic.dll
0x000007fec3ca0000 - 0x000007fec3dd0000 	C:\Xilinx\SDK\2016.2\lib\win64.o\librdi_curl.dll
0x000007fef4890000 - 0x000007fef48a8000 	C:\Xilinx\SDK\2016.2\lib\win64.o\librdiconfig.dll
0x000000006c520000 - 0x000000006c647000 	C:\Xilinx\SDK\2016.2\lib\win64.o\tcl85t.dll
0x0000000026460000 - 0x00000000266c3000 	C:\Xilinx\SDK\2016.2\lib\win64.o\xerces-c_3_1.dll
0x000007fefd0b0000 - 0x000007fefd236000 	C:\Windows\system32\urlmon.dll
0x000007fefcb60000 - 0x000007fefcb64000 	C:\Windows\system32\api-ms-win-downlevel-ole32-l1-1-0.dll
0x000007feea0d0000 - 0x000007feea0f3000 	C:\Windows\system32\VCOMP110.DLL
0x000007fec1740000 - 0x000007fec1932000 	C:\Xilinx\SDK\2016.2\lib\win64.o\librdi_hsm.dll
0x000007feeee10000 - 0x000007feeee53000 	C:\Xilinx\SDK\2016.2\lib\win64.o\librdi_hdf.dll
0x000007fec01d0000 - 0x000007fec0451000 	C:\Xilinx\SDK\2016.2\lib\win64.o\librdi_ippcw.dll
0x000007fef76b0000 - 0x000007fef76ba000 	C:\Xilinx\SDK\2016.2\lib\win64.o\librdi_jtag_settings.dll
0x000007fef0f50000 - 0x000007fef0f79000 	C:\Xilinx\SDK\2016.2\lib\win64.o\librdi_debug_dialog.dll
0x000007fef7610000 - 0x000007fef7618000 	C:\Xilinx\SDK\2016.2\lib\win64.o\librdi_target_manager.dll
0x0000000071080000 - 0x00000000710a6000 	C:\Xilinx\SDK\2016.2\eclipse\win64.o\plugins\gnu.io.rxtx.win32.x86_64_2.1.7.3_v20071015\os\win32\x86_64\rxtxSerial.dll
0x000007fef0d00000 - 0x000007fef0d16000 	C:\Xilinx\SDK\2016.2\eclipse\win64.o\plugins\org.eclipse.cdt.core.win32.x86_64_5.4.0.201509131935\os\win32\x86_64\spawner.dll
0x000007febe690000 - 0x000007febeea0000 	C:\Xilinx\SDK\2016.2\lib\win64.o\libXil_lmgr11FNP.dll
0x000007fef4df0000 - 0x000007fef4dfb000 	C:\Windows\system32\snmpapi.dll

VM Arguments:
jvm_args: -Dcom.xilinx.sdk.args.hwspec=W:/feed_through/NexysVideo-master/Projects/hdmi/proj/hdmi.sdk/hdmi_wrapper.hdf -Xms64m -Xmx512m & 
java_command: <unknown>
java_class_path (initial): C:\Xilinx\SDK\2016.2\eclipse\win64.o\\plugins/org.eclipse.equinox.launcher_1.3.100.v20150511-1540.jar
Launcher Type: generic

Environment Variables:
PATH=C:/Xilinx/SDK/2016.2/tps/win64/jre/bin/server;C:/Xilinx/SDK/2016.2/tps/win64/jre/bin;C:/Xilinx/SDK/2016.2/tps/win64/jre/lib/amd64;C:\Xilinx\SDK\2016.2\gnuwin\bin;C:\Xilinx\SDK\2016.2\gnu\microblaze\nt\bin;C:\Xilinx\SDK\2016.2\gnu\microblaze\linux_toolchain\nt64_le\bin;C:\Xilinx\SDK\2016.2\gnu\microblaze\linux_toolchain\nt64_be\bin;C:\Xilinx\SDK\2016.2\gnu\arm\nt\bin;C:\Xilinx\SDK\2016.2\gnu\aarch64\nt\aarch64-none\bin;C:\Xilinx\SDK\2016.2\gnu\aarch64\nt\aarch64-linux\bin;C:\Xilinx\SDK\2016.2\gnu\armr5\nt\gcc-arm-none-eabi\bin;C:\Xilinx\SDK\2016.2\gnu\aarch32\nt\gcc-arm-none-eabi\bin;C:\Xilinx\SDK\2016.2\gnu\aarch32\nt\gcc-arm-linux-gnueabi\bin;C:\Xilinx\SDK\2016.2\tps\win64\cmake-3.3.2\bin;;C:\Xilinx\SDK\2016.2\bin;C:\Xilinx\SDK\2016.2\lib\win64.o;C:\Xilinx\SDK\2016.2\tps\win64\jre\bin\server;C:\Xilinx\SDK\2016.2\tps\win64\jre\bin;C:\Xilinx\Vivado\2016.2\ids_lite\ISE\bin\nt64;C:\Xilinx\Vivado\2016.2\ids_lite\ISE\lib\nt64;C:\Xilinx\Vivado\2016.2\bin;C:\Xilinx\Vivado\2016.2\lib\win64.o;C:\Xilinx\Vivado\2016.2\tps\win64\jre\bin\server;C:\Xilinx\Vivado\2016.2\tps\win64\jre\bin;C:\Xilinx\Vivado_HLS\2016.2\bin;C:\Windows\system32;C:\Windows;C:\Windows\System32\Wbem;C:\Windows\System32\WindowsPowerShell\v1.0\;C:\Program Files (x86)\Java\jre6\bin;C:\Program Files (x86)\eclipse;C:\altera\16.0\quartus\bin64;c:\altera\16.0\quartus\bin64\jre64\bin;w:\feed_through\NexysVideo-master\Projects\hdmi\proj;
USERNAME=tabrizim
OS=Windows_NT
PROCESSOR_IDENTIFIER=Intel64 Family 6 Model 60 Stepping 3, GenuineIntel



---------------  S Y S T E M  ---------------

OS: Windows 7 , 64 bit Build 7601 (6.1.7601.23418)

CPU:total 8 (4 cores per cpu, 2 threads per core) family 6 model 60 stepping 3, cmov, cx8, fxsr, mmx, sse, sse2, sse3, ssse3, sse4.1, sse4.2, popcnt, avx, avx2, aes, clmul, erms, lzcnt, ht, tsc, tscinvbit, bmi1, bmi2

Memory: 4k page, physical 16683160k(11318344k free), swap 33364460k(27647716k free)

vm_info: Java HotSpot(TM) 64-Bit Server VM (25.66-b18) for windows-amd64 JRE (1.8.0_66-b18), built on Nov  9 2015 10:51:13 by "java_re" with MS VC++ 10.0 (VS2010)

time: Mon Mar 20 19:12:08 2017
elapsed time: 360 seconds (0d 0h 6m 0s)

