#
# A fatal error has been detected by the Java Runtime Environment:
#
#  EXCEPTION_UNCAUGHT_CXX_EXCEPTION (0xe06d7363) at pc=0x000007fefd0fa06d, pid=4304, tid=1392
#
# JRE version: Java(TM) SE Runtime Environment (8.0_66-b18) (build 1.8.0_66-b18)
# Java VM: Java HotSpot(TM) 64-Bit Server VM (25.66-b18 mixed mode windows-amd64 compressed oops)
# Problematic frame:
# C  [KERNELBASE.dll+0x1a06d]
#
# Failed to write core dump. Minidumps are not enabled by default on client versions of Windows
#
# If you would like to submit a bug report, please visit:
#   http://bugreport.java.com/bugreport/crash.jsp
#

---------------  T H R E A D  ---------------

Current thread (0x0000000014df2800):  VMThread [stack: 0x0000000015d40000,0x0000000015e40000] [id=1392]

siginfo: ExceptionCode=0xe06d7363, ExceptionInformation=0x0000000019930520 0x0000000015e3f6c8 0x000007feebaf2cb8 0x000007feeba40000 

Registers:
RAX=0x00000000607f1274, RBX=0x000007feebaf2cb8, RCX=0x0000000015e3ef10, RDX=0x00000000000000d0
RSP=0x0000000015e3f520, RBP=0x0000000015e3f650, RSI=0x00000000ffffffff, RDI=0x000000000027b5d0
R8 =0x0000000000000000, R9 =0x0000000000000000, R10=0x000007feeba40000, R11=0x0000000015e3f560
R12=0x0000000000000001, R13=0x0000000000000008, R14=0x0000000000000000, R15=0xffffffffffffffff
RIP=0x000007fefd0fa06d, EFLAGS=0x0000000000000206

Top of Stack: (sp=0x0000000015e3f520)
0x0000000015e3f520:   000007feebaf2cb8 00000000ffffffff
0x0000000015e3f530:   000000000027b5d0 0000000000218260
0x0000000015e3f540:   00000001e06d7363 0000000000000000
0x0000000015e3f550:   000007fefd0fa06d 000007fe00000004
0x0000000015e3f560:   0000000019930520 0000000015e3f6c8
0x0000000015e3f570:   000007feebaf2cb8 000007feeba40000
0x0000000015e3f580:   0000000000000000 0000000015e3f608
0x0000000015e3f590:   0000000000000028 000000000027b5c0
0x0000000015e3f5a0:   0000000017464620 0000000000000000
0x0000000015e3f5b0:   000007fffffa6000 000000007738f2d3
0x0000000015e3f5c0:   0000000000000000 0000000000000008
0x0000000015e3f5d0:   0000000000000001 000000000027b5d0
0x0000000015e3f5e0:   00000000ffffffff 000007feeba9e92c
0x0000000015e3f5f0:   000007feebaf2cb8 0000000015e3f660
0x0000000015e3f600:   0000000000000001 000007feeba400f8
0x0000000015e3f610:   00000001e06d7363 0000000000000000 

Instructions: (pc=0x000007fefd0fa06d)
0x000007fefd0fa04d:   54 24 24 48 89 4c 24 28 4d 85 c9 0f 85 6a 03 00
0x000007fefd0fa05d:   00 89 4c 24 38 48 8d 4c 24 20 ff 15 33 02 03 00
0x000007fefd0fa06d:   48 81 c4 c8 00 00 00 c3 90 90 90 90 90 90 90 90
0x000007fefd0fa07d:   90 90 90 48 83 ec 28 65 48 8b 04 25 30 00 00 00 


Register to memory mapping:

RAX=0x00000000607f1274 is an unknown value
RBX=0x000007feebaf2cb8 is an unknown value
RCX=0x0000000015e3ef10 is an unknown value
RDX=0x00000000000000d0 is an unknown value
RSP=0x0000000015e3f520 is an unknown value
RBP=0x0000000015e3f650 is an unknown value
RSI=0x00000000ffffffff is an unknown value
RDI=0x000000000027b5d0 is an unknown value
R8 =0x0000000000000000 is an unknown value
R9 =0x0000000000000000 is an unknown value
R10=0x000007feeba40000 is an unknown value
R11=0x0000000015e3f560 is an unknown value
R12=0x0000000000000001 is an unknown value
R13=0x0000000000000008 is an unknown value
R14=0x0000000000000000 is an unknown value
R15=0xffffffffffffffff is an unknown value


Stack: [0x0000000015d40000,0x0000000015e40000],  sp=0x0000000015e3f520,  free space=1021k
Native frames: (J=compiled Java code, j=interpreted, Vv=VM code, C=native code)
C  [KERNELBASE.dll+0x1a06d]
C  [MSVCR110.dll+0x5e92c]
C  [MSVCR110.dll+0x1315c]
C  [MSVCR110.dll+0x136a9]
C  [MSVCR110.dll+0x13e9c]
C  [MSVCR110.dll+0x239e]
C  [MSVCR110.dll+0xaf9e]
C  [MSVCP110.dll+0x397b9]
C  [librdi_common.dll+0x182316]
C  [librdi_common.dll+0x180fab]
C  [librdi_target_manager.dll+0x2400]
C  [librdi_target_manager.dll+0x2682]
C  [ntdll.dll+0x229b1]
C  [ntdll.dll+0x227c0]
C  [MSVCR100.dll+0x20ccd]
V  [jvm.dll+0x210cc5]
V  [jvm.dll+0x249897]
V  [jvm.dll+0x248b36]
V  [jvm.dll+0x248fd1]
V  [jvm.dll+0x2491ee]
V  [jvm.dll+0x29a0fa]
C  [MSVCR100.dll+0x21d9f]
C  [MSVCR100.dll+0x21e3b]
C  [kernel32.dll+0x159bd]
C  [ntdll.dll+0x2a2e1]

VM_Operation (0x000000000012f4c0): Exit, mode: safepoint, requested by thread 0x0000000002378000


---------------  P R O C E S S  ---------------

Java Threads: ( => current thread )
  0x000000001b3ea000 JavaThread "pool-2-thread-1" [_thread_blocked, id=2744, stack(0x00000000267b0000,0x00000000268b0000)]
  0x000000001b3df800 JavaThread "Thread-32" [_thread_in_native, id=2752, stack(0x00000000262b0000,0x00000000263b0000)]
  0x000000001bb6e000 JavaThread "Thread-27" daemon [_thread_blocked, id=1924, stack(0x00000000264b0000,0x00000000265b0000)]
  0x000000001b3e8800 JavaThread "TCF Channel Transmitter" daemon [_thread_blocked, id=4488, stack(0x0000000022220000,0x0000000022320000)]
  0x000000001b3e8000 JavaThread "TCF Channel Receiver" daemon [_thread_in_native, id=3180, stack(0x0000000022120000,0x0000000022220000)]
  0x000000001b3e7000 JavaThread "Process monitor" daemon [_thread_in_native, id=4240, stack(0x0000000022020000,0x0000000022120000)]
  0x000000001b3e6800 JavaThread "Input Stream Monitor" daemon [_thread_blocked, id=4316, stack(0x0000000021f20000,0x0000000022020000)]
  0x000000001b3e5800 JavaThread "Output Stream Monitor" daemon [_thread_in_native, id=4064, stack(0x0000000021e20000,0x0000000021f20000)]
  0x000000001b3e5000 JavaThread "Output Stream Monitor" daemon [_thread_in_native, id=2916, stack(0x0000000021d20000,0x0000000021e20000)]
  0x000000001b3e4000 JavaThread "TCF Locator DNS Lookup" daemon [_thread_blocked, id=3984, stack(0x0000000021950000,0x0000000021a50000)]
  0x000000001b3e3800 JavaThread "TCF Locator Timer" daemon [_thread_blocked, id=4824, stack(0x0000000021850000,0x0000000021950000)]
  0x000000001b3e2800 JavaThread "TCF Locator Receiver" daemon [_thread_in_native, id=1828, stack(0x0000000021750000,0x0000000021850000)]
  0x000000001b3e1000 JavaThread "TCF Timer Dispatcher" daemon [_thread_blocked, id=4152, stack(0x00000000213f0000,0x00000000214f0000)]
  0x000000001b3db000 JavaThread "EMF Reference Cleaner" daemon [_thread_blocked, id=4608, stack(0x000000001d8a0000,0x000000001d9a0000)]
  0x0000000014eaf800 JavaThread "Service Thread" daemon [_thread_blocked, id=4484, stack(0x0000000016700000,0x0000000016800000)]
  0x0000000014e59800 JavaThread "C1 CompilerThread3" daemon [_thread_blocked, id=4620, stack(0x0000000016600000,0x0000000016700000)]
  0x0000000014e4c800 JavaThread "C2 CompilerThread2" daemon [_thread_blocked, id=4176, stack(0x0000000016500000,0x0000000016600000)]
  0x0000000014e49000 JavaThread "C2 CompilerThread1" daemon [_thread_blocked, id=3084, stack(0x0000000016400000,0x0000000016500000)]
  0x0000000014e45000 JavaThread "C2 CompilerThread0" daemon [_thread_blocked, id=4184, stack(0x0000000016300000,0x0000000016400000)]
  0x0000000014e3d800 JavaThread "Attach Listener" daemon [_thread_blocked, id=1816, stack(0x0000000016200000,0x0000000016300000)]
  0x0000000014e3c000 JavaThread "Signal Dispatcher" daemon [_thread_blocked, id=4644, stack(0x0000000016100000,0x0000000016200000)]
  0x0000000013c7b000 JavaThread "Finalizer" daemon [_thread_blocked, id=4720, stack(0x0000000015f40000,0x0000000016040000)]
  0x0000000013c74800 JavaThread "Reference Handler" daemon [_thread_blocked, id=1028, stack(0x0000000015e40000,0x0000000015f40000)]
  0x0000000002378000 JavaThread "main" [_thread_blocked, id=3912, stack(0x0000000000030000,0x0000000000130000)]

Other Threads:
=>0x0000000014df2800 VMThread [stack: 0x0000000015d40000,0x0000000015e40000] [id=1392]

VM state:at safepoint (shutting down)

VM Mutex/Monitor currently owned by a thread:  ([mutex/lock_event])
[0x000000000225e540] Threads_lock - owner thread: 0x0000000014df2800

Heap:
 PSYoungGen      total 144896K, used 79137K [0x00000000f5580000, 0x0000000100000000, 0x0000000100000000)
  eden space 117248K, 52% used [0x00000000f5580000,0x00000000f9125db0,0x00000000fc800000)
  from space 27648K, 65% used [0x00000000fe500000,0x00000000ff6a26a8,0x0000000100000000)
  to   space 28672K, 0% used [0x00000000fc800000,0x00000000fc800000,0x00000000fe400000)
 ParOldGen       total 95744K, used 48725K [0x00000000e0000000, 0x00000000e5d80000, 0x00000000f5580000)
  object space 95744K, 50% used [0x00000000e0000000,0x00000000e2f95710,0x00000000e5d80000)
 Metaspace       used 78473K, capacity 85626K, committed 85748K, reserved 1124352K
  class space    used 9362K, capacity 11758K, committed 11816K, reserved 1048576K

Card table byte_map: [0x00000000117d0000,0x00000000118e0000] byte_map_base: 0x00000000110d0000

Marking Bits: (ParMarkBitMap*) 0x000000006af4a5b0
 Begin Bits: [0x0000000012190000, 0x0000000012990000)
 End Bits:   [0x0000000012990000, 0x0000000013190000)

Polling page: 0x0000000002170000

CodeCache: size=245760Kb used=28785Kb max_used=29209Kb free=216975Kb
 bounds [0x0000000002410000, 0x00000000040e0000, 0x0000000011410000]
 total_blobs=8727 nmethods=7847 adapters=788
 compilation: enabled

Compilation events (10 events):
Event: 279.601 Thread 0x0000000014e4c800 nmethod 9946 0x0000000002d98ad0 code [0x0000000002d98ca0, 0x0000000002d99668]
Event: 279.601 Thread 0x0000000014e59800 nmethod 9954 0x000000000342f1d0 code [0x000000000342f360, 0x000000000342f9a8]
Event: 279.601 Thread 0x0000000014e59800 9956   !   3       org.eclipse.osgi.storage.ManifestLocalization::clearCache (28 bytes)
Event: 279.601 Thread 0x0000000014e59800 nmethod 9956 0x0000000002a44a90 code [0x0000000002a44c00, 0x0000000002a44fe8]
Event: 279.601 Thread 0x0000000014e59800 9957       3       org.eclipse.osgi.container.ModuleWiring::unload (6 bytes)
Event: 279.601 Thread 0x0000000014e59800 nmethod 9957 0x00000000031939d0 code [0x0000000003193b40, 0x0000000003193cc8]
Event: 279.601 Thread 0x0000000014e59800 9958       3       org.eclipse.osgi.container.ModuleWiring::invalidate0 (52 bytes)
Event: 279.601 Thread 0x0000000014e59800 nmethod 9958 0x000000000304ba10 code [0x000000000304bbc0, 0x000000000304c568]
Event: 279.601 Thread 0x0000000014e59800 9955       3       org.eclipse.osgi.internal.loader.ModuleClassLoader::close (8 bytes)
Event: 279.602 Thread 0x0000000014e59800 nmethod 9955 0x0000000003f93850 code [0x0000000003f939c0, 0x0000000003f93c18]

GC Heap History (10 events):
Event: 22.502 GC heap before
{Heap before GC invocations=20 (full 3):
 PSYoungGen      total 156672K, used 17917K [0x00000000f5580000, 0x0000000100000000, 0x0000000100000000)
  eden space 138752K, 0% used [0x00000000f5580000,0x00000000f5580000,0x00000000fdd00000)
  from space 17920K, 99% used [0x00000000fdd00000,0x00000000fee7f6d0,0x00000000fee80000)
  to   space 17920K, 0% used [0x00000000fee80000,0x00000000fee80000,0x0000000100000000)
 ParOldGen       total 57344K, used 31264K [0x00000000e0000000, 0x00000000e3800000, 0x00000000f5580000)
  object space 57344K, 54% used [0x00000000e0000000,0x00000000e1e882d0,0x00000000e3800000)
 Metaspace       used 39127K, capacity 42134K, committed 42156K, reserved 1085440K
  class space    used 4614K, capacity 5738K, committed 5760K, reserved 1048576K
Event: 22.624 GC heap after
Heap after GC invocations=20 (full 3):
 PSYoungGen      total 156672K, used 0K [0x00000000f5580000, 0x0000000100000000, 0x0000000100000000)
  eden space 138752K, 0% used [0x00000000f5580000,0x00000000f5580000,0x00000000fdd00000)
  from space 17920K, 0% used [0x00000000fdd00000,0x00000000fdd00000,0x00000000fee80000)
  to   space 17920K, 0% used [0x00000000fee80000,0x00000000fee80000,0x0000000100000000)
 ParOldGen       total 82944K, used 46748K [0x00000000e0000000, 0x00000000e5100000, 0x00000000f5580000)
  object space 82944K, 56% used [0x00000000e0000000,0x00000000e2da7138,0x00000000e5100000)
 Metaspace       used 39127K, capacity 42134K, committed 42156K, reserved 1085440K
  class space    used 4614K, capacity 5738K, committed 5760K, reserved 1048576K
}
Event: 33.889 GC heap before
{Heap before GC invocations=21 (full 3):
 PSYoungGen      total 156672K, used 138752K [0x00000000f5580000, 0x0000000100000000, 0x0000000100000000)
  eden space 138752K, 100% used [0x00000000f5580000,0x00000000fdd00000,0x00000000fdd00000)
  from space 17920K, 0% used [0x00000000fdd00000,0x00000000fdd00000,0x00000000fee80000)
  to   space 17920K, 0% used [0x00000000fee80000,0x00000000fee80000,0x0000000100000000)
 ParOldGen       total 82944K, used 46748K [0x00000000e0000000, 0x00000000e5100000, 0x00000000f5580000)
  object space 82944K, 56% used [0x00000000e0000000,0x00000000e2da7138,0x00000000e5100000)
 Metaspace       used 61139K, capacity 66882K, committed 67020K, reserved 1107968K
  class space    used 7282K, capacity 9110K, committed 9216K, reserved 1048576K
Event: 33.906 GC heap after
Heap after GC invocations=21 (full 3):
 PSYoungGen      total 136192K, used 17888K [0x00000000f5580000, 0x0000000100000000, 0x0000000100000000)
  eden space 118272K, 0% used [0x00000000f5580000,0x00000000f5580000,0x00000000fc900000)
  from space 17920K, 99% used [0x00000000fee80000,0x00000000ffff82b8,0x0000000100000000)
  to   space 28160K, 0% used [0x00000000fc900000,0x00000000fc900000,0x00000000fe480000)
 ParOldGen       total 82944K, used 56607K [0x00000000e0000000, 0x00000000e5100000, 0x00000000f5580000)
  object space 82944K, 68% used [0x00000000e0000000,0x00000000e3747d18,0x00000000e5100000)
 Metaspace       used 61139K, capacity 66882K, committed 67020K, reserved 1107968K
  class space    used 7282K, capacity 9110K, committed 9216K, reserved 1048576K
}
Event: 36.362 GC heap before
{Heap before GC invocations=22 (full 3):
 PSYoungGen      total 136192K, used 40647K [0x00000000f5580000, 0x0000000100000000, 0x0000000100000000)
  eden space 118272K, 19% used [0x00000000f5580000,0x00000000f6bb9ae8,0x00000000fc900000)
  from space 17920K, 99% used [0x00000000fee80000,0x00000000ffff82b8,0x0000000100000000)
  to   space 28160K, 0% used [0x00000000fc900000,0x00000000fc900000,0x00000000fe480000)
 ParOldGen       total 82944K, used 56607K [0x00000000e0000000, 0x00000000e5100000, 0x00000000f5580000)
  object space 82944K, 68% used [0x00000000e0000000,0x00000000e3747d18,0x00000000e5100000)
 Metaspace       used 64087K, capacity 70074K, committed 70260K, reserved 1110016K
  class space    used 7659K, capacity 9620K, committed 9640K, reserved 1048576K
Event: 36.372 GC heap after
Heap after GC invocations=22 (full 3):
 PSYoungGen      total 146432K, used 3874K [0x00000000f5580000, 0x0000000100000000, 0x0000000100000000)
  eden space 118272K, 0% used [0x00000000f5580000,0x00000000f5580000,0x00000000fc900000)
  from space 28160K, 13% used [0x00000000fc900000,0x00000000fccc8860,0x00000000fe480000)
  to   space 27648K, 0% used [0x00000000fe500000,0x00000000fe500000,0x0000000100000000)
 ParOldGen       total 82944K, used 66903K [0x00000000e0000000, 0x00000000e5100000, 0x00000000f5580000)
  object space 82944K, 80% used [0x00000000e0000000,0x00000000e4155f78,0x00000000e5100000)
 Metaspace       used 64087K, capacity 70074K, committed 70260K, reserved 1110016K
  class space    used 7659K, capacity 9620K, committed 9640K, reserved 1048576K
}
Event: 36.372 GC heap before
{Heap before GC invocations=23 (full 4):
 PSYoungGen      total 146432K, used 3874K [0x00000000f5580000, 0x0000000100000000, 0x0000000100000000)
  eden space 118272K, 0% used [0x00000000f5580000,0x00000000f5580000,0x00000000fc900000)
  from space 28160K, 13% used [0x00000000fc900000,0x00000000fccc8860,0x00000000fe480000)
  to   space 27648K, 0% used [0x00000000fe500000,0x00000000fe500000,0x0000000100000000)
 ParOldGen       total 82944K, used 66903K [0x00000000e0000000, 0x00000000e5100000, 0x00000000f5580000)
  object space 82944K, 80% used [0x00000000e0000000,0x00000000e4155f78,0x00000000e5100000)
 Metaspace       used 64087K, capacity 70074K, committed 70260K, reserved 1110016K
  class space    used 7659K, capacity 9620K, committed 9640K, reserved 1048576K
Event: 36.463 GC heap after
Heap after GC invocations=23 (full 4):
 PSYoungGen      total 146432K, used 0K [0x00000000f5580000, 0x0000000100000000, 0x0000000100000000)
  eden space 118272K, 0% used [0x00000000f5580000,0x00000000f5580000,0x00000000fc900000)
  from space 28160K, 0% used [0x00000000fc900000,0x00000000fc900000,0x00000000fe480000)
  to   space 27648K, 0% used [0x00000000fe500000,0x00000000fe500000,0x0000000100000000)
 ParOldGen       total 95744K, used 48717K [0x00000000e0000000, 0x00000000e5d80000, 0x00000000f5580000)
  object space 95744K, 50% used [0x00000000e0000000,0x00000000e2f93710,0x00000000e5d80000)
 Metaspace       used 64087K, capacity 70074K, committed 70260K, reserved 1110016K
  class space    used 7659K, capacity 9620K, committed 9640K, reserved 1048576K
}
Event: 57.223 GC heap before
{Heap before GC invocations=24 (full 4):
 PSYoungGen      total 146432K, used 118272K [0x00000000f5580000, 0x0000000100000000, 0x0000000100000000)
  eden space 118272K, 100% used [0x00000000f5580000,0x00000000fc900000,0x00000000fc900000)
  from space 28160K, 0% used [0x00000000fc900000,0x00000000fc900000,0x00000000fe480000)
  to   space 27648K, 0% used [0x00000000fe500000,0x00000000fe500000,0x0000000100000000)
 ParOldGen       total 95744K, used 48717K [0x00000000e0000000, 0x00000000e5d80000, 0x00000000f5580000)
  object space 95744K, 50% used [0x00000000e0000000,0x00000000e2f93710,0x00000000e5d80000)
 Metaspace       used 77116K, capacity 84288K, committed 84596K, reserved 1122304K
  class space    used 9248K, capacity 11595K, committed 11688K, reserved 1048576K
Event: 57.233 GC heap after
Heap after GC invocations=24 (full 4):
 PSYoungGen      total 144896K, used 18057K [0x00000000f5580000, 0x0000000100000000, 0x0000000100000000)
  eden space 117248K, 0% used [0x00000000f5580000,0x00000000f5580000,0x00000000fc800000)
  from space 27648K, 65% used [0x00000000fe500000,0x00000000ff6a26a8,0x0000000100000000)
  to   space 28672K, 0% used [0x00000000fc800000,0x00000000fc800000,0x00000000fe400000)
 ParOldGen       total 95744K, used 48725K [0x00000000e0000000, 0x00000000e5d80000, 0x00000000f5580000)
  object space 95744K, 50% used [0x00000000e0000000,0x00000000e2f95710,0x00000000e5d80000)
 Metaspace       used 77116K, capacity 84288K, committed 84596K, reserved 1122304K
  class space    used 9248K, capacity 11595K, committed 11688K, reserved 1048576K
}

Deoptimization events (10 events):
Event: 277.999 Thread 0x000000001bb65800 Uncommon trap: reason=class_check action=maybe_recompile pc=0x0000000003fc60bc method=org.eclipse.e4.core.internal.contexts.TrackableComputationExt.update(Lorg/eclipse/e4/core/internal/contexts/ContextChangeEvent;)Z @ 62
Event: 277.999 Thread 0x000000001bb65800 Uncommon trap: reason=class_check action=maybe_recompile pc=0x0000000003fc60bc method=org.eclipse.e4.core.internal.contexts.TrackableComputationExt.update(Lorg/eclipse/e4/core/internal/contexts/ContextChangeEvent;)Z @ 62
Event: 278.209 Thread 0x000000001bb6d000 Uncommon trap: reason=unstable_if action=reinterpret pc=0x000000000258ede4 method=sun.nio.cs.SingleByte$Encoder.encode(C)I @ 13
Event: 278.209 Thread 0x000000001bb6d000 Uncommon trap: reason=unstable_if action=reinterpret pc=0x00000000038c2d48 method=java.nio.charset.CharsetEncoder.encode(Ljava/nio/CharBuffer;Ljava/nio/ByteBuffer;Z)Ljava/nio/charset/CoderResult; @ 105
Event: 279.094 Thread 0x000000001bb65800 Uncommon trap: reason=unstable_if action=reinterpret pc=0x000000000348979c method=org.eclipse.osgi.internal.hooks.EclipseLazyStarter.shouldActivateFor(Ljava/lang/String;Lorg/eclipse/osgi/container/Module;Lorg/eclipse/osgi/container/ModuleRevision;Lorg/ecli™¹à rq@
Event: 279.132 Thread 0x000000001bb65800 Uncommon trap: reason=null_check action=maybe_recompile pc=0x0000000003dc44f0 method=com.xilinx.sdk.targetmanager.internal.json.XMDJSONProcess.issueCommand(Ljava/lang/String;)Lcom/xilinx/sdk/targetmanager/internal/IXMDResult; @ 3
Event: 279.153 Thread 0x0000000016aba800 Uncommon trap: reason=bimorphic action=maybe_recompile pc=0x0000000002dedde4 method=org.eclipse.osgi.internal.framework.BundleContextImpl.dispatchEvent(Ljava/lang/Object;Ljava/lang/Object;ILjava/lang/Object;)V @ 375
Event: 279.154 Thread 0x0000000016aba800 Uncommon trap: reason=unstable_if action=reinterpret pc=0x0000000002ded8b8 method=org.eclipse.osgi.internal.framework.BundleContextImpl.dispatchEvent(Ljava/lang/Object;Ljava/lang/Object;ILjava/lang/Object;)V @ 16
Event: 279.166 Thread 0x000000001bb65800 Uncommon trap: reason=unstable_if action=reinterpret pc=0x0000000003c98730 method=java.io.BufferedInputStream.fill()V @ 9
Event: 279.594 Thread 0x000000001bb65800 Uncommon trap: reason=unstable_if action=reinterpret pc=0x0000000002fc719c method=sun.reflect.UnsafeStaticObjectFieldAccessorImpl.set(Ljava/lang/Object;Ljava/lang/Object;)V @ 13

Internal exceptions (10 events):
Event: 276.905 Thread 0x0000000002378000 Implicit null exception at 0x0000000002d79795 to 0x0000000002d79ce1
Event: 278.208 Thread 0x000000001bb68800 Exception <a 'java/lang/InterruptedException'> (0x00000000f879e108) thrown at [C:\re\workspace\8-2-build-windows-amd64-cygwin\jdk8u66\5298\hotspot\src\share\vm\runtime\objectMonitor.cpp, line 1683]
Event: 279.132 Thread 0x000000001bb65800 Implicit null exception at 0x0000000003dc22c7 to 0x0000000003dc44e1
Event: 279.132 Thread 0x000000001bb65800 Exception <a 'java/lang/NullPointerException'> (0x00000000f8a4d2c8) thrown at [C:\re\workspace\8-2-build-windows-amd64-cygwin\jdk8u66\5298\hotspot\src\share\vm\prims\jvm.cpp, line 1390]
Event: 279.575 Thread 0x000000001b3de000 Exception <a 'java/lang/InterruptedException'> (0x00000000f6b8c988) thrown at [C:\re\workspace\8-2-build-windows-amd64-cygwin\jdk8u66\5298\hotspot\src\share\vm\runtime\objectMonitor.cpp, line 1683]
Event: 279.594 Thread 0x000000001bb65800 Implicit null exception at 0x0000000002fc6d97 to 0x0000000002fc7189
Event: 279.594 Thread 0x0000000016aba800 Exception <a 'java/lang/InterruptedException'> (0x00000000f8d423c8) thrown at [C:\re\workspace\8-2-build-windows-amd64-cygwin\jdk8u66\5298\hotspot\src\share\vm\runtime\objectMonitor.cpp, line 1683]
Event: 279.597 Thread 0x000000001508a000 Exception <a 'java/lang/InterruptedException'> (0x00000000f8105c68) thrown at [C:\re\workspace\8-2-build-windows-amd64-cygwin\jdk8u66\5298\hotspot\src\share\vm\runtime\objectMonitor.cpp, line 1683]
Event: 279.597 Thread 0x0000000015066000 Exception <a 'java/lang/InterruptedException'> (0x00000000f8ed5290) thrown at [C:\re\workspace\8-2-build-windows-amd64-cygwin\jdk8u66\5298\hotspot\src\share\vm\runtime\objectMonitor.cpp, line 1683]
Event: 279.597 Thread 0x0000000018961000 Exception <a 'java/lang/InterruptedException'> (0x00000000f8eea5f8) thrown at [C:\re\workspace\8-2-build-windows-amd64-cygwin\jdk8u66\5298\hotspot\src\share\vm\runtime\objectMonitor.cpp, line 1683]

Events (10 events):
Event: 279.601 loading class java/util/IdentityHashMap$IdentityHashMapIterator
Event: 279.601 loading class java/util/IdentityHashMap$IdentityHashMapIterator done
Event: 279.601 loading class java/util/IdentityHashMap$KeyIterator done
Event: 279.601 Thread 0x000000001bb65800 Thread added: 0x000000001bb65800
Event: 279.601 Executing VM operation: RevokeBias
Event: 279.601 Executing VM operation: RevokeBias done
Event: 279.601 Executing VM operation: RevokeBias
Event: 279.601 Executing VM operation: RevokeBias done
Event: 279.601 Thread 0x000000001bb65800 Thread exited: 0x000000001bb65800
Event: 279.602 Executing VM operation: Exit


Dynamic libraries:
0x0000000000400000 - 0x000000000044f000 	C:\Xilinx\SDK\2016.2\eclipse\win64.o\eclipse.exe
0x0000000077340000 - 0x00000000774ea000 	C:\Windows\SYSTEM32\ntdll.dll
0x0000000077220000 - 0x000000007733f000 	C:\Windows\system32\kernel32.dll
0x000007fefd0e0000 - 0x000007fefd14a000 	C:\Windows\system32\KERNELBASE.dll
0x0000000077120000 - 0x000000007721a000 	C:\Windows\system32\USER32.dll
0x000007feff4c0000 - 0x000007feff527000 	C:\Windows\system32\GDI32.dll
0x000007fefd8c0000 - 0x000007fefd8ce000 	C:\Windows\system32\LPK.dll
0x000007fefd7f0000 - 0x000007fefd8ba000 	C:\Windows\system32\USP10.dll
0x000007feff0c0000 - 0x000007feff15f000 	C:\Windows\system32\msvcrt.dll
0x000007fefb990000 - 0x000007fefbb84000 	C:\Windows\WinSxS\amd64_microsoft.windows.common-controls_6595b64144ccf1df_6.0.7601.18837_none_fa3b1e3d17594757\COMCTL32.dll
0x000007fefec20000 - 0x000007fefec91000 	C:\Windows\system32\SHLWAPI.dll
0x000007fefdc50000 - 0x000007fefdc7e000 	C:\Windows\system32\IMM32.DLL
0x000007feff540000 - 0x000007feff649000 	C:\Windows\system32\MSCTF.dll
0x0000000072000000 - 0x0000000072012000 	C:\Xilinx\SDK\2016.2\eclipse\win64.o\plugins\org.eclipse.equinox.launcher.win32.win32.x86_64_1.1.300.v20150602-1417\eclipse_1611.dll
0x000007fefeb40000 - 0x000007fefec1b000 	C:\Windows\system32\ADVAPI32.dll
0x000007fefd7d0000 - 0x000007fefd7ef000 	C:\Windows\SYSTEM32\sechost.dll
0x000007fefdc80000 - 0x000007fefddad000 	C:\Windows\system32\RPCRT4.dll
0x000007fefc110000 - 0x000007fefc11c000 	C:\Windows\system32\VERSION.dll
0x000007fefb930000 - 0x000007fefb986000 	C:\Windows\system32\UxTheme.dll
0x000000006a740000 - 0x000000006afc9000 	C:\Xilinx\SDK\2016.2\tps\win64\jre\bin\server\jvm.dll
0x000007fefa850000 - 0x000007fefa859000 	C:\Windows\system32\WSOCK32.dll
0x000007fefd8d0000 - 0x000007fefd91d000 	C:\Windows\system32\WS2_32.dll
0x000007feff530000 - 0x000007feff538000 	C:\Windows\system32\NSI.dll
0x000007fef9e50000 - 0x000007fef9e8b000 	C:\Windows\system32\WINMM.dll
0x0000000077500000 - 0x0000000077507000 	C:\Windows\system32\PSAPI.DLL
0x000000006b450000 - 0x000000006b522000 	C:\Windows\system32\MSVCR100.dll
0x00000000747a0000 - 0x00000000747af000 	C:\Xilinx\SDK\2016.2\tps\win64\jre\bin\verify.dll
0x0000000074770000 - 0x0000000074799000 	C:\Xilinx\SDK\2016.2\tps\win64\jre\bin\java.dll
0x0000000074750000 - 0x0000000074766000 	C:\Xilinx\SDK\2016.2\tps\win64\jre\bin\zip.dll
0x000007fefddb0000 - 0x000007fefeb39000 	C:\Windows\system32\SHELL32.dll
0x000007fefeca0000 - 0x000007fefeea3000 	C:\Windows\system32\ole32.dll
0x000007fefd080000 - 0x000007fefd08f000 	C:\Windows\system32\profapi.dll
0x000007fefc880000 - 0x000007fefc898000 	C:\Windows\system32\CRYPTSP.dll
0x000007fefc580000 - 0x000007fefc5c7000 	C:\Windows\system32\rsaenh.dll
0x000007fefd0b0000 - 0x000007fefd0ce000 	C:\Windows\system32\USERENV.dll
0x000007fefcee0000 - 0x000007fefceef000 	C:\Windows\system32\CRYPTBASE.dll
0x0000000074730000 - 0x000000007474a000 	C:\Xilinx\SDK\2016.2\tps\win64\jre\bin\net.dll
0x000007fefc820000 - 0x000007fefc875000 	C:\Windows\system32\mswsock.dll
0x000007fefc810000 - 0x000007fefc817000 	C:\Windows\System32\wship6.dll
0x000007fef9840000 - 0x000007fef9867000 	C:\Windows\system32\IPHLPAPI.DLL
0x000007fef9830000 - 0x000007fef983b000 	C:\Windows\system32\WINNSI.DLL
0x000007fefa7f0000 - 0x000007fefa801000 	C:\Windows\system32\dhcpcsvc6.DLL
0x000007fefa7d0000 - 0x000007fefa7e8000 	C:\Windows\system32\dhcpcsvc.DLL
0x0000000074710000 - 0x0000000074721000 	C:\Xilinx\SDK\2016.2\tps\win64\jre\bin\nio.dll
0x000007fef9ad0000 - 0x000007fef9ae5000 	C:\Windows\system32\NLAapi.dll
0x000007fef9600000 - 0x000007fef9615000 	C:\Windows\system32\napinsp.dll
0x000007fef9620000 - 0x000007fef9639000 	C:\Windows\system32\pnrpnsp.dll
0x000007fefc6a0000 - 0x000007fefc6fb000 	C:\Windows\system32\DNSAPI.dll
0x000007fef95f0000 - 0x000007fef95fb000 	C:\Windows\System32\winrnr.dll
0x000007fefc1e0000 - 0x000007fefc1e7000 	C:\Windows\System32\wshtcpip.dll
0x000007fef96e0000 - 0x000007fef96e8000 	C:\Windows\system32\rasadhlp.dll
0x000007fefa880000 - 0x000007fefa8d3000 	C:\Windows\System32\fwpuclnt.dll
0x0000000017720000 - 0x00000000177c8000 	C:\Users\wanxing1\.Xilinx\SDK\2016.2\org.eclipse.osgi\312\0\.cp\swt-win32-4527.dll
0x000007feff3e0000 - 0x000007feff4b8000 	C:\Windows\system32\OLEAUT32.dll
0x000007feff340000 - 0x000007feff3d7000 	C:\Windows\system32\comdlg32.dll
0x000007fef69d0000 - 0x000007fef6a41000 	C:\Windows\system32\WINSPOOL.DRV
0x000007fefd500000 - 0x000007fefd7c5000 	C:\Windows\system32\WININET.dll
0x000007fefd2c0000 - 0x000007fefd2c4000 	C:\Windows\system32\api-ms-win-downlevel-user32-l1-1-0.dll
0x000007fefd0d0000 - 0x000007fefd0d4000 	C:\Windows\system32\api-ms-win-downlevel-shlwapi-l1-1-0.dll
0x000007fefd2a0000 - 0x000007fefd2a4000 	C:\Windows\system32\api-ms-win-downlevel-version-l1-1-0.dll
0x000007fefd150000 - 0x000007fefd153000 	C:\Windows\system32\api-ms-win-downlevel-normaliz-l1-1-0.dll
0x0000000077510000 - 0x0000000077513000 	C:\Windows\system32\normaliz.DLL
0x000007fefd980000 - 0x000007fefdc49000 	C:\Windows\system32\iertutil.dll
0x000007fefd2b0000 - 0x000007fefd2b5000 	C:\Windows\system32\api-ms-win-downlevel-advapi32-l1-1-0.dll
0x000007fefd2d0000 - 0x000007fefd43d000 	C:\Windows\system32\CRYPT32.dll
0x000007fefd090000 - 0x000007fefd09f000 	C:\Windows\system32\MSASN1.dll
0x000007fefb400000 - 0x000007fefb52c000 	C:\Windows\system32\propsys.dll
0x000007fefd440000 - 0x000007fefd4d9000 	C:\Windows\system32\CLBCatQ.DLL
0x00000000171c0000 - 0x00000000171de000 	C:\Users\wanxing1\.Xilinx\SDK\2016.2\org.eclipse.osgi\312\0\.cp\swt-gdip-win32-4527.dll
0x000007fefb710000 - 0x000007fefb926000 	C:\Windows\WinSxS\amd64_microsoft.windows.gdiplus_6595b64144ccf1df_1.1.7601.23508_none_145555328b95eaaa\gdiplus.dll
0x000007fefb230000 - 0x000007fefb391000 	C:\Windows\system32\WindowsCodecs.dll
0x0000000180000000 - 0x0000000180012000 	C:\Users\wanxing1\.Xilinx\SDK\2016.2\org.eclipse.osgi\126\0\.cp\os\win32\x86_64\localfile_1_0_0.dll
0x000007fef1210000 - 0x000007fef1264000 	C:\Windows\system32\oleacc.dll
0x000007fef7610000 - 0x000007fef7617000 	C:\Windows\system32\msimg32.dll
0x000007fefcfd0000 - 0x000007fefcfe4000 	C:\Windows\system32\RpcRtRemote.dll
0x000007fefce80000 - 0x000007fefced7000 	C:\Windows\system32\apphelp.dll
0x000007fec32d0000 - 0x000007fec32e1000 	C:\Users\wanxing1\.Xilinx\SDK\2016.2\org.eclipse.osgi\129\0\.cp\jWinHttp-1.0.0.dll
0x000007fefa210000 - 0x000007fefa281000 	C:\Windows\system32\WINHTTP.dll
0x000007fefa1a0000 - 0x000007fefa204000 	C:\Windows\system32\webio.dll
0x000007fefce50000 - 0x000007fefce75000 	C:\Windows\system32\SspiCli.dll
0x000007fefc440000 - 0x000007fefc44a000 	C:\Windows\system32\credssp.dll
0x000007fefd1c0000 - 0x000007fefd1f6000 	C:\Windows\system32\CFGMGR32.dll
0x000007fef9fa0000 - 0x000007fef9faf000 	C:\Xilinx\SDK\2016.2\lib\win64.o\librdi_repo_manager.dll
0x000007fec3080000 - 0x000007fec30aa000 	C:\Xilinx\SDK\2016.2\lib\win64.o\libisl_sysinfo.dll
0x000007feeba40000 - 0x000007feebb14000 	C:\Windows\system32\MSVCR110.dll
0x000007feeb910000 - 0x000007feeb9b7000 	C:\Windows\system32\MSVCP110.dll
0x000007fec06d0000 - 0x000007fec1110000 	C:\Xilinx\SDK\2016.2\lib\win64.o\librdi_common.dll
0x000007fec17e0000 - 0x000007fec1b4e000 	C:\Xilinx\SDK\2016.2\lib\win64.o\libCOIN-all.dll
0x000007fec15c0000 - 0x000007fec17df000 	C:\Xilinx\SDK\2016.2\lib\win64.o\libXil_lmgr11.dll
0x000007fefb0f0000 - 0x000007fefb106000 	C:\Windows\system32\NETAPI32.dll
0x000007fefc4b0000 - 0x000007fefc4bc000 	C:\Windows\system32\netutils.dll
0x000007fefcb00000 - 0x000007fefcb23000 	C:\Windows\system32\srvcli.dll
0x000007fefb0d0000 - 0x000007fefb0e5000 	C:\Windows\system32\wkscli.dll
0x000007fefd160000 - 0x000007fefd19b000 	C:\Windows\system32\WINTRUST.dll
0x000007fefb1b0000 - 0x000007fefb1c0000 	C:\Xilinx\SDK\2016.2\lib\win64.o\libboost_date_time.dll
0x000007fef8ac0000 - 0x000007fef8ae4000 	C:\Xilinx\SDK\2016.2\lib\win64.o\libboost_filesystem.dll
0x000007fefa820000 - 0x000007fefa829000 	C:\Xilinx\SDK\2016.2\lib\win64.o\libboost_system.dll
0x000007fef8a40000 - 0x000007fef8ab7000 	C:\Xilinx\SDK\2016.2\lib\win64.o\libboost_program_options.dll
0x000007fec3110000 - 0x000007fec3216000 	C:\Xilinx\SDK\2016.2\lib\win64.o\libboost_regex.dll
0x000007fefa070000 - 0x000007fefa083000 	C:\Xilinx\SDK\2016.2\lib\win64.o\libboost_signals.dll
0x000007fef8a20000 - 0x000007fef8a3d000 	C:\Xilinx\SDK\2016.2\lib\win64.o\libboost_thread.dll
0x000007fefa810000 - 0x000007fefa81b000 	C:\Xilinx\SDK\2016.2\lib\win64.o\libboost_chrono.dll
0x000007fef8a10000 - 0x000007fef8a1b000 	C:\Xilinx\SDK\2016.2\lib\win64.o\libboost_xilinx.dll
0x000007feedba0000 - 0x000007feedc20000 	C:\Xilinx\SDK\2016.2\lib\win64.o\libhdlpsolve.dll
0x000007feedb00000 - 0x000007feedb9a000 	C:\Xilinx\SDK\2016.2\lib\win64.o\libhdxml.dll
0x000007fec1150000 - 0x000007fec15b5e00 	C:\Xilinx\SDK\2016.2\lib\win64.o\libisl_iostreams.dll
0x000007feee1c0000 - 0x000007feee1d6000 	C:\Xilinx\SDK\2016.2\lib\win64.o\libboost_iostreams.dll
0x000007fec30e0000 - 0x000007fec3103000 	C:\Xilinx\SDK\2016.2\lib\win64.o\librdizlib.dll
0x000007fec30b0000 - 0x000007fec30d3000 	C:\Xilinx\SDK\2016.2\lib\win64.o\libisl_iosutils.dll
0x000007fefb040000 - 0x000007fefb055000 	C:\Xilinx\SDK\2016.2\lib\win64.o\pthreadVC2.dll
0x000007fec3020000 - 0x000007fec3074000 	C:\Xilinx\SDK\2016.2\lib\win64.o\librdi_commonxillic.dll
0x000007fec05a0000 - 0x000007fec06d0000 	C:\Xilinx\SDK\2016.2\lib\win64.o\librdi_curl.dll
0x000007feee1e0000 - 0x000007feee1f8000 	C:\Xilinx\SDK\2016.2\lib\win64.o\librdiconfig.dll
0x000000006a4e0000 - 0x000000006a607000 	C:\Xilinx\SDK\2016.2\lib\win64.o\tcl85t.dll
0x0000000023610000 - 0x0000000023873000 	C:\Xilinx\SDK\2016.2\lib\win64.o\xerces-c_3_1.dll
0x000007fefef30000 - 0x000007feff0b6000 	C:\Windows\system32\urlmon.dll
0x000007fefd0a0000 - 0x000007fefd0a4000 	C:\Windows\system32\api-ms-win-downlevel-ole32-l1-1-0.dll
0x000007fee7dd0000 - 0x000007fee7df3000 	C:\Windows\system32\VCOMP110.DLL
0x000007fec2370000 - 0x000007fec2562000 	C:\Xilinx\SDK\2016.2\lib\win64.o\librdi_hsm.dll
0x000007fec2e50000 - 0x000007fec2e93000 	C:\Xilinx\SDK\2016.2\lib\win64.o\librdi_hdf.dll
0x000007febfad0000 - 0x000007febfd51000 	C:\Xilinx\SDK\2016.2\lib\win64.o\librdi_ippcw.dll
0x0000000071080000 - 0x00000000710a6000 	C:\Xilinx\SDK\2016.2\eclipse\win64.o\plugins\gnu.io.rxtx.win32.x86_64_2.1.7.3_v20071015\os\win32\x86_64\rxtxSerial.dll
0x000007fec2e10000 - 0x000007fec2e26000 	C:\Xilinx\SDK\2016.2\eclipse\win64.o\plugins\org.eclipse.cdt.core.win32.x86_64_5.4.0.201509131935\os\win32\x86_64\spawner.dll
0x000007fef8a00000 - 0x000007fef8a0a000 	C:\Xilinx\SDK\2016.2\lib\win64.o\librdi_jtag_settings.dll
0x000007fec2de0000 - 0x000007fec2e09000 	C:\Xilinx\SDK\2016.2\lib\win64.o\librdi_debug_dialog.dll
0x000007fef8820000 - 0x000007fef8828000 	C:\Xilinx\SDK\2016.2\lib\win64.o\librdi_target_manager.dll
0x000007feb53d0000 - 0x000007feb5be0000 	C:\Xilinx\SDK\2016.2\lib\win64.o\libXil_lmgr11FNP.dll
0x000007fefa0e0000 - 0x000007fefa0eb000 	C:\Windows\system32\snmpapi.dll

VM Arguments:
jvm_args: -Dcom.xilinx.sdk.args.hwspec=W:/ECE532/feed_through/NexysVideo-master/Projects/hdmi/proj/hdmi.sdk/hdmi_wrapper.hdf -Xms64m -Xmx512m & 
java_command: <unknown>
java_class_path (initial): C:\Xilinx\SDK\2016.2\eclipse\win64.o\\plugins/org.eclipse.equinox.launcher_1.3.100.v20150511-1540.jar
Launcher Type: generic

Environment Variables:
PATH=C:/Xilinx/SDK/2016.2/tps/win64/jre/bin/server;C:/Xilinx/SDK/2016.2/tps/win64/jre/bin;C:/Xilinx/SDK/2016.2/tps/win64/jre/lib/amd64;C:\Xilinx\SDK\2016.2\gnuwin\bin;C:\Xilinx\SDK\2016.2\gnu\microblaze\nt\bin;C:\Xilinx\SDK\2016.2\gnu\microblaze\linux_toolchain\nt64_le\bin;C:\Xilinx\SDK\2016.2\gnu\microblaze\linux_toolchain\nt64_be\bin;C:\Xilinx\SDK\2016.2\gnu\arm\nt\bin;C:\Xilinx\SDK\2016.2\gnu\aarch64\nt\aarch64-none\bin;C:\Xilinx\SDK\2016.2\gnu\aarch64\nt\aarch64-linux\bin;C:\Xilinx\SDK\2016.2\gnu\armr5\nt\gcc-arm-none-eabi\bin;C:\Xilinx\SDK\2016.2\gnu\aarch32\nt\gcc-arm-none-eabi\bin;C:\Xilinx\SDK\2016.2\gnu\aarch32\nt\gcc-arm-linux-gnueabi\bin;C:\Xilinx\SDK\2016.2\tps\win64\cmake-3.3.2\bin;;C:\Xilinx\SDK\2016.2\bin;C:\Xilinx\SDK\2016.2\lib\win64.o;C:\Xilinx\SDK\2016.2\tps\win64\jre\bin\server;C:\Xilinx\SDK\2016.2\tps\win64\jre\bin;C:\Xilinx\Vivado\2016.2\ids_lite\ISE\bin\nt64;C:\Xilinx\Vivado\2016.2\ids_lite\ISE\lib\nt64;C:\Xilinx\Vivado\2016.2\bin;C:\Xilinx\Vivado\2016.2\lib\win64.o;C:\Xilinx\Vivado\2016.2\tps\win64\jre\bin\server;C:\Xilinx\Vivado\2016.2\tps\win64\jre\bin;C:\Xilinx\Vivado_HLS\2016.2\bin;C:\Windows\system32;C:\Windows;C:\Windows\System32\Wbem;C:\Windows\System32\WindowsPowerShell\v1.0\;C:\Program Files (x86)\Java\jre6\bin;C:\Program Files (x86)\eclipse;C:\altera\16.0\quartus\bin64;c:\altera\16.0\quartus\bin64\jre64\bin;w:\ECE532\feed_through\NexysVideo-master\Projects\hdmi\proj;
USERNAME=wanxing1
OS=Windows_NT
PROCESSOR_IDENTIFIER=Intel64 Family 6 Model 60 Stepping 3, GenuineIntel



---------------  S Y S T E M  ---------------

OS: Windows 7 , 64 bit Build 7601 (6.1.7601.23418)

CPU:total 8 (4 cores per cpu, 2 threads per core) family 6 model 60 stepping 3, cmov, cx8, fxsr, mmx, sse, sse2, sse3, ssse3, sse4.1, sse4.2, popcnt, avx, avx2, aes, clmul, erms, lzcnt, ht, tsc, tscinvbit, bmi1, bmi2

Memory: 4k page, physical 16683160k(10537496k free), swap 33364460k(26577664k free)

vm_info: Java HotSpot(TM) 64-Bit Server VM (25.66-b18) for windows-amd64 JRE (1.8.0_66-b18), built on Nov  9 2015 10:51:13 by "java_re" with MS VC++ 10.0 (VS2010)

time: Wed Mar 22 13:24:10 2017
elapsed time: 280 seconds (0d 0h 4m 40s)

