#
# A fatal error has been detected by the Java Runtime Environment:
#
#  EXCEPTION_UNCAUGHT_CXX_EXCEPTION (0xe06d7363) at pc=0x000007fefd41a06d, pid=1920, tid=3600
#
# JRE version: Java(TM) SE Runtime Environment (8.0_66-b18) (build 1.8.0_66-b18)
# Java VM: Java HotSpot(TM) 64-Bit Server VM (25.66-b18 mixed mode windows-amd64 compressed oops)
# Problematic frame:
# C  [KERNELBASE.dll+0x1a06d]
#
# Failed to write core dump. Minidumps are not enabled by default on client versions of Windows
#
# If you would like to submit a bug report, please visit:
#   http://bugreport.java.com/bugreport/crash.jsp
#

---------------  T H R E A D  ---------------

Current thread (0x0000000014ec2800):  VMThread [stack: 0x0000000015e10000,0x0000000015f10000] [id=3600]

siginfo: ExceptionCode=0xe06d7363, ExceptionInformation=0x0000000019930520 0x0000000015f0f6c8 0x000007feec102cb8 0x000007feec050000 

Registers:
RAX=0x00000000604b389d, RBX=0x000007feec102cb8, RCX=0x0000000015f0ef10, RDX=0x00000000000000d0
RSP=0x0000000015f0f520, RBP=0x0000000015f0f650, RSI=0x00000000ffffffff, RDI=0x0000000023e337e0
R8 =0x0000000000000000, R9 =0x0000000000000000, R10=0x000007feec050000, R11=0x0000000015f0f560
R12=0x0000000000000001, R13=0x0000000000000008, R14=0x0000000000000000, R15=0xffffffffffffffff
RIP=0x000007fefd41a06d, EFLAGS=0x0000000000000202

Top of Stack: (sp=0x0000000015f0f520)
0x0000000015f0f520:   000007feec102cb8 00000000ffffffff
0x0000000015f0f530:   0000000023e337e0 00000000002b7160
0x0000000015f0f540:   00000001e06d7363 0000000000000000
0x0000000015f0f550:   000007fefd41a06d 000007fe00000004
0x0000000015f0f560:   0000000019930520 0000000015f0f6c8
0x0000000015f0f570:   000007feec102cb8 000007feec050000
0x0000000015f0f580:   0000000000000000 0000000015f0f608
0x0000000015f0f590:   0000000000000028 0000000023e337d0
0x0000000015f0f5a0:   00000000002d6ff0 0000000000000000
0x0000000015f0f5b0:   000007fffffa6000 00000000776df2d3
0x0000000015f0f5c0:   0000000000000000 0000000000000008
0x0000000015f0f5d0:   0000000000000001 0000000023e337e0
0x0000000015f0f5e0:   00000000ffffffff 000007feec0ae92c
0x0000000015f0f5f0:   000007feec102cb8 0000000015f0f660
0x0000000015f0f600:   0000000000000001 000007feec0500f8
0x0000000015f0f610:   00000001e06d7363 0000000000000000 

Instructions: (pc=0x000007fefd41a06d)
0x000007fefd41a04d:   54 24 24 48 89 4c 24 28 4d 85 c9 0f 85 6a 03 00
0x000007fefd41a05d:   00 89 4c 24 38 48 8d 4c 24 20 ff 15 33 02 03 00
0x000007fefd41a06d:   48 81 c4 c8 00 00 00 c3 90 90 90 90 90 90 90 90
0x000007fefd41a07d:   90 90 90 48 83 ec 28 65 48 8b 04 25 30 00 00 00 


Register to memory mapping:

RAX=0x00000000604b389d is an unknown value
RBX=0x000007feec102cb8 is an unknown value
RCX=0x0000000015f0ef10 is an unknown value
RDX=0x00000000000000d0 is an unknown value
RSP=0x0000000015f0f520 is an unknown value
RBP=0x0000000015f0f650 is an unknown value
RSI=0x00000000ffffffff is an unallocated location in the heap
RDI=0x0000000023e337e0 is an unknown value
R8 =0x0000000000000000 is an unknown value
R9 =0x0000000000000000 is an unknown value
R10=0x000007feec050000 is an unknown value
R11=0x0000000015f0f560 is an unknown value
R12=0x0000000000000001 is an unknown value
R13=0x0000000000000008 is an unknown value
R14=0x0000000000000000 is an unknown value
R15=0xffffffffffffffff is an unknown value


Stack: [0x0000000015e10000,0x0000000015f10000],  sp=0x0000000015f0f520,  free space=1021k
Native frames: (J=compiled Java code, j=interpreted, Vv=VM code, C=native code)
C  [KERNELBASE.dll+0x1a06d]
C  [MSVCR110.dll+0x5e92c]
C  [MSVCR110.dll+0x1315c]
C  [MSVCR110.dll+0x136a9]
C  [MSVCR110.dll+0x13e9c]
C  [MSVCR110.dll+0x239e]
C  [MSVCR110.dll+0xaf9e]
C  [MSVCP110.dll+0x397b9]
C  [librdi_common.dll+0x182316]
C  [librdi_common.dll+0x180fab]
C  [librdi_target_manager.dll+0x2400]
C  [librdi_target_manager.dll+0x2682]
C  [ntdll.dll+0x229b1]
C  [ntdll.dll+0x227c0]
C  [MSVCR100.dll+0x20ccd]
V  [jvm.dll+0x210cc5]
V  [jvm.dll+0x249897]
V  [jvm.dll+0x248b36]
V  [jvm.dll+0x248fd1]
V  [jvm.dll+0x2491ee]
V  [jvm.dll+0x29a0fa]
C  [MSVCR100.dll+0x21d9f]
C  [MSVCR100.dll+0x21e3b]
C  [kernel32.dll+0x159bd]
C  [ntdll.dll+0x2a2e1]

VM_Operation (0x000000000012f4c0): Exit, mode: safepoint, requested by thread 0x0000000002388000


---------------  P R O C E S S  ---------------

Java Threads: ( => current thread )
  0x0000000017ee2000 JavaThread "Thread-91" daemon [_thread_blocked, id=5020, stack(0x00000000273b0000,0x00000000274b0000)]
  0x000000001c58e800 JavaThread "TCF Channel Transmitter" daemon [_thread_blocked, id=4496, stack(0x0000000025530000,0x0000000025630000)]
  0x000000001c58d800 JavaThread "TCF Channel Receiver" daemon [_thread_in_native, id=4492, stack(0x0000000025430000,0x0000000025530000)]
  0x000000001c58c000 JavaThread "Process monitor" daemon [_thread_in_native, id=4368, stack(0x0000000025130000,0x0000000025230000)]
  0x000000001c58b800 JavaThread "Input Stream Monitor" daemon [_thread_blocked, id=4364, stack(0x0000000025030000,0x0000000025130000)]
  0x000000001c58a800 JavaThread "Output Stream Monitor" daemon [_thread_in_native, id=4360, stack(0x0000000024f30000,0x0000000025030000)]
  0x000000001c58a000 JavaThread "Output Stream Monitor" daemon [_thread_in_native, id=4356, stack(0x0000000024e30000,0x0000000024f30000)]
  0x000000001c589000 JavaThread "TCF Locator DNS Lookup" daemon [_thread_blocked, id=4288, stack(0x0000000024d30000,0x0000000024e30000)]
  0x000000001c588800 JavaThread "TCF Locator Timer" daemon [_thread_blocked, id=4284, stack(0x0000000024c30000,0x0000000024d30000)]
  0x000000001c587800 JavaThread "TCF Locator Receiver" daemon [_thread_blocked, id=4280, stack(0x0000000024b30000,0x0000000024c30000)]
  0x000000001c586000 JavaThread "TCF Timer Dispatcher" daemon [_thread_blocked, id=4240, stack(0x0000000024200000,0x0000000024300000)]
  0x0000000017e5b800 JavaThread "EMF Reference Cleaner" daemon [_thread_blocked, id=1596, stack(0x000000001c900000,0x000000001ca00000)]
  0x0000000014f77800 JavaThread "Service Thread" daemon [_thread_blocked, id=1460, stack(0x0000000016710000,0x0000000016810000)]
  0x0000000014f29800 JavaThread "C1 CompilerThread3" daemon [_thread_blocked, id=3964, stack(0x0000000016610000,0x0000000016710000)]
  0x0000000014f21000 JavaThread "C2 CompilerThread2" daemon [_thread_blocked, id=2040, stack(0x0000000016510000,0x0000000016610000)]
  0x0000000014f19800 JavaThread "C2 CompilerThread1" daemon [_thread_blocked, id=3644, stack(0x0000000016410000,0x0000000016510000)]
  0x0000000014f15800 JavaThread "C2 CompilerThread0" daemon [_thread_blocked, id=876, stack(0x0000000016310000,0x0000000016410000)]
  0x0000000014f0e000 JavaThread "Attach Listener" daemon [_thread_blocked, id=3440, stack(0x0000000016210000,0x0000000016310000)]
  0x0000000014f0c800 JavaThread "Signal Dispatcher" daemon [_thread_blocked, id=2584, stack(0x0000000016110000,0x0000000016210000)]
  0x0000000013d4b000 JavaThread "Finalizer" daemon [_thread_blocked, id=3128, stack(0x0000000016010000,0x0000000016110000)]
  0x0000000013d44800 JavaThread "Reference Handler" daemon [_thread_blocked, id=696, stack(0x0000000015f10000,0x0000000016010000)]
  0x0000000002388000 JavaThread "main" [_thread_blocked, id=468, stack(0x0000000000030000,0x0000000000130000)]

Other Threads:
=>0x0000000014ec2800 VMThread [stack: 0x0000000015e10000,0x0000000015f10000] [id=3600]

VM state:at safepoint (shutting down)

VM Mutex/Monitor currently owned by a thread:  ([mutex/lock_event])
[0x000000000269e520] Threads_lock - owner thread: 0x0000000014ec2800

Heap:
 PSYoungGen      total 165888K, used 107292K [0x00000000f5580000, 0x00000000fff80000, 0x0000000100000000)
  eden space 158720K, 67% used [0x00000000f5580000,0x00000000fbd6f260,0x00000000ff080000)
  from space 7168K, 12% used [0x00000000ff880000,0x00000000ff958000,0x00000000fff80000)
  to   space 7680K, 0% used [0x00000000ff080000,0x00000000ff080000,0x00000000ff800000)
 ParOldGen       total 118272K, used 62359K [0x00000000e0000000, 0x00000000e7380000, 0x00000000f5580000)
  object space 118272K, 52% used [0x00000000e0000000,0x00000000e3ce5e50,0x00000000e7380000)
 Metaspace       used 89497K, capacity 96578K, committed 96768K, reserved 1132544K
  class space    used 10603K, capacity 12943K, committed 13056K, reserved 1048576K

Card table byte_map: [0x00000000024b0000,0x00000000025c0000] byte_map_base: 0x0000000001db0000

Marking Bits: (ParMarkBitMap*) 0x000000007191a5b0
 Begin Bits: [0x0000000012260000, 0x0000000012a60000)
 End Bits:   [0x0000000012a60000, 0x0000000013260000)

Polling page: 0x0000000000320000

CodeCache: size=245760Kb used=45054Kb max_used=45193Kb free=200705Kb
 bounds [0x00000000026a0000, 0x0000000005330000, 0x00000000116a0000]
 total_blobs=12780 nmethods=11879 adapters=808
 compilation: enabled

Compilation events (10 events):
Event: 1816.525 Thread 0x0000000014f29800 nmethod 15318 0x000000000424e410 code [0x000000000424e680, 0x000000000424f7c8]
Event: 1816.534 Thread 0x0000000014f15800 15319       4       org.eclipse.osgi.internal.container.ComputeNodeOrder$Digraph::addVertex (60 bytes)
Event: 1816.535 Thread 0x0000000014f29800 15320 %     3       org.eclipse.osgi.internal.container.ComputeNodeOrder::computeNodeOrder @ 115 (251 bytes)
Event: 1816.536 Thread 0x0000000014f29800 nmethod 15320% 0x0000000004dd8050 code [0x0000000004dd83a0, 0x0000000004dd9a28]
Event: 1816.538 Thread 0x0000000014f29800 15321 %     3       org.eclipse.osgi.internal.container.ComputeNodeOrder$Digraph::DFS @ 64 (379 bytes)
Event: 1816.539 Thread 0x0000000014f29800 nmethod 15321% 0x0000000003a1c2d0 code [0x0000000003a1c660, 0x0000000003a1e5f8]
Event: 1816.540 Thread 0x0000000014f29800 15322   !   3       org.eclipse.osgi.storage.BundleInfo$Generation::close (34 bytes)
Event: 1816.541 Thread 0x0000000014f29800 nmethod 15322 0x0000000003ca1790 code [0x0000000003ca1900, 0x0000000003ca1d28]
Event: 1816.541 Thread 0x0000000014f29800 15325  s    3       java.util.Hashtable::clear (38 bytes)
Event: 1816.542 Thread 0x0000000014f29800 nmethod 15325 0x0000000002f3bb50 code [0x0000000002f3bcc0, 0x0000000002f3c190]

GC Heap History (10 events):
Event: 1791.856 GC heap before
{Heap before GC invocations=80 (full 32):
 PSYoungGen      total 140288K, used 130560K [0x00000000f5580000, 0x00000000ffa00000, 0x0000000100000000)
  eden space 129536K, 100% used [0x00000000f5580000,0x00000000fd400000,0x00000000fd400000)
  from space 10752K, 9% used [0x00000000fd400000,0x00000000fd500000,0x00000000fde80000)
  to   space 10240K, 0% used [0x00000000ff000000,0x00000000ff000000,0x00000000ffa00000)
 ParOldGen       total 118272K, used 62359K [0x00000000e0000000, 0x00000000e7380000, 0x00000000f5580000)
  object space 118272K, 52% used [0x00000000e0000000,0x00000000e3ce5e50,0x00000000e7380000)
 Metaspace       used 88721K, capacity 95672K, committed 95744K, reserved 1132544K
  class space    used 10520K, capacity 12750K, committed 12800K, reserved 1048576K
Event: 1791.859 GC heap after
Heap after GC invocations=80 (full 32):
 PSYoungGen      total 150016K, used 832K [0x00000000f5580000, 0x00000000ff500000, 0x0000000100000000)
  eden space 144896K, 0% used [0x00000000f5580000,0x00000000f5580000,0x00000000fe300000)
  from space 5120K, 16% used [0x00000000ff000000,0x00000000ff0d0000,0x00000000ff500000)
  to   space 9216K, 0% used [0x00000000fe300000,0x00000000fe300000,0x00000000fec00000)
 ParOldGen       total 118272K, used 62359K [0x00000000e0000000, 0x00000000e7380000, 0x00000000f5580000)
  object space 118272K, 52% used [0x00000000e0000000,0x00000000e3ce5e50,0x00000000e7380000)
 Metaspace       used 88721K, capacity 95672K, committed 95744K, reserved 1132544K
  class space    used 10520K, capacity 12750K, committed 12800K, reserved 1048576K
}
Event: 1796.843 GC heap before
{Heap before GC invocations=81 (full 32):
 PSYoungGen      total 150016K, used 145728K [0x00000000f5580000, 0x00000000ff500000, 0x0000000100000000)
  eden space 144896K, 100% used [0x00000000f5580000,0x00000000fe300000,0x00000000fe300000)
  from space 5120K, 16% used [0x00000000ff000000,0x00000000ff0d0000,0x00000000ff500000)
  to   space 9216K, 0% used [0x00000000fe300000,0x00000000fe300000,0x00000000fec00000)
 ParOldGen       total 118272K, used 62359K [0x00000000e0000000, 0x00000000e7380000, 0x00000000f5580000)
  object space 118272K, 52% used [0x00000000e0000000,0x00000000e3ce5e50,0x00000000e7380000)
 Metaspace       used 88721K, capacity 95672K, committed 95744K, reserved 1132544K
  class space    used 10520K, capacity 12750K, committed 12800K, reserved 1048576K
Event: 1796.846 GC heap after
Heap after GC invocations=81 (full 32):
 PSYoungGen      total 154112K, used 896K [0x00000000f5580000, 0x0000000100000000, 0x0000000100000000)
  eden space 144896K, 0% used [0x00000000f5580000,0x00000000f5580000,0x00000000fe300000)
  from space 9216K, 9% used [0x00000000fe300000,0x00000000fe3e0000,0x00000000fec00000)
  to   space 8704K, 0% used [0x00000000ff780000,0x00000000ff780000,0x0000000100000000)
 ParOldGen       total 118272K, used 62359K [0x00000000e0000000, 0x00000000e7380000, 0x00000000f5580000)
  object space 118272K, 52% used [0x00000000e0000000,0x00000000e3ce5e50,0x00000000e7380000)
 Metaspace       used 88721K, capacity 95672K, committed 95744K, reserved 1132544K
  class space    used 10520K, capacity 12750K, committed 12800K, reserved 1048576K
}
Event: 1801.884 GC heap before
{Heap before GC invocations=82 (full 32):
 PSYoungGen      total 154112K, used 145792K [0x00000000f5580000, 0x0000000100000000, 0x0000000100000000)
  eden space 144896K, 100% used [0x00000000f5580000,0x00000000fe300000,0x00000000fe300000)
  from space 9216K, 9% used [0x00000000fe300000,0x00000000fe3e0000,0x00000000fec00000)
  to   space 8704K, 0% used [0x00000000ff780000,0x00000000ff780000,0x0000000100000000)
 ParOldGen       total 118272K, used 62359K [0x00000000e0000000, 0x00000000e7380000, 0x00000000f5580000)
  object space 118272K, 52% used [0x00000000e0000000,0x00000000e3ce5e50,0x00000000e7380000)
 Metaspace       used 88721K, capacity 95672K, committed 95744K, reserved 1132544K
  class space    used 10520K, capacity 12750K, committed 12800K, reserved 1048576K
Event: 1801.886 GC heap after
Heap after GC invocations=82 (full 32):
 PSYoungGen      total 162816K, used 864K [0x00000000f5580000, 0x00000000ffe00000, 0x0000000100000000)
  eden space 156160K, 0% used [0x00000000f5580000,0x00000000f5580000,0x00000000fee00000)
  from space 6656K, 12% used [0x00000000ff780000,0x00000000ff858000,0x00000000ffe00000)
  to   space 8192K, 0% used [0x00000000fee00000,0x00000000fee00000,0x00000000ff600000)
 ParOldGen       total 118272K, used 62359K [0x00000000e0000000, 0x00000000e7380000, 0x00000000f5580000)
  object space 118272K, 52% used [0x00000000e0000000,0x00000000e3ce5e50,0x00000000e7380000)
 Metaspace       used 88721K, capacity 95672K, committed 95744K, reserved 1132544K
  class space    used 10520K, capacity 12750K, committed 12800K, reserved 1048576K
}
Event: 1807.223 GC heap before
{Heap before GC invocations=83 (full 32):
 PSYoungGen      total 162816K, used 157024K [0x00000000f5580000, 0x00000000ffe00000, 0x0000000100000000)
  eden space 156160K, 100% used [0x00000000f5580000,0x00000000fee00000,0x00000000fee00000)
  from space 6656K, 12% used [0x00000000ff780000,0x00000000ff858000,0x00000000ffe00000)
  to   space 8192K, 0% used [0x00000000fee00000,0x00000000fee00000,0x00000000ff600000)
 ParOldGen       total 118272K, used 62359K [0x00000000e0000000, 0x00000000e7380000, 0x00000000f5580000)
  object space 118272K, 52% used [0x00000000e0000000,0x00000000e3ce5e50,0x00000000e7380000)
 Metaspace       used 88721K, capacity 95672K, committed 95744K, reserved 1132544K
  class space    used 10520K, capacity 12750K, committed 12800K, reserved 1048576K
Event: 1807.226 GC heap after
Heap after GC invocations=83 (full 32):
 PSYoungGen      total 164352K, used 832K [0x00000000f5580000, 0x0000000100000000, 0x0000000100000000)
  eden space 156160K, 0% used [0x00000000f5580000,0x00000000f5580000,0x00000000fee00000)
  from space 8192K, 10% used [0x00000000fee00000,0x00000000feed0000,0x00000000ff600000)
  to   space 7680K, 0% used [0x00000000ff880000,0x00000000ff880000,0x0000000100000000)
 ParOldGen       total 118272K, used 62359K [0x00000000e0000000, 0x00000000e7380000, 0x00000000f5580000)
  object space 118272K, 52% used [0x00000000e0000000,0x00000000e3ce5e50,0x00000000e7380000)
 Metaspace       used 88721K, capacity 95672K, committed 95744K, reserved 1132544K
  class space    used 10520K, capacity 12750K, committed 12800K, reserved 1048576K
}
Event: 1812.448 GC heap before
{Heap before GC invocations=84 (full 32):
 PSYoungGen      total 164352K, used 156992K [0x00000000f5580000, 0x0000000100000000, 0x0000000100000000)
  eden space 156160K, 100% used [0x00000000f5580000,0x00000000fee00000,0x00000000fee00000)
  from space 8192K, 10% used [0x00000000fee00000,0x00000000feed0000,0x00000000ff600000)
  to   space 7680K, 0% used [0x00000000ff880000,0x00000000ff880000,0x0000000100000000)
 ParOldGen       total 118272K, used 62359K [0x00000000e0000000, 0x00000000e7380000, 0x00000000f5580000)
  object space 118272K, 52% used [0x00000000e0000000,0x00000000e3ce5e50,0x00000000e7380000)
 Metaspace       used 88722K, capacity 95672K, committed 95744K, reserved 1132544K
  class space    used 10520K, capacity 12750K, committed 12800K, reserved 1048576K
Event: 1812.451 GC heap after
Heap after GC invocations=84 (full 32):
 PSYoungGen      total 165888K, used 864K [0x00000000f5580000, 0x00000000fff80000, 0x0000000100000000)
  eden space 158720K, 0% used [0x00000000f5580000,0x00000000f5580000,0x00000000ff080000)
  from space 7168K, 12% used [0x00000000ff880000,0x00000000ff958000,0x00000000fff80000)
  to   space 7680K, 0% used [0x00000000ff080000,0x00000000ff080000,0x00000000ff800000)
 ParOldGen       total 118272K, used 62359K [0x00000000e0000000, 0x00000000e7380000, 0x00000000f5580000)
  object space 118272K, 52% used [0x00000000e0000000,0x00000000e3ce5e50,0x00000000e7380000)
 Metaspace       used 88722K, capacity 95672K, committed 95744K, reserved 1132544K
  class space    used 10520K, capacity 12750K, committed 12800K, reserved 1048576K
}

Deoptimization events (10 events):
Event: 1815.916 Thread 0x0000000017e5d800 Uncommon trap: reason=bimorphic action=maybe_recompile pc=0x00000000051c3828 method=org.eclipse.core.internal.dtree.AbstractDataTreeNode.assembleWith([Lorg/eclipse/core/internal/dtree/AbstractDataTreeNode;[Lorg/eclipse/core/internal/dtree/AbstractDataTreeNØÉ\Hª_œ@
Event: 1815.916 Thread 0x0000000017e5d800 Uncommon trap: reason=bimorphic action=maybe_recompile pc=0x00000000051c3828 method=org.eclipse.core.internal.dtree.AbstractDataTreeNode.assembleWith([Lorg/eclipse/core/internal/dtree/AbstractDataTreeNode;[Lorg/eclipse/core/internal/dtree/AbstractDataTreeN¹öFKª_œ@
Event: 1815.916 Thread 0x0000000017e5d800 Uncommon trap: reason=bimorphic action=maybe_recompile pc=0x00000000051c3828 method=org.eclipse.core.internal.dtree.AbstractDataTreeNode.assembleWith([Lorg/eclipse/core/internal/dtree/AbstractDataTreeNode;[Lorg/eclipse/core/internal/dtree/AbstractDataTreeNÍ5«Mª_œ@
Event: 1815.916 Thread 0x0000000017e5d800 Uncommon trap: reason=bimorphic action=maybe_recompile pc=0x00000000051c3828 method=org.eclipse.core.internal.dtree.AbstractDataTreeNode.assembleWith([Lorg/eclipse/core/internal/dtree/AbstractDataTreeNode;[Lorg/eclipse/core/internal/dtree/AbstractDataTreeNÖ&Y´_œ@
Event: 1815.926 Thread 0x0000000017e5d800 Uncommon trap: reason=unstable_if action=reinterpret pc=0x00000000044cdd74 method=org.eclipse.core.internal.jobs.DeadlockDetector.reduceGraph(ILorg/eclipse/core/runtime/jobs/ISchedulingRule;)V @ 341
Event: 1815.927 Thread 0x0000000016e83000 Uncommon trap: reason=unstable_if action=reinterpret pc=0x000000000356f4f0 method=org.eclipse.osgi.internal.framework.BundleContextImpl.dispatchEvent(Ljava/lang/Object;Ljava/lang/Object;ILjava/lang/Object;)V @ 16
Event: 1815.949 Thread 0x0000000017e5d800 Uncommon trap: reason=unstable_if action=reinterpret pc=0x00000000034b46ec method=java.io.BufferedInputStream.fill()V @ 9
Event: 1816.536 Thread 0x0000000017e5d800 Uncommon trap: reason=unstable_if action=reinterpret pc=0x0000000002bb38dc method=sun.reflect.UnsafeStaticObjectFieldAccessorImpl.set(Ljava/lang/Object;Ljava/lang/Object;)V @ 13
Event: 1816.536 Thread 0x0000000016e83000 Uncommon trap: reason=unstable_if action=reinterpret pc=0x0000000002b43f9c method=org.eclipse.osgi.framework.eventmgr.EventManager$EventThread.getNextEvent()Lorg/eclipse/osgi/framework/eventmgr/EventManager$EventThread$Queued; @ 15
Event: 1816.538 Thread 0x0000000017cfd000 Uncommon trap: reason=unstable_if action=reinterpret pc=0x0000000002b43f9c method=org.eclipse.osgi.framework.eventmgr.EventManager$EventThread.getNextEvent()Lorg/eclipse/osgi/framework/eventmgr/EventManager$EventThread$Queued; @ 15

Internal exceptions (10 events):
Event: 1814.809 Thread 0x0000000002388000 Implicit null exception at 0x00000000034ed8f0 to 0x00000000034ed949
Event: 1814.816 Thread 0x0000000017e5d800 Implicit null exception at 0x0000000002f3bcdb to 0x0000000002f3bfc5
Event: 1814.848 Thread 0x0000000017e5d800 Implicit null exception at 0x0000000004c1a702 to 0x0000000004c1acf1
Event: 1815.287 Thread 0x0000000017edd800 Exception <a 'java/lang/InterruptedException'> (0x00000000fb2eaae0) thrown at [C:\re\workspace\8-2-build-windows-amd64-cygwin\jdk8u66\5298\hotspot\src\share\vm\runtime\objectMonitor.cpp, line 1683]
Event: 1816.511 Thread 0x0000000017e5c000 Exception <a 'java/lang/InterruptedException'> (0x00000000faeb15f8) thrown at [C:\re\workspace\8-2-build-windows-amd64-cygwin\jdk8u66\5298\hotspot\src\share\vm\runtime\objectMonitor.cpp, line 1683]
Event: 1816.536 Thread 0x0000000017e5d800 Implicit null exception at 0x0000000002bb34d7 to 0x0000000002bb38c9
Event: 1816.536 Thread 0x0000000016e83000 Exception <a 'java/lang/InterruptedException'> (0x00000000fb868108) thrown at [C:\re\workspace\8-2-build-windows-amd64-cygwin\jdk8u66\5298\hotspot\src\share\vm\runtime\objectMonitor.cpp, line 1683]
Event: 1816.538 Thread 0x0000000017cfd000 Exception <a 'java/lang/InterruptedException'> (0x00000000fab33b88) thrown at [C:\re\workspace\8-2-build-windows-amd64-cygwin\jdk8u66\5298\hotspot\src\share\vm\runtime\objectMonitor.cpp, line 1683]
Event: 1816.538 Thread 0x0000000016f83000 Exception <a 'java/lang/InterruptedException'> (0x00000000fb9f9ec8) thrown at [C:\re\workspace\8-2-build-windows-amd64-cygwin\jdk8u66\5298\hotspot\src\share\vm\runtime\objectMonitor.cpp, line 1683]
Event: 1816.539 Thread 0x0000000016b1a800 Exception <a 'java/lang/InterruptedException'> (0x00000000fbcef358) thrown at [C:\re\workspace\8-2-build-windows-amd64-cygwin\jdk8u66\5298\hotspot\src\share\vm\runtime\objectMonitor.cpp, line 1683]

Events (10 events):
Event: 1816.542 loading class java/util/IdentityHashMap$IdentityHashMapIterator done
Event: 1816.542 loading class java/util/IdentityHashMap$KeyIterator done
Event: 1816.542 Thread 0x0000000017e5d800 Thread added: 0x0000000017e5d800
Event: 1816.542 Executing VM operation: RevokeBias
Event: 1816.542 Executing VM operation: RevokeBias done
Event: 1816.542 Executing VM operation: RevokeBias
Event: 1816.542 Executing VM operation: RevokeBias done
Event: 1816.542 Thread 0x0000000017e5d800 Thread exited: 0x0000000017e5d800
Event: 1816.542 Thread 0x0000000014f29800 flushing nmethod 0x000000000420ecd0
Event: 1816.543 Executing VM operation: Exit


Dynamic libraries:
0x0000000000400000 - 0x000000000044f000 	C:\Xilinx\SDK\2016.2\eclipse\win64.o\eclipse.exe
0x0000000077690000 - 0x000000007783a000 	C:\Windows\SYSTEM32\ntdll.dll
0x0000000077570000 - 0x000000007768f000 	C:\Windows\system32\kernel32.dll
0x000007fefd400000 - 0x000007fefd46a000 	C:\Windows\system32\KERNELBASE.dll
0x0000000077470000 - 0x000000007756a000 	C:\Windows\system32\USER32.dll
0x000007fefd940000 - 0x000007fefd9a7000 	C:\Windows\system32\GDI32.dll
0x000007fefd7b0000 - 0x000007fefd7be000 	C:\Windows\system32\LPK.dll
0x000007feff8d0000 - 0x000007feff99a000 	C:\Windows\system32\USP10.dll
0x000007fefd9b0000 - 0x000007fefda4f000 	C:\Windows\system32\msvcrt.dll
0x000007fefbdc0000 - 0x000007fefbfb4000 	C:\Windows\WinSxS\amd64_microsoft.windows.common-controls_6595b64144ccf1df_6.0.7601.18837_none_fa3b1e3d17594757\COMCTL32.dll
0x000007feff3c0000 - 0x000007feff431000 	C:\Windows\system32\SHLWAPI.dll
0x000007feff2f0000 - 0x000007feff31e000 	C:\Windows\system32\IMM32.DLL
0x000007fefdfa0000 - 0x000007fefe0a9000 	C:\Windows\system32\MSCTF.dll
0x0000000072000000 - 0x0000000072012000 	C:\Xilinx\SDK\2016.2\eclipse\win64.o\plugins\org.eclipse.equinox.launcher.win32.win32.x86_64_1.1.300.v20150602-1417\eclipse_1611.dll
0x000007fefd860000 - 0x000007fefd93b000 	C:\Windows\system32\ADVAPI32.dll
0x000007fefdf80000 - 0x000007fefdf9f000 	C:\Windows\SYSTEM32\sechost.dll
0x000007feff6c0000 - 0x000007feff7ed000 	C:\Windows\system32\RPCRT4.dll
0x000007fefc460000 - 0x000007fefc46c000 	C:\Windows\system32\VERSION.dll
0x000007fefbd60000 - 0x000007fefbdb6000 	C:\Windows\system32\UxTheme.dll
0x0000000071110000 - 0x0000000071999000 	C:\Xilinx\SDK\2016.2\tps\win64\jre\bin\server\jvm.dll
0x000007fefa800000 - 0x000007fefa809000 	C:\Windows\system32\WSOCK32.dll
0x000007fefda50000 - 0x000007fefda9d000 	C:\Windows\system32\WS2_32.dll
0x000007feff650000 - 0x000007feff658000 	C:\Windows\system32\NSI.dll
0x000007fefacf0000 - 0x000007fefad2b000 	C:\Windows\system32\WINMM.dll
0x0000000077860000 - 0x0000000077867000 	C:\Windows\system32\PSAPI.DLL
0x00000000731f0000 - 0x00000000732c2000 	C:\Windows\system32\MSVCR100.dll
0x00000000741c0000 - 0x00000000741cf000 	C:\Xilinx\SDK\2016.2\tps\win64\jre\bin\verify.dll
0x0000000072d80000 - 0x0000000072da9000 	C:\Xilinx\SDK\2016.2\tps\win64\jre\bin\java.dll
0x0000000072d60000 - 0x0000000072d76000 	C:\Xilinx\SDK\2016.2\tps\win64\jre\bin\zip.dll
0x000007fefe290000 - 0x000007feff019000 	C:\Windows\system32\SHELL32.dll
0x000007fefdd70000 - 0x000007fefdf73000 	C:\Windows\system32\ole32.dll
0x000007fefd3e0000 - 0x000007fefd3ef000 	C:\Windows\system32\profapi.dll
0x000007fefcbd0000 - 0x000007fefcbe8000 	C:\Windows\system32\CRYPTSP.dll
0x000007fefc8d0000 - 0x000007fefc917000 	C:\Windows\system32\rsaenh.dll
0x000007fefd4b0000 - 0x000007fefd4ce000 	C:\Windows\system32\USERENV.dll
0x000007fefd270000 - 0x000007fefd27f000 	C:\Windows\system32\CRYPTBASE.dll
0x0000000072d40000 - 0x0000000072d5a000 	C:\Xilinx\SDK\2016.2\tps\win64\jre\bin\net.dll
0x000007fefcb70000 - 0x000007fefcbc5000 	C:\Windows\system32\mswsock.dll
0x000007fefcb60000 - 0x000007fefcb67000 	C:\Windows\System32\wship6.dll
0x000007fefa6e0000 - 0x000007fefa707000 	C:\Windows\system32\IPHLPAPI.DLL
0x000007fefa6d0000 - 0x000007fefa6db000 	C:\Windows\system32\WINNSI.DLL
0x000007fefa2b0000 - 0x000007fefa2c1000 	C:\Windows\system32\dhcpcsvc6.DLL
0x000007fefa290000 - 0x000007fefa2a8000 	C:\Windows\system32\dhcpcsvc.DLL
0x0000000072d20000 - 0x0000000072d31000 	C:\Xilinx\SDK\2016.2\tps\win64\jre\bin\nio.dll
0x000007fefa970000 - 0x000007fefa985000 	C:\Windows\system32\NLAapi.dll
0x000007fef8b30000 - 0x000007fef8b45000 	C:\Windows\system32\napinsp.dll
0x000007fef8b50000 - 0x000007fef8b69000 	C:\Windows\system32\pnrpnsp.dll
0x000007fefc9f0000 - 0x000007fefca4b000 	C:\Windows\system32\DNSAPI.dll
0x000007fef8b20000 - 0x000007fef8b2b000 	C:\Windows\System32\winrnr.dll
0x000007fefc530000 - 0x000007fefc537000 	C:\Windows\System32\wshtcpip.dll
0x000007fef90a0000 - 0x000007fef90a8000 	C:\Windows\system32\rasadhlp.dll
0x000007fefa340000 - 0x000007fefa393000 	C:\Windows\System32\fwpuclnt.dll
0x00000000178b0000 - 0x0000000017958000 	C:\Users\wanxing1\.Xilinx\SDK\2016.2\org.eclipse.osgi\312\0\.cp\swt-win32-4527.dll
0x000007feff7f0000 - 0x000007feff8c8000 	C:\Windows\system32\OLEAUT32.dll
0x000007feff320000 - 0x000007feff3b7000 	C:\Windows\system32\comdlg32.dll
0x000007fef5e30000 - 0x000007fef5ea1000 	C:\Windows\system32\WINSPOOL.DRV
0x000007feff020000 - 0x000007feff2e5000 	C:\Windows\system32\WININET.dll
0x000007fefd780000 - 0x000007fefd784000 	C:\Windows\system32\api-ms-win-downlevel-user32-l1-1-0.dll
0x000007fefd550000 - 0x000007fefd554000 	C:\Windows\system32\api-ms-win-downlevel-shlwapi-l1-1-0.dll
0x000007fefd490000 - 0x000007fefd494000 	C:\Windows\system32\api-ms-win-downlevel-version-l1-1-0.dll
0x000007fefd560000 - 0x000007fefd563000 	C:\Windows\system32\api-ms-win-downlevel-normaliz-l1-1-0.dll
0x0000000077850000 - 0x0000000077853000 	C:\Windows\system32\normaliz.DLL
0x000007fefdaa0000 - 0x000007fefdd69000 	C:\Windows\system32\iertutil.dll
0x000007fefd4a0000 - 0x000007fefd4a5000 	C:\Windows\system32\api-ms-win-downlevel-advapi32-l1-1-0.dll
0x000007fefd610000 - 0x000007fefd77d000 	C:\Windows\system32\CRYPT32.dll
0x000007fefd3d0000 - 0x000007fefd3df000 	C:\Windows\system32\MSASN1.dll
0x000007fefb750000 - 0x000007fefb87c000 	C:\Windows\system32\propsys.dll
0x000007fefd7c0000 - 0x000007fefd859000 	C:\Windows\system32\CLBCatQ.DLL
0x00000000172d0000 - 0x00000000172ee000 	C:\Users\wanxing1\.Xilinx\SDK\2016.2\org.eclipse.osgi\312\0\.cp\swt-gdip-win32-4527.dll
0x000007fefba60000 - 0x000007fefbc76000 	C:\Windows\WinSxS\amd64_microsoft.windows.gdiplus_6595b64144ccf1df_1.1.7601.23508_none_145555328b95eaaa\gdiplus.dll
0x000007fefb580000 - 0x000007fefb6e1000 	C:\Windows\system32\WindowsCodecs.dll
0x0000000180000000 - 0x0000000180012000 	C:\Users\wanxing1\.Xilinx\SDK\2016.2\org.eclipse.osgi\126\0\.cp\os\win32\x86_64\localfile_1_0_0.dll
0x000007feeecc0000 - 0x000007feeed14000 	C:\Windows\system32\oleacc.dll
0x000007fef9590000 - 0x000007fef9597000 	C:\Windows\system32\msimg32.dll
0x000007fefd320000 - 0x000007fefd334000 	C:\Windows\system32\RpcRtRemote.dll
0x000007feedf70000 - 0x000007feedf81000 	C:\Users\wanxing1\.Xilinx\SDK\2016.2\org.eclipse.osgi\129\0\.cp\jWinHttp-1.0.0.dll
0x000007fef8c00000 - 0x000007fef8c71000 	C:\Windows\system32\WINHTTP.dll
0x000007fef8b70000 - 0x000007fef8bd4000 	C:\Windows\system32\webio.dll
0x000007fefd1e0000 - 0x000007fefd205000 	C:\Windows\system32\SspiCli.dll
0x000007fefc790000 - 0x000007fefc79a000 	C:\Windows\system32\credssp.dll
0x000007fefd4d0000 - 0x000007fefd506000 	C:\Windows\system32\CFGMGR32.dll
0x000007fefd210000 - 0x000007fefd267000 	C:\Windows\system32\apphelp.dll
0x000007fefa770000 - 0x000007fefa77f000 	C:\Xilinx\SDK\2016.2\lib\win64.o\librdi_repo_manager.dll
0x000007fec4450000 - 0x000007fec447a000 	C:\Xilinx\SDK\2016.2\lib\win64.o\libisl_sysinfo.dll
0x000007feec050000 - 0x000007feec124000 	C:\Windows\system32\MSVCR110.dll
0x000007feebf20000 - 0x000007feebfc7000 	C:\Windows\system32\MSVCP110.dll
0x000007fec3a10000 - 0x000007fec4450000 	C:\Xilinx\SDK\2016.2\lib\win64.o\librdi_common.dll
0x000007fec36a0000 - 0x000007fec3a0e000 	C:\Xilinx\SDK\2016.2\lib\win64.o\libCOIN-all.dll
0x000007fec3480000 - 0x000007fec369f000 	C:\Xilinx\SDK\2016.2\lib\win64.o\libXil_lmgr11.dll
0x000007fefb440000 - 0x000007fefb456000 	C:\Windows\system32\NETAPI32.dll
0x000007fefc800000 - 0x000007fefc80c000 	C:\Windows\system32\netutils.dll
0x000007fefcf30000 - 0x000007fefcf53000 	C:\Windows\system32\srvcli.dll
0x000007fefb420000 - 0x000007fefb435000 	C:\Windows\system32\wkscli.dll
0x000007fefd510000 - 0x000007fefd54b000 	C:\Windows\system32\WINTRUST.dll
0x000007fef24d0000 - 0x000007fef24e0000 	C:\Xilinx\SDK\2016.2\lib\win64.o\libboost_date_time.dll
0x000007fec3450000 - 0x000007fec3474000 	C:\Xilinx\SDK\2016.2\lib\win64.o\libboost_filesystem.dll
0x000007fef5520000 - 0x000007fef5529000 	C:\Xilinx\SDK\2016.2\lib\win64.o\libboost_system.dll
0x000007fec33d0000 - 0x000007fec3447000 	C:\Xilinx\SDK\2016.2\lib\win64.o\libboost_program_options.dll
0x000007fec3190000 - 0x000007fec3296000 	C:\Xilinx\SDK\2016.2\lib\win64.o\libboost_regex.dll
0x000007feeded0000 - 0x000007feedee3000 	C:\Xilinx\SDK\2016.2\lib\win64.o\libboost_signals.dll
0x000007fec33b0000 - 0x000007fec33cd000 	C:\Xilinx\SDK\2016.2\lib\win64.o\libboost_thread.dll
0x000007fef23a0000 - 0x000007fef23ab000 	C:\Xilinx\SDK\2016.2\lib\win64.o\libboost_chrono.dll
0x000007fef2290000 - 0x000007fef229b000 	C:\Xilinx\SDK\2016.2\lib\win64.o\libboost_xilinx.dll
0x000007fec3110000 - 0x000007fec3190000 	C:\Xilinx\SDK\2016.2\lib\win64.o\libhdlpsolve.dll
0x000007fec3070000 - 0x000007fec310a000 	C:\Xilinx\SDK\2016.2\lib\win64.o\libhdxml.dll
0x000007fec2c00000 - 0x000007fec3065e00 	C:\Xilinx\SDK\2016.2\lib\win64.o\libisl_iostreams.dll
0x000007fec3390000 - 0x000007fec33a6000 	C:\Xilinx\SDK\2016.2\lib\win64.o\libboost_iostreams.dll
0x000007fec2bd0000 - 0x000007fec2bf3000 	C:\Xilinx\SDK\2016.2\lib\win64.o\librdizlib.dll
0x000007fec2ba0000 - 0x000007fec2bc3000 	C:\Xilinx\SDK\2016.2\lib\win64.o\libisl_iosutils.dll
0x000007fec2b80000 - 0x000007fec2b95000 	C:\Xilinx\SDK\2016.2\lib\win64.o\pthreadVC2.dll
0x000007fec2b20000 - 0x000007fec2b74000 	C:\Xilinx\SDK\2016.2\lib\win64.o\librdi_commonxillic.dll
0x000007fec29f0000 - 0x000007fec2b20000 	C:\Xilinx\SDK\2016.2\lib\win64.o\librdi_curl.dll
0x000007fec29d0000 - 0x000007fec29e8000 	C:\Xilinx\SDK\2016.2\lib\win64.o\librdiconfig.dll
0x0000000070750000 - 0x0000000070877000 	C:\Xilinx\SDK\2016.2\lib\win64.o\tcl85t.dll
0x00000000248c0000 - 0x0000000024b23000 	C:\Xilinx\SDK\2016.2\lib\win64.o\xerces-c_3_1.dll
0x000007feff4c0000 - 0x000007feff646000 	C:\Windows\system32\urlmon.dll
0x000007fefd3f0000 - 0x000007fefd3f4000 	C:\Windows\system32\api-ms-win-downlevel-ole32-l1-1-0.dll
0x000007fee9400000 - 0x000007fee9423000 	C:\Windows\system32\VCOMP110.DLL
0x000007fec27d0000 - 0x000007fec29c2000 	C:\Xilinx\SDK\2016.2\lib\win64.o\librdi_hsm.dll
0x000007fec2780000 - 0x000007fec27c3000 	C:\Xilinx\SDK\2016.2\lib\win64.o\librdi_hdf.dll
0x000007fec24f0000 - 0x000007fec2771000 	C:\Xilinx\SDK\2016.2\lib\win64.o\librdi_ippcw.dll
0x0000000025d90000 - 0x0000000025db5000 	C:\Users\wanxing1\.jssc\windows\jSSC-2.8_x86_64.dll
0x000007fefa7c0000 - 0x000007fefa7d6000 	C:\Xilinx\SDK\2016.2\eclipse\win64.o\plugins\org.eclipse.cdt.core.win32.x86_64_5.4.0.201509131935\os\win32\x86_64\spawner.dll
0x0000000071080000 - 0x00000000710a6000 	C:\Xilinx\SDK\2016.2\eclipse\win64.o\plugins\gnu.io.rxtx.win32.x86_64_2.1.7.3_v20071015\os\win32\x86_64\rxtxSerial.dll
0x000007fefa7f0000 - 0x000007fefa7fa000 	C:\Xilinx\SDK\2016.2\lib\win64.o\librdi_jtag_settings.dll
0x000007fef7940000 - 0x000007fef7969000 	C:\Xilinx\SDK\2016.2\lib\win64.o\librdi_debug_dialog.dll
0x000007fefa7e0000 - 0x000007fefa7e8000 	C:\Xilinx\SDK\2016.2\lib\win64.o\librdi_target_manager.dll
0x000007feb7710000 - 0x000007feb7f20000 	C:\Xilinx\SDK\2016.2\lib\win64.o\libXil_lmgr11FNP.dll

VM Arguments:
jvm_args: -Dcom.xilinx.sdk.args.hwspec=W:/video_demo/NexysVideo-master/Projects/hdmi/proj/hdmi.sdk/hdmi_wrapper.hdf -Xms64m -Xmx512m & 
java_command: <unknown>
java_class_path (initial): C:\Xilinx\SDK\2016.2\eclipse\win64.o\\plugins/org.eclipse.equinox.launcher_1.3.100.v20150511-1540.jar
Launcher Type: generic

Environment Variables:
PATH=C:/Xilinx/SDK/2016.2/tps/win64/jre/bin/server;C:/Xilinx/SDK/2016.2/tps/win64/jre/bin;C:/Xilinx/SDK/2016.2/tps/win64/jre/lib/amd64;C:\Xilinx\SDK\2016.2\gnuwin\bin;C:\Xilinx\SDK\2016.2\gnu\microblaze\nt\bin;C:\Xilinx\SDK\2016.2\gnu\microblaze\linux_toolchain\nt64_le\bin;C:\Xilinx\SDK\2016.2\gnu\microblaze\linux_toolchain\nt64_be\bin;C:\Xilinx\SDK\2016.2\gnu\arm\nt\bin;C:\Xilinx\SDK\2016.2\gnu\aarch64\nt\aarch64-none\bin;C:\Xilinx\SDK\2016.2\gnu\aarch64\nt\aarch64-linux\bin;C:\Xilinx\SDK\2016.2\gnu\armr5\nt\gcc-arm-none-eabi\bin;C:\Xilinx\SDK\2016.2\gnu\aarch32\nt\gcc-arm-none-eabi\bin;C:\Xilinx\SDK\2016.2\gnu\aarch32\nt\gcc-arm-linux-gnueabi\bin;C:\Xilinx\SDK\2016.2\tps\win64\cmake-3.3.2\bin;;C:\Xilinx\SDK\2016.2\bin;C:\Xilinx\SDK\2016.2\lib\win64.o;C:\Xilinx\SDK\2016.2\tps\win64\jre\bin\server;C:\Xilinx\SDK\2016.2\tps\win64\jre\bin;C:\Xilinx\Vivado\2016.2\ids_lite\ISE\bin\nt64;C:\Xilinx\Vivado\2016.2\ids_lite\ISE\lib\nt64;C:\Xilinx\Vivado\2016.2\bin;C:\Xilinx\Vivado\2016.2\lib\win64.o;C:\Xilinx\Vivado\2016.2\tps\win64\jre\bin\server;C:\Xilinx\Vivado\2016.2\tps\win64\jre\bin;C:\Xilinx\Vivado_HLS\2016.2\bin;C:\Windows\system32;C:\Windows;C:\Windows\System32\Wbem;C:\Windows\System32\WindowsPowerShell\v1.0\;C:\Program Files (x86)\Java\jre6\bin;C:\Program Files (x86)\eclipse;C:\altera\16.0\quartus\bin64;c:\altera\16.0\quartus\bin64\jre64\bin;W:\video_demo\NexysVideo-master\Projects\hdmi\proj;
USERNAME=wanxing1
OS=Windows_NT
PROCESSOR_IDENTIFIER=Intel64 Family 6 Model 60 Stepping 3, GenuineIntel



---------------  S Y S T E M  ---------------

OS: Windows 7 , 64 bit Build 7601 (6.1.7601.23418)

CPU:total 8 (4 cores per cpu, 2 threads per core) family 6 model 60 stepping 3, cmov, cx8, fxsr, mmx, sse, sse2, sse3, ssse3, sse4.1, sse4.2, popcnt, avx, avx2, aes, clmul, erms, lzcnt, ht, tsc, tscinvbit, bmi1, bmi2

Memory: 4k page, physical 16683160k(11103852k free), swap 33364460k(26999004k free)

vm_info: Java HotSpot(TM) 64-Bit Server VM (25.66-b18) for windows-amd64 JRE (1.8.0_66-b18), built on Nov  9 2015 10:51:13 by "java_re" with MS VC++ 10.0 (VS2010)

time: Thu Feb 16 13:28:06 2017
elapsed time: 1817 seconds (0d 0h 30m 17s)

