#
# A fatal error has been detected by the Java Runtime Environment:
#
#  EXCEPTION_UNCAUGHT_CXX_EXCEPTION (0xe06d7363) at pc=0x000007fefdbba06d, pid=4800, tid=2772
#
# JRE version: Java(TM) SE Runtime Environment (8.0_66-b18) (build 1.8.0_66-b18)
# Java VM: Java HotSpot(TM) 64-Bit Server VM (25.66-b18 mixed mode windows-amd64 compressed oops)
# Problematic frame:
# C  [KERNELBASE.dll+0x1a06d]
#
# Failed to write core dump. Minidumps are not enabled by default on client versions of Windows
#
# If you would like to submit a bug report, please visit:
#   http://bugreport.java.com/bugreport/crash.jsp
#

---------------  T H R E A D  ---------------

Current thread (0x0000000014f52800):  VMThread [stack: 0x0000000015ea0000,0x0000000015fa0000] [id=2772]

siginfo: ExceptionCode=0xe06d7363, ExceptionInformation=0x0000000019930520 0x0000000015f9f6c8 0x000007feeb722cb8 0x000007feeb670000 

Registers:
RAX=0x000000006222dcc1, RBX=0x000007feeb722cb8, RCX=0x0000000015f9ef10, RDX=0x00000000000000d0
RSP=0x0000000015f9f520, RBP=0x0000000015f9f650, RSI=0x00000000ffffffff, RDI=0x000000002ad72000
R8 =0x0000000000000000, R9 =0x0000000000000000, R10=0x000007feeb670000, R11=0x0000000015f9f560
R12=0x0000000000000001, R13=0x0000000000000008, R14=0x0000000000000000, R15=0xffffffffffffffff
RIP=0x000007fefdbba06d, EFLAGS=0x0000000000000202

Top of Stack: (sp=0x0000000015f9f520)
0x0000000015f9f520:   000007feeb722cb8 00000000ffffffff
0x0000000015f9f530:   000000002ad72000 00000000006a71c0
0x0000000015f9f540:   00000001e06d7363 0000000000000000
0x0000000015f9f550:   000007fefdbba06d 000007fe00000004
0x0000000015f9f560:   0000000019930520 0000000015f9f6c8
0x0000000015f9f570:   000007feeb722cb8 000007feeb670000
0x0000000015f9f580:   0000000000000000 0000000015f9f608
0x0000000015f9f590:   0000000000000028 000000002ad71ff0
0x0000000015f9f5a0:   000000001754e710 0000000000000000
0x0000000015f9f5b0:   000007fffffa8000 0000000077b5f2d3
0x0000000015f9f5c0:   0000000000000000 0000000000000008
0x0000000015f9f5d0:   0000000000000001 000000002ad72000
0x0000000015f9f5e0:   00000000ffffffff 000007feeb6ce92c
0x0000000015f9f5f0:   000007feeb722cb8 0000000015f9f660
0x0000000015f9f600:   0000000000000001 000007feeb6700f8
0x0000000015f9f610:   00000001e06d7363 0000000000000000 

Instructions: (pc=0x000007fefdbba06d)
0x000007fefdbba04d:   54 24 24 48 89 4c 24 28 4d 85 c9 0f 85 6a 03 00
0x000007fefdbba05d:   00 89 4c 24 38 48 8d 4c 24 20 ff 15 33 02 03 00
0x000007fefdbba06d:   48 81 c4 c8 00 00 00 c3 90 90 90 90 90 90 90 90
0x000007fefdbba07d:   90 90 90 48 83 ec 28 65 48 8b 04 25 30 00 00 00 


Register to memory mapping:

RAX=0x000000006222dcc1 is an unknown value
RBX=0x000007feeb722cb8 is an unknown value
RCX=0x0000000015f9ef10 is an unknown value
RDX=0x00000000000000d0 is an unknown value
RSP=0x0000000015f9f520 is an unknown value
RBP=0x0000000015f9f650 is an unknown value
RSI=0x00000000ffffffff is an unallocated location in the heap
RDI=0x000000002ad72000 is an unknown value
R8 =0x0000000000000000 is an unknown value
R9 =0x0000000000000000 is an unknown value
R10=0x000007feeb670000 is an unknown value
R11=0x0000000015f9f560 is an unknown value
R12=0x0000000000000001 is an unknown value
R13=0x0000000000000008 is an unknown value
R14=0x0000000000000000 is an unknown value
R15=0xffffffffffffffff is an unknown value


Stack: [0x0000000015ea0000,0x0000000015fa0000],  sp=0x0000000015f9f520,  free space=1021k
Native frames: (J=compiled Java code, j=interpreted, Vv=VM code, C=native code)
C  [KERNELBASE.dll+0x1a06d]
C  [MSVCR110.dll+0x5e92c]
C  [MSVCR110.dll+0x1315c]
C  [MSVCR110.dll+0x136a9]
C  [MSVCR110.dll+0x13e9c]
C  [MSVCR110.dll+0x239e]
C  [MSVCR110.dll+0xaf9e]
C  [MSVCP110.dll+0x397b9]
C  [librdi_common.dll+0x182316]
C  [librdi_common.dll+0x180fab]
C  [librdi_target_manager.dll+0x2400]
C  [librdi_target_manager.dll+0x2682]
C  [ntdll.dll+0x229b1]
C  [ntdll.dll+0x227c0]
C  [MSVCR100.dll+0x20ccd]
V  [jvm.dll+0x210cc5]
V  [jvm.dll+0x249897]
V  [jvm.dll+0x248b36]
V  [jvm.dll+0x248fd1]
V  [jvm.dll+0x2491ee]
V  [jvm.dll+0x29a0fa]
C  [MSVCR100.dll+0x21d9f]
C  [MSVCR100.dll+0x21e3b]
C  [kernel32.dll+0x159bd]
C  [ntdll.dll+0x2a2e1]

VM_Operation (0x000000000012f4c0): Exit, mode: safepoint, requested by thread 0x0000000002438000


---------------  P R O C E S S  ---------------

Java Threads: ( => current thread )
  0x0000000016fbd800 JavaThread "pool-2-thread-8" [_thread_blocked, id=5588, stack(0x000000002c300000,0x000000002c400000)]
  0x000000001e85a800 JavaThread "Thread-254" [_thread_in_native, id=2580, stack(0x0000000027e10000,0x0000000027f10000)]
  0x000000001e859800 JavaThread "pool-2-thread-7" [_thread_blocked, id=5952, stack(0x000000002b610000,0x000000002b710000)]
  0x000000001e85b000 JavaThread "pool-2-thread-6" [_thread_blocked, id=5884, stack(0x000000002c200000,0x000000002c300000)]
  0x000000001e859000 JavaThread "pool-2-thread-5" [_thread_blocked, id=1756, stack(0x000000002b930000,0x000000002ba30000)]
  0x0000000023acc800 JavaThread "pool-2-thread-4" [_thread_blocked, id=5580, stack(0x000000002b710000,0x000000002b810000)]
  0x0000000016fef800 JavaThread "pool-2-thread-3" [_thread_blocked, id=5408, stack(0x00000000207f0000,0x00000000208f0000)]
  0x0000000016fc3800 JavaThread "pool-2-thread-2" [_thread_blocked, id=4524, stack(0x0000000029a70000,0x0000000029b70000)]
  0x0000000016fee800 JavaThread "pool-2-thread-1" [_thread_blocked, id=5436, stack(0x000000002ac10000,0x000000002ad10000)]
  0x0000000016fee000 JavaThread "Thread-29" daemon [_thread_blocked, id=5376, stack(0x000000002ab10000,0x000000002ac10000)]
  0x0000000024d9a800 JavaThread "TCF Channel Transmitter" daemon [_thread_blocked, id=2672, stack(0x0000000029c10000,0x0000000029d10000)]
  0x0000000024d9a000 JavaThread "TCF Channel Receiver" daemon [_thread_blocked, id=4092, stack(0x0000000029750000,0x0000000029850000)]
  0x0000000024d99000 JavaThread "Process monitor" daemon [_thread_in_native, id=4860, stack(0x0000000029650000,0x0000000029750000)]
  0x0000000016fca800 JavaThread "Input Stream Monitor" daemon [_thread_blocked, id=3372, stack(0x0000000029550000,0x0000000029650000)]
  0x0000000016fc9800 JavaThread "Output Stream Monitor" daemon [_thread_in_native, id=4608, stack(0x0000000027ce0000,0x0000000027de0000)]
  0x0000000016fc9000 JavaThread "Output Stream Monitor" daemon [_thread_in_native, id=3896, stack(0x0000000026090000,0x0000000026190000)]
  0x0000000016fc8000 JavaThread "TCF Locator DNS Lookup" daemon [_thread_blocked, id=4232, stack(0x0000000028c50000,0x0000000028d50000)]
  0x0000000016fc7800 JavaThread "TCF Locator Timer" daemon [_thread_blocked, id=2488, stack(0x0000000028b50000,0x0000000028c50000)]
  0x0000000016fc6800 JavaThread "TCF Locator Receiver" daemon [_thread_blocked, id=4344, stack(0x0000000028a50000,0x0000000028b50000)]
  0x0000000016fc5000 JavaThread "TCF Timer Dispatcher" daemon [_thread_blocked, id=4500, stack(0x0000000028850000,0x0000000028950000)]
  0x0000000016fd7800 JavaThread "EMF Reference Cleaner" daemon [_thread_blocked, id=5020, stack(0x000000001a7a0000,0x000000001a8a0000)]
  0x0000000015016000 JavaThread "Service Thread" daemon [_thread_blocked, id=1552, stack(0x0000000016860000,0x0000000016960000)]
  0x0000000014fdb800 JavaThread "C1 CompilerThread3" daemon [_thread_blocked, id=2660, stack(0x0000000016760000,0x0000000016860000)]
  0x0000000014fb6800 JavaThread "C2 CompilerThread2" daemon [_thread_blocked, id=3692, stack(0x0000000016660000,0x0000000016760000)]
  0x0000000014faf800 JavaThread "C2 CompilerThread1" daemon [_thread_blocked, id=3120, stack(0x0000000016560000,0x0000000016660000)]
  0x0000000014fa8000 JavaThread "C2 CompilerThread0" daemon [_thread_blocked, id=4544, stack(0x0000000016460000,0x0000000016560000)]
  0x0000000014fa4800 JavaThread "Attach Listener" daemon [_thread_blocked, id=4832, stack(0x0000000016360000,0x0000000016460000)]
  0x0000000014fa3800 JavaThread "Signal Dispatcher" daemon [_thread_blocked, id=4172, stack(0x0000000016260000,0x0000000016360000)]
  0x0000000013de3000 JavaThread "Finalizer" daemon [_thread_blocked, id=5080, stack(0x00000000160a0000,0x00000000161a0000)]
  0x0000000013ddc800 JavaThread "Reference Handler" daemon [_thread_blocked, id=2456, stack(0x0000000015fa0000,0x00000000160a0000)]
  0x0000000002438000 JavaThread "main" [_thread_blocked, id=1256, stack(0x0000000000030000,0x0000000000130000)]

Other Threads:
=>0x0000000014f52800 VMThread [stack: 0x0000000015ea0000,0x0000000015fa0000] [id=2772]

VM state:at safepoint (shutting down)

VM Mutex/Monitor currently owned by a thread:  ([mutex/lock_event])
[0x000000000258e520] Threads_lock - owner thread: 0x0000000014f52800

Heap:
 PSYoungGen      total 30208K, used 11710K [0x00000000f5580000, 0x00000000fa400000, 0x0000000100000000)
  eden space 29184K, 36% used [0x00000000f5580000,0x00000000f5ff3628,0x00000000f7200000)
  from space 1024K, 98% used [0x00000000fa200000,0x00000000fa2fc228,0x00000000fa300000)
  to   space 1024K, 0% used [0x00000000fa300000,0x00000000fa300000,0x00000000fa400000)
 ParOldGen       total 107008K, used 60546K [0x00000000e0000000, 0x00000000e6880000, 0x00000000f5580000)
  object space 107008K, 56% used [0x00000000e0000000,0x00000000e3b20808,0x00000000e6880000)
 Metaspace       used 93135K, capacity 100802K, committed 100904K, reserved 1136640K
  class space    used 10829K, capacity 13333K, committed 13360K, reserved 1048576K

Card table byte_map: [0x00000000119e0000,0x0000000011af0000] byte_map_base: 0x00000000112e0000

Marking Bits: (ParMarkBitMap*) 0x000000007176a5b0
 Begin Bits: [0x00000000122f0000, 0x0000000012af0000)
 End Bits:   [0x0000000012af0000, 0x00000000132f0000)

Polling page: 0x0000000000220000

CodeCache: size=245760Kb used=58245Kb max_used=58358Kb free=187515Kb
 bounds [0x0000000002620000, 0x0000000005f90000, 0x0000000011620000]
 total_blobs=15868 nmethods=14957 adapters=816
 compilation: enabled

Compilation events (10 events):
Event: 4884.933 Thread 0x0000000014fdb800 nmethod 19509 0x00000000034f4310 code [0x00000000034f44a0, 0x00000000034f4a78]
Event: 4884.936 Thread 0x0000000014fdb800 19510  s!   3       org.eclipse.osgi.storage.bundlefile.ZipBundleFile::close (64 bytes)
Event: 4884.937 Thread 0x0000000014fdb800 nmethod 19510 0x000000000423fd90 code [0x000000000423ff60, 0x00000000042408f8]
Event: 4884.937 Thread 0x0000000014fb6800 19512       4       java.util.ArrayDeque::poll (5 bytes)
Event: 4884.938 Thread 0x0000000014fb6800 nmethod 19512 0x00000000034f4050 code [0x00000000034f4180, 0x00000000034f4238]
Event: 4884.938 Thread 0x0000000014fdb800 19514   !   3       org.eclipse.osgi.storage.BundleInfo$Generation::close (34 bytes)
Event: 4884.939 Thread 0x0000000014fdb800 nmethod 19514 0x0000000004650690 code [0x0000000004650800, 0x0000000004650c28]
Event: 4884.939 Thread 0x0000000014faf800 19515       4       org.eclipse.osgi.container.ModuleDatabase::readLock (11 bytes)
Event: 4884.940 Thread 0x0000000014fdb800 19516       3       org.eclipse.osgi.container.Module::holdsTransitionEventLock (25 bytes)
Event: 4884.940 Thread 0x0000000014fdb800 nmethod 19516 0x0000000004af9910 code [0x0000000004af9aa0, 0x0000000004afa1c8]

GC Heap History (10 events):
Event: 4880.232 GC heap before
{Heap before GC invocations=374 (full 21):
 PSYoungGen      total 29184K, used 29184K [0x00000000f5580000, 0x00000000fa500000, 0x0000000100000000)
  eden space 28672K, 100% used [0x00000000f5580000,0x00000000f7180000,0x00000000f7180000)
  from space 512K, 100% used [0x00000000fa480000,0x00000000fa500000,0x00000000fa500000)
  to   space 1024K, 0% used [0x00000000fa300000,0x00000000fa300000,0x00000000fa400000)
 ParOldGen       total 107008K, used 60490K [0x00000000e0000000, 0x00000000e6880000, 0x00000000f5580000)
  object space 107008K, 56% used [0x00000000e0000000,0x00000000e3b12808,0x00000000e6880000)
 Metaspace       used 92505K, capacity 100248K, committed 100520K, reserved 1136640K
  class space    used 10750K, capacity 13172K, committed 13232K, reserved 1048576K
Event: 4880.234 GC heap after
Heap after GC invocations=374 (full 21):
 PSYoungGen      total 29696K, used 480K [0x00000000f5580000, 0x00000000fa500000, 0x0000000100000000)
  eden space 28672K, 0% used [0x00000000f5580000,0x00000000f5580000,0x00000000f7180000)
  from space 1024K, 46% used [0x00000000fa300000,0x00000000fa378000,0x00000000fa400000)
  to   space 1024K, 0% used [0x00000000fa400000,0x00000000fa400000,0x00000000fa500000)
 ParOldGen       total 107008K, used 60522K [0x00000000e0000000, 0x00000000e6880000, 0x00000000f5580000)
  object space 107008K, 56% used [0x00000000e0000000,0x00000000e3b1a808,0x00000000e6880000)
 Metaspace       used 92505K, capacity 100248K, committed 100520K, reserved 1136640K
  class space    used 10750K, capacity 13172K, committed 13232K, reserved 1048576K
}
Event: 4881.241 GC heap before
{Heap before GC invocations=375 (full 21):
 PSYoungGen      total 29696K, used 29152K [0x00000000f5580000, 0x00000000fa500000, 0x0000000100000000)
  eden space 28672K, 100% used [0x00000000f5580000,0x00000000f7180000,0x00000000f7180000)
  from space 1024K, 46% used [0x00000000fa300000,0x00000000fa378000,0x00000000fa400000)
  to   space 1024K, 0% used [0x00000000fa400000,0x00000000fa400000,0x00000000fa500000)
 ParOldGen       total 107008K, used 60522K [0x00000000e0000000, 0x00000000e6880000, 0x00000000f5580000)
  object space 107008K, 56% used [0x00000000e0000000,0x00000000e3b1a808,0x00000000e6880000)
 Metaspace       used 92505K, capacity 100248K, committed 100520K, reserved 1136640K
  class space    used 10750K, capacity 13172K, committed 13232K, reserved 1048576K
Event: 4881.243 GC heap after
Heap after GC invocations=375 (full 21):
 PSYoungGen      total 29184K, used 480K [0x00000000f5580000, 0x00000000fa480000, 0x0000000100000000)
  eden space 28672K, 0% used [0x00000000f5580000,0x00000000f5580000,0x00000000f7180000)
  from space 512K, 93% used [0x00000000fa400000,0x00000000fa478000,0x00000000fa480000)
  to   space 1024K, 0% used [0x00000000fa280000,0x00000000fa280000,0x00000000fa380000)
 ParOldGen       total 107008K, used 60522K [0x00000000e0000000, 0x00000000e6880000, 0x00000000f5580000)
  object space 107008K, 56% used [0x00000000e0000000,0x00000000e3b1a808,0x00000000e6880000)
 Metaspace       used 92505K, capacity 100248K, committed 100520K, reserved 1136640K
  class space    used 10750K, capacity 13172K, committed 13232K, reserved 1048576K
}
Event: 4882.171 GC heap before
{Heap before GC invocations=376 (full 21):
 PSYoungGen      total 29184K, used 29152K [0x00000000f5580000, 0x00000000fa480000, 0x0000000100000000)
  eden space 28672K, 100% used [0x00000000f5580000,0x00000000f7180000,0x00000000f7180000)
  from space 512K, 93% used [0x00000000fa400000,0x00000000fa478000,0x00000000fa480000)
  to   space 1024K, 0% used [0x00000000fa280000,0x00000000fa280000,0x00000000fa380000)
 ParOldGen       total 107008K, used 60522K [0x00000000e0000000, 0x00000000e6880000, 0x00000000f5580000)
  object space 107008K, 56% used [0x00000000e0000000,0x00000000e3b1a808,0x00000000e6880000)
 Metaspace       used 92509K, capacity 100248K, committed 100520K, reserved 1136640K
  class space    used 10750K, capacity 13172K, committed 13232K, reserved 1048576K
Event: 4882.174 GC heap after
Heap after GC invocations=376 (full 21):
 PSYoungGen      total 29696K, used 544K [0x00000000f5580000, 0x00000000fa480000, 0x0000000100000000)
  eden space 28672K, 0% used [0x00000000f5580000,0x00000000f5580000,0x00000000f7180000)
  from space 1024K, 53% used [0x00000000fa280000,0x00000000fa308000,0x00000000fa380000)
  to   space 1024K, 0% used [0x00000000fa380000,0x00000000fa380000,0x00000000fa480000)
 ParOldGen       total 107008K, used 60522K [0x00000000e0000000, 0x00000000e6880000, 0x00000000f5580000)
  object space 107008K, 56% used [0x00000000e0000000,0x00000000e3b1a808,0x00000000e6880000)
 Metaspace       used 92509K, capacity 100248K, committed 100520K, reserved 1136640K
  class space    used 10750K, capacity 13172K, committed 13232K, reserved 1048576K
}
Event: 4883.116 GC heap before
{Heap before GC invocations=377 (full 21):
 PSYoungGen      total 29696K, used 29216K [0x00000000f5580000, 0x00000000fa480000, 0x0000000100000000)
  eden space 28672K, 100% used [0x00000000f5580000,0x00000000f7180000,0x00000000f7180000)
  from space 1024K, 53% used [0x00000000fa280000,0x00000000fa308000,0x00000000fa380000)
  to   space 1024K, 0% used [0x00000000fa380000,0x00000000fa380000,0x00000000fa480000)
 ParOldGen       total 107008K, used 60522K [0x00000000e0000000, 0x00000000e6880000, 0x00000000f5580000)
  object space 107008K, 56% used [0x00000000e0000000,0x00000000e3b1a808,0x00000000e6880000)
 Metaspace       used 92516K, capacity 100248K, committed 100520K, reserved 1136640K
  class space    used 10752K, capacity 13172K, committed 13232K, reserved 1048576K
Event: 4883.135 GC heap after
Heap after GC invocations=377 (full 21):
 PSYoungGen      total 30208K, used 512K [0x00000000f5580000, 0x00000000fa400000, 0x0000000100000000)
  eden space 29696K, 0% used [0x00000000f5580000,0x00000000f5580000,0x00000000f7280000)
  from space 512K, 100% used [0x00000000fa380000,0x00000000fa400000,0x00000000fa400000)
  to   space 1024K, 0% used [0x00000000fa200000,0x00000000fa200000,0x00000000fa300000)
 ParOldGen       total 107008K, used 60522K [0x00000000e0000000, 0x00000000e6880000, 0x00000000f5580000)
  object space 107008K, 56% used [0x00000000e0000000,0x00000000e3b1a808,0x00000000e6880000)
 Metaspace       used 92516K, capacity 100248K, committed 100520K, reserved 1136640K
  class space    used 10752K, capacity 13172K, committed 13232K, reserved 1048576K
}
Event: 4884.037 GC heap before
{Heap before GC invocations=378 (full 21):
 PSYoungGen      total 30208K, used 30208K [0x00000000f5580000, 0x00000000fa400000, 0x0000000100000000)
  eden space 29696K, 100% used [0x00000000f5580000,0x00000000f7280000,0x00000000f7280000)
  from space 512K, 100% used [0x00000000fa380000,0x00000000fa400000,0x00000000fa400000)
  to   space 1024K, 0% used [0x00000000fa200000,0x00000000fa200000,0x00000000fa300000)
 ParOldGen       total 107008K, used 60522K [0x00000000e0000000, 0x00000000e6880000, 0x00000000f5580000)
  object space 107008K, 56% used [0x00000000e0000000,0x00000000e3b1a808,0x00000000e6880000)
 Metaspace       used 92789K, capacity 100446K, committed 100648K, reserved 1136640K
  class space    used 10789K, capacity 13237K, committed 13360K, reserved 1048576K
Event: 4884.042 GC heap after
Heap after GC invocations=378 (full 21):
 PSYoungGen      total 30208K, used 1008K [0x00000000f5580000, 0x00000000fa400000, 0x0000000100000000)
  eden space 29184K, 0% used [0x00000000f5580000,0x00000000f5580000,0x00000000f7200000)
  from space 1024K, 98% used [0x00000000fa200000,0x00000000fa2fc228,0x00000000fa300000)
  to   space 1024K, 0% used [0x00000000fa300000,0x00000000fa300000,0x00000000fa400000)
 ParOldGen       total 107008K, used 60546K [0x00000000e0000000, 0x00000000e6880000, 0x00000000f5580000)
  object space 107008K, 56% used [0x00000000e0000000,0x00000000e3b20808,0x00000000e6880000)
 Metaspace       used 92789K, capacity 100446K, committed 100648K, reserved 1136640K
  class space    used 10789K, capacity 13237K, committed 13360K, reserved 1048576K
}

Deoptimization events (10 events):
Event: 4884.895 Thread 0x0000000016fbf000 Uncommon trap: reason=bimorphic action=maybe_recompile pc=0x0000000005ad0614 method=org.eclipse.core.internal.dtree.AbstractDataTreeNode.assembleWith([Lorg/eclipse/core/internal/dtree/AbstractDataTreeNode;[Lorg/eclipse/core/internal/dtree/AbstractDataTreeN¿w©å³@
Event: 4884.895 Thread 0x0000000016fbf000 Uncommon trap: reason=bimorphic action=maybe_recompile pc=0x0000000005ad0614 method=org.eclipse.core.internal.dtree.AbstractDataTreeNode.assembleWith([Lorg/eclipse/core/internal/dtree/AbstractDataTreeNode;[Lorg/eclipse/core/internal/dtree/AbstractDataTreeN
Event: 4884.895 Thread 0x0000000016fbf000 Uncommon trap: reason=bimorphic action=maybe_recompile pc=0x0000000005ad0614 method=org.eclipse.core.internal.dtree.AbstractDataTreeNode.assembleWith([Lorg/eclipse/core/internal/dtree/AbstractDataTreeNode;[Lorg/eclipse/core/internal/dtree/AbstractDataTreeN?{¤å³@
Event: 4884.895 Thread 0x0000000016fbf000 Uncommon trap: reason=bimorphic action=maybe_recompile pc=0x0000000005ad0614 method=org.eclipse.core.internal.dtree.AbstractDataTreeNode.assembleWith([Lorg/eclipse/core/internal/dtree/AbstractDataTreeNode;[Lorg/eclipse/core/internal/dtree/AbstractDataTreeN€èÃ4é³@
Event: 4884.911 Thread 0x0000000016fbf000 Uncommon trap: reason=unstable_if action=reinterpret pc=0x00000000058fda90 method=java.lang.Class.getDeclaredMethod(Ljava/lang/String;[Ljava/lang/Class;)Ljava/lang/reflect/Method; @ 21
Event: 4884.918 Thread 0x0000000016fbc000 Uncommon trap: reason=unstable_if action=reinterpret pc=0x00000000040c82a4 method=org.eclipse.osgi.framework.eventmgr.EventManager$EventThread.getNextEvent()Lorg/eclipse/osgi/framework/eventmgr/EventManager$EventThread$Queued; @ 15
Event: 4884.919 Thread 0x000000001e856000 Uncommon trap: reason=unstable_if action=reinterpret pc=0x0000000005e18014 method=org.eclipse.core.internal.jobs.JobManager.nextJob()Lorg/eclipse/core/runtime/jobs/Job; @ 80
Event: 4884.919 Thread 0x0000000016fc0000 Uncommon trap: reason=unstable_if action=reinterpret pc=0x0000000005e18014 method=org.eclipse.core.internal.jobs.JobManager.nextJob()Lorg/eclipse/core/runtime/jobs/Job; @ 80
Event: 4884.932 Thread 0x0000000016fbf000 Uncommon trap: reason=unstable_if action=reinterpret pc=0x0000000003523ca4 method=sun.reflect.UnsafeStaticObjectFieldAccessorImpl.set(Ljava/lang/Object;Ljava/lang/Object;)V @ 13
Event: 4884.938 Thread 0x0000000016fbd000 Uncommon trap: reason=unstable_if action=reinterpret pc=0x00000000040c82a4 method=org.eclipse.osgi.framework.eventmgr.EventManager$EventThread.getNextEvent()Lorg/eclipse/osgi/framework/eventmgr/EventManager$EventThread$Queued; @ 15

Internal exceptions (10 events):
Event: 4883.483 Thread 0x0000000002438000 Implicit null exception at 0x000000000344fef0 to 0x000000000344ff49
Event: 4884.288 Thread 0x0000000016fea800 Exception <a 'java/lang/InterruptedException'> (0x00000000f5abc0c0) thrown at [C:\re\workspace\8-2-build-windows-amd64-cygwin\jdk8u66\5298\hotspot\src\share\vm\runtime\objectMonitor.cpp, line 1683]
Event: 4884.319 Thread 0x0000000016fbf000 Implicit null exception at 0x000000000333db47 to 0x000000000333eb4a
Event: 4884.892 Thread 0x0000000016fbf000 Implicit null exception at 0x000000000428c8e7 to 0x000000000428e361
Event: 4884.892 Thread 0x0000000016fbf000 Exception <a 'java/lang/NullPointerException'> (0x00000000f5cf6490) thrown at [C:\re\workspace\8-2-build-windows-amd64-cygwin\jdk8u66\5298\hotspot\src\share\vm\prims\jvm.cpp, line 1390]
Event: 4884.918 Thread 0x0000000016fbc000 Exception <a 'java/lang/InterruptedException'> (0x00000000f5659010) thrown at [C:\re\workspace\8-2-build-windows-amd64-cygwin\jdk8u66\5298\hotspot\src\share\vm\runtime\objectMonitor.cpp, line 1683]
Event: 4884.932 Thread 0x0000000016fbf000 Implicit null exception at 0x0000000003523897 to 0x0000000003523c91
Event: 4884.932 Thread 0x0000000018f52800 Exception <a 'java/lang/InterruptedException'> (0x00000000f5e1ea40) thrown at [C:\re\workspace\8-2-build-windows-amd64-cygwin\jdk8u66\5298\hotspot\src\share\vm\runtime\objectMonitor.cpp, line 1683]
Event: 4884.938 Thread 0x0000000016fbd000 Exception <a 'java/lang/InterruptedException'> (0x00000000f5c7af00) thrown at [C:\re\workspace\8-2-build-windows-amd64-cygwin\jdk8u66\5298\hotspot\src\share\vm\runtime\objectMonitor.cpp, line 1683]
Event: 4884.938 Thread 0x00000000181a0800 Exception <a 'java/lang/InterruptedException'> (0x00000000f5fc0ab8) thrown at [C:\re\workspace\8-2-build-windows-amd64-cygwin\jdk8u66\5298\hotspot\src\share\vm\runtime\objectMonitor.cpp, line 1683]

Events (10 events):
Event: 4884.939 Thread 0x0000000014fdb800 flushing nmethod 0x0000000004c05090
Event: 4884.940 Thread 0x0000000014fdb800 flushing nmethod 0x0000000004c80e50
Event: 4884.940 Thread 0x0000000016fbf000 Thread exited: 0x0000000016fbf000
Event: 4884.940 loading class java/util/IdentityHashMap$KeyIterator
Event: 4884.940 loading class java/util/IdentityHashMap$IdentityHashMapIterator
Event: 4884.940 loading class java/util/IdentityHashMap$IdentityHashMapIterator done
Event: 4884.940 loading class java/util/IdentityHashMap$KeyIterator done
Event: 4884.940 Thread 0x0000000016fbf000 Thread added: 0x0000000016fbf000
Event: 4884.941 Thread 0x0000000016fbf000 Thread exited: 0x0000000016fbf000
Event: 4884.941 Executing VM operation: Exit


Dynamic libraries:
0x0000000000400000 - 0x000000000044f000 	C:\Xilinx\SDK\2016.2\eclipse\win64.o\eclipse.exe
0x0000000077b10000 - 0x0000000077cba000 	C:\Windows\SYSTEM32\ntdll.dll
0x00000000778f0000 - 0x0000000077a0f000 	C:\Windows\system32\kernel32.dll
0x000007fefdba0000 - 0x000007fefdc0a000 	C:\Windows\system32\KERNELBASE.dll
0x0000000077a10000 - 0x0000000077b0a000 	C:\Windows\system32\USER32.dll
0x000007feff5c0000 - 0x000007feff627000 	C:\Windows\system32\GDI32.dll
0x000007fefe1d0000 - 0x000007fefe1de000 	C:\Windows\system32\LPK.dll
0x000007fefddd0000 - 0x000007fefde9a000 	C:\Windows\system32\USP10.dll
0x000007fefdc10000 - 0x000007fefdcaf000 	C:\Windows\system32\msvcrt.dll
0x000007fefc160000 - 0x000007fefc354000 	C:\Windows\WinSxS\amd64_microsoft.windows.common-controls_6595b64144ccf1df_6.0.7601.18837_none_fa3b1e3d17594757\COMCTL32.dll
0x000007fefdf40000 - 0x000007fefdfb1000 	C:\Windows\system32\SHLWAPI.dll
0x000007fefdd80000 - 0x000007fefddae000 	C:\Windows\system32\IMM32.DLL
0x000007feff3c0000 - 0x000007feff4c9000 	C:\Windows\system32\MSCTF.dll
0x0000000072000000 - 0x0000000072012000 	C:\Xilinx\SDK\2016.2\eclipse\win64.o\plugins\org.eclipse.equinox.launcher.win32.win32.x86_64_1.1.300.v20150602-1417\eclipse_1611.dll
0x000007fefe1e0000 - 0x000007fefe2bb000 	C:\Windows\system32\ADVAPI32.dll
0x000007fefddb0000 - 0x000007fefddcf000 	C:\Windows\SYSTEM32\sechost.dll
0x000007feffa20000 - 0x000007feffb4d000 	C:\Windows\system32\RPCRT4.dll
0x000007fefc8e0000 - 0x000007fefc8ec000 	C:\Windows\system32\VERSION.dll
0x000007fefc100000 - 0x000007fefc156000 	C:\Windows\system32\UxTheme.dll
0x0000000070f60000 - 0x00000000717e9000 	C:\Xilinx\SDK\2016.2\tps\win64\jre\bin\server\jvm.dll
0x000007fefb990000 - 0x000007fefb999000 	C:\Windows\system32\WSOCK32.dll
0x000007fefdcb0000 - 0x000007fefdcfd000 	C:\Windows\system32\WS2_32.dll
0x000007feff4d0000 - 0x000007feff4d8000 	C:\Windows\system32\NSI.dll
0x000007fefb0a0000 - 0x000007fefb0db000 	C:\Windows\system32\WINMM.dll
0x0000000077ce0000 - 0x0000000077ce7000 	C:\Windows\system32\PSAPI.DLL
0x0000000072d40000 - 0x0000000072e12000 	C:\Windows\system32\MSVCR100.dll
0x0000000073250000 - 0x000000007325f000 	C:\Xilinx\SDK\2016.2\tps\win64\jre\bin\verify.dll
0x0000000073220000 - 0x0000000073249000 	C:\Xilinx\SDK\2016.2\tps\win64\jre\bin\java.dll
0x00000000729a0000 - 0x00000000729b6000 	C:\Xilinx\SDK\2016.2\tps\win64\jre\bin\zip.dll
0x000007fefe590000 - 0x000007feff319000 	C:\Windows\system32\SHELL32.dll
0x000007fefdfc0000 - 0x000007fefe1c3000 	C:\Windows\system32\ole32.dll
0x000007fefd860000 - 0x000007fefd86f000 	C:\Windows\system32\profapi.dll
0x000007fefd050000 - 0x000007fefd068000 	C:\Windows\system32\CRYPTSP.dll
0x000007fefcd50000 - 0x000007fefcd97000 	C:\Windows\system32\rsaenh.dll
0x000007fefd9c0000 - 0x000007fefd9de000 	C:\Windows\system32\USERENV.dll
0x000007fefd6f0000 - 0x000007fefd6ff000 	C:\Windows\system32\CRYPTBASE.dll
0x0000000072980000 - 0x000000007299a000 	C:\Xilinx\SDK\2016.2\tps\win64\jre\bin\net.dll
0x000007fefcff0000 - 0x000007fefd045000 	C:\Windows\system32\mswsock.dll
0x000007fefcfe0000 - 0x000007fefcfe7000 	C:\Windows\System32\wship6.dll
0x000007fefab60000 - 0x000007fefab87000 	C:\Windows\system32\IPHLPAPI.DLL
0x000007fefab50000 - 0x000007fefab5b000 	C:\Windows\system32\WINNSI.DLL
0x000007fefa730000 - 0x000007fefa741000 	C:\Windows\system32\dhcpcsvc6.DLL
0x000007fefa710000 - 0x000007fefa728000 	C:\Windows\system32\dhcpcsvc.DLL
0x0000000072960000 - 0x0000000072971000 	C:\Xilinx\SDK\2016.2\tps\win64\jre\bin\nio.dll
0x000007fefadf0000 - 0x000007fefae05000 	C:\Windows\system32\NLAapi.dll
0x000007fef8fb0000 - 0x000007fef8fc5000 	C:\Windows\system32\napinsp.dll
0x000007fef8fd0000 - 0x000007fef8fe9000 	C:\Windows\system32\pnrpnsp.dll
0x000007fefce70000 - 0x000007fefcecb000 	C:\Windows\system32\DNSAPI.dll
0x000007fef8fa0000 - 0x000007fef8fab000 	C:\Windows\System32\winrnr.dll
0x000007fefc9b0000 - 0x000007fefc9b7000 	C:\Windows\System32\wshtcpip.dll
0x000007fef9520000 - 0x000007fef9528000 	C:\Windows\system32\rasadhlp.dll
0x000007fefa7c0000 - 0x000007fefa813000 	C:\Windows\System32\fwpuclnt.dll
0x00000000186d0000 - 0x0000000018778000 	C:\Users\wanxing1\.Xilinx\SDK\2016.2\org.eclipse.osgi\312\0\.cp\swt-win32-4527.dll
0x000007feff4e0000 - 0x000007feff5b8000 	C:\Windows\system32\OLEAUT32.dll
0x000007fefdea0000 - 0x000007fefdf37000 	C:\Windows\system32\comdlg32.dll
0x000007fef62b0000 - 0x000007fef6321000 	C:\Windows\system32\WINSPOOL.DRV
0x000007fefe2c0000 - 0x000007fefe585000 	C:\Windows\system32\WININET.dll
0x000007fefd8c0000 - 0x000007fefd8c4000 	C:\Windows\system32\api-ms-win-downlevel-user32-l1-1-0.dll
0x000007fefdb70000 - 0x000007fefdb74000 	C:\Windows\system32\api-ms-win-downlevel-shlwapi-l1-1-0.dll
0x000007fefd8b0000 - 0x000007fefd8b4000 	C:\Windows\system32\api-ms-win-downlevel-version-l1-1-0.dll
0x000007fefdb90000 - 0x000007fefdb93000 	C:\Windows\system32\api-ms-win-downlevel-normaliz-l1-1-0.dll
0x0000000077cd0000 - 0x0000000077cd3000 	C:\Windows\system32\normaliz.DLL
0x000007feffb50000 - 0x000007feffe19000 	C:\Windows\system32\iertutil.dll
0x000007fefd9b0000 - 0x000007fefd9b5000 	C:\Windows\system32\api-ms-win-downlevel-advapi32-l1-1-0.dll
0x000007fefda00000 - 0x000007fefdb6d000 	C:\Windows\system32\CRYPT32.dll
0x000007fefd850000 - 0x000007fefd85f000 	C:\Windows\system32\MSASN1.dll
0x000007fefbbd0000 - 0x000007fefbcfc000 	C:\Windows\system32\propsys.dll
0x000007feff320000 - 0x000007feff3b9000 	C:\Windows\system32\CLBCatQ.DLL
0x00000000003b0000 - 0x00000000003ce000 	C:\Users\wanxing1\.Xilinx\SDK\2016.2\org.eclipse.osgi\312\0\.cp\swt-gdip-win32-4527.dll
0x000007fefbee0000 - 0x000007fefc0f6000 	C:\Windows\WinSxS\amd64_microsoft.windows.gdiplus_6595b64144ccf1df_1.1.7601.23508_none_145555328b95eaaa\gdiplus.dll
0x000007fefba00000 - 0x000007fefbb61000 	C:\Windows\system32\WindowsCodecs.dll
0x0000000180000000 - 0x0000000180012000 	C:\Users\wanxing1\.Xilinx\SDK\2016.2\org.eclipse.osgi\126\0\.cp\os\win32\x86_64\localfile_1_0_0.dll
0x000007fef9990000 - 0x000007fef99e4000 	C:\Windows\system32\oleacc.dll
0x000007fef5090000 - 0x000007fef5097000 	C:\Windows\system32\msimg32.dll
0x000007fefd7a0000 - 0x000007fefd7b4000 	C:\Windows\system32\RpcRtRemote.dll
0x000007fefab90000 - 0x000007fefaba1000 	C:\Users\wanxing1\.Xilinx\SDK\2016.2\org.eclipse.osgi\129\0\.cp\jWinHttp-1.0.0.dll
0x000007fef9080000 - 0x000007fef90f1000 	C:\Windows\system32\WINHTTP.dll
0x000007fef8ff0000 - 0x000007fef9054000 	C:\Windows\system32\webio.dll
0x000007fefd660000 - 0x000007fefd685000 	C:\Windows\system32\SspiCli.dll
0x000007fefcc10000 - 0x000007fefcc1a000 	C:\Windows\system32\credssp.dll
0x000007fefd870000 - 0x000007fefd8a6000 	C:\Windows\system32\CFGMGR32.dll
0x000007fefd690000 - 0x000007fefd6e7000 	C:\Windows\system32\apphelp.dll
0x000007fefb9a0000 - 0x000007fefb9af000 	C:\Xilinx\SDK\2016.2\lib\win64.o\librdi_repo_manager.dll
0x000007fefa440000 - 0x000007fefa46a000 	C:\Xilinx\SDK\2016.2\lib\win64.o\libisl_sysinfo.dll
0x000007feeb670000 - 0x000007feeb744000 	C:\Windows\system32\MSVCR110.dll
0x000007feeb750000 - 0x000007feeb7f7000 	C:\Windows\system32\MSVCP110.dll
0x000007fec2890000 - 0x000007fec32d0000 	C:\Xilinx\SDK\2016.2\lib\win64.o\librdi_common.dll
0x000007fec4000000 - 0x000007fec436e000 	C:\Xilinx\SDK\2016.2\lib\win64.o\libCOIN-all.dll
0x000007fec4840000 - 0x000007fec4a5f000 	C:\Xilinx\SDK\2016.2\lib\win64.o\libXil_lmgr11.dll
0x000007fefb8c0000 - 0x000007fefb8d6000 	C:\Windows\system32\NETAPI32.dll
0x000007fefcc80000 - 0x000007fefcc8c000 	C:\Windows\system32\netutils.dll
0x000007fefd3b0000 - 0x000007fefd3d3000 	C:\Windows\system32\srvcli.dll
0x000007fefb8a0000 - 0x000007fefb8b5000 	C:\Windows\system32\wkscli.dll
0x000007fefd970000 - 0x000007fefd9ab000 	C:\Windows\system32\WINTRUST.dll
0x000007fefa430000 - 0x000007fefa440000 	C:\Xilinx\SDK\2016.2\lib\win64.o\libboost_date_time.dll
0x000007fefa290000 - 0x000007fefa2b4000 	C:\Xilinx\SDK\2016.2\lib\win64.o\libboost_filesystem.dll
0x000007fefac20000 - 0x000007fefac29000 	C:\Xilinx\SDK\2016.2\lib\win64.o\libboost_system.dll
0x000007fef7750000 - 0x000007fef77c7000 	C:\Xilinx\SDK\2016.2\lib\win64.o\libboost_program_options.dll
0x000007feecc90000 - 0x000007feecd96000 	C:\Xilinx\SDK\2016.2\lib\win64.o\libboost_regex.dll
0x000007fefa350000 - 0x000007fefa363000 	C:\Xilinx\SDK\2016.2\lib\win64.o\libboost_signals.dll
0x000007fefa270000 - 0x000007fefa28d000 	C:\Xilinx\SDK\2016.2\lib\win64.o\libboost_thread.dll
0x000007fefa420000 - 0x000007fefa42b000 	C:\Xilinx\SDK\2016.2\lib\win64.o\libboost_chrono.dll
0x000007fefa340000 - 0x000007fefa34b000 	C:\Xilinx\SDK\2016.2\lib\win64.o\libboost_xilinx.dll
0x000007fef77d0000 - 0x000007fef7850000 	C:\Xilinx\SDK\2016.2\lib\win64.o\libhdlpsolve.dll
0x000007fef53d0000 - 0x000007fef546a000 	C:\Xilinx\SDK\2016.2\lib\win64.o\libhdxml.dll
0x000007fec2420000 - 0x000007fec2885e00 	C:\Xilinx\SDK\2016.2\lib\win64.o\libisl_iostreams.dll
0x000007fefa250000 - 0x000007fefa266000 	C:\Xilinx\SDK\2016.2\lib\win64.o\libboost_iostreams.dll
0x000007fefa220000 - 0x000007fefa243000 	C:\Xilinx\SDK\2016.2\lib\win64.o\librdizlib.dll
0x000007fef7720000 - 0x000007fef7743000 	C:\Xilinx\SDK\2016.2\lib\win64.o\libisl_iosutils.dll
0x000007fefa1d0000 - 0x000007fefa1e5000 	C:\Xilinx\SDK\2016.2\lib\win64.o\pthreadVC2.dll
0x000007fef5b20000 - 0x000007fef5b74000 	C:\Xilinx\SDK\2016.2\lib\win64.o\librdi_commonxillic.dll
0x000007feecb60000 - 0x000007feecc90000 	C:\Xilinx\SDK\2016.2\lib\win64.o\librdi_curl.dll
0x000007fef9620000 - 0x000007fef9638000 	C:\Xilinx\SDK\2016.2\lib\win64.o\librdiconfig.dll
0x0000000065e00000 - 0x0000000065f27000 	C:\Xilinx\SDK\2016.2\lib\win64.o\tcl85t.dll
0x0000000028d50000 - 0x0000000028fb3000 	C:\Xilinx\SDK\2016.2\lib\win64.o\xerces-c_3_1.dll
0x000007feff6b0000 - 0x000007feff836000 	C:\Windows\system32\urlmon.dll
0x000007fefdb80000 - 0x000007fefdb84000 	C:\Windows\system32\api-ms-win-downlevel-ole32-l1-1-0.dll
0x000007fee9a10000 - 0x000007fee9a33000 	C:\Windows\system32\VCOMP110.DLL
0x000007fec4640000 - 0x000007fec4832000 	C:\Xilinx\SDK\2016.2\lib\win64.o\librdi_hsm.dll
0x000007fef5380000 - 0x000007fef53c3000 	C:\Xilinx\SDK\2016.2\lib\win64.o\librdi_hdf.dll
0x000007fec3a40000 - 0x000007fec3cc1000 	C:\Xilinx\SDK\2016.2\lib\win64.o\librdi_ippcw.dll
0x000007fef9600000 - 0x000007fef9616000 	C:\Xilinx\SDK\2016.2\eclipse\win64.o\plugins\org.eclipse.cdt.core.win32.x86_64_5.4.0.201509131935\os\win32\x86_64\spawner.dll
0x0000000027750000 - 0x0000000027775000 	C:\Users\wanxing1\.jssc\windows\jSSC-2.8_x86_64.dll
0x0000000029b70000 - 0x0000000029b96000 	C:\Xilinx\SDK\2016.2\eclipse\win64.o\plugins\gnu.io.rxtx.win32.x86_64_2.1.7.3_v20071015\os\win32\x86_64\rxtxSerial.dll
0x000007fefa470000 - 0x000007fefa47a000 	C:\Xilinx\SDK\2016.2\lib\win64.o\librdi_jtag_settings.dll
0x000007fef5350000 - 0x000007fef5379000 	C:\Xilinx\SDK\2016.2\lib\win64.o\librdi_debug_dialog.dll
0x000007fef97f0000 - 0x000007fef97f8000 	C:\Xilinx\SDK\2016.2\lib\win64.o\librdi_target_manager.dll
0x000007feb5900000 - 0x000007feb6110000 	C:\Xilinx\SDK\2016.2\lib\win64.o\libXil_lmgr11FNP.dll

VM Arguments:
jvm_args: -Dcom.xilinx.sdk.args.hwspec=W:/video_demo/NexysVideo-master/Projects/hdmi/proj/hdmi.sdk/hdmi_wrapper.hdf -Xms64m -Xmx512m & 
java_command: <unknown>
java_class_path (initial): C:\Xilinx\SDK\2016.2\eclipse\win64.o\\plugins/org.eclipse.equinox.launcher_1.3.100.v20150511-1540.jar
Launcher Type: generic

Environment Variables:
PATH=C:/Xilinx/SDK/2016.2/tps/win64/jre/bin/server;C:/Xilinx/SDK/2016.2/tps/win64/jre/bin;C:/Xilinx/SDK/2016.2/tps/win64/jre/lib/amd64;C:\Xilinx\SDK\2016.2\gnuwin\bin;C:\Xilinx\SDK\2016.2\gnu\microblaze\nt\bin;C:\Xilinx\SDK\2016.2\gnu\microblaze\linux_toolchain\nt64_le\bin;C:\Xilinx\SDK\2016.2\gnu\microblaze\linux_toolchain\nt64_be\bin;C:\Xilinx\SDK\2016.2\gnu\arm\nt\bin;C:\Xilinx\SDK\2016.2\gnu\aarch64\nt\aarch64-none\bin;C:\Xilinx\SDK\2016.2\gnu\aarch64\nt\aarch64-linux\bin;C:\Xilinx\SDK\2016.2\gnu\armr5\nt\gcc-arm-none-eabi\bin;C:\Xilinx\SDK\2016.2\gnu\aarch32\nt\gcc-arm-none-eabi\bin;C:\Xilinx\SDK\2016.2\gnu\aarch32\nt\gcc-arm-linux-gnueabi\bin;C:\Xilinx\SDK\2016.2\tps\win64\cmake-3.3.2\bin;;C:\Xilinx\SDK\2016.2\bin;C:\Xilinx\SDK\2016.2\lib\win64.o;C:\Xilinx\SDK\2016.2\tps\win64\jre\bin\server;C:\Xilinx\SDK\2016.2\tps\win64\jre\bin;C:\Xilinx\Vivado\2016.2\ids_lite\ISE\bin\nt64;C:\Xilinx\Vivado\2016.2\ids_lite\ISE\lib\nt64;C:\Xilinx\Vivado\2016.2\bin;C:\Xilinx\Vivado\2016.2\lib\win64.o;C:\Xilinx\Vivado\2016.2\tps\win64\jre\bin\server;C:\Xilinx\Vivado\2016.2\tps\win64\jre\bin;C:\Xilinx\Vivado_HLS\2016.2\bin;C:\Windows\system32;C:\Windows;C:\Windows\System32\Wbem;C:\Windows\System32\WindowsPowerShell\v1.0\;C:\Program Files (x86)\Java\jre6\bin;C:\Program Files (x86)\eclipse;C:\altera\16.0\quartus\bin64;c:\altera\16.0\quartus\bin64\jre64\bin;W:\video_demo\NexysVideo-master\Projects\hdmi\proj;
USERNAME=wanxing1
OS=Windows_NT
PROCESSOR_IDENTIFIER=Intel64 Family 6 Model 60 Stepping 3, GenuineIntel



---------------  S Y S T E M  ---------------

OS: Windows 7 , 64 bit Build 7601 (6.1.7601.23418)

CPU:total 8 (4 cores per cpu, 2 threads per core) family 6 model 60 stepping 3, cmov, cx8, fxsr, mmx, sse, sse2, sse3, ssse3, sse4.1, sse4.2, popcnt, avx, avx2, aes, clmul, erms, lzcnt, ht, tsc, tscinvbit, bmi1, bmi2

Memory: 4k page, physical 16683160k(11067060k free), swap 33364460k(26843840k free)

vm_info: Java HotSpot(TM) 64-Bit Server VM (25.66-b18) for windows-amd64 JRE (1.8.0_66-b18), built on Nov  9 2015 10:51:13 by "java_re" with MS VC++ 10.0 (VS2010)

time: Wed Feb 15 12:31:55 2017
elapsed time: 4885 seconds (0d 1h 21m 25s)

