#
# A fatal error has been detected by the Java Runtime Environment:
#
#  EXCEPTION_UNCAUGHT_CXX_EXCEPTION (0xe06d7363) at pc=0x000007fefd32a06d, pid=3408, tid=2852
#
# JRE version: Java(TM) SE Runtime Environment (8.0_66-b18) (build 1.8.0_66-b18)
# Java VM: Java HotSpot(TM) 64-Bit Server VM (25.66-b18 mixed mode windows-amd64 compressed oops)
# Problematic frame:
# C  [KERNELBASE.dll+0x1a06d]
#
# Failed to write core dump. Minidumps are not enabled by default on client versions of Windows
#
# If you would like to submit a bug report, please visit:
#   http://bugreport.java.com/bugreport/crash.jsp
#

---------------  T H R E A D  ---------------

Current thread (0x0000000013b0a800):  VMThread [stack: 0x0000000014b70000,0x0000000014c70000] [id=2852]

siginfo: ExceptionCode=0xe06d7363, ExceptionInformation=0x0000000019930520 0x0000000014c6f4c8 0x000007fef94a2cb8 0x000007fef93f0000 

Registers:
RAX=0x000000006389d390, RBX=0x000007fef94a2cb8, RCX=0x0000000014c6ed10, RDX=0x00000000000000d0
RSP=0x0000000014c6f320, RBP=0x0000000014c6f450, RSI=0x00000000ffffffff, RDI=0x000000000032bd20
R8 =0x0000000000000000, R9 =0x0000000000000000, R10=0x000007fef93f0000, R11=0x0000000014c6f360
R12=0x0000000000000001, R13=0x0000000000000008, R14=0x0000000000000000, R15=0xffffffffffffffff
RIP=0x000007fefd32a06d, EFLAGS=0x0000000000000206

Top of Stack: (sp=0x0000000014c6f320)
0x0000000014c6f320:   000007fef94a2cb8 00000000ffffffff
0x0000000014c6f330:   000000000032bd20 00000000002effe0
0x0000000014c6f340:   00000001e06d7363 0000000000000000
0x0000000014c6f350:   000007fefd32a06d 000007fe00000004
0x0000000014c6f360:   0000000019930520 0000000014c6f4c8
0x0000000014c6f370:   000007fef94a2cb8 000007fef93f0000
0x0000000014c6f380:   0000000000000000 0000000014c6f408
0x0000000014c6f390:   0000000000000028 000000000032bd10
0x0000000014c6f3a0:   000000000037da50 0000000000000000
0x0000000014c6f3b0:   000007fffffae000 00000000773af4e3
0x0000000014c6f3c0:   0000000000000000 0000000000000008
0x0000000014c6f3d0:   0000000000000001 000000000032bd20
0x0000000014c6f3e0:   00000000ffffffff 000007fef944e92c
0x0000000014c6f3f0:   000007fef94a2cb8 0000000014c6f460
0x0000000014c6f400:   0000000000000001 000007fef93f00f8
0x0000000014c6f410:   00000001e06d7363 0000000000000000 

Instructions: (pc=0x000007fefd32a06d)
0x000007fefd32a04d:   54 24 24 48 89 4c 24 28 4d 85 c9 0f 85 6a 03 00
0x000007fefd32a05d:   00 89 4c 24 38 48 8d 4c 24 20 ff 15 33 02 03 00
0x000007fefd32a06d:   48 81 c4 c8 00 00 00 c3 90 90 90 90 90 90 90 90
0x000007fefd32a07d:   90 90 90 48 83 ec 28 65 48 8b 04 25 30 00 00 00 


Register to memory mapping:

RAX=0x000000006389d390 is an unknown value
RBX=0x000007fef94a2cb8 is an unknown value
RCX=0x0000000014c6ed10 is an unknown value
RDX=0x00000000000000d0 is an unknown value
RSP=0x0000000014c6f320 is an unknown value
RBP=0x0000000014c6f450 is an unknown value
RSI=0x00000000ffffffff is an unallocated location in the heap
RDI=0x000000000032bd20 is an unknown value
R8 =0x0000000000000000 is an unknown value
R9 =0x0000000000000000 is an unknown value
R10=0x000007fef93f0000 is an unknown value
R11=0x0000000014c6f360 is an unknown value
R12=0x0000000000000001 is an unknown value
R13=0x0000000000000008 is an unknown value
R14=0x0000000000000000 is an unknown value
R15=0xffffffffffffffff is an unknown value


Stack: [0x0000000014b70000,0x0000000014c70000],  sp=0x0000000014c6f320,  free space=1020k
Native frames: (J=compiled Java code, j=interpreted, Vv=VM code, C=native code)
C  [KERNELBASE.dll+0x1a06d]
C  [MSVCR110.dll+0x5e92c]
C  [MSVCR110.dll+0x1315c]
C  [MSVCR110.dll+0x136a9]
C  [MSVCR110.dll+0x13e9c]
C  [MSVCR110.dll+0x239e]
C  [MSVCR110.dll+0xaf9e]
C  [MSVCP110.dll+0x397b9]
C  [librdi_common.dll+0x182316]
C  [librdi_common.dll+0x180fab]
C  [librdi_target_manager.dll+0x2400]
C  [librdi_target_manager.dll+0x2682]
C  [ntdll.dll+0x22ac1]
C  [ntdll.dll+0x228d0]
C  [MSVCR100.dll+0x20ccd]
V  [jvm.dll+0x210cc5]
V  [jvm.dll+0x249897]
V  [jvm.dll+0x248b36]
V  [jvm.dll+0x248fd1]
V  [jvm.dll+0x2491ee]
V  [jvm.dll+0x29a0fa]
C  [MSVCR100.dll+0x21d9f]
C  [MSVCR100.dll+0x21e3b]
C  [kernel32.dll+0x159cd]
C  [ntdll.dll+0x2a561]

VM_Operation (0x000000000012f4c0): Exit, mode: safepoint, requested by thread 0x0000000002538000


---------------  P R O C E S S  ---------------

Java Threads: ( => current thread )
  0x000000001c1d2800 JavaThread "pool-2-thread-1" [_thread_blocked, id=6572, stack(0x0000000025290000,0x0000000025390000)]
  0x000000001c1d1000 JavaThread "Thread-39" [_thread_in_native, id=6576, stack(0x0000000025190000,0x0000000025290000)]
  0x000000001c1d0000 JavaThread "Thread-36" daemon [_thread_blocked, id=3456, stack(0x0000000024e90000,0x0000000024f90000)]
  0x00000000179b9000 JavaThread "TCF Channel Transmitter" daemon [_thread_blocked, id=6188, stack(0x0000000022e70000,0x0000000022f70000)]
  0x00000000179b8000 JavaThread "TCF Channel Receiver" daemon [_thread_blocked, id=6184, stack(0x0000000022d70000,0x0000000022e70000)]
  0x00000000179b5000 JavaThread "Process monitor" daemon [_thread_in_native, id=3184, stack(0x0000000020740000,0x0000000020840000)]
  0x00000000179b4800 JavaThread "Input Stream Monitor" daemon [_thread_blocked, id=4732, stack(0x0000000020440000,0x0000000020540000)]
  0x0000000017468000 JavaThread "Output Stream Monitor" daemon [_thread_in_native, id=5152, stack(0x0000000022c70000,0x0000000022d70000)]
  0x0000000017467800 JavaThread "Output Stream Monitor" daemon [_thread_in_native, id=4100, stack(0x0000000022b70000,0x0000000022c70000)]
  0x0000000019948000 JavaThread "TCF Locator DNS Lookup" daemon [_thread_blocked, id=792, stack(0x000000001fa40000,0x000000001fb40000)]
  0x0000000019947000 JavaThread "TCF Locator Timer" daemon [_thread_blocked, id=4748, stack(0x000000001f940000,0x000000001fa40000)]
  0x0000000019946800 JavaThread "TCF Locator Receiver" daemon [_thread_in_native, id=4500, stack(0x000000001abd0000,0x000000001acd0000)]
  0x0000000019945000 JavaThread "TCF Timer Dispatcher" daemon [_thread_blocked, id=3736, stack(0x000000001a940000,0x000000001aa40000)]
  0x0000000016dd6000 JavaThread "EMF Reference Cleaner" daemon [_thread_blocked, id=5136, stack(0x0000000018380000,0x0000000018480000)]
  0x0000000014f93000 JavaThread "Service Thread" daemon [_thread_blocked, id=4684, stack(0x0000000015830000,0x0000000015930000)]
  0x0000000014f3b800 JavaThread "C1 CompilerThread2" daemon [_thread_blocked, id=2032, stack(0x0000000015730000,0x0000000015830000)]
  0x0000000014f39800 JavaThread "C2 CompilerThread1" daemon [_thread_blocked, id=4064, stack(0x0000000015630000,0x0000000015730000)]
  0x0000000014f37000 JavaThread "C2 CompilerThread0" daemon [_thread_blocked, id=4288, stack(0x0000000015530000,0x0000000015630000)]
  0x0000000014f30800 JavaThread "Attach Listener" daemon [_thread_blocked, id=6084, stack(0x0000000015430000,0x0000000015530000)]
  0x0000000013b73000 JavaThread "Signal Dispatcher" daemon [_thread_blocked, id=5944, stack(0x0000000015330000,0x0000000015430000)]
  0x0000000013b17000 JavaThread "Finalizer" daemon [_thread_blocked, id=5144, stack(0x0000000014d70000,0x0000000014e70000)]
  0x0000000013b10000 JavaThread "Reference Handler" daemon [_thread_blocked, id=2664, stack(0x0000000014c70000,0x0000000014d70000)]
  0x0000000002538000 JavaThread "main" [_thread_blocked, id=1116, stack(0x0000000000030000,0x0000000000130000)]

Other Threads:
=>0x0000000013b0a800 VMThread [stack: 0x0000000014b70000,0x0000000014c70000] [id=2852]

VM state:at safepoint (shutting down)

VM Mutex/Monitor currently owned by a thread:  ([mutex/lock_event])
[0x00000000028bde90] Threads_lock - owner thread: 0x0000000013b0a800

Heap:
 PSYoungGen      total 103936K, used 37751K [0x00000000f5580000, 0x00000000fe000000, 0x0000000100000000)
  eden space 72704K, 17% used [0x00000000f5580000,0x00000000f61b74c8,0x00000000f9c80000)
  from space 31232K, 80% used [0x00000000fbd80000,0x00000000fd626790,0x00000000fdc00000)
  to   space 33792K, 0% used [0x00000000f9c80000,0x00000000f9c80000,0x00000000fbd80000)
 ParOldGen       total 117760K, used 43565K [0x00000000e0000000, 0x00000000e7300000, 0x00000000f5580000)
  object space 117760K, 36% used [0x00000000e0000000,0x00000000e2a8b500,0x00000000e7300000)
 Metaspace       used 85286K, capacity 92660K, committed 92760K, reserved 1128448K
  class space    used 10403K, capacity 12842K, committed 12928K, reserved 1048576K

Card table byte_map: [0x00000000026e0000,0x00000000027f0000] byte_map_base: 0x0000000001fe0000

Marking Bits: (ParMarkBitMap*) 0x000000006380a5b0
 Begin Bits: [0x0000000012080000, 0x0000000012880000)
 End Bits:   [0x0000000012880000, 0x0000000013080000)

Polling page: 0x0000000000230000

CodeCache: size=245760Kb used=29176Kb max_used=29314Kb free=216583Kb
 bounds [0x00000000028c0000, 0x00000000045a0000, 0x00000000118c0000]
 total_blobs=9062 nmethods=8167 adapters=805
 compilation: enabled

Compilation events (10 events):
Event: 311.487 Thread 0x0000000014f3b800 9949       3       org.eclipse.osgi.internal.framework.EquinoxContainerAdaptor::invalidateWiring (186 bytes)
Event: 311.493 Thread 0x0000000014f3b800 nmethod 9949 0x0000000004216090 code [0x0000000004216460, 0x0000000004218dd8]
Event: 311.493 Thread 0x0000000014f3b800 9950   !   3       org.eclipse.osgi.container.ModuleDatabase::getRevisionsTimestamp (25 bytes)
Event: 311.495 Thread 0x0000000014f3b800 nmethod 9950 0x0000000004576550 code [0x0000000004576760, 0x0000000004577498]
Event: 311.495 Thread 0x0000000014f3b800 9951       3       org.eclipse.osgi.internal.framework.EquinoxContainerAdaptor::clearManifestCache (84 bytes)
Event: 311.499 Thread 0x0000000014f3b800 nmethod 9951 0x0000000003778d10 code [0x0000000003778f60, 0x000000000377a678]
Event: 311.499 Thread 0x0000000014f3b800 9948       3       sun.misc.Unsafe::getAndSetObject (24 bytes)
Event: 311.500 Thread 0x0000000014f3b800 nmethod 9948 0x00000000031428d0 code [0x0000000003142a40, 0x0000000003142c50]
Event: 311.500 Thread 0x0000000014f3b800 9952   !   3       org.eclipse.osgi.storage.BundleInfo$Generation::clearManifestCache (30 bytes)
Event: 311.501 Thread 0x0000000014f3b800 nmethod 9952 0x0000000003325290 code [0x0000000003325420, 0x0000000003325a68]

GC Heap History (10 events):
Event: 32.346 GC heap before
{Heap before GC invocations=13 (full 3):
 PSYoungGen      total 75776K, used 57344K [0x00000000f5580000, 0x00000000fbe80000, 0x0000000100000000)
  eden space 57344K, 100% used [0x00000000f5580000,0x00000000f8d80000,0x00000000f8d80000)
  from space 18432K, 0% used [0x00000000f8d80000,0x00000000f8d80000,0x00000000f9f80000)
  to   space 20992K, 0% used [0x00000000faa00000,0x00000000faa00000,0x00000000fbe80000)
 ParOldGen       total 117760K, used 41743K [0x00000000e0000000, 0x00000000e7300000, 0x00000000f5580000)
  object space 117760K, 35% used [0x00000000e0000000,0x00000000e28c3dc0,0x00000000e7300000)
 Metaspace       used 64665K, capacity 69770K, committed 70104K, reserved 1110016K
  class space    used 7784K, capacity 9363K, committed 9472K, reserved 1048576K
Event: 32.403 GC heap after
Heap after GC invocations=13 (full 3):
 PSYoungGen      total 85504K, used 15473K [0x00000000f5580000, 0x00000000fbf80000, 0x0000000100000000)
  eden space 64512K, 0% used [0x00000000f5580000,0x00000000f5580000,0x00000000f9480000)
  from space 20992K, 73% used [0x00000000faa00000,0x00000000fb91c5f0,0x00000000fbe80000)
  to   space 22016K, 0% used [0x00000000f9480000,0x00000000f9480000,0x00000000faa00000)
 ParOldGen       total 117760K, used 41770K [0x00000000e0000000, 0x00000000e7300000, 0x00000000f5580000)
  object space 117760K, 35% used [0x00000000e0000000,0x00000000e28caa10,0x00000000e7300000)
 Metaspace       used 64665K, capacity 69770K, committed 70104K, reserved 1110016K
  class space    used 7784K, capacity 9363K, committed 9472K, reserved 1048576K
}
Event: 35.860 GC heap before
{Heap before GC invocations=14 (full 3):
 PSYoungGen      total 85504K, used 79985K [0x00000000f5580000, 0x00000000fbf80000, 0x0000000100000000)
  eden space 64512K, 100% used [0x00000000f5580000,0x00000000f9480000,0x00000000f9480000)
  from space 20992K, 73% used [0x00000000faa00000,0x00000000fb91c5f0,0x00000000fbe80000)
  to   space 22016K, 0% used [0x00000000f9480000,0x00000000f9480000,0x00000000faa00000)
 ParOldGen       total 117760K, used 41770K [0x00000000e0000000, 0x00000000e7300000, 0x00000000f5580000)
  object space 117760K, 35% used [0x00000000e0000000,0x00000000e28caa10,0x00000000e7300000)
 Metaspace       used 69385K, capacity 75378K, committed 75608K, reserved 1114112K
  class space    used 8370K, capacity 10253K, committed 10368K, reserved 1048576K
Event: 35.900 GC heap after
Heap after GC invocations=14 (full 3):
 PSYoungGen      total 86528K, used 18249K [0x00000000f5580000, 0x00000000fca80000, 0x0000000100000000)
  eden space 64512K, 0% used [0x00000000f5580000,0x00000000f5580000,0x00000000f9480000)
  from space 22016K, 82% used [0x00000000f9480000,0x00000000fa6526d0,0x00000000faa00000)
  to   space 23552K, 0% used [0x00000000fb380000,0x00000000fb380000,0x00000000fca80000)
 ParOldGen       total 117760K, used 41778K [0x00000000e0000000, 0x00000000e7300000, 0x00000000f5580000)
  object space 117760K, 35% used [0x00000000e0000000,0x00000000e28cca10,0x00000000e7300000)
 Metaspace       used 69385K, capacity 75378K, committed 75608K, reserved 1114112K
  class space    used 8370K, capacity 10253K, committed 10368K, reserved 1048576K
}
Event: 44.463 GC heap before
{Heap before GC invocations=15 (full 3):
 PSYoungGen      total 86528K, used 82761K [0x00000000f5580000, 0x00000000fca80000, 0x0000000100000000)
  eden space 64512K, 100% used [0x00000000f5580000,0x00000000f9480000,0x00000000f9480000)
  from space 22016K, 82% used [0x00000000f9480000,0x00000000fa6526d0,0x00000000faa00000)
  to   space 23552K, 0% used [0x00000000fb380000,0x00000000fb380000,0x00000000fca80000)
 ParOldGen       total 117760K, used 41778K [0x00000000e0000000, 0x00000000e7300000, 0x00000000f5580000)
  object space 117760K, 35% used [0x00000000e0000000,0x00000000e28cca10,0x00000000e7300000)
 Metaspace       used 75498K, capacity 81980K, committed 82136K, reserved 1120256K
  class space    used 9131K, capacity 11213K, committed 11264K, reserved 1048576K
Event: 44.527 GC heap after
Heap after GC invocations=15 (full 3):
 PSYoungGen      total 92672K, used 23524K [0x00000000f5580000, 0x00000000fd080000, 0x0000000100000000)
  eden space 69120K, 0% used [0x00000000f5580000,0x00000000f5580000,0x00000000f9900000)
  from space 23552K, 99% used [0x00000000fb380000,0x00000000fca79198,0x00000000fca80000)
  to   space 27136K, 0% used [0x00000000f9900000,0x00000000f9900000,0x00000000fb380000)
 ParOldGen       total 117760K, used 42587K [0x00000000e0000000, 0x00000000e7300000, 0x00000000f5580000)
  object space 117760K, 36% used [0x00000000e0000000,0x00000000e2996db0,0x00000000e7300000)
 Metaspace       used 75498K, capacity 81980K, committed 82136K, reserved 1120256K
  class space    used 9131K, capacity 11213K, committed 11264K, reserved 1048576K
}
Event: 137.697 GC heap before
{Heap before GC invocations=16 (full 3):
 PSYoungGen      total 92672K, used 92644K [0x00000000f5580000, 0x00000000fd080000, 0x0000000100000000)
  eden space 69120K, 100% used [0x00000000f5580000,0x00000000f9900000,0x00000000f9900000)
  from space 23552K, 99% used [0x00000000fb380000,0x00000000fca79198,0x00000000fca80000)
  to   space 27136K, 0% used [0x00000000f9900000,0x00000000f9900000,0x00000000fb380000)
 ParOldGen       total 117760K, used 42587K [0x00000000e0000000, 0x00000000e7300000, 0x00000000f5580000)
  object space 117760K, 36% used [0x00000000e0000000,0x00000000e2996db0,0x00000000e7300000)
 Metaspace       used 80993K, capacity 87968K, committed 88152K, reserved 1126400K
  class space    used 9897K, capacity 12097K, committed 12160K, reserved 1048576K
Event: 137.787 GC heap after
Heap after GC invocations=16 (full 3):
 PSYoungGen      total 96256K, used 27113K [0x00000000f5580000, 0x00000000fdc00000, 0x0000000100000000)
  eden space 69120K, 0% used [0x00000000f5580000,0x00000000f5580000,0x00000000f9900000)
  from space 27136K, 99% used [0x00000000f9900000,0x00000000fb37a4a8,0x00000000fb380000)
  to   space 31232K, 0% used [0x00000000fbd80000,0x00000000fbd80000,0x00000000fdc00000)
 ParOldGen       total 117760K, used 43557K [0x00000000e0000000, 0x00000000e7300000, 0x00000000f5580000)
  object space 117760K, 36% used [0x00000000e0000000,0x00000000e2a89500,0x00000000e7300000)
 Metaspace       used 80993K, capacity 87968K, committed 88152K, reserved 1126400K
  class space    used 9897K, capacity 12097K, committed 12160K, reserved 1048576K
}
Event: 309.576 GC heap before
{Heap before GC invocations=17 (full 3):
 PSYoungGen      total 96256K, used 96233K [0x00000000f5580000, 0x00000000fdc00000, 0x0000000100000000)
  eden space 69120K, 100% used [0x00000000f5580000,0x00000000f9900000,0x00000000f9900000)
  from space 27136K, 99% used [0x00000000f9900000,0x00000000fb37a4a8,0x00000000fb380000)
  to   space 31232K, 0% used [0x00000000fbd80000,0x00000000fbd80000,0x00000000fdc00000)
 ParOldGen       total 117760K, used 43557K [0x00000000e0000000, 0x00000000e7300000, 0x00000000f5580000)
  object space 117760K, 36% used [0x00000000e0000000,0x00000000e2a89500,0x00000000e7300000)
 Metaspace       used 84506K, capacity 91820K, committed 92120K, reserved 1128448K
  class space    used 10324K, capacity 12714K, committed 12800K, reserved 1048576K
Event: 309.647 GC heap after
Heap after GC invocations=17 (full 3):
 PSYoungGen      total 103936K, used 25241K [0x00000000f5580000, 0x00000000fe000000, 0x0000000100000000)
  eden space 72704K, 0% used [0x00000000f5580000,0x00000000f5580000,0x00000000f9c80000)
  from space 31232K, 80% used [0x00000000fbd80000,0x00000000fd626790,0x00000000fdc00000)
  to   space 33792K, 0% used [0x00000000f9c80000,0x00000000f9c80000,0x00000000fbd80000)
 ParOldGen       total 117760K, used 43565K [0x00000000e0000000, 0x00000000e7300000, 0x00000000f5580000)
  object space 117760K, 36% used [0x00000000e0000000,0x00000000e2a8b500,0x00000000e7300000)
 Metaspace       used 84506K, capacity 91820K, committed 92120K, reserved 1128448K
  class space    used 10324K, capacity 12714K, committed 12800K, reserved 1048576K
}

Deoptimization events (10 events):
Event: 309.910 Thread 0x0000000002538000 Uncommon trap: reason=bimorphic action=maybe_recompile pc=0x00000000035ebe84 method=org.eclipse.emf.common.util.BasicEMap.get(Ljava/lang/Object;)Ljava/lang/Object; @ 8
Event: 309.910 Thread 0x0000000002538000 Uncommon trap: reason=bimorphic action=maybe_recompile pc=0x00000000035ebe84 method=org.eclipse.emf.common.util.BasicEMap.get(Ljava/lang/Object;)Ljava/lang/Object; @ 8
Event: 310.036 Thread 0x0000000019941800 Uncommon trap: reason=unstable_if action=reinterpret pc=0x0000000004486788 method=org.eclipse.e4.ui.internal.workbench.swt.E4Application$1.syncExec(Ljava/lang/Runnable;)V @ 14
Event: 310.256 Thread 0x000000001509a000 Uncommon trap: reason=unstable_if action=reinterpret pc=0x000000000456f5dc method=org.eclipse.equinox.internal.event.EventHandlerTracker.getHandlers(Ljava/lang/String;)Ljava/util/Set; @ 28
Event: 310.260 Thread 0x000000001509a000 Uncommon trap: reason=class_check action=maybe_recompile pc=0x0000000003854fc8 method=org.eclipse.e4.core.internal.contexts.TrackableComputationExt.update(Lorg/eclipse/e4/core/internal/contexts/ContextChangeEvent;)Z @ 62
Event: 310.260 Thread 0x000000001509a000 Uncommon trap: reason=class_check action=maybe_recompile pc=0x0000000003854fc8 method=org.eclipse.e4.core.internal.contexts.TrackableComputationExt.update(Lorg/eclipse/e4/core/internal/contexts/ContextChangeEvent;)Z @ 62
Event: 310.645 Thread 0x000000001c1cf800 Uncommon trap: reason=unstable_if action=reinterpret pc=0x0000000002a44a64 method=sun.nio.cs.SingleByte$Encoder.encode(C)I @ 13
Event: 311.272 Thread 0x000000001509a000 Uncommon trap: reason=unstable_if action=reinterpret pc=0x0000000003712e0c method=org.eclipse.osgi.internal.hooks.EclipseLazyStarter.shouldActivateFor(Ljava/lang/String;Lorg/eclipse/osgi/container/Module;Lorg/eclipse/osgi/container/ModuleRevision;Lorg/ecli&°Üts@
Event: 311.304 Thread 0x000000001509a000 Uncommon trap: reason=null_check action=maybe_recompile pc=0x000000000433e828 method=com.xilinx.sdk.targetmanager.internal.json.XMDJSONProcess.issueCommand(Ljava/lang/String;)Lcom/xilinx/sdk/targetmanager/internal/IXMDResult; @ 3
Event: 311.460 Thread 0x000000001509a000 Uncommon trap: reason=unstable_if action=reinterpret pc=0x000000000346c8d8 method=sun.reflect.UnsafeStaticObjectFieldAccessorImpl.set(Ljava/lang/Object;Ljava/lang/Object;)V @ 13

Internal exceptions (10 events):
Event: 148.704 Thread 0x0000000017462000 Exception <a 'java/io/FileNotFoundException'> (0x00000000f7088610) thrown at [C:\re\workspace\8-2-build-windows-amd64-cygwin\jdk8u66\5298\hotspot\src\share\vm\prims\jni.cpp, line 709]
Event: 309.045 Thread 0x0000000002538000 Implicit null exception at 0x00000000040f6584 to 0x00000000040f6d6d
Event: 309.197 Thread 0x000000001509a000 Implicit null exception at 0x000000000428e798 to 0x000000000428ec95
Event: 310.642 Thread 0x0000000017465000 Exception <a 'java/lang/InterruptedException'> (0x00000000f5bc39d0) thrown at [C:\re\workspace\8-2-build-windows-amd64-cygwin\jdk8u66\5298\hotspot\src\share\vm\runtime\objectMonitor.cpp, line 1683]
Event: 311.304 Thread 0x000000001509a000 Exception <a 'java/lang/NullPointerException'> (0x00000000f5e815b8) thrown at [C:\re\workspace\8-2-build-windows-amd64-cygwin\jdk8u66\5298\hotspot\src\share\vm\prims\jvm.cpp, line 1390]
Event: 311.395 Thread 0x0000000019941800 Exception <a 'java/lang/InterruptedException'> (0x00000000f58077e0) thrown at [C:\re\workspace\8-2-build-windows-amd64-cygwin\jdk8u66\5298\hotspot\src\share\vm\runtime\objectMonitor.cpp, line 1683]
Event: 311.460 Thread 0x000000001509a000 Implicit null exception at 0x000000000346c4d7 to 0x000000000346c8c5
Event: 311.462 Thread 0x0000000015ee5000 Exception <a 'java/lang/InterruptedException'> (0x00000000f5fabcc8) thrown at [C:\re\workspace\8-2-build-windows-amd64-cygwin\jdk8u66\5298\hotspot\src\share\vm\runtime\objectMonitor.cpp, line 1683]
Event: 311.478 Thread 0x0000000019942800 Exception <a 'java/lang/InterruptedException'> (0x00000000f5733c38) thrown at [C:\re\workspace\8-2-build-windows-amd64-cygwin\jdk8u66\5298\hotspot\src\share\vm\runtime\objectMonitor.cpp, line 1683]
Event: 311.478 Thread 0x0000000016bb0800 Exception <a 'java/lang/InterruptedException'> (0x00000000f6122090) thrown at [C:\re\workspace\8-2-build-windows-amd64-cygwin\jdk8u66\5298\hotspot\src\share\vm\runtime\objectMonitor.cpp, line 1683]

Events (10 events):
Event: 311.492 loading class java/util/IdentityHashMap$KeyIterator done
Event: 311.493 Thread 0x000000001509a000 Thread added: 0x000000001509a000
Event: 311.500 Executing VM operation: RevokeBias
Event: 311.501 Executing VM operation: RevokeBias done
Event: 311.501 Executing VM operation: RevokeBias
Event: 311.501 Executing VM operation: RevokeBias done
Event: 311.501 Executing VM operation: BulkRevokeBias
Event: 311.502 Executing VM operation: BulkRevokeBias done
Event: 311.502 Thread 0x000000001509a000 Thread exited: 0x000000001509a000
Event: 311.503 Executing VM operation: Exit


Dynamic libraries:
0x0000000000400000 - 0x000000000044f000 	C:\Xilinx\SDK\2016.2\eclipse\win64.o\eclipse.exe
0x0000000077360000 - 0x000000007750a000 	C:\Windows\SYSTEM32\ntdll.dll
0x0000000077140000 - 0x000000007725f000 	C:\Windows\system32\kernel32.dll
0x000007fefd310000 - 0x000007fefd37a000 	C:\Windows\system32\KERNELBASE.dll
0x0000000077260000 - 0x000000007735a000 	C:\Windows\system32\USER32.dll
0x000007fefd610000 - 0x000007fefd677000 	C:\Windows\system32\GDI32.dll
0x000007feff4e0000 - 0x000007feff4ee000 	C:\Windows\system32\LPK.dll
0x000007fefd720000 - 0x000007fefd7ea000 	C:\Windows\system32\USP10.dll
0x000007fefd980000 - 0x000007fefda1f000 	C:\Windows\system32\msvcrt.dll
0x000007fefb4f0000 - 0x000007fefb6e4000 	C:\Windows\WinSxS\amd64_microsoft.windows.common-controls_6595b64144ccf1df_6.0.7601.18837_none_fa3b1e3d17594757\COMCTL32.dll
0x000007fefe0a0000 - 0x000007fefe111000 	C:\Windows\system32\SHLWAPI.dll
0x000007fefe180000 - 0x000007fefe1ae000 	C:\Windows\system32\IMM32.DLL
0x000007fefe640000 - 0x000007fefe749000 	C:\Windows\system32\MSCTF.dll
0x0000000072000000 - 0x0000000072012000 	C:\Xilinx\SDK\2016.2\eclipse\win64.o\plugins\org.eclipse.equinox.launcher.win32.win32.x86_64_1.1.300.v20150602-1417\eclipse_1611.dll
0x000007fefe560000 - 0x000007fefe63b000 	C:\Windows\system32\ADVAPI32.dll
0x000007feff5d0000 - 0x000007feff5ef000 	C:\Windows\SYSTEM32\sechost.dll
0x000007fefdca0000 - 0x000007fefddcd000 	C:\Windows\system32\RPCRT4.dll
0x000007fefca60000 - 0x000007fefca6c000 	C:\Windows\system32\VERSION.dll
0x000007fefb490000 - 0x000007fefb4e6000 	C:\Windows\system32\uxtheme.dll
0x0000000063000000 - 0x0000000063889000 	C:\Xilinx\SDK\2016.2\tps\win64\jre\bin\server\jvm.dll
0x000007feef260000 - 0x000007feef269000 	C:\Windows\system32\WSOCK32.dll
0x000007fefe130000 - 0x000007fefe17d000 	C:\Windows\system32\WS2_32.dll
0x000007fefe120000 - 0x000007fefe128000 	C:\Windows\system32\NSI.dll
0x000007fefade0000 - 0x000007fefae1b000 	C:\Windows\system32\WINMM.dll
0x0000000077520000 - 0x0000000077527000 	C:\Windows\system32\PSAPI.DLL
0x0000000074cd0000 - 0x0000000074da2000 	C:\Windows\system32\MSVCR100.dll
0x0000000068ff0000 - 0x0000000068fff000 	C:\Xilinx\SDK\2016.2\tps\win64\jre\bin\verify.dll
0x00000000673e0000 - 0x0000000067409000 	C:\Xilinx\SDK\2016.2\tps\win64\jre\bin\java.dll
0x0000000067220000 - 0x0000000067236000 	C:\Xilinx\SDK\2016.2\tps\win64\jre\bin\zip.dll
0x000007fefe750000 - 0x000007feff4da000 	C:\Windows\system32\SHELL32.dll
0x000007fefd400000 - 0x000007fefd603000 	C:\Windows\system32\ole32.dll
0x000007fefd040000 - 0x000007fefd04f000 	C:\Windows\system32\profapi.dll
0x000007fefc560000 - 0x000007fefc578000 	C:\Windows\system32\CRYPTSP.dll
0x000007fefc3f0000 - 0x000007fefc437000 	C:\Windows\system32\rsaenh.dll
0x000007fefd3d0000 - 0x000007fefd3ee000 	C:\Windows\system32\USERENV.dll
0x000007fefcee0000 - 0x000007fefceef000 	C:\Windows\system32\CRYPTBASE.dll
0x00000000664b0000 - 0x00000000664ca000 	C:\Xilinx\SDK\2016.2\tps\win64\jre\bin\net.dll
0x000007fefc500000 - 0x000007fefc555000 	C:\Windows\system32\mswsock.dll
0x000007fefca50000 - 0x000007fefca57000 	C:\Windows\System32\wship6.dll
0x000007fefa7a0000 - 0x000007fefa7c7000 	C:\Windows\system32\IPHLPAPI.DLL
0x000007fefa790000 - 0x000007fefa79b000 	C:\Windows\system32\WINNSI.DLL
0x000007fefa270000 - 0x000007fefa288000 	C:\Windows\system32\dhcpcsvc.DLL
0x000007fefa250000 - 0x000007fefa261000 	C:\Windows\system32\dhcpcsvc6.DLL
0x0000000062fe0000 - 0x0000000062ff1000 	C:\Xilinx\SDK\2016.2\tps\win64\jre\bin\nio.dll
0x000007fefad90000 - 0x000007fefada5000 	C:\Windows\system32\NLAapi.dll
0x000007fefba60000 - 0x000007fefba75000 	C:\Windows\system32\napinsp.dll
0x000007fefba10000 - 0x000007fefba29000 	C:\Windows\system32\pnrpnsp.dll
0x000007fefc2e0000 - 0x000007fefc33b000 	C:\Windows\system32\DNSAPI.dll
0x000007fefba00000 - 0x000007fefba0b000 	C:\Windows\System32\winrnr.dll
0x000007fefb9e0000 - 0x000007fefb9f0000 	C:\Windows\system32\wshbth.dll
0x000007fefcbb0000 - 0x000007fefcbb7000 	C:\Windows\System32\wshtcpip.dll
0x000007fef3530000 - 0x000007fef3538000 	C:\Windows\system32\rasadhlp.dll
0x000007fefa2b0000 - 0x000007fefa303000 	C:\Windows\System32\fwpuclnt.dll
0x0000000016610000 - 0x00000000166b8000 	C:\Users\Mohammad\.Xilinx\SDK\2016.2\org.eclipse.osgi\312\0\.cp\swt-win32-4527.dll
0x000007feff4f0000 - 0x000007feff5ca000 	C:\Windows\system32\OLEAUT32.dll
0x000007fefd680000 - 0x000007fefd717000 	C:\Windows\system32\comdlg32.dll
0x000007fef9a80000 - 0x000007fef9af1000 	C:\Windows\system32\WINSPOOL.DRV
0x000007fefe210000 - 0x000007fefe531000 	C:\Windows\system32\WININET.dll
0x000007fefd1d0000 - 0x000007fefd1d4000 	C:\Windows\system32\api-ms-win-downlevel-user32-l1-1-0.dll
0x000007fefd3f0000 - 0x000007fefd3f4000 	C:\Windows\system32\api-ms-win-downlevel-shlwapi-l1-1-0.dll
0x000007fefd240000 - 0x000007fefd244000 	C:\Windows\system32\api-ms-win-downlevel-version-l1-1-0.dll
0x000007fefd300000 - 0x000007fefd303000 	C:\Windows\system32\api-ms-win-downlevel-normaliz-l1-1-0.dll
0x0000000077530000 - 0x0000000077533000 	C:\Windows\system32\normaliz.DLL
0x000007fefddd0000 - 0x000007fefe099000 	C:\Windows\system32\iertutil.dll
0x000007fefd250000 - 0x000007fefd255000 	C:\Windows\system32\api-ms-win-downlevel-advapi32-l1-1-0.dll
0x000007fefd060000 - 0x000007fefd1cd000 	C:\Windows\system32\CRYPT32.dll
0x000007fefd050000 - 0x000007fefd05f000 	C:\Windows\system32\MSASN1.dll
0x000007fefc770000 - 0x000007fefc788000 	C:\Windows\system32\dwmapi.dll
0x000007fefbc40000 - 0x000007fefbd6c000 	C:\Windows\system32\propsys.dll
0x000007fefda20000 - 0x000007fefdab9000 	C:\Windows\system32\CLBCatQ.DLL
0x00000000003e0000 - 0x00000000003fe000 	C:\Users\Mohammad\.Xilinx\SDK\2016.2\org.eclipse.osgi\312\0\.cp\swt-gdip-win32-4527.dll
0x000007fefb1e0000 - 0x000007fefb3f6000 	C:\Windows\WinSxS\amd64_microsoft.windows.gdiplus_6595b64144ccf1df_1.1.7601.23688_none_145d575e8b8eb5b3\gdiplus.dll
0x000007fefaef0000 - 0x000007fefb051000 	C:\Windows\system32\WindowsCodecs.dll
0x0000000180000000 - 0x0000000180012000 	C:\Users\Mohammad\.Xilinx\SDK\2016.2\org.eclipse.osgi\126\0\.cp\os\win32\x86_64\localfile_1_0_0.dll
0x000007fee9c00000 - 0x000007fee9c54000 	C:\Windows\system32\oleacc.dll
0x000007fefa600000 - 0x000007fefa607000 	C:\Windows\system32\msimg32.dll
0x000007fefcf90000 - 0x000007fefcfa4000 	C:\Windows\system32\RpcRtRemote.dll
0x000007fefce80000 - 0x000007fefced7000 	C:\Windows\system32\apphelp.dll
0x000007fef1900000 - 0x000007fef1911000 	C:\Users\Mohammad\.Xilinx\SDK\2016.2\org.eclipse.osgi\129\0\.cp\jWinHttp-1.0.0.dll
0x000007fef5090000 - 0x000007fef5101000 	C:\Windows\system32\WINHTTP.dll
0x000007fef4f20000 - 0x000007fef4f85000 	C:\Windows\system32\webio.dll
0x000007fefce50000 - 0x000007fefce75000 	C:\Windows\system32\SspiCli.dll
0x000007fefc0b0000 - 0x000007fefc0ba000 	C:\Windows\system32\credssp.dll
0x000007fefd390000 - 0x000007fefd3c6000 	C:\Windows\system32\CFGMGR32.dll
0x000007fef18f0000 - 0x000007fef18ff000 	C:\Xilinx\SDK\2016.2\lib\win64.o\librdi_repo_manager.dll
0x000007fef18c0000 - 0x000007fef18ea000 	C:\Xilinx\SDK\2016.2\lib\win64.o\libisl_sysinfo.dll
0x000007fef93f0000 - 0x000007fef94c4000 	C:\Windows\system32\MSVCR110.dll
0x000007fef94d0000 - 0x000007fef9577000 	C:\Windows\system32\MSVCP110.dll
0x000007feb03c0000 - 0x000007feb0e00000 	C:\Xilinx\SDK\2016.2\lib\win64.o\librdi_common.dll
0x000007feb0050000 - 0x000007feb03be000 	C:\Xilinx\SDK\2016.2\lib\win64.o\libCOIN-all.dll
0x000007feafe30000 - 0x000007feb004f000 	C:\Xilinx\SDK\2016.2\lib\win64.o\libXil_lmgr11.dll
0x000007fefb420000 - 0x000007fefb436000 	C:\Windows\system32\NETAPI32.dll
0x000007fefadd0000 - 0x000007fefaddc000 	C:\Windows\system32\netutils.dll
0x000007fefcd80000 - 0x000007fefcda3000 	C:\Windows\system32\srvcli.dll
0x000007fefadb0000 - 0x000007fefadc5000 	C:\Windows\system32\wkscli.dll
0x000007fefd200000 - 0x000007fefd23b000 	C:\Windows\system32\WINTRUST.dll
0x000007fef18b0000 - 0x000007fef18c0000 	C:\Xilinx\SDK\2016.2\lib\win64.o\libboost_date_time.dll
0x000007fef1880000 - 0x000007fef18a4000 	C:\Xilinx\SDK\2016.2\lib\win64.o\libboost_filesystem.dll
0x000007fef1870000 - 0x000007fef1879000 	C:\Xilinx\SDK\2016.2\lib\win64.o\libboost_system.dll
0x000007fef17f0000 - 0x000007fef1867000 	C:\Xilinx\SDK\2016.2\lib\win64.o\libboost_program_options.dll
0x000007feafd20000 - 0x000007feafe26000 	C:\Xilinx\SDK\2016.2\lib\win64.o\libboost_regex.dll
0x000007fef17d0000 - 0x000007fef17e3000 	C:\Xilinx\SDK\2016.2\lib\win64.o\libboost_signals.dll
0x000007fef17b0000 - 0x000007fef17cd000 	C:\Xilinx\SDK\2016.2\lib\win64.o\libboost_thread.dll
0x000007fef17a0000 - 0x000007fef17ab000 	C:\Xilinx\SDK\2016.2\lib\win64.o\libboost_chrono.dll
0x000007fef1790000 - 0x000007fef179b000 	C:\Xilinx\SDK\2016.2\lib\win64.o\libboost_xilinx.dll
0x000007feafca0000 - 0x000007feafd20000 	C:\Xilinx\SDK\2016.2\lib\win64.o\libhdlpsolve.dll
0x000007feafc00000 - 0x000007feafc9a000 	C:\Xilinx\SDK\2016.2\lib\win64.o\libhdxml.dll
0x000007feaf790000 - 0x000007feafbf5e00 	C:\Xilinx\SDK\2016.2\lib\win64.o\libisl_iostreams.dll
0x000007fef0ef0000 - 0x000007fef0f06000 	C:\Xilinx\SDK\2016.2\lib\win64.o\libboost_iostreams.dll
0x000007fee92f0000 - 0x000007fee9313000 	C:\Xilinx\SDK\2016.2\lib\win64.o\librdizlib.dll
0x000007fee9280000 - 0x000007fee92a3000 	C:\Xilinx\SDK\2016.2\lib\win64.o\libisl_iosutils.dll
0x000007fee9260000 - 0x000007fee9275000 	C:\Xilinx\SDK\2016.2\lib\win64.o\pthreadVC2.dll
0x000007feaf730000 - 0x000007feaf784000 	C:\Xilinx\SDK\2016.2\lib\win64.o\librdi_commonxillic.dll
0x000007feaf600000 - 0x000007feaf730000 	C:\Xilinx\SDK\2016.2\lib\win64.o\librdi_curl.dll
0x000007feb1600000 - 0x000007feb1618000 	C:\Xilinx\SDK\2016.2\lib\win64.o\librdiconfig.dll
0x0000000062ca0000 - 0x0000000062dc7000 	C:\Xilinx\SDK\2016.2\lib\win64.o\tcl85t.dll
0x0000000022800000 - 0x0000000022a63000 	C:\Xilinx\SDK\2016.2\lib\win64.o\xerces-c_3_1.dll
0x000007fefd7f0000 - 0x000007fefd975000 	C:\Windows\system32\urlmon.dll
0x000007fefd380000 - 0x000007fefd384000 	C:\Windows\system32\api-ms-win-downlevel-ole32-l1-1-0.dll
0x000007fee2b20000 - 0x000007fee2b43000 	C:\Windows\system32\VCOMP110.DLL
0x000007feaf400000 - 0x000007feaf5f2000 	C:\Xilinx\SDK\2016.2\lib\win64.o\librdi_hsm.dll
0x000007feaf3b0000 - 0x000007feaf3f3000 	C:\Xilinx\SDK\2016.2\lib\win64.o\librdi_hdf.dll
0x000007feaf120000 - 0x000007feaf3a1000 	C:\Xilinx\SDK\2016.2\lib\win64.o\librdi_ippcw.dll
0x000007fef1950000 - 0x000007fef1966000 	C:\Xilinx\SDK\2016.2\eclipse\win64.o\plugins\org.eclipse.cdt.core.win32.x86_64_5.4.0.201509131935\os\win32\x86_64\spawner.dll
0x000007fefa740000 - 0x000007fefa74a000 	C:\Xilinx\SDK\2016.2\lib\win64.o\librdi_jtag_settings.dll
0x000007fef1920000 - 0x000007fef1949000 	C:\Xilinx\SDK\2016.2\lib\win64.o\librdi_debug_dialog.dll
0x000007fee9600000 - 0x000007fee9608000 	C:\Xilinx\SDK\2016.2\lib\win64.o\librdi_target_manager.dll
0x0000000071080000 - 0x00000000710a6000 	C:\Xilinx\SDK\2016.2\eclipse\win64.o\plugins\gnu.io.rxtx.win32.x86_64_2.1.7.3_v20071015\os\win32\x86_64\rxtxSerial.dll

VM Arguments:
jvm_args: -Dcom.xilinx.sdk.args.hwspec=C:/Users/Mohammad/Desktop/NexysVideo-master/Projects/hdmi/proj/hdmi.sdk/hdmi_wrapper.hdf -Xms64m -Xmx512m & 
java_command: <unknown>
java_class_path (initial): C:\Xilinx\SDK\2016.2\eclipse\win64.o\\plugins/org.eclipse.equinox.launcher_1.3.100.v20150511-1540.jar
Launcher Type: generic

Environment Variables:
PATH=C:/Xilinx/SDK/2016.2/tps/win64/jre/bin/server;C:/Xilinx/SDK/2016.2/tps/win64/jre/bin;C:/Xilinx/SDK/2016.2/tps/win64/jre/lib/amd64;C:\Xilinx\SDK\2016.2\gnuwin\bin;C:\Xilinx\SDK\2016.2\gnu\microblaze\nt\bin;C:\Xilinx\SDK\2016.2\gnu\microblaze\linux_toolchain\nt64_le\bin;C:\Xilinx\SDK\2016.2\gnu\microblaze\linux_toolchain\nt64_be\bin;C:\Xilinx\SDK\2016.2\gnu\arm\nt\bin;C:\Xilinx\SDK\2016.2\gnu\aarch64\nt\aarch64-none\bin;C:\Xilinx\SDK\2016.2\gnu\aarch64\nt\aarch64-linux\bin;C:\Xilinx\SDK\2016.2\gnu\armr5\nt\gcc-arm-none-eabi\bin;C:\Xilinx\SDK\2016.2\gnu\aarch32\nt\gcc-arm-none-eabi\bin;C:\Xilinx\SDK\2016.2\gnu\aarch32\nt\gcc-arm-linux-gnueabi\bin;C:\Xilinx\SDK\2016.2\tps\win64\cmake-3.3.2\bin;;C:\Xilinx\SDK\2016.2\bin;C:\Xilinx\SDK\2016.2\lib\win64.o;C:\Xilinx\SDK\2016.2\tps\win64\jre\bin\server;C:\Xilinx\SDK\2016.2\tps\win64\jre\bin;C:\Xilinx\Vivado\2016.2\ids_lite\ISE\bin\nt64;C:\Xilinx\Vivado\2016.2\ids_lite\ISE\lib\nt64;C:\Xilinx\Vivado\2016.2\bin;C:\Xilinx\Vivado\2016.2\lib\win64.o;C:\Xilinx\Vivado\2016.2\tps\win64\jre\bin\server;C:\Xilinx\Vivado\2016.2\tps\win64\jre\bin;C:\Xilinx\Vivado_HLS\2016.2\bin;C:\ProgramData\Oracle\Java\javapath;C:\Program Files (x86)\AMD APP\bin\x86_64;C:\Program Files (x86)\AMD APP\bin\x86;C:\Windows\system32;C:\Windows;C:\Windows\System32\Wbem;C:\Windows\System32\WindowsPowerShell\v1.0\;C:\Program Files (x86)\ATI Technologies\ATI.ACE\Core-Static;C:\Program Files (x86)\AMD\ATI.ACE\Core-Static;C:\Program Files\nodejs\;C:\Xilinx\SDK\2016.4\bin\;C:\Users\Mohammad\AppData\Local\Programs\Python\Python35\;C:\Program Files (x86)\Skype\Phone\;C:\Users\Mohammad\AppData\Roaming\npm;C:\Users\Mohammad\AppData\Local\atom\bin;C:\intelFPGA_lite\16.1\modelsim_ase\win32aloem;C:\Users\Mohammad\Desktop\NexysVideo-master\Projects\hdmi\proj;
USERNAME=Mohammad
OS=Windows_NT
PROCESSOR_IDENTIFIER=AMD64 Family 21 Model 16 Stepping 1, AuthenticAMD



---------------  S Y S T E M  ---------------

OS: Windows 7 , 64 bit Build 7601 (6.1.7601.23677)

CPU:total 4 (4 cores per cpu, 1 threads per core) family 21 model 16 stepping 1, cmov, cx8, fxsr, mmx, sse, sse2, sse3, ssse3, sse4.1, sse4.2, popcnt, avx, aes, clmul, mmxext, 3dnowpref, lzcnt, sse4a, tsc, tscinvbit, tscinv, bmi1

Memory: 4k page, physical 5729244k(2051652k free), swap 7137064k(2781276k free)

vm_info: Java HotSpot(TM) 64-Bit Server VM (25.66-b18) for windows-amd64 JRE (1.8.0_66-b18), built on Nov  9 2015 10:51:13 by "java_re" with MS VC++ 10.0 (VS2010)

time: Wed Mar 29 11:25:41 2017
elapsed time: 312 seconds (0d 0h 5m 12s)

