#
# A fatal error has been detected by the Java Runtime Environment:
#
#  EXCEPTION_UNCAUGHT_CXX_EXCEPTION (0xe06d7363) at pc=0x000007fefcbaa06d, pid=5104, tid=5568
#
# JRE version: Java(TM) SE Runtime Environment (8.0_45-b15) (build 1.8.0_45-b15)
# Java VM: Java HotSpot(TM) 64-Bit Server VM (25.45-b02 mixed mode windows-amd64 compressed oops)
# Problematic frame:
# C  [KERNELBASE.dll+0x1a06d]
#
# Failed to write core dump. Minidumps are not enabled by default on client versions of Windows
#
# If you would like to submit a bug report, please visit:
#   http://bugreport.java.com/bugreport/crash.jsp
#

---------------  T H R E A D  ---------------

Current thread (0x0000000013aca800):  VMThread [stack: 0x0000000014b30000,0x0000000014c30000] [id=5568]

siginfo: ExceptionCode=0xe06d7363, ExceptionInformation=0x0000000019930520 0x0000000014c2f4c8 0x000007fef8fa2cb8 0x000007fef8ef0000 

Registers:
RAX=0x000000006261f822, RBX=0x000007fef8fa2cb8, RCX=0x0000000014c2ed10, RDX=0x00000000000000d0
RSP=0x0000000014c2f320, RBP=0x0000000014c2f450, RSI=0x00000000ffffffff, RDI=0x000000001646a530
R8 =0x0000000000000000, R9 =0x0000000000000000, R10=0x000007fef8ef0000, R11=0x0000000014c2f360
R12=0x0000000000000001, R13=0x0000000000000008, R14=0x0000000000000000, R15=0xffffffffffffffff
RIP=0x000007fefcbaa06d, EFLAGS=0x0000000000000206

Top of Stack: (sp=0x0000000014c2f320)
0x0000000014c2f320:   000007fef8fa2cb8 00000000ffffffff
0x0000000014c2f330:   000000001646a530 000000000035e440
0x0000000014c2f340:   00000001e06d7363 0000000000000000
0x0000000014c2f350:   000007fefcbaa06d 000007fe00000004
0x0000000014c2f360:   0000000019930520 0000000014c2f4c8
0x0000000014c2f370:   000007fef8fa2cb8 000007fef8ef0000
0x0000000014c2f380:   0000000000000000 0000000014c2f408
0x0000000014c2f390:   0000000000000028 000000001646a520
0x0000000014c2f3a0:   000000001648e870 0000000000000000
0x0000000014c2f3b0:   000007fffffd3000 0000000076d4f4e3
0x0000000014c2f3c0:   0000000000000000 0000000000000008
0x0000000014c2f3d0:   0000000000000001 000000001646a530
0x0000000014c2f3e0:   00000000ffffffff 000007fef8f4e92c
0x0000000014c2f3f0:   000007fef8fa2cb8 0000000014c2f460
0x0000000014c2f400:   0000000000000001 000007fef8ef00f8
0x0000000014c2f410:   00000001e06d7363 0000000000000000 

Instructions: (pc=0x000007fefcbaa06d)
0x000007fefcbaa04d:   54 24 24 48 89 4c 24 28 4d 85 c9 0f 85 6a 03 00
0x000007fefcbaa05d:   00 89 4c 24 38 48 8d 4c 24 20 ff 15 33 02 03 00
0x000007fefcbaa06d:   48 81 c4 c8 00 00 00 c3 90 90 90 90 90 90 90 90
0x000007fefcbaa07d:   90 90 90 48 83 ec 28 65 48 8b 04 25 30 00 00 00 


Register to memory mapping:

RAX=0x000000006261f822 is an unknown value
RBX=0x000007fef8fa2cb8 is an unknown value
RCX=0x0000000014c2ed10 is an unknown value
RDX=0x00000000000000d0 is an unknown value
RSP=0x0000000014c2f320 is an unknown value
RBP=0x0000000014c2f450 is an unknown value
RSI=0x00000000ffffffff is an unallocated location in the heap
RDI=0x000000001646a530 is an unknown value
R8 =0x0000000000000000 is an unknown value
R9 =0x0000000000000000 is an unknown value
R10=0x000007fef8ef0000 is an unknown value
R11=0x0000000014c2f360 is an unknown value
R12=0x0000000000000001 is an unknown value
R13=0x0000000000000008 is an unknown value
R14=0x0000000000000000 is an unknown value
R15=0xffffffffffffffff is an unknown value


Stack: [0x0000000014b30000,0x0000000014c30000],  sp=0x0000000014c2f320,  free space=1020k
Native frames: (J=compiled Java code, j=interpreted, Vv=VM code, C=native code)
C  [KERNELBASE.dll+0x1a06d]
C  [MSVCR110.dll+0x5e92c]
C  [MSVCR110.dll+0x1315c]
C  [MSVCR110.dll+0x136a9]
C  [MSVCR110.dll+0x13e9c]
C  [MSVCR110.dll+0x239e]
C  [MSVCR110.dll+0xaf9e]
C  [MSVCP110.dll+0x397b9]
C  [librdi_common.dll+0x141c4e]
C  [librdi_common.dll+0x140859]
C  0x000007fee1d72400
C  0x000007fee1d72682
C  [ntdll.dll+0x22ac1]
C  [ntdll.dll+0x228d0]
C  [MSVCR100.dll+0x20ccd]
V  [jvm.dll+0x20f135]
V  [jvm.dll+0x247ef7]
V  [jvm.dll+0x247196]
V  [jvm.dll+0x247631]
V  [jvm.dll+0x24784e]
V  [jvm.dll+0x29853a]
C  [MSVCR100.dll+0x21d9f]
C  [MSVCR100.dll+0x21e3b]
C  [kernel32.dll+0x159cd]
C  [ntdll.dll+0x2a561]

VM_Operation (0x000000000012f500): Exit, mode: safepoint, requested by thread 0x00000000024e8000


---------------  P R O C E S S  ---------------

Java Threads: ( => current thread )
  0x00000000197de000 JavaThread "pool-2-thread-2" [_thread_blocked, id=5000, stack(0x0000000021610000,0x0000000021710000)]
  0x00000000170b6800 JavaThread "pool-2-thread-1" [_thread_blocked, id=5192, stack(0x0000000022fb0000,0x00000000230b0000)]
  0x00000000170b6000 JavaThread "Thread-16" daemon [_thread_blocked, id=4836, stack(0x0000000022eb0000,0x0000000022fb0000)]
  0x00000000178a1800 JavaThread "TCF Locator DNS Lookup" daemon [_thread_blocked, id=6400, stack(0x000000001f230000,0x000000001f330000)]
  0x00000000178a1000 JavaThread "TCF Locator Timer" daemon [_thread_blocked, id=6672, stack(0x000000001efe0000,0x000000001f0e0000)]
  0x000000001789e000 JavaThread "TCF Locator Receiver" daemon [_thread_in_native, id=5760, stack(0x000000001eb10000,0x000000001ec10000)]
  0x000000001789f800 JavaThread "TCF Timer Dispatcher" daemon [_thread_blocked, id=2820, stack(0x000000001bba0000,0x000000001bca0000)]
  0x0000000016944000 JavaThread "EMF Reference Cleaner" daemon [_thread_blocked, id=2968, stack(0x00000000181c0000,0x00000000182c0000)]
  0x0000000014eb4000 JavaThread "Service Thread" daemon [_thread_blocked, id=2752, stack(0x0000000015730000,0x0000000015830000)]
  0x0000000014e3a800 JavaThread "C1 CompilerThread2" daemon [_thread_blocked, id=6860, stack(0x0000000015630000,0x0000000015730000)]
  0x0000000014e38800 JavaThread "C2 CompilerThread1" daemon [_thread_blocked, id=2724, stack(0x0000000015530000,0x0000000015630000)]
  0x0000000014e32800 JavaThread "C2 CompilerThread0" daemon [_thread_blocked, id=6440, stack(0x0000000015430000,0x0000000015530000)]
  0x0000000013b37000 JavaThread "Attach Listener" daemon [_thread_blocked, id=3516, stack(0x0000000015330000,0x0000000015430000)]
  0x0000000014e3c000 JavaThread "Signal Dispatcher" daemon [_thread_blocked, id=4684, stack(0x0000000015230000,0x0000000015330000)]
  0x0000000013ad7000 JavaThread "Finalizer" daemon [_thread_blocked, id=2696, stack(0x0000000014d30000,0x0000000014e30000)]
  0x0000000013ad0000 JavaThread "Reference Handler" daemon [_thread_blocked, id=6048, stack(0x0000000014c30000,0x0000000014d30000)]
  0x00000000024e8000 JavaThread "main" [_thread_blocked, id=5476, stack(0x0000000000030000,0x0000000000130000)]

Other Threads:
=>0x0000000013aca800 VMThread [stack: 0x0000000014b30000,0x0000000014c30000] [id=5568]

VM state:at safepoint (shutting down)

VM Mutex/Monitor currently owned by a thread:  ([mutex/lock_event])
[0x000000000233df50] Threads_lock - owner thread: 0x0000000013aca800

Heap:
 PSYoungGen      total 133632K, used 31195K [0x00000000f5580000, 0x00000000feb80000, 0x0000000100000000)
  eden space 113664K, 27% used [0x00000000f5580000,0x00000000f73f6e00,0x00000000fc480000)
  from space 19968K, 0% used [0x00000000fd800000,0x00000000fd800000,0x00000000feb80000)
  to   space 19968K, 0% used [0x00000000fc480000,0x00000000fc480000,0x00000000fd800000)
 ParOldGen       total 93696K, used 28995K [0x00000000e0000000, 0x00000000e5b80000, 0x00000000f5580000)
  object space 93696K, 30% used [0x00000000e0000000,0x00000000e1c50cd8,0x00000000e5b80000)
 Metaspace       used 74368K, capacity 80986K, committed 81152K, reserved 1120256K
  class space    used 9034K, capacity 11142K, committed 11264K, reserved 1048576K

Card table byte_map: [0x0000000011a80000,0x0000000011b90000] byte_map_base: 0x0000000011380000

Marking Bits: (ParMarkBitMap*) 0x000000005f474040
 Begin Bits: [0x0000000012040000, 0x0000000012840000)
 End Bits:   [0x0000000012840000, 0x0000000013040000)

Polling page: 0x0000000000220000

CodeCache: size=245760Kb used=29177Kb max_used=29218Kb free=216582Kb
 bounds [0x00000000026c0000, 0x0000000004390000, 0x00000000116c0000]
 total_blobs=9251 nmethods=8422 adapters=737
 compilation: enabled

Compilation events (10 events):
Event: 653.619 Thread 0x0000000014e3a800 nmethod 10409 0x0000000002d8e4d0 code [0x0000000002d8e620, 0x0000000002d8e730]
Event: 653.620 Thread 0x0000000014e3a800 10410       1       org.eclipse.osgi.internal.loader.BundleLoaderProxy::getBundleData (5 bytes)
Event: 653.621 Thread 0x0000000014e3a800 nmethod 10410 0x00000000028d0e90 code [0x00000000028d0fe0, 0x00000000028d10f0]
Event: 653.621 Thread 0x0000000014e32800 nmethod 10401 0x0000000002a62810 code [0x0000000002a629e0, 0x0000000002a63778]
Event: 653.790 Thread 0x0000000014e3a800 10412   !   3       org.eclipse.osgi.internal.baseadaptor.BaseStorage::compact (215 bytes)
Event: 653.793 Thread 0x0000000014e3a800 nmethod 10412 0x000000000437f490 code [0x000000000437f8e0, 0x0000000004381da8]
Event: 653.874 Thread 0x0000000014e38800 10413       4       java.io.File::isDirectory (43 bytes)
Event: 653.880 Thread 0x0000000014e38800 nmethod 10413 0x0000000002fa7ad0 code [0x0000000002fa7c20, 0x0000000002fa7e28]
Event: 654.502 Thread 0x0000000014e3a800 10414       3       org.eclipse.osgi.framework.internal.core.AbstractBundle::close (52 bytes)
Event: 654.503 Thread 0x0000000014e3a800 nmethod 10414 0x00000000028d1150 code [0x00000000028d1380, 0x00000000028d2088]

GC Heap History (10 events):
Event: 506.120 GC heap before
{Heap before GC invocations=23 (full 7):
 PSYoungGen      total 132608K, used 160K [0x00000000f5580000, 0x00000000feb80000, 0x0000000100000000)
  eden space 113152K, 0% used [0x00000000f5580000,0x00000000f5580000,0x00000000fc400000)
  from space 19456K, 0% used [0x00000000fd780000,0x00000000fd7a8000,0x00000000fea80000)
  to   space 19968K, 0% used [0x00000000fc400000,0x00000000fc400000,0x00000000fd780000)
 ParOldGen       total 93696K, used 40709K [0x00000000e0000000, 0x00000000e5b80000, 0x00000000f5580000)
  object space 93696K, 43% used [0x00000000e0000000,0x00000000e27c1400,0x00000000e5b80000)
 Metaspace       used 73584K, capacity 80410K, committed 80512K, reserved 1118208K
  class space    used 8964K, capacity 11052K, committed 11136K, reserved 1048576K
Event: 506.447 GC heap after
Heap after GC invocations=23 (full 7):
 PSYoungGen      total 132608K, used 0K [0x00000000f5580000, 0x00000000feb80000, 0x0000000100000000)
  eden space 113152K, 0% used [0x00000000f5580000,0x00000000f5580000,0x00000000fc400000)
  from space 19456K, 0% used [0x00000000fd780000,0x00000000fd780000,0x00000000fea80000)
  to   space 19968K, 0% used [0x00000000fc400000,0x00000000fc400000,0x00000000fd780000)
 ParOldGen       total 93696K, used 31667K [0x00000000e0000000, 0x00000000e5b80000, 0x00000000f5580000)
  object space 93696K, 33% used [0x00000000e0000000,0x00000000e1eecf98,0x00000000e5b80000)
 Metaspace       used 73557K, capacity 80368K, committed 80512K, reserved 1118208K
  class space    used 8960K, capacity 11045K, committed 11136K, reserved 1048576K
}
Event: 566.131 GC heap before
{Heap before GC invocations=24 (full 7):
 PSYoungGen      total 132608K, used 4722K [0x00000000f5580000, 0x00000000feb80000, 0x0000000100000000)
  eden space 113152K, 4% used [0x00000000f5580000,0x00000000f5a1ca90,0x00000000fc400000)
  from space 19456K, 0% used [0x00000000fd780000,0x00000000fd780000,0x00000000fea80000)
  to   space 19968K, 0% used [0x00000000fc400000,0x00000000fc400000,0x00000000fd780000)
 ParOldGen       total 93696K, used 31667K [0x00000000e0000000, 0x00000000e5b80000, 0x00000000f5580000)
  object space 93696K, 33% used [0x00000000e0000000,0x00000000e1eecf98,0x00000000e5b80000)
 Metaspace       used 73560K, capacity 80368K, committed 80512K, reserved 1118208K
  class space    used 8960K, capacity 11045K, committed 11136K, reserved 1048576K
Event: 566.136 GC heap after
Heap after GC invocations=24 (full 7):
 PSYoungGen      total 133120K, used 192K [0x00000000f5580000, 0x00000000feb80000, 0x0000000100000000)
  eden space 113152K, 0% used [0x00000000f5580000,0x00000000f5580000,0x00000000fc400000)
  from space 19968K, 0% used [0x00000000fc400000,0x00000000fc430000,0x00000000fd780000)
  to   space 19968K, 0% used [0x00000000fd800000,0x00000000fd800000,0x00000000feb80000)
 ParOldGen       total 93696K, used 31667K [0x00000000e0000000, 0x00000000e5b80000, 0x00000000f5580000)
  object space 93696K, 33% used [0x00000000e0000000,0x00000000e1eecf98,0x00000000e5b80000)
 Metaspace       used 73560K, capacity 80368K, committed 80512K, reserved 1118208K
  class space    used 8960K, capacity 11045K, committed 11136K, reserved 1048576K
}
Event: 566.136 GC heap before
{Heap before GC invocations=25 (full 8):
 PSYoungGen      total 133120K, used 192K [0x00000000f5580000, 0x00000000feb80000, 0x0000000100000000)
  eden space 113152K, 0% used [0x00000000f5580000,0x00000000f5580000,0x00000000fc400000)
  from space 19968K, 0% used [0x00000000fc400000,0x00000000fc430000,0x00000000fd780000)
  to   space 19968K, 0% used [0x00000000fd800000,0x00000000fd800000,0x00000000feb80000)
 ParOldGen       total 93696K, used 31667K [0x00000000e0000000, 0x00000000e5b80000, 0x00000000f5580000)
  object space 93696K, 33% used [0x00000000e0000000,0x00000000e1eecf98,0x00000000e5b80000)
 Metaspace       used 73560K, capacity 80368K, committed 80512K, reserved 1118208K
  class space    used 8960K, capacity 11045K, committed 11136K, reserved 1048576K
Event: 566.539 GC heap after
Heap after GC invocations=25 (full 8):
 PSYoungGen      total 133120K, used 0K [0x00000000f5580000, 0x00000000feb80000, 0x0000000100000000)
  eden space 113152K, 0% used [0x00000000f5580000,0x00000000f5580000,0x00000000fc400000)
  from space 19968K, 0% used [0x00000000fc400000,0x00000000fc400000,0x00000000fd780000)
  to   space 19968K, 0% used [0x00000000fd800000,0x00000000fd800000,0x00000000feb80000)
 ParOldGen       total 93696K, used 30267K [0x00000000e0000000, 0x00000000e5b80000, 0x00000000f5580000)
  object space 93696K, 32% used [0x00000000e0000000,0x00000000e1d8ee98,0x00000000e5b80000)
 Metaspace       used 73547K, capacity 80344K, committed 80512K, reserved 1118208K
  class space    used 8958K, capacity 11041K, committed 11136K, reserved 1048576K
}
Event: 626.145 GC heap before
{Heap before GC invocations=26 (full 8):
 PSYoungGen      total 133120K, used 10029K [0x00000000f5580000, 0x00000000feb80000, 0x0000000100000000)
  eden space 113152K, 8% used [0x00000000f5580000,0x00000000f5f4b630,0x00000000fc400000)
  from space 19968K, 0% used [0x00000000fc400000,0x00000000fc400000,0x00000000fd780000)
  to   space 19968K, 0% used [0x00000000fd800000,0x00000000fd800000,0x00000000feb80000)
 ParOldGen       total 93696K, used 30267K [0x00000000e0000000, 0x00000000e5b80000, 0x00000000f5580000)
  object space 93696K, 32% used [0x00000000e0000000,0x00000000e1d8ee98,0x00000000e5b80000)
 Metaspace       used 73599K, capacity 80408K, committed 80768K, reserved 1118208K
  class space    used 8958K, capacity 11041K, committed 11136K, reserved 1048576K
Event: 626.151 GC heap after
Heap after GC invocations=26 (full 8):
 PSYoungGen      total 133632K, used 384K [0x00000000f5580000, 0x00000000feb80000, 0x0000000100000000)
  eden space 113664K, 0% used [0x00000000f5580000,0x00000000f5580000,0x00000000fc480000)
  from space 19968K, 1% used [0x00000000fd800000,0x00000000fd860000,0x00000000feb80000)
  to   space 19968K, 0% used [0x00000000fc480000,0x00000000fc480000,0x00000000fd800000)
 ParOldGen       total 93696K, used 30267K [0x00000000e0000000, 0x00000000e5b80000, 0x00000000f5580000)
  object space 93696K, 32% used [0x00000000e0000000,0x00000000e1d8ee98,0x00000000e5b80000)
 Metaspace       used 73599K, capacity 80408K, committed 80768K, reserved 1118208K
  class space    used 8958K, capacity 11041K, committed 11136K, reserved 1048576K
}
Event: 626.151 GC heap before
{Heap before GC invocations=27 (full 9):
 PSYoungGen      total 133632K, used 384K [0x00000000f5580000, 0x00000000feb80000, 0x0000000100000000)
  eden space 113664K, 0% used [0x00000000f5580000,0x00000000f5580000,0x00000000fc480000)
  from space 19968K, 1% used [0x00000000fd800000,0x00000000fd860000,0x00000000feb80000)
  to   space 19968K, 0% used [0x00000000fc480000,0x00000000fc480000,0x00000000fd800000)
 ParOldGen       total 93696K, used 30267K [0x00000000e0000000, 0x00000000e5b80000, 0x00000000f5580000)
  object space 93696K, 32% used [0x00000000e0000000,0x00000000e1d8ee98,0x00000000e5b80000)
 Metaspace       used 73599K, capacity 80408K, committed 80768K, reserved 1118208K
  class space    used 8958K, capacity 11041K, committed 11136K, reserved 1048576K
Event: 626.420 GC heap after
Heap after GC invocations=27 (full 9):
 PSYoungGen      total 133632K, used 0K [0x00000000f5580000, 0x00000000feb80000, 0x0000000100000000)
  eden space 113664K, 0% used [0x00000000f5580000,0x00000000f5580000,0x00000000fc480000)
  from space 19968K, 0% used [0x00000000fd800000,0x00000000fd800000,0x00000000feb80000)
  to   space 19968K, 0% used [0x00000000fc480000,0x00000000fc480000,0x00000000fd800000)
 ParOldGen       total 93696K, used 28995K [0x00000000e0000000, 0x00000000e5b80000, 0x00000000f5580000)
  object space 93696K, 30% used [0x00000000e0000000,0x00000000e1c50cd8,0x00000000e5b80000)
 Metaspace       used 73599K, capacity 80408K, committed 80768K, reserved 1118208K
  class space    used 8958K, capacity 11041K, committed 11136K, reserved 1048576K
}

Deoptimization events (10 events):
Event: 652.686 Thread 0x00000000024e8000 Uncommon trap: reason=unstable_if action=reinterpret pc=0x0000000003f648bc method=org.eclipse.swt.layout.GridLayout.layout(Lorg/eclipse/swt/widgets/Composite;ZIIIIZ)Lorg/eclipse/swt/graphics/Point; @ 119
Event: 652.701 Thread 0x00000000024e8000 Uncommon trap: reason=unstable_if action=reinterpret pc=0x0000000003e7ef74 method=org.eclipse.swt.widgets.Display.drawMenuBars()V @ 4
Event: 652.701 Thread 0x00000000024e8000 Uncommon trap: reason=unstable_if action=reinterpret pc=0x0000000002ab0830 method=org.eclipse.swt.widgets.Display.runDeferredLayouts()Z @ 42
Event: 652.769 Thread 0x00000000178a3000 Uncommon trap: reason=bimorphic action=maybe_recompile pc=0x0000000003a8aba0 method=java.util.Properties.load0(Ljava/util/Properties$LineReader;)V @ 242
Event: 652.787 Thread 0x00000000024e8000 Uncommon trap: reason=unstable_if action=reinterpret pc=0x0000000002b9e9c0 method=java.util.ArrayList.toArray([Ljava/lang/Object;)[Ljava/lang/Object; @ 48
Event: 652.801 Thread 0x00000000024e8000 Uncommon trap: reason=unstable_if action=reinterpret pc=0x0000000003e492d4 method=org.eclipse.e4.ui.internal.workbench.swt.PartRenderingEngine.someAreVisible(Ljava/util/List;)Z @ 41
Event: 652.873 Thread 0x00000000024e8000 Uncommon trap: reason=unstable_if action=reinterpret pc=0x000000000430b1bc method=org.eclipse.equinox.internal.event.EventHandlerTracker.getHandlers(Ljava/lang/String;)Ljava/util/Set; @ 28
Event: 653.002 Thread 0x00000000024e8000 Uncommon trap: reason=unstable_if action=reinterpret pc=0x00000000041abec8 method=org.eclipse.swt.graphics.Resource.dispose()V @ 15
Event: 653.549 Thread 0x00000000024e8000 Uncommon trap: reason=unstable_if action=reinterpret pc=0x0000000003100da8 method=org.eclipse.core.runtime.internal.adaptor.EclipseLazyStarter.shouldActivateFor(Ljava/lang/String;Lorg/eclipse/osgi/baseadaptor/BaseData;Lorg/eclipse/core/runtime/internal/ada”‹hsl„@
Event: 653.556 Thread 0x0000000015d4f800 Uncommon trap: reason=unstable_if action=reinterpret pc=0x0000000002bfc560 method=org.eclipse.osgi.framework.internal.core.BundleContextImpl.dispatchEvent(Ljava/lang/Object;Ljava/lang/Object;ILjava/lang/Object;)V @ 16

Internal exceptions (10 events):
Event: 651.862 Thread 0x00000000175c2800 Exception <a 'java/lang/InterruptedException'> (0x00000000f5bfaf10) thrown at [C:\re\workspace\8-2-build-windows-amd64-cygwin\jdk8u45\3627\hotspot\src\share\vm\runtime\objectMonitor.cpp, line 1683]
Event: 652.466 Thread 0x00000000024e8000 Implicit null exception at 0x00000000039d7e8c to 0x00000000039d7ee9
Event: 652.468 Thread 0x00000000024e8000 Implicit null exception at 0x000000000318fcc3 to 0x00000000031901f9
Event: 652.468 Thread 0x00000000024e8000 Implicit null exception at 0x0000000003df74e9 to 0x0000000003df83d1
Event: 652.486 Thread 0x00000000024e8000 Implicit null exception at 0x00000000039e77f2 to 0x00000000039e8e35
Event: 652.987 Thread 0x00000000170b4800 Exception <a 'java/lang/InterruptedException'> (0x00000000f6cd4b50) thrown at [C:\re\workspace\8-2-build-windows-amd64-cygwin\jdk8u45\3627\hotspot\src\share\vm\runtime\objectMonitor.cpp, line 1683]
Event: 653.621 Thread 0x0000000015b82800 Exception <a 'java/lang/InterruptedException': sleep interrupted> (0x00000000f7060888) thrown at [C:\re\workspace\8-2-build-windows-amd64-cygwin\jdk8u45\3627\hotspot\src\share\vm\prims\jvm.cpp, line 3211]
Event: 653.623 Thread 0x000000001ccbc800 Exception <a 'java/lang/InterruptedException'> (0x00000000f717cac0) thrown at [C:\re\workspace\8-2-build-windows-amd64-cygwin\jdk8u45\3627\hotspot\src\share\vm\runtime\objectMonitor.cpp, line 1683]
Event: 653.623 Thread 0x0000000015cf7000 Exception <a 'java/lang/InterruptedException'> (0x00000000f71ba3f8) thrown at [C:\re\workspace\8-2-build-windows-amd64-cygwin\jdk8u45\3627\hotspot\src\share\vm\runtime\objectMonitor.cpp, line 1683]
Event: 654.502 Thread 0x0000000015d4f800 Exception <a 'java/lang/InterruptedException'> (0x00000000f705bf58) thrown at [C:\re\workspace\8-2-build-windows-amd64-cygwin\jdk8u45\3627\hotspot\src\share\vm\runtime\objectMonitor.cpp, line 1683]

Events (10 events):
Event: 654.503 loading class java/util/IdentityHashMap$IdentityHashMapIterator
Event: 654.503 loading class java/util/IdentityHashMap$IdentityHashMapIterator done
Event: 654.503 loading class java/util/IdentityHashMap$KeyIterator done
Event: 654.504 Thread 0x00000000175c6000 Thread added: 0x00000000175c6000
Event: 654.504 Thread 0x0000000014e3a800 flushing nmethod 0x0000000003362850
Event: 654.504 Thread 0x0000000014e3a800 flushing nmethod 0x000000000339d790
Event: 654.504 Thread 0x0000000014e3a800 flushing nmethod 0x00000000033a5790
Event: 654.504 Thread 0x00000000175c6000 Thread exited: 0x00000000175c6000
Event: 654.504 Thread 0x0000000014e3a800 flushing nmethod 0x00000000033ffa10
Event: 654.504 Executing VM operation: Exit


Dynamic libraries:
0x0000000000400000 - 0x000000000044f000 	C:\Xilinx\SDK\2015.3\eclipse\win64.o\eclipse.exe
0x0000000076d00000 - 0x0000000076eaa000 	C:\Windows\SYSTEM32\ntdll.dll
0x0000000076be0000 - 0x0000000076cff000 	C:\Windows\system32\kernel32.dll
0x000007fefcb90000 - 0x000007fefcbfa000 	C:\Windows\system32\KERNELBASE.dll
0x0000000076ae0000 - 0x0000000076bda000 	C:\Windows\system32\USER32.dll
0x000007fefeb00000 - 0x000007fefeb67000 	C:\Windows\system32\GDI32.dll
0x000007fefd700000 - 0x000007fefd70e000 	C:\Windows\system32\LPK.dll
0x000007fefea30000 - 0x000007fefeafa000 	C:\Windows\system32\USP10.dll
0x000007fefe990000 - 0x000007fefea2f000 	C:\Windows\system32\msvcrt.dll
0x000007fefb000000 - 0x000007fefb1f4000 	C:\Windows\WinSxS\amd64_microsoft.windows.common-controls_6595b64144ccf1df_6.0.7601.18837_none_fa3b1e3d17594757\COMCTL32.dll
0x000007fefe910000 - 0x000007fefe981000 	C:\Windows\system32\SHLWAPI.dll
0x000007fefdb30000 - 0x000007fefdb5e000 	C:\Windows\system32\IMM32.DLL
0x000007fefef00000 - 0x000007feff009000 	C:\Windows\system32\MSCTF.dll
0x0000000072000000 - 0x0000000072012000 	C:\Xilinx\SDK\2015.3\eclipse\win64.o\plugins\org.eclipse.equinox.launcher.win32.win32.x86_64_1.1.200.v20140116-2212\eclipse_1503.dll
0x000007fefd4c0000 - 0x000007fefd59b000 	C:\Windows\system32\ADVAPI32.dll
0x000007fefe8f0000 - 0x000007fefe90f000 	C:\Windows\SYSTEM32\sechost.dll
0x000007fefd710000 - 0x000007fefd83d000 	C:\Windows\system32\RPCRT4.dll
0x000007fefc090000 - 0x000007fefc09c000 	C:\Windows\system32\VERSION.dll
0x000007fefafa0000 - 0x000007fefaff6000 	C:\Windows\system32\uxtheme.dll
0x000000005ec70000 - 0x000000005f4f3000 	C:\Xilinx\SDK\2015.3\tps\win64\jre\bin\server\jvm.dll
0x000007fef2270000 - 0x000007fef2279000 	C:\Windows\system32\WSOCK32.dll
0x000007fefcdf0000 - 0x000007fefce3d000 	C:\Windows\system32\WS2_32.dll
0x000007fefda20000 - 0x000007fefda28000 	C:\Windows\system32\NSI.dll
0x000007fefac50000 - 0x000007fefac8b000 	C:\Windows\system32\WINMM.dll
0x0000000076ec0000 - 0x0000000076ec7000 	C:\Windows\system32\PSAPI.DLL
0x00000000746c0000 - 0x0000000074792000 	C:\Windows\system32\MSVCR100.dll
0x000000006bce0000 - 0x000000006bcef000 	C:\Xilinx\SDK\2015.3\tps\win64\jre\bin\verify.dll
0x0000000069f40000 - 0x0000000069f69000 	C:\Xilinx\SDK\2015.3\tps\win64\jre\bin\java.dll
0x0000000069f20000 - 0x0000000069f36000 	C:\Xilinx\SDK\2015.3\tps\win64\jre\bin\zip.dll
0x000007fefdb60000 - 0x000007fefe8ea000 	C:\Windows\system32\SHELL32.dll
0x000007fefce40000 - 0x000007fefd043000 	C:\Windows\system32\ole32.dll
0x000007fefca30000 - 0x000007fefca3f000 	C:\Windows\system32\profapi.dll
0x000007fefbf30000 - 0x000007fefbf48000 	C:\Windows\system32\CRYPTSP.dll
0x000007fefbc30000 - 0x000007fefbc77000 	C:\Windows\system32\rsaenh.dll
0x000007fefcdd0000 - 0x000007fefcdee000 	C:\Windows\system32\USERENV.dll
0x000007fefc8d0000 - 0x000007fefc8df000 	C:\Windows\system32\CRYPTBASE.dll
0x0000000069f00000 - 0x0000000069f1a000 	C:\Xilinx\SDK\2015.3\tps\win64\jre\bin\net.dll
0x000007fefbed0000 - 0x000007fefbf25000 	C:\Windows\system32\mswsock.dll
0x000007fefbec0000 - 0x000007fefbec7000 	C:\Windows\System32\wship6.dll
0x000007fef9f30000 - 0x000007fef9f57000 	C:\Windows\system32\IPHLPAPI.DLL
0x000007fef9f10000 - 0x000007fef9f1b000 	C:\Windows\system32\WINNSI.DLL
0x000007fef9ad0000 - 0x000007fef9ae8000 	C:\Windows\system32\dhcpcsvc.DLL
0x000007fef9a40000 - 0x000007fef9a51000 	C:\Windows\system32\dhcpcsvc6.DLL
0x0000000069ee0000 - 0x0000000069ef1000 	C:\Xilinx\SDK\2015.3\tps\win64\jre\bin\nio.dll
0x000007fefac10000 - 0x000007fefac25000 	C:\Windows\system32\NLAapi.dll
0x000007fee38c0000 - 0x000007fee38d5000 	C:\Windows\system32\napinsp.dll
0x000007fee38a0000 - 0x000007fee38b9000 	C:\Windows\system32\pnrpnsp.dll
0x000007fefbd50000 - 0x000007fefbdab000 	C:\Windows\system32\DNSAPI.dll
0x000007fee3720000 - 0x000007fee372b000 	C:\Windows\System32\winrnr.dll
0x000007fee3710000 - 0x000007fee3720000 	C:\Windows\system32\wshbth.dll
0x000007fefc310000 - 0x000007fefc317000 	C:\Windows\System32\wshtcpip.dll
0x000007fef4190000 - 0x000007fef4198000 	C:\Windows\system32\rasadhlp.dll
0x000007fef9dc0000 - 0x000007fef9e13000 	C:\Windows\System32\fwpuclnt.dll
0x00000000186c0000 - 0x0000000018768000 	C:\Users\Mohammad\.Xilinx\SDK\2015.3\org.eclipse.osgi\bundles\303\1\.cp\swt-win32-4335.dll
0x000007fefd5a0000 - 0x000007fefd67a000 	C:\Windows\system32\OLEAUT32.dll
0x000007fefda90000 - 0x000007fefdb27000 	C:\Windows\system32\comdlg32.dll
0x000007fef9f70000 - 0x000007fef9fe1000 	C:\Windows\system32\WINSPOOL.DRV
0x000007fefd050000 - 0x000007fefd322000 	C:\Windows\system32\WININET.dll
0x000007fefca80000 - 0x000007fefca84000 	C:\Windows\system32\api-ms-win-downlevel-user32-l1-1-0.dll
0x000007fefcaa0000 - 0x000007fefcaa4000 	C:\Windows\system32\api-ms-win-downlevel-shlwapi-l1-1-0.dll
0x000007fefca90000 - 0x000007fefca94000 	C:\Windows\system32\api-ms-win-downlevel-version-l1-1-0.dll
0x000007fefca70000 - 0x000007fefca73000 	C:\Windows\system32\api-ms-win-downlevel-normaliz-l1-1-0.dll
0x0000000076ed0000 - 0x0000000076ed3000 	C:\Windows\system32\normaliz.DLL
0x000007fefeb90000 - 0x000007fefee5a000 	C:\Windows\system32\iertutil.dll
0x000007fefcc40000 - 0x000007fefcc45000 	C:\Windows\system32\api-ms-win-downlevel-advapi32-l1-1-0.dll
0x000007fefcc60000 - 0x000007fefcdcd000 	C:\Windows\system32\CRYPT32.dll
0x000007fefca40000 - 0x000007fefca4f000 	C:\Windows\system32\MSASN1.dll
0x000007fefbaa0000 - 0x000007fefbab8000 	C:\Windows\system32\dwmapi.dll
0x000007fefb620000 - 0x000007fefb74c000 	C:\Windows\system32\propsys.dll
0x000007fefee60000 - 0x000007fefeef9000 	C:\Windows\system32\CLBCatQ.DLL
0x00000000002d0000 - 0x00000000002ee000 	C:\Users\Mohammad\.Xilinx\SDK\2015.3\org.eclipse.osgi\bundles\303\1\.cp\swt-gdip-win32-4335.dll
0x000007fefad80000 - 0x000007fefaf96000 	C:\Windows\WinSxS\amd64_microsoft.windows.gdiplus_6595b64144ccf1df_1.1.7601.23545_none_14599ab28b920323\gdiplus.dll
0x000007fefa640000 - 0x000007fefa7a1000 	C:\Windows\system32\WindowsCodecs.dll
0x0000000180000000 - 0x0000000180012000 	C:\Users\Mohammad\.Xilinx\SDK\2015.3\org.eclipse.osgi\bundles\121\1\.cp\os\win32\x86_64\localfile_1_0_0.dll
0x000007fef4cd0000 - 0x000007fef4ce1000 	C:\Users\Mohammad\.Xilinx\SDK\2015.3\org.eclipse.osgi\bundles\124\1\.cp\jWinHttp-1.0.0.dll
0x000007fef5770000 - 0x000007fef57e1000 	C:\Windows\system32\WINHTTP.dll
0x000007fef5700000 - 0x000007fef5765000 	C:\Windows\system32\webio.dll
0x000007fefc800000 - 0x000007fefc825000 	C:\Windows\system32\SspiCli.dll
0x000007fefbb00000 - 0x000007fefbb0a000 	C:\Windows\system32\credssp.dll
0x000007fefcc00000 - 0x000007fefcc36000 	C:\Windows\system32\CFGMGR32.dll
0x000007fee61e0000 - 0x000007fee6234000 	C:\Windows\system32\oleacc.dll
0x000007fefc980000 - 0x000007fefc994000 	C:\Windows\system32\RpcRtRemote.dll
0x000007fefc830000 - 0x000007fefc887000 	C:\Windows\system32\apphelp.dll
0x000007fee30e0000 - 0x000007fee30f0000 	C:\Xilinx\SDK\2015.3\lib\win64.o\librdi_repo_manager.dll
0x000007feb7b20000 - 0x000007feb7b4a000 	C:\Xilinx\SDK\2015.3\lib\win64.o\libisl_sysinfo.dll
0x000007fef8ef0000 - 0x000007fef8fc4000 	C:\Windows\system32\MSVCR110.dll
0x000007fef8fd0000 - 0x000007fef9077000 	C:\Windows\system32\MSVCP110.dll
0x000007fe9de60000 - 0x000007fe9e7eb000 	C:\Xilinx\SDK\2015.3\lib\win64.o\librdi_common.dll
0x000007fe9ee10000 - 0x000007fe9f17e000 	C:\Xilinx\SDK\2015.3\lib\win64.o\libCOIN-all.dll
0x000007fe9ebf0000 - 0x000007fe9ee0e000 	C:\Xilinx\SDK\2015.3\lib\win64.o\libXil_lmgr11.dll
0x000007fefac90000 - 0x000007fefaca6000 	C:\Windows\system32\NETAPI32.dll
0x000007fefb750000 - 0x000007fefb75c000 	C:\Windows\system32\netutils.dll
0x000007fefc1d0000 - 0x000007fefc1f3000 	C:\Windows\system32\srvcli.dll
0x000007fefac30000 - 0x000007fefac45000 	C:\Windows\system32\wkscli.dll
0x000007fefcab0000 - 0x000007fefcaeb000 	C:\Windows\system32\WINTRUST.dll
0x000007fefa7b0000 - 0x000007fefa7c0000 	C:\Xilinx\SDK\2015.3\lib\win64.o\libboost_date_time.dll
0x000007fee3680000 - 0x000007fee36a2000 	C:\Xilinx\SDK\2015.3\lib\win64.o\libboost_filesystem.dll
0x000007fef4c80000 - 0x000007fef4c89000 	C:\Xilinx\SDK\2015.3\lib\win64.o\libboost_system.dll
0x000007feaa990000 - 0x000007feaaa04000 	C:\Xilinx\SDK\2015.3\lib\win64.o\libboost_program_options.dll
0x000007fe9fec0000 - 0x000007fe9ffba000 	C:\Xilinx\SDK\2015.3\lib\win64.o\libboost_regex.dll
0x000007fee3630000 - 0x000007fee3643000 	C:\Xilinx\SDK\2015.3\lib\win64.o\libboost_signals.dll
0x000007fee35d0000 - 0x000007fee35ed000 	C:\Xilinx\SDK\2015.3\lib\win64.o\libboost_thread.dll
0x000007fef4c50000 - 0x000007fef4c5b000 	C:\Xilinx\SDK\2015.3\lib\win64.o\libboost_chrono.dll
0x000007fee3670000 - 0x000007fee367b000 	C:\Xilinx\SDK\2015.3\lib\win64.o\libboost_xilinx.dll
0x000007feb69f0000 - 0x000007feb6a70000 	C:\Xilinx\SDK\2015.3\lib\win64.o\libhdlpsolve.dll
0x000007fea08c0000 - 0x000007fea095a000 	C:\Xilinx\SDK\2015.3\lib\win64.o\libhdxml.dll
0x000007fe9da10000 - 0x000007fe9de58000 	C:\Xilinx\SDK\2015.3\lib\win64.o\libisl_iostreams.dll
0x000007fee3530000 - 0x000007fee3546000 	C:\Xilinx\SDK\2015.3\lib\win64.o\libboost_iostreams.dll
0x000007feb7e70000 - 0x000007feb7e93000 	C:\Xilinx\SDK\2015.3\lib\win64.o\librdizlib.dll
0x000007feb7ba0000 - 0x000007feb7bc3000 	C:\Xilinx\SDK\2015.3\lib\win64.o\libisl_iosutils.dll
0x000007fef4c90000 - 0x000007fef4ca5000 	C:\Xilinx\SDK\2015.3\lib\win64.o\pthreadVC2.dll
0x000007fea0860000 - 0x000007fea08b4000 	C:\Xilinx\SDK\2015.3\lib\win64.o\librdi_commonxillic.dll
0x000007fe9eac0000 - 0x000007fe9ebf0000 	C:\Xilinx\SDK\2015.3\lib\win64.o\librdi_curl.dll
0x000007fee34f0000 - 0x000007fee3508000 	C:\Xilinx\SDK\2015.3\lib\win64.o\librdiconfig.dll
0x0000000065740000 - 0x0000000065867000 	C:\Xilinx\SDK\2015.3\lib\win64.o\tcl85t.dll
0x00000000208c0000 - 0x0000000020b23000 	C:\Xilinx\SDK\2015.3\lib\win64.o\xerces-c_3_1.dll
0x000007fefd330000 - 0x000007fefd4b4000 	C:\Windows\system32\urlmon.dll
0x000007fefcc50000 - 0x000007fefcc54000 	C:\Windows\system32\api-ms-win-downlevel-ole32-l1-1-0.dll
0x000007fedef00000 - 0x000007fedef23000 	C:\Windows\system32\VCOMP110.DLL
0x000007fe9e8d0000 - 0x000007fe9eabc000 	C:\Xilinx\SDK\2015.3\lib\win64.o\librdi_hsm.dll
0x000007feb7a80000 - 0x000007feb7ac3000 	C:\Xilinx\SDK\2015.3\lib\win64.o\librdi_hdf.dll
0x000007fe9cd50000 - 0x000007fe9cf85000 	C:\Xilinx\SDK\2015.3\lib\win64.o\librdi_ippcw.dll
0x000007fefa210000 - 0x000007fefa217000 	C:\Windows\system32\msimg32.dll
0x000007fe9bb70000 - 0x000007fe9c380000 	C:\Xilinx\SDK\2015.3\lib\win64.o\libXil_lmgr11FNP.dll
0x000007fef31c0000 - 0x000007fef31cb000 	C:\Windows\system32\snmpapi.dll
0x000007fefd840000 - 0x000007fefda17000 	C:\Windows\system32\SETUPAPI.dll
0x000007fefca50000 - 0x000007fefca6a000 	C:\Windows\system32\DEVOBJ.dll
0x0000000074640000 - 0x0000000074643000 	C:\Windows\system32\icmp.Dll

VM Arguments:
jvm_args: -Dcom.xilinx.sdk.args.hwspec=C:/Users/Mohammad/Desktop/ECE532/NexysVideo-master/Projects/hdmi/proj/hdmi.sdk/hdmi_wrapper.hdf -Xms64m -Xmx512m & 
java_command: <unknown>
java_class_path (initial): C:\Xilinx\SDK\2015.3\eclipse\win64.o\\plugins/org.eclipse.equinox.launcher_1.3.0.v20130327-1440.jar
Launcher Type: generic

Environment Variables:
PATH=C:/Xilinx/SDK/2015.3/tps/win64/jre/bin/server;C:/Xilinx/SDK/2015.3/tps/win64/jre/bin;C:/Xilinx/SDK/2015.3/tps/win64/jre/lib/amd64;C:\Xilinx\SDK\2015.3\gnuwin\bin;C:\Xilinx\SDK\2015.3\gnu\microblaze\nt\bin;C:\Xilinx\SDK\2015.3\gnu\microblaze\linux_toolchain\nt64_le\bin;C:\Xilinx\SDK\2015.3\gnu\microblaze\linux_toolchain\nt64_be\bin;C:\Xilinx\SDK\2015.3\gnu\arm\nt\bin;C:\Xilinx\SDK\2015.3\gnu\aarch64\nt\aarch64-none\bin;C:\Xilinx\SDK\2015.3\gnu\aarch64\nt\aarch64-linux\bin;C:\Xilinx\SDK\2015.3\gnu\armr5\nt\gcc-arm-none-eabi\bin;C:\Xilinx\SDK\2015.3\gnu\aarch32\nt\gcc-arm-none-eabi\bin;C:\Xilinx\SDK\2015.3\gnu\aarch32\nt\gcc-arm-linux-gnueabi\bin;C:\Xilinx\SDK\2015.3\bin;C:\Xilinx\SDK\2015.3\lib\win64.o;C:\Xilinx\SDK\2015.3\tps\win64\jre\bin\server;C:\Xilinx\SDK\2015.3\tps\win64\jre\bin;C:\Xilinx\Vivado\2015.3\ids_lite\ISE\bin\nt64;C:\Xilinx\Vivado\2015.3\ids_lite\ISE\lib\nt64;C:\Xilinx\Vivado\2015.3\bin;C:\Xilinx\Vivado\2015.3\lib\win64.o;C:\Xilinx\Vivado\2015.3\tps\win64\jre\bin\server;C:\Xilinx\Vivado\2015.3\tps\win64\jre\bin;C:\Xilinx\Vivado_HLS\2015.3\bin;C:\ProgramData\Oracle\Java\javapath;C:\Program Files (x86)\AMD APP\bin\x86_64;C:\Program Files (x86)\AMD APP\bin\x86;C:\Windows\system32;C:\Windows;C:\Windows\System32\Wbem;C:\Windows\System32\WindowsPowerShell\v1.0\;C:\Program Files (x86)\ATI Technologies\ATI.ACE\Core-Static;C:\Program Files (x86)\AMD\ATI.ACE\Core-Static;C:\Program Files\nodejs\;C:\Program Files (x86)\Skype\Phone\;C:\Xilinx\SDK\2016.4\bin\;C:\Users\Mohammad\AppData\Local\Programs\Python\Python35\;C:\intelFPGA_lite\16.1\modelsim_ase\win32aloem;C:\Users\Mohammad\AppData\Roaming\npm;C:\Users\Mohammad\AppData\Local\atom\bin;C:\Users\Mohammad\Desktop\ECE532\NexysVideo-master\Projects\hdmi\proj;
USERNAME=Mohammad
OS=Windows_NT
PROCESSOR_IDENTIFIER=AMD64 Family 21 Model 16 Stepping 1, AuthenticAMD



---------------  S Y S T E M  ---------------

OS: Windows 7 , 64 bit Build 7601 (6.1.7601.23572)

CPU:total 4 (4 cores per cpu, 1 threads per core) family 21 model 16 stepping 1, cmov, cx8, fxsr, mmx, sse, sse2, sse3, ssse3, sse4.1, sse4.2, popcnt, avx, aes, clmul, mmxext, 3dnowpref, lzcnt, sse4a, tsc, tscinvbit, tscinv, bmi1

Memory: 4k page, physical 5729244k(2587296k free), swap 11456628k(6398212k free)

vm_info: Java HotSpot(TM) 64-Bit Server VM (25.45-b02) for windows-amd64 JRE (1.8.0_45-b15), built on Apr 30 2015 12:40:44 by "java_re" with MS VC++ 10.0 (VS2010)

time: Wed Feb 08 18:09:31 2017
elapsed time: 655 seconds (0d 0h 10m 55s)

