#
# A fatal error has been detected by the Java Runtime Environment:
#
#  Internal Error (0xc000000d), pid=1212, tid=2928
#
# JRE version: Java(TM) SE Runtime Environment (8.0_66-b18) (build 1.8.0_66-b18)
# Java VM: Java HotSpot(TM) 64-Bit Server VM (25.66-b18 mixed mode windows-amd64 compressed oops)
# Problematic frame:
# C  [ntdll.dll+0x96b4f]
#
# Failed to write core dump. Minidumps are not enabled by default on client versions of Windows
#
# If you would like to submit a bug report, please visit:
#   http://bugreport.java.com/bugreport/crash.jsp
#

---------------  T H R E A D  ---------------

Current thread (0x0000000014f12800):  VMThread [stack: 0x0000000015e60000,0x0000000015f60000] [id=2928]

siginfo: ExceptionCode=0xc000000d

Registers:
RAX=0x00000000672f6a14, RBX=0x0000000000000000, RCX=0x0000000015f5ed10, RDX=0x0000000000000000
RSP=0x0000000015f5f320, RBP=0x00000000176140d0, RSI=0x000007feed407408, RDI=0x0000000015f5f468
R8 =0x0000000000000000, R9 =0x0000000000000000, R10=0x0000000000000000, R11=0x0000000000000246
R12=0x00000000003b3d40, R13=0x00000000003b3d10, R14=0x00000000176141d8, R15=0x0000000000000000
RIP=0x0000000076dd6b4f, EFLAGS=0x0000000000000206

Top of Stack: (sp=0x0000000015f5f320)
0x0000000015f5f320:   0000000000000000 000007feed407408
0x0000000015f5f330:   0000000015f5f468 0000000000000000
0x0000000015f5f340:   0000000000000050 00000000002d0000
0x0000000015f5f350:   0000000000000000 0000000000000000
0x0000000015f5f360:   0000000000000002 0000000076d8db18
0x0000000015f5f370:   00000000c000000d 0000000000000000
0x0000000015f5f380:   0000000076dd6b4f 0000000000000000
0x0000000015f5f390:   0000000000000000 0000000000000000
0x0000000015f5f3a0:   0000000000000000 0000000000000000
0x0000000015f5f3b0:   0000000000000000 0000000000000000
0x0000000015f5f3c0:   0000000000000000 0000000000000000
0x0000000015f5f3d0:   0000000000000000 0000000000000000
0x0000000015f5f3e0:   0000000000000000 0000000000000000
0x0000000015f5f3f0:   0000000000000000 0000000000000000
0x0000000015f5f400:   0000000000000000 00000000003b3d40
0x0000000015f5f410:   0000000000000634 0000000076c63458 

Instructions: (pc=0x0000000076dd6b4f)
0x0000000076dd6b2f:   cd 6b fb ff b9 57 00 00 00 c7 44 24 50 0d 00 00
0x0000000076dd6b3f:   c0 e8 bb 6e fb ff 48 8d 4c 24 50 e8 31 1d f8 ff
0x0000000076dd6b4f:   4c 8b 1d 82 68 09 00 4d 85 db 74 5b 65 48 8b 04
0x0000000076dd6b5f:   25 30 00 00 00 f6 80 ee 17 00 00 08 74 12 65 48 


Register to memory mapping:

RAX=0x00000000672f6a14 is an unknown value
RBX=0x0000000000000000 is an unknown value
RCX=0x0000000015f5ed10 is an unknown value
RDX=0x0000000000000000 is an unknown value
RSP=0x0000000015f5f320 is an unknown value
RBP=0x00000000176140d0 is an unknown value
RSI=0x000007feed407408 is an unknown value
RDI=0x0000000015f5f468 is an unknown value
R8 =0x0000000000000000 is an unknown value
R9 =0x0000000000000000 is an unknown value
R10=0x0000000000000000 is an unknown value
R11=0x0000000000000246 is an unknown value
R12=0x00000000003b3d40 is an unknown value
R13=0x00000000003b3d10 is an unknown value
R14=0x00000000176141d8 is an unknown value
R15=0x0000000000000000 is an unknown value


Stack: [0x0000000015e60000,0x0000000015f60000],  sp=0x0000000015f5f320,  free space=1020k
Native frames: (J=compiled Java code, j=interpreted, Vv=VM code, C=native code)
C  [ntdll.dll+0x96b4f]
C  [kernel32.dll+0x43458]
C  [MSVCR110.dll+0x752d]
C  [MSVCR110.dll+0x73c6]
C  [MSVCR110.dll+0x14cca]
C  [MSVCR110.dll+0x13edc]
C  [MSVCR110.dll+0x239e]
C  [MSVCR110.dll+0xaf9e]
C  [MSVCP110.dll+0x397b9]
C  [librdi_common.dll+0x182316]
C  [librdi_common.dll+0x180fab]
C  [librdi_target_manager.dll+0x2400]
C  [librdi_target_manager.dll+0x2682]
C  [ntdll.dll+0x229b1]
C  [ntdll.dll+0x227c0]
C  [MSVCR100.dll+0x20ccd]
V  [jvm.dll+0x210cc5]
V  [jvm.dll+0x249897]
V  [jvm.dll+0x248b36]
V  [jvm.dll+0x248fd1]
V  [jvm.dll+0x2491ee]
V  [jvm.dll+0x29a0fa]
C  [MSVCR100.dll+0x21d9f]
C  [MSVCR100.dll+0x21e3b]
C  [kernel32.dll+0x159bd]
C  [ntdll.dll+0x2a2e1]

VM_Operation (0x000000000012f4c0): Exit, mode: safepoint, requested by thread 0x0000000002498000


---------------  P R O C E S S  ---------------

Java Threads: ( => current thread )
  0x00000000151ec800 JavaThread "pool-2-thread-1" [_thread_blocked, id=5540, stack(0x0000000028ec0000,0x0000000028fc0000)]
  0x0000000018443800 JavaThread "Thread-34" daemon [_thread_blocked, id=4232, stack(0x0000000028350000,0x0000000028450000)]
  0x0000000019849000 JavaThread "TCF Channel Transmitter" daemon [_thread_blocked, id=3412, stack(0x00000000272f0000,0x00000000273f0000)]
  0x0000000019847800 JavaThread "TCF Channel Receiver" daemon [_thread_in_native, id=1240, stack(0x0000000026ba0000,0x0000000026ca0000)]
  0x0000000019847000 JavaThread "Process monitor" daemon [_thread_in_native, id=2760, stack(0x00000000271f0000,0x00000000272f0000)]
  0x0000000019846000 JavaThread "Input Stream Monitor" daemon [_thread_blocked, id=5048, stack(0x00000000270f0000,0x00000000271f0000)]
  0x000000001a2bb000 JavaThread "Output Stream Monitor" daemon [_thread_in_native, id=3496, stack(0x0000000026ff0000,0x00000000270f0000)]
  0x000000001a2ba000 JavaThread "Output Stream Monitor" daemon [_thread_in_native, id=4804, stack(0x0000000026ef0000,0x0000000026ff0000)]
  0x000000001a2b2800 JavaThread "TCF Locator DNS Lookup" daemon [_thread_blocked, id=3860, stack(0x0000000025790000,0x0000000025890000)]
  0x000000001a2b2000 JavaThread "TCF Locator Timer" daemon [_thread_blocked, id=3080, stack(0x0000000025690000,0x0000000025790000)]
  0x000000001a2b1000 JavaThread "TCF Locator Receiver" daemon [_thread_blocked, id=3568, stack(0x0000000025590000,0x0000000025690000)]
  0x000000001a2af800 JavaThread "TCF Timer Dispatcher" daemon [_thread_blocked, id=4428, stack(0x0000000025390000,0x0000000025490000)]
  0x0000000019ba1800 JavaThread "EMF Reference Cleaner" daemon [_thread_blocked, id=4172, stack(0x000000001b390000,0x000000001b490000)]
  0x0000000015004000 JavaThread "Service Thread" daemon [_thread_blocked, id=1544, stack(0x0000000016820000,0x0000000016920000)]
  0x0000000013dae000 JavaThread "C1 CompilerThread3" daemon [_thread_blocked, id=4896, stack(0x0000000016720000,0x0000000016820000)]
  0x0000000013dad000 JavaThread "C2 CompilerThread2" daemon [_thread_blocked, id=4152, stack(0x0000000016620000,0x0000000016720000)]
  0x0000000013daa000 JavaThread "C2 CompilerThread1" daemon [_thread_blocked, id=4916, stack(0x0000000016520000,0x0000000016620000)]
  0x0000000014f69800 JavaThread "C2 CompilerThread0" daemon [_thread_blocked, id=3304, stack(0x0000000016420000,0x0000000016520000)]
  0x0000000014f65000 JavaThread "Attach Listener" daemon [_thread_blocked, id=4872, stack(0x0000000016320000,0x0000000016420000)]
  0x0000000014f64000 JavaThread "Signal Dispatcher" daemon [_thread_blocked, id=1436, stack(0x0000000016220000,0x0000000016320000)]
  0x0000000013d9c000 JavaThread "Finalizer" daemon [_thread_blocked, id=4768, stack(0x0000000016060000,0x0000000016160000)]
  0x0000000013d95000 JavaThread "Reference Handler" daemon [_thread_blocked, id=3048, stack(0x0000000015f60000,0x0000000016060000)]
  0x0000000002498000 JavaThread "main" [_thread_blocked, id=4120, stack(0x0000000000030000,0x0000000000130000)]

Other Threads:
=>0x0000000014f12800 VMThread [stack: 0x0000000015e60000,0x0000000015f60000] [id=2928]

VM state:at safepoint (shutting down)

VM Mutex/Monitor currently owned by a thread:  ([mutex/lock_event])
[0x00000000022be4b0] Threads_lock - owner thread: 0x0000000014f12800

Heap:
 PSYoungGen      total 122368K, used 45931K [0x00000000f5580000, 0x00000000fd280000, 0x0000000100000000)
  eden space 117760K, 39% used [0x00000000f5580000,0x00000000f825ad50,0x00000000fc880000)
  from space 4608K, 0% used [0x00000000fce00000,0x00000000fce00000,0x00000000fd280000)
  to   space 5120K, 0% used [0x00000000fc880000,0x00000000fc880000,0x00000000fcd80000)
 ParOldGen       total 108544K, used 47118K [0x00000000e0000000, 0x00000000e6a00000, 0x00000000f5580000)
  object space 108544K, 43% used [0x00000000e0000000,0x00000000e2e03a40,0x00000000e6a00000)
 Metaspace       used 87202K, capacity 94552K, committed 95064K, reserved 1130496K
  class space    used 10529K, capacity 13055K, committed 13184K, reserved 1048576K

Card table byte_map: [0x00000000118f0000,0x0000000011a00000] byte_map_base: 0x00000000111f0000

Marking Bits: (ParMarkBitMap*) 0x000000006a02a5b0
 Begin Bits: [0x00000000122b0000, 0x0000000012ab0000)
 End Bits:   [0x0000000012ab0000, 0x00000000132b0000)

Polling page: 0x0000000000220000

CodeCache: size=245760Kb used=35316Kb max_used=35857Kb free=210443Kb
 bounds [0x0000000002530000, 0x0000000004880000, 0x0000000011530000]
 total_blobs=10479 nmethods=9575 adapters=811
 compilation: enabled

Compilation events (10 events):
Event: 3311.707 Thread 0x0000000013dae000 nmethod 12134 0x0000000004325b10 code [0x0000000004325ca0, 0x00000000043262e8]
Event: 3311.707 Thread 0x0000000013dae000 12127       3       org.eclipse.osgi.container.ModuleWiring::invalidate0 (52 bytes)
Event: 3311.707 Thread 0x0000000013dae000 nmethod 12127 0x00000000029b84d0 code [0x00000000029b8680, 0x00000000029b9028]
Event: 3311.707 Thread 0x0000000013dae000 12128       3       org.eclipse.osgi.internal.container.AtomicLazyInitializer::getAndClear (9 bytes)
Event: 3311.707 Thread 0x0000000013dae000 nmethod 12128 0x0000000004325690 code [0x0000000004325800, 0x0000000004325a50]
Event: 3311.707 Thread 0x0000000013dae000 12129       3       java.util.concurrent.atomic.AtomicReference::getAndSet (12 bytes)
Event: 3311.707 Thread 0x0000000013dae000 nmethod 12129 0x0000000003d29ad0 code [0x0000000003d29c20, 0x0000000003d29d90]
Event: 3311.707 Thread 0x0000000013dae000 12130       3       sun.misc.Unsafe::getAndSetObject (24 bytes)
Event: 3311.707 Thread 0x0000000013dae000 nmethod 12130 0x00000000039fb290 code [0x00000000039fb400, 0x00000000039fb610]
Event: 3311.707 Thread 0x0000000013dae000 12131       3       org.eclipse.osgi.internal.framework.EquinoxContainerAdaptor::invalidateWiring (186 bytes)

GC Heap History (10 events):
Event: 3148.372 GC heap before
{Heap before GC invocations=81 (full 35):
 PSYoungGen      total 122880K, used 224K [0x00000000f5580000, 0x00000000fd380000, 0x0000000100000000)
  eden space 117760K, 0% used [0x00000000f5580000,0x00000000f5580000,0x00000000fc880000)
  from space 5120K, 4% used [0x00000000fce80000,0x00000000fceb8000,0x00000000fd380000)
  to   space 5632K, 0% used [0x00000000fc880000,0x00000000fc880000,0x00000000fce00000)
 ParOldGen       total 108544K, used 47065K [0x00000000e0000000, 0x00000000e6a00000, 0x00000000f5580000)
  object space 108544K, 43% used [0x00000000e0000000,0x00000000e2df6570,0x00000000e6a00000)
 Metaspace       used 86193K, capacity 93304K, committed 93784K, reserved 1130496K
  class space    used 10422K, capacity 12795K, committed 12928K, reserved 1048576K
Event: 3148.464 GC heap after
Heap after GC invocations=81 (full 35):
 PSYoungGen      total 122880K, used 0K [0x00000000f5580000, 0x00000000fd380000, 0x0000000100000000)
  eden space 117760K, 0% used [0x00000000f5580000,0x00000000f5580000,0x00000000fc880000)
  from space 5120K, 0% used [0x00000000fce80000,0x00000000fce80000,0x00000000fd380000)
  to   space 5632K, 0% used [0x00000000fc880000,0x00000000fc880000,0x00000000fce00000)
 ParOldGen       total 108544K, used 47057K [0x00000000e0000000, 0x00000000e6a00000, 0x00000000f5580000)
  object space 108544K, 43% used [0x00000000e0000000,0x00000000e2df45f0,0x00000000e6a00000)
 Metaspace       used 86193K, capacity 93304K, committed 93784K, reserved 1130496K
  class space    used 10422K, capacity 12795K, committed 12928K, reserved 1048576K
}
Event: 3208.381 GC heap before
{Heap before GC invocations=82 (full 35):
 PSYoungGen      total 122880K, used 5607K [0x00000000f5580000, 0x00000000fd380000, 0x0000000100000000)
  eden space 117760K, 4% used [0x00000000f5580000,0x00000000f5af9f38,0x00000000fc880000)
  from space 5120K, 0% used [0x00000000fce80000,0x00000000fce80000,0x00000000fd380000)
  to   space 5632K, 0% used [0x00000000fc880000,0x00000000fc880000,0x00000000fce00000)
 ParOldGen       total 108544K, used 47057K [0x00000000e0000000, 0x00000000e6a00000, 0x00000000f5580000)
  object space 108544K, 43% used [0x00000000e0000000,0x00000000e2df45f0,0x00000000e6a00000)
 Metaspace       used 86199K, capacity 93304K, committed 93784K, reserved 1130496K
  class space    used 10423K, capacity 12795K, committed 12928K, reserved 1048576K
Event: 3208.384 GC heap after
Heap after GC invocations=82 (full 35):
 PSYoungGen      total 123392K, used 288K [0x00000000f5580000, 0x00000000fd380000, 0x0000000100000000)
  eden space 117760K, 0% used [0x00000000f5580000,0x00000000f5580000,0x00000000fc880000)
  from space 5632K, 5% used [0x00000000fc880000,0x00000000fc8c8000,0x00000000fce00000)
  to   space 5632K, 0% used [0x00000000fce00000,0x00000000fce00000,0x00000000fd380000)
 ParOldGen       total 108544K, used 47057K [0x00000000e0000000, 0x00000000e6a00000, 0x00000000f5580000)
  object space 108544K, 43% used [0x00000000e0000000,0x00000000e2df45f0,0x00000000e6a00000)
 Metaspace       used 86199K, capacity 93304K, committed 93784K, reserved 1130496K
  class space    used 10423K, capacity 12795K, committed 12928K, reserved 1048576K
}
Event: 3208.384 GC heap before
{Heap before GC invocations=83 (full 36):
 PSYoungGen      total 123392K, used 288K [0x00000000f5580000, 0x00000000fd380000, 0x0000000100000000)
  eden space 117760K, 0% used [0x00000000f5580000,0x00000000f5580000,0x00000000fc880000)
  from space 5632K, 5% used [0x00000000fc880000,0x00000000fc8c8000,0x00000000fce00000)
  to   space 5632K, 0% used [0x00000000fce00000,0x00000000fce00000,0x00000000fd380000)
 ParOldGen       total 108544K, used 47057K [0x00000000e0000000, 0x00000000e6a00000, 0x00000000f5580000)
  object space 108544K, 43% used [0x00000000e0000000,0x00000000e2df45f0,0x00000000e6a00000)
 Metaspace       used 86199K, capacity 93304K, committed 93784K, reserved 1130496K
  class space    used 10423K, capacity 12795K, committed 12928K, reserved 1048576K
Event: 3208.507 GC heap after
Heap after GC invocations=83 (full 36):
 PSYoungGen      total 123392K, used 0K [0x00000000f5580000, 0x00000000fd380000, 0x0000000100000000)
  eden space 117760K, 0% used [0x00000000f5580000,0x00000000f5580000,0x00000000fc880000)
  from space 5632K, 0% used [0x00000000fc880000,0x00000000fc880000,0x00000000fce00000)
  to   space 5632K, 0% used [0x00000000fce00000,0x00000000fce00000,0x00000000fd380000)
 ParOldGen       total 108544K, used 47123K [0x00000000e0000000, 0x00000000e6a00000, 0x00000000f5580000)
  object space 108544K, 43% used [0x00000000e0000000,0x00000000e2e04df8,0x00000000e6a00000)
 Metaspace       used 86199K, capacity 93304K, committed 93784K, reserved 1130496K
  class space    used 10423K, capacity 12795K, committed 12928K, reserved 1048576K
}
Event: 3268.401 GC heap before
{Heap before GC invocations=84 (full 36):
 PSYoungGen      total 123392K, used 4308K [0x00000000f5580000, 0x00000000fd380000, 0x0000000100000000)
  eden space 117760K, 3% used [0x00000000f5580000,0x00000000f59b5250,0x00000000fc880000)
  from space 5632K, 0% used [0x00000000fc880000,0x00000000fc880000,0x00000000fce00000)
  to   space 5632K, 0% used [0x00000000fce00000,0x00000000fce00000,0x00000000fd380000)
 ParOldGen       total 108544K, used 47123K [0x00000000e0000000, 0x00000000e6a00000, 0x00000000f5580000)
  object space 108544K, 43% used [0x00000000e0000000,0x00000000e2e04df8,0x00000000e6a00000)
 Metaspace       used 86199K, capacity 93304K, committed 93784K, reserved 1130496K
  class space    used 10423K, capacity 12795K, committed 12928K, reserved 1048576K
Event: 3268.403 GC heap after
Heap after GC invocations=84 (full 36):
 PSYoungGen      total 122368K, used 256K [0x00000000f5580000, 0x00000000fd280000, 0x0000000100000000)
  eden space 117760K, 0% used [0x00000000f5580000,0x00000000f5580000,0x00000000fc880000)
  from space 4608K, 5% used [0x00000000fce00000,0x00000000fce40000,0x00000000fd280000)
  to   space 5120K, 0% used [0x00000000fc880000,0x00000000fc880000,0x00000000fcd80000)
 ParOldGen       total 108544K, used 47123K [0x00000000e0000000, 0x00000000e6a00000, 0x00000000f5580000)
  object space 108544K, 43% used [0x00000000e0000000,0x00000000e2e04df8,0x00000000e6a00000)
 Metaspace       used 86199K, capacity 93304K, committed 93784K, reserved 1130496K
  class space    used 10423K, capacity 12795K, committed 12928K, reserved 1048576K
}
Event: 3268.403 GC heap before
{Heap before GC invocations=85 (full 37):
 PSYoungGen      total 122368K, used 256K [0x00000000f5580000, 0x00000000fd280000, 0x0000000100000000)
  eden space 117760K, 0% used [0x00000000f5580000,0x00000000f5580000,0x00000000fc880000)
  from space 4608K, 5% used [0x00000000fce00000,0x00000000fce40000,0x00000000fd280000)
  to   space 5120K, 0% used [0x00000000fc880000,0x00000000fc880000,0x00000000fcd80000)
 ParOldGen       total 108544K, used 47123K [0x00000000e0000000, 0x00000000e6a00000, 0x00000000f5580000)
  object space 108544K, 43% used [0x00000000e0000000,0x00000000e2e04df8,0x00000000e6a00000)
 Metaspace       used 86199K, capacity 93304K, committed 93784K, reserved 1130496K
  class space    used 10423K, capacity 12795K, committed 12928K, reserved 1048576K
Event: 3268.497 GC heap after
Heap after GC invocations=85 (full 37):
 PSYoungGen      total 122368K, used 0K [0x00000000f5580000, 0x00000000fd280000, 0x0000000100000000)
  eden space 117760K, 0% used [0x00000000f5580000,0x00000000f5580000,0x00000000fc880000)
  from space 4608K, 0% used [0x00000000fce00000,0x00000000fce00000,0x00000000fd280000)
  to   space 5120K, 0% used [0x00000000fc880000,0x00000000fc880000,0x00000000fcd80000)
 ParOldGen       total 108544K, used 47118K [0x00000000e0000000, 0x00000000e6a00000, 0x00000000f5580000)
  object space 108544K, 43% used [0x00000000e0000000,0x00000000e2e03a40,0x00000000e6a00000)
 Metaspace       used 86199K, capacity 93304K, committed 93784K, reserved 1130496K
  class space    used 10423K, capacity 12795K, committed 12928K, reserved 1048576K
}

Deoptimization events (10 events):
Event: 3311.046 Thread 0x0000000018442800 Uncommon trap: reason=unstable_if action=reinterpret pc=0x00000000026b46e4 method=sun.nio.cs.SingleByte$Encoder.encode(C)I @ 13
Event: 3311.076 Thread 0x0000000015291000 Uncommon trap: reason=unstable_if action=reinterpret pc=0x000000000470d7d0 method=org.eclipse.equinox.internal.event.EventHandlerTracker.getHandlers(Ljava/lang/String;)Ljava/util/Set; @ 28
Event: 3311.076 Thread 0x0000000015291000 Uncommon trap: reason=predicate action=maybe_recompile pc=0x00000000043bdd3c method=java.util.Arrays.fill([Ljava/lang/Object;Ljava/lang/Object;)V @ 10
Event: 3311.079 Thread 0x0000000015291000 Uncommon trap: reason=array_check action=maybe_recompile pc=0x0000000003918698 method=java.util.Arrays.fill([Ljava/lang/Object;Ljava/lang/Object;)V @ 13
Event: 3311.079 Thread 0x0000000015291000 Uncommon trap: reason=array_check action=maybe_recompile pc=0x0000000003918698 method=java.util.Arrays.fill([Ljava/lang/Object;Ljava/lang/Object;)V @ 13
Event: 3311.079 Thread 0x0000000015291000 Uncommon trap: reason=array_check action=maybe_recompile pc=0x0000000003918698 method=java.util.Arrays.fill([Ljava/lang/Object;Ljava/lang/Object;)V @ 13
Event: 3311.079 Thread 0x0000000015291000 Uncommon trap: reason=array_check action=maybe_recompile pc=0x0000000003918698 method=java.util.Arrays.fill([Ljava/lang/Object;Ljava/lang/Object;)V @ 13
Event: 3311.611 Thread 0x000000001a2b3800 Uncommon trap: reason=unstable_if action=reinterpret pc=0x00000000034c4c6c method=org.eclipse.osgi.internal.hooks.EclipseLazyStarter.shouldActivateFor(Ljava/lang/String;Lorg/eclipse/osgi/container/Module;Lorg/eclipse/osgi/container/ModuleRevision;Lorg/ecliÿ€íWß©@
Event: 3311.672 Thread 0x000000001a2b3800 Uncommon trap: reason=unstable_if action=reinterpret pc=0x000000000475b970 method=org.eclipse.core.internal.localstore.Bucket.readEntryKey(Ljava/io/DataInputStream;)Ljava/lang/String; @ 4
Event: 3311.701 Thread 0x000000001a2b3800 Uncommon trap: reason=unstable_if action=reinterpret pc=0x00000000026b4f3c method=sun.reflect.UnsafeStaticObjectFieldAccessorImpl.set(Ljava/lang/Object;Ljava/lang/Object;)V @ 13

Internal exceptions (10 events):
Event: 1307.982 Thread 0x000000001a2b0800 Implicit null exception at 0x0000000004544bb8 to 0x0000000004547b8c
Event: 3191.368 Thread 0x0000000002498000 Implicit null exception at 0x0000000002e70034 to 0x0000000002e700d1
Event: 3308.095 Thread 0x0000000002498000 Implicit null exception at 0x0000000002e7d661 to 0x0000000002e7d841
Event: 3310.067 Thread 0x0000000002498000 Implicit null exception at 0x000000000402916c to 0x0000000004029909
Event: 3311.043 Thread 0x0000000018441000 Exception <a 'java/lang/InterruptedException'> (0x00000000f7bd82e8) thrown at [C:\re\workspace\8-2-build-windows-amd64-cygwin\jdk8u66\5298\hotspot\src\share\vm\runtime\objectMonitor.cpp, line 1683]
Event: 3311.689 Thread 0x000000001a2ac800 Exception <a 'java/lang/InterruptedException'> (0x00000000f5be9040) thrown at [C:\re\workspace\8-2-build-windows-amd64-cygwin\jdk8u66\5298\hotspot\src\share\vm\runtime\objectMonitor.cpp, line 1683]
Event: 3311.701 Thread 0x000000001a2b3800 Implicit null exception at 0x00000000026b4b57 to 0x00000000026b4f29
Event: 3311.702 Thread 0x0000000015291000 Exception <a 'java/lang/InterruptedException'> (0x00000000f7fb5b88) thrown at [C:\re\workspace\8-2-build-windows-amd64-cygwin\jdk8u66\5298\hotspot\src\share\vm\runtime\objectMonitor.cpp, line 1683]
Event: 3311.705 Thread 0x000000001a2ad000 Exception <a 'java/lang/InterruptedException'> (0x00000000f745be88) thrown at [C:\re\workspace\8-2-build-windows-amd64-cygwin\jdk8u66\5298\hotspot\src\share\vm\runtime\objectMonitor.cpp, line 1683]
Event: 3311.706 Thread 0x0000000015291800 Exception <a 'java/lang/InterruptedException'> (0x00000000f81db710) thrown at [C:\re\workspace\8-2-build-windows-amd64-cygwin\jdk8u66\5298\hotspot\src\share\vm\runtime\objectMonitor.cpp, line 1683]

Events (10 events):
Event: 3311.707 loading class java/util/IdentityHashMap$KeyIterator done
Event: 3311.708 Thread 0x000000001a2b3800 Thread added: 0x000000001a2b3800
Event: 3311.708 Executing VM operation: RevokeBias
Event: 3311.708 Executing VM operation: RevokeBias done
Event: 3311.708 Executing VM operation: RevokeBias
Event: 3311.708 Executing VM operation: RevokeBias done
Event: 3311.708 Executing VM operation: RevokeBias
Event: 3311.708 Executing VM operation: RevokeBias done
Event: 3311.708 Thread 0x000000001a2b3800 Thread exited: 0x000000001a2b3800
Event: 3311.708 Executing VM operation: Exit


Dynamic libraries:
0x0000000000400000 - 0x000000000044f000 	C:\Xilinx\SDK\2016.2\eclipse\win64.o\eclipse.exe
0x0000000076d40000 - 0x0000000076eea000 	C:\Windows\SYSTEM32\ntdll.dll
0x0000000076c20000 - 0x0000000076d3f000 	C:\Windows\system32\kernel32.dll
0x000007fefcbe0000 - 0x000007fefcc4a000 	C:\Windows\system32\KERNELBASE.dll
0x0000000076b20000 - 0x0000000076c1a000 	C:\Windows\system32\USER32.dll
0x000007fefce70000 - 0x000007fefced7000 	C:\Windows\system32\GDI32.dll
0x000007fefd820000 - 0x000007fefd82e000 	C:\Windows\system32\LPK.dll
0x000007fefef80000 - 0x000007feff04a000 	C:\Windows\system32\USP10.dll
0x000007fefd830000 - 0x000007fefd8cf000 	C:\Windows\system32\msvcrt.dll
0x000007fefb390000 - 0x000007fefb584000 	C:\Windows\WinSxS\amd64_microsoft.windows.common-controls_6595b64144ccf1df_6.0.7601.18837_none_fa3b1e3d17594757\COMCTL32.dll
0x000007fefd790000 - 0x000007fefd801000 	C:\Windows\system32\SHLWAPI.dll
0x000007fefce40000 - 0x000007fefce6e000 	C:\Windows\system32\IMM32.DLL
0x000007fefcee0000 - 0x000007fefcfe9000 	C:\Windows\system32\MSCTF.dll
0x0000000072000000 - 0x0000000072012000 	C:\Xilinx\SDK\2016.2\eclipse\win64.o\plugins\org.eclipse.equinox.launcher.win32.win32.x86_64_1.1.300.v20150602-1417\eclipse_1611.dll
0x000007fefd400000 - 0x000007fefd4db000 	C:\Windows\system32\ADVAPI32.dll
0x000007fefd8d0000 - 0x000007fefd8ef000 	C:\Windows\SYSTEM32\sechost.dll
0x000007fefd660000 - 0x000007fefd78d000 	C:\Windows\system32\RPCRT4.dll
0x000007fefbb10000 - 0x000007fefbb1c000 	C:\Windows\system32\VERSION.dll
0x000007fefb330000 - 0x000007fefb386000 	C:\Windows\system32\UxTheme.dll
0x0000000069820000 - 0x000000006a0a9000 	C:\Xilinx\SDK\2016.2\tps\win64\jre\bin\server\jvm.dll
0x000007fef44c0000 - 0x000007fef44c9000 	C:\Windows\system32\WSOCK32.dll
0x000007fefed20000 - 0x000007fefed6d000 	C:\Windows\system32\WS2_32.dll
0x000007fefd810000 - 0x000007fefd818000 	C:\Windows\system32\NSI.dll
0x000007fefa3a0000 - 0x000007fefa3db000 	C:\Windows\system32\WINMM.dll
0x0000000076f10000 - 0x0000000076f17000 	C:\Windows\system32\PSAPI.DLL
0x0000000071770000 - 0x0000000071842000 	C:\Windows\system32\MSVCR100.dll
0x000000006a2d0000 - 0x000000006a2df000 	C:\Xilinx\SDK\2016.2\tps\win64\jre\bin\verify.dll
0x000000006a2a0000 - 0x000000006a2c9000 	C:\Xilinx\SDK\2016.2\tps\win64\jre\bin\java.dll
0x000000006a280000 - 0x000000006a296000 	C:\Xilinx\SDK\2016.2\tps\win64\jre\bin\zip.dll
0x000007fefd8f0000 - 0x000007fefe679000 	C:\Windows\system32\SHELL32.dll
0x000007fefed70000 - 0x000007fefef73000 	C:\Windows\system32\ole32.dll
0x000007fefca80000 - 0x000007fefca8f000 	C:\Windows\system32\profapi.dll
0x000007fefc280000 - 0x000007fefc298000 	C:\Windows\system32\CRYPTSP.dll
0x000007fefbf80000 - 0x000007fefbfc7000 	C:\Windows\system32\rsaenh.dll
0x000007fefce00000 - 0x000007fefce1e000 	C:\Windows\system32\USERENV.dll
0x000007fefc8e0000 - 0x000007fefc8ef000 	C:\Windows\system32\CRYPTBASE.dll
0x000000006a260000 - 0x000000006a27a000 	C:\Xilinx\SDK\2016.2\tps\win64\jre\bin\net.dll
0x000007fefc220000 - 0x000007fefc275000 	C:\Windows\system32\mswsock.dll
0x000007fefc210000 - 0x000007fefc217000 	C:\Windows\System32\wship6.dll
0x000007fef9f20000 - 0x000007fef9f47000 	C:\Windows\system32\IPHLPAPI.DLL
0x000007fef9f10000 - 0x000007fef9f1b000 	C:\Windows\system32\WINNSI.DLL
0x000007fef9d60000 - 0x000007fef9d71000 	C:\Windows\system32\dhcpcsvc6.DLL
0x000007fef9aa0000 - 0x000007fef9ab8000 	C:\Windows\system32\dhcpcsvc.DLL
0x000000006a240000 - 0x000000006a251000 	C:\Xilinx\SDK\2016.2\tps\win64\jre\bin\nio.dll
0x000007fefa0b0000 - 0x000007fefa0c5000 	C:\Windows\system32\NLAapi.dll
0x000007fef8ee0000 - 0x000007fef8ef5000 	C:\Windows\system32\napinsp.dll
0x000007fef8f00000 - 0x000007fef8f19000 	C:\Windows\system32\pnrpnsp.dll
0x000007fefc0a0000 - 0x000007fefc0fb000 	C:\Windows\system32\DNSAPI.dll
0x000007fef9470000 - 0x000007fef947b000 	C:\Windows\System32\winrnr.dll
0x000007fefbbe0000 - 0x000007fefbbe7000 	C:\Windows\System32\wshtcpip.dll
0x000007fef94b0000 - 0x000007fef94b8000 	C:\Windows\system32\rasadhlp.dll
0x000007fef9cf0000 - 0x000007fef9d43000 	C:\Windows\System32\fwpuclnt.dll
0x000000001b820000 - 0x000000001b8c8000 	C:\Users\tabrizim\.Xilinx\SDK\2016.2\org.eclipse.osgi\312\0\.cp\swt-win32-4527.dll
0x000007fefd4e0000 - 0x000007fefd5b8000 	C:\Windows\system32\OLEAUT32.dll
0x000007fefd5c0000 - 0x000007fefd657000 	C:\Windows\system32\comdlg32.dll
0x000007fef6760000 - 0x000007fef67d1000 	C:\Windows\system32\WINSPOOL.DRV
0x000007fefd110000 - 0x000007fefd3d5000 	C:\Windows\system32\WININET.dll
0x000007fefcde0000 - 0x000007fefcde4000 	C:\Windows\system32\api-ms-win-downlevel-user32-l1-1-0.dll
0x000007fefcdf0000 - 0x000007fefcdf4000 	C:\Windows\system32\api-ms-win-downlevel-shlwapi-l1-1-0.dll
0x000007fefcdc0000 - 0x000007fefcdc4000 	C:\Windows\system32\api-ms-win-downlevel-version-l1-1-0.dll
0x000007fefcbd0000 - 0x000007fefcbd3000 	C:\Windows\system32\api-ms-win-downlevel-normaliz-l1-1-0.dll
0x0000000076f00000 - 0x0000000076f03000 	C:\Windows\system32\normaliz.DLL
0x000007fefea50000 - 0x000007fefed19000 	C:\Windows\system32\iertutil.dll
0x000007fefcb80000 - 0x000007fefcb85000 	C:\Windows\system32\api-ms-win-downlevel-advapi32-l1-1-0.dll
0x000007fefcc50000 - 0x000007fefcdbd000 	C:\Windows\system32\CRYPT32.dll
0x000007fefca90000 - 0x000007fefca9f000 	C:\Windows\system32\MSASN1.dll
0x000007fefae00000 - 0x000007fefaf2c000 	C:\Windows\system32\propsys.dll
0x000007fefcff0000 - 0x000007fefd089000 	C:\Windows\system32\CLBCatQ.DLL
0x00000000002b0000 - 0x00000000002ce000 	C:\Users\tabrizim\.Xilinx\SDK\2016.2\org.eclipse.osgi\312\0\.cp\swt-gdip-win32-4527.dll
0x000007fefb110000 - 0x000007fefb326000 	C:\Windows\WinSxS\amd64_microsoft.windows.gdiplus_6595b64144ccf1df_1.1.7601.23508_none_145555328b95eaaa\gdiplus.dll
0x000007fefac30000 - 0x000007fefad91000 	C:\Windows\system32\WindowsCodecs.dll
0x0000000180000000 - 0x0000000180012000 	C:\Users\tabrizim\.Xilinx\SDK\2016.2\org.eclipse.osgi\126\0\.cp\os\win32\x86_64\localfile_1_0_0.dll
0x000007fef0920000 - 0x000007fef0974000 	C:\Windows\system32\oleacc.dll
0x000007fef6a20000 - 0x000007fef6a27000 	C:\Windows\system32\msimg32.dll
0x000007fefc9d0000 - 0x000007fefc9e4000 	C:\Windows\system32\RpcRtRemote.dll
0x000007fefc880000 - 0x000007fefc8d7000 	C:\Windows\system32\apphelp.dll
0x000007fef9360000 - 0x000007fef9371000 	C:\Users\tabrizim\.Xilinx\SDK\2016.2\org.eclipse.osgi\129\0\.cp\jWinHttp-1.0.0.dll
0x000007fef9bf0000 - 0x000007fef9c61000 	C:\Windows\system32\WINHTTP.dll
0x000007fef9b80000 - 0x000007fef9be4000 	C:\Windows\system32\webio.dll
0x000007fefc850000 - 0x000007fefc875000 	C:\Windows\system32\SspiCli.dll
0x000007fefbe40000 - 0x000007fefbe4a000 	C:\Windows\system32\credssp.dll
0x000007fefcb90000 - 0x000007fefcbc6000 	C:\Windows\system32\CFGMGR32.dll
0x000007fef9f80000 - 0x000007fef9f8f000 	C:\Xilinx\SDK\2016.2\lib\win64.o\librdi_repo_manager.dll
0x000007fef9330000 - 0x000007fef935a000 	C:\Xilinx\SDK\2016.2\lib\win64.o\libisl_sysinfo.dll
0x000007feed400000 - 0x000007feed4d4000 	C:\Windows\system32\MSVCR110.dll
0x000007feed350000 - 0x000007feed3f7000 	C:\Windows\system32\MSVCP110.dll
0x000007febf970000 - 0x000007fec03b0000 	C:\Xilinx\SDK\2016.2\lib\win64.o\librdi_common.dll
0x000007fec1aa0000 - 0x000007fec1e0e000 	C:\Xilinx\SDK\2016.2\lib\win64.o\libCOIN-all.dll
0x000007fec3ea0000 - 0x000007fec40bf000 	C:\Xilinx\SDK\2016.2\lib\win64.o\libXil_lmgr11.dll
0x000007fefaaf0000 - 0x000007fefab06000 	C:\Windows\system32\NETAPI32.dll
0x000007fefbeb0000 - 0x000007fefbebc000 	C:\Windows\system32\netutils.dll
0x000007fefc490000 - 0x000007fefc4b3000 	C:\Windows\system32\srvcli.dll
0x000007fefaad0000 - 0x000007fefaae5000 	C:\Windows\system32\wkscli.dll
0x000007fefcaa0000 - 0x000007fefcadb000 	C:\Windows\system32\WINTRUST.dll
0x000007fef9320000 - 0x000007fef9330000 	C:\Xilinx\SDK\2016.2\lib\win64.o\libboost_date_time.dll
0x000007fef80c0000 - 0x000007fef80e4000 	C:\Xilinx\SDK\2016.2\lib\win64.o\libboost_filesystem.dll
0x000007fef9310000 - 0x000007fef9319000 	C:\Xilinx\SDK\2016.2\lib\win64.o\libboost_system.dll
0x000007fef29a0000 - 0x000007fef2a17000 	C:\Xilinx\SDK\2016.2\lib\win64.o\libboost_program_options.dll
0x000007feee2f0000 - 0x000007feee3f6000 	C:\Xilinx\SDK\2016.2\lib\win64.o\libboost_regex.dll
0x000007fef8660000 - 0x000007fef8673000 	C:\Xilinx\SDK\2016.2\lib\win64.o\libboost_signals.dll
0x000007fef3420000 - 0x000007fef343d000 	C:\Xilinx\SDK\2016.2\lib\win64.o\libboost_thread.dll
0x000007fef9300000 - 0x000007fef930b000 	C:\Xilinx\SDK\2016.2\lib\win64.o\libboost_chrono.dll
0x000007fef81d0000 - 0x000007fef81db000 	C:\Xilinx\SDK\2016.2\lib\win64.o\libboost_xilinx.dll
0x000007fef31d0000 - 0x000007fef3250000 	C:\Xilinx\SDK\2016.2\lib\win64.o\libhdlpsolve.dll
0x000007fef2900000 - 0x000007fef299a000 	C:\Xilinx\SDK\2016.2\lib\win64.o\libhdxml.dll
0x000007fec1630000 - 0x000007fec1a95e00 	C:\Xilinx\SDK\2016.2\lib\win64.o\libisl_iostreams.dll
0x000007fef3400000 - 0x000007fef3416000 	C:\Xilinx\SDK\2016.2\lib\win64.o\libboost_iostreams.dll
0x000007fef2f20000 - 0x000007fef2f43000 	C:\Xilinx\SDK\2016.2\lib\win64.o\librdizlib.dll
0x000007fef2ef0000 - 0x000007fef2f13000 	C:\Xilinx\SDK\2016.2\lib\win64.o\libisl_iosutils.dll
0x000007fef28e0000 - 0x000007fef28f5000 	C:\Xilinx\SDK\2016.2\lib\win64.o\pthreadVC2.dll
0x000007feee610000 - 0x000007feee664000 	C:\Xilinx\SDK\2016.2\lib\win64.o\librdi_commonxillic.dll
0x000007feeb320000 - 0x000007feeb450000 	C:\Xilinx\SDK\2016.2\lib\win64.o\librdi_curl.dll
0x000007feee5f0000 - 0x000007feee608000 	C:\Xilinx\SDK\2016.2\lib\win64.o\librdiconfig.dll
0x00000000695c0000 - 0x00000000696e7000 	C:\Xilinx\SDK\2016.2\lib\win64.o\tcl85t.dll
0x0000000026930000 - 0x0000000026b93000 	C:\Xilinx\SDK\2016.2\lib\win64.o\xerces-c_3_1.dll
0x000007fefe6e0000 - 0x000007fefe866000 	C:\Windows\system32\urlmon.dll
0x000007fefcdd0000 - 0x000007fefcdd4000 	C:\Windows\system32\api-ms-win-downlevel-ole32-l1-1-0.dll
0x000007feeb0c0000 - 0x000007feeb0e3000 	C:\Windows\system32\VCOMP110.DLL
0x000007fec3ca0000 - 0x000007fec3e92000 	C:\Xilinx\SDK\2016.2\lib\win64.o\librdi_hsm.dll
0x000007feeb2d0000 - 0x000007feeb313000 	C:\Xilinx\SDK\2016.2\lib\win64.o\librdi_hdf.dll
0x000007fec0b60000 - 0x000007fec0de1000 	C:\Xilinx\SDK\2016.2\lib\win64.o\librdi_ippcw.dll
0x000007fef7f00000 - 0x000007fef7f0a000 	C:\Xilinx\SDK\2016.2\lib\win64.o\librdi_jtag_settings.dll
0x000007feeb260000 - 0x000007feeb289000 	C:\Xilinx\SDK\2016.2\lib\win64.o\librdi_debug_dialog.dll
0x000007fef3380000 - 0x000007fef3388000 	C:\Xilinx\SDK\2016.2\lib\win64.o\librdi_target_manager.dll
0x000007feeb220000 - 0x000007feeb236000 	C:\Xilinx\SDK\2016.2\eclipse\win64.o\plugins\org.eclipse.cdt.core.win32.x86_64_5.4.0.201509131935\os\win32\x86_64\spawner.dll
0x0000000071080000 - 0x00000000710a6000 	C:\Xilinx\SDK\2016.2\eclipse\win64.o\plugins\gnu.io.rxtx.win32.x86_64_2.1.7.3_v20071015\os\win32\x86_64\rxtxSerial.dll
0x000007fee99f0000 - 0x000007feea200000 	C:\Xilinx\SDK\2016.2\lib\win64.o\libXil_lmgr11FNP.dll
0x000007fef56a0000 - 0x000007fef56ab000 	C:\Windows\system32\snmpapi.dll

VM Arguments:
jvm_args: -Dcom.xilinx.sdk.args.hwspec=W:/327_2/NexysVideo-master/Projects/hdmi/proj/hdmi.sdk/hdmi_wrapper.hdf -Xms64m -Xmx512m & 
java_command: <unknown>
java_class_path (initial): C:\Xilinx\SDK\2016.2\eclipse\win64.o\\plugins/org.eclipse.equinox.launcher_1.3.100.v20150511-1540.jar
Launcher Type: generic

Environment Variables:
PATH=C:/Xilinx/SDK/2016.2/tps/win64/jre/bin/server;C:/Xilinx/SDK/2016.2/tps/win64/jre/bin;C:/Xilinx/SDK/2016.2/tps/win64/jre/lib/amd64;C:\Xilinx\SDK\2016.2\gnuwin\bin;C:\Xilinx\SDK\2016.2\gnu\microblaze\nt\bin;C:\Xilinx\SDK\2016.2\gnu\microblaze\linux_toolchain\nt64_le\bin;C:\Xilinx\SDK\2016.2\gnu\microblaze\linux_toolchain\nt64_be\bin;C:\Xilinx\SDK\2016.2\gnu\arm\nt\bin;C:\Xilinx\SDK\2016.2\gnu\aarch64\nt\aarch64-none\bin;C:\Xilinx\SDK\2016.2\gnu\aarch64\nt\aarch64-linux\bin;C:\Xilinx\SDK\2016.2\gnu\armr5\nt\gcc-arm-none-eabi\bin;C:\Xilinx\SDK\2016.2\gnu\aarch32\nt\gcc-arm-none-eabi\bin;C:\Xilinx\SDK\2016.2\gnu\aarch32\nt\gcc-arm-linux-gnueabi\bin;C:\Xilinx\SDK\2016.2\tps\win64\cmake-3.3.2\bin;;C:\Xilinx\SDK\2016.2\bin;C:\Xilinx\SDK\2016.2\lib\win64.o;C:\Xilinx\SDK\2016.2\tps\win64\jre\bin\server;C:\Xilinx\SDK\2016.2\tps\win64\jre\bin;C:\Xilinx\Vivado\2016.2\ids_lite\ISE\bin\nt64;C:\Xilinx\Vivado\2016.2\ids_lite\ISE\lib\nt64;C:\Xilinx\Vivado\2016.2\bin;C:\Xilinx\Vivado\2016.2\lib\win64.o;C:\Xilinx\Vivado\2016.2\tps\win64\jre\bin\server;C:\Xilinx\Vivado\2016.2\tps\win64\jre\bin;C:\Xilinx\Vivado_HLS\2016.2\bin;C:\Windows\system32;C:\Windows;C:\Windows\System32\Wbem;C:\Windows\System32\WindowsPowerShell\v1.0\;C:\Program Files (x86)\Java\jre6\bin;C:\Program Files (x86)\eclipse;C:\altera\16.0\quartus\bin64;c:\altera\16.0\quartus\bin64\jre64\bin;w:\327_2\NexysVideo-master\Projects\hdmi\proj;
USERNAME=tabrizim
OS=Windows_NT
PROCESSOR_IDENTIFIER=Intel64 Family 6 Model 60 Stepping 3, GenuineIntel



---------------  S Y S T E M  ---------------

OS: Windows 7 , 64 bit Build 7601 (6.1.7601.23418)

CPU:total 8 (4 cores per cpu, 2 threads per core) family 6 model 60 stepping 3, cmov, cx8, fxsr, mmx, sse, sse2, sse3, ssse3, sse4.1, sse4.2, popcnt, avx, avx2, aes, clmul, erms, lzcnt, ht, tsc, tscinvbit, bmi1, bmi2

Memory: 4k page, physical 16683160k(13342916k free), swap 33364460k(29938112k free)

vm_info: Java HotSpot(TM) 64-Bit Server VM (25.66-b18) for windows-amd64 JRE (1.8.0_66-b18), built on Nov  9 2015 10:51:13 by "java_re" with MS VC++ 10.0 (VS2010)

time: Mon Mar 27 20:41:51 2017
elapsed time: 3312 seconds (0d 0h 55m 12s)

