#
# A fatal error has been detected by the Java Runtime Environment:
#
#  EXCEPTION_UNCAUGHT_CXX_EXCEPTION (0xe06d7363) at pc=0x000007fefd48a06d, pid=3676, tid=3144
#
# JRE version: Java(TM) SE Runtime Environment (8.0_66-b18) (build 1.8.0_66-b18)
# Java VM: Java HotSpot(TM) 64-Bit Server VM (25.66-b18 mixed mode windows-amd64 compressed oops)
# Problematic frame:
# C  [KERNELBASE.dll+0x1a06d]
#
# Failed to write core dump. Minidumps are not enabled by default on client versions of Windows
#
# If you would like to submit a bug report, please visit:
#   http://bugreport.java.com/bugreport/crash.jsp
#

---------------  T H R E A D  ---------------

Current thread (0x0000000014dc2800):  VMThread [stack: 0x0000000015d10000,0x0000000015e10000] [id=3144]

siginfo: ExceptionCode=0xe06d7363, ExceptionInformation=0x0000000019930520 0x0000000015e0f4c8 0x000007feebbf2cb8 0x000007feebb40000 

Registers:
RAX=0x0000000062102c02, RBX=0x000007feebbf2cb8, RCX=0x0000000015e0ed10, RDX=0x00000000000000d0
RSP=0x0000000015e0f320, RBP=0x0000000015e0f450, RSI=0x00000000ffffffff, RDI=0x00000000002cde50
R8 =0x0000000000000000, R9 =0x0000000000000000, R10=0x000007feebb40000, R11=0x0000000015e0f360
R12=0x0000000000000001, R13=0x0000000000000008, R14=0x0000000000000000, R15=0xffffffffffffffff
RIP=0x000007fefd48a06d, EFLAGS=0x0000000000000202

Top of Stack: (sp=0x0000000015e0f320)
0x0000000015e0f320:   000007feebbf2cb8 00000000ffffffff
0x0000000015e0f330:   00000000002cde50 0000000000267100
0x0000000015e0f340:   00000001e06d7363 0000000000000000
0x0000000015e0f350:   000007fefd48a06d 000007fe00000004
0x0000000015e0f360:   0000000019930520 0000000015e0f4c8
0x0000000015e0f370:   000007feebbf2cb8 000007feebb40000
0x0000000015e0f380:   0000000000000000 0000000015e0f408
0x0000000015e0f390:   0000000000000028 00000000002cde40
0x0000000015e0f3a0:   00000000173fde10 0000000000000000
0x0000000015e0f3b0:   000007fffffa8000 000000007759f2d3
0x0000000015e0f3c0:   0000000000000000 0000000000000008
0x0000000015e0f3d0:   0000000000000001 00000000002cde50
0x0000000015e0f3e0:   00000000ffffffff 000007feebb9e92c
0x0000000015e0f3f0:   000007feebbf2cb8 0000000015e0f460
0x0000000015e0f400:   0000000000000001 000007feebb400f8
0x0000000015e0f410:   00000001e06d7363 0000000000000000 

Instructions: (pc=0x000007fefd48a06d)
0x000007fefd48a04d:   54 24 24 48 89 4c 24 28 4d 85 c9 0f 85 6a 03 00
0x000007fefd48a05d:   00 89 4c 24 38 48 8d 4c 24 20 ff 15 33 02 03 00
0x000007fefd48a06d:   48 81 c4 c8 00 00 00 c3 90 90 90 90 90 90 90 90
0x000007fefd48a07d:   90 90 90 48 83 ec 28 65 48 8b 04 25 30 00 00 00 


Register to memory mapping:

RAX=0x0000000062102c02 is an unknown value
RBX=0x000007feebbf2cb8 is an unknown value
RCX=0x0000000015e0ed10 is an unknown value
RDX=0x00000000000000d0 is an unknown value
RSP=0x0000000015e0f320 is an unknown value
RBP=0x0000000015e0f450 is an unknown value
RSI=0x00000000ffffffff is an unallocated location in the heap
RDI=0x00000000002cde50 is an unknown value
R8 =0x0000000000000000 is an unknown value
R9 =0x0000000000000000 is an unknown value
R10=0x000007feebb40000 is an unknown value
R11=0x0000000015e0f360 is an unknown value
R12=0x0000000000000001 is an unknown value
R13=0x0000000000000008 is an unknown value
R14=0x0000000000000000 is an unknown value
R15=0xffffffffffffffff is an unknown value


Stack: [0x0000000015d10000,0x0000000015e10000],  sp=0x0000000015e0f320,  free space=1020k
Native frames: (J=compiled Java code, j=interpreted, Vv=VM code, C=native code)
C  [KERNELBASE.dll+0x1a06d]
C  [MSVCR110.dll+0x5e92c]
C  [MSVCR110.dll+0x1315c]
C  [MSVCR110.dll+0x136a9]
C  [MSVCR110.dll+0x13e9c]
C  [MSVCR110.dll+0x239e]
C  [MSVCR110.dll+0xaf9e]
C  [MSVCP110.dll+0x397b9]
C  [librdi_common.dll+0x182316]
C  [librdi_common.dll+0x180fab]
C  [librdi_target_manager.dll+0x2400]
C  [librdi_target_manager.dll+0x2682]
C  [ntdll.dll+0x229b1]
C  [ntdll.dll+0x227c0]
C  [MSVCR100.dll+0x20ccd]
V  [jvm.dll+0x210cc5]
V  [jvm.dll+0x249897]
V  [jvm.dll+0x248b36]
V  [jvm.dll+0x248fd1]
V  [jvm.dll+0x2491ee]
V  [jvm.dll+0x29a0fa]
C  [MSVCR100.dll+0x21d9f]
C  [MSVCR100.dll+0x21e3b]
C  [kernel32.dll+0x159bd]
C  [ntdll.dll+0x2a2e1]

VM_Operation (0x000000000012f4c0): Exit, mode: safepoint, requested by thread 0x00000000021d8000


---------------  P R O C E S S  ---------------

Java Threads: ( => current thread )
  0x00000000180fe000 JavaThread "pool-2-thread-5" [_thread_blocked, id=5556, stack(0x0000000025750000,0x0000000025850000)]
  0x00000000180fd800 JavaThread "pool-2-thread-4" [_thread_blocked, id=5340, stack(0x0000000028f40000,0x0000000029040000)]
  0x0000000017a54800 JavaThread "pool-2-thread-3" [_thread_blocked, id=4888, stack(0x0000000025460000,0x0000000025560000)]
  0x0000000017a52800 JavaThread "pool-2-thread-2" [_thread_blocked, id=5172, stack(0x0000000029640000,0x0000000029740000)]
  0x000000001a4b3800 JavaThread "pool-2-thread-1" [_thread_blocked, id=5680, stack(0x0000000028e40000,0x0000000028f40000)]
  0x000000001a4b2000 JavaThread "Thread-36" daemon [_thread_blocked, id=4744, stack(0x0000000028d40000,0x0000000028e40000)]
  0x000000001e037800 JavaThread "TCF Channel Transmitter" daemon [_thread_blocked, id=6004, stack(0x0000000027d40000,0x0000000027e40000)]
  0x000000001e036000 JavaThread "TCF Channel Receiver" daemon [_thread_in_native, id=2608, stack(0x0000000025fa0000,0x00000000260a0000)]
  0x000000001e034800 JavaThread "Process monitor" daemon [_thread_in_native, id=5332, stack(0x0000000027280000,0x0000000027380000)]
  0x000000001e034000 JavaThread "Input Stream Monitor" daemon [_thread_blocked, id=1816, stack(0x0000000027180000,0x0000000027280000)]
  0x000000001e033000 JavaThread "Output Stream Monitor" daemon [_thread_in_native, id=5748, stack(0x0000000027080000,0x0000000027180000)]
  0x000000001e032800 JavaThread "Output Stream Monitor" daemon [_thread_in_native, id=4052, stack(0x0000000026f80000,0x0000000027080000)]
  0x0000000016e85800 JavaThread "TCF Locator DNS Lookup" daemon [_thread_blocked, id=5572, stack(0x0000000026e80000,0x0000000026f80000)]
  0x0000000016e85000 JavaThread "TCF Locator Timer" daemon [_thread_blocked, id=6104, stack(0x0000000026d80000,0x0000000026e80000)]
  0x0000000016e84000 JavaThread "TCF Locator Receiver" daemon [_thread_in_native, id=4180, stack(0x0000000025d50000,0x0000000025e50000)]
  0x0000000016e82800 JavaThread "TCF Timer Dispatcher" daemon [_thread_blocked, id=2228, stack(0x00000000234b0000,0x00000000235b0000)]
  0x0000000016e76800 JavaThread "EMF Reference Cleaner" daemon [_thread_blocked, id=5376, stack(0x0000000019550000,0x0000000019650000)]
  0x0000000014eb4800 JavaThread "Service Thread" daemon [_thread_blocked, id=4788, stack(0x00000000166d0000,0x00000000167d0000)]
  0x0000000014e4c000 JavaThread "C1 CompilerThread3" daemon [_thread_blocked, id=5256, stack(0x00000000165d0000,0x00000000166d0000)]
  0x0000000014e23000 JavaThread "C2 CompilerThread2" daemon [_thread_blocked, id=3536, stack(0x00000000164d0000,0x00000000165d0000)]
  0x0000000013c5b000 JavaThread "C2 CompilerThread1" daemon [_thread_blocked, id=908, stack(0x00000000163d0000,0x00000000164d0000)]
  0x0000000014e19800 JavaThread "C2 CompilerThread0" daemon [_thread_blocked, id=4624, stack(0x00000000162d0000,0x00000000163d0000)]
  0x0000000014e15000 JavaThread "Attach Listener" daemon [_thread_blocked, id=6076, stack(0x00000000161d0000,0x00000000162d0000)]
  0x0000000014e13800 JavaThread "Signal Dispatcher" daemon [_thread_blocked, id=3168, stack(0x00000000160d0000,0x00000000161d0000)]
  0x0000000013c4d000 JavaThread "Finalizer" daemon [_thread_blocked, id=1344, stack(0x0000000015f10000,0x0000000016010000)]
  0x0000000013c44800 JavaThread "Reference Handler" daemon [_thread_blocked, id=4952, stack(0x0000000015e10000,0x0000000015f10000)]
  0x00000000021d8000 JavaThread "main" [_thread_blocked, id=5008, stack(0x0000000000030000,0x0000000000130000)]

Other Threads:
=>0x0000000014dc2800 VMThread [stack: 0x0000000015d10000,0x0000000015e10000] [id=3144]

VM state:at safepoint (shutting down)

VM Mutex/Monitor currently owned by a thread:  ([mutex/lock_event])
[0x00000000024ee520] Threads_lock - owner thread: 0x0000000014dc2800

Heap:
 PSYoungGen      total 138752K, used 76611K [0x00000000f5580000, 0x00000000ff800000, 0x0000000100000000)
  eden space 127488K, 51% used [0x00000000f5580000,0x00000000f9581820,0x00000000fd200000)
  from space 11264K, 98% used [0x00000000fed00000,0x00000000ff7cf700,0x00000000ff800000)
  to   space 18432K, 0% used [0x00000000fd400000,0x00000000fd400000,0x00000000fe600000)
 ParOldGen       total 96768K, used 62177K [0x00000000e0000000, 0x00000000e5e80000, 0x00000000f5580000)
  object space 96768K, 64% used [0x00000000e0000000,0x00000000e3cb8688,0x00000000e5e80000)
 Metaspace       used 89959K, capacity 97720K, committed 97960K, reserved 1134592K
  class space    used 10638K, capacity 13110K, committed 13232K, reserved 1048576K

Card table byte_map: [0x00000000023a0000,0x00000000024b0000] byte_map_base: 0x0000000001ca0000

Marking Bits: (ParMarkBitMap*) 0x000000006b74a5b0
 Begin Bits: [0x0000000012160000, 0x0000000012960000)
 End Bits:   [0x0000000012960000, 0x0000000013160000)

Polling page: 0x00000000022f0000

CodeCache: size=245760Kb used=46715Kb max_used=47300Kb free=199045Kb
 bounds [0x00000000024f0000, 0x0000000005380000, 0x00000000114f0000]
 total_blobs=13083 nmethods=12176 adapters=814
 compilation: enabled

Compilation events (10 events):
Event: 667.266 Thread 0x0000000014e4c000 15414       3       java.util.TimSort::ensureCapacity (107 bytes)
Event: 667.266 Thread 0x0000000014e4c000 nmethod 15414 0x0000000002e40e50 code [0x0000000002e40fe0, 0x0000000002e415b8]
Event: 667.268 Thread 0x0000000014e4c000 15416       3       org.eclipse.osgi.storage.bundlefile.BundleFile::setMruIndex (6 bytes)
Event: 667.268 Thread 0x0000000014e4c000 nmethod 15416 0x0000000002dcbe90 code [0x0000000002dcbfe0, 0x0000000002dcc130]
Event: 667.270 Thread 0x0000000014e4c000 15417  s!   3       org.eclipse.osgi.storage.bundlefile.ZipBundleFile::close (64 bytes)
Event: 667.271 Thread 0x0000000014e4c000 nmethod 15417 0x000000000426cad0 code [0x000000000426cca0, 0x000000000426d638]
Event: 667.271 Thread 0x0000000014e19800 15419       4       org.eclipse.osgi.container.ModuleDatabase::readUnlock (11 bytes)
Event: 667.272 Thread 0x0000000014e4c000 15420       3       org.eclipse.osgi.container.Module::holdsTransitionEventLock (25 bytes)
Event: 667.272 Thread 0x0000000014e4c000 nmethod 15420 0x00000000040986d0 code [0x0000000004098860, 0x0000000004098f88]
Event: 667.274 Thread 0x0000000014e4c000 15429   !   3       org.eclipse.osgi.storage.BundleInfo$Generation::clearManifestCache (30 bytes)

GC Heap History (10 events):
Event: 265.256 GC heap before
{Heap before GC invocations=19 (full 3):
 PSYoungGen      total 145920K, used 132841K [0x00000000f5580000, 0x0000000100000000, 0x0000000100000000)
  eden space 123392K, 99% used [0x00000000f5580000,0x00000000fcdfd770,0x00000000fce00000)
  from space 22528K, 41% used [0x00000000fce00000,0x00000000fd73cfc8,0x00000000fe400000)
  to   space 22016K, 0% used [0x00000000fea80000,0x00000000fea80000,0x0000000100000000)
 ParOldGen       total 96768K, used 62073K [0x00000000e0000000, 0x00000000e5e80000, 0x00000000f5580000)
  object space 96768K, 64% used [0x00000000e0000000,0x00000000e3c9e678,0x00000000e5e80000)
 Metaspace       used 86641K, capacity 93952K, committed 94120K, reserved 1130496K
  class space    used 10456K, capacity 12894K, committed 12976K, reserved 1048576K
Event: 265.264 GC heap after
Heap after GC invocations=19 (full 3):
 PSYoungGen      total 150528K, used 7199K [0x00000000f5580000, 0x00000000ffe80000, 0x0000000100000000)
  eden space 130048K, 0% used [0x00000000f5580000,0x00000000f5580000,0x00000000fd480000)
  from space 20480K, 35% used [0x00000000fea80000,0x00000000ff187c40,0x00000000ffe80000)
  to   space 21504K, 0% used [0x00000000fd480000,0x00000000fd480000,0x00000000fe980000)
 ParOldGen       total 96768K, used 62081K [0x00000000e0000000, 0x00000000e5e80000, 0x00000000f5580000)
  object space 96768K, 64% used [0x00000000e0000000,0x00000000e3ca0678,0x00000000e5e80000)
 Metaspace       used 86641K, capacity 93952K, committed 94120K, reserved 1130496K
  class space    used 10456K, capacity 12894K, committed 12976K, reserved 1048576K
}
Event: 318.107 GC heap before
{Heap before GC invocations=20 (full 3):
 PSYoungGen      total 150528K, used 137247K [0x00000000f5580000, 0x00000000ffe80000, 0x0000000100000000)
  eden space 130048K, 100% used [0x00000000f5580000,0x00000000fd480000,0x00000000fd480000)
  from space 20480K, 35% used [0x00000000fea80000,0x00000000ff187c40,0x00000000ffe80000)
  to   space 21504K, 0% used [0x00000000fd480000,0x00000000fd480000,0x00000000fe980000)
 ParOldGen       total 96768K, used 62081K [0x00000000e0000000, 0x00000000e5e80000, 0x00000000f5580000)
  object space 96768K, 64% used [0x00000000e0000000,0x00000000e3ca0678,0x00000000e5e80000)
 Metaspace       used 87451K, capacity 94732K, committed 94888K, reserved 1130496K
  class space    used 10502K, capacity 12961K, committed 12976K, reserved 1048576K
Event: 318.115 GC heap after
Heap after GC invocations=20 (full 3):
 PSYoungGen      total 151552K, used 8706K [0x00000000f5580000, 0x0000000100000000, 0x0000000100000000)
  eden space 130048K, 0% used [0x00000000f5580000,0x00000000f5580000,0x00000000fd480000)
  from space 21504K, 40% used [0x00000000fd480000,0x00000000fdd00968,0x00000000fe980000)
  to   space 20992K, 0% used [0x00000000feb80000,0x00000000feb80000,0x0000000100000000)
 ParOldGen       total 96768K, used 62153K [0x00000000e0000000, 0x00000000e5e80000, 0x00000000f5580000)
  object space 96768K, 64% used [0x00000000e0000000,0x00000000e3cb2688,0x00000000e5e80000)
 Metaspace       used 87451K, capacity 94732K, committed 94888K, reserved 1130496K
  class space    used 10502K, capacity 12961K, committed 12976K, reserved 1048576K
}
Event: 359.761 GC heap before
{Heap before GC invocations=21 (full 3):
 PSYoungGen      total 151552K, used 138754K [0x00000000f5580000, 0x0000000100000000, 0x0000000100000000)
  eden space 130048K, 100% used [0x00000000f5580000,0x00000000fd480000,0x00000000fd480000)
  from space 21504K, 40% used [0x00000000fd480000,0x00000000fdd00968,0x00000000fe980000)
  to   space 20992K, 0% used [0x00000000feb80000,0x00000000feb80000,0x0000000100000000)
 ParOldGen       total 96768K, used 62153K [0x00000000e0000000, 0x00000000e5e80000, 0x00000000f5580000)
  object space 96768K, 64% used [0x00000000e0000000,0x00000000e3cb2688,0x00000000e5e80000)
 Metaspace       used 88072K, capacity 95614K, committed 95784K, reserved 1132544K
  class space    used 10520K, capacity 12998K, committed 13104K, reserved 1048576K
Event: 359.771 GC heap after
Heap after GC invocations=21 (full 3):
 PSYoungGen      total 150528K, used 10497K [0x00000000f5580000, 0x00000000ffd80000, 0x0000000100000000)
  eden space 132096K, 0% used [0x00000000f5580000,0x00000000f5580000,0x00000000fd680000)
  from space 18432K, 56% used [0x00000000feb80000,0x00000000ff5c0540,0x00000000ffd80000)
  to   space 19968K, 0% used [0x00000000fd680000,0x00000000fd680000,0x00000000fea00000)
 ParOldGen       total 96768K, used 62161K [0x00000000e0000000, 0x00000000e5e80000, 0x00000000f5580000)
  object space 96768K, 64% used [0x00000000e0000000,0x00000000e3cb4688,0x00000000e5e80000)
 Metaspace       used 88072K, capacity 95614K, committed 95784K, reserved 1132544K
  class space    used 10520K, capacity 12998K, committed 13104K, reserved 1048576K
}
Event: 526.810 GC heap before
{Heap before GC invocations=22 (full 3):
 PSYoungGen      total 150528K, used 142593K [0x00000000f5580000, 0x00000000ffd80000, 0x0000000100000000)
  eden space 132096K, 100% used [0x00000000f5580000,0x00000000fd680000,0x00000000fd680000)
  from space 18432K, 56% used [0x00000000feb80000,0x00000000ff5c0540,0x00000000ffd80000)
  to   space 19968K, 0% used [0x00000000fd680000,0x00000000fd680000,0x00000000fea00000)
 ParOldGen       total 96768K, used 62161K [0x00000000e0000000, 0x00000000e5e80000, 0x00000000f5580000)
  object space 96768K, 64% used [0x00000000e0000000,0x00000000e3cb4688,0x00000000e5e80000)
 Metaspace       used 88549K, capacity 96106K, committed 96296K, reserved 1132544K
  class space    used 10532K, capacity 13007K, committed 13104K, reserved 1048576K
Event: 526.822 GC heap after
Heap after GC invocations=22 (full 3):
 PSYoungGen      total 152064K, used 10823K [0x00000000f5580000, 0x00000000fff80000, 0x0000000100000000)
  eden space 132096K, 0% used [0x00000000f5580000,0x00000000f5580000,0x00000000fd680000)
  from space 19968K, 54% used [0x00000000fd680000,0x00000000fe111e58,0x00000000fea00000)
  to   space 18944K, 0% used [0x00000000fed00000,0x00000000fed00000,0x00000000fff80000)
 ParOldGen       total 96768K, used 62169K [0x00000000e0000000, 0x00000000e5e80000, 0x00000000f5580000)
  object space 96768K, 64% used [0x00000000e0000000,0x00000000e3cb6688,0x00000000e5e80000)
 Metaspace       used 88549K, capacity 96106K, committed 96296K, reserved 1132544K
  class space    used 10532K, capacity 13007K, committed 13104K, reserved 1048576K
}
Event: 617.170 GC heap before
{Heap before GC invocations=23 (full 3):
 PSYoungGen      total 152064K, used 142919K [0x00000000f5580000, 0x00000000fff80000, 0x0000000100000000)
  eden space 132096K, 100% used [0x00000000f5580000,0x00000000fd680000,0x00000000fd680000)
  from space 19968K, 54% used [0x00000000fd680000,0x00000000fe111e58,0x00000000fea00000)
  to   space 18944K, 0% used [0x00000000fed00000,0x00000000fed00000,0x00000000fff80000)
 ParOldGen       total 96768K, used 62169K [0x00000000e0000000, 0x00000000e5e80000, 0x00000000f5580000)
  object space 96768K, 64% used [0x00000000e0000000,0x00000000e3cb6688,0x00000000e5e80000)
 Metaspace       used 89002K, capacity 96654K, committed 96808K, reserved 1132544K
  class space    used 10536K, capacity 13013K, committed 13104K, reserved 1048576K
Event: 617.183 GC heap after
Heap after GC invocations=23 (full 3):
 PSYoungGen      total 138752K, used 11069K [0x00000000f5580000, 0x00000000ff800000, 0x0000000100000000)
  eden space 127488K, 0% used [0x00000000f5580000,0x00000000f5580000,0x00000000fd200000)
  from space 11264K, 98% used [0x00000000fed00000,0x00000000ff7cf700,0x00000000ff800000)
  to   space 18432K, 0% used [0x00000000fd400000,0x00000000fd400000,0x00000000fe600000)
 ParOldGen       total 96768K, used 62177K [0x00000000e0000000, 0x00000000e5e80000, 0x00000000f5580000)
  object space 96768K, 64% used [0x00000000e0000000,0x00000000e3cb8688,0x00000000e5e80000)
 Metaspace       used 89002K, capacity 96654K, committed 96808K, reserved 1132544K
  class space    used 10536K, capacity 13013K, committed 13104K, reserved 1048576K
}

Deoptimization events (10 events):
Event: 667.187 Thread 0x0000000016e77800 Uncommon trap: reason=unstable_if action=reinterpret pc=0x0000000004fd7fbc method=org.eclipse.core.internal.jobs.JobManager.startJob(Lorg/eclipse/core/internal/jobs/Worker;)Lorg/eclipse/core/runtime/jobs/Job; @ 20
Event: 667.196 Thread 0x0000000016e7c800 Uncommon trap: reason=unstable_if action=reinterpret pc=0x00000000026e0824 method=org.eclipse.osgi.internal.hooks.EclipseLazyStarter.shouldActivateFor(Ljava/lang/String;Lorg/eclipse/osgi/container/Module;Lorg/eclipse/osgi/container/ModuleRevision;Lorg/ecli¢Õ9âñŸÑ@
Event: 667.199 Thread 0x0000000016ae5800 Uncommon trap: reason=unstable_if action=reinterpret pc=0x0000000003423900 method=org.eclipse.osgi.internal.framework.BundleContextImpl.dispatchEvent(Ljava/lang/Object;Ljava/lang/Object;ILjava/lang/Object;)V @ 16
Event: 667.215 Thread 0x0000000016e7c800 Uncommon trap: reason=null_check action=maybe_recompile pc=0x0000000003682ac8 method=com.xilinx.sdk.targetmanager.internal.json.XMDJSONProcess.issueCommand(Ljava/lang/String;)Lcom/xilinx/sdk/targetmanager/internal/IXMDResult; @ 3
Event: 667.219 Thread 0x0000000016e7c800 Uncommon trap: reason=bimorphic action=maybe_recompile pc=0x0000000004ec4094 method=org.eclipse.core.internal.dtree.AbstractDataTreeNode.assembleWith([Lorg/eclipse/core/internal/dtree/AbstractDataTreeNode;[Lorg/eclipse/core/internal/dtree/AbstractDataTreeN
Event: 667.219 Thread 0x0000000016e7c800 Uncommon trap: reason=bimorphic action=maybe_recompile pc=0x0000000004ec4094 method=org.eclipse.core.internal.dtree.AbstractDataTreeNode.assembleWith([Lorg/eclipse/core/internal/dtree/AbstractDataTreeNode;[Lorg/eclipse/core/internal/dtree/AbstractDataTreeNù„2úøŸÑ@
Event: 667.219 Thread 0x0000000016e7c800 Uncommon trap: reason=bimorphic action=maybe_recompile pc=0x0000000004ec4094 method=org.eclipse.core.internal.dtree.AbstractDataTreeNode.assembleWith([Lorg/eclipse/core/internal/dtree/AbstractDataTreeNode;[Lorg/eclipse/core/internal/dtree/AbstractDataTreeN;’†øŸÑ@
Event: 667.219 Thread 0x0000000016e7c800 Uncommon trap: reason=bimorphic action=maybe_recompile pc=0x0000000004ec4094 method=org.eclipse.core.internal.dtree.AbstractDataTreeNode.assembleWith([Lorg/eclipse/core/internal/dtree/AbstractDataTreeNode;[Lorg/eclipse/core/internal/dtree/AbstractDataTreeNõ–˙ŸÑ@
Event: 667.247 Thread 0x0000000016e7d800 Uncommon trap: reason=unstable_if action=reinterpret pc=0x000000000531b3bc method=org.eclipse.core.internal.jobs.JobManager.nextJob()Lorg/eclipse/core/runtime/jobs/Job; @ 80
Event: 667.265 Thread 0x0000000016e7c800 Uncommon trap: reason=unstable_if action=reinterpret pc=0x0000000004637780 method=sun.reflect.UnsafeStaticObjectFieldAccessorImpl.set(Ljava/lang/Object;Ljava/lang/Object;)V @ 13

Internal exceptions (10 events):
Event: 665.827 Thread 0x00000000021d8000 Implicit null exception at 0x0000000004098809 to 0x0000000004098ae9
Event: 665.840 Thread 0x00000000021d8000 Implicit null exception at 0x0000000003377af0 to 0x0000000003377b49
Event: 666.623 Thread 0x0000000016d8d000 Exception <a 'java/lang/InterruptedException'> (0x00000000f8ee9920) thrown at [C:\re\workspace\8-2-build-windows-amd64-cygwin\jdk8u66\5298\hotspot\src\share\vm\runtime\objectMonitor.cpp, line 1683]
Event: 667.215 Thread 0x0000000016e7c800 Implicit null exception at 0x0000000003680b27 to 0x0000000003682ab9
Event: 667.215 Thread 0x0000000016e7c800 Exception <a 'java/lang/NullPointerException'> (0x00000000f9188770) thrown at [C:\re\workspace\8-2-build-windows-amd64-cygwin\jdk8u66\5298\hotspot\src\share\vm\prims\jvm.cpp, line 1390]
Event: 667.247 Thread 0x0000000016e78000 Exception <a 'java/lang/InterruptedException'> (0x00000000f8b12a58) thrown at [C:\re\workspace\8-2-build-windows-amd64-cygwin\jdk8u66\5298\hotspot\src\share\vm\runtime\objectMonitor.cpp, line 1683]
Event: 667.265 Thread 0x0000000016e7c800 Implicit null exception at 0x0000000004637437 to 0x000000000463776d
Event: 667.266 Thread 0x0000000016ae5800 Exception <a 'java/lang/InterruptedException'> (0x00000000f92aa360) thrown at [C:\re\workspace\8-2-build-windows-amd64-cygwin\jdk8u66\5298\hotspot\src\share\vm\runtime\objectMonitor.cpp, line 1683]
Event: 667.271 Thread 0x0000000016e79000 Exception <a 'java/lang/InterruptedException'> (0x00000000f892f4a8) thrown at [C:\re\workspace\8-2-build-windows-amd64-cygwin\jdk8u66\5298\hotspot\src\share\vm\runtime\objectMonitor.cpp, line 1683]
Event: 667.271 Thread 0x0000000017651000 Exception <a 'java/lang/InterruptedException'> (0x00000000f94cc180) thrown at [C:\re\workspace\8-2-build-windows-amd64-cygwin\jdk8u66\5298\hotspot\src\share\vm\runtime\objectMonitor.cpp, line 1683]

Events (10 events):
Event: 667.273 loading class java/util/IdentityHashMap$IdentityHashMapIterator
Event: 667.273 loading class java/util/IdentityHashMap$IdentityHashMapIterator done
Event: 667.273 loading class java/util/IdentityHashMap$KeyIterator done
Event: 667.273 Thread 0x0000000016e7c800 Thread added: 0x0000000016e7c800
Event: 667.273 Thread 0x0000000014e4c000 flushing nmethod 0x000000000516fd50
Event: 667.273 Thread 0x0000000014e4c000 flushing nmethod 0x000000000518d750
Event: 667.273 Thread 0x0000000014e4c000 flushing nmethod 0x00000000052100d0
Event: 667.273 Thread 0x0000000014e4c000 flushing nmethod 0x000000000526f650
Event: 667.274 Thread 0x0000000016e7c800 Thread exited: 0x0000000016e7c800
Event: 667.274 Executing VM operation: Exit


Dynamic libraries:
0x0000000000400000 - 0x000000000044f000 	C:\Xilinx\SDK\2016.2\eclipse\win64.o\eclipse.exe
0x0000000077550000 - 0x00000000776fa000 	C:\Windows\SYSTEM32\ntdll.dll
0x0000000077430000 - 0x000000007754f000 	C:\Windows\system32\kernel32.dll
0x000007fefd470000 - 0x000007fefd4da000 	C:\Windows\system32\KERNELBASE.dll
0x0000000077330000 - 0x000000007742a000 	C:\Windows\system32\USER32.dll
0x000007fefd670000 - 0x000007fefd6d7000 	C:\Windows\system32\GDI32.dll
0x000007fefdc60000 - 0x000007fefdc6e000 	C:\Windows\system32\LPK.dll
0x000007fefdb90000 - 0x000007fefdc5a000 	C:\Windows\system32\USP10.dll
0x000007fefdc70000 - 0x000007fefdd0f000 	C:\Windows\system32\msvcrt.dll
0x000007fefbc80000 - 0x000007fefbe74000 	C:\Windows\WinSxS\amd64_microsoft.windows.common-controls_6595b64144ccf1df_6.0.7601.18837_none_fa3b1e3d17594757\COMCTL32.dll
0x000007fefdd20000 - 0x000007fefdd91000 	C:\Windows\system32\SHLWAPI.dll
0x000007fefdf30000 - 0x000007fefdf5e000 	C:\Windows\system32\IMM32.DLL
0x000007feff2f0000 - 0x000007feff3f9000 	C:\Windows\system32\MSCTF.dll
0x0000000072000000 - 0x0000000072012000 	C:\Xilinx\SDK\2016.2\eclipse\win64.o\plugins\org.eclipse.equinox.launcher.win32.win32.x86_64_1.1.300.v20150602-1417\eclipse_1611.dll
0x000007feff400000 - 0x000007feff4db000 	C:\Windows\system32\ADVAPI32.dll
0x000007fefd6e0000 - 0x000007fefd6ff000 	C:\Windows\SYSTEM32\sechost.dll
0x000007feff1c0000 - 0x000007feff2ed000 	C:\Windows\system32\RPCRT4.dll
0x000007fefc320000 - 0x000007fefc32c000 	C:\Windows\system32\VERSION.dll
0x000007fefbc20000 - 0x000007fefbc76000 	C:\Windows\system32\UxTheme.dll
0x000000006af40000 - 0x000000006b7c9000 	C:\Xilinx\SDK\2016.2\tps\win64\jre\bin\server\jvm.dll
0x000007fefa600000 - 0x000007fefa609000 	C:\Windows\system32\WSOCK32.dll
0x000007feff4e0000 - 0x000007feff52d000 	C:\Windows\system32\WS2_32.dll
0x000007fefdd10000 - 0x000007fefdd18000 	C:\Windows\system32\NSI.dll
0x000007fefad10000 - 0x000007fefad4b000 	C:\Windows\system32\WINMM.dll
0x0000000077720000 - 0x0000000077727000 	C:\Windows\system32\PSAPI.DLL
0x0000000072050000 - 0x0000000072122000 	C:\Windows\system32\MSVCR100.dll
0x0000000071020000 - 0x000000007102f000 	C:\Xilinx\SDK\2016.2\tps\win64\jre\bin\verify.dll
0x000000006ade0000 - 0x000000006ae09000 	C:\Xilinx\SDK\2016.2\tps\win64\jre\bin\java.dll
0x000000006adc0000 - 0x000000006add6000 	C:\Xilinx\SDK\2016.2\tps\win64\jre\bin\zip.dll
0x000007fefdf60000 - 0x000007fefece9000 	C:\Windows\system32\SHELL32.dll
0x000007fefd700000 - 0x000007fefd903000 	C:\Windows\system32\ole32.dll
0x000007fefd290000 - 0x000007fefd29f000 	C:\Windows\system32\profapi.dll
0x000007fefca90000 - 0x000007fefcaa8000 	C:\Windows\system32\CRYPTSP.dll
0x000007fefc790000 - 0x000007fefc7d7000 	C:\Windows\system32\rsaenh.dll
0x000007fefd5d0000 - 0x000007fefd5ee000 	C:\Windows\system32\USERENV.dll
0x000007fefd130000 - 0x000007fefd13f000 	C:\Windows\system32\CRYPTBASE.dll
0x000000006ada0000 - 0x000000006adba000 	C:\Xilinx\SDK\2016.2\tps\win64\jre\bin\net.dll
0x000007fefca30000 - 0x000007fefca85000 	C:\Windows\system32\mswsock.dll
0x000007fefca20000 - 0x000007fefca27000 	C:\Windows\System32\wship6.dll
0x000007fefa5a0000 - 0x000007fefa5c7000 	C:\Windows\system32\IPHLPAPI.DLL
0x000007fefa590000 - 0x000007fefa59b000 	C:\Windows\system32\WINNSI.DLL
0x000007fefa170000 - 0x000007fefa181000 	C:\Windows\system32\dhcpcsvc6.DLL
0x000007fefa150000 - 0x000007fefa168000 	C:\Windows\system32\dhcpcsvc.DLL
0x000000006ad80000 - 0x000000006ad91000 	C:\Xilinx\SDK\2016.2\tps\win64\jre\bin\nio.dll
0x000007fefa830000 - 0x000007fefa845000 	C:\Windows\system32\NLAapi.dll
0x000007fef89d0000 - 0x000007fef89e5000 	C:\Windows\system32\napinsp.dll
0x000007fef89f0000 - 0x000007fef8a09000 	C:\Windows\system32\pnrpnsp.dll
0x000007fefc8b0000 - 0x000007fefc90b000 	C:\Windows\system32\DNSAPI.dll
0x000007fef89c0000 - 0x000007fef89cb000 	C:\Windows\System32\winrnr.dll
0x000007fefc3f0000 - 0x000007fefc3f7000 	C:\Windows\System32\wshtcpip.dll
0x000007fef8f60000 - 0x000007fef8f68000 	C:\Windows\system32\rasadhlp.dll
0x000007fefa200000 - 0x000007fefa253000 	C:\Windows\System32\fwpuclnt.dll
0x0000000018640000 - 0x00000000186e8000 	C:\Users\wanxing1\.Xilinx\SDK\2016.2\org.eclipse.osgi\312\0\.cp\swt-win32-4527.dll
0x000007feff060000 - 0x000007feff138000 	C:\Windows\system32\OLEAUT32.dll
0x000007fefefc0000 - 0x000007feff057000 	C:\Windows\system32\comdlg32.dll
0x000007fef5cf0000 - 0x000007fef5d61000 	C:\Windows\system32\WINSPOOL.DRV
0x000007fefecf0000 - 0x000007fefefb5000 	C:\Windows\system32\WININET.dll
0x000007fefd4e0000 - 0x000007fefd4e4000 	C:\Windows\system32\api-ms-win-downlevel-user32-l1-1-0.dll
0x000007fefd620000 - 0x000007fefd624000 	C:\Windows\system32\api-ms-win-downlevel-shlwapi-l1-1-0.dll
0x000007fefd640000 - 0x000007fefd644000 	C:\Windows\system32\api-ms-win-downlevel-version-l1-1-0.dll
0x000007fefd5f0000 - 0x000007fefd5f3000 	C:\Windows\system32\api-ms-win-downlevel-normaliz-l1-1-0.dll
0x0000000077710000 - 0x0000000077713000 	C:\Windows\system32\normaliz.DLL
0x000007feff530000 - 0x000007feff7f9000 	C:\Windows\system32\iertutil.dll
0x000007fefd2b0000 - 0x000007fefd2b5000 	C:\Windows\system32\api-ms-win-downlevel-advapi32-l1-1-0.dll
0x000007fefd2c0000 - 0x000007fefd42d000 	C:\Windows\system32\CRYPT32.dll
0x000007fefd2a0000 - 0x000007fefd2af000 	C:\Windows\system32\MSASN1.dll
0x000007fefb610000 - 0x000007fefb73c000 	C:\Windows\system32\propsys.dll
0x000007fefd910000 - 0x000007fefd9a9000 	C:\Windows\system32\CLBCatQ.DLL
0x0000000017340000 - 0x000000001735e000 	C:\Users\wanxing1\.Xilinx\SDK\2016.2\org.eclipse.osgi\312\0\.cp\swt-gdip-win32-4527.dll
0x000007fefb920000 - 0x000007fefbb36000 	C:\Windows\WinSxS\amd64_microsoft.windows.gdiplus_6595b64144ccf1df_1.1.7601.23508_none_145555328b95eaaa\gdiplus.dll
0x000007fefb440000 - 0x000007fefb5a1000 	C:\Windows\system32\WindowsCodecs.dll
0x0000000180000000 - 0x0000000180012000 	C:\Users\wanxing1\.Xilinx\SDK\2016.2\org.eclipse.osgi\126\0\.cp\os\win32\x86_64\localfile_1_0_0.dll
0x000007fef3ec0000 - 0x000007fef3f14000 	C:\Windows\system32\oleacc.dll
0x000007fef9cf0000 - 0x000007fef9cf7000 	C:\Windows\system32\msimg32.dll
0x000007fefd1e0000 - 0x000007fefd1f4000 	C:\Windows\system32\RpcRtRemote.dll
0x000007fef2b50000 - 0x000007fef2b61000 	C:\Users\wanxing1\.Xilinx\SDK\2016.2\org.eclipse.osgi\129\0\.cp\jWinHttp-1.0.0.dll
0x000007fef8ac0000 - 0x000007fef8b31000 	C:\Windows\system32\WINHTTP.dll
0x000007fef8a30000 - 0x000007fef8a94000 	C:\Windows\system32\webio.dll
0x000007fefd0a0000 - 0x000007fefd0c5000 	C:\Windows\system32\SspiCli.dll
0x000007fefc650000 - 0x000007fefc65a000 	C:\Windows\system32\credssp.dll
0x000007fefd430000 - 0x000007fefd466000 	C:\Windows\system32\CFGMGR32.dll
0x000007fefd0d0000 - 0x000007fefd127000 	C:\Windows\system32\apphelp.dll
0x000007fefb3f0000 - 0x000007fefb3ff000 	C:\Xilinx\SDK\2016.2\lib\win64.o\librdi_repo_manager.dll
0x000007fef2b00000 - 0x000007fef2b2a000 	C:\Xilinx\SDK\2016.2\lib\win64.o\libisl_sysinfo.dll
0x000007feebb40000 - 0x000007feebc14000 	C:\Windows\system32\MSVCR110.dll
0x000007feeba10000 - 0x000007feebab7000 	C:\Windows\system32\MSVCP110.dll
0x000007fec15c0000 - 0x000007fec2000000 	C:\Xilinx\SDK\2016.2\lib\win64.o\librdi_common.dll
0x000007fec26d0000 - 0x000007fec2a3e000 	C:\Xilinx\SDK\2016.2\lib\win64.o\libCOIN-all.dll
0x000007fec24b0000 - 0x000007fec26cf000 	C:\Xilinx\SDK\2016.2\lib\win64.o\libXil_lmgr11.dll
0x000007fefb300000 - 0x000007fefb316000 	C:\Windows\system32\NETAPI32.dll
0x000007fefc6c0000 - 0x000007fefc6cc000 	C:\Windows\system32\netutils.dll
0x000007fefcdf0000 - 0x000007fefce13000 	C:\Windows\system32\srvcli.dll
0x000007fefb2e0000 - 0x000007fefb2f5000 	C:\Windows\system32\wkscli.dll
0x000007fefd590000 - 0x000007fefd5cb000 	C:\Windows\system32\WINTRUST.dll
0x000007fef4020000 - 0x000007fef4030000 	C:\Xilinx\SDK\2016.2\lib\win64.o\libboost_date_time.dll
0x000007fef2ad0000 - 0x000007fef2af4000 	C:\Xilinx\SDK\2016.2\lib\win64.o\libboost_filesystem.dll
0x000007fef9270000 - 0x000007fef9279000 	C:\Xilinx\SDK\2016.2\lib\win64.o\libboost_system.dll
0x000007fef2a50000 - 0x000007fef2ac7000 	C:\Xilinx\SDK\2016.2\lib\win64.o\libboost_program_options.dll
0x000007fec23a0000 - 0x000007fec24a6000 	C:\Xilinx\SDK\2016.2\lib\win64.o\libboost_regex.dll
0x000007fef2a30000 - 0x000007fef2a43000 	C:\Xilinx\SDK\2016.2\lib\win64.o\libboost_signals.dll
0x000007fef2a10000 - 0x000007fef2a2d000 	C:\Xilinx\SDK\2016.2\lib\win64.o\libboost_thread.dll
0x000007fef2a00000 - 0x000007fef2a0b000 	C:\Xilinx\SDK\2016.2\lib\win64.o\libboost_chrono.dll
0x000007fef29f0000 - 0x000007fef29fb000 	C:\Xilinx\SDK\2016.2\lib\win64.o\libboost_xilinx.dll
0x000007fef2970000 - 0x000007fef29f0000 	C:\Xilinx\SDK\2016.2\lib\win64.o\libhdlpsolve.dll
0x000007fef2400000 - 0x000007fef249a000 	C:\Xilinx\SDK\2016.2\lib\win64.o\libhdxml.dll
0x000007fec1150000 - 0x000007fec15b5e00 	C:\Xilinx\SDK\2016.2\lib\win64.o\libisl_iostreams.dll
0x000007fef23e0000 - 0x000007fef23f6000 	C:\Xilinx\SDK\2016.2\lib\win64.o\libboost_iostreams.dll
0x000007fec2bc0000 - 0x000007fec2be3000 	C:\Xilinx\SDK\2016.2\lib\win64.o\librdizlib.dll
0x000007fec2b90000 - 0x000007fec2bb3000 	C:\Xilinx\SDK\2016.2\lib\win64.o\libisl_iosutils.dll
0x000007fef23c0000 - 0x000007fef23d5000 	C:\Xilinx\SDK\2016.2\lib\win64.o\pthreadVC2.dll
0x000007fec2340000 - 0x000007fec2394000 	C:\Xilinx\SDK\2016.2\lib\win64.o\librdi_commonxillic.dll
0x000007fec2210000 - 0x000007fec2340000 	C:\Xilinx\SDK\2016.2\lib\win64.o\librdi_curl.dll
0x000007fec2b70000 - 0x000007fec2b88000 	C:\Xilinx\SDK\2016.2\lib\win64.o\librdiconfig.dll
0x000000006ac50000 - 0x000000006ad77000 	C:\Xilinx\SDK\2016.2\lib\win64.o\tcl85t.dll
0x0000000026510000 - 0x0000000026773000 	C:\Xilinx\SDK\2016.2\lib\win64.o\xerces-c_3_1.dll
0x000007fefdda0000 - 0x000007fefdf26000 	C:\Windows\system32\urlmon.dll
0x000007fefd630000 - 0x000007fefd634000 	C:\Windows\system32\api-ms-win-downlevel-ole32-l1-1-0.dll
0x000007fee93a0000 - 0x000007fee93c3000 	C:\Windows\system32\VCOMP110.DLL
0x000007fec2010000 - 0x000007fec2202000 	C:\Xilinx\SDK\2016.2\lib\win64.o\librdi_hsm.dll
0x000007fec1100000 - 0x000007fec1143000 	C:\Xilinx\SDK\2016.2\lib\win64.o\librdi_hdf.dll
0x000007fec0e70000 - 0x000007fec10f1000 	C:\Xilinx\SDK\2016.2\lib\win64.o\librdi_ippcw.dll
0x0000000071100000 - 0x0000000071125000 	C:\Users\wanxing1\.jssc\windows\jSSC-2.8_x86_64.dll
0x000007fef74a0000 - 0x000007fef74b6000 	C:\Xilinx\SDK\2016.2\eclipse\win64.o\plugins\org.eclipse.cdt.core.win32.x86_64_5.4.0.201509131935\os\win32\x86_64\spawner.dll
0x0000000071080000 - 0x00000000710a6000 	C:\Xilinx\SDK\2016.2\eclipse\win64.o\plugins\gnu.io.rxtx.win32.x86_64_2.1.7.3_v20071015\os\win32\x86_64\rxtxSerial.dll
0x000007fef2b40000 - 0x000007fef2b4a000 	C:\Xilinx\SDK\2016.2\lib\win64.o\librdi_jtag_settings.dll
0x000007feeee80000 - 0x000007feeeea9000 	C:\Xilinx\SDK\2016.2\lib\win64.o\librdi_debug_dialog.dll
0x000007fef2b30000 - 0x000007fef2b38000 	C:\Xilinx\SDK\2016.2\lib\win64.o\librdi_target_manager.dll
0x000007feb6310000 - 0x000007feb6b20000 	C:\Xilinx\SDK\2016.2\lib\win64.o\libXil_lmgr11FNP.dll

VM Arguments:
jvm_args: -Dcom.xilinx.sdk.args.hwspec=W:/video_demo/NexysVideo-master/Projects/hdmi/proj/hdmi.sdk/hdmi_wrapper.hdf -Xms64m -Xmx512m & 
java_command: <unknown>
java_class_path (initial): C:\Xilinx\SDK\2016.2\eclipse\win64.o\\plugins/org.eclipse.equinox.launcher_1.3.100.v20150511-1540.jar
Launcher Type: generic

Environment Variables:
PATH=C:/Xilinx/SDK/2016.2/tps/win64/jre/bin/server;C:/Xilinx/SDK/2016.2/tps/win64/jre/bin;C:/Xilinx/SDK/2016.2/tps/win64/jre/lib/amd64;C:\Xilinx\SDK\2016.2\gnuwin\bin;C:\Xilinx\SDK\2016.2\gnu\microblaze\nt\bin;C:\Xilinx\SDK\2016.2\gnu\microblaze\linux_toolchain\nt64_le\bin;C:\Xilinx\SDK\2016.2\gnu\microblaze\linux_toolchain\nt64_be\bin;C:\Xilinx\SDK\2016.2\gnu\arm\nt\bin;C:\Xilinx\SDK\2016.2\gnu\aarch64\nt\aarch64-none\bin;C:\Xilinx\SDK\2016.2\gnu\aarch64\nt\aarch64-linux\bin;C:\Xilinx\SDK\2016.2\gnu\armr5\nt\gcc-arm-none-eabi\bin;C:\Xilinx\SDK\2016.2\gnu\aarch32\nt\gcc-arm-none-eabi\bin;C:\Xilinx\SDK\2016.2\gnu\aarch32\nt\gcc-arm-linux-gnueabi\bin;C:\Xilinx\SDK\2016.2\tps\win64\cmake-3.3.2\bin;;C:\Xilinx\SDK\2016.2\bin;C:\Xilinx\SDK\2016.2\lib\win64.o;C:\Xilinx\SDK\2016.2\tps\win64\jre\bin\server;C:\Xilinx\SDK\2016.2\tps\win64\jre\bin;C:\Xilinx\Vivado\2016.2\ids_lite\ISE\bin\nt64;C:\Xilinx\Vivado\2016.2\ids_lite\ISE\lib\nt64;C:\Xilinx\Vivado\2016.2\bin;C:\Xilinx\Vivado\2016.2\lib\win64.o;C:\Xilinx\Vivado\2016.2\tps\win64\jre\bin\server;C:\Xilinx\Vivado\2016.2\tps\win64\jre\bin;C:\Xilinx\Vivado_HLS\2016.2\bin;C:\Windows\system32;C:\Windows;C:\Windows\System32\Wbem;C:\Windows\System32\WindowsPowerShell\v1.0\;C:\Program Files (x86)\Java\jre6\bin;C:\Program Files (x86)\eclipse;C:\altera\16.0\quartus\bin64;c:\altera\16.0\quartus\bin64\jre64\bin;W:\video_demo\NexysVideo-master\Projects\hdmi\proj;
USERNAME=wanxing1
OS=Windows_NT
PROCESSOR_IDENTIFIER=Intel64 Family 6 Model 60 Stepping 3, GenuineIntel



---------------  S Y S T E M  ---------------

OS: Windows 7 , 64 bit Build 7601 (6.1.7601.23418)

CPU:total 8 (4 cores per cpu, 2 threads per core) family 6 model 60 stepping 3, cmov, cx8, fxsr, mmx, sse, sse2, sse3, ssse3, sse4.1, sse4.2, popcnt, avx, avx2, aes, clmul, erms, lzcnt, ht, tsc, tscinvbit, bmi1, bmi2

Memory: 4k page, physical 16683160k(10318104k free), swap 33364460k(26207320k free)

vm_info: Java HotSpot(TM) 64-Bit Server VM (25.66-b18) for windows-amd64 JRE (1.8.0_66-b18), built on Nov  9 2015 10:51:13 by "java_re" with MS VC++ 10.0 (VS2010)

time: Thu Feb 16 20:57:12 2017
elapsed time: 667 seconds (0d 0h 11m 7s)

