#
# A fatal error has been detected by the Java Runtime Environment:
#
#  EXCEPTION_UNCAUGHT_CXX_EXCEPTION (0xe06d7363) at pc=0x000007fefd52a06d, pid=4956, tid=5048
#
# JRE version: Java(TM) SE Runtime Environment (8.0_66-b18) (build 1.8.0_66-b18)
# Java VM: Java HotSpot(TM) 64-Bit Server VM (25.66-b18 mixed mode windows-amd64 compressed oops)
# Problematic frame:
# C  [KERNELBASE.dll+0x1a06d]
#
# Failed to write core dump. Minidumps are not enabled by default on client versions of Windows
#
# If you would like to submit a bug report, please visit:
#   http://bugreport.java.com/bugreport/crash.jsp
#

---------------  T H R E A D  ---------------

Current thread (0x00000000150d2800):  VMThread [stack: 0x0000000016020000,0x0000000016120000] [id=5048]

siginfo: ExceptionCode=0xe06d7363, ExceptionInformation=0x0000000019930520 0x000000001611f4c8 0x000007feecd12cb8 0x000007feecc60000 

Registers:
RAX=0x0000000063ca66c0, RBX=0x000007feecd12cb8, RCX=0x000000001611ed10, RDX=0x00000000000000d0
RSP=0x000000001611f320, RBP=0x000000001611f450, RSI=0x00000000ffffffff, RDI=0x0000000017526d70
R8 =0x0000000000000000, R9 =0x0000000000000000, R10=0x000007feecc60000, R11=0x000000001611f360
R12=0x0000000000000001, R13=0x0000000000000008, R14=0x0000000000000000, R15=0xffffffffffffffff
RIP=0x000007fefd52a06d, EFLAGS=0x0000000000000206

Top of Stack: (sp=0x000000001611f320)
0x000000001611f320:   000007feecd12cb8 00000000ffffffff
0x000000001611f330:   0000000017526d70 00000000002b7160
0x000000001611f340:   00000001e06d7363 0000000000000000
0x000000001611f350:   000007fefd52a06d 000007fe00000004
0x000000001611f360:   0000000019930520 000000001611f4c8
0x000000001611f370:   000007feecd12cb8 000007feecc60000
0x000000001611f380:   0000000000000000 000000001611f408
0x000000001611f390:   0000000000000028 0000000017526d60
0x000000001611f3a0:   00000000174fe380 0000000000000000
0x000000001611f3b0:   000007fffffa8000 00000000775cf2d3
0x000000001611f3c0:   0000000000000000 0000000000000008
0x000000001611f3d0:   0000000000000001 0000000017526d70
0x000000001611f3e0:   00000000ffffffff 000007feeccbe92c
0x000000001611f3f0:   000007feecd12cb8 000000001611f460
0x000000001611f400:   0000000000000001 000007feecc600f8
0x000000001611f410:   00000001e06d7363 0000000000000000 

Instructions: (pc=0x000007fefd52a06d)
0x000007fefd52a04d:   54 24 24 48 89 4c 24 28 4d 85 c9 0f 85 6a 03 00
0x000007fefd52a05d:   00 89 4c 24 38 48 8d 4c 24 20 ff 15 33 02 03 00
0x000007fefd52a06d:   48 81 c4 c8 00 00 00 c3 90 90 90 90 90 90 90 90
0x000007fefd52a07d:   90 90 90 48 83 ec 28 65 48 8b 04 25 30 00 00 00 


Register to memory mapping:

RAX=0x0000000063ca66c0 is an unknown value
RBX=0x000007feecd12cb8 is an unknown value
RCX=0x000000001611ed10 is an unknown value
RDX=0x00000000000000d0 is an unknown value
RSP=0x000000001611f320 is an unknown value
RBP=0x000000001611f450 is an unknown value
RSI=0x00000000ffffffff is an unknown value
RDI=0x0000000017526d70 is an unknown value
R8 =0x0000000000000000 is an unknown value
R9 =0x0000000000000000 is an unknown value
R10=0x000007feecc60000 is an unknown value
R11=0x000000001611f360 is an unknown value
R12=0x0000000000000001 is an unknown value
R13=0x0000000000000008 is an unknown value
R14=0x0000000000000000 is an unknown value
R15=0xffffffffffffffff is an unknown value


Stack: [0x0000000016020000,0x0000000016120000],  sp=0x000000001611f320,  free space=1020k
Native frames: (J=compiled Java code, j=interpreted, Vv=VM code, C=native code)
C  [KERNELBASE.dll+0x1a06d]
C  [MSVCR110.dll+0x5e92c]
C  [MSVCR110.dll+0x1315c]
C  [MSVCR110.dll+0x136a9]
C  [MSVCR110.dll+0x13e9c]
C  [MSVCR110.dll+0x239e]
C  [MSVCR110.dll+0xaf9e]
C  [MSVCP110.dll+0x397b9]
C  [librdi_common.dll+0x182316]
C  [librdi_common.dll+0x180fab]
C  [librdi_target_manager.dll+0x2400]
C  [librdi_target_manager.dll+0x2682]
C  [ntdll.dll+0x229b1]
C  [ntdll.dll+0x227c0]
C  [MSVCR100.dll+0x20ccd]
V  [jvm.dll+0x210cc5]
V  [jvm.dll+0x249897]
V  [jvm.dll+0x248b36]
V  [jvm.dll+0x248fd1]
V  [jvm.dll+0x2491ee]
V  [jvm.dll+0x29a0fa]
C  [MSVCR100.dll+0x21d9f]
C  [MSVCR100.dll+0x21e3b]
C  [kernel32.dll+0x159bd]
C  [ntdll.dll+0x2a2e1]

VM_Operation (0x000000000012f4c0): Exit, mode: safepoint, requested by thread 0x0000000002608000


---------------  P R O C E S S  ---------------

Java Threads: ( => current thread )
  0x0000000018273800 JavaThread "pool-2-thread-1" [_thread_blocked, id=3556, stack(0x0000000026b20000,0x0000000026c20000)]
  0x0000000018272800 JavaThread "Thread-36" daemon [_thread_blocked, id=4380, stack(0x0000000026a20000,0x0000000026b20000)]
  0x000000001f946800 JavaThread "TCF Channel Transmitter" daemon [_thread_blocked, id=4692, stack(0x00000000251f0000,0x00000000252f0000)]
  0x000000001f945800 JavaThread "TCF Channel Receiver" daemon [_thread_in_native, id=4512, stack(0x0000000024d70000,0x0000000024e70000)]
  0x000000001fc7b800 JavaThread "Process monitor" daemon [_thread_in_native, id=1388, stack(0x00000000250f0000,0x00000000251f0000)]
  0x000000001fc7b000 JavaThread "Input Stream Monitor" daemon [_thread_blocked, id=1036, stack(0x0000000024ff0000,0x00000000250f0000)]
  0x000000001fc7a000 JavaThread "Output Stream Monitor" daemon [_thread_in_native, id=3968, stack(0x0000000024ef0000,0x0000000024ff0000)]
  0x0000000017913800 JavaThread "Output Stream Monitor" daemon [_thread_in_native, id=4264, stack(0x00000000245a0000,0x00000000246a0000)]
  0x000000001fc79800 JavaThread "TCF Locator DNS Lookup" daemon [_thread_blocked, id=4948, stack(0x00000000244a0000,0x00000000245a0000)]
  0x000000001fc78800 JavaThread "TCF Locator Timer" daemon [_thread_blocked, id=4604, stack(0x0000000023330000,0x0000000023430000)]
  0x000000001fc78000 JavaThread "TCF Locator Receiver" daemon [_thread_in_native, id=1044, stack(0x0000000023230000,0x0000000023330000)]
  0x000000001fc76800 JavaThread "TCF Timer Dispatcher" daemon [_thread_blocked, id=4260, stack(0x0000000022d40000,0x0000000022e40000)]
  0x0000000018027800 JavaThread "EMF Reference Cleaner" daemon [_thread_blocked, id=936, stack(0x00000000194f0000,0x00000000195f0000)]
  0x00000000151c1800 JavaThread "Service Thread" daemon [_thread_blocked, id=3096, stack(0x0000000016920000,0x0000000016a20000)]
  0x0000000015159000 JavaThread "C1 CompilerThread3" daemon [_thread_blocked, id=4112, stack(0x0000000016820000,0x0000000016920000)]
  0x0000000013f6f800 JavaThread "C2 CompilerThread2" daemon [_thread_blocked, id=2180, stack(0x0000000016720000,0x0000000016820000)]
  0x0000000015130800 JavaThread "C2 CompilerThread1" daemon [_thread_blocked, id=4128, stack(0x0000000016620000,0x0000000016720000)]
  0x000000001512b000 JavaThread "C2 CompilerThread0" daemon [_thread_blocked, id=2496, stack(0x0000000016520000,0x0000000016620000)]
  0x0000000015127000 JavaThread "Attach Listener" daemon [_thread_blocked, id=2952, stack(0x0000000016420000,0x0000000016520000)]
  0x0000000015126000 JavaThread "Signal Dispatcher" daemon [_thread_blocked, id=3452, stack(0x0000000016320000,0x0000000016420000)]
  0x0000000013f5d800 JavaThread "Finalizer" daemon [_thread_blocked, id=1316, stack(0x0000000016220000,0x0000000016320000)]
  0x0000000013f57000 JavaThread "Reference Handler" daemon [_thread_blocked, id=3720, stack(0x0000000016120000,0x0000000016220000)]
  0x0000000002608000 JavaThread "main" [_thread_blocked, id=3108, stack(0x0000000000030000,0x0000000000130000)]

Other Threads:
=>0x00000000150d2800 VMThread [stack: 0x0000000016020000,0x0000000016120000] [id=5048]

VM state:at safepoint (shutting down)

VM Mutex/Monitor currently owned by a thread:  ([mutex/lock_event])
[0x000000000279e520] Threads_lock - owner thread: 0x00000000150d2800

Heap:
 PSYoungGen      total 134656K, used 105818K [0x00000000f5580000, 0x0000000100000000, 0x0000000100000000)
  eden space 112128K, 94% used [0x00000000f5580000,0x00000000fbcd6b18,0x00000000fc300000)
  from space 22528K, 0% used [0x00000000fc300000,0x00000000fc300000,0x00000000fd900000)
  to   space 32768K, 0% used [0x00000000fe000000,0x00000000fe000000,0x0000000100000000)
 ParOldGen       total 124928K, used 59214K [0x00000000e0000000, 0x00000000e7a00000, 0x00000000f5580000)
  object space 124928K, 47% used [0x00000000e0000000,0x00000000e39d3a90,0x00000000e7a00000)
 Metaspace       used 83691K, capacity 90990K, committed 91304K, reserved 1128448K
  class space    used 10196K, capacity 12628K, committed 12720K, reserved 1048576K

Card table byte_map: [0x0000000011b60000,0x0000000011c70000] byte_map_base: 0x0000000011460000

Marking Bits: (ParMarkBitMap*) 0x0000000070ada5b0
 Begin Bits: [0x0000000012470000, 0x0000000012c70000)
 End Bits:   [0x0000000012c70000, 0x0000000013470000)

Polling page: 0x0000000000320000

CodeCache: size=245760Kb used=28433Kb max_used=28550Kb free=217326Kb
 bounds [0x00000000027a0000, 0x00000000043c0000, 0x00000000117a0000]
 total_blobs=8888 nmethods=7989 adapters=805
 compilation: enabled

Compilation events (10 events):
Event: 113.251 Thread 0x0000000015159000 9849       3       java.util.TimSort::ensureCapacity (107 bytes)
Event: 113.251 Thread 0x0000000015159000 nmethod 9849 0x0000000003696250 code [0x00000000036963e0, 0x00000000036969b8]
Event: 113.252 Thread 0x0000000015159000 9850   !   3       java.util.zip.ZipFile::close (223 bytes)
Event: 113.253 Thread 0x0000000015159000 nmethod 9850 0x0000000003f4cd90 code [0x0000000003f4d080, 0x0000000003f4ea88]
Event: 113.253 Thread 0x0000000015159000 9851       3       org.eclipse.osgi.storage.bundlefile.BundleFile::setMruIndex (6 bytes)
Event: 113.254 Thread 0x0000000015159000 nmethod 9851 0x0000000003538110 code [0x0000000003538260, 0x00000000035383b0]
Event: 113.254 Thread 0x0000000015159000 9856       3       org.eclipse.osgi.container.Module::holdsTransitionEventLock (25 bytes)
Event: 113.254 Thread 0x0000000015159000 nmethod 9856 0x0000000003562150 code [0x00000000035622e0, 0x0000000003562a08]
Event: 113.255 Thread 0x0000000015159000 9865   !   3       org.eclipse.osgi.storage.BundleInfo$Generation::clearManifestCache (30 bytes)
Event: 113.255 Thread 0x0000000015159000 nmethod 9865 0x00000000038a1e50 code [0x00000000038a1fe0, 0x00000000038a2628]

GC Heap History (10 events):
Event: 4.233 GC heap before
{Heap before GC invocations=11 (full 3):
 PSYoungGen      total 135168K, used 15168K [0x00000000f5580000, 0x00000000ff580000, 0x0000000100000000)
  eden space 110080K, 0% used [0x00000000f5580000,0x00000000f5580000,0x00000000fc100000)
  from space 25088K, 60% used [0x00000000fda00000,0x00000000fe8d02d0,0x00000000ff280000)
  to   space 25600K, 0% used [0x00000000fc100000,0x00000000fc100000,0x00000000fda00000)
 ParOldGen       total 98816K, used 37486K [0x00000000e0000000, 0x00000000e6080000, 0x00000000f5580000)
  object space 98816K, 37% used [0x00000000e0000000,0x00000000e249b9e0,0x00000000e6080000)
 Metaspace       used 54669K, capacity 59036K, committed 59160K, reserved 1101824K
  class space    used 6420K, capacity 7805K, committed 7856K, reserved 1048576K
Event: 4.426 GC heap after
Heap after GC invocations=11 (full 3):
 PSYoungGen      total 135168K, used 0K [0x00000000f5580000, 0x00000000ff580000, 0x0000000100000000)
  eden space 110080K, 0% used [0x00000000f5580000,0x00000000f5580000,0x00000000fc100000)
  from space 25088K, 0% used [0x00000000fda00000,0x00000000fda00000,0x00000000ff280000)
  to   space 25600K, 0% used [0x00000000fc100000,0x00000000fc100000,0x00000000fda00000)
 ParOldGen       total 124928K, used 40622K [0x00000000e0000000, 0x00000000e7a00000, 0x00000000f5580000)
  object space 124928K, 32% used [0x00000000e0000000,0x00000000e27ab928,0x00000000e7a00000)
 Metaspace       used 54669K, capacity 59036K, committed 59160K, reserved 1101824K
  class space    used 6420K, capacity 7805K, committed 7856K, reserved 1048576K
}
Event: 5.706 GC heap before
{Heap before GC invocations=12 (full 3):
 PSYoungGen      total 135168K, used 110080K [0x00000000f5580000, 0x00000000ff580000, 0x0000000100000000)
  eden space 110080K, 100% used [0x00000000f5580000,0x00000000fc100000,0x00000000fc100000)
  from space 25088K, 0% used [0x00000000fda00000,0x00000000fda00000,0x00000000ff280000)
  to   space 25600K, 0% used [0x00000000fc100000,0x00000000fc100000,0x00000000fda00000)
 ParOldGen       total 124928K, used 40622K [0x00000000e0000000, 0x00000000e7a00000, 0x00000000f5580000)
  object space 124928K, 32% used [0x00000000e0000000,0x00000000e27ab928,0x00000000e7a00000)
 Metaspace       used 72056K, capacity 78272K, committed 78632K, reserved 1118208K
  class space    used 8766K, capacity 10688K, committed 10800K, reserved 1048576K
Event: 5.751 GC heap after
Heap after GC invocations=12 (full 3):
 PSYoungGen      total 135680K, used 25587K [0x00000000f5580000, 0x0000000100000000, 0x0000000100000000)
  eden space 110080K, 0% used [0x00000000f5580000,0x00000000f5580000,0x00000000fc100000)
  from space 25600K, 99% used [0x00000000fc100000,0x00000000fd9fce50,0x00000000fda00000)
  to   space 29696K, 0% used [0x00000000fe300000,0x00000000fe300000,0x0000000100000000)
 ParOldGen       total 124928K, used 40786K [0x00000000e0000000, 0x00000000e7a00000, 0x00000000f5580000)
  object space 124928K, 32% used [0x00000000e0000000,0x00000000e27d4b90,0x00000000e7a00000)
 Metaspace       used 72056K, capacity 78272K, committed 78632K, reserved 1118208K
  class space    used 8766K, capacity 10688K, committed 10800K, reserved 1048576K
}
Event: 30.762 GC heap before
{Heap before GC invocations=13 (full 3):
 PSYoungGen      total 135680K, used 135667K [0x00000000f5580000, 0x0000000100000000, 0x0000000100000000)
  eden space 110080K, 100% used [0x00000000f5580000,0x00000000fc100000,0x00000000fc100000)
  from space 25600K, 99% used [0x00000000fc100000,0x00000000fd9fce50,0x00000000fda00000)
  to   space 29696K, 0% used [0x00000000fe300000,0x00000000fe300000,0x0000000100000000)
 ParOldGen       total 124928K, used 40786K [0x00000000e0000000, 0x00000000e7a00000, 0x00000000f5580000)
  object space 124928K, 32% used [0x00000000e0000000,0x00000000e27d4b90,0x00000000e7a00000)
 Metaspace       used 77127K, capacity 83594K, committed 83752K, reserved 1122304K
  class space    used 9404K, capacity 11492K, committed 11568K, reserved 1048576K
Event: 30.775 GC heap after
Heap after GC invocations=13 (full 3):
 PSYoungGen      total 141824K, used 22367K [0x00000000f5580000, 0x0000000100000000, 0x0000000100000000)
  eden space 112128K, 0% used [0x00000000f5580000,0x00000000f5580000,0x00000000fc300000)
  from space 29696K, 75% used [0x00000000fe300000,0x00000000ff8d7ed8,0x0000000100000000)
  to   space 31232K, 0% used [0x00000000fc300000,0x00000000fc300000,0x00000000fe180000)
 ParOldGen       total 124928K, used 40813K [0x00000000e0000000, 0x00000000e7a00000, 0x00000000f5580000)
  object space 124928K, 32% used [0x00000000e0000000,0x00000000e27db7e0,0x00000000e7a00000)
 Metaspace       used 77127K, capacity 83594K, committed 83752K, reserved 1122304K
  class space    used 9404K, capacity 11492K, committed 11568K, reserved 1048576K
}
Event: 61.931 GC heap before
{Heap before GC invocations=14 (full 3):
 PSYoungGen      total 141824K, used 75110K [0x00000000f5580000, 0x0000000100000000, 0x0000000100000000)
  eden space 112128K, 47% used [0x00000000f5580000,0x00000000f8901c50,0x00000000fc300000)
  from space 29696K, 75% used [0x00000000fe300000,0x00000000ff8d7ed8,0x0000000100000000)
  to   space 31232K, 0% used [0x00000000fc300000,0x00000000fc300000,0x00000000fe180000)
 ParOldGen       total 124928K, used 40813K [0x00000000e0000000, 0x00000000e7a00000, 0x00000000f5580000)
  object space 124928K, 32% used [0x00000000e0000000,0x00000000e27db7e0,0x00000000e7a00000)
 Metaspace       used 79559K, capacity 86124K, committed 86440K, reserved 1124352K
  class space    used 9702K, capacity 11923K, committed 11952K, reserved 1048576K
Event: 61.944 GC heap after
Heap after GC invocations=14 (full 3):
 PSYoungGen      total 134656K, used 22295K [0x00000000f5580000, 0x0000000100000000, 0x0000000100000000)
  eden space 112128K, 0% used [0x00000000f5580000,0x00000000f5580000,0x00000000fc300000)
  from space 22528K, 98% used [0x00000000fc300000,0x00000000fd8c5ce0,0x00000000fd900000)
  to   space 32768K, 0% used [0x00000000fe000000,0x00000000fe000000,0x0000000100000000)
 ParOldGen       total 124928K, used 40821K [0x00000000e0000000, 0x00000000e7a00000, 0x00000000f5580000)
  object space 124928K, 32% used [0x00000000e0000000,0x00000000e27dd7e0,0x00000000e7a00000)
 Metaspace       used 79559K, capacity 86124K, committed 86440K, reserved 1124352K
  class space    used 9702K, capacity 11923K, committed 11952K, reserved 1048576K
}
Event: 61.944 GC heap before
{Heap before GC invocations=15 (full 4):
 PSYoungGen      total 134656K, used 22295K [0x00000000f5580000, 0x0000000100000000, 0x0000000100000000)
  eden space 112128K, 0% used [0x00000000f5580000,0x00000000f5580000,0x00000000fc300000)
  from space 22528K, 98% used [0x00000000fc300000,0x00000000fd8c5ce0,0x00000000fd900000)
  to   space 32768K, 0% used [0x00000000fe000000,0x00000000fe000000,0x0000000100000000)
 ParOldGen       total 124928K, used 40821K [0x00000000e0000000, 0x00000000e7a00000, 0x00000000f5580000)
  object space 124928K, 32% used [0x00000000e0000000,0x00000000e27dd7e0,0x00000000e7a00000)
 Metaspace       used 79559K, capacity 86124K, committed 86440K, reserved 1124352K
  class space    used 9702K, capacity 11923K, committed 11952K, reserved 1048576K
Event: 62.232 GC heap after
Heap after GC invocations=15 (full 4):
 PSYoungGen      total 134656K, used 0K [0x00000000f5580000, 0x0000000100000000, 0x0000000100000000)
  eden space 112128K, 0% used [0x00000000f5580000,0x00000000f5580000,0x00000000fc300000)
  from space 22528K, 0% used [0x00000000fc300000,0x00000000fc300000,0x00000000fd900000)
  to   space 32768K, 0% used [0x00000000fe000000,0x00000000fe000000,0x0000000100000000)
 ParOldGen       total 124928K, used 59214K [0x00000000e0000000, 0x00000000e7a00000, 0x00000000f5580000)
  object space 124928K, 47% used [0x00000000e0000000,0x00000000e39d3a90,0x00000000e7a00000)
 Metaspace       used 79559K, capacity 86124K, committed 86440K, reserved 1124352K
  class space    used 9702K, capacity 11923K, committed 11952K, reserved 1048576K
}

Deoptimization events (10 events):
Event: 112.415 Thread 0x0000000002608000 Uncommon trap: reason=unreached action=reinterpret pc=0x0000000004378924 method=org.eclipse.emf.ecore.xmi.impl.StringSegment.writeAscii(Ljava/io/OutputStream;I)V @ 276
Event: 112.431 Thread 0x0000000017918000 Uncommon trap: reason=unstable_if action=reinterpret pc=0x0000000003bd3308 method=org.eclipse.e4.ui.internal.workbench.swt.E4Application$1.syncExec(Ljava/lang/Runnable;)V @ 14
Event: 112.618 Thread 0x0000000018272000 Uncommon trap: reason=unstable_if action=reinterpret pc=0x0000000002922ea4 method=sun.nio.cs.SingleByte$Encoder.encode(C)I @ 13
Event: 112.644 Thread 0x00000000176c9800 Uncommon trap: reason=predicate action=maybe_recompile pc=0x000000000385103c method=java.util.Arrays.fill([Ljava/lang/Object;Ljava/lang/Object;)V @ 10
Event: 112.650 Thread 0x00000000176c9800 Uncommon trap: reason=array_check action=maybe_recompile pc=0x0000000003f5e898 method=java.util.Arrays.fill([Ljava/lang/Object;Ljava/lang/Object;)V @ 13
Event: 112.650 Thread 0x00000000176c9800 Uncommon trap: reason=array_check action=maybe_recompile pc=0x0000000003f5e898 method=java.util.Arrays.fill([Ljava/lang/Object;Ljava/lang/Object;)V @ 13
Event: 112.650 Thread 0x00000000176c9800 Uncommon trap: reason=array_check action=maybe_recompile pc=0x0000000003f5e898 method=java.util.Arrays.fill([Ljava/lang/Object;Ljava/lang/Object;)V @ 13
Event: 112.650 Thread 0x00000000176c9800 Uncommon trap: reason=array_check action=maybe_recompile pc=0x0000000003f5e898 method=java.util.Arrays.fill([Ljava/lang/Object;Ljava/lang/Object;)V @ 13
Event: 113.205 Thread 0x000000001f949800 Uncommon trap: reason=unstable_if action=reinterpret pc=0x000000000368f2a8 method=org.eclipse.osgi.internal.hooks.EclipseLazyStarter.shouldActivateFor(Ljava/lang/String;Lorg/eclipse/osgi/container/Module;Lorg/eclipse/osgi/container/ModuleRevision;Lorg/ecli?Xóù¿M\@
Event: 113.215 Thread 0x000000001f949800 Uncommon trap: reason=null_check action=maybe_recompile pc=0x000000000419b544 method=com.xilinx.sdk.targetmanager.internal.json.XMDJSONProcess.issueCommand(Ljava/lang/String;)Lcom/xilinx/sdk/targetmanager/internal/IXMDResult; @ 3

Internal exceptions (10 events):
Event: 94.488 Thread 0x0000000017917800 Exception <a 'java/io/FileNotFoundException'> (0x00000000f9513310) thrown at [C:\re\workspace\8-2-build-windows-amd64-cygwin\jdk8u66\5298\hotspot\src\share\vm\prims\jni.cpp, line 709]
Event: 94.503 Thread 0x0000000017917800 Exception <a 'gnu/io/PortInUseException': Bad file descriptor in open> (0x00000000f954d998) thrown at [C:\re\workspace\8-2-build-windows-amd64-cygwin\jdk8u66\5298\hotspot\src\share\vm\prims\jni.cpp, line 735]
Event: 111.950 Thread 0x0000000002608000 Implicit null exception at 0x0000000003635cf0 to 0x0000000003635d49
Event: 112.616 Thread 0x000000001826f000 Exception <a 'java/lang/InterruptedException'> (0x00000000fb676240) thrown at [C:\re\workspace\8-2-build-windows-amd64-cygwin\jdk8u66\5298\hotspot\src\share\vm\runtime\objectMonitor.cpp, line 1683]
Event: 113.215 Thread 0x000000001f949800 Implicit null exception at 0x0000000004198807 to 0x000000000419b535
Event: 113.215 Thread 0x000000001f949800 Exception <a 'java/lang/NullPointerException'> (0x00000000fb8d7eb8) thrown at [C:\re\workspace\8-2-build-windows-amd64-cygwin\jdk8u66\5298\hotspot\src\share\vm\prims\jvm.cpp, line 1390]
Event: 113.236 Thread 0x0000000017918000 Exception <a 'java/lang/InterruptedException'> (0x00000000f59317d0) thrown at [C:\re\workspace\8-2-build-windows-amd64-cygwin\jdk8u66\5298\hotspot\src\share\vm\runtime\objectMonitor.cpp, line 1683]
Event: 113.250 Thread 0x00000000176c9800 Exception <a 'java/lang/InterruptedException'> (0x00000000fb9433e8) thrown at [C:\re\workspace\8-2-build-windows-amd64-cygwin\jdk8u66\5298\hotspot\src\share\vm\runtime\objectMonitor.cpp, line 1683]
Event: 113.253 Thread 0x0000000017916000 Exception <a 'java/lang/InterruptedException'> (0x00000000f61b2fe8) thrown at [C:\re\workspace\8-2-build-windows-amd64-cygwin\jdk8u66\5298\hotspot\src\share\vm\runtime\objectMonitor.cpp, line 1683]
Event: 113.253 Thread 0x0000000017a9b000 Exception <a 'java/lang/InterruptedException'> (0x00000000fbc1c0d8) thrown at [C:\re\workspace\8-2-build-windows-amd64-cygwin\jdk8u66\5298\hotspot\src\share\vm\runtime\objectMonitor.cpp, line 1683]

Events (10 events):
Event: 113.254 Executing VM operation: RevokeBias
Event: 113.254 Executing VM operation: RevokeBias done
Event: 113.255 Thread 0x000000001f949800 Thread exited: 0x000000001f949800
Event: 113.255 loading class java/util/IdentityHashMap$KeyIterator
Event: 113.255 loading class java/util/IdentityHashMap$IdentityHashMapIterator
Event: 113.255 loading class java/util/IdentityHashMap$IdentityHashMapIterator done
Event: 113.255 loading class java/util/IdentityHashMap$KeyIterator done
Event: 113.255 Thread 0x000000001f949800 Thread added: 0x000000001f949800
Event: 113.256 Thread 0x000000001f949800 Thread exited: 0x000000001f949800
Event: 113.256 Executing VM operation: Exit


Dynamic libraries:
0x0000000000400000 - 0x000000000044f000 	C:\Xilinx\SDK\2016.2\eclipse\win64.o\eclipse.exe
0x0000000077580000 - 0x000000007772a000 	C:\Windows\SYSTEM32\ntdll.dll
0x0000000077460000 - 0x000000007757f000 	C:\Windows\system32\kernel32.dll
0x000007fefd510000 - 0x000007fefd57a000 	C:\Windows\system32\KERNELBASE.dll
0x0000000077360000 - 0x000000007745a000 	C:\Windows\system32\USER32.dll
0x000007feff150000 - 0x000007feff1b7000 	C:\Windows\system32\GDI32.dll
0x000007feff2f0000 - 0x000007feff2fe000 	C:\Windows\system32\LPK.dll
0x000007feff3a0000 - 0x000007feff46a000 	C:\Windows\system32\USP10.dll
0x000007fefdb60000 - 0x000007fefdbff000 	C:\Windows\system32\msvcrt.dll
0x000007fefbbd0000 - 0x000007fefbdc4000 	C:\Windows\WinSxS\amd64_microsoft.windows.common-controls_6595b64144ccf1df_6.0.7601.18837_none_fa3b1e3d17594757\COMCTL32.dll
0x000007feff470000 - 0x000007feff4e1000 	C:\Windows\system32\SHLWAPI.dll
0x000007fefd950000 - 0x000007fefd97e000 	C:\Windows\system32\IMM32.DLL
0x000007feff760000 - 0x000007feff869000 	C:\Windows\system32\MSCTF.dll
0x0000000072000000 - 0x0000000072012000 	C:\Xilinx\SDK\2016.2\eclipse\win64.o\plugins\org.eclipse.equinox.launcher.win32.win32.x86_64_1.1.300.v20150602-1417\eclipse_1611.dll
0x000007feff050000 - 0x000007feff12b000 	C:\Windows\system32\ADVAPI32.dll
0x000007feff870000 - 0x000007feff88f000 	C:\Windows\SYSTEM32\sechost.dll
0x000007feff1c0000 - 0x000007feff2ed000 	C:\Windows\system32\RPCRT4.dll
0x000007fefc350000 - 0x000007fefc35c000 	C:\Windows\system32\VERSION.dll
0x000007fefbb70000 - 0x000007fefbbc6000 	C:\Windows\system32\UxTheme.dll
0x00000000702d0000 - 0x0000000070b59000 	C:\Xilinx\SDK\2016.2\tps\win64\jre\bin\server\jvm.dll
0x000007fefa2e0000 - 0x000007fefa2e9000 	C:\Windows\system32\WSOCK32.dll
0x000007fefde10000 - 0x000007fefde5d000 	C:\Windows\system32\WS2_32.dll
0x000007fefe1b0000 - 0x000007fefe1b8000 	C:\Windows\system32\NSI.dll
0x000007fefa090000 - 0x000007fefa0cb000 	C:\Windows\system32\WINMM.dll
0x0000000077740000 - 0x0000000077747000 	C:\Windows\system32\PSAPI.DLL
0x0000000072eb0000 - 0x0000000072f82000 	C:\Windows\system32\MSVCR100.dll
0x00000000743e0000 - 0x00000000743ef000 	C:\Xilinx\SDK\2016.2\tps\win64\jre\bin\verify.dll
0x0000000071b90000 - 0x0000000071bb9000 	C:\Xilinx\SDK\2016.2\tps\win64\jre\bin\java.dll
0x0000000072490000 - 0x00000000724a6000 	C:\Xilinx\SDK\2016.2\tps\win64\jre\bin\zip.dll
0x000007fefe260000 - 0x000007fefefe9000 	C:\Windows\system32\SHELL32.dll
0x000007fefdc00000 - 0x000007fefde03000 	C:\Windows\system32\ole32.dll
0x000007fefd2c0000 - 0x000007fefd2cf000 	C:\Windows\system32\profapi.dll
0x000007fefcac0000 - 0x000007fefcad8000 	C:\Windows\system32\CRYPTSP.dll
0x000007fefc7c0000 - 0x000007fefc807000 	C:\Windows\system32\rsaenh.dll
0x000007fefd370000 - 0x000007fefd38e000 	C:\Windows\system32\USERENV.dll
0x000007fefd120000 - 0x000007fefd12f000 	C:\Windows\system32\CRYPTBASE.dll
0x0000000071bd0000 - 0x0000000071bea000 	C:\Xilinx\SDK\2016.2\tps\win64\jre\bin\net.dll
0x000007fefca60000 - 0x000007fefcab5000 	C:\Windows\system32\mswsock.dll
0x000007fefca50000 - 0x000007fefca57000 	C:\Windows\System32\wship6.dll
0x000007fef9ac0000 - 0x000007fef9ae7000 	C:\Windows\system32\IPHLPAPI.DLL
0x000007fef9ab0000 - 0x000007fef9abb000 	C:\Windows\system32\WINNSI.DLL
0x000007fef9450000 - 0x000007fef9461000 	C:\Windows\system32\dhcpcsvc6.DLL
0x000007fef9430000 - 0x000007fef9448000 	C:\Windows\system32\dhcpcsvc.DLL
0x0000000071b70000 - 0x0000000071b81000 	C:\Xilinx\SDK\2016.2\tps\win64\jre\bin\nio.dll
0x000007fef9d20000 - 0x000007fef9d35000 	C:\Windows\system32\NLAapi.dll
0x000007fef8fd0000 - 0x000007fef8fe5000 	C:\Windows\system32\napinsp.dll
0x000007fef8ff0000 - 0x000007fef9009000 	C:\Windows\system32\pnrpnsp.dll
0x000007fefc8e0000 - 0x000007fefc93b000 	C:\Windows\system32\DNSAPI.dll
0x000007fef8fc0000 - 0x000007fef8fcb000 	C:\Windows\System32\winrnr.dll
0x000007fefc420000 - 0x000007fefc427000 	C:\Windows\System32\wshtcpip.dll
0x000007fef8f60000 - 0x000007fef8f68000 	C:\Windows\system32\rasadhlp.dll
0x000007fef94e0000 - 0x000007fef9533000 	C:\Windows\System32\fwpuclnt.dll
0x00000000197f0000 - 0x0000000019898000 	C:\Users\wanxing1\.Xilinx\SDK\2016.2\org.eclipse.osgi\312\0\.cp\swt-win32-4527.dll
0x000007feff4f0000 - 0x000007feff5c8000 	C:\Windows\system32\OLEAUT32.dll
0x000007fefe1c0000 - 0x000007fefe257000 	C:\Windows\system32\comdlg32.dll
0x000007fef62f0000 - 0x000007fef6361000 	C:\Windows\system32\WINSPOOL.DRV
0x000007fefdee0000 - 0x000007fefe1a5000 	C:\Windows\system32\WININET.dll
0x000007fefd670000 - 0x000007fefd674000 	C:\Windows\system32\api-ms-win-downlevel-user32-l1-1-0.dll
0x000007fefd660000 - 0x000007fefd664000 	C:\Windows\system32\api-ms-win-downlevel-shlwapi-l1-1-0.dll
0x000007fefd650000 - 0x000007fefd654000 	C:\Windows\system32\api-ms-win-downlevel-version-l1-1-0.dll
0x000007fefd320000 - 0x000007fefd323000 	C:\Windows\system32\api-ms-win-downlevel-normaliz-l1-1-0.dll
0x0000000077750000 - 0x0000000077753000 	C:\Windows\system32\normaliz.DLL
0x000007fefd680000 - 0x000007fefd949000 	C:\Windows\system32\iertutil.dll
0x000007fefd580000 - 0x000007fefd585000 	C:\Windows\system32\api-ms-win-downlevel-advapi32-l1-1-0.dll
0x000007fefd390000 - 0x000007fefd4fd000 	C:\Windows\system32\CRYPT32.dll
0x000007fefd2d0000 - 0x000007fefd2df000 	C:\Windows\system32\MSASN1.dll
0x000007fefb640000 - 0x000007fefb76c000 	C:\Windows\system32\propsys.dll
0x000007feff300000 - 0x000007feff399000 	C:\Windows\system32\CLBCatQ.DLL
0x00000000024a0000 - 0x00000000024be000 	C:\Users\wanxing1\.Xilinx\SDK\2016.2\org.eclipse.osgi\312\0\.cp\swt-gdip-win32-4527.dll
0x000007fefb950000 - 0x000007fefbb66000 	C:\Windows\WinSxS\amd64_microsoft.windows.gdiplus_6595b64144ccf1df_1.1.7601.23508_none_145555328b95eaaa\gdiplus.dll
0x000007fefb470000 - 0x000007fefb5d1000 	C:\Windows\system32\WindowsCodecs.dll
0x0000000180000000 - 0x0000000180012000 	C:\Users\wanxing1\.Xilinx\SDK\2016.2\org.eclipse.osgi\126\0\.cp\os\win32\x86_64\localfile_1_0_0.dll
0x000007feefe40000 - 0x000007feefe94000 	C:\Windows\system32\oleacc.dll
0x000007fef9c00000 - 0x000007fef9c07000 	C:\Windows\system32\msimg32.dll
0x000007fefd210000 - 0x000007fefd224000 	C:\Windows\system32\RpcRtRemote.dll
0x000007fefb400000 - 0x000007fefb411000 	C:\Users\wanxing1\.Xilinx\SDK\2016.2\org.eclipse.osgi\129\0\.cp\jWinHttp-1.0.0.dll
0x000007fef89d0000 - 0x000007fef8a41000 	C:\Windows\system32\WINHTTP.dll
0x000007fef8930000 - 0x000007fef8994000 	C:\Windows\system32\webio.dll
0x000007fefd090000 - 0x000007fefd0b5000 	C:\Windows\system32\SspiCli.dll
0x000007fefc680000 - 0x000007fefc68a000 	C:\Windows\system32\credssp.dll
0x000007fefd330000 - 0x000007fefd366000 	C:\Windows\system32\CFGMGR32.dll
0x000007fefd0c0000 - 0x000007fefd117000 	C:\Windows\system32\apphelp.dll
0x000007fefb3f0000 - 0x000007fefb3ff000 	C:\Xilinx\SDK\2016.2\lib\win64.o\librdi_repo_manager.dll
0x000007fefb2c0000 - 0x000007fefb2ea000 	C:\Xilinx\SDK\2016.2\lib\win64.o\libisl_sysinfo.dll
0x000007feecc60000 - 0x000007feecd34000 	C:\Windows\system32\MSVCR110.dll
0x000007feecbb0000 - 0x000007feecc57000 	C:\Windows\system32\MSVCP110.dll
0x000007fec2f10000 - 0x000007fec3950000 	C:\Xilinx\SDK\2016.2\lib\win64.o\librdi_common.dll
0x000007fec4020000 - 0x000007fec438e000 	C:\Xilinx\SDK\2016.2\lib\win64.o\libCOIN-all.dll
0x000007fec3e00000 - 0x000007fec401f000 	C:\Xilinx\SDK\2016.2\lib\win64.o\libXil_lmgr11.dll
0x000007fefb330000 - 0x000007fefb346000 	C:\Windows\system32\NETAPI32.dll
0x000007fefc6f0000 - 0x000007fefc6fc000 	C:\Windows\system32\netutils.dll
0x000007fefcd60000 - 0x000007fefcd83000 	C:\Windows\system32\srvcli.dll
0x000007fefb310000 - 0x000007fefb325000 	C:\Windows\system32\wkscli.dll
0x000007fefd2e0000 - 0x000007fefd31b000 	C:\Windows\system32\WINTRUST.dll
0x000007fefb370000 - 0x000007fefb380000 	C:\Xilinx\SDK\2016.2\lib\win64.o\libboost_date_time.dll
0x000007fefb260000 - 0x000007fefb284000 	C:\Xilinx\SDK\2016.2\lib\win64.o\libboost_filesystem.dll
0x000007fefb2b0000 - 0x000007fefb2b9000 	C:\Xilinx\SDK\2016.2\lib\win64.o\libboost_system.dll
0x000007fef2710000 - 0x000007fef2787000 	C:\Xilinx\SDK\2016.2\lib\win64.o\libboost_program_options.dll
0x000007feef670000 - 0x000007feef776000 	C:\Xilinx\SDK\2016.2\lib\win64.o\libboost_regex.dll
0x000007fefa990000 - 0x000007fefa9a3000 	C:\Xilinx\SDK\2016.2\lib\win64.o\libboost_signals.dll
0x000007fefa970000 - 0x000007fefa98d000 	C:\Xilinx\SDK\2016.2\lib\win64.o\libboost_thread.dll
0x000007fefb2a0000 - 0x000007fefb2ab000 	C:\Xilinx\SDK\2016.2\lib\win64.o\libboost_chrono.dll
0x000007fefb250000 - 0x000007fefb25b000 	C:\Xilinx\SDK\2016.2\lib\win64.o\libboost_xilinx.dll
0x000007fef2840000 - 0x000007fef28c0000 	C:\Xilinx\SDK\2016.2\lib\win64.o\libhdlpsolve.dll
0x000007fef1f70000 - 0x000007fef200a000 	C:\Xilinx\SDK\2016.2\lib\win64.o\libhdxml.dll
0x000007fec3990000 - 0x000007fec3df5e00 	C:\Xilinx\SDK\2016.2\lib\win64.o\libisl_iostreams.dll
0x000007fefa4b0000 - 0x000007fefa4c6000 	C:\Xilinx\SDK\2016.2\lib\win64.o\libboost_iostreams.dll
0x000007fef2810000 - 0x000007fef2833000 	C:\Xilinx\SDK\2016.2\lib\win64.o\librdizlib.dll
0x000007fef27e0000 - 0x000007fef2803000 	C:\Xilinx\SDK\2016.2\lib\win64.o\libisl_iosutils.dll
0x000007fefa180000 - 0x000007fefa195000 	C:\Xilinx\SDK\2016.2\lib\win64.o\pthreadVC2.dll
0x000007fef1f10000 - 0x000007fef1f64000 	C:\Xilinx\SDK\2016.2\lib\win64.o\librdi_commonxillic.dll
0x000007feee110000 - 0x000007feee240000 	C:\Xilinx\SDK\2016.2\lib\win64.o\librdi_curl.dll
0x000007fef8400000 - 0x000007fef8418000 	C:\Xilinx\SDK\2016.2\lib\win64.o\librdiconfig.dll
0x0000000071a40000 - 0x0000000071b67000 	C:\Xilinx\SDK\2016.2\lib\win64.o\tcl85t.dll
0x0000000024700000 - 0x0000000024963000 	C:\Xilinx\SDK\2016.2\lib\win64.o\xerces-c_3_1.dll
0x000007feff5d0000 - 0x000007feff756000 	C:\Windows\system32\urlmon.dll
0x000007fefd500000 - 0x000007fefd504000 	C:\Windows\system32\api-ms-win-downlevel-ole32-l1-1-0.dll
0x000007feed310000 - 0x000007feed333000 	C:\Windows\system32\VCOMP110.DLL
0x000007feed800000 - 0x000007feed9f2000 	C:\Xilinx\SDK\2016.2\lib\win64.o\librdi_hsm.dll
0x000007fef1e50000 - 0x000007fef1e93000 	C:\Xilinx\SDK\2016.2\lib\win64.o\librdi_hdf.dll
0x000007fec2c80000 - 0x000007fec2f01000 	C:\Xilinx\SDK\2016.2\lib\win64.o\librdi_ippcw.dll
0x0000000071100000 - 0x0000000071125000 	C:\Users\wanxing1\.jssc\windows\jSSC-2.8_x86_64.dll
0x000007fef1e30000 - 0x000007fef1e46000 	C:\Xilinx\SDK\2016.2\eclipse\win64.o\plugins\org.eclipse.cdt.core.win32.x86_64_5.4.0.201509131935\os\win32\x86_64\spawner.dll
0x0000000071080000 - 0x00000000710a6000 	C:\Xilinx\SDK\2016.2\eclipse\win64.o\plugins\gnu.io.rxtx.win32.x86_64_2.1.7.3_v20071015\os\win32\x86_64\rxtxSerial.dll
0x000007fefb3d0000 - 0x000007fefb3da000 	C:\Xilinx\SDK\2016.2\lib\win64.o\librdi_jtag_settings.dll
0x000007feefdb0000 - 0x000007feefdd9000 	C:\Xilinx\SDK\2016.2\lib\win64.o\librdi_debug_dialog.dll
0x000007fefb3c0000 - 0x000007fefb3c8000 	C:\Xilinx\SDK\2016.2\lib\win64.o\librdi_target_manager.dll
0x000007feb7d90000 - 0x000007feb85a0000 	C:\Xilinx\SDK\2016.2\lib\win64.o\libXil_lmgr11FNP.dll

VM Arguments:
jvm_args: -Dcom.xilinx.sdk.args.hwspec=W:/video_demo/NexysVideo-master/Projects/hdmi/proj/hdmi.sdk/hdmi_wrapper.hdf -Xms64m -Xmx512m & 
java_command: <unknown>
java_class_path (initial): C:\Xilinx\SDK\2016.2\eclipse\win64.o\\plugins/org.eclipse.equinox.launcher_1.3.100.v20150511-1540.jar
Launcher Type: generic

Environment Variables:
PATH=C:/Xilinx/SDK/2016.2/tps/win64/jre/bin/server;C:/Xilinx/SDK/2016.2/tps/win64/jre/bin;C:/Xilinx/SDK/2016.2/tps/win64/jre/lib/amd64;C:\Xilinx\SDK\2016.2\gnuwin\bin;C:\Xilinx\SDK\2016.2\gnu\microblaze\nt\bin;C:\Xilinx\SDK\2016.2\gnu\microblaze\linux_toolchain\nt64_le\bin;C:\Xilinx\SDK\2016.2\gnu\microblaze\linux_toolchain\nt64_be\bin;C:\Xilinx\SDK\2016.2\gnu\arm\nt\bin;C:\Xilinx\SDK\2016.2\gnu\aarch64\nt\aarch64-none\bin;C:\Xilinx\SDK\2016.2\gnu\aarch64\nt\aarch64-linux\bin;C:\Xilinx\SDK\2016.2\gnu\armr5\nt\gcc-arm-none-eabi\bin;C:\Xilinx\SDK\2016.2\gnu\aarch32\nt\gcc-arm-none-eabi\bin;C:\Xilinx\SDK\2016.2\gnu\aarch32\nt\gcc-arm-linux-gnueabi\bin;C:\Xilinx\SDK\2016.2\tps\win64\cmake-3.3.2\bin;;C:\Xilinx\SDK\2016.2\bin;C:\Xilinx\SDK\2016.2\lib\win64.o;C:\Xilinx\SDK\2016.2\tps\win64\jre\bin\server;C:\Xilinx\SDK\2016.2\tps\win64\jre\bin;C:\Xilinx\Vivado\2016.2\ids_lite\ISE\bin\nt64;C:\Xilinx\Vivado\2016.2\ids_lite\ISE\lib\nt64;C:\Xilinx\Vivado\2016.2\bin;C:\Xilinx\Vivado\2016.2\lib\win64.o;C:\Xilinx\Vivado\2016.2\tps\win64\jre\bin\server;C:\Xilinx\Vivado\2016.2\tps\win64\jre\bin;C:\Xilinx\Vivado_HLS\2016.2\bin;C:\Windows\system32;C:\Windows;C:\Windows\System32\Wbem;C:\Windows\System32\WindowsPowerShell\v1.0\;C:\Program Files (x86)\Java\jre6\bin;C:\Program Files (x86)\eclipse;C:\altera\16.0\quartus\bin64;c:\altera\16.0\quartus\bin64\jre64\bin;W:\video_demo\NexysVideo-master\Projects\hdmi\proj;
USERNAME=wanxing1
OS=Windows_NT
PROCESSOR_IDENTIFIER=Intel64 Family 6 Model 60 Stepping 3, GenuineIntel



---------------  S Y S T E M  ---------------

OS: Windows 7 , 64 bit Build 7601 (6.1.7601.23418)

CPU:total 8 (4 cores per cpu, 2 threads per core) family 6 model 60 stepping 3, cmov, cx8, fxsr, mmx, sse, sse2, sse3, ssse3, sse4.1, sse4.2, popcnt, avx, avx2, aes, clmul, erms, lzcnt, ht, tsc, tscinvbit, bmi1, bmi2

Memory: 4k page, physical 16683160k(12495016k free), swap 33364460k(28732660k free)

vm_info: Java HotSpot(TM) 64-Bit Server VM (25.66-b18) for windows-amd64 JRE (1.8.0_66-b18), built on Nov  9 2015 10:51:13 by "java_re" with MS VC++ 10.0 (VS2010)

time: Fri Feb 17 12:34:52 2017
elapsed time: 113 seconds (0d 0h 1m 53s)

