#
# A fatal error has been detected by the Java Runtime Environment:
#
#  EXCEPTION_UNCAUGHT_CXX_EXCEPTION (0xe06d7363) at pc=0x000007fefd6fa06d, pid=3776, tid=3144
#
# JRE version: Java(TM) SE Runtime Environment (8.0_66-b18) (build 1.8.0_66-b18)
# Java VM: Java HotSpot(TM) 64-Bit Server VM (25.66-b18 mixed mode windows-amd64 compressed oops)
# Problematic frame:
# C  [KERNELBASE.dll+0x1a06d]
#
# Failed to write core dump. Minidumps are not enabled by default on client versions of Windows
#
# If you would like to submit a bug report, please visit:
#   http://bugreport.java.com/bugreport/crash.jsp
#

---------------  T H R E A D  ---------------

Current thread (0x0000000014fa2800):  VMThread [stack: 0x0000000015ef0000,0x0000000015ff0000] [id=3144]

siginfo: ExceptionCode=0xe06d7363, ExceptionInformation=0x0000000019930520 0x0000000015fef6c8 0x000007feec152cb8 0x000007feec0a0000 

Registers:
RAX=0x000000006138ffe8, RBX=0x000007feec152cb8, RCX=0x0000000015feef10, RDX=0x00000000000000d0
RSP=0x0000000015fef520, RBP=0x0000000015fef650, RSI=0x00000000ffffffff, RDI=0x0000000000328c30
R8 =0x0000000000000000, R9 =0x0000000000000000, R10=0x000007feec0a0000, R11=0x0000000015fef560
R12=0x0000000000000001, R13=0x0000000000000008, R14=0x0000000000000000, R15=0xffffffffffffffff
RIP=0x000007fefd6fa06d, EFLAGS=0x0000000000000206

Top of Stack: (sp=0x0000000015fef520)
0x0000000015fef520:   000007feec152cb8 00000000ffffffff
0x0000000015fef530:   0000000000328c30 00000000002d82d0
0x0000000015fef540:   00000001e06d7363 0000000000000000
0x0000000015fef550:   000007fefd6fa06d 000007fe00000004
0x0000000015fef560:   0000000019930520 0000000015fef6c8
0x0000000015fef570:   000007feec152cb8 000007feec0a0000
0x0000000015fef580:   0000000000000000 0000000015fef608
0x0000000015fef590:   0000000000000028 0000000000328c20
0x0000000015fef5a0:   000000001753e640 0000000000000000
0x0000000015fef5b0:   000007fffffa8000 000000007793f2d3
0x0000000015fef5c0:   0000000000000000 0000000000000008
0x0000000015fef5d0:   0000000000000001 0000000000328c30
0x0000000015fef5e0:   00000000ffffffff 000007feec0fe92c
0x0000000015fef5f0:   000007feec152cb8 0000000015fef660
0x0000000015fef600:   0000000000000001 000007feec0a00f8
0x0000000015fef610:   00000001e06d7363 0000000000000000 

Instructions: (pc=0x000007fefd6fa06d)
0x000007fefd6fa04d:   54 24 24 48 89 4c 24 28 4d 85 c9 0f 85 6a 03 00
0x000007fefd6fa05d:   00 89 4c 24 38 48 8d 4c 24 20 ff 15 33 02 03 00
0x000007fefd6fa06d:   48 81 c4 c8 00 00 00 c3 90 90 90 90 90 90 90 90
0x000007fefd6fa07d:   90 90 90 48 83 ec 28 65 48 8b 04 25 30 00 00 00 


Register to memory mapping:

RAX=0x000000006138ffe8 is an unknown value
RBX=0x000007feec152cb8 is an unknown value
RCX=0x0000000015feef10 is an unknown value
RDX=0x00000000000000d0 is an unknown value
RSP=0x0000000015fef520 is an unknown value
RBP=0x0000000015fef650 is an unknown value
RSI=0x00000000ffffffff is an unallocated location in the heap
RDI=0x0000000000328c30 is an unknown value
R8 =0x0000000000000000 is an unknown value
R9 =0x0000000000000000 is an unknown value
R10=0x000007feec0a0000 is an unknown value
R11=0x0000000015fef560 is an unknown value
R12=0x0000000000000001 is an unknown value
R13=0x0000000000000008 is an unknown value
R14=0x0000000000000000 is an unknown value
R15=0xffffffffffffffff is an unknown value


Stack: [0x0000000015ef0000,0x0000000015ff0000],  sp=0x0000000015fef520,  free space=1021k
Native frames: (J=compiled Java code, j=interpreted, Vv=VM code, C=native code)
C  [KERNELBASE.dll+0x1a06d]
C  [MSVCR110.dll+0x5e92c]
C  [MSVCR110.dll+0x1315c]
C  [MSVCR110.dll+0x136a9]
C  [MSVCR110.dll+0x13e9c]
C  [MSVCR110.dll+0x239e]
C  [MSVCR110.dll+0xaf9e]
C  [MSVCP110.dll+0x397b9]
C  [librdi_common.dll+0x182316]
C  [librdi_common.dll+0x180fab]
C  [librdi_target_manager.dll+0x2400]
C  [librdi_target_manager.dll+0x2682]
C  [ntdll.dll+0x229b1]
C  [ntdll.dll+0x227c0]
C  [MSVCR100.dll+0x20ccd]
V  [jvm.dll+0x210cc5]
V  [jvm.dll+0x249897]
V  [jvm.dll+0x248b36]
V  [jvm.dll+0x248fd1]
V  [jvm.dll+0x2491ee]
V  [jvm.dll+0x29a0fa]
C  [MSVCR100.dll+0x21d9f]
C  [MSVCR100.dll+0x21e3b]
C  [kernel32.dll+0x159bd]
C  [ntdll.dll+0x2a2e1]

VM_Operation (0x000000000012f4c0): Exit, mode: safepoint, requested by thread 0x00000000024d8000


---------------  P R O C E S S  ---------------

Java Threads: ( => current thread )
  0x0000000017160000 JavaThread "pool-2-thread-1" [_thread_blocked, id=4516, stack(0x00000000281b0000,0x00000000282b0000)]
  0x0000000018d76800 JavaThread "Thread-31" [_thread_in_native, id=4500, stack(0x0000000027eb0000,0x0000000027fb0000)]
  0x0000000018d77000 JavaThread "Thread-25" daemon [_thread_blocked, id=4412, stack(0x0000000027fb0000,0x00000000280b0000)]
  0x0000000018d06800 JavaThread "TCF Channel Transmitter" daemon [_thread_blocked, id=808, stack(0x0000000025040000,0x0000000025140000)]
  0x0000000018d05800 JavaThread "TCF Channel Receiver" daemon [_thread_in_native, id=3600, stack(0x0000000024f40000,0x0000000025040000)]
  0x0000000018d05000 JavaThread "Process monitor" daemon [_thread_in_native, id=3636, stack(0x0000000024e40000,0x0000000024f40000)]
  0x0000000018d04000 JavaThread "Input Stream Monitor" daemon [_thread_blocked, id=3176, stack(0x0000000024d40000,0x0000000024e40000)]
  0x0000000018d03800 JavaThread "Output Stream Monitor" daemon [_thread_in_native, id=3972, stack(0x0000000024c40000,0x0000000024d40000)]
  0x0000000018d02800 JavaThread "Output Stream Monitor" daemon [_thread_in_native, id=2924, stack(0x0000000024b40000,0x0000000024c40000)]
  0x0000000018d02000 JavaThread "TCF Locator DNS Lookup" daemon [_thread_blocked, id=3284, stack(0x00000000249f0000,0x0000000024af0000)]
  0x0000000018d01000 JavaThread "TCF Locator Timer" daemon [_thread_blocked, id=3840, stack(0x00000000248f0000,0x00000000249f0000)]
  0x0000000017167000 JavaThread "TCF Timer Dispatcher" daemon [_thread_blocked, id=2052, stack(0x0000000021e10000,0x0000000021f10000)]
  0x0000000017158800 JavaThread "EMF Reference Cleaner" daemon [_thread_blocked, id=2188, stack(0x000000001c670000,0x000000001c770000)]
  0x000000001505d800 JavaThread "Service Thread" daemon [_thread_blocked, id=3640, stack(0x00000000167f0000,0x00000000168f0000)]
  0x0000000015006000 JavaThread "C1 CompilerThread3" daemon [_thread_blocked, id=2896, stack(0x00000000166f0000,0x00000000167f0000)]
  0x0000000015001800 JavaThread "C2 CompilerThread2" daemon [_thread_blocked, id=4044, stack(0x00000000165f0000,0x00000000166f0000)]
  0x0000000015000000 JavaThread "C2 CompilerThread1" daemon [_thread_blocked, id=688, stack(0x00000000164f0000,0x00000000165f0000)]
  0x0000000014ffc000 JavaThread "C2 CompilerThread0" daemon [_thread_blocked, id=2088, stack(0x00000000163f0000,0x00000000164f0000)]
  0x0000000014ff4800 JavaThread "Attach Listener" daemon [_thread_blocked, id=2228, stack(0x00000000162f0000,0x00000000163f0000)]
  0x0000000014ff3800 JavaThread "Signal Dispatcher" daemon [_thread_blocked, id=1380, stack(0x00000000161f0000,0x00000000162f0000)]
  0x0000000013e2b000 JavaThread "Finalizer" daemon [_thread_blocked, id=3848, stack(0x00000000160f0000,0x00000000161f0000)]
  0x0000000013e24000 JavaThread "Reference Handler" daemon [_thread_blocked, id=4032, stack(0x0000000015ff0000,0x00000000160f0000)]
  0x00000000024d8000 JavaThread "main" [_thread_blocked, id=2076, stack(0x0000000000030000,0x0000000000130000)]

Other Threads:
=>0x0000000014fa2800 VMThread [stack: 0x0000000015ef0000,0x0000000015ff0000] [id=3144]

VM state:at safepoint (shutting down)

VM Mutex/Monitor currently owned by a thread:  ([mutex/lock_event])
[0x000000000038e570] Threads_lock - owner thread: 0x0000000014fa2800

Heap:
 PSYoungGen      total 143872K, used 103322K [0x00000000f5580000, 0x00000000ffd00000, 0x0000000100000000)
  eden space 119296K, 77% used [0x00000000f5580000,0x00000000fafd30a8,0x00000000fca00000)
  from space 24576K, 44% used [0x00000000fe500000,0x00000000fef93ac0,0x00000000ffd00000)
  to   space 26112K, 0% used [0x00000000fca00000,0x00000000fca00000,0x00000000fe380000)
 ParOldGen       total 98816K, used 47981K [0x00000000e0000000, 0x00000000e6080000, 0x00000000f5580000)
  object space 98816K, 48% used [0x00000000e0000000,0x00000000e2edb6e0,0x00000000e6080000)
 Metaspace       used 76261K, capacity 83052K, committed 83160K, reserved 1120256K
  class space    used 9010K, capacity 11447K, committed 11520K, reserved 1048576K

Card table byte_map: [0x0000000011a30000,0x0000000011b40000] byte_map_base: 0x0000000011330000

Marking Bits: (ParMarkBitMap*) 0x0000000071d3a5b0
 Begin Bits: [0x0000000012340000, 0x0000000012b40000)
 End Bits:   [0x0000000012b40000, 0x0000000013340000)

Polling page: 0x0000000000220000

CodeCache: size=245760Kb used=31477Kb max_used=32038Kb free=214282Kb
 bounds [0x0000000002670000, 0x0000000004620000, 0x0000000011670000]
 total_blobs=9268 nmethods=8388 adapters=789
 compilation: enabled

Compilation events (10 events):
Event: 3882.089 Thread 0x0000000015006000 10855   !   3       org.eclipse.osgi.container.ModuleDatabase::getRevisionsTimestamp (25 bytes)
Event: 3882.090 Thread 0x0000000015006000 nmethod 10855 0x0000000003f2c910 code [0x0000000003f2cb20, 0x0000000003f2d858]
Event: 3882.090 Thread 0x0000000015006000 10851       1       org.eclipse.osgi.storage.Storage::getModuleDatabase (5 bytes)
Event: 3882.090 Thread 0x0000000015006000 nmethod 10851 0x000000000402f290 code [0x000000000402f3e0, 0x000000000402f4f0]
Event: 3882.090 Thread 0x0000000015006000 10857       3       org.eclipse.osgi.container.Module::holdsTransitionEventLock (25 bytes)
Event: 3882.091 Thread 0x0000000015006000 nmethod 10857 0x0000000002a4d3d0 code [0x0000000002a4d560, 0x0000000002a4dc88]
Event: 3882.091 Thread 0x0000000015006000 10853       3       org.eclipse.osgi.internal.loader.ModuleClassLoader::close (8 bytes)
Event: 3882.091 Thread 0x0000000015006000 nmethod 10853 0x0000000003225f50 code [0x00000000032260c0, 0x0000000003226318]
Event: 3882.094 Thread 0x0000000015000000 nmethod 10854 0x0000000003715410 code [0x00000000037155c0, 0x0000000003715cf0]
Event: 3882.094 Thread 0x0000000015001800 nmethod 10845 0x000000000327c250 code [0x000000000327c460, 0x000000000327d530]

GC Heap History (10 events):
Event: 33.390 GC heap before
{Heap before GC invocations=18 (full 3):
 PSYoungGen      total 147968K, used 129536K [0x00000000f5580000, 0x0000000100000000, 0x0000000100000000)
  eden space 129536K, 100% used [0x00000000f5580000,0x00000000fd400000,0x00000000fd400000)
  from space 18432K, 0% used [0x00000000fee00000,0x00000000fee00000,0x0000000100000000)
  to   space 22528K, 0% used [0x00000000fd400000,0x00000000fd400000,0x00000000fea00000)
 ParOldGen       total 85504K, used 46427K [0x00000000e0000000, 0x00000000e5380000, 0x00000000f5580000)
  object space 85504K, 54% used [0x00000000e0000000,0x00000000e2d56f78,0x00000000e5380000)
 Metaspace       used 61060K, capacity 66864K, committed 67072K, reserved 1107968K
  class space    used 7290K, capacity 9105K, committed 9216K, reserved 1048576K
Event: 33.405 GC heap after
Heap after GC invocations=18 (full 3):
 PSYoungGen      total 152064K, used 22522K [0x00000000f5580000, 0x0000000100000000, 0x0000000100000000)
  eden space 129536K, 0% used [0x00000000f5580000,0x00000000f5580000,0x00000000fd400000)
  from space 22528K, 99% used [0x00000000fd400000,0x00000000fe9fe8a0,0x00000000fea00000)
  to   space 22528K, 0% used [0x00000000fea00000,0x00000000fea00000,0x0000000100000000)
 ParOldGen       total 85504K, used 51476K [0x00000000e0000000, 0x00000000e5380000, 0x00000000f5580000)
  object space 85504K, 60% used [0x00000000e0000000,0x00000000e32452b0,0x00000000e5380000)
 Metaspace       used 61060K, capacity 66864K, committed 67072K, reserved 1107968K
  class space    used 7290K, capacity 9105K, committed 9216K, reserved 1048576K
}
Event: 34.115 GC heap before
{Heap before GC invocations=19 (full 3):
 PSYoungGen      total 152064K, used 52977K [0x00000000f5580000, 0x0000000100000000, 0x0000000100000000)
  eden space 129536K, 23% used [0x00000000f5580000,0x00000000f733dd20,0x00000000fd400000)
  from space 22528K, 99% used [0x00000000fd400000,0x00000000fe9fe8a0,0x00000000fea00000)
  to   space 22528K, 0% used [0x00000000fea00000,0x00000000fea00000,0x0000000100000000)
 ParOldGen       total 85504K, used 51476K [0x00000000e0000000, 0x00000000e5380000, 0x00000000f5580000)
  object space 85504K, 60% used [0x00000000e0000000,0x00000000e32452b0,0x00000000e5380000)
 Metaspace       used 63336K, capacity 69314K, committed 69336K, reserved 1110016K
  class space    used 7552K, capacity 9472K, committed 9472K, reserved 1048576K
Event: 34.125 GC heap after
Heap after GC invocations=19 (full 3):
 PSYoungGen      total 141824K, used 4122K [0x00000000f5580000, 0x0000000100000000, 0x0000000100000000)
  eden space 119296K, 0% used [0x00000000f5580000,0x00000000f5580000,0x00000000fca00000)
  from space 22528K, 18% used [0x00000000fea00000,0x00000000fee06a40,0x0000000100000000)
  to   space 27648K, 0% used [0x00000000fca00000,0x00000000fca00000,0x00000000fe500000)
 ParOldGen       total 85504K, used 60930K [0x00000000e0000000, 0x00000000e5380000, 0x00000000f5580000)
  object space 85504K, 71% used [0x00000000e0000000,0x00000000e3b80b50,0x00000000e5380000)
 Metaspace       used 63336K, capacity 69314K, committed 69336K, reserved 1110016K
  class space    used 7552K, capacity 9472K, committed 9472K, reserved 1048576K
}
Event: 34.125 GC heap before
{Heap before GC invocations=20 (full 4):
 PSYoungGen      total 141824K, used 4122K [0x00000000f5580000, 0x0000000100000000, 0x0000000100000000)
  eden space 119296K, 0% used [0x00000000f5580000,0x00000000f5580000,0x00000000fca00000)
  from space 22528K, 18% used [0x00000000fea00000,0x00000000fee06a40,0x0000000100000000)
  to   space 27648K, 0% used [0x00000000fca00000,0x00000000fca00000,0x00000000fe500000)
 ParOldGen       total 85504K, used 60930K [0x00000000e0000000, 0x00000000e5380000, 0x00000000f5580000)
  object space 85504K, 71% used [0x00000000e0000000,0x00000000e3b80b50,0x00000000e5380000)
 Metaspace       used 63336K, capacity 69314K, committed 69336K, reserved 1110016K
  class space    used 7552K, capacity 9472K, committed 9472K, reserved 1048576K
Event: 34.215 GC heap after
Heap after GC invocations=20 (full 4):
 PSYoungGen      total 141824K, used 0K [0x00000000f5580000, 0x0000000100000000, 0x0000000100000000)
  eden space 119296K, 0% used [0x00000000f5580000,0x00000000f5580000,0x00000000fca00000)
  from space 22528K, 0% used [0x00000000fea00000,0x00000000fea00000,0x0000000100000000)
  to   space 27648K, 0% used [0x00000000fca00000,0x00000000fca00000,0x00000000fe500000)
 ParOldGen       total 98816K, used 47965K [0x00000000e0000000, 0x00000000e6080000, 0x00000000f5580000)
  object space 98816K, 48% used [0x00000000e0000000,0x00000000e2ed76e0,0x00000000e6080000)
 Metaspace       used 63336K, capacity 69314K, committed 69336K, reserved 1110016K
  class space    used 7552K, capacity 9472K, committed 9472K, reserved 1048576K
}
Event: 319.317 GC heap before
{Heap before GC invocations=21 (full 4):
 PSYoungGen      total 141824K, used 119296K [0x00000000f5580000, 0x0000000100000000, 0x0000000100000000)
  eden space 119296K, 100% used [0x00000000f5580000,0x00000000fca00000,0x00000000fca00000)
  from space 22528K, 0% used [0x00000000fea00000,0x00000000fea00000,0x0000000100000000)
  to   space 27648K, 0% used [0x00000000fca00000,0x00000000fca00000,0x00000000fe500000)
 ParOldGen       total 98816K, used 47965K [0x00000000e0000000, 0x00000000e6080000, 0x00000000f5580000)
  object space 98816K, 48% used [0x00000000e0000000,0x00000000e2ed76e0,0x00000000e6080000)
 Metaspace       used 74546K, capacity 81404K, committed 81624K, reserved 1120256K
  class space    used 8894K, capacity 11157K, committed 11264K, reserved 1048576K
Event: 319.328 GC heap after
Heap after GC invocations=21 (full 4):
 PSYoungGen      total 146944K, used 15799K [0x00000000f5580000, 0x0000000100000000, 0x0000000100000000)
  eden space 119296K, 0% used [0x00000000f5580000,0x00000000f5580000,0x00000000fca00000)
  from space 27648K, 57% used [0x00000000fca00000,0x00000000fd96dea8,0x00000000fe500000)
  to   space 27648K, 0% used [0x00000000fe500000,0x00000000fe500000,0x0000000100000000)
 ParOldGen       total 98816K, used 47973K [0x00000000e0000000, 0x00000000e6080000, 0x00000000f5580000)
  object space 98816K, 48% used [0x00000000e0000000,0x00000000e2ed96e0,0x00000000e6080000)
 Metaspace       used 74546K, capacity 81404K, committed 81624K, reserved 1120256K
  class space    used 8894K, capacity 11157K, committed 11264K, reserved 1048576K
}
Event: 2734.314 GC heap before
{Heap before GC invocations=22 (full 4):
 PSYoungGen      total 146944K, used 135095K [0x00000000f5580000, 0x0000000100000000, 0x0000000100000000)
  eden space 119296K, 100% used [0x00000000f5580000,0x00000000fca00000,0x00000000fca00000)
  from space 27648K, 57% used [0x00000000fca00000,0x00000000fd96dea8,0x00000000fe500000)
  to   space 27648K, 0% used [0x00000000fe500000,0x00000000fe500000,0x0000000100000000)
 ParOldGen       total 98816K, used 47973K [0x00000000e0000000, 0x00000000e6080000, 0x00000000f5580000)
  object space 98816K, 48% used [0x00000000e0000000,0x00000000e2ed96e0,0x00000000e6080000)
 Metaspace       used 75318K, capacity 82108K, committed 82392K, reserved 1120256K
  class space    used 8929K, capacity 11221K, committed 11264K, reserved 1048576K
Event: 2734.325 GC heap after
Heap after GC invocations=22 (full 4):
 PSYoungGen      total 143872K, used 10830K [0x00000000f5580000, 0x00000000ffd00000, 0x0000000100000000)
  eden space 119296K, 0% used [0x00000000f5580000,0x00000000f5580000,0x00000000fca00000)
  from space 24576K, 44% used [0x00000000fe500000,0x00000000fef93ac0,0x00000000ffd00000)
  to   space 26112K, 0% used [0x00000000fca00000,0x00000000fca00000,0x00000000fe380000)
 ParOldGen       total 98816K, used 47981K [0x00000000e0000000, 0x00000000e6080000, 0x00000000f5580000)
  object space 98816K, 48% used [0x00000000e0000000,0x00000000e2edb6e0,0x00000000e6080000)
 Metaspace       used 75318K, capacity 82108K, committed 82392K, reserved 1120256K
  class space    used 8929K, capacity 11221K, committed 11264K, reserved 1048576K
}

Deoptimization events (10 events):
Event: 3880.405 Thread 0x0000000018d09800 Uncommon trap: reason=class_check action=maybe_recompile pc=0x00000000045af8c0 method=org.eclipse.e4.core.internal.contexts.ContextObjectSupplier$ContextInjectionListener.update(Lorg/eclipse/e4/core/contexts/IEclipseContext;I[Ljava/lang/Object;)Z @ 173
Event: 3880.405 Thread 0x0000000018d09800 Uncommon trap: reason=class_check action=maybe_recompile pc=0x00000000045c57e8 method=org.eclipse.e4.core.internal.contexts.TrackableComputationExt.update(Lorg/eclipse/e4/core/internal/contexts/ContextChangeEvent;)Z @ 62
Event: 3880.405 Thread 0x0000000018d09800 Uncommon trap: reason=class_check action=maybe_recompile pc=0x00000000045af8c0 method=org.eclipse.e4.core.internal.contexts.ContextObjectSupplier$ContextInjectionListener.update(Lorg/eclipse/e4/core/contexts/IEclipseContext;I[Ljava/lang/Object;)Z @ 173
Event: 3880.582 Thread 0x0000000018d75800 Uncommon trap: reason=unstable_if action=reinterpret pc=0x00000000027f2724 method=sun.nio.cs.SingleByte$Encoder.encode(C)I @ 13
Event: 3880.583 Thread 0x0000000018d75800 Uncommon trap: reason=unstable_if action=reinterpret pc=0x0000000003c86cb4 method=java.nio.charset.CharsetEncoder.encode(Ljava/nio/CharBuffer;Ljava/nio/ByteBuffer;Z)Ljava/nio/charset/CoderResult; @ 105
Event: 3881.350 Thread 0x0000000018d09800 Uncommon trap: reason=unstable_if action=reinterpret pc=0x0000000003784c60 method=org.eclipse.osgi.internal.hooks.EclipseLazyStarter.shouldActivateFor(Ljava/lang/String;Lorg/eclipse/osgi/container/Module;Lorg/eclipse/osgi/container/ModuleRevision;Lorg/ecli
Event: 3881.397 Thread 0x0000000018d09800 Uncommon trap: reason=null_check action=maybe_recompile pc=0x0000000003f8c860 method=com.xilinx.sdk.targetmanager.internal.json.XMDJSONProcess.issueCommand(Ljava/lang/String;)Lcom/xilinx/sdk/targetmanager/internal/IXMDResult; @ 3
Event: 3881.426 Thread 0x0000000018d09800 Uncommon trap: reason=unstable_if action=reinterpret pc=0x000000000350287c method=org.eclipse.osgi.internal.serviceregistry.FilteredServiceListener.serviceChanged(Lorg/osgi/framework/ServiceEvent;)V @ 179
Event: 3881.583 Thread 0x0000000018d00800 Uncommon trap: reason=unstable_if action=reinterpret pc=0x0000000004456668 method=org.eclipse.tcf.EventQueue.invokeLater(Ljava/lang/Runnable;)V @ 22
Event: 3882.082 Thread 0x0000000018d09800 Uncommon trap: reason=unstable_if action=reinterpret pc=0x00000000039ee2dc method=sun.reflect.UnsafeStaticObjectFieldAccessorImpl.set(Ljava/lang/Object;Ljava/lang/Object;)V @ 13

Internal exceptions (10 events):
Event: 319.356 Thread 0x00000000024d8000 Implicit null exception at 0x0000000002bd5015 to 0x0000000002bd5455
Event: 319.366 Thread 0x0000000018d08800 Implicit null exception at 0x0000000002da7218 to 0x0000000002da7af9
Event: 3880.562 Thread 0x0000000018d73800 Exception <a 'java/lang/InterruptedException'> (0x00000000fa60c7d0) thrown at [C:\re\workspace\8-2-build-windows-amd64-cygwin\jdk8u66\5298\hotspot\src\share\vm\runtime\objectMonitor.cpp, line 1683]
Event: 3881.398 Thread 0x0000000018d09800 Exception <a 'java/lang/NullPointerException'> (0x00000000fa8a4660) thrown at [C:\re\workspace\8-2-build-windows-amd64-cygwin\jdk8u66\5298\hotspot\src\share\vm\prims\jvm.cpp, line 1390]
Event: 3882.063 Thread 0x0000000017163000 Exception <a 'java/lang/InterruptedException'> (0x00000000f85406a0) thrown at [C:\re\workspace\8-2-build-windows-amd64-cygwin\jdk8u66\5298\hotspot\src\share\vm\runtime\objectMonitor.cpp, line 1683]
Event: 3882.082 Thread 0x0000000018d09800 Implicit null exception at 0x00000000039eded7 to 0x00000000039ee2c9
Event: 3882.082 Thread 0x0000000015165000 Exception <a 'java/lang/InterruptedException'> (0x00000000fabcaab0) thrown at [C:\re\workspace\8-2-build-windows-amd64-cygwin\jdk8u66\5298\hotspot\src\share\vm\runtime\objectMonitor.cpp, line 1683]
Event: 3882.086 Thread 0x0000000016e66000 Exception <a 'java/lang/InterruptedException'> (0x00000000f9fb1fe8) thrown at [C:\re\workspace\8-2-build-windows-amd64-cygwin\jdk8u66\5298\hotspot\src\share\vm\runtime\objectMonitor.cpp, line 1683]
Event: 3882.086 Thread 0x0000000015168800 Exception <a 'java/lang/InterruptedException'> (0x00000000fad7b3a8) thrown at [C:\re\workspace\8-2-build-windows-amd64-cygwin\jdk8u66\5298\hotspot\src\share\vm\runtime\objectMonitor.cpp, line 1683]
Event: 3882.086 Thread 0x0000000017010800 Exception <a 'java/lang/InterruptedException'> (0x00000000fad9a518) thrown at [C:\re\workspace\8-2-build-windows-amd64-cygwin\jdk8u66\5298\hotspot\src\share\vm\runtime\objectMonitor.cpp, line 1683]

Events (10 events):
Event: 3882.090 Thread 0x0000000015006000 flushing nmethod 0x00000000045d0710
Event: 3882.115 loading class java/util/IdentityHashMap$IdentityHashMapIterator done
Event: 3882.115 loading class java/util/IdentityHashMap$KeyIterator done
Event: 3882.115 Thread 0x0000000018d09800 Thread added: 0x0000000018d09800
Event: 3882.115 Executing VM operation: RevokeBias
Event: 3882.115 Executing VM operation: RevokeBias done
Event: 3882.115 Executing VM operation: RevokeBias
Event: 3882.115 Executing VM operation: RevokeBias done
Event: 3882.115 Thread 0x0000000018d09800 Thread exited: 0x0000000018d09800
Event: 3882.116 Executing VM operation: Exit


Dynamic libraries:
0x0000000000400000 - 0x000000000044f000 	C:\Xilinx\SDK\2016.2\eclipse\win64.o\eclipse.exe
0x00000000778f0000 - 0x0000000077a9a000 	C:\Windows\SYSTEM32\ntdll.dll
0x00000000777d0000 - 0x00000000778ef000 	C:\Windows\system32\kernel32.dll
0x000007fefd6e0000 - 0x000007fefd74a000 	C:\Windows\system32\KERNELBASE.dll
0x00000000776d0000 - 0x00000000777ca000 	C:\Windows\system32\USER32.dll
0x000007fefe310000 - 0x000007fefe377000 	C:\Windows\system32\GDI32.dll
0x000007fefd9f0000 - 0x000007fefd9fe000 	C:\Windows\system32\LPK.dll
0x000007feffb30000 - 0x000007feffbfa000 	C:\Windows\system32\USP10.dll
0x000007fefed00000 - 0x000007fefed9f000 	C:\Windows\system32\msvcrt.dll
0x000007fefbf40000 - 0x000007fefc134000 	C:\Windows\WinSxS\amd64_microsoft.windows.common-controls_6595b64144ccf1df_6.0.7601.18837_none_fa3b1e3d17594757\COMCTL32.dll
0x000007fefec70000 - 0x000007fefece1000 	C:\Windows\system32\SHLWAPI.dll
0x000007fefdb80000 - 0x000007fefdbae000 	C:\Windows\system32\IMM32.DLL
0x000007fefdbb0000 - 0x000007fefdcb9000 	C:\Windows\system32\MSCTF.dll
0x0000000072000000 - 0x0000000072012000 	C:\Xilinx\SDK\2016.2\eclipse\win64.o\plugins\org.eclipse.equinox.launcher.win32.win32.x86_64_1.1.300.v20150602-1417\eclipse_1611.dll
0x000007fefe170000 - 0x000007fefe24b000 	C:\Windows\system32\ADVAPI32.dll
0x000007fefe380000 - 0x000007fefe39f000 	C:\Windows\SYSTEM32\sechost.dll
0x000007fefe530000 - 0x000007fefe65d000 	C:\Windows\system32\RPCRT4.dll
0x000007fefc6c0000 - 0x000007fefc6cc000 	C:\Windows\system32\VERSION.dll
0x000007fefbee0000 - 0x000007fefbf36000 	C:\Windows\system32\UxTheme.dll
0x0000000071530000 - 0x0000000071db9000 	C:\Xilinx\SDK\2016.2\tps\win64\jre\bin\server\jvm.dll
0x000007fefb030000 - 0x000007fefb039000 	C:\Windows\system32\WSOCK32.dll
0x000007fefec20000 - 0x000007fefec6d000 	C:\Windows\system32\WS2_32.dll
0x000007fefecf0000 - 0x000007fefecf8000 	C:\Windows\system32\NSI.dll
0x000007fefa3c0000 - 0x000007fefa3fb000 	C:\Windows\system32\WINMM.dll
0x0000000077ab0000 - 0x0000000077ab7000 	C:\Windows\system32\PSAPI.DLL
0x0000000072350000 - 0x0000000072422000 	C:\Windows\system32\MSVCR100.dll
0x0000000074520000 - 0x000000007452f000 	C:\Xilinx\SDK\2016.2\tps\win64\jre\bin\verify.dll
0x0000000071ef0000 - 0x0000000071f19000 	C:\Xilinx\SDK\2016.2\tps\win64\jre\bin\java.dll
0x0000000071ed0000 - 0x0000000071ee6000 	C:\Xilinx\SDK\2016.2\tps\win64\jre\bin\zip.dll
0x000007fefeda0000 - 0x000007feffb29000 	C:\Windows\system32\SHELL32.dll
0x000007fefe660000 - 0x000007fefe863000 	C:\Windows\system32\ole32.dll
0x000007fefd640000 - 0x000007fefd64f000 	C:\Windows\system32\profapi.dll
0x000007fefce30000 - 0x000007fefce48000 	C:\Windows\system32\CRYPTSP.dll
0x000007fefcb30000 - 0x000007fefcb77000 	C:\Windows\system32\rsaenh.dll
0x000007fefd670000 - 0x000007fefd68e000 	C:\Windows\system32\USERENV.dll
0x000007fefd490000 - 0x000007fefd49f000 	C:\Windows\system32\CRYPTBASE.dll
0x0000000071eb0000 - 0x0000000071eca000 	C:\Xilinx\SDK\2016.2\tps\win64\jre\bin\net.dll
0x000007fefcdd0000 - 0x000007fefce25000 	C:\Windows\system32\mswsock.dll
0x000007fefcdc0000 - 0x000007fefcdc7000 	C:\Windows\System32\wship6.dll
0x000007fef9f80000 - 0x000007fef9fa7000 	C:\Windows\system32\IPHLPAPI.DLL
0x000007fef9f70000 - 0x000007fef9f7b000 	C:\Windows\system32\WINNSI.DLL
0x000007fef9520000 - 0x000007fef9531000 	C:\Windows\system32\dhcpcsvc6.DLL
0x000007fef9500000 - 0x000007fef9518000 	C:\Windows\system32\dhcpcsvc.DLL
0x0000000071e90000 - 0x0000000071ea1000 	C:\Xilinx\SDK\2016.2\tps\win64\jre\bin\nio.dll
0x000007fef9a50000 - 0x000007fef9a65000 	C:\Windows\system32\NLAapi.dll
0x000007fef90b0000 - 0x000007fef90c5000 	C:\Windows\system32\napinsp.dll
0x000007fef90d0000 - 0x000007fef90e9000 	C:\Windows\system32\pnrpnsp.dll
0x000007fefcc50000 - 0x000007fefccab000 	C:\Windows\system32\DNSAPI.dll
0x000007fef90a0000 - 0x000007fef90ab000 	C:\Windows\System32\winrnr.dll
0x000007fefc790000 - 0x000007fefc797000 	C:\Windows\System32\wshtcpip.dll
0x000007fef90f0000 - 0x000007fef90f8000 	C:\Windows\system32\rasadhlp.dll
0x000007fef95b0000 - 0x000007fef9603000 	C:\Windows\System32\fwpuclnt.dll
0x00000000178f0000 - 0x0000000017998000 	C:\Users\wanxing1\.Xilinx\SDK\2016.2\org.eclipse.osgi\312\0\.cp\swt-win32-4527.dll
0x000007fefda00000 - 0x000007fefdad8000 	C:\Windows\system32\OLEAUT32.dll
0x000007fefe250000 - 0x000007fefe2e7000 	C:\Windows\system32\comdlg32.dll
0x000007fef6b50000 - 0x000007fef6bc1000 	C:\Windows\system32\WINSPOOL.DRV
0x000007fefdea0000 - 0x000007fefe165000 	C:\Windows\system32\WININET.dll
0x000007fefd660000 - 0x000007fefd664000 	C:\Windows\system32\api-ms-win-downlevel-user32-l1-1-0.dll
0x000007fefd6d0000 - 0x000007fefd6d4000 	C:\Windows\system32\api-ms-win-downlevel-shlwapi-l1-1-0.dll
0x000007fefd650000 - 0x000007fefd654000 	C:\Windows\system32\api-ms-win-downlevel-version-l1-1-0.dll
0x000007fefd690000 - 0x000007fefd693000 	C:\Windows\system32\api-ms-win-downlevel-normaliz-l1-1-0.dll
0x0000000077ac0000 - 0x0000000077ac3000 	C:\Windows\system32\normaliz.DLL
0x000007fefe950000 - 0x000007fefec19000 	C:\Windows\system32\iertutil.dll
0x000007fefd8c0000 - 0x000007fefd8c5000 	C:\Windows\system32\api-ms-win-downlevel-advapi32-l1-1-0.dll
0x000007fefd750000 - 0x000007fefd8bd000 	C:\Windows\system32\CRYPT32.dll
0x000007fefd630000 - 0x000007fefd63f000 	C:\Windows\system32\MSASN1.dll
0x000007fefb9b0000 - 0x000007fefbadc000 	C:\Windows\system32\propsys.dll
0x000007fefdae0000 - 0x000007fefdb79000 	C:\Windows\system32\CLBCatQ.DLL
0x00000000003c0000 - 0x00000000003de000 	C:\Users\wanxing1\.Xilinx\SDK\2016.2\org.eclipse.osgi\312\0\.cp\swt-gdip-win32-4527.dll
0x000007fefbcc0000 - 0x000007fefbed6000 	C:\Windows\WinSxS\amd64_microsoft.windows.gdiplus_6595b64144ccf1df_1.1.7601.23508_none_145555328b95eaaa\gdiplus.dll
0x000007fefb7e0000 - 0x000007fefb941000 	C:\Windows\system32\WindowsCodecs.dll
0x0000000180000000 - 0x0000000180012000 	C:\Users\wanxing1\.Xilinx\SDK\2016.2\org.eclipse.osgi\126\0\.cp\os\win32\x86_64\localfile_1_0_0.dll
0x000007feeef40000 - 0x000007feeef94000 	C:\Windows\system32\oleacc.dll
0x000007fef9fc0000 - 0x000007fef9fc7000 	C:\Windows\system32\msimg32.dll
0x000007fefd580000 - 0x000007fefd594000 	C:\Windows\system32\RpcRtRemote.dll
0x000007fefd430000 - 0x000007fefd487000 	C:\Windows\system32\apphelp.dll
0x000007feeb740000 - 0x000007feeb751000 	C:\Users\wanxing1\.Xilinx\SDK\2016.2\org.eclipse.osgi\129\0\.cp\jWinHttp-1.0.0.dll
0x000007fef9950000 - 0x000007fef99c1000 	C:\Windows\system32\WINHTTP.dll
0x000007fef98e0000 - 0x000007fef9944000 	C:\Windows\system32\webio.dll
0x000007fefd400000 - 0x000007fefd425000 	C:\Windows\system32\SspiCli.dll
0x000007fefc9f0000 - 0x000007fefc9fa000 	C:\Windows\system32\credssp.dll
0x000007fefd910000 - 0x000007fefd946000 	C:\Windows\system32\CFGMGR32.dll
0x000007fefa040000 - 0x000007fefa04f000 	C:\Xilinx\SDK\2016.2\lib\win64.o\librdi_repo_manager.dll
0x000007feeb830000 - 0x000007feeb85a000 	C:\Xilinx\SDK\2016.2\lib\win64.o\libisl_sysinfo.dll
0x000007feec0a0000 - 0x000007feec174000 	C:\Windows\system32\MSVCR110.dll
0x000007feebff0000 - 0x000007feec097000 	C:\Windows\system32\MSVCP110.dll
0x000007fec2380000 - 0x000007fec2dc0000 	C:\Xilinx\SDK\2016.2\lib\win64.o\librdi_common.dll
0x000007fec3490000 - 0x000007fec37fe000 	C:\Xilinx\SDK\2016.2\lib\win64.o\libCOIN-all.dll
0x000007feeddc0000 - 0x000007feedfdf000 	C:\Xilinx\SDK\2016.2\lib\win64.o\libXil_lmgr11.dll
0x000007fefb6a0000 - 0x000007fefb6b6000 	C:\Windows\system32\NETAPI32.dll
0x000007fefca60000 - 0x000007fefca6c000 	C:\Windows\system32\netutils.dll
0x000007fefd0d0000 - 0x000007fefd0f3000 	C:\Windows\system32\srvcli.dll
0x000007fefb680000 - 0x000007fefb695000 	C:\Windows\system32\wkscli.dll
0x000007fefd8d0000 - 0x000007fefd90b000 	C:\Windows\system32\WINTRUST.dll
0x000007fefb7a0000 - 0x000007fefb7b0000 	C:\Xilinx\SDK\2016.2\lib\win64.o\libboost_date_time.dll
0x000007fef9b20000 - 0x000007fef9b44000 	C:\Xilinx\SDK\2016.2\lib\win64.o\libboost_filesystem.dll
0x000007fefb020000 - 0x000007fefb029000 	C:\Xilinx\SDK\2016.2\lib\win64.o\libboost_system.dll
0x000007feee5b0000 - 0x000007feee627000 	C:\Xilinx\SDK\2016.2\lib\win64.o\libboost_program_options.dll
0x000007feee4a0000 - 0x000007feee5a6000 	C:\Xilinx\SDK\2016.2\lib\win64.o\libboost_regex.dll
0x000007fefac20000 - 0x000007fefac33000 	C:\Xilinx\SDK\2016.2\lib\win64.o\libboost_signals.dll
0x000007fef99d0000 - 0x000007fef99ed000 	C:\Xilinx\SDK\2016.2\lib\win64.o\libboost_thread.dll
0x000007fefaff0000 - 0x000007fefaffb000 	C:\Xilinx\SDK\2016.2\lib\win64.o\libboost_chrono.dll
0x000007fefac10000 - 0x000007fefac1b000 	C:\Xilinx\SDK\2016.2\lib\win64.o\libboost_xilinx.dll
0x000007feee630000 - 0x000007feee6b0000 	C:\Xilinx\SDK\2016.2\lib\win64.o\libhdlpsolve.dll
0x000007feeb8c0000 - 0x000007feeb95a000 	C:\Xilinx\SDK\2016.2\lib\win64.o\libhdxml.dll
0x000007fec3020000 - 0x000007fec3485e00 	C:\Xilinx\SDK\2016.2\lib\win64.o\libisl_iostreams.dll
0x000007feeee10000 - 0x000007feeee26000 	C:\Xilinx\SDK\2016.2\lib\win64.o\libboost_iostreams.dll
0x000007feeb890000 - 0x000007feeb8b3000 	C:\Xilinx\SDK\2016.2\lib\win64.o\librdizlib.dll
0x000007feeb860000 - 0x000007feeb883000 	C:\Xilinx\SDK\2016.2\lib\win64.o\libisl_iosutils.dll
0x000007fefafc0000 - 0x000007fefafd5000 	C:\Xilinx\SDK\2016.2\lib\win64.o\pthreadVC2.dll
0x000007feeb7d0000 - 0x000007feeb824000 	C:\Xilinx\SDK\2016.2\lib\win64.o\librdi_commonxillic.dll
0x000007fec3c30000 - 0x000007fec3d60000 	C:\Xilinx\SDK\2016.2\lib\win64.o\librdi_curl.dll
0x000007feeb7b0000 - 0x000007feeb7c8000 	C:\Xilinx\SDK\2016.2\lib\win64.o\librdiconfig.dll
0x0000000070980000 - 0x0000000070aa7000 	C:\Xilinx\SDK\2016.2\lib\win64.o\tcl85t.dll
0x00000000265b0000 - 0x0000000026813000 	C:\Xilinx\SDK\2016.2\lib\win64.o\xerces-c_3_1.dll
0x000007fefe3a0000 - 0x000007fefe526000 	C:\Windows\system32\urlmon.dll
0x000007fefd6a0000 - 0x000007fefd6a4000 	C:\Windows\system32\api-ms-win-downlevel-ole32-l1-1-0.dll
0x000007fee9690000 - 0x000007fee96b3000 	C:\Windows\system32\VCOMP110.DLL
0x000007fec2e20000 - 0x000007fec3012000 	C:\Xilinx\SDK\2016.2\lib\win64.o\librdi_hsm.dll
0x000007feeb760000 - 0x000007feeb7a3000 	C:\Xilinx\SDK\2016.2\lib\win64.o\librdi_hdf.dll
0x000007fec18b0000 - 0x000007fec1b31000 	C:\Xilinx\SDK\2016.2\lib\win64.o\librdi_ippcw.dll
0x000007fec3c10000 - 0x000007fec3c26000 	C:\Xilinx\SDK\2016.2\eclipse\win64.o\plugins\org.eclipse.cdt.core.win32.x86_64_5.4.0.201509131935\os\win32\x86_64\spawner.dll
0x000007fef9fb0000 - 0x000007fef9fba000 	C:\Xilinx\SDK\2016.2\lib\win64.o\librdi_jtag_settings.dll
0x000007fec3be0000 - 0x000007fec3c09000 	C:\Xilinx\SDK\2016.2\lib\win64.o\librdi_debug_dialog.dll
0x000007fef5170000 - 0x000007fef5178000 	C:\Xilinx\SDK\2016.2\lib\win64.o\librdi_target_manager.dll
0x0000000071080000 - 0x00000000710a6000 	C:\Xilinx\SDK\2016.2\eclipse\win64.o\plugins\gnu.io.rxtx.win32.x86_64_2.1.7.3_v20071015\os\win32\x86_64\rxtxSerial.dll
0x000007fef1cb0000 - 0x000007fef24c0000 	C:\Xilinx\SDK\2016.2\lib\win64.o\libXil_lmgr11FNP.dll
0x000007fef5800000 - 0x000007fef580b000 	C:\Windows\system32\snmpapi.dll

VM Arguments:
jvm_args: -Dcom.xilinx.sdk.args.hwspec=W:/ECE532/feed_through/NexysVideo-master/Projects/hdmi/proj/hdmi.sdk/hdmi_wrapper.hdf -Xms64m -Xmx512m & 
java_command: <unknown>
java_class_path (initial): C:\Xilinx\SDK\2016.2\eclipse\win64.o\\plugins/org.eclipse.equinox.launcher_1.3.100.v20150511-1540.jar
Launcher Type: generic

Environment Variables:
PATH=C:/Xilinx/SDK/2016.2/tps/win64/jre/bin/server;C:/Xilinx/SDK/2016.2/tps/win64/jre/bin;C:/Xilinx/SDK/2016.2/tps/win64/jre/lib/amd64;C:\Xilinx\SDK\2016.2\gnuwin\bin;C:\Xilinx\SDK\2016.2\gnu\microblaze\nt\bin;C:\Xilinx\SDK\2016.2\gnu\microblaze\linux_toolchain\nt64_le\bin;C:\Xilinx\SDK\2016.2\gnu\microblaze\linux_toolchain\nt64_be\bin;C:\Xilinx\SDK\2016.2\gnu\arm\nt\bin;C:\Xilinx\SDK\2016.2\gnu\aarch64\nt\aarch64-none\bin;C:\Xilinx\SDK\2016.2\gnu\aarch64\nt\aarch64-linux\bin;C:\Xilinx\SDK\2016.2\gnu\armr5\nt\gcc-arm-none-eabi\bin;C:\Xilinx\SDK\2016.2\gnu\aarch32\nt\gcc-arm-none-eabi\bin;C:\Xilinx\SDK\2016.2\gnu\aarch32\nt\gcc-arm-linux-gnueabi\bin;C:\Xilinx\SDK\2016.2\tps\win64\cmake-3.3.2\bin;;C:\Xilinx\SDK\2016.2\bin;C:\Xilinx\SDK\2016.2\lib\win64.o;C:\Xilinx\SDK\2016.2\tps\win64\jre\bin\server;C:\Xilinx\SDK\2016.2\tps\win64\jre\bin;C:\Xilinx\Vivado\2016.2\ids_lite\ISE\bin\nt64;C:\Xilinx\Vivado\2016.2\ids_lite\ISE\lib\nt64;C:\Xilinx\Vivado\2016.2\bin;C:\Xilinx\Vivado\2016.2\lib\win64.o;C:\Xilinx\Vivado\2016.2\tps\win64\jre\bin\server;C:\Xilinx\Vivado\2016.2\tps\win64\jre\bin;C:\Xilinx\Vivado_HLS\2016.2\bin;C:\Windows\system32;C:\Windows;C:\Windows\System32\Wbem;C:\Windows\System32\WindowsPowerShell\v1.0\;C:\Program Files (x86)\Java\jre6\bin;C:\Program Files (x86)\eclipse;C:\altera\16.0\quartus\bin64;c:\altera\16.0\quartus\bin64\jre64\bin;w:\ECE532\feed_through\NexysVideo-master\Projects\hdmi\proj;
USERNAME=wanxing1
OS=Windows_NT
PROCESSOR_IDENTIFIER=Intel64 Family 6 Model 60 Stepping 3, GenuineIntel



---------------  S Y S T E M  ---------------

OS: Windows 7 , 64 bit Build 7601 (6.1.7601.23418)

CPU:total 8 (4 cores per cpu, 2 threads per core) family 6 model 60 stepping 3, cmov, cx8, fxsr, mmx, sse, sse2, sse3, ssse3, sse4.1, sse4.2, popcnt, avx, avx2, aes, clmul, erms, lzcnt, ht, tsc, tscinvbit, bmi1, bmi2

Memory: 4k page, physical 16683168k(10346500k free), swap 33364476k(26294208k free)

vm_info: Java HotSpot(TM) 64-Bit Server VM (25.66-b18) for windows-amd64 JRE (1.8.0_66-b18), built on Nov  9 2015 10:51:13 by "java_re" with MS VC++ 10.0 (VS2010)

time: Thu Mar 23 16:53:43 2017
elapsed time: 3882 seconds (0d 1h 4m 42s)

