#
# A fatal error has been detected by the Java Runtime Environment:
#
#  EXCEPTION_UNCAUGHT_CXX_EXCEPTION (0xe06d7363) at pc=0x000007fefd61a06d, pid=4068, tid=5200
#
# JRE version: Java(TM) SE Runtime Environment (8.0_66-b18) (build 1.8.0_66-b18)
# Java VM: Java HotSpot(TM) 64-Bit Server VM (25.66-b18 mixed mode windows-amd64 compressed oops)
# Problematic frame:
# C  [KERNELBASE.dll+0x1a06d]
#
# Failed to write core dump. Minidumps are not enabled by default on client versions of Windows
#
# If you would like to submit a bug report, please visit:
#   http://bugreport.java.com/bugreport/crash.jsp
#

---------------  T H R E A D  ---------------

Current thread (0x0000000014db2800):  VMThread [stack: 0x0000000015d00000,0x0000000015e00000] [id=5200]

siginfo: ExceptionCode=0xe06d7363, ExceptionInformation=0x0000000019930520 0x0000000015dff4c8 0x000007feed802cb8 0x000007feed750000 

Registers:
RAX=0x000000006262b606, RBX=0x000007feed802cb8, RCX=0x0000000015dfed10, RDX=0x00000000000000d0
RSP=0x0000000015dff320, RBP=0x0000000015dff450, RSI=0x00000000ffffffff, RDI=0x0000000017437db0
R8 =0x0000000000000000, R9 =0x0000000000000000, R10=0x000007feed750000, R11=0x0000000015dff360
R12=0x0000000000000001, R13=0x0000000000000008, R14=0x0000000000000000, R15=0xffffffffffffffff
RIP=0x000007fefd61a06d, EFLAGS=0x0000000000000206

Top of Stack: (sp=0x0000000015dff320)
0x0000000015dff320:   000007feed802cb8 00000000ffffffff
0x0000000015dff330:   0000000017437db0 0000000000277160
0x0000000015dff340:   00000001e06d7363 0000000000000000
0x0000000015dff350:   000007fefd61a06d 000007fe00000004
0x0000000015dff360:   0000000019930520 0000000015dff4c8
0x0000000015dff370:   000007feed802cb8 000007feed750000
0x0000000015dff380:   0000000000000000 0000000015dff408
0x0000000015dff390:   0000000000000028 0000000017437da0
0x0000000015dff3a0:   00000000174150f0 0000000000000000
0x0000000015dff3b0:   000007fffffa6000 000000007763f2d3
0x0000000015dff3c0:   0000000000000000 0000000000000008
0x0000000015dff3d0:   0000000000000001 0000000017437db0
0x0000000015dff3e0:   00000000ffffffff 000007feed7ae92c
0x0000000015dff3f0:   000007feed802cb8 0000000015dff460
0x0000000015dff400:   0000000000000001 000007feed7500f8
0x0000000015dff410:   00000001e06d7363 0000000000000000 

Instructions: (pc=0x000007fefd61a06d)
0x000007fefd61a04d:   54 24 24 48 89 4c 24 28 4d 85 c9 0f 85 6a 03 00
0x000007fefd61a05d:   00 89 4c 24 38 48 8d 4c 24 20 ff 15 33 02 03 00
0x000007fefd61a06d:   48 81 c4 c8 00 00 00 c3 90 90 90 90 90 90 90 90
0x000007fefd61a07d:   90 90 90 48 83 ec 28 65 48 8b 04 25 30 00 00 00 


Register to memory mapping:

RAX=0x000000006262b606 is an unknown value
RBX=0x000007feed802cb8 is an unknown value
RCX=0x0000000015dfed10 is an unknown value
RDX=0x00000000000000d0 is an unknown value
RSP=0x0000000015dff320 is an unknown value
RBP=0x0000000015dff450 is an unknown value
RSI=0x00000000ffffffff is an unknown value
RDI=0x0000000017437db0 is an unknown value
R8 =0x0000000000000000 is an unknown value
R9 =0x0000000000000000 is an unknown value
R10=0x000007feed750000 is an unknown value
R11=0x0000000015dff360 is an unknown value
R12=0x0000000000000001 is an unknown value
R13=0x0000000000000008 is an unknown value
R14=0x0000000000000000 is an unknown value
R15=0xffffffffffffffff is an unknown value


Stack: [0x0000000015d00000,0x0000000015e00000],  sp=0x0000000015dff320,  free space=1020k
Native frames: (J=compiled Java code, j=interpreted, Vv=VM code, C=native code)
C  [KERNELBASE.dll+0x1a06d]
C  [MSVCR110.dll+0x5e92c]
C  [MSVCR110.dll+0x1315c]
C  [MSVCR110.dll+0x136a9]
C  [MSVCR110.dll+0x13e9c]
C  [MSVCR110.dll+0x239e]
C  [MSVCR110.dll+0xaf9e]
C  [MSVCP110.dll+0x397b9]
C  [librdi_common.dll+0x182316]
C  [librdi_common.dll+0x180fab]
C  [librdi_target_manager.dll+0x2400]
C  [librdi_target_manager.dll+0x2682]
C  [ntdll.dll+0x229b1]
C  [ntdll.dll+0x227c0]
C  [MSVCR100.dll+0x20ccd]
V  [jvm.dll+0x210cc5]
V  [jvm.dll+0x249897]
V  [jvm.dll+0x248b36]
V  [jvm.dll+0x248fd1]
V  [jvm.dll+0x2491ee]
V  [jvm.dll+0x29a0fa]
C  [MSVCR100.dll+0x21d9f]
C  [MSVCR100.dll+0x21e3b]
C  [kernel32.dll+0x159bd]
C  [ntdll.dll+0x2a2e1]

VM_Operation (0x000000000012f4c0): Exit, mode: safepoint, requested by thread 0x00000000021d8000


---------------  P R O C E S S  ---------------

Java Threads: ( => current thread )
  0x000000001c343800 JavaThread "pool-2-thread-1" [_thread_blocked, id=4968, stack(0x0000000028260000,0x0000000028360000)]
  0x000000001c342000 JavaThread "Thread-23" daemon [_thread_blocked, id=5732, stack(0x0000000027e60000,0x0000000027f60000)]
  0x0000000018019000 JavaThread "TCF Channel Transmitter" daemon [_thread_blocked, id=4380, stack(0x0000000024d20000,0x0000000024e20000)]
  0x0000000018018800 JavaThread "TCF Channel Receiver" daemon [_thread_in_native, id=5196, stack(0x0000000024490000,0x0000000024590000)]
  0x0000000018017800 JavaThread "Process monitor" daemon [_thread_in_native, id=5996, stack(0x0000000025160000,0x0000000025260000)]
  0x0000000018017000 JavaThread "Input Stream Monitor" daemon [_thread_blocked, id=2836, stack(0x0000000025060000,0x0000000025160000)]
  0x0000000018016000 JavaThread "Output Stream Monitor" daemon [_thread_in_native, id=5256, stack(0x0000000024f60000,0x0000000025060000)]
  0x0000000018015800 JavaThread "Output Stream Monitor" daemon [_thread_in_native, id=1692, stack(0x0000000024e60000,0x0000000024f60000)]
  0x0000000018014800 JavaThread "TCF Locator DNS Lookup" daemon [_thread_blocked, id=4416, stack(0x0000000024a30000,0x0000000024b30000)]
  0x0000000018014000 JavaThread "TCF Locator Timer" daemon [_thread_blocked, id=4092, stack(0x0000000024930000,0x0000000024a30000)]
  0x0000000018013000 JavaThread "TCF Locator Receiver" daemon [_thread_blocked, id=5484, stack(0x0000000024830000,0x0000000024930000)]
  0x0000000018011800 JavaThread "TCF Timer Dispatcher" daemon [_thread_blocked, id=5272, stack(0x0000000024630000,0x0000000024730000)]
  0x000000001800d000 JavaThread "EMF Reference Cleaner" daemon [_thread_blocked, id=4292, stack(0x0000000019550000,0x0000000019650000)]
  0x0000000014e9b000 JavaThread "Service Thread" daemon [_thread_blocked, id=3140, stack(0x00000000166c0000,0x00000000167c0000)]
  0x0000000014e16800 JavaThread "C1 CompilerThread3" daemon [_thread_blocked, id=2020, stack(0x00000000165c0000,0x00000000166c0000)]
  0x0000000014e15800 JavaThread "C2 CompilerThread2" daemon [_thread_blocked, id=2224, stack(0x00000000164c0000,0x00000000165c0000)]
  0x0000000014e0e800 JavaThread "C2 CompilerThread1" daemon [_thread_blocked, id=4440, stack(0x00000000163c0000,0x00000000164c0000)]
  0x0000000014e07000 JavaThread "C2 CompilerThread0" daemon [_thread_blocked, id=3784, stack(0x00000000162c0000,0x00000000163c0000)]
  0x0000000014e03800 JavaThread "Attach Listener" daemon [_thread_blocked, id=4768, stack(0x00000000161c0000,0x00000000162c0000)]
  0x0000000014e02800 JavaThread "Signal Dispatcher" daemon [_thread_blocked, id=6080, stack(0x00000000160c0000,0x00000000161c0000)]
  0x0000000013c41000 JavaThread "Finalizer" daemon [_thread_blocked, id=5112, stack(0x0000000015f00000,0x0000000016000000)]
  0x0000000013c3a800 JavaThread "Reference Handler" daemon [_thread_blocked, id=3628, stack(0x0000000015e00000,0x0000000015f00000)]
  0x00000000021d8000 JavaThread "main" [_thread_blocked, id=5588, stack(0x0000000000030000,0x0000000000130000)]

Other Threads:
=>0x0000000014db2800 VMThread [stack: 0x0000000015d00000,0x0000000015e00000] [id=5200]

VM state:at safepoint (shutting down)

VM Mutex/Monitor currently owned by a thread:  ([mutex/lock_event])
[0x000000000268e4d0] Threads_lock - owner thread: 0x0000000014db2800

Heap:
 PSYoungGen      total 145920K, used 29214K [0x00000000f5580000, 0x0000000100000000, 0x0000000100000000)
  eden space 118272K, 10% used [0x00000000f5580000,0x00000000f61491d0,0x00000000fc900000)
  from space 27648K, 62% used [0x00000000fe500000,0x00000000ff5be6e0,0x0000000100000000)
  to   space 28160K, 0% used [0x00000000fc900000,0x00000000fc900000,0x00000000fe480000)
 ParOldGen       total 114688K, used 37887K [0x00000000e0000000, 0x00000000e7000000, 0x00000000f5580000)
  object space 114688K, 33% used [0x00000000e0000000,0x00000000e24ffc60,0x00000000e7000000)
 Metaspace       used 73841K, capacity 80498K, committed 80808K, reserved 1118208K
  class space    used 8825K, capacity 11103K, committed 11184K, reserved 1048576K

Card table byte_map: [0x0000000002320000,0x0000000002430000] byte_map_base: 0x0000000001c20000

Marking Bits: (ParMarkBitMap*) 0x000000007131a5b0
 Begin Bits: [0x0000000012150000, 0x0000000012950000)
 End Bits:   [0x0000000012950000, 0x0000000013150000)

Polling page: 0x0000000002270000

CodeCache: size=245760Kb used=25792Kb max_used=26123Kb free=219967Kb
 bounds [0x0000000002690000, 0x0000000004070000, 0x0000000011690000]
 total_blobs=7806 nmethods=6926 adapters=787
 compilation: enabled

Compilation events (10 events):
Event: 1719.762 Thread 0x0000000014e16800 nmethod 8649 0x0000000003ed7610 code [0x0000000003ed77c0, 0x0000000003ed8168]
Event: 1719.762 Thread 0x0000000014e16800 8650       3       org.eclipse.osgi.internal.container.AtomicLazyInitializer::getAndClear (9 bytes)
Event: 1719.762 Thread 0x0000000014e16800 nmethod 8650 0x00000000030a64d0 code [0x00000000030a6640, 0x00000000030a6890]
Event: 1719.762 Thread 0x0000000014e16800 8656   !   3       org.eclipse.osgi.storage.BundleInfo$Generation::clearManifestCache (30 bytes)
Event: 1719.762 Thread 0x0000000014e15800 8657       4       java.util.concurrent.locks.AbstractQueuedSynchronizer::release (33 bytes)
Event: 1719.762 Thread 0x0000000014e16800 nmethod 8656 0x0000000003e69d50 code [0x0000000003e69ee0, 0x0000000003e6a528]
Event: 1719.762 Thread 0x0000000014e16800 8651       3       java.util.concurrent.atomic.AtomicReference::getAndSet (12 bytes)
Event: 1719.762 Thread 0x0000000014e16800 nmethod 8651 0x0000000003f22990 code [0x0000000003f22ae0, 0x0000000003f22c50]
Event: 1719.762 Thread 0x0000000014e16800 8653       3       org.eclipse.osgi.internal.framework.EquinoxContainerAdaptor::invalidateWiring (186 bytes)
Event: 1719.762 Thread 0x0000000014e15800 nmethod 8657 0x00000000033eca10 code [0x00000000033ecb60, 0x00000000033ecc28]

GC Heap History (10 events):
Event: 3.859 GC heap before
{Heap before GC invocations=9 (full 2):
 PSYoungGen      total 109056K, used 88064K [0x00000000f5580000, 0x00000000fd600000, 0x0000000100000000)
  eden space 88064K, 100% used [0x00000000f5580000,0x00000000fab80000,0x00000000fab80000)
  from space 20992K, 0% used [0x00000000fbf00000,0x00000000fbf00000,0x00000000fd380000)
  to   space 19968K, 0% used [0x00000000fab80000,0x00000000fab80000,0x00000000fbf00000)
 ParOldGen       total 88576K, used 27252K [0x00000000e0000000, 0x00000000e5680000, 0x00000000f5580000)
  object space 88576K, 30% used [0x00000000e0000000,0x00000000e1a9d088,0x00000000e5680000)
 Metaspace       used 51019K, capacity 55556K, committed 55720K, reserved 1097728K
  class space    used 6020K, capacity 7497K, committed 7600K, reserved 1048576K
Event: 3.873 GC heap after
Heap after GC invocations=9 (full 2):
 PSYoungGen      total 108032K, used 19943K [0x00000000f5580000, 0x00000000ffd00000, 0x0000000100000000)
  eden space 88064K, 0% used [0x00000000f5580000,0x00000000f5580000,0x00000000fab80000)
  from space 19968K, 99% used [0x00000000fab80000,0x00000000fbef9e18,0x00000000fbf00000)
  to   space 25088K, 0% used [0x00000000fe480000,0x00000000fe480000,0x00000000ffd00000)
 ParOldGen       total 88576K, used 29201K [0x00000000e0000000, 0x00000000e5680000, 0x00000000f5580000)
  object space 88576K, 32% used [0x00000000e0000000,0x00000000e1c844a8,0x00000000e5680000)
 Metaspace       used 51019K, capacity 55556K, committed 55720K, reserved 1097728K
  class space    used 6020K, capacity 7497K, committed 7600K, reserved 1048576K
}
Event: 7.618 GC heap before
{Heap before GC invocations=10 (full 2):
 PSYoungGen      total 108032K, used 43827K [0x00000000f5580000, 0x00000000ffd00000, 0x0000000100000000)
  eden space 88064K, 27% used [0x00000000f5580000,0x00000000f6cd2fa0,0x00000000fab80000)
  from space 19968K, 99% used [0x00000000fab80000,0x00000000fbef9e18,0x00000000fbf00000)
  to   space 25088K, 0% used [0x00000000fe480000,0x00000000fe480000,0x00000000ffd00000)
 ParOldGen       total 88576K, used 29201K [0x00000000e0000000, 0x00000000e5680000, 0x00000000f5580000)
  object space 88576K, 32% used [0x00000000e0000000,0x00000000e1c844a8,0x00000000e5680000)
 Metaspace       used 54241K, capacity 59124K, committed 59160K, reserved 1099776K
  class space    used 6497K, capacity 8112K, committed 8112K, reserved 1048576K
Event: 7.626 GC heap after
Heap after GC invocations=10 (full 2):
 PSYoungGen      total 133120K, used 11260K [0x00000000f5580000, 0x00000000ff500000, 0x0000000100000000)
  eden space 116224K, 0% used [0x00000000f5580000,0x00000000f5580000,0x00000000fc700000)
  from space 16896K, 66% used [0x00000000fe480000,0x00000000fef7f0b0,0x00000000ff500000)
  to   space 23552K, 0% used [0x00000000fc700000,0x00000000fc700000,0x00000000fde00000)
 ParOldGen       total 88576K, used 29209K [0x00000000e0000000, 0x00000000e5680000, 0x00000000f5580000)
  object space 88576K, 32% used [0x00000000e0000000,0x00000000e1c864a8,0x00000000e5680000)
 Metaspace       used 54241K, capacity 59124K, committed 59160K, reserved 1099776K
  class space    used 6497K, capacity 8112K, committed 8112K, reserved 1048576K
}
Event: 7.626 GC heap before
{Heap before GC invocations=11 (full 3):
 PSYoungGen      total 133120K, used 11260K [0x00000000f5580000, 0x00000000ff500000, 0x0000000100000000)
  eden space 116224K, 0% used [0x00000000f5580000,0x00000000f5580000,0x00000000fc700000)
  from space 16896K, 66% used [0x00000000fe480000,0x00000000fef7f0b0,0x00000000ff500000)
  to   space 23552K, 0% used [0x00000000fc700000,0x00000000fc700000,0x00000000fde00000)
 ParOldGen       total 88576K, used 29209K [0x00000000e0000000, 0x00000000e5680000, 0x00000000f5580000)
  object space 88576K, 32% used [0x00000000e0000000,0x00000000e1c864a8,0x00000000e5680000)
 Metaspace       used 54241K, capacity 59124K, committed 59160K, reserved 1099776K
  class space    used 6497K, capacity 8112K, committed 8112K, reserved 1048576K
Event: 7.843 GC heap after
Heap after GC invocations=11 (full 3):
 PSYoungGen      total 133120K, used 0K [0x00000000f5580000, 0x00000000ff500000, 0x0000000100000000)
  eden space 116224K, 0% used [0x00000000f5580000,0x00000000f5580000,0x00000000fc700000)
  from space 16896K, 0% used [0x00000000fe480000,0x00000000fe480000,0x00000000ff500000)
  to   space 23552K, 0% used [0x00000000fc700000,0x00000000fc700000,0x00000000fde00000)
 ParOldGen       total 114688K, used 36583K [0x00000000e0000000, 0x00000000e7000000, 0x00000000f5580000)
  object space 114688K, 31% used [0x00000000e0000000,0x00000000e23b9d98,0x00000000e7000000)
 Metaspace       used 54241K, capacity 59124K, committed 59160K, reserved 1099776K
  class space    used 6497K, capacity 8112K, committed 8112K, reserved 1048576K
}
Event: 22.224 GC heap before
{Heap before GC invocations=12 (full 3):
 PSYoungGen      total 133120K, used 116224K [0x00000000f5580000, 0x00000000ff500000, 0x0000000100000000)
  eden space 116224K, 100% used [0x00000000f5580000,0x00000000fc700000,0x00000000fc700000)
  from space 16896K, 0% used [0x00000000fe480000,0x00000000fe480000,0x00000000ff500000)
  to   space 23552K, 0% used [0x00000000fc700000,0x00000000fc700000,0x00000000fde00000)
 ParOldGen       total 114688K, used 36583K [0x00000000e0000000, 0x00000000e7000000, 0x00000000f5580000)
  object space 114688K, 31% used [0x00000000e0000000,0x00000000e23b9d98,0x00000000e7000000)
 Metaspace       used 70072K, capacity 76580K, committed 76712K, reserved 1116160K
  class space    used 8430K, capacity 10573K, committed 10672K, reserved 1048576K
Event: 22.239 GC heap after
Heap after GC invocations=12 (full 3):
 PSYoungGen      total 139776K, used 23520K [0x00000000f5580000, 0x0000000100000000, 0x0000000100000000)
  eden space 116224K, 0% used [0x00000000f5580000,0x00000000f5580000,0x00000000fc700000)
  from space 23552K, 99% used [0x00000000fc700000,0x00000000fddf80d0,0x00000000fde00000)
  to   space 27648K, 0% used [0x00000000fe500000,0x00000000fe500000,0x0000000100000000)
 ParOldGen       total 114688K, used 37879K [0x00000000e0000000, 0x00000000e7000000, 0x00000000f5580000)
  object space 114688K, 33% used [0x00000000e0000000,0x00000000e24fdc60,0x00000000e7000000)
 Metaspace       used 70072K, capacity 76580K, committed 76712K, reserved 1116160K
  class space    used 8430K, capacity 10573K, committed 10672K, reserved 1048576K
}
Event: 1719.087 GC heap before
{Heap before GC invocations=13 (full 3):
 PSYoungGen      total 139776K, used 139744K [0x00000000f5580000, 0x0000000100000000, 0x0000000100000000)
  eden space 116224K, 100% used [0x00000000f5580000,0x00000000fc700000,0x00000000fc700000)
  from space 23552K, 99% used [0x00000000fc700000,0x00000000fddf80d0,0x00000000fde00000)
  to   space 27648K, 0% used [0x00000000fe500000,0x00000000fe500000,0x0000000100000000)
 ParOldGen       total 114688K, used 37879K [0x00000000e0000000, 0x00000000e7000000, 0x00000000f5580000)
  object space 114688K, 33% used [0x00000000e0000000,0x00000000e24fdc60,0x00000000e7000000)
 Metaspace       used 73530K, capacity 80234K, committed 80424K, reserved 1118208K
  class space    used 8790K, capacity 11035K, committed 11056K, reserved 1048576K
Event: 1719.099 GC heap after
Heap after GC invocations=13 (full 3):
 PSYoungGen      total 145920K, used 17145K [0x00000000f5580000, 0x0000000100000000, 0x0000000100000000)
  eden space 118272K, 0% used [0x00000000f5580000,0x00000000f5580000,0x00000000fc900000)
  from space 27648K, 62% used [0x00000000fe500000,0x00000000ff5be6e0,0x0000000100000000)
  to   space 28160K, 0% used [0x00000000fc900000,0x00000000fc900000,0x00000000fe480000)
 ParOldGen       total 114688K, used 37887K [0x00000000e0000000, 0x00000000e7000000, 0x00000000f5580000)
  object space 114688K, 33% used [0x00000000e0000000,0x00000000e24ffc60,0x00000000e7000000)
 Metaspace       used 73530K, capacity 80234K, committed 80424K, reserved 1118208K
  class space    used 8790K, capacity 11035K, committed 11056K, reserved 1048576K
}

Deoptimization events (10 events):
Event: 1718.366 Thread 0x00000000021d8000 Uncommon trap: reason=unstable_if action=reinterpret pc=0x0000000003e6a1bc method=org.eclipse.emf.common.notify.impl.NotifyingListImpl.clear()V @ 4
Event: 1718.377 Thread 0x00000000021d8000 Uncommon trap: reason=unstable_if action=reinterpret pc=0x0000000003ed7e98 method=org.eclipse.swt.widgets.Composite._getChildren()[Lorg/eclipse/swt/widgets/Control; @ 76
Event: 1718.429 Thread 0x00000000021d8000 Uncommon trap: reason=unstable_if action=reinterpret pc=0x00000000038239d8 method=org.eclipse.swt.widgets.Display.drawMenuBars()V @ 4
Event: 1719.039 Thread 0x00000000021d8000 Uncommon trap: reason=class_check action=maybe_recompile pc=0x0000000002fb2d20 method=org.eclipse.swt.widgets.EventTable.sendEvent(Lorg/eclipse/swt/widgets/Event;)V @ 478
Event: 1719.039 Thread 0x00000000021d8000 Uncommon trap: reason=unstable_if action=reinterpret pc=0x0000000003963654 method=org.eclipse.e4.ui.internal.workbench.swt.PartRenderingEngine.someAreVisible(Ljava/util/List;)Z @ 41
Event: 1719.076 Thread 0x00000000021d8000 Uncommon trap: reason=unstable_if action=reinterpret pc=0x0000000003e40248 method=java.util.Arrays.equals([Ljava/lang/Object;[Ljava/lang/Object;)Z @ 65
Event: 1719.083 Thread 0x000000001800e800 Uncommon trap: reason=unstable_if action=reinterpret pc=0x0000000003fdfc88 method=org.eclipse.e4.ui.internal.workbench.swt.E4Application$1.syncExec(Ljava/lang/Runnable;)V @ 14
Event: 1719.115 Thread 0x000000001c338000 Uncommon trap: reason=null_check action=make_not_entrant pc=0x0000000003b5aa04 method=org.eclipse.e4.core.internal.contexts.WeakGroupedListenerList.cleanup()V @ 56
Event: 1719.132 Thread 0x000000001c341000 Uncommon trap: reason=unstable_if action=reinterpret pc=0x0000000002811c24 method=sun.nio.cs.SingleByte$Encoder.encode(C)I @ 13
Event: 1719.694 Thread 0x000000001c338000 Uncommon trap: reason=unstable_if action=reinterpret pc=0x0000000003662498 method=org.eclipse.osgi.internal.hooks.EclipseLazyStarter.shouldActivateFor(Ljava/lang/String;Lorg/eclipse/osgi/container/Module;Lorg/eclipse/osgi/container/ModuleRevision;Lorg/ecli6¯XÎvÙš@

Internal exceptions (10 events):
Event: 26.252 Thread 0x000000001801a000 Exception <a 'java/io/FileNotFoundException'> (0x00000000f5ff2048) thrown at [C:\re\workspace\8-2-build-windows-amd64-cygwin\jdk8u66\5298\hotspot\src\share\vm\prims\jni.cpp, line 709]
Event: 302.094 Thread 0x00000000021d8000 Implicit null exception at 0x00000000031df495 to 0x00000000031df8cd
Event: 902.126 Thread 0x00000000021d8000 Implicit null exception at 0x0000000003d86806 to 0x0000000003d86e8d
Event: 1716.375 Thread 0x00000000021d8000 Implicit null exception at 0x0000000002d63cb9 to 0x0000000002d64051
Event: 1719.115 Thread 0x000000001c338000 Implicit null exception at 0x0000000003b598a6 to 0x0000000003b5a9e9
Event: 1719.130 Thread 0x000000001c33f800 Exception <a 'java/lang/InterruptedException'> (0x00000000f58da5e0) thrown at [C:\re\workspace\8-2-build-windows-amd64-cygwin\jdk8u66\5298\hotspot\src\share\vm\runtime\objectMonitor.cpp, line 1683]
Event: 1719.741 Thread 0x000000001800e800 Exception <a 'java/lang/InterruptedException'> (0x00000000f5d16570) thrown at [C:\re\workspace\8-2-build-windows-amd64-cygwin\jdk8u66\5298\hotspot\src\share\vm\runtime\objectMonitor.cpp, line 1683]
Event: 1719.754 Thread 0x00000000175e6800 Exception <a 'java/lang/InterruptedException'> (0x00000000f5c131d8) thrown at [C:\re\workspace\8-2-build-windows-amd64-cygwin\jdk8u66\5298\hotspot\src\share\vm\runtime\objectMonitor.cpp, line 1683]
Event: 1719.760 Thread 0x000000001800f800 Exception <a 'java/lang/InterruptedException'> (0x00000000f5bdf150) thrown at [C:\re\workspace\8-2-build-windows-amd64-cygwin\jdk8u66\5298\hotspot\src\share\vm\runtime\objectMonitor.cpp, line 1683]
Event: 1719.760 Thread 0x00000000175e7800 Exception <a 'java/lang/InterruptedException'> (0x00000000f5f16ce0) thrown at [C:\re\workspace\8-2-build-windows-amd64-cygwin\jdk8u66\5298\hotspot\src\share\vm\runtime\objectMonitor.cpp, line 1683]

Events (10 events):
Event: 1719.762 Thread 0x000000001c338000 Thread exited: 0x000000001c338000
Event: 1719.762 loading class java/util/IdentityHashMap$KeySet
Event: 1719.762 loading class java/util/IdentityHashMap$KeySet done
Event: 1719.762 loading class java/util/IdentityHashMap$KeyIterator
Event: 1719.762 loading class java/util/IdentityHashMap$IdentityHashMapIterator
Event: 1719.762 loading class java/util/IdentityHashMap$IdentityHashMapIterator done
Event: 1719.762 loading class java/util/IdentityHashMap$KeyIterator done
Event: 1719.762 Thread 0x000000001c338000 Thread added: 0x000000001c338000
Event: 1719.763 Thread 0x000000001c338000 Thread exited: 0x000000001c338000
Event: 1719.763 Executing VM operation: Exit


Dynamic libraries:
0x0000000000400000 - 0x000000000044f000 	C:\Xilinx\SDK\2016.2\eclipse\win64.o\eclipse.exe
0x00000000775f0000 - 0x000000007779a000 	C:\Windows\SYSTEM32\ntdll.dll
0x00000000774d0000 - 0x00000000775ef000 	C:\Windows\system32\kernel32.dll
0x000007fefd600000 - 0x000007fefd66a000 	C:\Windows\system32\KERNELBASE.dll
0x00000000773d0000 - 0x00000000774ca000 	C:\Windows\system32\USER32.dll
0x000007feff890000 - 0x000007feff8f7000 	C:\Windows\system32\GDI32.dll
0x000007fefdbc0000 - 0x000007fefdbce000 	C:\Windows\system32\LPK.dll
0x000007fefd6f0000 - 0x000007fefd7ba000 	C:\Windows\system32\USP10.dll
0x000007feff630000 - 0x000007feff6cf000 	C:\Windows\system32\msvcrt.dll
0x000007fefbc40000 - 0x000007fefbe34000 	C:\Windows\WinSxS\amd64_microsoft.windows.common-controls_6595b64144ccf1df_6.0.7601.18837_none_fa3b1e3d17594757\COMCTL32.dll
0x000007fefdc90000 - 0x000007fefdd01000 	C:\Windows\system32\SHLWAPI.dll
0x000007fefdb90000 - 0x000007fefdbbe000 	C:\Windows\system32\IMM32.DLL
0x000007fefe2e0000 - 0x000007fefe3e9000 	C:\Windows\system32\MSCTF.dll
0x0000000072000000 - 0x0000000072012000 	C:\Xilinx\SDK\2016.2\eclipse\win64.o\plugins\org.eclipse.equinox.launcher.win32.win32.x86_64_1.1.300.v20150602-1417\eclipse_1611.dll
0x000007feff7b0000 - 0x000007feff88b000 	C:\Windows\system32\ADVAPI32.dll
0x000007fefe060000 - 0x000007fefe07f000 	C:\Windows\SYSTEM32\sechost.dll
0x000007feff500000 - 0x000007feff62d000 	C:\Windows\system32\RPCRT4.dll
0x000007fefc3c0000 - 0x000007fefc3cc000 	C:\Windows\system32\VERSION.dll
0x000007fefc030000 - 0x000007fefc086000 	C:\Windows\system32\UxTheme.dll
0x0000000070b10000 - 0x0000000071399000 	C:\Xilinx\SDK\2016.2\tps\win64\jre\bin\server\jvm.dll
0x000007fefb230000 - 0x000007fefb239000 	C:\Windows\system32\WSOCK32.dll
0x000007fefe290000 - 0x000007fefe2dd000 	C:\Windows\system32\WS2_32.dll
0x000007fefe6c0000 - 0x000007fefe6c8000 	C:\Windows\system32\NSI.dll
0x000007fefac50000 - 0x000007fefac8b000 	C:\Windows\system32\WINMM.dll
0x00000000777c0000 - 0x00000000777c7000 	C:\Windows\system32\PSAPI.DLL
0x0000000073870000 - 0x0000000073942000 	C:\Windows\system32\MSVCR100.dll
0x0000000074870000 - 0x000000007487f000 	C:\Xilinx\SDK\2016.2\tps\win64\jre\bin\verify.dll
0x0000000074840000 - 0x0000000074869000 	C:\Xilinx\SDK\2016.2\tps\win64\jre\bin\java.dll
0x0000000074820000 - 0x0000000074836000 	C:\Xilinx\SDK\2016.2\tps\win64\jre\bin\zip.dll
0x000007fefe770000 - 0x000007feff4f9000 	C:\Windows\system32\SHELL32.dll
0x000007fefe080000 - 0x000007fefe283000 	C:\Windows\system32\ole32.dll
0x000007fefd330000 - 0x000007fefd33f000 	C:\Windows\system32\profapi.dll
0x000007fefcb30000 - 0x000007fefcb48000 	C:\Windows\system32\CRYPTSP.dll
0x000007fefc830000 - 0x000007fefc877000 	C:\Windows\system32\rsaenh.dll
0x000007fefd6d0000 - 0x000007fefd6ee000 	C:\Windows\system32\USERENV.dll
0x000007fefd190000 - 0x000007fefd19f000 	C:\Windows\system32\CRYPTBASE.dll
0x0000000074800000 - 0x000000007481a000 	C:\Xilinx\SDK\2016.2\tps\win64\jre\bin\net.dll
0x000007fefcad0000 - 0x000007fefcb25000 	C:\Windows\system32\mswsock.dll
0x000007fefcac0000 - 0x000007fefcac7000 	C:\Windows\System32\wship6.dll
0x000007fef9ab0000 - 0x000007fef9ad7000 	C:\Windows\system32\IPHLPAPI.DLL
0x000007fef9aa0000 - 0x000007fef9aab000 	C:\Windows\system32\WINNSI.DLL
0x000007fefa1d0000 - 0x000007fefa1e1000 	C:\Windows\system32\dhcpcsvc6.DLL
0x000007fefa1b0000 - 0x000007fefa1c8000 	C:\Windows\system32\dhcpcsvc.DLL
0x00000000747e0000 - 0x00000000747f1000 	C:\Xilinx\SDK\2016.2\tps\win64\jre\bin\nio.dll
0x000007fefa8d0000 - 0x000007fefa8e5000 	C:\Windows\system32\NLAapi.dll
0x000007fef95b0000 - 0x000007fef95c5000 	C:\Windows\system32\napinsp.dll
0x000007fef95d0000 - 0x000007fef95e9000 	C:\Windows\system32\pnrpnsp.dll
0x000007fefc950000 - 0x000007fefc9ab000 	C:\Windows\system32\DNSAPI.dll
0x000007fef9da0000 - 0x000007fef9dab000 	C:\Windows\System32\winrnr.dll
0x000007fefc490000 - 0x000007fefc497000 	C:\Windows\System32\wshtcpip.dll
0x000007fef9db0000 - 0x000007fef9db8000 	C:\Windows\system32\rasadhlp.dll
0x000007fefa5e0000 - 0x000007fefa633000 	C:\Windows\System32\fwpuclnt.dll
0x00000000188c0000 - 0x0000000018968000 	C:\Users\chungm13\.Xilinx\SDK\2016.2\org.eclipse.osgi\312\0\.cp\swt-win32-4527.dll
0x000007feff6d0000 - 0x000007feff7a8000 	C:\Windows\system32\OLEAUT32.dll
0x000007fefdbf0000 - 0x000007fefdc87000 	C:\Windows\system32\comdlg32.dll
0x000007fef6c00000 - 0x000007fef6c71000 	C:\Windows\system32\WINSPOOL.DRV
0x000007fefdd10000 - 0x000007fefdfd5000 	C:\Windows\system32\WININET.dll
0x000007fefd5b0000 - 0x000007fefd5b4000 	C:\Windows\system32\api-ms-win-downlevel-user32-l1-1-0.dll
0x000007fefd6b0000 - 0x000007fefd6b4000 	C:\Windows\system32\api-ms-win-downlevel-shlwapi-l1-1-0.dll
0x000007fefd6c0000 - 0x000007fefd6c4000 	C:\Windows\system32\api-ms-win-downlevel-version-l1-1-0.dll
0x000007fefd5a0000 - 0x000007fefd5a3000 	C:\Windows\system32\api-ms-win-downlevel-normaliz-l1-1-0.dll
0x00000000777b0000 - 0x00000000777b3000 	C:\Windows\system32\normaliz.DLL
0x000007fefe3f0000 - 0x000007fefe6b9000 	C:\Windows\system32\iertutil.dll
0x000007fefd590000 - 0x000007fefd595000 	C:\Windows\system32\api-ms-win-downlevel-advapi32-l1-1-0.dll
0x000007fefd400000 - 0x000007fefd56d000 	C:\Windows\system32\CRYPT32.dll
0x000007fefd340000 - 0x000007fefd34f000 	C:\Windows\system32\MSASN1.dll
0x000007fefb6b0000 - 0x000007fefb7dc000 	C:\Windows\system32\propsys.dll
0x000007fefe6d0000 - 0x000007fefe769000 	C:\Windows\system32\CLBCatQ.DLL
0x0000000017350000 - 0x000000001736e000 	C:\Users\chungm13\.Xilinx\SDK\2016.2\org.eclipse.osgi\312\0\.cp\swt-gdip-win32-4527.dll
0x000007fef2e70000 - 0x000007fef3086000 	C:\Windows\WinSxS\amd64_microsoft.windows.gdiplus_6595b64144ccf1df_1.1.7601.23508_none_145555328b95eaaa\gdiplus.dll
0x000007fefb4e0000 - 0x000007fefb641000 	C:\Windows\system32\WindowsCodecs.dll
0x0000000180000000 - 0x0000000180012000 	C:\Users\chungm13\.Xilinx\SDK\2016.2\org.eclipse.osgi\126\0\.cp\os\win32\x86_64\localfile_1_0_0.dll
0x000007fef8200000 - 0x000007fef8254000 	C:\Windows\system32\oleacc.dll
0x000007fefc0c0000 - 0x000007fefc0c7000 	C:\Windows\system32\msimg32.dll
0x000007fefd280000 - 0x000007fefd294000 	C:\Windows\system32\RpcRtRemote.dll
0x000007fefd130000 - 0x000007fefd187000 	C:\Windows\system32\apphelp.dll
0x000007feed5c0000 - 0x000007feed5d1000 	C:\Users\chungm13\.Xilinx\SDK\2016.2\org.eclipse.osgi\129\0\.cp\jWinHttp-1.0.0.dll
0x000007fef9b80000 - 0x000007fef9bf1000 	C:\Windows\system32\WINHTTP.dll
0x000007fef9b10000 - 0x000007fef9b74000 	C:\Windows\system32\webio.dll
0x000007fefd100000 - 0x000007fefd125000 	C:\Windows\system32\SspiCli.dll
0x000007fefc6f0000 - 0x000007fefc6fa000 	C:\Windows\system32\credssp.dll
0x000007fefd670000 - 0x000007fefd6a6000 	C:\Windows\system32\CFGMGR32.dll
0x000007fef5800000 - 0x000007fef580f000 	C:\Xilinx\SDK\2016.2\lib\win64.o\librdi_repo_manager.dll
0x000007fed31e0000 - 0x000007fed320a000 	C:\Xilinx\SDK\2016.2\lib\win64.o\libisl_sysinfo.dll
0x000007feed750000 - 0x000007feed824000 	C:\Windows\system32\MSVCR110.dll
0x000007feed8f0000 - 0x000007feed997000 	C:\Windows\system32\MSVCP110.dll
0x000007fec2430000 - 0x000007fec2e70000 	C:\Xilinx\SDK\2016.2\lib\win64.o\librdi_common.dll
0x000007fec3540000 - 0x000007fec38ae000 	C:\Xilinx\SDK\2016.2\lib\win64.o\libCOIN-all.dll
0x000007fec3320000 - 0x000007fec353f000 	C:\Xilinx\SDK\2016.2\lib\win64.o\libXil_lmgr11.dll
0x000007fefb3a0000 - 0x000007fefb3b6000 	C:\Windows\system32\NETAPI32.dll
0x000007fefc760000 - 0x000007fefc76c000 	C:\Windows\system32\netutils.dll
0x000007fefcdd0000 - 0x000007fefcdf3000 	C:\Windows\system32\srvcli.dll
0x000007fefb380000 - 0x000007fefb395000 	C:\Windows\system32\wkscli.dll
0x000007fefd5c0000 - 0x000007fefd5fb000 	C:\Windows\system32\WINTRUST.dll
0x000007fefa750000 - 0x000007fefa760000 	C:\Xilinx\SDK\2016.2\lib\win64.o\libboost_date_time.dll
0x000007feeb210000 - 0x000007feeb234000 	C:\Xilinx\SDK\2016.2\lib\win64.o\libboost_filesystem.dll
0x000007fefa720000 - 0x000007fefa729000 	C:\Xilinx\SDK\2016.2\lib\win64.o\libboost_system.dll
0x000007fed0500000 - 0x000007fed0577000 	C:\Xilinx\SDK\2016.2\lib\win64.o\libboost_program_options.dll
0x000007feca2b0000 - 0x000007feca3b6000 	C:\Xilinx\SDK\2016.2\lib\win64.o\libboost_regex.dll
0x000007fef6e00000 - 0x000007fef6e13000 	C:\Xilinx\SDK\2016.2\lib\win64.o\libboost_signals.dll
0x000007fef4540000 - 0x000007fef455d000 	C:\Xilinx\SDK\2016.2\lib\win64.o\libboost_thread.dll
0x000007fefa250000 - 0x000007fefa25b000 	C:\Xilinx\SDK\2016.2\lib\win64.o\libboost_chrono.dll
0x000007fef6a90000 - 0x000007fef6a9b000 	C:\Xilinx\SDK\2016.2\lib\win64.o\libboost_xilinx.dll
0x000007fed3340000 - 0x000007fed33c0000 	C:\Xilinx\SDK\2016.2\lib\win64.o\libhdlpsolve.dll
0x000007fed0460000 - 0x000007fed04fa000 	C:\Xilinx\SDK\2016.2\lib\win64.o\libhdxml.dll
0x000007fec2eb0000 - 0x000007fec3315e00 	C:\Xilinx\SDK\2016.2\lib\win64.o\libisl_iostreams.dll
0x000007fef4450000 - 0x000007fef4466000 	C:\Xilinx\SDK\2016.2\lib\win64.o\libboost_iostreams.dll
0x000007fed3ec0000 - 0x000007fed3ee3000 	C:\Xilinx\SDK\2016.2\lib\win64.o\librdizlib.dll
0x000007fed3310000 - 0x000007fed3333000 	C:\Xilinx\SDK\2016.2\lib\win64.o\libisl_iosutils.dll
0x000007fef5640000 - 0x000007fef5655000 	C:\Xilinx\SDK\2016.2\lib\win64.o\pthreadVC2.dll
0x000007fed2120000 - 0x000007fed2174000 	C:\Xilinx\SDK\2016.2\lib\win64.o\librdi_commonxillic.dll
0x000007fec2300000 - 0x000007fec2430000 	C:\Xilinx\SDK\2016.2\lib\win64.o\librdi_curl.dll
0x000007fef30d0000 - 0x000007fef30e8000 	C:\Xilinx\SDK\2016.2\lib\win64.o\librdiconfig.dll
0x0000000072ce0000 - 0x0000000072e07000 	C:\Xilinx\SDK\2016.2\lib\win64.o\tcl85t.dll
0x0000000026460000 - 0x00000000266c3000 	C:\Xilinx\SDK\2016.2\lib\win64.o\xerces-c_3_1.dll
0x000007fefd9a0000 - 0x000007fefdb26000 	C:\Windows\system32\urlmon.dll
0x000007fefd3f0000 - 0x000007fefd3f4000 	C:\Windows\system32\api-ms-win-downlevel-ole32-l1-1-0.dll
0x000007fef4ff0000 - 0x000007fef5013000 	C:\Windows\system32\VCOMP110.DLL
0x000007fec0db0000 - 0x000007fec0fa2000 	C:\Xilinx\SDK\2016.2\lib\win64.o\librdi_hsm.dll
0x000007feca260000 - 0x000007feca2a3000 	C:\Xilinx\SDK\2016.2\lib\win64.o\librdi_hdf.dll
0x000007fec0b20000 - 0x000007fec0da1000 	C:\Xilinx\SDK\2016.2\lib\win64.o\librdi_ippcw.dll
0x000007feecf10000 - 0x000007feecf26000 	C:\Xilinx\SDK\2016.2\eclipse\win64.o\plugins\org.eclipse.cdt.core.win32.x86_64_5.4.0.201509131935\os\win32\x86_64\spawner.dll
0x000007fef5820000 - 0x000007fef582a000 	C:\Xilinx\SDK\2016.2\lib\win64.o\librdi_jtag_settings.dll
0x000007fed0430000 - 0x000007fed0459000 	C:\Xilinx\SDK\2016.2\lib\win64.o\librdi_debug_dialog.dll
0x000007fef5610000 - 0x000007fef5618000 	C:\Xilinx\SDK\2016.2\lib\win64.o\librdi_target_manager.dll
0x00000000271b0000 - 0x00000000271d6000 	C:\Xilinx\SDK\2016.2\eclipse\win64.o\plugins\gnu.io.rxtx.win32.x86_64_2.1.7.3_v20071015\os\win32\x86_64\rxtxSerial.dll
0x000007feb6470000 - 0x000007feb6c80000 	C:\Xilinx\SDK\2016.2\lib\win64.o\libXil_lmgr11FNP.dll
0x000007fef50f0000 - 0x000007fef50fb000 	C:\Windows\system32\snmpapi.dll

VM Arguments:
jvm_args: -Dcom.xilinx.sdk.args.hwspec=W:/ECE532/NexysVideo-master/Projects/hdmi/proj/hdmi.sdk/hdmi_wrapper.hdf -Xms64m -Xmx512m & 
java_command: <unknown>
java_class_path (initial): C:\Xilinx\SDK\2016.2\eclipse\win64.o\\plugins/org.eclipse.equinox.launcher_1.3.100.v20150511-1540.jar
Launcher Type: generic

Environment Variables:
PATH=C:/Xilinx/SDK/2016.2/tps/win64/jre/bin/server;C:/Xilinx/SDK/2016.2/tps/win64/jre/bin;C:/Xilinx/SDK/2016.2/tps/win64/jre/lib/amd64;C:\Xilinx\SDK\2016.2\gnuwin\bin;C:\Xilinx\SDK\2016.2\gnu\microblaze\nt\bin;C:\Xilinx\SDK\2016.2\gnu\microblaze\linux_toolchain\nt64_le\bin;C:\Xilinx\SDK\2016.2\gnu\microblaze\linux_toolchain\nt64_be\bin;C:\Xilinx\SDK\2016.2\gnu\arm\nt\bin;C:\Xilinx\SDK\2016.2\gnu\aarch64\nt\aarch64-none\bin;C:\Xilinx\SDK\2016.2\gnu\aarch64\nt\aarch64-linux\bin;C:\Xilinx\SDK\2016.2\gnu\armr5\nt\gcc-arm-none-eabi\bin;C:\Xilinx\SDK\2016.2\gnu\aarch32\nt\gcc-arm-none-eabi\bin;C:\Xilinx\SDK\2016.2\gnu\aarch32\nt\gcc-arm-linux-gnueabi\bin;C:\Xilinx\SDK\2016.2\tps\win64\cmake-3.3.2\bin;;C:\Xilinx\SDK\2016.2\bin;C:\Xilinx\SDK\2016.2\lib\win64.o;C:\Xilinx\SDK\2016.2\tps\win64\jre\bin\server;C:\Xilinx\SDK\2016.2\tps\win64\jre\bin;C:\Xilinx\Vivado\2016.2\ids_lite\ISE\bin\nt64;C:\Xilinx\Vivado\2016.2\ids_lite\ISE\lib\nt64;C:\Xilinx\Vivado\2016.2\bin;C:\Xilinx\Vivado\2016.2\lib\win64.o;C:\Xilinx\Vivado\2016.2\tps\win64\jre\bin\server;C:\Xilinx\Vivado\2016.2\tps\win64\jre\bin;C:\Xilinx\Vivado_HLS\2016.2\bin;C:\Windows\system32;C:\Windows;C:\Windows\System32\Wbem;C:\Windows\System32\WindowsPowerShell\v1.0\;C:\Program Files (x86)\Java\jre6\bin;C:\Program Files (x86)\eclipse;C:\altera\16.0\quartus\bin64;c:\altera\16.0\quartus\bin64\jre64\bin;w:\ECE532\NexysVideo-master\Projects\hdmi\proj;
USERNAME=chungm13
OS=Windows_NT
PROCESSOR_IDENTIFIER=Intel64 Family 6 Model 60 Stepping 3, GenuineIntel



---------------  S Y S T E M  ---------------

OS: Windows 7 , 64 bit Build 7601 (6.1.7601.23418)

CPU:total 8 (4 cores per cpu, 2 threads per core) family 6 model 60 stepping 3, cmov, cx8, fxsr, mmx, sse, sse2, sse3, ssse3, sse4.1, sse4.2, popcnt, avx, avx2, aes, clmul, erms, lzcnt, ht, tsc, tscinvbit, bmi1, bmi2

Memory: 4k page, physical 16683148k(9898760k free), swap 33364436k(25996236k free)

vm_info: Java HotSpot(TM) 64-Bit Server VM (25.66-b18) for windows-amd64 JRE (1.8.0_66-b18), built on Nov  9 2015 10:51:13 by "java_re" with MS VC++ 10.0 (VS2010)

time: Thu Mar 16 17:37:03 2017
elapsed time: 1720 seconds (0d 0h 28m 40s)

