#
# A fatal error has been detected by the Java Runtime Environment:
#
#  EXCEPTION_UNCAUGHT_CXX_EXCEPTION (0xe06d7363) at pc=0x000007fefd61a06d, pid=5892, tid=5876
#
# JRE version: Java(TM) SE Runtime Environment (8.0_66-b18) (build 1.8.0_66-b18)
# Java VM: Java HotSpot(TM) 64-Bit Server VM (25.66-b18 mixed mode windows-amd64 compressed oops)
# Problematic frame:
# C  [KERNELBASE.dll+0x1a06d]
#
# Failed to write core dump. Minidumps are not enabled by default on client versions of Windows
#
# If you would like to submit a bug report, please visit:
#   http://bugreport.java.com/bugreport/crash.jsp
#

---------------  T H R E A D  ---------------

Current thread (0x0000000014f02800):  VMThread [stack: 0x0000000015e50000,0x0000000015f50000] [id=5876]

siginfo: ExceptionCode=0xe06d7363, ExceptionInformation=0x0000000019930520 0x0000000015f4f4c8 0x000007feed802cb8 0x000007feed750000 

Registers:
RAX=0x000000006231de60, RBX=0x000007feed802cb8, RCX=0x0000000015f4ed10, RDX=0x00000000000000d0
RSP=0x0000000015f4f320, RBP=0x0000000015f4f450, RSI=0x00000000ffffffff, RDI=0x0000000000342670
R8 =0x0000000000000000, R9 =0x0000000000000000, R10=0x000007feed750000, R11=0x0000000015f4f360
R12=0x0000000000000001, R13=0x0000000000000008, R14=0x0000000000000000, R15=0xffffffffffffffff
RIP=0x000007fefd61a06d, EFLAGS=0x0000000000000206

Top of Stack: (sp=0x0000000015f4f320)
0x0000000015f4f320:   000007feed802cb8 00000000ffffffff
0x0000000015f4f330:   0000000000342670 00000000002e7160
0x0000000015f4f340:   00000001e06d7363 0000000000000000
0x0000000015f4f350:   000007fefd61a06d 000007fe00000004
0x0000000015f4f360:   0000000019930520 0000000015f4f4c8
0x0000000015f4f370:   000007feed802cb8 000007feed750000
0x0000000015f4f380:   0000000000000000 0000000015f4f408
0x0000000015f4f390:   0000000000000028 0000000000342660
0x0000000015f4f3a0:   00000000174f0000 0000000000000000
0x0000000015f4f3b0:   000007fffffa8000 000000007763f2d3
0x0000000015f4f3c0:   0000000000000000 0000000000000008
0x0000000015f4f3d0:   0000000000000001 0000000000342670
0x0000000015f4f3e0:   00000000ffffffff 000007feed7ae92c
0x0000000015f4f3f0:   000007feed802cb8 0000000015f4f460
0x0000000015f4f400:   0000000000000001 000007feed7500f8
0x0000000015f4f410:   00000001e06d7363 0000000000000000 

Instructions: (pc=0x000007fefd61a06d)
0x000007fefd61a04d:   54 24 24 48 89 4c 24 28 4d 85 c9 0f 85 6a 03 00
0x000007fefd61a05d:   00 89 4c 24 38 48 8d 4c 24 20 ff 15 33 02 03 00
0x000007fefd61a06d:   48 81 c4 c8 00 00 00 c3 90 90 90 90 90 90 90 90
0x000007fefd61a07d:   90 90 90 48 83 ec 28 65 48 8b 04 25 30 00 00 00 


Register to memory mapping:

RAX=0x000000006231de60 is an unknown value
RBX=0x000007feed802cb8 is an unknown value
RCX=0x0000000015f4ed10 is an unknown value
RDX=0x00000000000000d0 is an unknown value
RSP=0x0000000015f4f320 is an unknown value
RBP=0x0000000015f4f450 is an unknown value
RSI=0x00000000ffffffff is an unknown value
RDI=0x0000000000342670 is an unknown value
R8 =0x0000000000000000 is an unknown value
R9 =0x0000000000000000 is an unknown value
R10=0x000007feed750000 is an unknown value
R11=0x0000000015f4f360 is an unknown value
R12=0x0000000000000001 is an unknown value
R13=0x0000000000000008 is an unknown value
R14=0x0000000000000000 is an unknown value
R15=0xffffffffffffffff is an unknown value


Stack: [0x0000000015e50000,0x0000000015f50000],  sp=0x0000000015f4f320,  free space=1020k
Native frames: (J=compiled Java code, j=interpreted, Vv=VM code, C=native code)
C  [KERNELBASE.dll+0x1a06d]
C  [MSVCR110.dll+0x5e92c]
C  [MSVCR110.dll+0x1315c]
C  [MSVCR110.dll+0x136a9]
C  [MSVCR110.dll+0x13e9c]
C  [MSVCR110.dll+0x239e]
C  [MSVCR110.dll+0xaf9e]
C  [MSVCP110.dll+0x397b9]
C  [librdi_common.dll+0x182316]
C  [librdi_common.dll+0x180fab]
C  [librdi_target_manager.dll+0x2400]
C  [librdi_target_manager.dll+0x2682]
C  [ntdll.dll+0x229b1]
C  [ntdll.dll+0x227c0]
C  [MSVCR100.dll+0x20ccd]
V  [jvm.dll+0x210cc5]
V  [jvm.dll+0x249897]
V  [jvm.dll+0x248b36]
V  [jvm.dll+0x248fd1]
V  [jvm.dll+0x2491ee]
V  [jvm.dll+0x29a0fa]
C  [MSVCR100.dll+0x21d9f]
C  [MSVCR100.dll+0x21e3b]
C  [kernel32.dll+0x159bd]
C  [ntdll.dll+0x2a2e1]

VM_Operation (0x000000000012f4c0): Exit, mode: safepoint, requested by thread 0x0000000002488000


---------------  P R O C E S S  ---------------

Java Threads: ( => current thread )
  0x000000001af2f000 JavaThread "pool-2-thread-1" [_thread_blocked, id=4388, stack(0x0000000026250000,0x0000000026350000)]
  0x000000001af2a800 JavaThread "Thread-39" [_thread_in_native, id=2868, stack(0x0000000026150000,0x0000000026250000)]
  0x000000001af2b000 JavaThread "Thread-38" daemon [_thread_blocked, id=1748, stack(0x0000000026050000,0x0000000026150000)]
  0x0000000016e1b000 JavaThread "TCF Channel Transmitter" daemon [_thread_blocked, id=5984, stack(0x0000000023220000,0x0000000023320000)]
  0x0000000016e1a000 JavaThread "TCF Channel Receiver" daemon [_thread_in_native, id=5216, stack(0x0000000023120000,0x0000000023220000)]
  0x0000000016e19800 JavaThread "Process monitor" daemon [_thread_in_native, id=5404, stack(0x0000000023020000,0x0000000023120000)]
  0x0000000016e18800 JavaThread "Input Stream Monitor" daemon [_thread_blocked, id=2072, stack(0x0000000022f20000,0x0000000023020000)]
  0x0000000016e18000 JavaThread "Output Stream Monitor" daemon [_thread_in_native, id=6096, stack(0x0000000022e20000,0x0000000022f20000)]
  0x0000000016e17000 JavaThread "Output Stream Monitor" daemon [_thread_in_native, id=6108, stack(0x0000000022d20000,0x0000000022e20000)]
  0x0000000016e16800 JavaThread "TCF Locator DNS Lookup" daemon [_thread_blocked, id=6088, stack(0x00000000229f0000,0x0000000022af0000)]
  0x0000000016e15800 JavaThread "TCF Locator Timer" daemon [_thread_blocked, id=6004, stack(0x00000000228f0000,0x00000000229f0000)]
  0x0000000016e15000 JavaThread "TCF Locator Receiver" daemon [_thread_blocked, id=5988, stack(0x00000000227f0000,0x00000000228f0000)]
  0x0000000016e13800 JavaThread "TCF Timer Dispatcher" daemon [_thread_blocked, id=5496, stack(0x00000000225f0000,0x00000000226f0000)]
  0x0000000017ed7800 JavaThread "EMF Reference Cleaner" daemon [_thread_blocked, id=508, stack(0x0000000019680000,0x0000000019780000)]
  0x0000000014ff4000 JavaThread "Service Thread" daemon [_thread_blocked, id=5924, stack(0x0000000016810000,0x0000000016910000)]
  0x0000000013d9d800 JavaThread "C1 CompilerThread3" daemon [_thread_blocked, id=5944, stack(0x0000000016710000,0x0000000016810000)]
  0x0000000013d9c800 JavaThread "C2 CompilerThread2" daemon [_thread_blocked, id=2216, stack(0x0000000016610000,0x0000000016710000)]
  0x0000000014f5a800 JavaThread "C2 CompilerThread1" daemon [_thread_blocked, id=3184, stack(0x0000000016510000,0x0000000016610000)]
  0x0000000014f54000 JavaThread "C2 CompilerThread0" daemon [_thread_blocked, id=3864, stack(0x0000000016410000,0x0000000016510000)]
  0x0000000014f4f800 JavaThread "Attach Listener" daemon [_thread_blocked, id=4692, stack(0x0000000016310000,0x0000000016410000)]
  0x0000000014f60000 JavaThread "Signal Dispatcher" daemon [_thread_blocked, id=5884, stack(0x0000000016210000,0x0000000016310000)]
  0x0000000013d8c000 JavaThread "Finalizer" daemon [_thread_blocked, id=5868, stack(0x0000000016050000,0x0000000016150000)]
  0x0000000013d85000 JavaThread "Reference Handler" daemon [_thread_blocked, id=5880, stack(0x0000000015f50000,0x0000000016050000)]
  0x0000000002488000 JavaThread "main" [_thread_blocked, id=3052, stack(0x0000000000030000,0x0000000000130000)]

Other Threads:
=>0x0000000014f02800 VMThread [stack: 0x0000000015e50000,0x0000000015f50000] [id=5876]

VM state:at safepoint (shutting down)

VM Mutex/Monitor currently owned by a thread:  ([mutex/lock_event])
[0x000000000241e4d0] Threads_lock - owner thread: 0x0000000014f02800

Heap:
 PSYoungGen      total 148992K, used 117649K [0x00000000f5580000, 0x0000000100000000, 0x0000000100000000)
  eden space 122368K, 96% used [0x00000000f5580000,0x00000000fc8645b8,0x00000000fcd00000)
  from space 26624K, 0% used [0x00000000fe600000,0x00000000fe600000,0x0000000100000000)
  to   space 25600K, 0% used [0x00000000fcd00000,0x00000000fcd00000,0x00000000fe600000)
 ParOldGen       total 103424K, used 49838K [0x00000000e0000000, 0x00000000e6500000, 0x00000000f5580000)
  object space 103424K, 48% used [0x00000000e0000000,0x00000000e30ab838,0x00000000e6500000)
 Metaspace       used 76953K, capacity 84398K, committed 84648K, reserved 1122304K
  class space    used 9246K, capacity 11685K, committed 11696K, reserved 1048576K

Card table byte_map: [0x00000000118e0000,0x00000000119f0000] byte_map_base: 0x00000000111e0000

Marking Bits: (ParMarkBitMap*) 0x000000007131a5b0
 Begin Bits: [0x00000000122a0000, 0x0000000012aa0000)
 End Bits:   [0x0000000012aa0000, 0x00000000132a0000)

Polling page: 0x0000000000220000

CodeCache: size=245760Kb used=26521Kb max_used=26768Kb free=219238Kb
 bounds [0x0000000002520000, 0x0000000003f70000, 0x0000000011520000]
 total_blobs=8085 nmethods=7205 adapters=788
 compilation: enabled

Compilation events (10 events):
Event: 266.092 Thread 0x0000000013d9d800 nmethod 8776 0x0000000003db5e90 code [0x0000000003db6060, 0x0000000003db69f8]
Event: 266.092 Thread 0x0000000013d9d800 8780       3       java.util.concurrent.atomic.AtomicLong::get (5 bytes)
Event: 266.092 Thread 0x0000000013d9d800 nmethod 8780 0x0000000003d41510 code [0x0000000003d41660, 0x0000000003d417b0]
Event: 266.092 Thread 0x0000000013d9d800 8781       3       org.eclipse.osgi.container.Module::holdsTransitionEventLock (25 bytes)
Event: 266.092 Thread 0x0000000013d9d800 nmethod 8781 0x0000000003339cd0 code [0x0000000003339e60, 0x000000000333a588]
Event: 266.092 Thread 0x0000000013d9d800 8782       3       org.eclipse.osgi.container.ModuleWiring::unload (6 bytes)
Event: 266.092 Thread 0x0000000013d9d800 nmethod 8782 0x0000000003470e90 code [0x0000000003471000, 0x0000000003471188]
Event: 266.092 Thread 0x0000000013d9d800 8788   !   3       org.eclipse.osgi.container.ModuleDatabase::getRevisionsTimestamp (25 bytes)
Event: 266.093 Thread 0x0000000013d9d800 nmethod 8788 0x0000000003db4890 code [0x0000000003db4aa0, 0x0000000003db57d8]
Event: 266.093 Thread 0x0000000013d9d800 8789       3       org.eclipse.osgi.internal.framework.EquinoxContainerAdaptor::clearManifestCache (84 bytes)

GC Heap History (10 events):
Event: 7.635 GC heap before
{Heap before GC invocations=11 (full 3):
 PSYoungGen      total 150016K, used 10232K [0x00000000f5580000, 0x0000000100000000, 0x0000000100000000)
  eden space 123904K, 0% used [0x00000000f5580000,0x00000000f5580000,0x00000000fce80000)
  from space 26112K, 39% used [0x00000000fe680000,0x00000000ff07e2f8,0x0000000100000000)
  to   space 24576K, 0% used [0x00000000fce80000,0x00000000fce80000,0x00000000fe680000)
 ParOldGen       total 91648K, used 38846K [0x00000000e0000000, 0x00000000e5980000, 0x00000000f5580000)
  object space 91648K, 42% used [0x00000000e0000000,0x00000000e25efa78,0x00000000e5980000)
 Metaspace       used 54357K, capacity 59124K, committed 59160K, reserved 1099776K
  class space    used 6519K, capacity 8112K, committed 8112K, reserved 1048576K
Event: 7.812 GC heap after
Heap after GC invocations=11 (full 3):
 PSYoungGen      total 150016K, used 0K [0x00000000f5580000, 0x0000000100000000, 0x0000000100000000)
  eden space 123904K, 0% used [0x00000000f5580000,0x00000000f5580000,0x00000000fce80000)
  from space 26112K, 0% used [0x00000000fe680000,0x00000000fe680000,0x0000000100000000)
  to   space 24576K, 0% used [0x00000000fce80000,0x00000000fce80000,0x00000000fe680000)
 ParOldGen       total 103424K, used 35603K [0x00000000e0000000, 0x00000000e6500000, 0x00000000f5580000)
  object space 103424K, 34% used [0x00000000e0000000,0x00000000e22c4d78,0x00000000e6500000)
 Metaspace       used 54357K, capacity 59124K, committed 59160K, reserved 1099776K
  class space    used 6519K, capacity 8112K, committed 8112K, reserved 1048576K
}
Event: 68.352 GC heap before
{Heap before GC invocations=12 (full 3):
 PSYoungGen      total 150016K, used 101540K [0x00000000f5580000, 0x0000000100000000, 0x0000000100000000)
  eden space 123904K, 81% used [0x00000000f5580000,0x00000000fb8a9370,0x00000000fce80000)
  from space 26112K, 0% used [0x00000000fe680000,0x00000000fe680000,0x0000000100000000)
  to   space 24576K, 0% used [0x00000000fce80000,0x00000000fce80000,0x00000000fe680000)
 ParOldGen       total 103424K, used 35603K [0x00000000e0000000, 0x00000000e6500000, 0x00000000f5580000)
  object space 103424K, 34% used [0x00000000e0000000,0x00000000e22c4d78,0x00000000e6500000)
 Metaspace       used 68512K, capacity 75226K, committed 75432K, reserved 1114112K
  class space    used 8336K, capacity 10581K, committed 10672K, reserved 1048576K
Event: 68.368 GC heap after
Heap after GC invocations=12 (full 3):
 PSYoungGen      total 143872K, used 19851K [0x00000000f5580000, 0x0000000100000000, 0x0000000100000000)
  eden space 123904K, 0% used [0x00000000f5580000,0x00000000f5580000,0x00000000fce80000)
  from space 19968K, 99% used [0x00000000fce80000,0x00000000fe1e2f00,0x00000000fe200000)
  to   space 26624K, 0% used [0x00000000fe600000,0x00000000fe600000,0x0000000100000000)
 ParOldGen       total 103424K, used 35611K [0x00000000e0000000, 0x00000000e6500000, 0x00000000f5580000)
  object space 103424K, 34% used [0x00000000e0000000,0x00000000e22c6d78,0x00000000e6500000)
 Metaspace       used 68512K, capacity 75226K, committed 75432K, reserved 1114112K
  class space    used 8336K, capacity 10581K, committed 10672K, reserved 1048576K
}
Event: 68.368 GC heap before
{Heap before GC invocations=13 (full 4):
 PSYoungGen      total 143872K, used 19851K [0x00000000f5580000, 0x0000000100000000, 0x0000000100000000)
  eden space 123904K, 0% used [0x00000000f5580000,0x00000000f5580000,0x00000000fce80000)
  from space 19968K, 99% used [0x00000000fce80000,0x00000000fe1e2f00,0x00000000fe200000)
  to   space 26624K, 0% used [0x00000000fe600000,0x00000000fe600000,0x0000000100000000)
 ParOldGen       total 103424K, used 35611K [0x00000000e0000000, 0x00000000e6500000, 0x00000000f5580000)
  object space 103424K, 34% used [0x00000000e0000000,0x00000000e22c6d78,0x00000000e6500000)
 Metaspace       used 68512K, capacity 75226K, committed 75432K, reserved 1114112K
  class space    used 8336K, capacity 10581K, committed 10672K, reserved 1048576K
Event: 68.653 GC heap after
Heap after GC invocations=13 (full 4):
 PSYoungGen      total 143872K, used 0K [0x00000000f5580000, 0x0000000100000000, 0x0000000100000000)
  eden space 123904K, 0% used [0x00000000f5580000,0x00000000f5580000,0x00000000fce80000)
  from space 19968K, 0% used [0x00000000fce80000,0x00000000fce80000,0x00000000fe200000)
  to   space 26624K, 0% used [0x00000000fe600000,0x00000000fe600000,0x0000000100000000)
 ParOldGen       total 103424K, used 53247K [0x00000000e0000000, 0x00000000e6500000, 0x00000000f5580000)
  object space 103424K, 51% used [0x00000000e0000000,0x00000000e33fffb8,0x00000000e6500000)
 Metaspace       used 68512K, capacity 75226K, committed 75432K, reserved 1114112K
  class space    used 8336K, capacity 10581K, committed 10672K, reserved 1048576K
}
Event: 134.859 GC heap before
{Heap before GC invocations=14 (full 4):
 PSYoungGen      total 143872K, used 55436K [0x00000000f5580000, 0x0000000100000000, 0x0000000100000000)
  eden space 123904K, 44% used [0x00000000f5580000,0x00000000f8ba3020,0x00000000fce80000)
  from space 19968K, 0% used [0x00000000fce80000,0x00000000fce80000,0x00000000fe200000)
  to   space 26624K, 0% used [0x00000000fe600000,0x00000000fe600000,0x0000000100000000)
 ParOldGen       total 103424K, used 53247K [0x00000000e0000000, 0x00000000e6500000, 0x00000000f5580000)
  object space 103424K, 51% used [0x00000000e0000000,0x00000000e33fffb8,0x00000000e6500000)
 Metaspace       used 72334K, capacity 79208K, committed 79400K, reserved 1118208K
  class space    used 8741K, capacity 11047K, committed 11056K, reserved 1048576K
Event: 134.865 GC heap after
Heap after GC invocations=14 (full 4):
 PSYoungGen      total 148992K, used 8286K [0x00000000f5580000, 0x0000000100000000, 0x0000000100000000)
  eden space 122368K, 0% used [0x00000000f5580000,0x00000000f5580000,0x00000000fcd00000)
  from space 26624K, 31% used [0x00000000fe600000,0x00000000fee17950,0x0000000100000000)
  to   space 25600K, 0% used [0x00000000fcd00000,0x00000000fcd00000,0x00000000fe600000)
 ParOldGen       total 103424K, used 53255K [0x00000000e0000000, 0x00000000e6500000, 0x00000000f5580000)
  object space 103424K, 51% used [0x00000000e0000000,0x00000000e3401fb8,0x00000000e6500000)
 Metaspace       used 72334K, capacity 79208K, committed 79400K, reserved 1118208K
  class space    used 8741K, capacity 11047K, committed 11056K, reserved 1048576K
}
Event: 134.865 GC heap before
{Heap before GC invocations=15 (full 5):
 PSYoungGen      total 148992K, used 8286K [0x00000000f5580000, 0x0000000100000000, 0x0000000100000000)
  eden space 122368K, 0% used [0x00000000f5580000,0x00000000f5580000,0x00000000fcd00000)
  from space 26624K, 31% used [0x00000000fe600000,0x00000000fee17950,0x0000000100000000)
  to   space 25600K, 0% used [0x00000000fcd00000,0x00000000fcd00000,0x00000000fe600000)
 ParOldGen       total 103424K, used 53255K [0x00000000e0000000, 0x00000000e6500000, 0x00000000f5580000)
  object space 103424K, 51% used [0x00000000e0000000,0x00000000e3401fb8,0x00000000e6500000)
 Metaspace       used 72334K, capacity 79208K, committed 79400K, reserved 1118208K
  class space    used 8741K, capacity 11047K, committed 11056K, reserved 1048576K
Event: 135.140 GC heap after
Heap after GC invocations=15 (full 5):
 PSYoungGen      total 148992K, used 0K [0x00000000f5580000, 0x0000000100000000, 0x0000000100000000)
  eden space 122368K, 0% used [0x00000000f5580000,0x00000000f5580000,0x00000000fcd00000)
  from space 26624K, 0% used [0x00000000fe600000,0x00000000fe600000,0x0000000100000000)
  to   space 25600K, 0% used [0x00000000fcd00000,0x00000000fcd00000,0x00000000fe600000)
 ParOldGen       total 103424K, used 49838K [0x00000000e0000000, 0x00000000e6500000, 0x00000000f5580000)
  object space 103424K, 48% used [0x00000000e0000000,0x00000000e30ab838,0x00000000e6500000)
 Metaspace       used 72334K, capacity 79208K, committed 79400K, reserved 1118208K
  class space    used 8741K, capacity 11047K, committed 11056K, reserved 1048576K
}

Deoptimization events (10 events):
Event: 265.173 Thread 0x0000000002488000 Uncommon trap: reason=unreached action=reinterpret pc=0x0000000003f1c074 method=org.eclipse.emf.ecore.xmi.impl.StringSegment.writeAscii(Ljava/io/OutputStream;I)V @ 276
Event: 265.189 Thread 0x0000000016e10800 Uncommon trap: reason=unstable_if action=reinterpret pc=0x0000000003d5e180 method=org.eclipse.e4.ui.internal.workbench.swt.E4Application$1.syncExec(Ljava/lang/Runnable;)V @ 14
Event: 265.203 Thread 0x000000001af2f800 Uncommon trap: reason=unstable_if action=reinterpret pc=0x0000000002a04208 method=org.eclipse.equinox.internal.event.EventHandlerTracker.getHandlers(Ljava/lang/String;)Ljava/util/Set; @ 28
Event: 265.204 Thread 0x000000001af2f800 Uncommon trap: reason=class_check action=maybe_recompile pc=0x0000000002a07d84 method=org.eclipse.e4.core.internal.contexts.TrackableComputationExt.update(Lorg/eclipse/e4/core/internal/contexts/ContextChangeEvent;)Z @ 62
Event: 265.204 Thread 0x000000001af2f800 Uncommon trap: reason=class_check action=maybe_recompile pc=0x0000000002a07d84 method=org.eclipse.e4.core.internal.contexts.TrackableComputationExt.update(Lorg/eclipse/e4/core/internal/contexts/ContextChangeEvent;)Z @ 62
Event: 265.415 Thread 0x000000001af28000 Uncommon trap: reason=unstable_if action=reinterpret pc=0x00000000026a23a4 method=sun.nio.cs.SingleByte$Encoder.encode(C)I @ 13
Event: 265.985 Thread 0x000000001af2f800 Uncommon trap: reason=unstable_if action=reinterpret pc=0x000000000351bdb4 method=org.eclipse.osgi.internal.hooks.EclipseLazyStarter.shouldActivateFor(Ljava/lang/String;Lorg/eclipse/osgi/container/Module;Lorg/eclipse/osgi/container/ModuleRevision;Lorg/ecliÕ&ªzèŸp@
Event: 265.994 Thread 0x000000001af2f800 Uncommon trap: reason=null_check action=maybe_recompile pc=0x0000000003d37d98 method=com.xilinx.sdk.targetmanager.internal.json.XMDJSONProcess.issueCommand(Ljava/lang/String;)Lcom/xilinx/sdk/targetmanager/internal/IXMDResult; @ 3
Event: 266.076 Thread 0x000000001779d800 Uncommon trap: reason=unstable_if action=reinterpret pc=0x000000000331403c method=org.eclipse.osgi.internal.framework.BundleContextImpl.dispatchEvent(Ljava/lang/Object;Ljava/lang/Object;ILjava/lang/Object;)V @ 16
Event: 266.085 Thread 0x000000001af2f800 Uncommon trap: reason=unstable_if action=reinterpret pc=0x000000000347e9d8 method=sun.reflect.UnsafeStaticObjectFieldAccessorImpl.set(Ljava/lang/Object;Ljava/lang/Object;)V @ 13

Internal exceptions (10 events):
Event: 145.840 Thread 0x0000000016e12000 Exception <a 'java/io/FileNotFoundException'> (0x00000000f98b6970) thrown at [C:\re\workspace\8-2-build-windows-amd64-cygwin\jdk8u66\5298\hotspot\src\share\vm\prims\jni.cpp, line 709]
Event: 145.840 Thread 0x0000000016e12000 Exception <a 'java/io/FileNotFoundException'> (0x00000000f98c7ff0) thrown at [C:\re\workspace\8-2-build-windows-amd64-cygwin\jdk8u66\5298\hotspot\src\share\vm\prims\jni.cpp, line 709]
Event: 146.180 Thread 0x0000000016e12000 Exception <a 'java/io/FileNotFoundException'> (0x00000000f98e1250) thrown at [C:\re\workspace\8-2-build-windows-amd64-cygwin\jdk8u66\5298\hotspot\src\share\vm\prims\jni.cpp, line 709]
Event: 265.414 Thread 0x000000001af2c800 Exception <a 'java/lang/InterruptedException'> (0x00000000fc233bf0) thrown at [C:\re\workspace\8-2-build-windows-amd64-cygwin\jdk8u66\5298\hotspot\src\share\vm\runtime\objectMonitor.cpp, line 1683]
Event: 265.994 Thread 0x000000001af2f800 Exception <a 'java/lang/NullPointerException'> (0x00000000fc4494a0) thrown at [C:\re\workspace\8-2-build-windows-amd64-cygwin\jdk8u66\5298\hotspot\src\share\vm\prims\jvm.cpp, line 1390]
Event: 266.071 Thread 0x0000000016e10800 Exception <a 'java/lang/InterruptedException'> (0x00000000f6b39950) thrown at [C:\re\workspace\8-2-build-windows-amd64-cygwin\jdk8u66\5298\hotspot\src\share\vm\runtime\objectMonitor.cpp, line 1683]
Event: 266.085 Thread 0x000000001af2f800 Implicit null exception at 0x000000000347e5d7 to 0x000000000347e9c5
Event: 266.085 Thread 0x000000001779d800 Exception <a 'java/lang/InterruptedException'> (0x00000000fc5d0380) thrown at [C:\re\workspace\8-2-build-windows-amd64-cygwin\jdk8u66\5298\hotspot\src\share\vm\runtime\objectMonitor.cpp, line 1683]
Event: 266.091 Thread 0x0000000016e11000 Exception <a 'java/lang/InterruptedException'> (0x00000000f6203778) thrown at [C:\re\workspace\8-2-build-windows-amd64-cygwin\jdk8u66\5298\hotspot\src\share\vm\runtime\objectMonitor.cpp, line 1683]
Event: 266.091 Thread 0x0000000017198000 Exception <a 'java/lang/InterruptedException'> (0x00000000fc770e50) thrown at [C:\re\workspace\8-2-build-windows-amd64-cygwin\jdk8u66\5298\hotspot\src\share\vm\runtime\objectMonitor.cpp, line 1683]

Events (10 events):
Event: 266.092 Executing VM operation: RevokeBias
Event: 266.092 Executing VM operation: RevokeBias done
Event: 266.093 Thread 0x000000001af2f800 Thread exited: 0x000000001af2f800
Event: 266.093 loading class java/util/IdentityHashMap$KeyIterator
Event: 266.093 loading class java/util/IdentityHashMap$IdentityHashMapIterator
Event: 266.093 loading class java/util/IdentityHashMap$IdentityHashMapIterator done
Event: 266.093 loading class java/util/IdentityHashMap$KeyIterator done
Event: 266.093 Thread 0x000000001af2f800 Thread added: 0x000000001af2f800
Event: 266.093 Thread 0x000000001af2f800 Thread exited: 0x000000001af2f800
Event: 266.093 Executing VM operation: Exit


Dynamic libraries:
0x0000000000400000 - 0x000000000044f000 	C:\Xilinx\SDK\2016.2\eclipse\win64.o\eclipse.exe
0x00000000775f0000 - 0x000000007779a000 	C:\Windows\SYSTEM32\ntdll.dll
0x00000000774d0000 - 0x00000000775ef000 	C:\Windows\system32\kernel32.dll
0x000007fefd600000 - 0x000007fefd66a000 	C:\Windows\system32\KERNELBASE.dll
0x00000000773d0000 - 0x00000000774ca000 	C:\Windows\system32\USER32.dll
0x000007feff890000 - 0x000007feff8f7000 	C:\Windows\system32\GDI32.dll
0x000007fefdbc0000 - 0x000007fefdbce000 	C:\Windows\system32\LPK.dll
0x000007fefd6f0000 - 0x000007fefd7ba000 	C:\Windows\system32\USP10.dll
0x000007feff630000 - 0x000007feff6cf000 	C:\Windows\system32\msvcrt.dll
0x000007fefbc40000 - 0x000007fefbe34000 	C:\Windows\WinSxS\amd64_microsoft.windows.common-controls_6595b64144ccf1df_6.0.7601.18837_none_fa3b1e3d17594757\COMCTL32.dll
0x000007fefdc90000 - 0x000007fefdd01000 	C:\Windows\system32\SHLWAPI.dll
0x000007fefdb90000 - 0x000007fefdbbe000 	C:\Windows\system32\IMM32.DLL
0x000007fefe2e0000 - 0x000007fefe3e9000 	C:\Windows\system32\MSCTF.dll
0x0000000072000000 - 0x0000000072012000 	C:\Xilinx\SDK\2016.2\eclipse\win64.o\plugins\org.eclipse.equinox.launcher.win32.win32.x86_64_1.1.300.v20150602-1417\eclipse_1611.dll
0x000007feff7b0000 - 0x000007feff88b000 	C:\Windows\system32\ADVAPI32.dll
0x000007fefe060000 - 0x000007fefe07f000 	C:\Windows\SYSTEM32\sechost.dll
0x000007feff500000 - 0x000007feff62d000 	C:\Windows\system32\RPCRT4.dll
0x000007fefc3c0000 - 0x000007fefc3cc000 	C:\Windows\system32\VERSION.dll
0x000007fefc030000 - 0x000007fefc086000 	C:\Windows\system32\UxTheme.dll
0x0000000070b10000 - 0x0000000071399000 	C:\Xilinx\SDK\2016.2\tps\win64\jre\bin\server\jvm.dll
0x000007fefb230000 - 0x000007fefb239000 	C:\Windows\system32\WSOCK32.dll
0x000007fefe290000 - 0x000007fefe2dd000 	C:\Windows\system32\WS2_32.dll
0x000007fefe6c0000 - 0x000007fefe6c8000 	C:\Windows\system32\NSI.dll
0x000007fefac50000 - 0x000007fefac8b000 	C:\Windows\system32\WINMM.dll
0x00000000777c0000 - 0x00000000777c7000 	C:\Windows\system32\PSAPI.DLL
0x0000000073870000 - 0x0000000073942000 	C:\Windows\system32\MSVCR100.dll
0x0000000074870000 - 0x000000007487f000 	C:\Xilinx\SDK\2016.2\tps\win64\jre\bin\verify.dll
0x0000000074840000 - 0x0000000074869000 	C:\Xilinx\SDK\2016.2\tps\win64\jre\bin\java.dll
0x0000000074820000 - 0x0000000074836000 	C:\Xilinx\SDK\2016.2\tps\win64\jre\bin\zip.dll
0x000007fefe770000 - 0x000007feff4f9000 	C:\Windows\system32\SHELL32.dll
0x000007fefe080000 - 0x000007fefe283000 	C:\Windows\system32\ole32.dll
0x000007fefd330000 - 0x000007fefd33f000 	C:\Windows\system32\profapi.dll
0x000007fefcb30000 - 0x000007fefcb48000 	C:\Windows\system32\CRYPTSP.dll
0x000007fefc830000 - 0x000007fefc877000 	C:\Windows\system32\rsaenh.dll
0x000007fefd6d0000 - 0x000007fefd6ee000 	C:\Windows\system32\USERENV.dll
0x000007fefd190000 - 0x000007fefd19f000 	C:\Windows\system32\CRYPTBASE.dll
0x0000000074800000 - 0x000000007481a000 	C:\Xilinx\SDK\2016.2\tps\win64\jre\bin\net.dll
0x000007fefcad0000 - 0x000007fefcb25000 	C:\Windows\system32\mswsock.dll
0x000007fefcac0000 - 0x000007fefcac7000 	C:\Windows\System32\wship6.dll
0x000007fef9ab0000 - 0x000007fef9ad7000 	C:\Windows\system32\IPHLPAPI.DLL
0x000007fef9aa0000 - 0x000007fef9aab000 	C:\Windows\system32\WINNSI.DLL
0x000007fefa1d0000 - 0x000007fefa1e1000 	C:\Windows\system32\dhcpcsvc6.DLL
0x000007fefa1b0000 - 0x000007fefa1c8000 	C:\Windows\system32\dhcpcsvc.DLL
0x00000000747e0000 - 0x00000000747f1000 	C:\Xilinx\SDK\2016.2\tps\win64\jre\bin\nio.dll
0x000007fefa8d0000 - 0x000007fefa8e5000 	C:\Windows\system32\NLAapi.dll
0x000007fef95b0000 - 0x000007fef95c5000 	C:\Windows\system32\napinsp.dll
0x000007fef95d0000 - 0x000007fef95e9000 	C:\Windows\system32\pnrpnsp.dll
0x000007fefc950000 - 0x000007fefc9ab000 	C:\Windows\system32\DNSAPI.dll
0x000007fef9da0000 - 0x000007fef9dab000 	C:\Windows\System32\winrnr.dll
0x000007fefc490000 - 0x000007fefc497000 	C:\Windows\System32\wshtcpip.dll
0x000007fef9db0000 - 0x000007fef9db8000 	C:\Windows\system32\rasadhlp.dll
0x000007fefa5e0000 - 0x000007fefa633000 	C:\Windows\System32\fwpuclnt.dll
0x0000000018650000 - 0x00000000186f8000 	C:\Users\chungm13\.Xilinx\SDK\2016.2\org.eclipse.osgi\312\0\.cp\swt-win32-4527.dll
0x000007feff6d0000 - 0x000007feff7a8000 	C:\Windows\system32\OLEAUT32.dll
0x000007fefdbf0000 - 0x000007fefdc87000 	C:\Windows\system32\comdlg32.dll
0x000007fef6c00000 - 0x000007fef6c71000 	C:\Windows\system32\WINSPOOL.DRV
0x000007fefdd10000 - 0x000007fefdfd5000 	C:\Windows\system32\WININET.dll
0x000007fefd5b0000 - 0x000007fefd5b4000 	C:\Windows\system32\api-ms-win-downlevel-user32-l1-1-0.dll
0x000007fefd6b0000 - 0x000007fefd6b4000 	C:\Windows\system32\api-ms-win-downlevel-shlwapi-l1-1-0.dll
0x000007fefd6c0000 - 0x000007fefd6c4000 	C:\Windows\system32\api-ms-win-downlevel-version-l1-1-0.dll
0x000007fefd5a0000 - 0x000007fefd5a3000 	C:\Windows\system32\api-ms-win-downlevel-normaliz-l1-1-0.dll
0x00000000777b0000 - 0x00000000777b3000 	C:\Windows\system32\normaliz.DLL
0x000007fefe3f0000 - 0x000007fefe6b9000 	C:\Windows\system32\iertutil.dll
0x000007fefd590000 - 0x000007fefd595000 	C:\Windows\system32\api-ms-win-downlevel-advapi32-l1-1-0.dll
0x000007fefd400000 - 0x000007fefd56d000 	C:\Windows\system32\CRYPT32.dll
0x000007fefd340000 - 0x000007fefd34f000 	C:\Windows\system32\MSASN1.dll
0x000007fefb6b0000 - 0x000007fefb7dc000 	C:\Windows\system32\propsys.dll
0x000007fefe6d0000 - 0x000007fefe769000 	C:\Windows\system32\CLBCatQ.DLL
0x0000000000570000 - 0x000000000058e000 	C:\Users\chungm13\.Xilinx\SDK\2016.2\org.eclipse.osgi\312\0\.cp\swt-gdip-win32-4527.dll
0x000007fef2e70000 - 0x000007fef3086000 	C:\Windows\WinSxS\amd64_microsoft.windows.gdiplus_6595b64144ccf1df_1.1.7601.23508_none_145555328b95eaaa\gdiplus.dll
0x000007fefb4e0000 - 0x000007fefb641000 	C:\Windows\system32\WindowsCodecs.dll
0x0000000180000000 - 0x0000000180012000 	C:\Users\chungm13\.Xilinx\SDK\2016.2\org.eclipse.osgi\126\0\.cp\os\win32\x86_64\localfile_1_0_0.dll
0x000007fef8200000 - 0x000007fef8254000 	C:\Windows\system32\oleacc.dll
0x000007fefc0c0000 - 0x000007fefc0c7000 	C:\Windows\system32\msimg32.dll
0x000007fefd280000 - 0x000007fefd294000 	C:\Windows\system32\RpcRtRemote.dll
0x000007fefd130000 - 0x000007fefd187000 	C:\Windows\system32\apphelp.dll
0x000007feecf10000 - 0x000007feecf21000 	C:\Users\chungm13\.Xilinx\SDK\2016.2\org.eclipse.osgi\129\0\.cp\jWinHttp-1.0.0.dll
0x000007fef9b80000 - 0x000007fef9bf1000 	C:\Windows\system32\WINHTTP.dll
0x000007fef9b10000 - 0x000007fef9b74000 	C:\Windows\system32\webio.dll
0x000007fefd100000 - 0x000007fefd125000 	C:\Windows\system32\SspiCli.dll
0x000007fefc6f0000 - 0x000007fefc6fa000 	C:\Windows\system32\credssp.dll
0x000007fefd670000 - 0x000007fefd6a6000 	C:\Windows\system32\CFGMGR32.dll
0x000007fef5820000 - 0x000007fef582f000 	C:\Xilinx\SDK\2016.2\lib\win64.o\librdi_repo_manager.dll
0x000007feeb2f0000 - 0x000007feeb31a000 	C:\Xilinx\SDK\2016.2\lib\win64.o\libisl_sysinfo.dll
0x000007feed750000 - 0x000007feed824000 	C:\Windows\system32\MSVCR110.dll
0x000007feed8f0000 - 0x000007feed997000 	C:\Windows\system32\MSVCP110.dll
0x000007fec0fb0000 - 0x000007fec19f0000 	C:\Xilinx\SDK\2016.2\lib\win64.o\librdi_common.dll
0x000007fec32d0000 - 0x000007fec363e000 	C:\Xilinx\SDK\2016.2\lib\win64.o\libCOIN-all.dll
0x000007fec30b0000 - 0x000007fec32cf000 	C:\Xilinx\SDK\2016.2\lib\win64.o\libXil_lmgr11.dll
0x000007fefb3a0000 - 0x000007fefb3b6000 	C:\Windows\system32\NETAPI32.dll
0x000007fefc760000 - 0x000007fefc76c000 	C:\Windows\system32\netutils.dll
0x000007fefcdd0000 - 0x000007fefcdf3000 	C:\Windows\system32\srvcli.dll
0x000007fefb380000 - 0x000007fefb395000 	C:\Windows\system32\wkscli.dll
0x000007fefd5c0000 - 0x000007fefd5fb000 	C:\Windows\system32\WINTRUST.dll
0x000007fefa740000 - 0x000007fefa750000 	C:\Xilinx\SDK\2016.2\lib\win64.o\libboost_date_time.dll
0x000007feed640000 - 0x000007feed664000 	C:\Xilinx\SDK\2016.2\lib\win64.o\libboost_filesystem.dll
0x000007fefa730000 - 0x000007fefa739000 	C:\Xilinx\SDK\2016.2\lib\win64.o\libboost_system.dll
0x000007feed5c0000 - 0x000007feed637000 	C:\Xilinx\SDK\2016.2\lib\win64.o\libboost_program_options.dll
0x000007fed0470000 - 0x000007fed0576000 	C:\Xilinx\SDK\2016.2\lib\win64.o\libboost_regex.dll
0x000007fefa6a0000 - 0x000007fefa6b3000 	C:\Xilinx\SDK\2016.2\lib\win64.o\libboost_signals.dll
0x000007fef4450000 - 0x000007fef446d000 	C:\Xilinx\SDK\2016.2\lib\win64.o\libboost_thread.dll
0x000007fefa250000 - 0x000007fefa25b000 	C:\Xilinx\SDK\2016.2\lib\win64.o\libboost_chrono.dll
0x000007fef6a90000 - 0x000007fef6a9b000 	C:\Xilinx\SDK\2016.2\lib\win64.o\libboost_xilinx.dll
0x000007feeb320000 - 0x000007feeb3a0000 	C:\Xilinx\SDK\2016.2\lib\win64.o\libhdlpsolve.dll
0x000007fed3950000 - 0x000007fed39ea000 	C:\Xilinx\SDK\2016.2\lib\win64.o\libhdxml.dll
0x000007fec2c40000 - 0x000007fec30a5e00 	C:\Xilinx\SDK\2016.2\lib\win64.o\libisl_iostreams.dll
0x000007fef30d0000 - 0x000007fef30e6000 	C:\Xilinx\SDK\2016.2\lib\win64.o\libboost_iostreams.dll
0x000007feed480000 - 0x000007feed4a3000 	C:\Xilinx\SDK\2016.2\lib\win64.o\librdizlib.dll
0x000007feed450000 - 0x000007feed473000 	C:\Xilinx\SDK\2016.2\lib\win64.o\libisl_iosutils.dll
0x000007fefa6c0000 - 0x000007fefa6d5000 	C:\Xilinx\SDK\2016.2\lib\win64.o\pthreadVC2.dll
0x000007fed3440000 - 0x000007fed3494000 	C:\Xilinx\SDK\2016.2\lib\win64.o\librdi_commonxillic.dll
0x000007fed3310000 - 0x000007fed3440000 	C:\Xilinx\SDK\2016.2\lib\win64.o\librdi_curl.dll
0x000007feed430000 - 0x000007feed448000 	C:\Xilinx\SDK\2016.2\lib\win64.o\librdiconfig.dll
0x0000000072ce0000 - 0x0000000072e07000 	C:\Xilinx\SDK\2016.2\lib\win64.o\tcl85t.dll
0x0000000024060000 - 0x00000000242c3000 	C:\Xilinx\SDK\2016.2\lib\win64.o\xerces-c_3_1.dll
0x000007fefd9a0000 - 0x000007fefdb26000 	C:\Windows\system32\urlmon.dll
0x000007fefd3f0000 - 0x000007fefd3f4000 	C:\Windows\system32\api-ms-win-downlevel-ole32-l1-1-0.dll
0x000007fef4ff0000 - 0x000007fef5013000 	C:\Windows\system32\VCOMP110.DLL
0x000007feca340000 - 0x000007feca532000 	C:\Xilinx\SDK\2016.2\lib\win64.o\librdi_hsm.dll
0x000007fed31c0000 - 0x000007fed3203000 	C:\Xilinx\SDK\2016.2\lib\win64.o\librdi_hdf.dll
0x000007fec0d20000 - 0x000007fec0fa1000 	C:\Xilinx\SDK\2016.2\lib\win64.o\librdi_ippcw.dll
0x000007fefa680000 - 0x000007fefa696000 	C:\Xilinx\SDK\2016.2\eclipse\win64.o\plugins\org.eclipse.cdt.core.win32.x86_64_5.4.0.201509131935\os\win32\x86_64\spawner.dll
0x000007fefa750000 - 0x000007fefa75a000 	C:\Xilinx\SDK\2016.2\lib\win64.o\librdi_jtag_settings.dll
0x000007fed3ec0000 - 0x000007fed3ee9000 	C:\Xilinx\SDK\2016.2\lib\win64.o\librdi_debug_dialog.dll
0x000007fef6e10000 - 0x000007fef6e18000 	C:\Xilinx\SDK\2016.2\lib\win64.o\librdi_target_manager.dll
0x0000000021ba0000 - 0x0000000021bc6000 	C:\Xilinx\SDK\2016.2\eclipse\win64.o\plugins\gnu.io.rxtx.win32.x86_64_2.1.7.3_v20071015\os\win32\x86_64\rxtxSerial.dll
0x000007feb6760000 - 0x000007feb6f70000 	C:\Xilinx\SDK\2016.2\lib\win64.o\libXil_lmgr11FNP.dll
0x000007fef50f0000 - 0x000007fef50fb000 	C:\Windows\system32\snmpapi.dll

VM Arguments:
jvm_args: -Dcom.xilinx.sdk.args.hwspec=W:/ECE532/NexysVideo-master/Projects/hdmi/proj/hdmi.sdk/hdmi_wrapper.hdf -Xms64m -Xmx512m & 
java_command: <unknown>
java_class_path (initial): C:\Xilinx\SDK\2016.2\eclipse\win64.o\\plugins/org.eclipse.equinox.launcher_1.3.100.v20150511-1540.jar
Launcher Type: generic

Environment Variables:
PATH=C:/Xilinx/SDK/2016.2/tps/win64/jre/bin/server;C:/Xilinx/SDK/2016.2/tps/win64/jre/bin;C:/Xilinx/SDK/2016.2/tps/win64/jre/lib/amd64;C:\Xilinx\SDK\2016.2\gnuwin\bin;C:\Xilinx\SDK\2016.2\gnu\microblaze\nt\bin;C:\Xilinx\SDK\2016.2\gnu\microblaze\linux_toolchain\nt64_le\bin;C:\Xilinx\SDK\2016.2\gnu\microblaze\linux_toolchain\nt64_be\bin;C:\Xilinx\SDK\2016.2\gnu\arm\nt\bin;C:\Xilinx\SDK\2016.2\gnu\aarch64\nt\aarch64-none\bin;C:\Xilinx\SDK\2016.2\gnu\aarch64\nt\aarch64-linux\bin;C:\Xilinx\SDK\2016.2\gnu\armr5\nt\gcc-arm-none-eabi\bin;C:\Xilinx\SDK\2016.2\gnu\aarch32\nt\gcc-arm-none-eabi\bin;C:\Xilinx\SDK\2016.2\gnu\aarch32\nt\gcc-arm-linux-gnueabi\bin;C:\Xilinx\SDK\2016.2\tps\win64\cmake-3.3.2\bin;;C:\Xilinx\SDK\2016.2\bin;C:\Xilinx\SDK\2016.2\lib\win64.o;C:\Xilinx\SDK\2016.2\tps\win64\jre\bin\server;C:\Xilinx\SDK\2016.2\tps\win64\jre\bin;C:\Xilinx\Vivado\2016.2\ids_lite\ISE\bin\nt64;C:\Xilinx\Vivado\2016.2\ids_lite\ISE\lib\nt64;C:\Xilinx\Vivado\2016.2\bin;C:\Xilinx\Vivado\2016.2\lib\win64.o;C:\Xilinx\Vivado\2016.2\tps\win64\jre\bin\server;C:\Xilinx\Vivado\2016.2\tps\win64\jre\bin;C:\Xilinx\Vivado_HLS\2016.2\bin;C:\Windows\system32;C:\Windows;C:\Windows\System32\Wbem;C:\Windows\System32\WindowsPowerShell\v1.0\;C:\Program Files (x86)\Java\jre6\bin;C:\Program Files (x86)\eclipse;C:\altera\16.0\quartus\bin64;c:\altera\16.0\quartus\bin64\jre64\bin;w:\ECE532\NexysVideo-master\Projects\hdmi\proj;
USERNAME=chungm13
OS=Windows_NT
PROCESSOR_IDENTIFIER=Intel64 Family 6 Model 60 Stepping 3, GenuineIntel



---------------  S Y S T E M  ---------------

OS: Windows 7 , 64 bit Build 7601 (6.1.7601.23418)

CPU:total 8 (4 cores per cpu, 2 threads per core) family 6 model 60 stepping 3, cmov, cx8, fxsr, mmx, sse, sse2, sse3, ssse3, sse4.1, sse4.2, popcnt, avx, avx2, aes, clmul, erms, lzcnt, ht, tsc, tscinvbit, bmi1, bmi2

Memory: 4k page, physical 16683148k(11133960k free), swap 33364436k(27252080k free)

vm_info: Java HotSpot(TM) 64-Bit Server VM (25.66-b18) for windows-amd64 JRE (1.8.0_66-b18), built on Nov  9 2015 10:51:13 by "java_re" with MS VC++ 10.0 (VS2010)

time: Thu Mar 16 16:46:47 2017
elapsed time: 266 seconds (0d 0h 4m 26s)

