#
# A fatal error has been detected by the Java Runtime Environment:
#
#  EXCEPTION_UNCAUGHT_CXX_EXCEPTION (0xe06d7363) at pc=0x000007fefcbaa06d, pid=6836, tid=6620
#
# JRE version: Java(TM) SE Runtime Environment (8.0_45-b15) (build 1.8.0_45-b15)
# Java VM: Java HotSpot(TM) 64-Bit Server VM (25.45-b02 mixed mode windows-amd64 compressed oops)
# Problematic frame:
# C  [KERNELBASE.dll+0x1a06d]
#
# Failed to write core dump. Minidumps are not enabled by default on client versions of Windows
#
# If you would like to submit a bug report, please visit:
#   http://bugreport.java.com/bugreport/crash.jsp
#

---------------  T H R E A D  ---------------

Current thread (0x0000000013a9a800):  VMThread [stack: 0x0000000014b00000,0x0000000014c00000] [id=6620]

siginfo: ExceptionCode=0xe06d7363, ExceptionInformation=0x0000000019930520 0x0000000014bff6c8 0x000007fef8fa2cb8 0x000007fef8ef0000 

Registers:
RAX=0x000000006264df66, RBX=0x000007fef8fa2cb8, RCX=0x0000000014bfef10, RDX=0x00000000000000d0
RSP=0x0000000014bff520, RBP=0x0000000014bff650, RSI=0x00000000ffffffff, RDI=0x0000000021dd3a10
R8 =0x0000000000000000, R9 =0x0000000000000000, R10=0x000007fef8ef0000, R11=0x0000000014bff560
R12=0x0000000000000001, R13=0x0000000000000008, R14=0x0000000000000000, R15=0xffffffffffffffff
RIP=0x000007fefcbaa06d, EFLAGS=0x0000000000000206

Top of Stack: (sp=0x0000000014bff520)
0x0000000014bff520:   000007fef8fa2cb8 00000000ffffffff
0x0000000014bff530:   0000000021dd3a10 000000000024e440
0x0000000014bff540:   00000001e06d7363 0000000000000000
0x0000000014bff550:   000007fefcbaa06d 000007fe00000004
0x0000000014bff560:   0000000019930520 0000000014bff6c8
0x0000000014bff570:   000007fef8fa2cb8 000007fef8ef0000
0x0000000014bff580:   0000000000000000 0000000014bff608
0x0000000014bff590:   0000000000000028 0000000021dd3a00
0x0000000014bff5a0:   00000000163ee5c0 0000000000000000
0x0000000014bff5b0:   000007fffffd4000 0000000076d4f4e3
0x0000000014bff5c0:   0000000000000000 0000000000000008
0x0000000014bff5d0:   0000000000000001 0000000021dd3a10
0x0000000014bff5e0:   00000000ffffffff 000007fef8f4e92c
0x0000000014bff5f0:   000007fef8fa2cb8 0000000014bff660
0x0000000014bff600:   0000000000000001 000007fef8ef00f8
0x0000000014bff610:   00000001e06d7363 0000000000000000 

Instructions: (pc=0x000007fefcbaa06d)
0x000007fefcbaa04d:   54 24 24 48 89 4c 24 28 4d 85 c9 0f 85 6a 03 00
0x000007fefcbaa05d:   00 89 4c 24 38 48 8d 4c 24 20 ff 15 33 02 03 00
0x000007fefcbaa06d:   48 81 c4 c8 00 00 00 c3 90 90 90 90 90 90 90 90
0x000007fefcbaa07d:   90 90 90 48 83 ec 28 65 48 8b 04 25 30 00 00 00 


Register to memory mapping:

RAX=0x000000006264df66 is an unknown value
RBX=0x000007fef8fa2cb8 is an unknown value
RCX=0x0000000014bfef10 is an unknown value
RDX=0x00000000000000d0 is an unknown value
RSP=0x0000000014bff520 is an unknown value
RBP=0x0000000014bff650 is an unknown value
RSI=0x00000000ffffffff is an unallocated location in the heap
RDI=0x0000000021dd3a10 is an unknown value
R8 =0x0000000000000000 is an unknown value
R9 =0x0000000000000000 is an unknown value
R10=0x000007fef8ef0000 is an unknown value
R11=0x0000000014bff560 is an unknown value
R12=0x0000000000000001 is an unknown value
R13=0x0000000000000008 is an unknown value
R14=0x0000000000000000 is an unknown value
R15=0xffffffffffffffff is an unknown value


Stack: [0x0000000014b00000,0x0000000014c00000],  sp=0x0000000014bff520,  free space=1021k
Native frames: (J=compiled Java code, j=interpreted, Vv=VM code, C=native code)
C  [KERNELBASE.dll+0x1a06d]
C  [MSVCR110.dll+0x5e92c]
C  [MSVCR110.dll+0x1315c]
C  [MSVCR110.dll+0x136a9]
C  [MSVCR110.dll+0x13e9c]
C  [MSVCR110.dll+0x239e]
C  [MSVCR110.dll+0xaf9e]
C  [MSVCP110.dll+0x397b9]
C  [librdi_common.dll+0x141c4e]
C  [librdi_common.dll+0x140859]
C  [librdi_repo_manager.dll+0x6a60]
C  [librdi_repo_manager.dll+0x6ce2]
C  [ntdll.dll+0x22ac1]
C  [ntdll.dll+0x228d0]
C  [MSVCR100.dll+0x20ccd]
V  [jvm.dll+0x20f135]
V  [jvm.dll+0x247ef7]
V  [jvm.dll+0x247196]
V  [jvm.dll+0x247631]
V  [jvm.dll+0x24784e]
V  [jvm.dll+0x29853a]
C  [MSVCR100.dll+0x21d9f]
C  [MSVCR100.dll+0x21e3b]
C  [kernel32.dll+0x159cd]
C  [ntdll.dll+0x2a561]

VM_Operation (0x000000000012f500): Exit, mode: safepoint, requested by thread 0x0000000002678000


---------------  P R O C E S S  ---------------

Java Threads: ( => current thread )
  0x0000000018af3000 JavaThread "Spawner Reaper" daemon [_thread_in_native, id=5392, stack(0x000000001df70000,0x000000001e070000)]
  0x0000000018aec800 JavaThread "TCF Locator DNS Lookup" daemon [_thread_blocked, id=3500, stack(0x000000001f540000,0x000000001f640000)]
  0x0000000015da9000 JavaThread "TCF Locator Timer" daemon [_thread_blocked, id=696, stack(0x000000001f440000,0x000000001f540000)]
  0x0000000015da6000 JavaThread "TCF Locator Receiver" daemon [_thread_in_native, id=6472, stack(0x000000001bc90000,0x000000001bd90000)]
  0x0000000015da7800 JavaThread "TCF Timer Dispatcher" daemon [_thread_blocked, id=6752, stack(0x000000001ba20000,0x000000001bb20000)]
  0x0000000018010000 JavaThread "EMF Reference Cleaner" daemon [_thread_blocked, id=4392, stack(0x0000000017cb0000,0x0000000017db0000)]
  0x0000000014e5b000 JavaThread "Service Thread" daemon [_thread_blocked, id=4688, stack(0x0000000015700000,0x0000000015800000)]
  0x0000000014e0b000 JavaThread "C1 CompilerThread2" daemon [_thread_blocked, id=6092, stack(0x0000000015600000,0x0000000015700000)]
  0x0000000014e0a000 JavaThread "C2 CompilerThread1" daemon [_thread_blocked, id=1040, stack(0x0000000015500000,0x0000000015600000)]
  0x0000000014e07000 JavaThread "C2 CompilerThread0" daemon [_thread_blocked, id=4324, stack(0x0000000015400000,0x0000000015500000)]
  0x0000000014e02800 JavaThread "Attach Listener" daemon [_thread_blocked, id=820, stack(0x0000000015300000,0x0000000015400000)]
  0x0000000013b05000 JavaThread "Signal Dispatcher" daemon [_thread_blocked, id=4696, stack(0x0000000015200000,0x0000000015300000)]
  0x0000000013aa7000 JavaThread "Finalizer" daemon [_thread_blocked, id=4780, stack(0x0000000014d00000,0x0000000014e00000)]
  0x0000000013aa0000 JavaThread "Reference Handler" daemon [_thread_blocked, id=6736, stack(0x0000000014c00000,0x0000000014d00000)]
  0x0000000002678000 JavaThread "main" [_thread_blocked, id=6668, stack(0x0000000000030000,0x0000000000130000)]

Other Threads:
=>0x0000000013a9a800 VMThread [stack: 0x0000000014b00000,0x0000000014c00000] [id=6620]

VM state:at safepoint (shutting down)

VM Mutex/Monitor currently owned by a thread:  ([mutex/lock_event])
[0x000000000039df50] Threads_lock - owner thread: 0x0000000013a9a800

Heap:
 PSYoungGen      total 114688K, used 26668K [0x00000000f5580000, 0x00000000ffd00000, 0x0000000100000000)
  eden space 114176K, 23% used [0x00000000f5580000,0x00000000f6f8b140,0x00000000fc500000)
  from space 512K, 0% used [0x00000000fc500000,0x00000000fc500000,0x00000000fc580000)
  to   space 28672K, 0% used [0x00000000fe100000,0x00000000fe100000,0x00000000ffd00000)
 ParOldGen       total 114176K, used 46015K [0x00000000e0000000, 0x00000000e6f80000, 0x00000000f5580000)
  object space 114176K, 40% used [0x00000000e0000000,0x00000000e2cefe78,0x00000000e6f80000)
 Metaspace       used 78426K, capacity 84648K, committed 84952K, reserved 1122304K
  class space    used 9448K, capacity 11257K, committed 11264K, reserved 1048576K

Card table byte_map: [0x0000000011b00000,0x0000000011c10000] byte_map_base: 0x0000000011400000

Marking Bits: (ParMarkBitMap*) 0x0000000065a64040
 Begin Bits: [0x0000000012010000, 0x0000000012810000)
 End Bits:   [0x0000000012810000, 0x0000000013010000)

Polling page: 0x0000000000320000

CodeCache: size=245760Kb used=34458Kb max_used=34479Kb free=211301Kb
 bounds [0x0000000002740000, 0x0000000004940000, 0x0000000011740000]
 total_blobs=10673 nmethods=9816 adapters=765
 compilation: enabled

Compilation events (10 events):
Event: 447.256 Thread 0x0000000014e0b000 12282       3       java.util.jar.JarVerifier::mapSignersToCertArray (57 bytes)
Event: 447.257 Thread 0x0000000014e0b000 nmethod 12282 0x0000000003a81e90 code [0x0000000003a82060, 0x0000000003a82968]
Event: 447.260 Thread 0x0000000014e0a000 nmethod 12247 0x0000000004904d90 code [0x0000000004905160, 0x0000000004908a30]
Event: 447.265 Thread 0x0000000014e0a000 12264       4       org.eclipse.osgi.internal.serviceregistry.FilteredServiceListener::serviceChanged (272 bytes)
Event: 447.412 Thread 0x0000000014e0b000 12283   !   3       org.eclipse.osgi.internal.baseadaptor.BaseStorage::compact (215 bytes)
Event: 447.417 Thread 0x0000000014e0b000 nmethod 12283 0x000000000484ab10 code [0x000000000484af60, 0x000000000484d428]
Event: 447.518 Thread 0x0000000014e0a000 nmethod 12264 0x000000000490d3d0 code [0x000000000490d920, 0x0000000004911e18]
Event: 447.547 Thread 0x0000000014e07000 nmethod 12263 0x000000000491c850 code [0x000000000491ce40, 0x0000000004922a08]
Event: 447.600 Thread 0x0000000014e0b000 12284       3       org.eclipse.osgi.framework.internal.core.AbstractBundle::close (52 bytes)
Event: 447.602 Thread 0x0000000014e0b000 nmethod 12284 0x0000000004849650 code [0x0000000004849880, 0x000000000484a588]

GC Heap History (10 events):
Event: 276.614 GC heap before
{Heap before GC invocations=26 (full 7):
 PSYoungGen      total 143360K, used 2267K [0x00000000f5580000, 0x00000000fff00000, 0x0000000100000000)
  eden space 113664K, 0% used [0x00000000f5580000,0x00000000f5580000,0x00000000fc480000)
  from space 29696K, 7% used [0x00000000fc480000,0x00000000fc6b6d00,0x00000000fe180000)
  to   space 29696K, 0% used [0x00000000fe200000,0x00000000fe200000,0x00000000fff00000)
 ParOldGen       total 114176K, used 44579K [0x00000000e0000000, 0x00000000e6f80000, 0x00000000f5580000)
  object space 114176K, 39% used [0x00000000e0000000,0x00000000e2b88e68,0x00000000e6f80000)
 Metaspace       used 77257K, capacity 83344K, committed 83544K, reserved 1122304K
  class space    used 9345K, capacity 11124K, committed 11136K, reserved 1048576K
Event: 276.981 GC heap after
Heap after GC invocations=26 (full 7):
 PSYoungGen      total 143360K, used 0K [0x00000000f5580000, 0x00000000fff00000, 0x0000000100000000)
  eden space 113664K, 0% used [0x00000000f5580000,0x00000000f5580000,0x00000000fc480000)
  from space 29696K, 0% used [0x00000000fc480000,0x00000000fc480000,0x00000000fe180000)
  to   space 29696K, 0% used [0x00000000fe200000,0x00000000fe200000,0x00000000fff00000)
 ParOldGen       total 114176K, used 46540K [0x00000000e0000000, 0x00000000e6f80000, 0x00000000f5580000)
  object space 114176K, 40% used [0x00000000e0000000,0x00000000e2d732d8,0x00000000e6f80000)
 Metaspace       used 77257K, capacity 83344K, committed 83544K, reserved 1122304K
  class space    used 9345K, capacity 11124K, committed 11136K, reserved 1048576K
}
Event: 336.615 GC heap before
{Heap before GC invocations=27 (full 7):
 PSYoungGen      total 143360K, used 9138K [0x00000000f5580000, 0x00000000fff00000, 0x0000000100000000)
  eden space 113664K, 8% used [0x00000000f5580000,0x00000000f5e6c9d0,0x00000000fc480000)
  from space 29696K, 0% used [0x00000000fc480000,0x00000000fc480000,0x00000000fe180000)
  to   space 29696K, 0% used [0x00000000fe200000,0x00000000fe200000,0x00000000fff00000)
 ParOldGen       total 114176K, used 46540K [0x00000000e0000000, 0x00000000e6f80000, 0x00000000f5580000)
  object space 114176K, 40% used [0x00000000e0000000,0x00000000e2d732d8,0x00000000e6f80000)
 Metaspace       used 77693K, capacity 83824K, committed 84184K, reserved 1122304K
  class space    used 9379K, capacity 11156K, committed 11264K, reserved 1048576K
Event: 336.621 GC heap after
Heap after GC invocations=27 (full 7):
 PSYoungGen      total 142848K, used 848K [0x00000000f5580000, 0x00000000ffe00000, 0x0000000100000000)
  eden space 114176K, 0% used [0x00000000f5580000,0x00000000f5580000,0x00000000fc500000)
  from space 28672K, 2% used [0x00000000fe200000,0x00000000fe2d4068,0x00000000ffe00000)
  to   space 29184K, 0% used [0x00000000fc500000,0x00000000fc500000,0x00000000fe180000)
 ParOldGen       total 114176K, used 46612K [0x00000000e0000000, 0x00000000e6f80000, 0x00000000f5580000)
  object space 114176K, 40% used [0x00000000e0000000,0x00000000e2d852e8,0x00000000e6f80000)
 Metaspace       used 77693K, capacity 83824K, committed 84184K, reserved 1122304K
  class space    used 9379K, capacity 11156K, committed 11264K, reserved 1048576K
}
Event: 336.621 GC heap before
{Heap before GC invocations=28 (full 8):
 PSYoungGen      total 142848K, used 848K [0x00000000f5580000, 0x00000000ffe00000, 0x0000000100000000)
  eden space 114176K, 0% used [0x00000000f5580000,0x00000000f5580000,0x00000000fc500000)
  from space 28672K, 2% used [0x00000000fe200000,0x00000000fe2d4068,0x00000000ffe00000)
  to   space 29184K, 0% used [0x00000000fc500000,0x00000000fc500000,0x00000000fe180000)
 ParOldGen       total 114176K, used 46612K [0x00000000e0000000, 0x00000000e6f80000, 0x00000000f5580000)
  object space 114176K, 40% used [0x00000000e0000000,0x00000000e2d852e8,0x00000000e6f80000)
 Metaspace       used 77693K, capacity 83824K, committed 84184K, reserved 1122304K
  class space    used 9379K, capacity 11156K, committed 11264K, reserved 1048576K
Event: 336.913 GC heap after
Heap after GC invocations=28 (full 8):
 PSYoungGen      total 142848K, used 0K [0x00000000f5580000, 0x00000000ffe00000, 0x0000000100000000)
  eden space 114176K, 0% used [0x00000000f5580000,0x00000000f5580000,0x00000000fc500000)
  from space 28672K, 0% used [0x00000000fe200000,0x00000000fe200000,0x00000000ffe00000)
  to   space 29184K, 0% used [0x00000000fc500000,0x00000000fc500000,0x00000000fe180000)
 ParOldGen       total 114176K, used 46319K [0x00000000e0000000, 0x00000000e6f80000, 0x00000000f5580000)
  object space 114176K, 40% used [0x00000000e0000000,0x00000000e2d3bc08,0x00000000e6f80000)
 Metaspace       used 77693K, capacity 83824K, committed 84184K, reserved 1122304K
  class space    used 9379K, capacity 11156K, committed 11264K, reserved 1048576K
}
Event: 396.641 GC heap before
{Heap before GC invocations=29 (full 8):
 PSYoungGen      total 142848K, used 4627K [0x00000000f5580000, 0x00000000ffe00000, 0x0000000100000000)
  eden space 114176K, 4% used [0x00000000f5580000,0x00000000f5a04e78,0x00000000fc500000)
  from space 28672K, 0% used [0x00000000fe200000,0x00000000fe200000,0x00000000ffe00000)
  to   space 29184K, 0% used [0x00000000fc500000,0x00000000fc500000,0x00000000fe180000)
 ParOldGen       total 114176K, used 46319K [0x00000000e0000000, 0x00000000e6f80000, 0x00000000f5580000)
  object space 114176K, 40% used [0x00000000e0000000,0x00000000e2d3bc08,0x00000000e6f80000)
 Metaspace       used 77728K, capacity 83824K, committed 84184K, reserved 1122304K
  class space    used 9380K, capacity 11156K, committed 11264K, reserved 1048576K
Event: 396.646 GC heap after
Heap after GC invocations=29 (full 8):
 PSYoungGen      total 114688K, used 192K [0x00000000f5580000, 0x00000000ffd00000, 0x0000000100000000)
  eden space 114176K, 0% used [0x00000000f5580000,0x00000000f5580000,0x00000000fc500000)
  from space 512K, 37% used [0x00000000fc500000,0x00000000fc530000,0x00000000fc580000)
  to   space 28672K, 0% used [0x00000000fe100000,0x00000000fe100000,0x00000000ffd00000)
 ParOldGen       total 114176K, used 46319K [0x00000000e0000000, 0x00000000e6f80000, 0x00000000f5580000)
  object space 114176K, 40% used [0x00000000e0000000,0x00000000e2d3bc08,0x00000000e6f80000)
 Metaspace       used 77728K, capacity 83824K, committed 84184K, reserved 1122304K
  class space    used 9380K, capacity 11156K, committed 11264K, reserved 1048576K
}
Event: 396.646 GC heap before
{Heap before GC invocations=30 (full 9):
 PSYoungGen      total 114688K, used 192K [0x00000000f5580000, 0x00000000ffd00000, 0x0000000100000000)
  eden space 114176K, 0% used [0x00000000f5580000,0x00000000f5580000,0x00000000fc500000)
  from space 512K, 37% used [0x00000000fc500000,0x00000000fc530000,0x00000000fc580000)
  to   space 28672K, 0% used [0x00000000fe100000,0x00000000fe100000,0x00000000ffd00000)
 ParOldGen       total 114176K, used 46319K [0x00000000e0000000, 0x00000000e6f80000, 0x00000000f5580000)
  object space 114176K, 40% used [0x00000000e0000000,0x00000000e2d3bc08,0x00000000e6f80000)
 Metaspace       used 77728K, capacity 83824K, committed 84184K, reserved 1122304K
  class space    used 9380K, capacity 11156K, committed 11264K, reserved 1048576K
Event: 396.939 GC heap after
Heap after GC invocations=30 (full 9):
 PSYoungGen      total 114688K, used 0K [0x00000000f5580000, 0x00000000ffd00000, 0x0000000100000000)
  eden space 114176K, 0% used [0x00000000f5580000,0x00000000f5580000,0x00000000fc500000)
  from space 512K, 0% used [0x00000000fc500000,0x00000000fc500000,0x00000000fc580000)
  to   space 28672K, 0% used [0x00000000fe100000,0x00000000fe100000,0x00000000ffd00000)
 ParOldGen       total 114176K, used 46015K [0x00000000e0000000, 0x00000000e6f80000, 0x00000000f5580000)
  object space 114176K, 40% used [0x00000000e0000000,0x00000000e2cefe78,0x00000000e6f80000)
 Metaspace       used 77728K, capacity 83824K, committed 84184K, reserved 1122304K
  class space    used 9380K, capacity 11156K, committed 11264K, reserved 1048576K
}

Deoptimization events (10 events):
Event: 446.422 Thread 0x0000000002678000 Uncommon trap: reason=class_check action=maybe_recompile pc=0x00000000048cee3c method=org.eclipse.e4.core.internal.contexts.TrackableComputationExt.update(Lorg/eclipse/e4/core/internal/contexts/ContextChangeEvent;)Z @ 62
Event: 446.422 Thread 0x0000000002678000 Uncommon trap: reason=class_check action=maybe_recompile pc=0x0000000004654b3c method=org.eclipse.e4.core.internal.contexts.ContextObjectSupplier$ContextInjectionListener.update(Lorg/eclipse/e4/core/contexts/IEclipseContext;I[Ljava/lang/Object;)Z @ 173
Event: 446.430 Thread 0x0000000002678000 Uncommon trap: reason=class_check action=maybe_recompile pc=0x00000000048cee3c method=org.eclipse.e4.core.internal.contexts.TrackableComputationExt.update(Lorg/eclipse/e4/core/internal/contexts/ContextChangeEvent;)Z @ 62
Event: 446.431 Thread 0x0000000002678000 Uncommon trap: reason=class_check action=maybe_recompile pc=0x0000000004654b3c method=org.eclipse.e4.core.internal.contexts.ContextObjectSupplier$ContextInjectionListener.update(Lorg/eclipse/e4/core/contexts/IEclipseContext;I[Ljava/lang/Object;)Z @ 173
Event: 446.473 Thread 0x0000000002678000 Uncommon trap: reason=predicate action=maybe_recompile pc=0x000000000312e04c method=java.util.concurrent.CopyOnWriteArrayList.indexOf(Ljava/lang/Object;[Ljava/lang/Object;II)I @ 41
Event: 446.474 Thread 0x0000000002678000 Uncommon trap: reason=unstable_if action=reinterpret pc=0x000000000470ac48 method=org.eclipse.swt.graphics.Resource.dispose()V @ 15
Event: 447.034 Thread 0x0000000002678000 Uncommon trap: reason=null_check action=make_not_entrant pc=0x000000000344c4dc method=org.eclipse.core.runtime.internal.adaptor.EclipseLazyStarter.shouldActivateFor(Ljava/lang/String;Lorg/eclipse/osgi/baseadaptor/BaseData;Lorg/eclipse/core/runtime/internaldEW]ñ{@
Event: 447.066 Thread 0x0000000015cad800 Uncommon trap: reason=unstable_if action=reinterpret pc=0x0000000002ba99c8 method=org.eclipse.osgi.framework.internal.core.BundleContextImpl.dispatchEvent(Ljava/lang/Object;Ljava/lang/Object;ILjava/lang/Object;)V @ 16
Event: 447.151 Thread 0x0000000002678000 Uncommon trap: reason=unstable_if action=reinterpret pc=0x0000000003bea4cc method=java.io.DataOutputStream.writeUTF(Ljava/lang/String;Ljava/io/DataOutput;)I @ 37
Event: 447.601 Thread 0x0000000002678000 Uncommon trap: reason=unstable_if action=reinterpret pc=0x0000000002ac8cd4 method=sun.reflect.UnsafeStaticObjectFieldAccessorImpl.set(Ljava/lang/Object;Ljava/lang/Object;)V @ 13

Internal exceptions (10 events):
Event: 445.285 Thread 0x0000000018b5e000 Exception <a 'java/net/SocketException': Connection reset by peer: socket write error> (0x00000000f5c96bd8) thrown at [C:\re\workspace\8-2-build-windows-amd64-cygwin\jdk8u45\3627\hotspot\src\share\vm\prims\jni.cpp, line 735]
Event: 445.296 Thread 0x0000000018b5e000 Exception <a 'java/net/SocketException': Socket closed> (0x00000000f5cb67b0) thrown at [C:\re\workspace\8-2-build-windows-amd64-cygwin\jdk8u45\3627\hotspot\src\share\vm\prims\jni.cpp, line 735]
Event: 445.296 Thread 0x0000000018af0000 Exception <a 'java/lang/InterruptedException'> (0x00000000f5cda1d0) thrown at [C:\re\workspace\8-2-build-windows-amd64-cygwin\jdk8u45\3627\hotspot\src\share\vm\runtime\objectMonitor.cpp, line 1683]
Event: 446.199 Thread 0x0000000002678000 Implicit null exception at 0x00000000046c1ecd to 0x00000000046c21c5
Event: 447.034 Thread 0x0000000002678000 Implicit null exception at 0x000000000344ae37 to 0x000000000344c4cd
Event: 447.254 Thread 0x0000000015b2d800 Exception <a 'java/lang/InterruptedException'> (0x00000000f6cc9200) thrown at [C:\re\workspace\8-2-build-windows-amd64-cygwin\jdk8u45\3627\hotspot\src\share\vm\runtime\objectMonitor.cpp, line 1683]
Event: 447.257 Thread 0x0000000016cbd000 Exception <a 'java/lang/InterruptedException'> (0x00000000f6a45638) thrown at [C:\re\workspace\8-2-build-windows-amd64-cygwin\jdk8u45\3627\hotspot\src\share\vm\runtime\objectMonitor.cpp, line 1683]
Event: 447.601 Thread 0x0000000015cad800 Exception <a 'java/lang/InterruptedException'> (0x00000000f6cc7ae8) thrown at [C:\re\workspace\8-2-build-windows-amd64-cygwin\jdk8u45\3627\hotspot\src\share\vm\runtime\objectMonitor.cpp, line 1683]
Event: 447.601 Thread 0x0000000002678000 Implicit null exception at 0x0000000002ac88d7 to 0x0000000002ac8cc1
Event: 447.602 Thread 0x0000000018b5d000 Exception <a 'java/io/IOException'> (0x00000000f6f677a0) thrown at [C:\re\workspace\8-2-build-windows-amd64-cygwin\jdk8u45\3627\hotspot\src\share\vm\prims\jni.cpp, line 709]

Events (10 events):
Event: 447.602 Executing VM operation: RevokeBias
Event: 447.602 Executing VM operation: RevokeBias done
Event: 447.602 Executing VM operation: RevokeBias
Event: 447.602 Executing VM operation: RevokeBias done
Event: 447.602 Executing VM operation: RevokeBias
Event: 447.602 Executing VM operation: RevokeBias done
Event: 447.602 Executing VM operation: RevokeBias
Event: 447.603 Executing VM operation: RevokeBias done
Event: 447.603 Thread 0x0000000018b5d000 Thread exited: 0x0000000018b5d000
Event: 447.603 Executing VM operation: Exit


Dynamic libraries:
0x0000000000400000 - 0x000000000044f000 	C:\Xilinx\SDK\2015.3\eclipse\win64.o\eclipse.exe
0x0000000076d00000 - 0x0000000076eaa000 	C:\Windows\SYSTEM32\ntdll.dll
0x0000000076be0000 - 0x0000000076cff000 	C:\Windows\system32\kernel32.dll
0x000007fefcb90000 - 0x000007fefcbfa000 	C:\Windows\system32\KERNELBASE.dll
0x0000000076ae0000 - 0x0000000076bda000 	C:\Windows\system32\USER32.dll
0x000007fefeb00000 - 0x000007fefeb67000 	C:\Windows\system32\GDI32.dll
0x000007fefd700000 - 0x000007fefd70e000 	C:\Windows\system32\LPK.dll
0x000007fefea30000 - 0x000007fefeafa000 	C:\Windows\system32\USP10.dll
0x000007fefe990000 - 0x000007fefea2f000 	C:\Windows\system32\msvcrt.dll
0x000007fefb000000 - 0x000007fefb1f4000 	C:\Windows\WinSxS\amd64_microsoft.windows.common-controls_6595b64144ccf1df_6.0.7601.18837_none_fa3b1e3d17594757\COMCTL32.dll
0x000007fefe910000 - 0x000007fefe981000 	C:\Windows\system32\SHLWAPI.dll
0x000007fefdb30000 - 0x000007fefdb5e000 	C:\Windows\system32\IMM32.DLL
0x000007fefef00000 - 0x000007feff009000 	C:\Windows\system32\MSCTF.dll
0x0000000072000000 - 0x0000000072012000 	C:\Xilinx\SDK\2015.3\eclipse\win64.o\plugins\org.eclipse.equinox.launcher.win32.win32.x86_64_1.1.200.v20140116-2212\eclipse_1503.dll
0x000007fefd4c0000 - 0x000007fefd59b000 	C:\Windows\system32\ADVAPI32.dll
0x000007fefe8f0000 - 0x000007fefe90f000 	C:\Windows\SYSTEM32\sechost.dll
0x000007fefd710000 - 0x000007fefd83d000 	C:\Windows\system32\RPCRT4.dll
0x000007fefc090000 - 0x000007fefc09c000 	C:\Windows\system32\VERSION.dll
0x000007fefafa0000 - 0x000007fefaff6000 	C:\Windows\system32\uxtheme.dll
0x0000000065260000 - 0x0000000065ae3000 	C:\Xilinx\SDK\2015.3\tps\win64\jre\bin\server\jvm.dll
0x000007fef2270000 - 0x000007fef2279000 	C:\Windows\system32\WSOCK32.dll
0x000007fefcdf0000 - 0x000007fefce3d000 	C:\Windows\system32\WS2_32.dll
0x000007fefda20000 - 0x000007fefda28000 	C:\Windows\system32\NSI.dll
0x000007fefac50000 - 0x000007fefac8b000 	C:\Windows\system32\WINMM.dll
0x0000000076ec0000 - 0x0000000076ec7000 	C:\Windows\system32\PSAPI.DLL
0x00000000746c0000 - 0x0000000074792000 	C:\Windows\system32\MSVCR100.dll
0x000000006bce0000 - 0x000000006bcef000 	C:\Xilinx\SDK\2015.3\tps\win64\jre\bin\verify.dll
0x00000000699b0000 - 0x00000000699d9000 	C:\Xilinx\SDK\2015.3\tps\win64\jre\bin\java.dll
0x0000000069cb0000 - 0x0000000069cc6000 	C:\Xilinx\SDK\2015.3\tps\win64\jre\bin\zip.dll
0x000007fefdb60000 - 0x000007fefe8ea000 	C:\Windows\system32\SHELL32.dll
0x000007fefce40000 - 0x000007fefd043000 	C:\Windows\system32\ole32.dll
0x000007fefca30000 - 0x000007fefca3f000 	C:\Windows\system32\profapi.dll
0x000007fefbf30000 - 0x000007fefbf48000 	C:\Windows\system32\CRYPTSP.dll
0x000007fefbc30000 - 0x000007fefbc77000 	C:\Windows\system32\rsaenh.dll
0x000007fefcdd0000 - 0x000007fefcdee000 	C:\Windows\system32\USERENV.dll
0x000007fefc8d0000 - 0x000007fefc8df000 	C:\Windows\system32\CRYPTBASE.dll
0x0000000069990000 - 0x00000000699aa000 	C:\Xilinx\SDK\2015.3\tps\win64\jre\bin\net.dll
0x000007fefbed0000 - 0x000007fefbf25000 	C:\Windows\system32\mswsock.dll
0x000007fefbec0000 - 0x000007fefbec7000 	C:\Windows\System32\wship6.dll
0x000007fef9f30000 - 0x000007fef9f57000 	C:\Windows\system32\IPHLPAPI.DLL
0x000007fef9f10000 - 0x000007fef9f1b000 	C:\Windows\system32\WINNSI.DLL
0x000007fef9ad0000 - 0x000007fef9ae8000 	C:\Windows\system32\dhcpcsvc.DLL
0x000007fef9a40000 - 0x000007fef9a51000 	C:\Windows\system32\dhcpcsvc6.DLL
0x0000000069970000 - 0x0000000069981000 	C:\Xilinx\SDK\2015.3\tps\win64\jre\bin\nio.dll
0x000007fefac10000 - 0x000007fefac25000 	C:\Windows\system32\NLAapi.dll
0x000007fee38c0000 - 0x000007fee38d5000 	C:\Windows\system32\napinsp.dll
0x000007fee38a0000 - 0x000007fee38b9000 	C:\Windows\system32\pnrpnsp.dll
0x000007fefbd50000 - 0x000007fefbdab000 	C:\Windows\system32\DNSAPI.dll
0x000007fee3720000 - 0x000007fee372b000 	C:\Windows\System32\winrnr.dll
0x000007fee3710000 - 0x000007fee3720000 	C:\Windows\system32\wshbth.dll
0x000007fefc310000 - 0x000007fefc317000 	C:\Windows\System32\wshtcpip.dll
0x000007fef4190000 - 0x000007fef4198000 	C:\Windows\system32\rasadhlp.dll
0x000007fef9dc0000 - 0x000007fef9e13000 	C:\Windows\System32\fwpuclnt.dll
0x00000000167e0000 - 0x0000000016888000 	C:\Users\Mohammad\.Xilinx\SDK\2015.3\org.eclipse.osgi\bundles\303\1\.cp\swt-win32-4335.dll
0x000007fefd5a0000 - 0x000007fefd67a000 	C:\Windows\system32\OLEAUT32.dll
0x000007fefda90000 - 0x000007fefdb27000 	C:\Windows\system32\comdlg32.dll
0x000007fef9f70000 - 0x000007fef9fe1000 	C:\Windows\system32\WINSPOOL.DRV
0x000007fefd050000 - 0x000007fefd322000 	C:\Windows\system32\WININET.dll
0x000007fefca80000 - 0x000007fefca84000 	C:\Windows\system32\api-ms-win-downlevel-user32-l1-1-0.dll
0x000007fefcaa0000 - 0x000007fefcaa4000 	C:\Windows\system32\api-ms-win-downlevel-shlwapi-l1-1-0.dll
0x000007fefca90000 - 0x000007fefca94000 	C:\Windows\system32\api-ms-win-downlevel-version-l1-1-0.dll
0x000007fefca70000 - 0x000007fefca73000 	C:\Windows\system32\api-ms-win-downlevel-normaliz-l1-1-0.dll
0x0000000076ed0000 - 0x0000000076ed3000 	C:\Windows\system32\normaliz.DLL
0x000007fefeb90000 - 0x000007fefee5a000 	C:\Windows\system32\iertutil.dll
0x000007fefcc40000 - 0x000007fefcc45000 	C:\Windows\system32\api-ms-win-downlevel-advapi32-l1-1-0.dll
0x000007fefcc60000 - 0x000007fefcdcd000 	C:\Windows\system32\CRYPT32.dll
0x000007fefca40000 - 0x000007fefca4f000 	C:\Windows\system32\MSASN1.dll
0x000007fefbaa0000 - 0x000007fefbab8000 	C:\Windows\system32\dwmapi.dll
0x000007fefb620000 - 0x000007fefb74c000 	C:\Windows\system32\propsys.dll
0x000007fefee60000 - 0x000007fefeef9000 	C:\Windows\system32\CLBCatQ.DLL
0x00000000003e0000 - 0x00000000003fe000 	C:\Users\Mohammad\.Xilinx\SDK\2015.3\org.eclipse.osgi\bundles\303\1\.cp\swt-gdip-win32-4335.dll
0x000007fefad80000 - 0x000007fefaf96000 	C:\Windows\WinSxS\amd64_microsoft.windows.gdiplus_6595b64144ccf1df_1.1.7601.23545_none_14599ab28b920323\gdiplus.dll
0x000007fefa640000 - 0x000007fefa7a1000 	C:\Windows\system32\WindowsCodecs.dll
0x000007fef4cd0000 - 0x000007fef4ce1000 	C:\Users\Mohammad\.Xilinx\SDK\2015.3\org.eclipse.osgi\bundles\124\1\.cp\jWinHttp-1.0.0.dll
0x000007fef5770000 - 0x000007fef57e1000 	C:\Windows\system32\WINHTTP.dll
0x000007fef5700000 - 0x000007fef5765000 	C:\Windows\system32\webio.dll
0x000007fefc800000 - 0x000007fefc825000 	C:\Windows\system32\SspiCli.dll
0x000007fefbb00000 - 0x000007fefbb0a000 	C:\Windows\system32\credssp.dll
0x000007fefcc00000 - 0x000007fefcc36000 	C:\Windows\system32\CFGMGR32.dll
0x000007fee61e0000 - 0x000007fee6234000 	C:\Windows\system32\oleacc.dll
0x000007fee5490000 - 0x000007fee54cb000 	C:\Windows\system32\mlang.dll
0x000007fefc980000 - 0x000007fefc994000 	C:\Windows\system32\RpcRtRemote.dll
0x000007fefc830000 - 0x000007fefc887000 	C:\Windows\system32\apphelp.dll
0x0000000180000000 - 0x0000000180012000 	C:\Users\Mohammad\.Xilinx\SDK\2015.3\org.eclipse.osgi\bundles\121\1\.cp\os\win32\x86_64\localfile_1_0_0.dll
0x000007fee44e0000 - 0x000007fee5374000 	C:\Windows\System32\ieframe.dll
0x000007fee44d0000 - 0x000007fee44d4000 	C:\Windows\System32\api-ms-win-downlevel-shell32-l1-1-0.dll
0x000007fee5420000 - 0x000007fee5424000 	C:\Windows\system32\api-ms-win-downlevel-shlwapi-l2-1-0.dll
0x000007fefd330000 - 0x000007fefd4b4000 	C:\Windows\system32\urlmon.dll
0x000007fefcc50000 - 0x000007fefcc54000 	C:\Windows\system32\api-ms-win-downlevel-ole32-l1-1-0.dll
0x000007fefc8e0000 - 0x000007fefc971000 	C:\Windows\system32\SXS.DLL
0x000007fe9d890000 - 0x000007fe9f12b000 	C:\Windows\System32\mshtml.dll
0x000007fef22f0000 - 0x000007fef22f4000 	C:\Windows\system32\api-ms-win-downlevel-advapi32-l2-1-0.dll
0x000007fefc7a0000 - 0x000007fefc7ab000 	C:\Windows\system32\Secur32.dll
0x000007fefa7b0000 - 0x000007fefa7be000 	C:\Windows\system32\msimtf.dll
0x000007feb7750000 - 0x000007feb780a000 	C:\Windows\system32\uiautomationcore.dll
0x000007fe9d2c0000 - 0x000007fe9d88e000 	C:\Windows\System32\jscript9.dll
0x000007fef6730000 - 0x000007fef6af4000 	C:\Windows\system32\d2d1.dll
0x000007fee67c0000 - 0x000007fee6957000 	C:\Windows\system32\DWrite.dll
0x000007fef66d0000 - 0x000007fef672d000 	C:\Windows\system32\dxgi.dll
0x000007fefcab0000 - 0x000007fefcaeb000 	C:\Windows\system32\WINTRUST.dll
0x000007fefa870000 - 0x000007fefa8a5000 	C:\Windows\system32\XmlLite.dll
0x000007fef24f0000 - 0x000007fef26c5000 	C:\Windows\system32\d3d11.dll
0x000007fedc2f0000 - 0x000007fedc3bb000 	C:\Windows\System32\jscript.dll
0x000007fee5570000 - 0x000007fee55b2000 	C:\Windows\system32\msls31.dll
0x000007feb7a70000 - 0x000007feb7ac1000 	C:\Windows\System32\Dxtrans.dll
0x000007fefab60000 - 0x000007fefab79000 	C:\Windows\System32\ATL.DLL
0x000007fef4c50000 - 0x000007fef4c5e000 	C:\Windows\system32\ddrawex.dll
0x000007fea0860000 - 0x000007fea0951000 	C:\Windows\system32\DDRAW.dll
0x000007fee36a0000 - 0x000007fee36a8000 	C:\Windows\system32\DCIMAN32.dll
0x000007fefd840000 - 0x000007fefda17000 	C:\Windows\system32\SETUPAPI.dll
0x000007fefca50000 - 0x000007fefca6a000 	C:\Windows\system32\DEVOBJ.dll
0x000007feb69f0000 - 0x000007feb6a6b000 	C:\Windows\System32\Dxtmsft.dll
0x000007fee3690000 - 0x000007fee36a0000 	C:\Windows\system32\IMGUTIL.DLL
0x000007fee3670000 - 0x000007fee3684000 	C:\Windows\System32\pngfilt.dll
0x000007fee3640000 - 0x000007fee3650000 	C:\Xilinx\SDK\2015.3\lib\win64.o\librdi_repo_manager.dll
0x000007feb8080000 - 0x000007feb80aa000 	C:\Xilinx\SDK\2015.3\lib\win64.o\libisl_sysinfo.dll
0x000007fef8ef0000 - 0x000007fef8fc4000 	C:\Windows\system32\MSVCR110.dll
0x000007fef8fd0000 - 0x000007fef9077000 	C:\Windows\system32\MSVCP110.dll
0x000007fe9c930000 - 0x000007fe9d2bb000 	C:\Xilinx\SDK\2015.3\lib\win64.o\librdi_common.dll
0x000007fe9c5c0000 - 0x000007fe9c92e000 	C:\Xilinx\SDK\2015.3\lib\win64.o\libCOIN-all.dll
0x000007fe9c3a0000 - 0x000007fe9c5be000 	C:\Xilinx\SDK\2015.3\lib\win64.o\libXil_lmgr11.dll
0x000007fefac90000 - 0x000007fefaca6000 	C:\Windows\system32\NETAPI32.dll
0x000007fefb750000 - 0x000007fefb75c000 	C:\Windows\system32\netutils.dll
0x000007fefc1d0000 - 0x000007fefc1f3000 	C:\Windows\system32\srvcli.dll
0x000007fefac30000 - 0x000007fefac45000 	C:\Windows\system32\wkscli.dll
0x000007fee3630000 - 0x000007fee3640000 	C:\Xilinx\SDK\2015.3\lib\win64.o\libboost_date_time.dll
0x000007feb7ba0000 - 0x000007feb7bc2000 	C:\Xilinx\SDK\2015.3\lib\win64.o\libboost_filesystem.dll
0x000007fee35e0000 - 0x000007fee35e9000 	C:\Xilinx\SDK\2015.3\lib\win64.o\libboost_system.dll

VM Arguments:
jvm_args: -Dcom.xilinx.sdk.args.hwspec=C:/Users/Mohammad/Desktop/ECE532/NexysVideo-master/Projects/hdmi/proj/hdmi.sdk/hdmi_wrapper.hdf -Xms64m -Xmx512m & 
java_command: <unknown>
java_class_path (initial): C:\Xilinx\SDK\2015.3\eclipse\win64.o\\plugins/org.eclipse.equinox.launcher_1.3.0.v20130327-1440.jar
Launcher Type: generic

Environment Variables:
PATH=C:/Xilinx/SDK/2015.3/tps/win64/jre/bin/server;C:/Xilinx/SDK/2015.3/tps/win64/jre/bin;C:/Xilinx/SDK/2015.3/tps/win64/jre/lib/amd64;C:\Xilinx\SDK\2015.3\gnuwin\bin;C:\Xilinx\SDK\2015.3\gnu\microblaze\nt\bin;C:\Xilinx\SDK\2015.3\gnu\microblaze\linux_toolchain\nt64_le\bin;C:\Xilinx\SDK\2015.3\gnu\microblaze\linux_toolchain\nt64_be\bin;C:\Xilinx\SDK\2015.3\gnu\arm\nt\bin;C:\Xilinx\SDK\2015.3\gnu\aarch64\nt\aarch64-none\bin;C:\Xilinx\SDK\2015.3\gnu\aarch64\nt\aarch64-linux\bin;C:\Xilinx\SDK\2015.3\gnu\armr5\nt\gcc-arm-none-eabi\bin;C:\Xilinx\SDK\2015.3\gnu\aarch32\nt\gcc-arm-none-eabi\bin;C:\Xilinx\SDK\2015.3\gnu\aarch32\nt\gcc-arm-linux-gnueabi\bin;C:\Xilinx\SDK\2015.3\bin;C:\Xilinx\SDK\2015.3\lib\win64.o;C:\Xilinx\SDK\2015.3\tps\win64\jre\bin\server;C:\Xilinx\SDK\2015.3\tps\win64\jre\bin;C:\Xilinx\Vivado\2015.3\ids_lite\ISE\bin\nt64;C:\Xilinx\Vivado\2015.3\ids_lite\ISE\lib\nt64;C:\Xilinx\Vivado\2015.3\bin;C:\Xilinx\Vivado\2015.3\lib\win64.o;C:\Xilinx\Vivado\2015.3\tps\win64\jre\bin\server;C:\Xilinx\Vivado\2015.3\tps\win64\jre\bin;C:\Xilinx\Vivado_HLS\2015.3\bin;C:\ProgramData\Oracle\Java\javapath;C:\Program Files (x86)\AMD APP\bin\x86_64;C:\Program Files (x86)\AMD APP\bin\x86;C:\Windows\system32;C:\Windows;C:\Windows\System32\Wbem;C:\Windows\System32\WindowsPowerShell\v1.0\;C:\Program Files (x86)\ATI Technologies\ATI.ACE\Core-Static;C:\Program Files (x86)\AMD\ATI.ACE\Core-Static;C:\Program Files\nodejs\;C:\Program Files (x86)\Skype\Phone\;C:\Xilinx\SDK\2016.4\bin\;C:\Users\Mohammad\AppData\Local\Programs\Python\Python35\;C:\intelFPGA_lite\16.1\modelsim_ase\win32aloem;C:\Users\Mohammad\AppData\Roaming\npm;C:\Users\Mohammad\AppData\Local\atom\bin;C:\Users\Mohammad\Desktop\ECE532\NexysVideo-master\Projects\hdmi\proj;
USERNAME=Mohammad
OS=Windows_NT
PROCESSOR_IDENTIFIER=AMD64 Family 21 Model 16 Stepping 1, AuthenticAMD



---------------  S Y S T E M  ---------------

OS: Windows 7 , 64 bit Build 7601 (6.1.7601.23572)

CPU:total 4 (4 cores per cpu, 1 threads per core) family 21 model 16 stepping 1, cmov, cx8, fxsr, mmx, sse, sse2, sse3, ssse3, sse4.1, sse4.2, popcnt, avx, aes, clmul, mmxext, 3dnowpref, lzcnt, sse4a, tsc, tscinvbit, tscinv, bmi1

Memory: 4k page, physical 5729244k(1795784k free), swap 11456628k(4900188k free)

vm_info: Java HotSpot(TM) 64-Bit Server VM (25.45-b02) for windows-amd64 JRE (1.8.0_45-b15), built on Apr 30 2015 12:40:44 by "java_re" with MS VC++ 10.0 (VS2010)

time: Wed Feb 08 17:57:10 2017
elapsed time: 448 seconds (0d 0h 7m 28s)

