#
# A fatal error has been detected by the Java Runtime Environment:
#
#  EXCEPTION_UNCAUGHT_CXX_EXCEPTION (0xe06d7363) at pc=0x000007fefcdea06d, pid=756, tid=4960
#
# JRE version: Java(TM) SE Runtime Environment (8.0_66-b18) (build 1.8.0_66-b18)
# Java VM: Java HotSpot(TM) 64-Bit Server VM (25.66-b18 mixed mode windows-amd64 compressed oops)
# Problematic frame:
# C  [KERNELBASE.dll+0x1a06d]
#
# Failed to write core dump. Minidumps are not enabled by default on client versions of Windows
#
# If you would like to submit a bug report, please visit:
#   http://bugreport.java.com/bugreport/crash.jsp
#

---------------  T H R E A D  ---------------

Current thread (0x0000000014e82800):  VMThread [stack: 0x0000000015dd0000,0x0000000015ed0000] [id=4960]

siginfo: ExceptionCode=0xe06d7363, ExceptionInformation=0x0000000019930520 0x0000000015ecf4c8 0x000007feec1c2cb8 0x000007feec110000 

Registers:
RAX=0x00000000630a7635, RBX=0x000007feec1c2cb8, RCX=0x0000000015eced10, RDX=0x00000000000000d0
RSP=0x0000000015ecf320, RBP=0x0000000015ecf450, RSI=0x00000000ffffffff, RDI=0x0000000017527470
R8 =0x0000000000000000, R9 =0x0000000000000000, R10=0x000007feec110000, R11=0x0000000015ecf360
R12=0x0000000000000001, R13=0x0000000000000008, R14=0x0000000000000000, R15=0xffffffffffffffff
RIP=0x000007fefcdea06d, EFLAGS=0x0000000000000206

Top of Stack: (sp=0x0000000015ecf320)
0x0000000015ecf320:   000007feec1c2cb8 00000000ffffffff
0x0000000015ecf330:   0000000017527470 00000000174bb7d0
0x0000000015ecf340:   00000001e06d7363 0000000000000000
0x0000000015ecf350:   000007fefcdea06d 000007fe00000004
0x0000000015ecf360:   0000000019930520 0000000015ecf4c8
0x0000000015ecf370:   000007feec1c2cb8 000007feec110000
0x0000000015ecf380:   0000000000000000 0000000015ecf408
0x0000000015ecf390:   0000000000000028 0000000017527460
0x0000000015ecf3a0:   00000000174b9e10 0000000000000000
0x0000000015ecf3b0:   000007fffffa8000 0000000076dcf2d3
0x0000000015ecf3c0:   0000000000000000 0000000000000008
0x0000000015ecf3d0:   0000000000000001 0000000017527470
0x0000000015ecf3e0:   00000000ffffffff 000007feec16e92c
0x0000000015ecf3f0:   000007feec1c2cb8 0000000015ecf460
0x0000000015ecf400:   0000000000000001 000007feec1100f8
0x0000000015ecf410:   00000001e06d7363 0000000000000000 

Instructions: (pc=0x000007fefcdea06d)
0x000007fefcdea04d:   54 24 24 48 89 4c 24 28 4d 85 c9 0f 85 6a 03 00
0x000007fefcdea05d:   00 89 4c 24 38 48 8d 4c 24 20 ff 15 33 02 03 00
0x000007fefcdea06d:   48 81 c4 c8 00 00 00 c3 90 90 90 90 90 90 90 90
0x000007fefcdea07d:   90 90 90 48 83 ec 28 65 48 8b 04 25 30 00 00 00 


Register to memory mapping:

RAX=0x00000000630a7635 is an unknown value
RBX=0x000007feec1c2cb8 is an unknown value
RCX=0x0000000015eced10 is an unknown value
RDX=0x00000000000000d0 is an unknown value
RSP=0x0000000015ecf320 is an unknown value
RBP=0x0000000015ecf450 is an unknown value
RSI=0x00000000ffffffff is an unallocated location in the heap
RDI=0x0000000017527470 is an unknown value
R8 =0x0000000000000000 is an unknown value
R9 =0x0000000000000000 is an unknown value
R10=0x000007feec110000 is an unknown value
R11=0x0000000015ecf360 is an unknown value
R12=0x0000000000000001 is an unknown value
R13=0x0000000000000008 is an unknown value
R14=0x0000000000000000 is an unknown value
R15=0xffffffffffffffff is an unknown value


Stack: [0x0000000015dd0000,0x0000000015ed0000],  sp=0x0000000015ecf320,  free space=1020k
Native frames: (J=compiled Java code, j=interpreted, Vv=VM code, C=native code)
C  [KERNELBASE.dll+0x1a06d]
C  [MSVCR110.dll+0x5e92c]
C  [MSVCR110.dll+0x1315c]
C  [MSVCR110.dll+0x136a9]
C  [MSVCR110.dll+0x13e9c]
C  [MSVCR110.dll+0x239e]
C  [MSVCR110.dll+0xaf9e]
C  [MSVCP110.dll+0x397b9]
C  [librdi_common.dll+0x182316]
C  [librdi_common.dll+0x180fab]
C  [librdi_target_manager.dll+0x2400]
C  [librdi_target_manager.dll+0x2682]
C  [ntdll.dll+0x229b1]
C  [ntdll.dll+0x227c0]
C  [MSVCR100.dll+0x20ccd]
V  [jvm.dll+0x210cc5]
V  [jvm.dll+0x249897]
V  [jvm.dll+0x248b36]
V  [jvm.dll+0x248fd1]
V  [jvm.dll+0x2491ee]
V  [jvm.dll+0x29a0fa]
C  [MSVCR100.dll+0x21d9f]
C  [MSVCR100.dll+0x21e3b]
C  [kernel32.dll+0x159bd]
C  [ntdll.dll+0x2a2e1]

VM_Operation (0x000000000012f4c0): Exit, mode: safepoint, requested by thread 0x00000000024b8000


---------------  P R O C E S S  ---------------

Java Threads: ( => current thread )
  0x0000000019913000 JavaThread "pool-2-thread-1" [_thread_blocked, id=944, stack(0x0000000027e60000,0x0000000027f60000)]
  0x0000000019911800 JavaThread "Thread-41" daemon [_thread_blocked, id=736, stack(0x0000000027d60000,0x0000000027e60000)]
  0x000000001990e000 JavaThread "TCF Channel Transmitter" daemon [_thread_blocked, id=4036, stack(0x0000000025a60000,0x0000000025b60000)]
  0x0000000017d7f800 JavaThread "TCF Channel Receiver" daemon [_thread_in_native, id=4356, stack(0x0000000025960000,0x0000000025a60000)]
  0x0000000017d7c000 JavaThread "Process monitor" daemon [_thread_in_native, id=3712, stack(0x0000000025160000,0x0000000025260000)]
  0x0000000017d7b000 JavaThread "Input Stream Monitor" daemon [_thread_blocked, id=2872, stack(0x00000000246a0000,0x00000000247a0000)]
  0x0000000017d7a800 JavaThread "Output Stream Monitor" daemon [_thread_in_native, id=4720, stack(0x00000000245a0000,0x00000000246a0000)]
  0x0000000017d79800 JavaThread "Output Stream Monitor" daemon [_thread_in_native, id=3608, stack(0x0000000023c00000,0x0000000023d00000)]
  0x000000001a861800 JavaThread "TCF Locator DNS Lookup" daemon [_thread_blocked, id=3252, stack(0x0000000023420000,0x0000000023520000)]
  0x000000001a860800 JavaThread "TCF Locator Timer" daemon [_thread_blocked, id=4404, stack(0x0000000023320000,0x0000000023420000)]
  0x000000001a860000 JavaThread "TCF Locator Receiver" daemon [_thread_in_native, id=300, stack(0x0000000023220000,0x0000000023320000)]
  0x000000001a85e800 JavaThread "TCF Timer Dispatcher" daemon [_thread_blocked, id=3344, stack(0x0000000021e40000,0x0000000021f40000)]
  0x000000001a856000 JavaThread "EMF Reference Cleaner" daemon [_thread_blocked, id=4832, stack(0x0000000019c80000,0x0000000019d80000)]
  0x0000000014f37800 JavaThread "Service Thread" daemon [_thread_blocked, id=3316, stack(0x0000000016790000,0x0000000016890000)]
  0x0000000014ee9800 JavaThread "C1 CompilerThread3" daemon [_thread_blocked, id=1192, stack(0x0000000016690000,0x0000000016790000)]
  0x0000000014ee4800 JavaThread "C2 CompilerThread2" daemon [_thread_blocked, id=2552, stack(0x0000000016590000,0x0000000016690000)]
  0x0000000014ed9800 JavaThread "C2 CompilerThread1" daemon [_thread_blocked, id=4988, stack(0x0000000016490000,0x0000000016590000)]
  0x0000000014ed4800 JavaThread "C2 CompilerThread0" daemon [_thread_blocked, id=4172, stack(0x0000000016390000,0x0000000016490000)]
  0x0000000014ece000 JavaThread "Attach Listener" daemon [_thread_blocked, id=3012, stack(0x0000000016290000,0x0000000016390000)]
  0x0000000014ecc800 JavaThread "Signal Dispatcher" daemon [_thread_blocked, id=5032, stack(0x0000000016190000,0x0000000016290000)]
  0x0000000013d0b000 JavaThread "Finalizer" daemon [_thread_blocked, id=4136, stack(0x0000000015fd0000,0x00000000160d0000)]
  0x0000000013d04800 JavaThread "Reference Handler" daemon [_thread_blocked, id=3488, stack(0x0000000015ed0000,0x0000000015fd0000)]
  0x00000000024b8000 JavaThread "main" [_thread_blocked, id=4504, stack(0x0000000000030000,0x0000000000130000)]

Other Threads:
=>0x0000000014e82800 VMThread [stack: 0x0000000015dd0000,0x0000000015ed0000] [id=4960]

VM state:at safepoint (shutting down)

VM Mutex/Monitor currently owned by a thread:  ([mutex/lock_event])
[0x00000000022fe520] Threads_lock - owner thread: 0x0000000014e82800

Heap:
 PSYoungGen      total 139776K, used 23049K [0x00000000f5580000, 0x00000000ffc80000, 0x0000000100000000)
  eden space 113664K, 15% used [0x00000000f5580000,0x00000000f666ab80,0x00000000fc480000)
  from space 26112K, 21% used [0x00000000fe300000,0x00000000fe8979c8,0x00000000ffc80000)
  to   space 28672K, 0% used [0x00000000fc480000,0x00000000fc480000,0x00000000fe080000)
 ParOldGen       total 102912K, used 64371K [0x00000000e0000000, 0x00000000e6480000, 0x00000000f5580000)
  object space 102912K, 62% used [0x00000000e0000000,0x00000000e3edcd38,0x00000000e6480000)
 Metaspace       used 86467K, capacity 93856K, committed 93952K, reserved 1130496K
  class space    used 10405K, capacity 12795K, committed 12800K, reserved 1048576K

Card table byte_map: [0x0000000011910000,0x0000000011a20000] byte_map_base: 0x0000000011210000

Marking Bits: (ParMarkBitMap*) 0x0000000071eba5b0
 Begin Bits: [0x0000000012220000, 0x0000000012a20000)
 End Bits:   [0x0000000012a20000, 0x0000000013220000)

Polling page: 0x00000000003a0000

CodeCache: size=245760Kb used=36510Kb max_used=36634Kb free=209249Kb
 bounds [0x0000000002550000, 0x0000000004970000, 0x0000000011550000]
 total_blobs=10574 nmethods=9675 adapters=808
 compilation: enabled

Compilation events (10 events):
Event: 1336.865 Thread 0x0000000014ee9800 12210       3       org.eclipse.osgi.internal.loader.ModuleClassLoader::close (8 bytes)
Event: 1336.866 Thread 0x0000000014ee9800 nmethod 12210 0x00000000041c24d0 code [0x00000000041c2640, 0x00000000041c2898]
Event: 1336.866 Thread 0x0000000014ee9800 12211       3       org.eclipse.osgi.container.ModuleWiring::invalidate0 (52 bytes)
Event: 1336.866 Thread 0x0000000014ee9800 nmethod 12211 0x000000000357fa90 code [0x000000000357fc40, 0x00000000035805e8]
Event: 1336.866 Thread 0x0000000014ee9800 12212       3       org.eclipse.osgi.internal.framework.EquinoxContainerAdaptor::clearManifestCache (84 bytes)
Event: 1336.867 Thread 0x0000000014ee9800 nmethod 12212 0x0000000003699350 code [0x00000000036995a0, 0x000000000369acb8]
Event: 1336.867 Thread 0x0000000014ed4800 nmethod 12195 0x00000000041d2a50 code [0x00000000041d2c40, 0x00000000041d3910]
Event: 1336.867 Thread 0x0000000014ed4800 12200       4       org.eclipse.osgi.container.ModuleDatabase::readUnlock (11 bytes)
Event: 1336.870 Thread 0x0000000014ed4800 nmethod 12200 0x00000000033fd950 code [0x00000000033fdae0, 0x00000000033fdeb0]
Event: 1336.870 Thread 0x0000000014ee4800 nmethod 12199 0x000000000392c210 code [0x000000000392c3e0, 0x000000000392cb70]

GC Heap History (10 events):
Event: 251.697 GC heap before
{Heap before GC invocations=25 (full 5):
 PSYoungGen      total 142848K, used 16122K [0x00000000f5580000, 0x0000000100000000, 0x0000000100000000)
  eden space 111104K, 14% used [0x00000000f5580000,0x00000000f653eb18,0x00000000fc200000)
  from space 31744K, 0% used [0x00000000fc200000,0x00000000fc200000,0x00000000fe100000)
  to   space 30720K, 0% used [0x00000000fe200000,0x00000000fe200000,0x0000000100000000)
 ParOldGen       total 102912K, used 62001K [0x00000000e0000000, 0x00000000e6480000, 0x00000000f5580000)
  object space 102912K, 60% used [0x00000000e0000000,0x00000000e3c8c430,0x00000000e6480000)
 Metaspace       used 78691K, capacity 85408K, committed 85632K, reserved 1122304K
  class space    used 9503K, capacity 11778K, committed 11904K, reserved 1048576K
Event: 251.700 GC heap after
Heap after GC invocations=25 (full 5):
 PSYoungGen      total 142848K, used 361K [0x00000000f5580000, 0x0000000100000000, 0x0000000100000000)
  eden space 112128K, 0% used [0x00000000f5580000,0x00000000f5580000,0x00000000fc300000)
  from space 30720K, 1% used [0x00000000fe200000,0x00000000fe25a5f0,0x0000000100000000)
  to   space 31232K, 0% used [0x00000000fc300000,0x00000000fc300000,0x00000000fe180000)
 ParOldGen       total 102912K, used 62009K [0x00000000e0000000, 0x00000000e6480000, 0x00000000f5580000)
  object space 102912K, 60% used [0x00000000e0000000,0x00000000e3c8e430,0x00000000e6480000)
 Metaspace       used 78691K, capacity 85408K, committed 85632K, reserved 1122304K
  class space    used 9503K, capacity 11778K, committed 11904K, reserved 1048576K
}
Event: 251.700 GC heap before
{Heap before GC invocations=26 (full 6):
 PSYoungGen      total 142848K, used 361K [0x00000000f5580000, 0x0000000100000000, 0x0000000100000000)
  eden space 112128K, 0% used [0x00000000f5580000,0x00000000f5580000,0x00000000fc300000)
  from space 30720K, 1% used [0x00000000fe200000,0x00000000fe25a5f0,0x0000000100000000)
  to   space 31232K, 0% used [0x00000000fc300000,0x00000000fc300000,0x00000000fe180000)
 ParOldGen       total 102912K, used 62009K [0x00000000e0000000, 0x00000000e6480000, 0x00000000f5580000)
  object space 102912K, 60% used [0x00000000e0000000,0x00000000e3c8e430,0x00000000e6480000)
 Metaspace       used 78691K, capacity 85408K, committed 85632K, reserved 1122304K
  class space    used 9503K, capacity 11778K, committed 11904K, reserved 1048576K
Event: 251.948 GC heap after
Heap after GC invocations=26 (full 6):
 PSYoungGen      total 142848K, used 0K [0x00000000f5580000, 0x0000000100000000, 0x0000000100000000)
  eden space 112128K, 0% used [0x00000000f5580000,0x00000000f5580000,0x00000000fc300000)
  from space 30720K, 0% used [0x00000000fe200000,0x00000000fe200000,0x0000000100000000)
  to   space 31232K, 0% used [0x00000000fc300000,0x00000000fc300000,0x00000000fe180000)
 ParOldGen       total 102912K, used 59008K [0x00000000e0000000, 0x00000000e6480000, 0x00000000f5580000)
  object space 102912K, 57% used [0x00000000e0000000,0x00000000e39a00e0,0x00000000e6480000)
 Metaspace       used 78691K, capacity 85408K, committed 85632K, reserved 1122304K
  class space    used 9503K, capacity 11778K, committed 11904K, reserved 1048576K
}
Event: 311.696 GC heap before
{Heap before GC invocations=27 (full 6):
 PSYoungGen      total 142848K, used 88880K [0x00000000f5580000, 0x0000000100000000, 0x0000000100000000)
  eden space 112128K, 79% used [0x00000000f5580000,0x00000000fac4c000,0x00000000fc300000)
  from space 30720K, 0% used [0x00000000fe200000,0x00000000fe200000,0x0000000100000000)
  to   space 31232K, 0% used [0x00000000fc300000,0x00000000fc300000,0x00000000fe180000)
 ParOldGen       total 102912K, used 59008K [0x00000000e0000000, 0x00000000e6480000, 0x00000000f5580000)
  object space 102912K, 57% used [0x00000000e0000000,0x00000000e39a00e0,0x00000000e6480000)
 Metaspace       used 82329K, capacity 89348K, committed 89600K, reserved 1126400K
  class space    used 9948K, capacity 12213K, committed 12288K, reserved 1048576K
Event: 311.703 GC heap after
Heap after GC invocations=27 (full 6):
 PSYoungGen      total 143360K, used 7011K [0x00000000f5580000, 0x0000000100000000, 0x0000000100000000)
  eden space 112128K, 0% used [0x00000000f5580000,0x00000000f5580000,0x00000000fc300000)
  from space 31232K, 22% used [0x00000000fc300000,0x00000000fc9d8cf8,0x00000000fe180000)
  to   space 29696K, 0% used [0x00000000fe300000,0x00000000fe300000,0x0000000100000000)
 ParOldGen       total 102912K, used 59016K [0x00000000e0000000, 0x00000000e6480000, 0x00000000f5580000)
  object space 102912K, 57% used [0x00000000e0000000,0x00000000e39a20e0,0x00000000e6480000)
 Metaspace       used 82329K, capacity 89348K, committed 89600K, reserved 1126400K
  class space    used 9948K, capacity 12213K, committed 12288K, reserved 1048576K
}
Event: 311.703 GC heap before
{Heap before GC invocations=28 (full 7):
 PSYoungGen      total 143360K, used 7011K [0x00000000f5580000, 0x0000000100000000, 0x0000000100000000)
  eden space 112128K, 0% used [0x00000000f5580000,0x00000000f5580000,0x00000000fc300000)
  from space 31232K, 22% used [0x00000000fc300000,0x00000000fc9d8cf8,0x00000000fe180000)
  to   space 29696K, 0% used [0x00000000fe300000,0x00000000fe300000,0x0000000100000000)
 ParOldGen       total 102912K, used 59016K [0x00000000e0000000, 0x00000000e6480000, 0x00000000f5580000)
  object space 102912K, 57% used [0x00000000e0000000,0x00000000e39a20e0,0x00000000e6480000)
 Metaspace       used 82329K, capacity 89348K, committed 89600K, reserved 1126400K
  class space    used 9948K, capacity 12213K, committed 12288K, reserved 1048576K
Event: 311.960 GC heap after
Heap after GC invocations=28 (full 7):
 PSYoungGen      total 143360K, used 0K [0x00000000f5580000, 0x0000000100000000, 0x0000000100000000)
  eden space 112128K, 0% used [0x00000000f5580000,0x00000000f5580000,0x00000000fc300000)
  from space 31232K, 0% used [0x00000000fc300000,0x00000000fc300000,0x00000000fe180000)
  to   space 29696K, 0% used [0x00000000fe300000,0x00000000fe300000,0x0000000100000000)
 ParOldGen       total 102912K, used 64299K [0x00000000e0000000, 0x00000000e6480000, 0x00000000f5580000)
  object space 102912K, 62% used [0x00000000e0000000,0x00000000e3ecad28,0x00000000e6480000)
 Metaspace       used 82329K, capacity 89348K, committed 89600K, reserved 1126400K
  class space    used 9948K, capacity 12213K, committed 12288K, reserved 1048576K
}
Event: 1334.550 GC heap before
{Heap before GC invocations=29 (full 7):
 PSYoungGen      total 143360K, used 112128K [0x00000000f5580000, 0x0000000100000000, 0x0000000100000000)
  eden space 112128K, 100% used [0x00000000f5580000,0x00000000fc300000,0x00000000fc300000)
  from space 31232K, 0% used [0x00000000fc300000,0x00000000fc300000,0x00000000fe180000)
  to   space 29696K, 0% used [0x00000000fe300000,0x00000000fe300000,0x0000000100000000)
 ParOldGen       total 102912K, used 64299K [0x00000000e0000000, 0x00000000e6480000, 0x00000000f5580000)
  object space 102912K, 62% used [0x00000000e0000000,0x00000000e3ecad28,0x00000000e6480000)
 Metaspace       used 85868K, capacity 93244K, committed 93440K, reserved 1130496K
  class space    used 10342K, capacity 12699K, committed 12800K, reserved 1048576K
Event: 1334.575 GC heap after
Heap after GC invocations=29 (full 7):
 PSYoungGen      total 139776K, used 5726K [0x00000000f5580000, 0x00000000ffc80000, 0x0000000100000000)
  eden space 113664K, 0% used [0x00000000f5580000,0x00000000f5580000,0x00000000fc480000)
  from space 26112K, 21% used [0x00000000fe300000,0x00000000fe8979c8,0x00000000ffc80000)
  to   space 28672K, 0% used [0x00000000fc480000,0x00000000fc480000,0x00000000fe080000)
 ParOldGen       total 102912K, used 64371K [0x00000000e0000000, 0x00000000e6480000, 0x00000000f5580000)
  object space 102912K, 62% used [0x00000000e0000000,0x00000000e3edcd38,0x00000000e6480000)
 Metaspace       used 85868K, capacity 93244K, committed 93440K, reserved 1130496K
  class space    used 10342K, capacity 12699K, committed 12800K, reserved 1048576K
}

Deoptimization events (10 events):
Event: 1335.128 Thread 0x0000000017d74800 Uncommon trap: reason=class_check action=maybe_recompile pc=0x000000000331e5b4 method=org.eclipse.e4.core.internal.contexts.TrackableComputationExt.update(Lorg/eclipse/e4/core/internal/contexts/ContextChangeEvent;)Z @ 62
Event: 1335.128 Thread 0x0000000017d74800 Uncommon trap: reason=class_check action=maybe_recompile pc=0x000000000331e5b4 method=org.eclipse.e4.core.internal.contexts.TrackableComputationExt.update(Lorg/eclipse/e4/core/internal/contexts/ContextChangeEvent;)Z @ 62
Event: 1335.337 Thread 0x0000000019910000 Uncommon trap: reason=unstable_if action=reinterpret pc=0x00000000026ccda4 method=sun.nio.cs.SingleByte$Encoder.encode(C)I @ 13
Event: 1335.337 Thread 0x0000000019910000 Uncommon trap: reason=unstable_if action=reinterpret pc=0x0000000003dcc29c method=java.nio.charset.CharsetEncoder.encode(Ljava/nio/CharBuffer;Ljava/nio/ByteBuffer;Z)Ljava/nio/charset/CoderResult; @ 105
Event: 1336.187 Thread 0x0000000016c8b000 Uncommon trap: reason=predicate action=maybe_recompile pc=0x0000000002f3c19c method=java.util.Arrays.fill([Ljava/lang/Object;Ljava/lang/Object;)V @ 10
Event: 1336.190 Thread 0x0000000017d74800 Uncommon trap: reason=unstable_if action=reinterpret pc=0x0000000003552bf0 method=org.eclipse.osgi.internal.hooks.EclipseLazyStarter.shouldActivateFor(Ljava/lang/String;Lorg/eclipse/osgi/container/Module;Lorg/eclipse/osgi/container/ModuleRevision;Lorg/ecli›P×,êà”@
Event: 1336.229 Thread 0x0000000017d74800 Uncommon trap: reason=null_check action=maybe_recompile pc=0x000000000394f974 method=com.xilinx.sdk.targetmanager.internal.json.XMDJSONProcess.issueCommand(Ljava/lang/String;)Lcom/xilinx/sdk/targetmanager/internal/IXMDResult; @ 3
Event: 1336.246 Thread 0x0000000017d74800 Uncommon trap: reason=unstable_if action=reinterpret pc=0x000000000446a8d8 method=org.eclipse.osgi.internal.framework.FilterImpl.compare_Long(IJLjava/lang/Object;)Z @ 146
Event: 1336.266 Thread 0x0000000016c8b000 Uncommon trap: reason=unstable_if action=reinterpret pc=0x00000000033441d0 method=org.eclipse.osgi.internal.framework.BundleContextImpl.dispatchEvent(Ljava/lang/Object;Ljava/lang/Object;ILjava/lang/Object;)V @ 16
Event: 1336.856 Thread 0x0000000017d74800 Uncommon trap: reason=unstable_if action=reinterpret pc=0x00000000033b3d5c method=sun.reflect.UnsafeStaticObjectFieldAccessorImpl.set(Ljava/lang/Object;Ljava/lang/Object;)V @ 13

Internal exceptions (10 events):
Event: 1334.624 Thread 0x0000000017d74800 Implicit null exception at 0x0000000003699821 to 0x000000000369ba61
Event: 1335.336 Thread 0x000000001990f800 Exception <a 'java/lang/InterruptedException'> (0x00000000f5c9eef0) thrown at [C:\re\workspace\8-2-build-windows-amd64-cygwin\jdk8u66\5298\hotspot\src\share\vm\runtime\objectMonitor.cpp, line 1683]
Event: 1336.229 Thread 0x0000000017d74800 Implicit null exception at 0x000000000394e307 to 0x000000000394f965
Event: 1336.229 Thread 0x0000000017d74800 Exception <a 'java/lang/NullPointerException'> (0x00000000f5f64208) thrown at [C:\re\workspace\8-2-build-windows-amd64-cygwin\jdk8u66\5298\hotspot\src\share\vm\prims\jvm.cpp, line 1390]
Event: 1336.835 Thread 0x000000001a85b800 Exception <a 'java/lang/InterruptedException'> (0x00000000f57570f8) thrown at [C:\re\workspace\8-2-build-windows-amd64-cygwin\jdk8u66\5298\hotspot\src\share\vm\runtime\objectMonitor.cpp, line 1683]
Event: 1336.856 Thread 0x0000000017d74800 Implicit null exception at 0x00000000033b3957 to 0x00000000033b3d49
Event: 1336.857 Thread 0x0000000016c8b000 Exception <a 'java/lang/InterruptedException'> (0x00000000f6298610) thrown at [C:\re\workspace\8-2-build-windows-amd64-cygwin\jdk8u66\5298\hotspot\src\share\vm\runtime\objectMonitor.cpp, line 1683]
Event: 1336.860 Thread 0x0000000014f2d800 Exception <a 'java/lang/InterruptedException'> (0x00000000f6425610) thrown at [C:\re\workspace\8-2-build-windows-amd64-cygwin\jdk8u66\5298\hotspot\src\share\vm\runtime\objectMonitor.cpp, line 1683]
Event: 1336.860 Thread 0x0000000016c8f800 Exception <a 'java/lang/InterruptedException'> (0x00000000f65d09c8) thrown at [C:\re\workspace\8-2-build-windows-amd64-cygwin\jdk8u66\5298\hotspot\src\share\vm\runtime\objectMonitor.cpp, line 1683]
Event: 1336.860 Thread 0x000000001805e800 Exception <a 'java/lang/InterruptedException'> (0x00000000f5e099f0) thrown at [C:\re\workspace\8-2-build-windows-amd64-cygwin\jdk8u66\5298\hotspot\src\share\vm\runtime\objectMonitor.cpp, line 1683]

Events (10 events):
Event: 1336.867 loading class java/util/IdentityHashMap$IdentityHashMapIterator
Event: 1336.888 loading class java/util/IdentityHashMap$IdentityHashMapIterator done
Event: 1336.888 loading class java/util/IdentityHashMap$KeyIterator done
Event: 1336.888 Thread 0x0000000017d74800 Thread added: 0x0000000017d74800
Event: 1336.888 Executing VM operation: RevokeBias
Event: 1336.889 Executing VM operation: RevokeBias done
Event: 1336.889 Executing VM operation: RevokeBias
Event: 1336.889 Executing VM operation: RevokeBias done
Event: 1336.889 Thread 0x0000000017d74800 Thread exited: 0x0000000017d74800
Event: 1336.889 Executing VM operation: Exit


Dynamic libraries:
0x0000000000400000 - 0x000000000044f000 	C:\Xilinx\SDK\2016.2\eclipse\win64.o\eclipse.exe
0x0000000076d80000 - 0x0000000076f2a000 	C:\Windows\SYSTEM32\ntdll.dll
0x0000000076c60000 - 0x0000000076d7f000 	C:\Windows\system32\kernel32.dll
0x000007fefcdd0000 - 0x000007fefce3a000 	C:\Windows\system32\KERNELBASE.dll
0x0000000076b60000 - 0x0000000076c5a000 	C:\Windows\system32\USER32.dll
0x000007fefd840000 - 0x000007fefd8a7000 	C:\Windows\system32\GDI32.dll
0x000007fefe020000 - 0x000007fefe02e000 	C:\Windows\system32\LPK.dll
0x000007fefddf0000 - 0x000007fefdeba000 	C:\Windows\system32\USP10.dll
0x000007fefdee0000 - 0x000007fefdf7f000 	C:\Windows\system32\msvcrt.dll
0x000007fefb3d0000 - 0x000007fefb5c4000 	C:\Windows\WinSxS\amd64_microsoft.windows.common-controls_6595b64144ccf1df_6.0.7601.18837_none_fa3b1e3d17594757\COMCTL32.dll
0x000007fefdd70000 - 0x000007fefdde1000 	C:\Windows\system32\SHLWAPI.dll
0x000007fefd5c0000 - 0x000007fefd5ee000 	C:\Windows\system32\IMM32.DLL
0x000007fefdb80000 - 0x000007fefdc89000 	C:\Windows\system32\MSCTF.dll
0x0000000072000000 - 0x0000000072012000 	C:\Xilinx\SDK\2016.2\eclipse\win64.o\plugins\org.eclipse.equinox.launcher.win32.win32.x86_64_1.1.300.v20150602-1417\eclipse_1611.dll
0x000007fefdc90000 - 0x000007fefdd6b000 	C:\Windows\system32\ADVAPI32.dll
0x000007fefdec0000 - 0x000007fefdedf000 	C:\Windows\SYSTEM32\sechost.dll
0x000007fefcfc0000 - 0x000007fefd0ed000 	C:\Windows\system32\RPCRT4.dll
0x000007fefbb50000 - 0x000007fefbb5c000 	C:\Windows\system32\VERSION.dll
0x000007fefb790000 - 0x000007fefb7e6000 	C:\Windows\system32\UxTheme.dll
0x00000000716b0000 - 0x0000000071f39000 	C:\Xilinx\SDK\2016.2\tps\win64\jre\bin\server\jvm.dll
0x000007fefb5e0000 - 0x000007fefb5e9000 	C:\Windows\system32\WSOCK32.dll
0x000007fefd490000 - 0x000007fefd4dd000 	C:\Windows\system32\WS2_32.dll
0x000007fefd5f0000 - 0x000007fefd5f8000 	C:\Windows\system32\NSI.dll
0x000007fefa3e0000 - 0x000007fefa41b000 	C:\Windows\system32\WINMM.dll
0x0000000076f40000 - 0x0000000076f47000 	C:\Windows\system32\PSAPI.DLL
0x0000000072370000 - 0x0000000072442000 	C:\Windows\system32\MSVCR100.dll
0x00000000741d0000 - 0x00000000741df000 	C:\Xilinx\SDK\2016.2\tps\win64\jre\bin\verify.dll
0x0000000071550000 - 0x0000000071579000 	C:\Xilinx\SDK\2016.2\tps\win64\jre\bin\java.dll
0x0000000071410000 - 0x0000000071426000 	C:\Xilinx\SDK\2016.2\tps\win64\jre\bin\zip.dll
0x000007fefe300000 - 0x000007feff089000 	C:\Windows\system32\SHELL32.dll
0x000007fefd280000 - 0x000007fefd483000 	C:\Windows\system32\ole32.dll
0x000007fefcac0000 - 0x000007fefcacf000 	C:\Windows\system32\profapi.dll
0x000007fefc2c0000 - 0x000007fefc2d8000 	C:\Windows\system32\CRYPTSP.dll
0x000007fefbfc0000 - 0x000007fefc007000 	C:\Windows\system32\rsaenh.dll
0x000007fefcae0000 - 0x000007fefcafe000 	C:\Windows\system32\USERENV.dll
0x000007fefc920000 - 0x000007fefc92f000 	C:\Windows\system32\CRYPTBASE.dll
0x00000000713f0000 - 0x000000007140a000 	C:\Xilinx\SDK\2016.2\tps\win64\jre\bin\net.dll
0x000007fefc260000 - 0x000007fefc2b5000 	C:\Windows\system32\mswsock.dll
0x000007fefc250000 - 0x000007fefc257000 	C:\Windows\System32\wship6.dll
0x000007fef9280000 - 0x000007fef92a7000 	C:\Windows\system32\IPHLPAPI.DLL
0x000007fef9270000 - 0x000007fef927b000 	C:\Windows\system32\WINNSI.DLL
0x000007fef8c50000 - 0x000007fef8c61000 	C:\Windows\system32\dhcpcsvc6.DLL
0x000007fef8c30000 - 0x000007fef8c48000 	C:\Windows\system32\dhcpcsvc.DLL
0x00000000713d0000 - 0x00000000713e1000 	C:\Xilinx\SDK\2016.2\tps\win64\jre\bin\nio.dll
0x000007fefa060000 - 0x000007fefa075000 	C:\Windows\system32\NLAapi.dll
0x000007fef87d0000 - 0x000007fef87e5000 	C:\Windows\system32\napinsp.dll
0x000007fef87f0000 - 0x000007fef8809000 	C:\Windows\system32\pnrpnsp.dll
0x000007fefc0e0000 - 0x000007fefc13b000 	C:\Windows\system32\DNSAPI.dll
0x000007fef87c0000 - 0x000007fef87cb000 	C:\Windows\System32\winrnr.dll
0x000007fefbc20000 - 0x000007fefbc27000 	C:\Windows\System32\wshtcpip.dll
0x000007fef8760000 - 0x000007fef8768000 	C:\Windows\system32\rasadhlp.dll
0x000007fef8ce0000 - 0x000007fef8d33000 	C:\Windows\System32\fwpuclnt.dll
0x0000000017650000 - 0x00000000176f8000 	C:\Users\tabrizim\.Xilinx\SDK\2016.2\org.eclipse.osgi\312\0\.cp\swt-win32-4527.dll
0x000007fefd4e0000 - 0x000007fefd5b8000 	C:\Windows\system32\OLEAUT32.dll
0x000007fefdf80000 - 0x000007fefe017000 	C:\Windows\system32\comdlg32.dll
0x000007fef5a30000 - 0x000007fef5aa1000 	C:\Windows\system32\WINSPOOL.DRV
0x000007fefe030000 - 0x000007fefe2f5000 	C:\Windows\system32\WININET.dll
0x000007fefcc50000 - 0x000007fefcc54000 	C:\Windows\system32\api-ms-win-downlevel-user32-l1-1-0.dll
0x000007fefcb80000 - 0x000007fefcb84000 	C:\Windows\system32\api-ms-win-downlevel-shlwapi-l1-1-0.dll
0x000007fefcb70000 - 0x000007fefcb74000 	C:\Windows\system32\api-ms-win-downlevel-version-l1-1-0.dll
0x000007fefcb40000 - 0x000007fefcb43000 	C:\Windows\system32\api-ms-win-downlevel-normaliz-l1-1-0.dll
0x0000000076f50000 - 0x0000000076f53000 	C:\Windows\system32\normaliz.DLL
0x000007fefd8b0000 - 0x000007fefdb79000 	C:\Windows\system32\iertutil.dll
0x000007fefcb90000 - 0x000007fefcb95000 	C:\Windows\system32\api-ms-win-downlevel-advapi32-l1-1-0.dll
0x000007fefcc60000 - 0x000007fefcdcd000 	C:\Windows\system32\CRYPT32.dll
0x000007fefcad0000 - 0x000007fefcadf000 	C:\Windows\system32\MSASN1.dll
0x000007fefae40000 - 0x000007fefaf6c000 	C:\Windows\system32\propsys.dll
0x000007fefcea0000 - 0x000007fefcf39000 	C:\Windows\system32\CLBCatQ.DLL
0x0000000002270000 - 0x000000000228e000 	C:\Users\tabrizim\.Xilinx\SDK\2016.2\org.eclipse.osgi\312\0\.cp\swt-gdip-win32-4527.dll
0x000007fefb150000 - 0x000007fefb366000 	C:\Windows\WinSxS\amd64_microsoft.windows.gdiplus_6595b64144ccf1df_1.1.7601.23508_none_145555328b95eaaa\gdiplus.dll
0x000007fefac70000 - 0x000007fefadd1000 	C:\Windows\system32\WindowsCodecs.dll
0x0000000180000000 - 0x0000000180012000 	C:\Users\tabrizim\.Xilinx\SDK\2016.2\org.eclipse.osgi\126\0\.cp\os\win32\x86_64\localfile_1_0_0.dll
0x000007fef2020000 - 0x000007fef2074000 	C:\Windows\system32\oleacc.dll
0x000007fef9d80000 - 0x000007fef9d87000 	C:\Windows\system32\msimg32.dll
0x000007fefca10000 - 0x000007fefca24000 	C:\Windows\system32\RpcRtRemote.dll
0x000007fefc8c0000 - 0x000007fefc917000 	C:\Windows\system32\apphelp.dll
0x000007fef4900000 - 0x000007fef4911000 	C:\Users\tabrizim\.Xilinx\SDK\2016.2\org.eclipse.osgi\129\0\.cp\jWinHttp-1.0.0.dll
0x000007fef81d0000 - 0x000007fef8241000 	C:\Windows\system32\WINHTTP.dll
0x000007fef8130000 - 0x000007fef8194000 	C:\Windows\system32\webio.dll
0x000007fefc890000 - 0x000007fefc8b5000 	C:\Windows\system32\SspiCli.dll
0x000007fefbe80000 - 0x000007fefbe8a000 	C:\Windows\system32\credssp.dll
0x000007fefce40000 - 0x000007fefce76000 	C:\Windows\system32\CFGMGR32.dll
0x000007fefaff0000 - 0x000007fefafff000 	C:\Xilinx\SDK\2016.2\lib\win64.o\librdi_repo_manager.dll
0x000007fef7620000 - 0x000007fef764a000 	C:\Xilinx\SDK\2016.2\lib\win64.o\libisl_sysinfo.dll
0x000007feec110000 - 0x000007feec1e4000 	C:\Windows\system32\MSVCR110.dll
0x000007feecad0000 - 0x000007feecb77000 	C:\Windows\system32\MSVCP110.dll
0x000007fec3020000 - 0x000007fec3a60000 	C:\Xilinx\SDK\2016.2\lib\win64.o\librdi_common.dll
0x000007fec2cb0000 - 0x000007fec301e000 	C:\Xilinx\SDK\2016.2\lib\win64.o\libCOIN-all.dll
0x000007fec2a90000 - 0x000007fec2caf000 	C:\Xilinx\SDK\2016.2\lib\win64.o\libXil_lmgr11.dll
0x000007fefab30000 - 0x000007fefab46000 	C:\Windows\system32\NETAPI32.dll
0x000007fefbef0000 - 0x000007fefbefc000 	C:\Windows\system32\netutils.dll
0x000007fefc560000 - 0x000007fefc583000 	C:\Windows\system32\srvcli.dll
0x000007fefab10000 - 0x000007fefab25000 	C:\Windows\system32\wkscli.dll
0x000007fefcb00000 - 0x000007fefcb3b000 	C:\Windows\system32\WINTRUST.dll
0x000007fef9de0000 - 0x000007fef9df0000 	C:\Xilinx\SDK\2016.2\lib\win64.o\libboost_date_time.dll
0x000007fef3fe0000 - 0x000007fef4004000 	C:\Xilinx\SDK\2016.2\lib\win64.o\libboost_filesystem.dll
0x000007fef9d90000 - 0x000007fef9d99000 	C:\Xilinx\SDK\2016.2\lib\win64.o\libboost_system.dll
0x000007fec2a10000 - 0x000007fec2a87000 	C:\Xilinx\SDK\2016.2\lib\win64.o\libboost_program_options.dll
0x000007fec2900000 - 0x000007fec2a06000 	C:\Xilinx\SDK\2016.2\lib\win64.o\libboost_regex.dll
0x000007fef4920000 - 0x000007fef4933000 	C:\Xilinx\SDK\2016.2\lib\win64.o\libboost_signals.dll
0x000007fef4100000 - 0x000007fef411d000 	C:\Xilinx\SDK\2016.2\lib\win64.o\libboost_thread.dll
0x000007fef8700000 - 0x000007fef870b000 	C:\Xilinx\SDK\2016.2\lib\win64.o\libboost_chrono.dll
0x000007fef96e0000 - 0x000007fef96eb000 	C:\Xilinx\SDK\2016.2\lib\win64.o\libboost_xilinx.dll
0x000007fec2880000 - 0x000007fec2900000 	C:\Xilinx\SDK\2016.2\lib\win64.o\libhdlpsolve.dll
0x000007fec27e0000 - 0x000007fec287a000 	C:\Xilinx\SDK\2016.2\lib\win64.o\libhdxml.dll
0x000007fec1e90000 - 0x000007fec22f5e00 	C:\Xilinx\SDK\2016.2\lib\win64.o\libisl_iostreams.dll
0x000007fef46f0000 - 0x000007fef4706000 	C:\Xilinx\SDK\2016.2\lib\win64.o\libboost_iostreams.dll
0x000007fef3fb0000 - 0x000007fef3fd3000 	C:\Xilinx\SDK\2016.2\lib\win64.o\librdizlib.dll
0x000007fec9060000 - 0x000007fec9083000 	C:\Xilinx\SDK\2016.2\lib\win64.o\libisl_iosutils.dll
0x000007fef3810000 - 0x000007fef3825000 	C:\Xilinx\SDK\2016.2\lib\win64.o\pthreadVC2.dll
0x000007fec2780000 - 0x000007fec27d4000 	C:\Xilinx\SDK\2016.2\lib\win64.o\librdi_commonxillic.dll
0x000007fec2650000 - 0x000007fec2780000 	C:\Xilinx\SDK\2016.2\lib\win64.o\librdi_curl.dll
0x000007fef27d0000 - 0x000007fef27e8000 	C:\Xilinx\SDK\2016.2\lib\win64.o\librdiconfig.dll
0x00000000709f0000 - 0x0000000070b17000 	C:\Xilinx\SDK\2016.2\lib\win64.o\tcl85t.dll
0x0000000024190000 - 0x00000000243f3000 	C:\Xilinx\SDK\2016.2\lib\win64.o\xerces-c_3_1.dll
0x000007fefd0f0000 - 0x000007fefd276000 	C:\Windows\system32\urlmon.dll
0x000007fefcba0000 - 0x000007fefcba4000 	C:\Windows\system32\api-ms-win-downlevel-ole32-l1-1-0.dll
0x000007fef27f0000 - 0x000007fef2813000 	C:\Windows\system32\VCOMP110.DLL
0x000007fec1c90000 - 0x000007fec1e82000 	C:\Xilinx\SDK\2016.2\lib\win64.o\librdi_hsm.dll
0x000007fec2600000 - 0x000007fec2643000 	C:\Xilinx\SDK\2016.2\lib\win64.o\librdi_hdf.dll
0x000007fec1a00000 - 0x000007fec1c81000 	C:\Xilinx\SDK\2016.2\lib\win64.o\librdi_ippcw.dll
0x000007fef9da0000 - 0x000007fef9db6000 	C:\Xilinx\SDK\2016.2\eclipse\win64.o\plugins\org.eclipse.cdt.core.win32.x86_64_5.4.0.201509131935\os\win32\x86_64\spawner.dll
0x0000000071100000 - 0x0000000071125000 	C:\Users\tabrizim\.jssc\windows\jSSC-2.8_x86_64.dll
0x0000000071080000 - 0x00000000710a6000 	C:\Xilinx\SDK\2016.2\eclipse\win64.o\plugins\gnu.io.rxtx.win32.x86_64_2.1.7.3_v20071015\os\win32\x86_64\rxtxSerial.dll
0x000007fefb030000 - 0x000007fefb03a000 	C:\Xilinx\SDK\2016.2\lib\win64.o\librdi_jtag_settings.dll
0x000007fec9100000 - 0x000007fec9129000 	C:\Xilinx\SDK\2016.2\lib\win64.o\librdi_debug_dialog.dll
0x000007fefb020000 - 0x000007fefb028000 	C:\Xilinx\SDK\2016.2\lib\win64.o\librdi_target_manager.dll
0x000007fee9320000 - 0x000007fee9b30000 	C:\Xilinx\SDK\2016.2\lib\win64.o\libXil_lmgr11FNP.dll

VM Arguments:
jvm_args: -Dcom.xilinx.sdk.args.hwspec=W:/video_demo/NexysVideo-master/Projects/hdmi/proj/hdmi.sdk/hdmi_wrapper.hdf -Xms64m -Xmx512m & 
java_command: <unknown>
java_class_path (initial): C:\Xilinx\SDK\2016.2\eclipse\win64.o\\plugins/org.eclipse.equinox.launcher_1.3.100.v20150511-1540.jar
Launcher Type: generic

Environment Variables:
PATH=C:/Xilinx/SDK/2016.2/tps/win64/jre/bin/server;C:/Xilinx/SDK/2016.2/tps/win64/jre/bin;C:/Xilinx/SDK/2016.2/tps/win64/jre/lib/amd64;C:\Xilinx\SDK\2016.2\gnuwin\bin;C:\Xilinx\SDK\2016.2\gnu\microblaze\nt\bin;C:\Xilinx\SDK\2016.2\gnu\microblaze\linux_toolchain\nt64_le\bin;C:\Xilinx\SDK\2016.2\gnu\microblaze\linux_toolchain\nt64_be\bin;C:\Xilinx\SDK\2016.2\gnu\arm\nt\bin;C:\Xilinx\SDK\2016.2\gnu\aarch64\nt\aarch64-none\bin;C:\Xilinx\SDK\2016.2\gnu\aarch64\nt\aarch64-linux\bin;C:\Xilinx\SDK\2016.2\gnu\armr5\nt\gcc-arm-none-eabi\bin;C:\Xilinx\SDK\2016.2\gnu\aarch32\nt\gcc-arm-none-eabi\bin;C:\Xilinx\SDK\2016.2\gnu\aarch32\nt\gcc-arm-linux-gnueabi\bin;C:\Xilinx\SDK\2016.2\tps\win64\cmake-3.3.2\bin;;C:\Xilinx\SDK\2016.2\bin;C:\Xilinx\SDK\2016.2\lib\win64.o;C:\Xilinx\SDK\2016.2\tps\win64\jre\bin\server;C:\Xilinx\SDK\2016.2\tps\win64\jre\bin;C:\Xilinx\Vivado\2016.2\ids_lite\ISE\bin\nt64;C:\Xilinx\Vivado\2016.2\ids_lite\ISE\lib\nt64;C:\Xilinx\Vivado\2016.2\bin;C:\Xilinx\Vivado\2016.2\lib\win64.o;C:\Xilinx\Vivado\2016.2\tps\win64\jre\bin\server;C:\Xilinx\Vivado\2016.2\tps\win64\jre\bin;C:\Xilinx\Vivado_HLS\2016.2\bin;C:\Windows\system32;C:\Windows;C:\Windows\System32\Wbem;C:\Windows\System32\WindowsPowerShell\v1.0\;C:\Program Files (x86)\Java\jre6\bin;C:\Program Files (x86)\eclipse;C:\altera\16.0\quartus\bin64;c:\altera\16.0\quartus\bin64\jre64\bin;W:\video_demo\NexysVideo-master\Projects\hdmi\proj;
USERNAME=tabrizim
OS=Windows_NT
PROCESSOR_IDENTIFIER=Intel64 Family 6 Model 60 Stepping 3, GenuineIntel



---------------  S Y S T E M  ---------------

OS: Windows 7 , 64 bit Build 7601 (6.1.7601.23418)

CPU:total 8 (4 cores per cpu, 2 threads per core) family 6 model 60 stepping 3, cmov, cx8, fxsr, mmx, sse, sse2, sse3, ssse3, sse4.1, sse4.2, popcnt, avx, avx2, aes, clmul, erms, lzcnt, ht, tsc, tscinvbit, bmi1, bmi2

Memory: 4k page, physical 16683160k(13790968k free), swap 33364460k(30175180k free)

vm_info: Java HotSpot(TM) 64-Bit Server VM (25.66-b18) for windows-amd64 JRE (1.8.0_66-b18), built on Nov  9 2015 10:51:13 by "java_re" with MS VC++ 10.0 (VS2010)

time: Fri Mar 10 13:02:10 2017
elapsed time: 1337 seconds (0d 0h 22m 17s)

