#
# A fatal error has been detected by the Java Runtime Environment:
#
#  EXCEPTION_UNCAUGHT_CXX_EXCEPTION (0xe06d7363) at pc=0x000007fefdbba06d, pid=2296, tid=5004
#
# JRE version: Java(TM) SE Runtime Environment (8.0_66-b18) (build 1.8.0_66-b18)
# Java VM: Java HotSpot(TM) 64-Bit Server VM (25.66-b18 mixed mode windows-amd64 compressed oops)
# Problematic frame:
# C  [KERNELBASE.dll+0x1a06d]
#
# Failed to write core dump. Minidumps are not enabled by default on client versions of Windows
#
# If you would like to submit a bug report, please visit:
#   http://bugreport.java.com/bugreport/crash.jsp
#

---------------  T H R E A D  ---------------

Current thread (0x0000000014e52800):  VMThread [stack: 0x0000000015da0000,0x0000000015ea0000] [id=5004]

siginfo: ExceptionCode=0xe06d7363, ExceptionInformation=0x0000000019930520 0x0000000015e9f6c8 0x000007feeb722cb8 0x000007feeb670000 

Registers:
RAX=0x00000000623bb421, RBX=0x000007feeb722cb8, RCX=0x0000000015e9ef10, RDX=0x00000000000000d0
RSP=0x0000000015e9f520, RBP=0x0000000015e9f650, RSI=0x00000000ffffffff, RDI=0x00000000002d4110
R8 =0x0000000000000000, R9 =0x0000000000000000, R10=0x000007feeb670000, R11=0x0000000015e9f560
R12=0x0000000000000001, R13=0x0000000000000008, R14=0x0000000000000000, R15=0xffffffffffffffff
RIP=0x000007fefdbba06d, EFLAGS=0x0000000000000206

Top of Stack: (sp=0x0000000015e9f520)
0x0000000015e9f520:   000007feeb722cb8 00000000ffffffff
0x0000000015e9f530:   00000000002d4110 00000000002770c0
0x0000000015e9f540:   00000001e06d7363 0000000000000000
0x0000000015e9f550:   000007fefdbba06d 000007fe00000004
0x0000000015e9f560:   0000000019930520 0000000015e9f6c8
0x0000000015e9f570:   000007feeb722cb8 000007feeb670000
0x0000000015e9f580:   0000000000000000 0000000015e9f608
0x0000000015e9f590:   0000000000000028 00000000002d4100
0x0000000015e9f5a0:   00000000174defa0 0000000000000000
0x0000000015e9f5b0:   000007fffffa6000 0000000077b5f2d3
0x0000000015e9f5c0:   0000000000000000 0000000000000008
0x0000000015e9f5d0:   0000000000000001 00000000002d4110
0x0000000015e9f5e0:   00000000ffffffff 000007feeb6ce92c
0x0000000015e9f5f0:   000007feeb722cb8 0000000015e9f660
0x0000000015e9f600:   0000000000000001 000007feeb6700f8
0x0000000015e9f610:   00000001e06d7363 0000000000000000 

Instructions: (pc=0x000007fefdbba06d)
0x000007fefdbba04d:   54 24 24 48 89 4c 24 28 4d 85 c9 0f 85 6a 03 00
0x000007fefdbba05d:   00 89 4c 24 38 48 8d 4c 24 20 ff 15 33 02 03 00
0x000007fefdbba06d:   48 81 c4 c8 00 00 00 c3 90 90 90 90 90 90 90 90
0x000007fefdbba07d:   90 90 90 48 83 ec 28 65 48 8b 04 25 30 00 00 00 


Register to memory mapping:

RAX=0x00000000623bb421 is an unknown value
RBX=0x000007feeb722cb8 is an unknown value
RCX=0x0000000015e9ef10 is an unknown value
RDX=0x00000000000000d0 is an unknown value
RSP=0x0000000015e9f520 is an unknown value
RBP=0x0000000015e9f650 is an unknown value
RSI=0x00000000ffffffff is an unallocated location in the heap
RDI=0x00000000002d4110 is an unknown value
R8 =0x0000000000000000 is an unknown value
R9 =0x0000000000000000 is an unknown value
R10=0x000007feeb670000 is an unknown value
R11=0x0000000015e9f560 is an unknown value
R12=0x0000000000000001 is an unknown value
R13=0x0000000000000008 is an unknown value
R14=0x0000000000000000 is an unknown value
R15=0xffffffffffffffff is an unknown value


Stack: [0x0000000015da0000,0x0000000015ea0000],  sp=0x0000000015e9f520,  free space=1021k
Native frames: (J=compiled Java code, j=interpreted, Vv=VM code, C=native code)
C  [KERNELBASE.dll+0x1a06d]
C  [MSVCR110.dll+0x5e92c]
C  [MSVCR110.dll+0x1315c]
C  [MSVCR110.dll+0x136a9]
C  [MSVCR110.dll+0x13e9c]
C  [MSVCR110.dll+0x239e]
C  [MSVCR110.dll+0xaf9e]
C  [MSVCP110.dll+0x397b9]
C  [librdi_common.dll+0x182316]
C  [librdi_common.dll+0x180fab]
C  [librdi_target_manager.dll+0x2400]
C  [librdi_target_manager.dll+0x2682]
C  [ntdll.dll+0x229b1]
C  [ntdll.dll+0x227c0]
C  [MSVCR100.dll+0x20ccd]
V  [jvm.dll+0x210cc5]
V  [jvm.dll+0x249897]
V  [jvm.dll+0x248b36]
V  [jvm.dll+0x248fd1]
V  [jvm.dll+0x2491ee]
V  [jvm.dll+0x29a0fa]
C  [MSVCR100.dll+0x21d9f]
C  [MSVCR100.dll+0x21e3b]
C  [kernel32.dll+0x159bd]
C  [ntdll.dll+0x2a2e1]

VM_Operation (0x000000000012f4c0): Exit, mode: safepoint, requested by thread 0x00000000023d8000


---------------  P R O C E S S  ---------------

Java Threads: ( => current thread )
  0x0000000020cd4000 JavaThread "pool-2-thread-6" [_thread_blocked, id=3132, stack(0x00000000289b0000,0x0000000028ab0000)]
  0x00000000183d2000 JavaThread "pool-2-thread-5" [_thread_blocked, id=4892, stack(0x0000000024510000,0x0000000024610000)]
  0x00000000183cf000 JavaThread "pool-2-thread-4" [_thread_blocked, id=4624, stack(0x0000000028390000,0x0000000028490000)]
  0x00000000183cd800 JavaThread "pool-2-thread-3" [_thread_blocked, id=772, stack(0x0000000028290000,0x0000000028390000)]
  0x00000000183cc000 JavaThread "pool-2-thread-2" [_thread_blocked, id=4544, stack(0x0000000027790000,0x0000000027890000)]
  0x00000000183cb800 JavaThread "EventThread COM3" [_thread_in_native, id=3184, stack(0x0000000024410000,0x0000000024510000)]
  0x0000000020cd5000 JavaThread "pool-2-thread-1" [_thread_blocked, id=4832, stack(0x0000000027890000,0x0000000027990000)]
  0x0000000020cd3800 JavaThread "Thread-34" daemon [_thread_blocked, id=652, stack(0x0000000027690000,0x0000000027790000)]
  0x000000001a9c1800 JavaThread "TCF Channel Transmitter" daemon [_thread_blocked, id=4172, stack(0x0000000025420000,0x0000000025520000)]
  0x000000001a9c2000 JavaThread "TCF Channel Receiver" daemon [_thread_in_native, id=1552, stack(0x0000000025320000,0x0000000025420000)]
  0x000000001a9c0000 JavaThread "Process monitor" daemon [_thread_in_native, id=2660, stack(0x0000000025fc0000,0x00000000260c0000)]
  0x000000001a9bf000 JavaThread "Input Stream Monitor" daemon [_thread_blocked, id=5080, stack(0x0000000025ec0000,0x0000000025fc0000)]
  0x0000000019532000 JavaThread "Output Stream Monitor" daemon [_thread_in_native, id=4644, stack(0x0000000025dc0000,0x0000000025ec0000)]
  0x0000000019531800 JavaThread "Output Stream Monitor" daemon [_thread_in_native, id=3600, stack(0x0000000023a20000,0x0000000023b20000)]
  0x0000000019530000 JavaThread "TCF Locator DNS Lookup" daemon [_thread_blocked, id=4420, stack(0x0000000026690000,0x0000000026790000)]
  0x000000001952f000 JavaThread "TCF Locator Timer" daemon [_thread_blocked, id=2556, stack(0x0000000026590000,0x0000000026690000)]
  0x000000001952e000 JavaThread "TCF Locator Receiver" daemon [_thread_in_native, id=4528, stack(0x0000000026490000,0x0000000026590000)]
  0x000000001952c800 JavaThread "TCF Timer Dispatcher" daemon [_thread_blocked, id=3912, stack(0x00000000255e0000,0x00000000256e0000)]
  0x000000001a555800 JavaThread "EMF Reference Cleaner" daemon [_thread_blocked, id=2144, stack(0x000000001b610000,0x000000001b710000)]
  0x0000000014f45000 JavaThread "Service Thread" daemon [_thread_blocked, id=3324, stack(0x0000000016760000,0x0000000016860000)]
  0x0000000013cef000 JavaThread "C1 CompilerThread3" daemon [_thread_blocked, id=4052, stack(0x0000000016660000,0x0000000016760000)]
  0x0000000013cee000 JavaThread "C2 CompilerThread2" daemon [_thread_blocked, id=3728, stack(0x0000000016560000,0x0000000016660000)]
  0x0000000013ceb000 JavaThread "C2 CompilerThread1" daemon [_thread_blocked, id=4572, stack(0x0000000016460000,0x0000000016560000)]
  0x0000000014ea9000 JavaThread "C2 CompilerThread0" daemon [_thread_blocked, id=3956, stack(0x0000000016360000,0x0000000016460000)]
  0x0000000014ea5000 JavaThread "Attach Listener" daemon [_thread_blocked, id=3200, stack(0x0000000016260000,0x0000000016360000)]
  0x0000000014ea3800 JavaThread "Signal Dispatcher" daemon [_thread_blocked, id=3376, stack(0x0000000016160000,0x0000000016260000)]
  0x0000000013cdc000 JavaThread "Finalizer" daemon [_thread_blocked, id=4144, stack(0x0000000015fa0000,0x00000000160a0000)]
  0x0000000013cd5000 JavaThread "Reference Handler" daemon [_thread_blocked, id=1172, stack(0x0000000015ea0000,0x0000000015fa0000)]
  0x00000000023d8000 JavaThread "main" [_thread_blocked, id=3648, stack(0x0000000000030000,0x0000000000130000)]

Other Threads:
=>0x0000000014e52800 VMThread [stack: 0x0000000015da0000,0x0000000015ea0000] [id=5004]

VM state:at safepoint (shutting down)

VM Mutex/Monitor currently owned by a thread:  ([mutex/lock_event])
[0x00000000022ce520] Threads_lock - owner thread: 0x0000000014e52800

Heap:
 PSYoungGen      total 146944K, used 11556K [0x00000000f5580000, 0x00000000fff00000, 0x0000000100000000)
  eden space 120832K, 3% used [0x00000000f5580000,0x00000000f5a23680,0x00000000fcb80000)
  from space 26112K, 26% used [0x00000000fcb80000,0x00000000fd225bf0,0x00000000fe500000)
  to   space 25088K, 0% used [0x00000000fe680000,0x00000000fe680000,0x00000000fff00000)
 ParOldGen       total 104448K, used 61537K [0x00000000e0000000, 0x00000000e6600000, 0x00000000f5580000)
  object space 104448K, 58% used [0x00000000e0000000,0x00000000e3c18770,0x00000000e6600000)
 Metaspace       used 86616K, capacity 94014K, committed 94296K, reserved 1130496K
  class space    used 10380K, capacity 12837K, committed 12928K, reserved 1048576K

Card table byte_map: [0x0000000011830000,0x0000000011940000] byte_map_base: 0x0000000011130000

Marking Bits: (ParMarkBitMap*) 0x000000007176a5b0
 Begin Bits: [0x00000000121f0000, 0x00000000129f0000)
 End Bits:   [0x00000000129f0000, 0x00000000131f0000)

Polling page: 0x0000000000320000

CodeCache: size=245760Kb used=38081Kb max_used=38284Kb free=207678Kb
 bounds [0x0000000002470000, 0x0000000004a20000, 0x0000000011470000]
 total_blobs=11091 nmethods=10190 adapters=808
 compilation: enabled

Compilation events (10 events):
Event: 497.886 Thread 0x0000000013cef000 12610       3       java.util.TimSort::mergeAt (358 bytes)
Event: 497.887 Thread 0x0000000013cef000 nmethod 12610 0x0000000003961f10 code [0x00000000039620e0, 0x0000000003962698]
Event: 497.887 Thread 0x0000000014ea9000 12621       4       org.eclipse.osgi.container.ModuleDatabase::readUnlock (11 bytes)
Event: 497.888 Thread 0x0000000013cef000 12611       3       org.eclipse.osgi.container.Module::holdsTransitionEventLock (25 bytes)
Event: 497.888 Thread 0x0000000013cef000 nmethod 12611 0x0000000003c53d90 code [0x0000000003c53f20, 0x0000000003c54648]
Event: 497.888 Thread 0x0000000013cef000 12619       3       org.eclipse.osgi.internal.framework.EquinoxContainerAdaptor::clearManifestCache (84 bytes)
Event: 497.889 Thread 0x0000000013cef000 nmethod 12619 0x0000000004868310 code [0x0000000004868560, 0x0000000004869c78]
Event: 497.889 Thread 0x0000000013cef000 12620   !   3       org.eclipse.osgi.storage.BundleInfo$Generation::clearManifestCache (30 bytes)
Event: 497.889 Thread 0x0000000013cef000 nmethod 12620 0x0000000004a10a90 code [0x0000000004a10c20, 0x0000000004a11268]
Event: 497.889 Thread 0x0000000013cef000 12612       3       org.eclipse.osgi.container.ModuleWiring::unload (6 bytes)

GC Heap History (10 events):
Event: 62.643 GC heap before
{Heap before GC invocations=17 (full 4):
 PSYoungGen      total 145408K, used 9916K [0x00000000f5580000, 0x0000000100000000, 0x0000000100000000)
  eden space 116224K, 0% used [0x00000000f5580000,0x00000000f5580000,0x00000000fc700000)
  from space 29184K, 33% used [0x00000000fc700000,0x00000000fd0af340,0x00000000fe380000)
  to   space 27648K, 0% used [0x00000000fe500000,0x00000000fe500000,0x0000000100000000)
 ParOldGen       total 104448K, used 84124K [0x00000000e0000000, 0x00000000e6600000, 0x00000000f5580000)
  object space 104448K, 80% used [0x00000000e0000000,0x00000000e5227118,0x00000000e6600000)
 Metaspace       used 79309K, capacity 86062K, committed 86360K, reserved 1124352K
  class space    used 9611K, capacity 11860K, committed 11904K, reserved 1048576K
Event: 62.881 GC heap after
Heap after GC invocations=17 (full 4):
 PSYoungGen      total 145408K, used 0K [0x00000000f5580000, 0x0000000100000000, 0x0000000100000000)
  eden space 116224K, 0% used [0x00000000f5580000,0x00000000f5580000,0x00000000fc700000)
  from space 29184K, 0% used [0x00000000fc700000,0x00000000fc700000,0x00000000fe380000)
  to   space 27648K, 0% used [0x00000000fe500000,0x00000000fe500000,0x0000000100000000)
 ParOldGen       total 104448K, used 61444K [0x00000000e0000000, 0x00000000e6600000, 0x00000000f5580000)
  object space 104448K, 58% used [0x00000000e0000000,0x00000000e3c01040,0x00000000e6600000)
 Metaspace       used 79309K, capacity 86062K, committed 86360K, reserved 1124352K
  class space    used 9611K, capacity 11860K, committed 11904K, reserved 1048576K
}
Event: 242.311 GC heap before
{Heap before GC invocations=18 (full 4):
 PSYoungGen      total 145408K, used 116224K [0x00000000f5580000, 0x0000000100000000, 0x0000000100000000)
  eden space 116224K, 100% used [0x00000000f5580000,0x00000000fc700000,0x00000000fc700000)
  from space 29184K, 0% used [0x00000000fc700000,0x00000000fc700000,0x00000000fe380000)
  to   space 27648K, 0% used [0x00000000fe500000,0x00000000fe500000,0x0000000100000000)
 ParOldGen       total 104448K, used 61444K [0x00000000e0000000, 0x00000000e6600000, 0x00000000f5580000)
  object space 104448K, 58% used [0x00000000e0000000,0x00000000e3c01040,0x00000000e6600000)
 Metaspace       used 82779K, capacity 90196K, committed 90328K, reserved 1126400K
  class space    used 10046K, capacity 12429K, committed 12544K, reserved 1048576K
Event: 242.318 GC heap after
Heap after GC invocations=18 (full 4):
 PSYoungGen      total 142848K, used 5877K [0x00000000f5580000, 0x00000000ffd80000, 0x0000000100000000)
  eden space 117760K, 0% used [0x00000000f5580000,0x00000000f5580000,0x00000000fc880000)
  from space 25088K, 23% used [0x00000000fe500000,0x00000000feabd548,0x00000000ffd80000)
  to   space 27136K, 0% used [0x00000000fc880000,0x00000000fc880000,0x00000000fe300000)
 ParOldGen       total 104448K, used 61452K [0x00000000e0000000, 0x00000000e6600000, 0x00000000f5580000)
  object space 104448K, 58% used [0x00000000e0000000,0x00000000e3c03040,0x00000000e6600000)
 Metaspace       used 82779K, capacity 90196K, committed 90328K, reserved 1126400K
  class space    used 10046K, capacity 12429K, committed 12544K, reserved 1048576K
}
Event: 343.784 GC heap before
{Heap before GC invocations=19 (full 4):
 PSYoungGen      total 142848K, used 123637K [0x00000000f5580000, 0x00000000ffd80000, 0x0000000100000000)
  eden space 117760K, 100% used [0x00000000f5580000,0x00000000fc880000,0x00000000fc880000)
  from space 25088K, 23% used [0x00000000fe500000,0x00000000feabd548,0x00000000ffd80000)
  to   space 27136K, 0% used [0x00000000fc880000,0x00000000fc880000,0x00000000fe300000)
 ParOldGen       total 104448K, used 61452K [0x00000000e0000000, 0x00000000e6600000, 0x00000000f5580000)
  object space 104448K, 58% used [0x00000000e0000000,0x00000000e3c03190,0x00000000e6600000)
 Metaspace       used 83804K, capacity 91354K, committed 91608K, reserved 1128448K
  class space    used 10093K, capacity 12470K, committed 12544K, reserved 1048576K
Event: 343.792 GC heap after
Heap after GC invocations=19 (full 4):
 PSYoungGen      total 144896K, used 5491K [0x00000000f5580000, 0x0000000100000000, 0x0000000100000000)
  eden space 117760K, 0% used [0x00000000f5580000,0x00000000f5580000,0x00000000fc880000)
  from space 27136K, 20% used [0x00000000fc880000,0x00000000fcddce40,0x00000000fe300000)
  to   space 26624K, 0% used [0x00000000fe600000,0x00000000fe600000,0x0000000100000000)
 ParOldGen       total 104448K, used 61460K [0x00000000e0000000, 0x00000000e6600000, 0x00000000f5580000)
  object space 104448K, 58% used [0x00000000e0000000,0x00000000e3c05190,0x00000000e6600000)
 Metaspace       used 83804K, capacity 91354K, committed 91608K, reserved 1128448K
  class space    used 10093K, capacity 12470K, committed 12544K, reserved 1048576K
}
Event: 429.969 GC heap before
{Heap before GC invocations=20 (full 4):
 PSYoungGen      total 144896K, used 123251K [0x00000000f5580000, 0x0000000100000000, 0x0000000100000000)
  eden space 117760K, 100% used [0x00000000f5580000,0x00000000fc880000,0x00000000fc880000)
  from space 27136K, 20% used [0x00000000fc880000,0x00000000fcddce40,0x00000000fe300000)
  to   space 26624K, 0% used [0x00000000fe600000,0x00000000fe600000,0x0000000100000000)
 ParOldGen       total 104448K, used 61521K [0x00000000e0000000, 0x00000000e6600000, 0x00000000f5580000)
  object space 104448K, 58% used [0x00000000e0000000,0x00000000e3c14770,0x00000000e6600000)
 Metaspace       used 84280K, capacity 91636K, committed 91864K, reserved 1128448K
  class space    used 10098K, capacity 12476K, committed 12544K, reserved 1048576K
Event: 429.976 GC heap after
Heap after GC invocations=20 (full 4):
 PSYoungGen      total 145920K, used 5294K [0x00000000f5580000, 0x00000000ffe80000, 0x0000000100000000)
  eden space 120832K, 0% used [0x00000000f5580000,0x00000000f5580000,0x00000000fcb80000)
  from space 25088K, 21% used [0x00000000fe600000,0x00000000feb2b910,0x00000000ffe80000)
  to   space 26112K, 0% used [0x00000000fcb80000,0x00000000fcb80000,0x00000000fe500000)
 ParOldGen       total 104448K, used 61529K [0x00000000e0000000, 0x00000000e6600000, 0x00000000f5580000)
  object space 104448K, 58% used [0x00000000e0000000,0x00000000e3c16770,0x00000000e6600000)
 Metaspace       used 84280K, capacity 91636K, committed 91864K, reserved 1128448K
  class space    used 10098K, capacity 12476K, committed 12544K, reserved 1048576K
}
Event: 497.849 GC heap before
{Heap before GC invocations=21 (full 4):
 PSYoungGen      total 145920K, used 126126K [0x00000000f5580000, 0x00000000ffe80000, 0x0000000100000000)
  eden space 120832K, 100% used [0x00000000f5580000,0x00000000fcb80000,0x00000000fcb80000)
  from space 25088K, 21% used [0x00000000fe600000,0x00000000feb2b910,0x00000000ffe80000)
  to   space 26112K, 0% used [0x00000000fcb80000,0x00000000fcb80000,0x00000000fe500000)
 ParOldGen       total 104448K, used 61529K [0x00000000e0000000, 0x00000000e6600000, 0x00000000f5580000)
  object space 104448K, 58% used [0x00000000e0000000,0x00000000e3c16770,0x00000000e6600000)
 Metaspace       used 86555K, capacity 94014K, committed 94296K, reserved 1130496K
  class space    used 10375K, capacity 12837K, committed 12928K, reserved 1048576K
Event: 497.857 GC heap after
Heap after GC invocations=21 (full 4):
 PSYoungGen      total 146944K, used 6806K [0x00000000f5580000, 0x00000000fff00000, 0x0000000100000000)
  eden space 120832K, 0% used [0x00000000f5580000,0x00000000f5580000,0x00000000fcb80000)
  from space 26112K, 26% used [0x00000000fcb80000,0x00000000fd225bf0,0x00000000fe500000)
  to   space 25088K, 0% used [0x00000000fe680000,0x00000000fe680000,0x00000000fff00000)
 ParOldGen       total 104448K, used 61537K [0x00000000e0000000, 0x00000000e6600000, 0x00000000f5580000)
  object space 104448K, 58% used [0x00000000e0000000,0x00000000e3c18770,0x00000000e6600000)
 Metaspace       used 86555K, capacity 94014K, committed 94296K, reserved 1130496K
  class space    used 10375K, capacity 12837K, committed 12928K, reserved 1048576K
}

Deoptimization events (10 events):
Event: 497.285 Thread 0x00000000183cd000 Uncommon trap: reason=unstable_if action=reinterpret pc=0x0000000002aca464 method=org.eclipse.swt.graphics.Resource.dispose()V @ 15
Event: 497.310 Thread 0x0000000016ab2000 Uncommon trap: reason=predicate action=maybe_recompile pc=0x00000000036301dc method=java.util.Arrays.fill([Ljava/lang/Object;Ljava/lang/Object;)V @ 10
Event: 497.827 Thread 0x00000000183cd000 Uncommon trap: reason=unstable_if action=reinterpret pc=0x00000000034badac method=org.eclipse.osgi.internal.hooks.EclipseLazyStarter.shouldActivateFor(Ljava/lang/String;Lorg/eclipse/osgi/container/Module;Lorg/eclipse/osgi/container/ModuleRevision;Lorg/ecliVû\ÈC@
Event: 497.829 Thread 0x0000000016ab2000 Uncommon trap: reason=unstable_if action=reinterpret pc=0x000000000341eb24 method=org.eclipse.osgi.internal.framework.BundleContextImpl.dispatchEvent(Ljava/lang/Object;Ljava/lang/Object;ILjava/lang/Object;)V @ 16
Event: 497.838 Thread 0x00000000183cd000 Uncommon trap: reason=null_check action=maybe_recompile pc=0x0000000003c7c784 method=com.xilinx.sdk.targetmanager.internal.json.XMDJSONProcess.issueCommand(Ljava/lang/String;)Lcom/xilinx/sdk/targetmanager/internal/IXMDResult; @ 3
Event: 497.841 Thread 0x00000000183cd000 Uncommon trap: reason=bimorphic action=maybe_recompile pc=0x0000000003deea1c method=org.eclipse.core.internal.dtree.AbstractDataTreeNode.assembleWith([Lorg/eclipse/core/internal/dtree/AbstractDataTreeNode;[Lorg/eclipse/core/internal/dtree/AbstractDataTreeNy s@
Event: 497.841 Thread 0x00000000183cd000 Uncommon trap: reason=bimorphic action=maybe_recompile pc=0x0000000003deea1c method=org.eclipse.core.internal.dtree.AbstractDataTreeNode.assembleWith([Lorg/eclipse/core/internal/dtree/AbstractDataTreeNode;[Lorg/eclipse/core/internal/dtree/AbstractDataTreeN,ßH‹s@
Event: 497.841 Thread 0x00000000183cd000 Uncommon trap: reason=bimorphic action=maybe_recompile pc=0x0000000003deea1c method=org.eclipse.core.internal.dtree.AbstractDataTreeNode.assembleWith([Lorg/eclipse/core/internal/dtree/AbstractDataTreeNode;[Lorg/eclipse/core/internal/dtree/AbstractDataTreeN<o¿•s@
Event: 497.841 Thread 0x00000000183cd000 Uncommon trap: reason=bimorphic action=maybe_recompile pc=0x0000000003deea1c method=org.eclipse.core.internal.dtree.AbstractDataTreeNode.assembleWith([Lorg/eclipse/core/internal/dtree/AbstractDataTreeNode;[Lorg/eclipse/core/internal/dtree/AbstractDataTreeNµÕ!@
Event: 497.883 Thread 0x00000000183cd000 Uncommon trap: reason=unstable_if action=reinterpret pc=0x000000000373f154 method=sun.reflect.UnsafeStaticObjectFieldAccessorImpl.set(Ljava/lang/Object;Ljava/lang/Object;)V @ 13

Internal exceptions (10 events):
Event: 476.043 Thread 0x00000000023d8000 Implicit null exception at 0x00000000041d2e9b to 0x00000000041d97c5
Event: 496.369 Thread 0x00000000023d8000 Implicit null exception at 0x0000000003293e70 to 0x0000000003293ec9
Event: 497.253 Thread 0x0000000020cd1000 Exception <a 'java/lang/InterruptedException'> (0x00000000fc892680) thrown at [C:\re\workspace\8-2-build-windows-amd64-cygwin\jdk8u66\5298\hotspot\src\share\vm\runtime\objectMonitor.cpp, line 1683]
Event: 497.838 Thread 0x00000000183cd000 Implicit null exception at 0x0000000003c7a7e7 to 0x0000000003c7c775
Event: 497.838 Thread 0x00000000183cd000 Exception <a 'java/lang/NullPointerException'> (0x00000000fcb152d8) thrown at [C:\re\workspace\8-2-build-windows-amd64-cygwin\jdk8u66\5298\hotspot\src\share\vm\prims\jvm.cpp, line 1390]
Event: 497.868 Thread 0x0000000019523800 Exception <a 'java/lang/InterruptedException'> (0x00000000f5664768) thrown at [C:\re\workspace\8-2-build-windows-amd64-cygwin\jdk8u66\5298\hotspot\src\share\vm\runtime\objectMonitor.cpp, line 1683]
Event: 497.883 Thread 0x00000000183cd000 Implicit null exception at 0x000000000373ee53 to 0x000000000373f141
Event: 497.884 Thread 0x0000000016ab2000 Exception <a 'java/lang/InterruptedException'> (0x00000000f55fdf60) thrown at [C:\re\workspace\8-2-build-windows-amd64-cygwin\jdk8u66\5298\hotspot\src\share\vm\runtime\objectMonitor.cpp, line 1683]
Event: 497.886 Thread 0x0000000019524800 Exception <a 'java/lang/InterruptedException'> (0x00000000f55dec18) thrown at [C:\re\workspace\8-2-build-windows-amd64-cygwin\jdk8u66\5298\hotspot\src\share\vm\runtime\objectMonitor.cpp, line 1683]
Event: 497.886 Thread 0x0000000017761000 Exception <a 'java/lang/InterruptedException'> (0x00000000f5871e00) thrown at [C:\re\workspace\8-2-build-windows-amd64-cygwin\jdk8u66\5298\hotspot\src\share\vm\runtime\objectMonitor.cpp, line 1683]

Events (10 events):
Event: 497.887 Thread 0x0000000013cef000 flushing nmethod 0x0000000004821e10
Event: 497.887 Thread 0x0000000013cef000 flushing nmethod 0x0000000004868050
Event: 497.888 Thread 0x00000000183cd000 Thread exited: 0x00000000183cd000
Event: 497.888 loading class java/util/IdentityHashMap$KeyIterator
Event: 497.888 loading class java/util/IdentityHashMap$IdentityHashMapIterator
Event: 497.888 loading class java/util/IdentityHashMap$IdentityHashMapIterator done
Event: 497.888 loading class java/util/IdentityHashMap$KeyIterator done
Event: 497.888 Thread 0x00000000183cd000 Thread added: 0x00000000183cd000
Event: 497.889 Thread 0x00000000183cd000 Thread exited: 0x00000000183cd000
Event: 497.889 Executing VM operation: Exit


Dynamic libraries:
0x0000000000400000 - 0x000000000044f000 	C:\Xilinx\SDK\2016.2\eclipse\win64.o\eclipse.exe
0x0000000077b10000 - 0x0000000077cba000 	C:\Windows\SYSTEM32\ntdll.dll
0x00000000778f0000 - 0x0000000077a0f000 	C:\Windows\system32\kernel32.dll
0x000007fefdba0000 - 0x000007fefdc0a000 	C:\Windows\system32\KERNELBASE.dll
0x0000000077a10000 - 0x0000000077b0a000 	C:\Windows\system32\USER32.dll
0x000007feff5c0000 - 0x000007feff627000 	C:\Windows\system32\GDI32.dll
0x000007fefe1d0000 - 0x000007fefe1de000 	C:\Windows\system32\LPK.dll
0x000007fefddd0000 - 0x000007fefde9a000 	C:\Windows\system32\USP10.dll
0x000007fefdc10000 - 0x000007fefdcaf000 	C:\Windows\system32\msvcrt.dll
0x000007fefc160000 - 0x000007fefc354000 	C:\Windows\WinSxS\amd64_microsoft.windows.common-controls_6595b64144ccf1df_6.0.7601.18837_none_fa3b1e3d17594757\COMCTL32.dll
0x000007fefdf40000 - 0x000007fefdfb1000 	C:\Windows\system32\SHLWAPI.dll
0x000007fefdd80000 - 0x000007fefddae000 	C:\Windows\system32\IMM32.DLL
0x000007feff3c0000 - 0x000007feff4c9000 	C:\Windows\system32\MSCTF.dll
0x0000000072000000 - 0x0000000072012000 	C:\Xilinx\SDK\2016.2\eclipse\win64.o\plugins\org.eclipse.equinox.launcher.win32.win32.x86_64_1.1.300.v20150602-1417\eclipse_1611.dll
0x000007fefe1e0000 - 0x000007fefe2bb000 	C:\Windows\system32\ADVAPI32.dll
0x000007fefddb0000 - 0x000007fefddcf000 	C:\Windows\SYSTEM32\sechost.dll
0x000007feffa20000 - 0x000007feffb4d000 	C:\Windows\system32\RPCRT4.dll
0x000007fefc8e0000 - 0x000007fefc8ec000 	C:\Windows\system32\VERSION.dll
0x000007fefc100000 - 0x000007fefc156000 	C:\Windows\system32\UxTheme.dll
0x0000000070f60000 - 0x00000000717e9000 	C:\Xilinx\SDK\2016.2\tps\win64\jre\bin\server\jvm.dll
0x000007fefb990000 - 0x000007fefb999000 	C:\Windows\system32\WSOCK32.dll
0x000007fefdcb0000 - 0x000007fefdcfd000 	C:\Windows\system32\WS2_32.dll
0x000007feff4d0000 - 0x000007feff4d8000 	C:\Windows\system32\NSI.dll
0x000007fefb0a0000 - 0x000007fefb0db000 	C:\Windows\system32\WINMM.dll
0x0000000077ce0000 - 0x0000000077ce7000 	C:\Windows\system32\PSAPI.DLL
0x0000000072d40000 - 0x0000000072e12000 	C:\Windows\system32\MSVCR100.dll
0x0000000073250000 - 0x000000007325f000 	C:\Xilinx\SDK\2016.2\tps\win64\jre\bin\verify.dll
0x0000000073220000 - 0x0000000073249000 	C:\Xilinx\SDK\2016.2\tps\win64\jre\bin\java.dll
0x00000000729a0000 - 0x00000000729b6000 	C:\Xilinx\SDK\2016.2\tps\win64\jre\bin\zip.dll
0x000007fefe590000 - 0x000007feff319000 	C:\Windows\system32\SHELL32.dll
0x000007fefdfc0000 - 0x000007fefe1c3000 	C:\Windows\system32\ole32.dll
0x000007fefd860000 - 0x000007fefd86f000 	C:\Windows\system32\profapi.dll
0x000007fefd050000 - 0x000007fefd068000 	C:\Windows\system32\CRYPTSP.dll
0x000007fefcd50000 - 0x000007fefcd97000 	C:\Windows\system32\rsaenh.dll
0x000007fefd9c0000 - 0x000007fefd9de000 	C:\Windows\system32\USERENV.dll
0x000007fefd6f0000 - 0x000007fefd6ff000 	C:\Windows\system32\CRYPTBASE.dll
0x0000000072980000 - 0x000000007299a000 	C:\Xilinx\SDK\2016.2\tps\win64\jre\bin\net.dll
0x000007fefcff0000 - 0x000007fefd045000 	C:\Windows\system32\mswsock.dll
0x000007fefcfe0000 - 0x000007fefcfe7000 	C:\Windows\System32\wship6.dll
0x000007fefab60000 - 0x000007fefab87000 	C:\Windows\system32\IPHLPAPI.DLL
0x000007fefab50000 - 0x000007fefab5b000 	C:\Windows\system32\WINNSI.DLL
0x000007fefa730000 - 0x000007fefa741000 	C:\Windows\system32\dhcpcsvc6.DLL
0x000007fefa710000 - 0x000007fefa728000 	C:\Windows\system32\dhcpcsvc.DLL
0x0000000072960000 - 0x0000000072971000 	C:\Xilinx\SDK\2016.2\tps\win64\jre\bin\nio.dll
0x000007fefadf0000 - 0x000007fefae05000 	C:\Windows\system32\NLAapi.dll
0x000007fef8fb0000 - 0x000007fef8fc5000 	C:\Windows\system32\napinsp.dll
0x000007fef8fd0000 - 0x000007fef8fe9000 	C:\Windows\system32\pnrpnsp.dll
0x000007fefce70000 - 0x000007fefcecb000 	C:\Windows\system32\DNSAPI.dll
0x000007fef8fa0000 - 0x000007fef8fab000 	C:\Windows\System32\winrnr.dll
0x000007fefc9b0000 - 0x000007fefc9b7000 	C:\Windows\System32\wshtcpip.dll
0x000007fef9520000 - 0x000007fef9528000 	C:\Windows\system32\rasadhlp.dll
0x000007fefa7c0000 - 0x000007fefa813000 	C:\Windows\System32\fwpuclnt.dll
0x0000000018660000 - 0x0000000018708000 	C:\Users\wanxing1\.Xilinx\SDK\2016.2\org.eclipse.osgi\312\0\.cp\swt-win32-4527.dll
0x000007feff4e0000 - 0x000007feff5b8000 	C:\Windows\system32\OLEAUT32.dll
0x000007fefdea0000 - 0x000007fefdf37000 	C:\Windows\system32\comdlg32.dll
0x000007fef62b0000 - 0x000007fef6321000 	C:\Windows\system32\WINSPOOL.DRV
0x000007fefe2c0000 - 0x000007fefe585000 	C:\Windows\system32\WININET.dll
0x000007fefd8c0000 - 0x000007fefd8c4000 	C:\Windows\system32\api-ms-win-downlevel-user32-l1-1-0.dll
0x000007fefdb70000 - 0x000007fefdb74000 	C:\Windows\system32\api-ms-win-downlevel-shlwapi-l1-1-0.dll
0x000007fefd8b0000 - 0x000007fefd8b4000 	C:\Windows\system32\api-ms-win-downlevel-version-l1-1-0.dll
0x000007fefdb90000 - 0x000007fefdb93000 	C:\Windows\system32\api-ms-win-downlevel-normaliz-l1-1-0.dll
0x0000000077cd0000 - 0x0000000077cd3000 	C:\Windows\system32\normaliz.DLL
0x000007feffb50000 - 0x000007feffe19000 	C:\Windows\system32\iertutil.dll
0x000007fefd9b0000 - 0x000007fefd9b5000 	C:\Windows\system32\api-ms-win-downlevel-advapi32-l1-1-0.dll
0x000007fefda00000 - 0x000007fefdb6d000 	C:\Windows\system32\CRYPT32.dll
0x000007fefd850000 - 0x000007fefd85f000 	C:\Windows\system32\MSASN1.dll
0x000007fefbbd0000 - 0x000007fefbcfc000 	C:\Windows\system32\propsys.dll
0x000007feff320000 - 0x000007feff3b9000 	C:\Windows\system32\CLBCatQ.DLL
0x00000000022a0000 - 0x00000000022be000 	C:\Users\wanxing1\.Xilinx\SDK\2016.2\org.eclipse.osgi\312\0\.cp\swt-gdip-win32-4527.dll
0x000007fefbee0000 - 0x000007fefc0f6000 	C:\Windows\WinSxS\amd64_microsoft.windows.gdiplus_6595b64144ccf1df_1.1.7601.23508_none_145555328b95eaaa\gdiplus.dll
0x000007fefba00000 - 0x000007fefbb61000 	C:\Windows\system32\WindowsCodecs.dll
0x0000000180000000 - 0x0000000180012000 	C:\Users\wanxing1\.Xilinx\SDK\2016.2\org.eclipse.osgi\126\0\.cp\os\win32\x86_64\localfile_1_0_0.dll
0x000007fef9990000 - 0x000007fef99e4000 	C:\Windows\system32\oleacc.dll
0x000007fef5090000 - 0x000007fef5097000 	C:\Windows\system32\msimg32.dll
0x000007fefd7a0000 - 0x000007fefd7b4000 	C:\Windows\system32\RpcRtRemote.dll
0x000007fefab90000 - 0x000007fefaba1000 	C:\Users\wanxing1\.Xilinx\SDK\2016.2\org.eclipse.osgi\129\0\.cp\jWinHttp-1.0.0.dll
0x000007fef9080000 - 0x000007fef90f1000 	C:\Windows\system32\WINHTTP.dll
0x000007fef8ff0000 - 0x000007fef9054000 	C:\Windows\system32\webio.dll
0x000007fefd660000 - 0x000007fefd685000 	C:\Windows\system32\SspiCli.dll
0x000007fefcc10000 - 0x000007fefcc1a000 	C:\Windows\system32\credssp.dll
0x000007fefd870000 - 0x000007fefd8a6000 	C:\Windows\system32\CFGMGR32.dll
0x000007fefd690000 - 0x000007fefd6e7000 	C:\Windows\system32\apphelp.dll
0x000007fefb9a0000 - 0x000007fefb9af000 	C:\Xilinx\SDK\2016.2\lib\win64.o\librdi_repo_manager.dll
0x000007fefa430000 - 0x000007fefa45a000 	C:\Xilinx\SDK\2016.2\lib\win64.o\libisl_sysinfo.dll
0x000007feeb670000 - 0x000007feeb744000 	C:\Windows\system32\MSVCR110.dll
0x000007feeb750000 - 0x000007feeb7f7000 	C:\Windows\system32\MSVCP110.dll
0x000007fec3290000 - 0x000007fec3cd0000 	C:\Xilinx\SDK\2016.2\lib\win64.o\librdi_common.dll
0x000007feeca30000 - 0x000007feecd9e000 	C:\Xilinx\SDK\2016.2\lib\win64.o\libCOIN-all.dll
0x000007fec4840000 - 0x000007fec4a5f000 	C:\Xilinx\SDK\2016.2\lib\win64.o\libXil_lmgr11.dll
0x000007fefb8c0000 - 0x000007fefb8d6000 	C:\Windows\system32\NETAPI32.dll
0x000007fefcc80000 - 0x000007fefcc8c000 	C:\Windows\system32\netutils.dll
0x000007fefd3b0000 - 0x000007fefd3d3000 	C:\Windows\system32\srvcli.dll
0x000007fefb8a0000 - 0x000007fefb8b5000 	C:\Windows\system32\wkscli.dll
0x000007fefd970000 - 0x000007fefd9ab000 	C:\Windows\system32\WINTRUST.dll
0x000007fefa420000 - 0x000007fefa430000 	C:\Xilinx\SDK\2016.2\lib\win64.o\libboost_date_time.dll
0x000007fefa290000 - 0x000007fefa2b4000 	C:\Xilinx\SDK\2016.2\lib\win64.o\libboost_filesystem.dll
0x000007fefa360000 - 0x000007fefa369000 	C:\Xilinx\SDK\2016.2\lib\win64.o\libboost_system.dll
0x000007fef53f0000 - 0x000007fef5467000 	C:\Xilinx\SDK\2016.2\lib\win64.o\libboost_program_options.dll
0x000007fef52e0000 - 0x000007fef53e6000 	C:\Xilinx\SDK\2016.2\lib\win64.o\libboost_regex.dll
0x000007fefa340000 - 0x000007fefa353000 	C:\Xilinx\SDK\2016.2\lib\win64.o\libboost_signals.dll
0x000007fefa270000 - 0x000007fefa28d000 	C:\Xilinx\SDK\2016.2\lib\win64.o\libboost_thread.dll
0x000007fefa260000 - 0x000007fefa26b000 	C:\Xilinx\SDK\2016.2\lib\win64.o\libboost_chrono.dll
0x000007fefa250000 - 0x000007fefa25b000 	C:\Xilinx\SDK\2016.2\lib\win64.o\libboost_xilinx.dll
0x000007fef58a0000 - 0x000007fef5920000 	C:\Xilinx\SDK\2016.2\lib\win64.o\libhdlpsolve.dll
0x000007fec47a0000 - 0x000007fec483a000 	C:\Xilinx\SDK\2016.2\lib\win64.o\libhdxml.dll
0x000007fec2e20000 - 0x000007fec3285e00 	C:\Xilinx\SDK\2016.2\lib\win64.o\libisl_iostreams.dll
0x000007fefa230000 - 0x000007fefa246000 	C:\Xilinx\SDK\2016.2\lib\win64.o\libboost_iostreams.dll
0x000007fef9610000 - 0x000007fef9633000 	C:\Xilinx\SDK\2016.2\lib\win64.o\librdizlib.dll
0x000007fef95e0000 - 0x000007fef9603000 	C:\Xilinx\SDK\2016.2\lib\win64.o\libisl_iosutils.dll
0x000007fef7e50000 - 0x000007fef7e65000 	C:\Xilinx\SDK\2016.2\lib\win64.o\pthreadVC2.dll
0x000007fef5b20000 - 0x000007fef5b74000 	C:\Xilinx\SDK\2016.2\lib\win64.o\librdi_commonxillic.dll
0x000007fec4670000 - 0x000007fec47a0000 	C:\Xilinx\SDK\2016.2\lib\win64.o\librdi_curl.dll
0x000007fefa1d0000 - 0x000007fefa1e8000 	C:\Xilinx\SDK\2016.2\lib\win64.o\librdiconfig.dll
0x0000000066000000 - 0x0000000066127000 	C:\Xilinx\SDK\2016.2\lib\win64.o\tcl85t.dll
0x00000000257e0000 - 0x0000000025a43000 	C:\Xilinx\SDK\2016.2\lib\win64.o\xerces-c_3_1.dll
0x000007feff6b0000 - 0x000007feff836000 	C:\Windows\system32\urlmon.dll
0x000007fefdb80000 - 0x000007fefdb84000 	C:\Windows\system32\api-ms-win-downlevel-ole32-l1-1-0.dll
0x000007fee9a10000 - 0x000007fee9a33000 	C:\Windows\system32\VCOMP110.DLL
0x000007fec4170000 - 0x000007fec4362000 	C:\Xilinx\SDK\2016.2\lib\win64.o\librdi_hsm.dll
0x000007fef4300000 - 0x000007fef4343000 	C:\Xilinx\SDK\2016.2\lib\win64.o\librdi_hdf.dll
0x000007fec2b90000 - 0x000007fec2e11000 	C:\Xilinx\SDK\2016.2\lib\win64.o\librdi_ippcw.dll
0x000007fef52c0000 - 0x000007fef52d6000 	C:\Xilinx\SDK\2016.2\eclipse\win64.o\plugins\org.eclipse.cdt.core.win32.x86_64_5.4.0.201509131935\os\win32\x86_64\spawner.dll
0x000007fefa220000 - 0x000007fefa22a000 	C:\Xilinx\SDK\2016.2\lib\win64.o\librdi_jtag_settings.dll
0x000007feeced0000 - 0x000007feecef9000 	C:\Xilinx\SDK\2016.2\lib\win64.o\librdi_debug_dialog.dll
0x000007fef9c20000 - 0x000007fef9c28000 	C:\Xilinx\SDK\2016.2\lib\win64.o\librdi_target_manager.dll
0x0000000021fd0000 - 0x0000000021ff6000 	C:\Xilinx\SDK\2016.2\eclipse\win64.o\plugins\gnu.io.rxtx.win32.x86_64_2.1.7.3_v20071015\os\win32\x86_64\rxtxSerial.dll
0x0000000021f40000 - 0x0000000021f65000 	C:\Users\wanxing1\.jssc\windows\jSSC-2.8_x86_64.dll
0x000007feb8340000 - 0x000007feb8b50000 	C:\Xilinx\SDK\2016.2\lib\win64.o\libXil_lmgr11FNP.dll

VM Arguments:
jvm_args: -Dcom.xilinx.sdk.args.hwspec=W:/video_demo/NexysVideo-master/Projects/hdmi/proj/hdmi.sdk/hdmi_wrapper.hdf -Xms64m -Xmx512m & 
java_command: <unknown>
java_class_path (initial): C:\Xilinx\SDK\2016.2\eclipse\win64.o\\plugins/org.eclipse.equinox.launcher_1.3.100.v20150511-1540.jar
Launcher Type: generic

Environment Variables:
PATH=C:/Xilinx/SDK/2016.2/tps/win64/jre/bin/server;C:/Xilinx/SDK/2016.2/tps/win64/jre/bin;C:/Xilinx/SDK/2016.2/tps/win64/jre/lib/amd64;C:\Xilinx\SDK\2016.2\gnuwin\bin;C:\Xilinx\SDK\2016.2\gnu\microblaze\nt\bin;C:\Xilinx\SDK\2016.2\gnu\microblaze\linux_toolchain\nt64_le\bin;C:\Xilinx\SDK\2016.2\gnu\microblaze\linux_toolchain\nt64_be\bin;C:\Xilinx\SDK\2016.2\gnu\arm\nt\bin;C:\Xilinx\SDK\2016.2\gnu\aarch64\nt\aarch64-none\bin;C:\Xilinx\SDK\2016.2\gnu\aarch64\nt\aarch64-linux\bin;C:\Xilinx\SDK\2016.2\gnu\armr5\nt\gcc-arm-none-eabi\bin;C:\Xilinx\SDK\2016.2\gnu\aarch32\nt\gcc-arm-none-eabi\bin;C:\Xilinx\SDK\2016.2\gnu\aarch32\nt\gcc-arm-linux-gnueabi\bin;C:\Xilinx\SDK\2016.2\tps\win64\cmake-3.3.2\bin;;C:\Xilinx\SDK\2016.2\bin;C:\Xilinx\SDK\2016.2\lib\win64.o;C:\Xilinx\SDK\2016.2\tps\win64\jre\bin\server;C:\Xilinx\SDK\2016.2\tps\win64\jre\bin;C:\Xilinx\Vivado\2016.2\ids_lite\ISE\bin\nt64;C:\Xilinx\Vivado\2016.2\ids_lite\ISE\lib\nt64;C:\Xilinx\Vivado\2016.2\bin;C:\Xilinx\Vivado\2016.2\lib\win64.o;C:\Xilinx\Vivado\2016.2\tps\win64\jre\bin\server;C:\Xilinx\Vivado\2016.2\tps\win64\jre\bin;C:\Xilinx\Vivado_HLS\2016.2\bin;C:\Windows\system32;C:\Windows;C:\Windows\System32\Wbem;C:\Windows\System32\WindowsPowerShell\v1.0\;C:\Program Files (x86)\Java\jre6\bin;C:\Program Files (x86)\eclipse;C:\altera\16.0\quartus\bin64;c:\altera\16.0\quartus\bin64\jre64\bin;W:\video_demo\NexysVideo-master\Projects\hdmi\proj;
USERNAME=wanxing1
OS=Windows_NT
PROCESSOR_IDENTIFIER=Intel64 Family 6 Model 60 Stepping 3, GenuineIntel



---------------  S Y S T E M  ---------------

OS: Windows 7 , 64 bit Build 7601 (6.1.7601.23418)

CPU:total 8 (4 cores per cpu, 2 threads per core) family 6 model 60 stepping 3, cmov, cx8, fxsr, mmx, sse, sse2, sse3, ssse3, sse4.1, sse4.2, popcnt, avx, avx2, aes, clmul, erms, lzcnt, ht, tsc, tscinvbit, bmi1, bmi2

Memory: 4k page, physical 16683160k(12638720k free), swap 33364460k(28897256k free)

vm_info: Java HotSpot(TM) 64-Bit Server VM (25.66-b18) for windows-amd64 JRE (1.8.0_66-b18), built on Nov  9 2015 10:51:13 by "java_re" with MS VC++ 10.0 (VS2010)

time: Wed Feb 15 11:08:48 2017
elapsed time: 498 seconds (0d 0h 8m 18s)

