#
# A fatal error has been detected by the Java Runtime Environment:
#
#  Internal Error (0xc000000d), pid=4100, tid=3960
#
# JRE version: Java(TM) SE Runtime Environment (8.0_66-b18) (build 1.8.0_66-b18)
# Java VM: Java HotSpot(TM) 64-Bit Server VM (25.66-b18 mixed mode windows-amd64 compressed oops)
# Problematic frame:
# C  [ntdll.dll+0x96b4f]
#
# Failed to write core dump. Minidumps are not enabled by default on client versions of Windows
#
# If you would like to submit a bug report, please visit:
#   http://bugreport.java.com/bugreport/crash.jsp
#

---------------  T H R E A D  ---------------

Current thread (0x0000000015012800):  VMThread [stack: 0x0000000015f60000,0x0000000016060000] [id=3960]

siginfo: ExceptionCode=0xc000000d

Registers:
RAX=0x000000006228a905, RBX=0x0000000000000000, RCX=0x000000001605ed10, RDX=0x0000000000000000
RSP=0x000000001605f320, RBP=0x0000000017494390, RSI=0x000007feeba47408, RDI=0x000000001605f468
R8 =0x0000000000000000, R9 =0x0000000000000000, R10=0x0000000000000000, R11=0x0000000000000246
R12=0x0000000000342700, R13=0x00000000003426d0, R14=0x0000000017494498, R15=0x0000000000000000
RIP=0x00000000773d6b4f, EFLAGS=0x0000000000000206

Top of Stack: (sp=0x000000001605f320)
0x000000001605f320:   0000000000000000 000007feeba47408
0x000000001605f330:   000000001605f468 0000000000000000
0x000000001605f340:   0000000000000050 0000000000260000
0x000000001605f350:   0000000000000000 0000000000000000
0x000000001605f360:   0000000000000002 000000007738db18
0x000000001605f370:   00000000c000000d 0000000000000000
0x000000001605f380:   00000000773d6b4f 0000000000000000
0x000000001605f390:   0000000000000000 0000000000000000
0x000000001605f3a0:   0000000000000000 0000000000000000
0x000000001605f3b0:   0000000000000000 0000000000000000
0x000000001605f3c0:   0000000000000000 0000000000000000
0x000000001605f3d0:   0000000000000000 0000000000000000
0x000000001605f3e0:   0000000000000000 0000000000000000
0x000000001605f3f0:   0000000000000000 0000000000000000
0x000000001605f400:   0000000000000000 0000000000342700
0x000000001605f410:   00000000000009a8 0000000077263458 

Instructions: (pc=0x00000000773d6b4f)
0x00000000773d6b2f:   cd 6b fb ff b9 57 00 00 00 c7 44 24 50 0d 00 00
0x00000000773d6b3f:   c0 e8 bb 6e fb ff 48 8d 4c 24 50 e8 31 1d f8 ff
0x00000000773d6b4f:   4c 8b 1d 82 68 09 00 4d 85 db 74 5b 65 48 8b 04
0x00000000773d6b5f:   25 30 00 00 00 f6 80 ee 17 00 00 08 74 12 65 48 


Register to memory mapping:

RAX=0x000000006228a905 is an unknown value
RBX=0x0000000000000000 is an unknown value
RCX=0x000000001605ed10 is an unknown value
RDX=0x0000000000000000 is an unknown value
RSP=0x000000001605f320 is an unknown value
RBP=0x0000000017494390 is an unknown value
RSI=0x000007feeba47408 is an unknown value
RDI=0x000000001605f468 is an unknown value
R8 =0x0000000000000000 is an unknown value
R9 =0x0000000000000000 is an unknown value
R10=0x0000000000000000 is an unknown value
R11=0x0000000000000246 is an unknown value
R12=0x0000000000342700 is an unknown value
R13=0x00000000003426d0 is an unknown value
R14=0x0000000017494498 is an unknown value
R15=0x0000000000000000 is an unknown value


Stack: [0x0000000015f60000,0x0000000016060000],  sp=0x000000001605f320,  free space=1020k
Native frames: (J=compiled Java code, j=interpreted, Vv=VM code, C=native code)
C  [ntdll.dll+0x96b4f]
C  [kernel32.dll+0x43458]
C  [MSVCR110.dll+0x752d]
C  [MSVCR110.dll+0x73c6]
C  [MSVCR110.dll+0x14cca]
C  [MSVCR110.dll+0x13edc]
C  [MSVCR110.dll+0x239e]
C  [MSVCR110.dll+0xaf9e]
C  [MSVCP110.dll+0x397b9]
C  [librdi_common.dll+0x182316]
C  [librdi_common.dll+0x180fab]
C  [librdi_target_manager.dll+0x2400]
C  [librdi_target_manager.dll+0x2682]
C  [ntdll.dll+0x229b1]
C  [ntdll.dll+0x227c0]
C  [MSVCR100.dll+0x20ccd]
V  [jvm.dll+0x210cc5]
V  [jvm.dll+0x249897]
V  [jvm.dll+0x248b36]
V  [jvm.dll+0x248fd1]
V  [jvm.dll+0x2491ee]
V  [jvm.dll+0x29a0fa]
C  [MSVCR100.dll+0x21d9f]
C  [MSVCR100.dll+0x21e3b]
C  [kernel32.dll+0x159bd]
C  [ntdll.dll+0x2a2e1]

VM_Operation (0x000000000012f4c0): Exit, mode: safepoint, requested by thread 0x0000000002648000


---------------  P R O C E S S  ---------------

Java Threads: ( => current thread )
  0x000000001dbce800 JavaThread "pool-2-thread-1" [_thread_blocked, id=4392, stack(0x0000000028aa0000,0x0000000028ba0000)]
  0x000000001dbcd000 JavaThread "Thread-25" daemon [_thread_blocked, id=4844, stack(0x00000000281d0000,0x00000000282d0000)]
  0x000000001dbc7000 JavaThread "TCF Channel Transmitter" daemon [_thread_blocked, id=3780, stack(0x0000000027780000,0x0000000027880000)]
  0x000000001dbc8800 JavaThread "TCF Channel Receiver" daemon [_thread_in_native, id=4448, stack(0x00000000261a0000,0x00000000262a0000)]
  0x000000001dbc6800 JavaThread "Process monitor" daemon [_thread_in_native, id=1828, stack(0x0000000026f40000,0x0000000027040000)]
  0x000000001dbc5800 JavaThread "Input Stream Monitor" daemon [_thread_blocked, id=3376, stack(0x0000000026300000,0x0000000026400000)]
  0x000000001dbc5000 JavaThread "Output Stream Monitor" daemon [_thread_in_native, id=3264, stack(0x0000000025ca0000,0x0000000025da0000)]
  0x000000001dbc4000 JavaThread "Output Stream Monitor" daemon [_thread_in_native, id=5024, stack(0x00000000257b0000,0x00000000258b0000)]
  0x0000000017ce2000 JavaThread "TCF Locator DNS Lookup" daemon [_thread_blocked, id=1552, stack(0x0000000025360000,0x0000000025460000)]
  0x0000000017ce1800 JavaThread "TCF Locator Timer" daemon [_thread_blocked, id=632, stack(0x0000000025260000,0x0000000025360000)]
  0x0000000017ce0800 JavaThread "TCF Locator Receiver" daemon [_thread_blocked, id=4188, stack(0x0000000025160000,0x0000000025260000)]
  0x0000000017cd7800 JavaThread "TCF Timer Dispatcher" daemon [_thread_blocked, id=2940, stack(0x0000000024800000,0x0000000024900000)]
  0x0000000017916000 JavaThread "EMF Reference Cleaner" daemon [_thread_blocked, id=3480, stack(0x0000000019630000,0x0000000019730000)]
  0x00000000150d2000 JavaThread "Service Thread" daemon [_thread_blocked, id=4032, stack(0x0000000016860000,0x0000000016960000)]
  0x0000000015097800 JavaThread "C1 CompilerThread3" daemon [_thread_blocked, id=4684, stack(0x0000000016760000,0x0000000016860000)]
  0x0000000015072800 JavaThread "C2 CompilerThread2" daemon [_thread_blocked, id=1444, stack(0x0000000016660000,0x0000000016760000)]
  0x000000001506b800 JavaThread "C2 CompilerThread1" daemon [_thread_blocked, id=4152, stack(0x0000000016560000,0x0000000016660000)]
  0x0000000015064800 JavaThread "C2 CompilerThread0" daemon [_thread_blocked, id=4484, stack(0x0000000016460000,0x0000000016560000)]
  0x0000000015060800 JavaThread "Attach Listener" daemon [_thread_blocked, id=2956, stack(0x0000000016360000,0x0000000016460000)]
  0x0000000013eaf000 JavaThread "Signal Dispatcher" daemon [_thread_blocked, id=3896, stack(0x0000000016260000,0x0000000016360000)]
  0x0000000013e9e000 JavaThread "Finalizer" daemon [_thread_blocked, id=4608, stack(0x0000000016160000,0x0000000016260000)]
  0x0000000013e97800 JavaThread "Reference Handler" daemon [_thread_blocked, id=3860, stack(0x0000000016060000,0x0000000016160000)]
  0x0000000002648000 JavaThread "main" [_thread_blocked, id=4300, stack(0x0000000000030000,0x0000000000130000)]

Other Threads:
=>0x0000000015012800 VMThread [stack: 0x0000000015f60000,0x0000000016060000] [id=3960]

VM state:at safepoint (shutting down)

VM Mutex/Monitor currently owned by a thread:  ([mutex/lock_event])
[0x000000000022e570] Threads_lock - owner thread: 0x0000000015012800

Heap:
 PSYoungGen      total 122368K, used 40061K [0x00000000f5580000, 0x00000000fce80000, 0x0000000100000000)
  eden space 120832K, 33% used [0x00000000f5580000,0x00000000f7c9f5c0,0x00000000fcb80000)
  from space 1536K, 0% used [0x00000000fcb80000,0x00000000fcb80000,0x00000000fcd00000)
  to   space 1536K, 0% used [0x00000000fcd00000,0x00000000fcd00000,0x00000000fce80000)
 ParOldGen       total 114688K, used 45266K [0x00000000e0000000, 0x00000000e7000000, 0x00000000f5580000)
  object space 114688K, 39% used [0x00000000e0000000,0x00000000e2c34998,0x00000000e7000000)
 Metaspace       used 82703K, capacity 89986K, committed 90136K, reserved 1126400K
  class space    used 9975K, capacity 12527K, committed 12592K, reserved 1048576K

Card table byte_map: [0x0000000011aa0000,0x0000000011bb0000] byte_map_base: 0x00000000113a0000

Marking Bits: (ParMarkBitMap*) 0x0000000068b2a5b0
 Begin Bits: [0x00000000123b0000, 0x0000000012bb0000)
 End Bits:   [0x0000000012bb0000, 0x00000000133b0000)

Polling page: 0x0000000000230000

CodeCache: size=245760Kb used=29778Kb max_used=30314Kb free=215981Kb
 bounds [0x00000000026e0000, 0x00000000044e0000, 0x00000000116e0000]
 total_blobs=9089 nmethods=8192 adapters=806
 compilation: enabled

Compilation events (10 events):
Event: 5746.477 Thread 0x0000000015097800 10300   !   3       org.eclipse.osgi.storage.BundleInfo$Generation::close (34 bytes)
Event: 5746.477 Thread 0x0000000015097800 nmethod 10300 0x0000000002d01f10 code [0x0000000002d02080, 0x0000000002d024a8]
Event: 5746.478 Thread 0x0000000015097800 10302       3       org.eclipse.osgi.storage.bundlefile.MRUBundleFileList::removeInternal (37 bytes)
Event: 5746.478 Thread 0x0000000015097800 nmethod 10302 0x00000000034f7010 code [0x00000000034f7180, 0x00000000034f75f0]
Event: 5746.479 Thread 0x0000000015097800 10303       3       org.eclipse.osgi.container.Module::holdsTransitionEventLock (25 bytes)
Event: 5746.479 Thread 0x0000000015097800 nmethod 10303 0x00000000039db390 code [0x00000000039db520, 0x00000000039dbc48]
Event: 5746.479 Thread 0x0000000015097800 10312   !   3       org.eclipse.osgi.storage.BundleInfo$Generation::clearManifestCache (30 bytes)
Event: 5746.480 Thread 0x0000000015097800 nmethod 10312 0x000000000418d610 code [0x000000000418d7a0, 0x000000000418dde8]
Event: 5746.480 Thread 0x0000000015097800 10304       3       org.eclipse.osgi.container.ModuleWiring::unload (6 bytes)
Event: 5746.480 Thread 0x0000000015097800 nmethod 10304 0x0000000002dcd490 code [0x0000000002dcd600, 0x0000000002dcd788]

GC Heap History (10 events):
Event: 5617.350 GC heap before
{Heap before GC invocations=127 (full 60):
 PSYoungGen      total 122368K, used 192K [0x00000000f5580000, 0x00000000fce80000, 0x0000000100000000)
  eden space 120832K, 0% used [0x00000000f5580000,0x00000000f5580000,0x00000000fcb80000)
  from space 1536K, 12% used [0x00000000fcb80000,0x00000000fcbb0000,0x00000000fcd00000)
  to   space 1536K, 0% used [0x00000000fcd00000,0x00000000fcd00000,0x00000000fce80000)
 ParOldGen       total 114688K, used 45007K [0x00000000e0000000, 0x00000000e7000000, 0x00000000f5580000)
  object space 114688K, 39% used [0x00000000e0000000,0x00000000e2bf3e70,0x00000000e7000000)
 Metaspace       used 81536K, capacity 88742K, committed 89112K, reserved 1126400K
  class space    used 9844K, capacity 12267K, committed 12336K, reserved 1048576K
Event: 5617.429 GC heap after
Heap after GC invocations=127 (full 60):
 PSYoungGen      total 122368K, used 0K [0x00000000f5580000, 0x00000000fce80000, 0x0000000100000000)
  eden space 120832K, 0% used [0x00000000f5580000,0x00000000f5580000,0x00000000fcb80000)
  from space 1536K, 0% used [0x00000000fcb80000,0x00000000fcb80000,0x00000000fcd00000)
  to   space 1536K, 0% used [0x00000000fcd00000,0x00000000fcd00000,0x00000000fce80000)
 ParOldGen       total 114688K, used 45007K [0x00000000e0000000, 0x00000000e7000000, 0x00000000f5580000)
  object space 114688K, 39% used [0x00000000e0000000,0x00000000e2bf3db0,0x00000000e7000000)
 Metaspace       used 81536K, capacity 88742K, committed 89112K, reserved 1126400K
  class space    used 9844K, capacity 12267K, committed 12336K, reserved 1048576K
}
Event: 5677.359 GC heap before
{Heap before GC invocations=128 (full 60):
 PSYoungGen      total 122368K, used 3684K [0x00000000f5580000, 0x00000000fce80000, 0x0000000100000000)
  eden space 120832K, 3% used [0x00000000f5580000,0x00000000f5919198,0x00000000fcb80000)
  from space 1536K, 0% used [0x00000000fcb80000,0x00000000fcb80000,0x00000000fcd00000)
  to   space 1536K, 0% used [0x00000000fcd00000,0x00000000fcd00000,0x00000000fce80000)
 ParOldGen       total 114688K, used 45007K [0x00000000e0000000, 0x00000000e7000000, 0x00000000f5580000)
  object space 114688K, 39% used [0x00000000e0000000,0x00000000e2bf3db0,0x00000000e7000000)
 Metaspace       used 81536K, capacity 88742K, committed 89112K, reserved 1126400K
  class space    used 9844K, capacity 12267K, committed 12336K, reserved 1048576K
Event: 5677.361 GC heap after
Heap after GC invocations=128 (full 60):
 PSYoungGen      total 122368K, used 160K [0x00000000f5580000, 0x00000000fce80000, 0x0000000100000000)
  eden space 120832K, 0% used [0x00000000f5580000,0x00000000f5580000,0x00000000fcb80000)
  from space 1536K, 10% used [0x00000000fcd00000,0x00000000fcd28000,0x00000000fce80000)
  to   space 1536K, 0% used [0x00000000fcb80000,0x00000000fcb80000,0x00000000fcd00000)
 ParOldGen       total 114688K, used 45007K [0x00000000e0000000, 0x00000000e7000000, 0x00000000f5580000)
  object space 114688K, 39% used [0x00000000e0000000,0x00000000e2bf3db0,0x00000000e7000000)
 Metaspace       used 81536K, capacity 88742K, committed 89112K, reserved 1126400K
  class space    used 9844K, capacity 12267K, committed 12336K, reserved 1048576K
}
Event: 5677.361 GC heap before
{Heap before GC invocations=129 (full 61):
 PSYoungGen      total 122368K, used 160K [0x00000000f5580000, 0x00000000fce80000, 0x0000000100000000)
  eden space 120832K, 0% used [0x00000000f5580000,0x00000000f5580000,0x00000000fcb80000)
  from space 1536K, 10% used [0x00000000fcd00000,0x00000000fcd28000,0x00000000fce80000)
  to   space 1536K, 0% used [0x00000000fcb80000,0x00000000fcb80000,0x00000000fcd00000)
 ParOldGen       total 114688K, used 45007K [0x00000000e0000000, 0x00000000e7000000, 0x00000000f5580000)
  object space 114688K, 39% used [0x00000000e0000000,0x00000000e2bf3db0,0x00000000e7000000)
 Metaspace       used 81536K, capacity 88742K, committed 89112K, reserved 1126400K
  class space    used 9844K, capacity 12267K, committed 12336K, reserved 1048576K
Event: 5677.453 GC heap after
Heap after GC invocations=129 (full 61):
 PSYoungGen      total 122368K, used 0K [0x00000000f5580000, 0x00000000fce80000, 0x0000000100000000)
  eden space 120832K, 0% used [0x00000000f5580000,0x00000000f5580000,0x00000000fcb80000)
  from space 1536K, 0% used [0x00000000fcd00000,0x00000000fcd00000,0x00000000fce80000)
  to   space 1536K, 0% used [0x00000000fcb80000,0x00000000fcb80000,0x00000000fcd00000)
 ParOldGen       total 114688K, used 45007K [0x00000000e0000000, 0x00000000e7000000, 0x00000000f5580000)
  object space 114688K, 39% used [0x00000000e0000000,0x00000000e2bf3db0,0x00000000e7000000)
 Metaspace       used 81536K, capacity 88742K, committed 89112K, reserved 1126400K
  class space    used 9844K, capacity 12267K, committed 12336K, reserved 1048576K
}
Event: 5737.374 GC heap before
{Heap before GC invocations=130 (full 61):
 PSYoungGen      total 122368K, used 12468K [0x00000000f5580000, 0x00000000fce80000, 0x0000000100000000)
  eden space 120832K, 10% used [0x00000000f5580000,0x00000000f61ad030,0x00000000fcb80000)
  from space 1536K, 0% used [0x00000000fcd00000,0x00000000fcd00000,0x00000000fce80000)
  to   space 1536K, 0% used [0x00000000fcb80000,0x00000000fcb80000,0x00000000fcd00000)
 ParOldGen       total 114688K, used 45007K [0x00000000e0000000, 0x00000000e7000000, 0x00000000f5580000)
  object space 114688K, 39% used [0x00000000e0000000,0x00000000e2bf3db0,0x00000000e7000000)
 Metaspace       used 81567K, capacity 88748K, committed 89112K, reserved 1126400K
  class space    used 9848K, capacity 12268K, committed 12336K, reserved 1048576K
Event: 5737.377 GC heap after
Heap after GC invocations=130 (full 61):
 PSYoungGen      total 122368K, used 640K [0x00000000f5580000, 0x00000000fce80000, 0x0000000100000000)
  eden space 120832K, 0% used [0x00000000f5580000,0x00000000f5580000,0x00000000fcb80000)
  from space 1536K, 41% used [0x00000000fcb80000,0x00000000fcc20000,0x00000000fcd00000)
  to   space 1536K, 0% used [0x00000000fcd00000,0x00000000fcd00000,0x00000000fce80000)
 ParOldGen       total 114688K, used 45015K [0x00000000e0000000, 0x00000000e7000000, 0x00000000f5580000)
  object space 114688K, 39% used [0x00000000e0000000,0x00000000e2bf5db0,0x00000000e7000000)
 Metaspace       used 81567K, capacity 88748K, committed 89112K, reserved 1126400K
  class space    used 9848K, capacity 12268K, committed 12336K, reserved 1048576K
}
Event: 5737.377 GC heap before
{Heap before GC invocations=131 (full 62):
 PSYoungGen      total 122368K, used 640K [0x00000000f5580000, 0x00000000fce80000, 0x0000000100000000)
  eden space 120832K, 0% used [0x00000000f5580000,0x00000000f5580000,0x00000000fcb80000)
  from space 1536K, 41% used [0x00000000fcb80000,0x00000000fcc20000,0x00000000fcd00000)
  to   space 1536K, 0% used [0x00000000fcd00000,0x00000000fcd00000,0x00000000fce80000)
 ParOldGen       total 114688K, used 45015K [0x00000000e0000000, 0x00000000e7000000, 0x00000000f5580000)
  object space 114688K, 39% used [0x00000000e0000000,0x00000000e2bf5db0,0x00000000e7000000)
 Metaspace       used 81567K, capacity 88748K, committed 89112K, reserved 1126400K
  class space    used 9848K, capacity 12268K, committed 12336K, reserved 1048576K
Event: 5737.531 GC heap after
Heap after GC invocations=131 (full 62):
 PSYoungGen      total 122368K, used 0K [0x00000000f5580000, 0x00000000fce80000, 0x0000000100000000)
  eden space 120832K, 0% used [0x00000000f5580000,0x00000000f5580000,0x00000000fcb80000)
  from space 1536K, 0% used [0x00000000fcb80000,0x00000000fcb80000,0x00000000fcd00000)
  to   space 1536K, 0% used [0x00000000fcd00000,0x00000000fcd00000,0x00000000fce80000)
 ParOldGen       total 114688K, used 45266K [0x00000000e0000000, 0x00000000e7000000, 0x00000000f5580000)
  object space 114688K, 39% used [0x00000000e0000000,0x00000000e2c34998,0x00000000e7000000)
 Metaspace       used 81567K, capacity 88748K, committed 89112K, reserved 1126400K
  class space    used 9848K, capacity 12268K, committed 12336K, reserved 1048576K
}

Deoptimization events (10 events):
Event: 5745.890 Thread 0x0000000017cdc000 Uncommon trap: reason=unstable_if action=reinterpret pc=0x0000000002de3e54 method=java.nio.charset.CoderResult.isOverflow()Z @ 5
Event: 5746.419 Thread 0x0000000017cdc000 Uncommon trap: reason=unstable_if action=reinterpret pc=0x00000000037afe74 method=org.eclipse.osgi.internal.hooks.EclipseLazyStarter.shouldActivateFor(Ljava/lang/String;Lorg/eclipse/osgi/container/Module;Lorg/eclipse/osgi/container/ModuleRevision;Lorg/ecli½×Æ6lr¶@
Event: 5746.423 Thread 0x000000001779c000 Uncommon trap: reason=predicate action=maybe_recompile pc=0x000000000414da1c method=java.util.Arrays.fill([Ljava/lang/Object;Ljava/lang/Object;)V @ 10
Event: 5746.448 Thread 0x000000001779c000 Uncommon trap: reason=array_check action=maybe_recompile pc=0x000000000280e438 method=java.util.Arrays.fill([Ljava/lang/Object;Ljava/lang/Object;)V @ 13
Event: 5746.448 Thread 0x000000001779c000 Uncommon trap: reason=array_check action=maybe_recompile pc=0x000000000280e438 method=java.util.Arrays.fill([Ljava/lang/Object;Ljava/lang/Object;)V @ 13
Event: 5746.448 Thread 0x000000001779c000 Uncommon trap: reason=array_check action=maybe_recompile pc=0x000000000280e438 method=java.util.Arrays.fill([Ljava/lang/Object;Ljava/lang/Object;)V @ 13
Event: 5746.448 Thread 0x000000001779c000 Uncommon trap: reason=array_check action=maybe_recompile pc=0x000000000280e438 method=java.util.Arrays.fill([Ljava/lang/Object;Ljava/lang/Object;)V @ 13
Event: 5746.450 Thread 0x0000000017cdc000 Uncommon trap: reason=unstable_if action=reinterpret pc=0x0000000002ae5508 method=org.eclipse.osgi.internal.framework.FilterImpl.compare_Long(IJLjava/lang/Object;)Z @ 146
Event: 5746.459 Thread 0x0000000017ce3800 Uncommon trap: reason=unstable_if action=reinterpret pc=0x00000000042d0568 method=org.eclipse.core.internal.jobs.JobManager.nextJob()Lorg/eclipse/core/runtime/jobs/Job; @ 80
Event: 5746.472 Thread 0x0000000017cdc000 Uncommon trap: reason=unstable_if action=reinterpret pc=0x00000000028a7318 method=sun.reflect.UnsafeStaticObjectFieldAccessorImpl.set(Ljava/lang/Object;Ljava/lang/Object;)V @ 13

Internal exceptions (10 events):
Event: 5725.815 Thread 0x0000000002648000 Implicit null exception at 0x0000000002f99274 to 0x0000000002f99311
Event: 5725.817 Thread 0x0000000002648000 Implicit null exception at 0x00000000031c8501 to 0x00000000031c89f9
Event: 5745.793 Thread 0x0000000002648000 Implicit null exception at 0x0000000002cd7dbb to 0x0000000002cda5f1
Event: 5745.825 Thread 0x000000001dbcb000 Exception <a 'java/lang/InterruptedException'> (0x00000000f75d01e8) thrown at [C:\re\workspace\8-2-build-windows-amd64-cygwin\jdk8u66\5298\hotspot\src\share\vm\runtime\objectMonitor.cpp, line 1683]
Event: 5745.828 Thread 0x0000000017ce3800 Implicit null exception at 0x00000000042dbdf2 to 0x00000000042dd7f9
Event: 5746.458 Thread 0x0000000017cdd800 Exception <a 'java/lang/InterruptedException'> (0x00000000f579df70) thrown at [C:\re\workspace\8-2-build-windows-amd64-cygwin\jdk8u66\5298\hotspot\src\share\vm\runtime\objectMonitor.cpp, line 1683]
Event: 5746.472 Thread 0x0000000017cdc000 Implicit null exception at 0x00000000028a6f17 to 0x00000000028a7305
Event: 5746.472 Thread 0x000000001779c000 Exception <a 'java/lang/InterruptedException'> (0x00000000f78c8678) thrown at [C:\re\workspace\8-2-build-windows-amd64-cygwin\jdk8u66\5298\hotspot\src\share\vm\runtime\objectMonitor.cpp, line 1683]
Event: 5746.478 Thread 0x0000000017cda800 Exception <a 'java/lang/InterruptedException'> (0x00000000f6737b08) thrown at [C:\re\workspace\8-2-build-windows-amd64-cygwin\jdk8u66\5298\hotspot\src\share\vm\runtime\objectMonitor.cpp, line 1683]
Event: 5746.478 Thread 0x0000000017663800 Exception <a 'java/lang/InterruptedException'> (0x00000000f7bcae00) thrown at [C:\re\workspace\8-2-build-windows-amd64-cygwin\jdk8u66\5298\hotspot\src\share\vm\runtime\objectMonitor.cpp, line 1683]

Events (10 events):
Event: 5746.480 loading class java/util/IdentityHashMap$KeyIterator
Event: 5746.480 Thread 0x0000000015097800 flushing nmethod 0x00000000030908d0
Event: 5746.480 Thread 0x0000000015097800 flushing nmethod 0x0000000003095890
Event: 5746.480 loading class java/util/IdentityHashMap$IdentityHashMapIterator
Event: 5746.480 loading class java/util/IdentityHashMap$IdentityHashMapIterator done
Event: 5746.480 loading class java/util/IdentityHashMap$KeyIterator done
Event: 5746.480 Thread 0x0000000017cdc000 Thread added: 0x0000000017cdc000
Event: 5746.480 Thread 0x0000000017cdc000 Thread exited: 0x0000000017cdc000
Event: 5746.480 Thread 0x0000000015097800 flushing nmethod 0x0000000003211390
Event: 5746.480 Executing VM operation: Exit


Dynamic libraries:
0x0000000000400000 - 0x000000000044f000 	C:\Xilinx\SDK\2016.2\eclipse\win64.o\eclipse.exe
0x0000000077340000 - 0x00000000774ea000 	C:\Windows\SYSTEM32\ntdll.dll
0x0000000077220000 - 0x000000007733f000 	C:\Windows\system32\kernel32.dll
0x000007fefd0e0000 - 0x000007fefd14a000 	C:\Windows\system32\KERNELBASE.dll
0x0000000077120000 - 0x000000007721a000 	C:\Windows\system32\USER32.dll
0x000007feff4c0000 - 0x000007feff527000 	C:\Windows\system32\GDI32.dll
0x000007fefd8c0000 - 0x000007fefd8ce000 	C:\Windows\system32\LPK.dll
0x000007fefd7f0000 - 0x000007fefd8ba000 	C:\Windows\system32\USP10.dll
0x000007feff0c0000 - 0x000007feff15f000 	C:\Windows\system32\msvcrt.dll
0x000007fefb990000 - 0x000007fefbb84000 	C:\Windows\WinSxS\amd64_microsoft.windows.common-controls_6595b64144ccf1df_6.0.7601.18837_none_fa3b1e3d17594757\COMCTL32.dll
0x000007fefec20000 - 0x000007fefec91000 	C:\Windows\system32\SHLWAPI.dll
0x000007fefdc50000 - 0x000007fefdc7e000 	C:\Windows\system32\IMM32.DLL
0x000007feff540000 - 0x000007feff649000 	C:\Windows\system32\MSCTF.dll
0x0000000072000000 - 0x0000000072012000 	C:\Xilinx\SDK\2016.2\eclipse\win64.o\plugins\org.eclipse.equinox.launcher.win32.win32.x86_64_1.1.300.v20150602-1417\eclipse_1611.dll
0x000007fefeb40000 - 0x000007fefec1b000 	C:\Windows\system32\ADVAPI32.dll
0x000007fefd7d0000 - 0x000007fefd7ef000 	C:\Windows\SYSTEM32\sechost.dll
0x000007fefdc80000 - 0x000007fefddad000 	C:\Windows\system32\RPCRT4.dll
0x000007fefc110000 - 0x000007fefc11c000 	C:\Windows\system32\VERSION.dll
0x000007fefb930000 - 0x000007fefb986000 	C:\Windows\system32\UxTheme.dll
0x0000000068320000 - 0x0000000068ba9000 	C:\Xilinx\SDK\2016.2\tps\win64\jre\bin\server\jvm.dll
0x000007fefa850000 - 0x000007fefa859000 	C:\Windows\system32\WSOCK32.dll
0x000007fefd8d0000 - 0x000007fefd91d000 	C:\Windows\system32\WS2_32.dll
0x000007feff530000 - 0x000007feff538000 	C:\Windows\system32\NSI.dll
0x000007fef9e50000 - 0x000007fef9e8b000 	C:\Windows\system32\WINMM.dll
0x0000000077500000 - 0x0000000077507000 	C:\Windows\system32\PSAPI.DLL
0x000000006b450000 - 0x000000006b522000 	C:\Windows\system32\MSVCR100.dll
0x00000000747a0000 - 0x00000000747af000 	C:\Xilinx\SDK\2016.2\tps\win64\jre\bin\verify.dll
0x0000000074770000 - 0x0000000074799000 	C:\Xilinx\SDK\2016.2\tps\win64\jre\bin\java.dll
0x0000000074750000 - 0x0000000074766000 	C:\Xilinx\SDK\2016.2\tps\win64\jre\bin\zip.dll
0x000007fefddb0000 - 0x000007fefeb39000 	C:\Windows\system32\SHELL32.dll
0x000007fefeca0000 - 0x000007fefeea3000 	C:\Windows\system32\ole32.dll
0x000007fefd080000 - 0x000007fefd08f000 	C:\Windows\system32\profapi.dll
0x000007fefc880000 - 0x000007fefc898000 	C:\Windows\system32\CRYPTSP.dll
0x000007fefc580000 - 0x000007fefc5c7000 	C:\Windows\system32\rsaenh.dll
0x000007fefd0b0000 - 0x000007fefd0ce000 	C:\Windows\system32\USERENV.dll
0x000007fefcee0000 - 0x000007fefceef000 	C:\Windows\system32\CRYPTBASE.dll
0x0000000074730000 - 0x000000007474a000 	C:\Xilinx\SDK\2016.2\tps\win64\jre\bin\net.dll
0x000007fefc820000 - 0x000007fefc875000 	C:\Windows\system32\mswsock.dll
0x000007fefc810000 - 0x000007fefc817000 	C:\Windows\System32\wship6.dll
0x000007fef9840000 - 0x000007fef9867000 	C:\Windows\system32\IPHLPAPI.DLL
0x000007fef9830000 - 0x000007fef983b000 	C:\Windows\system32\WINNSI.DLL
0x000007fefa7f0000 - 0x000007fefa801000 	C:\Windows\system32\dhcpcsvc6.DLL
0x000007fefa7d0000 - 0x000007fefa7e8000 	C:\Windows\system32\dhcpcsvc.DLL
0x0000000074710000 - 0x0000000074721000 	C:\Xilinx\SDK\2016.2\tps\win64\jre\bin\nio.dll
0x000007fef9ad0000 - 0x000007fef9ae5000 	C:\Windows\system32\NLAapi.dll
0x000007fef9600000 - 0x000007fef9615000 	C:\Windows\system32\napinsp.dll
0x000007fef9620000 - 0x000007fef9639000 	C:\Windows\system32\pnrpnsp.dll
0x000007fefc6a0000 - 0x000007fefc6fb000 	C:\Windows\system32\DNSAPI.dll
0x000007fef95f0000 - 0x000007fef95fb000 	C:\Windows\System32\winrnr.dll
0x000007fefc1e0000 - 0x000007fefc1e7000 	C:\Windows\System32\wshtcpip.dll
0x000007fef96e0000 - 0x000007fef96e8000 	C:\Windows\system32\rasadhlp.dll
0x000007fefa880000 - 0x000007fefa8d3000 	C:\Windows\System32\fwpuclnt.dll
0x00000000186a0000 - 0x0000000018748000 	C:\Users\wanxing1\.Xilinx\SDK\2016.2\org.eclipse.osgi\312\0\.cp\swt-win32-4527.dll
0x000007feff3e0000 - 0x000007feff4b8000 	C:\Windows\system32\OLEAUT32.dll
0x000007feff340000 - 0x000007feff3d7000 	C:\Windows\system32\comdlg32.dll
0x000007fef69d0000 - 0x000007fef6a41000 	C:\Windows\system32\WINSPOOL.DRV
0x000007fefd500000 - 0x000007fefd7c5000 	C:\Windows\system32\WININET.dll
0x000007fefd2c0000 - 0x000007fefd2c4000 	C:\Windows\system32\api-ms-win-downlevel-user32-l1-1-0.dll
0x000007fefd0d0000 - 0x000007fefd0d4000 	C:\Windows\system32\api-ms-win-downlevel-shlwapi-l1-1-0.dll
0x000007fefd2a0000 - 0x000007fefd2a4000 	C:\Windows\system32\api-ms-win-downlevel-version-l1-1-0.dll
0x000007fefd150000 - 0x000007fefd153000 	C:\Windows\system32\api-ms-win-downlevel-normaliz-l1-1-0.dll
0x0000000077510000 - 0x0000000077513000 	C:\Windows\system32\normaliz.DLL
0x000007fefd980000 - 0x000007fefdc49000 	C:\Windows\system32\iertutil.dll
0x000007fefd2b0000 - 0x000007fefd2b5000 	C:\Windows\system32\api-ms-win-downlevel-advapi32-l1-1-0.dll
0x000007fefd2d0000 - 0x000007fefd43d000 	C:\Windows\system32\CRYPT32.dll
0x000007fefd090000 - 0x000007fefd09f000 	C:\Windows\system32\MSASN1.dll
0x000007fefb400000 - 0x000007fefb52c000 	C:\Windows\system32\propsys.dll
0x000007fefd440000 - 0x000007fefd4d9000 	C:\Windows\system32\CLBCatQ.DLL
0x0000000002530000 - 0x000000000254e000 	C:\Users\wanxing1\.Xilinx\SDK\2016.2\org.eclipse.osgi\312\0\.cp\swt-gdip-win32-4527.dll
0x000007fefb710000 - 0x000007fefb926000 	C:\Windows\WinSxS\amd64_microsoft.windows.gdiplus_6595b64144ccf1df_1.1.7601.23508_none_145555328b95eaaa\gdiplus.dll
0x000007fefb230000 - 0x000007fefb391000 	C:\Windows\system32\WindowsCodecs.dll
0x0000000180000000 - 0x0000000180012000 	C:\Users\wanxing1\.Xilinx\SDK\2016.2\org.eclipse.osgi\126\0\.cp\os\win32\x86_64\localfile_1_0_0.dll
0x000007fef1210000 - 0x000007fef1264000 	C:\Windows\system32\oleacc.dll
0x000007fef7610000 - 0x000007fef7617000 	C:\Windows\system32\msimg32.dll
0x000007fefcfd0000 - 0x000007fefcfe4000 	C:\Windows\system32\RpcRtRemote.dll
0x000007fefce80000 - 0x000007fefced7000 	C:\Windows\system32\apphelp.dll
0x000007fefa830000 - 0x000007fefa841000 	C:\Users\wanxing1\.Xilinx\SDK\2016.2\org.eclipse.osgi\129\0\.cp\jWinHttp-1.0.0.dll
0x000007fefa210000 - 0x000007fefa281000 	C:\Windows\system32\WINHTTP.dll
0x000007fefa1a0000 - 0x000007fefa204000 	C:\Windows\system32\webio.dll
0x000007fefce50000 - 0x000007fefce75000 	C:\Windows\system32\SspiCli.dll
0x000007fefc440000 - 0x000007fefc44a000 	C:\Windows\system32\credssp.dll
0x000007fefd1c0000 - 0x000007fefd1f6000 	C:\Windows\system32\CFGMGR32.dll
0x000007fefb1b0000 - 0x000007fefb1bf000 	C:\Xilinx\SDK\2016.2\lib\win64.o\librdi_repo_manager.dll
0x000007fef99d0000 - 0x000007fef99fa000 	C:\Xilinx\SDK\2016.2\lib\win64.o\libisl_sysinfo.dll
0x000007feeba40000 - 0x000007feebb14000 	C:\Windows\system32\MSVCR110.dll
0x000007feeb910000 - 0x000007feeb9b7000 	C:\Windows\system32\MSVCP110.dll
0x000007fec14e0000 - 0x000007fec1f20000 	C:\Xilinx\SDK\2016.2\lib\win64.o\librdi_common.dll
0x000007fec2a00000 - 0x000007fec2d6e000 	C:\Xilinx\SDK\2016.2\lib\win64.o\libCOIN-all.dll
0x000007fec27e0000 - 0x000007fec29ff000 	C:\Xilinx\SDK\2016.2\lib\win64.o\libXil_lmgr11.dll
0x000007fefb0f0000 - 0x000007fefb106000 	C:\Windows\system32\NETAPI32.dll
0x000007fefc4b0000 - 0x000007fefc4bc000 	C:\Windows\system32\netutils.dll
0x000007fefcb00000 - 0x000007fefcb23000 	C:\Windows\system32\srvcli.dll
0x000007fefb0d0000 - 0x000007fefb0e5000 	C:\Windows\system32\wkscli.dll
0x000007fefd160000 - 0x000007fefd19b000 	C:\Windows\system32\WINTRUST.dll
0x000007fefb120000 - 0x000007fefb130000 	C:\Xilinx\SDK\2016.2\lib\win64.o\libboost_date_time.dll
0x000007fef99a0000 - 0x000007fef99c4000 	C:\Xilinx\SDK\2016.2\lib\win64.o\libboost_filesystem.dll
0x000007fefa350000 - 0x000007fefa359000 	C:\Xilinx\SDK\2016.2\lib\win64.o\libboost_system.dll
0x000007fef8a30000 - 0x000007fef8aa7000 	C:\Xilinx\SDK\2016.2\lib\win64.o\libboost_program_options.dll
0x000007fef8870000 - 0x000007fef8976000 	C:\Xilinx\SDK\2016.2\lib\win64.o\libboost_regex.dll
0x000007fef8a10000 - 0x000007fef8a23000 	C:\Xilinx\SDK\2016.2\lib\win64.o\libboost_signals.dll
0x000007fef8850000 - 0x000007fef886d000 	C:\Xilinx\SDK\2016.2\lib\win64.o\libboost_thread.dll
0x000007fefa340000 - 0x000007fefa34b000 	C:\Xilinx\SDK\2016.2\lib\win64.o\libboost_chrono.dll
0x000007fef9f60000 - 0x000007fef9f6b000 	C:\Xilinx\SDK\2016.2\lib\win64.o\libboost_xilinx.dll
0x000007feee1f0000 - 0x000007feee270000 	C:\Xilinx\SDK\2016.2\lib\win64.o\libhdlpsolve.dll
0x000007feedb80000 - 0x000007feedc1a000 	C:\Xilinx\SDK\2016.2\lib\win64.o\libhdxml.dll
0x000007fec2370000 - 0x000007fec27d5e00 	C:\Xilinx\SDK\2016.2\lib\win64.o\libisl_iostreams.dll
0x000007fef8830000 - 0x000007fef8846000 	C:\Xilinx\SDK\2016.2\lib\win64.o\libboost_iostreams.dll
0x000007feee1c0000 - 0x000007feee1e3000 	C:\Xilinx\SDK\2016.2\lib\win64.o\librdizlib.dll
0x000007feedb50000 - 0x000007feedb73000 	C:\Xilinx\SDK\2016.2\lib\win64.o\libisl_iosutils.dll
0x000007feedd00000 - 0x000007feedd15000 	C:\Xilinx\SDK\2016.2\lib\win64.o\pthreadVC2.dll
0x000007feedaf0000 - 0x000007feedb44000 	C:\Xilinx\SDK\2016.2\lib\win64.o\librdi_commonxillic.dll
0x000007fec30f0000 - 0x000007fec3220000 	C:\Xilinx\SDK\2016.2\lib\win64.o\librdi_curl.dll
0x000007fec32d0000 - 0x000007fec32e8000 	C:\Xilinx\SDK\2016.2\lib\win64.o\librdiconfig.dll
0x000000006a870000 - 0x000000006a997000 	C:\Xilinx\SDK\2016.2\lib\win64.o\tcl85t.dll
0x0000000027100000 - 0x0000000027363000 	C:\Xilinx\SDK\2016.2\lib\win64.o\xerces-c_3_1.dll
0x000007fefef30000 - 0x000007feff0b6000 	C:\Windows\system32\urlmon.dll
0x000007fefd0a0000 - 0x000007fefd0a4000 	C:\Windows\system32\api-ms-win-downlevel-ole32-l1-1-0.dll
0x000007fee7dd0000 - 0x000007fee7df3000 	C:\Windows\system32\VCOMP110.DLL
0x000007fec12e0000 - 0x000007fec14d2000 	C:\Xilinx\SDK\2016.2\lib\win64.o\librdi_hsm.dll
0x000007fec30a0000 - 0x000007fec30e3000 	C:\Xilinx\SDK\2016.2\lib\win64.o\librdi_hdf.dll
0x000007fec1050000 - 0x000007fec12d1000 	C:\Xilinx\SDK\2016.2\lib\win64.o\librdi_ippcw.dll
0x000007fef9990000 - 0x000007fef999a000 	C:\Xilinx\SDK\2016.2\lib\win64.o\librdi_jtag_settings.dll
0x000007fec2e30000 - 0x000007fec2e59000 	C:\Xilinx\SDK\2016.2\lib\win64.o\librdi_debug_dialog.dll
0x000007fef9870000 - 0x000007fef9878000 	C:\Xilinx\SDK\2016.2\lib\win64.o\librdi_target_manager.dll
0x000007fec2df0000 - 0x000007fec2e06000 	C:\Xilinx\SDK\2016.2\eclipse\win64.o\plugins\org.eclipse.cdt.core.win32.x86_64_5.4.0.201509131935\os\win32\x86_64\spawner.dll
0x0000000071080000 - 0x00000000710a6000 	C:\Xilinx\SDK\2016.2\eclipse\win64.o\plugins\gnu.io.rxtx.win32.x86_64_2.1.7.3_v20071015\os\win32\x86_64\rxtxSerial.dll
0x000007feb4290000 - 0x000007feb4aa0000 	C:\Xilinx\SDK\2016.2\lib\win64.o\libXil_lmgr11FNP.dll
0x000007fefa0e0000 - 0x000007fefa0eb000 	C:\Windows\system32\snmpapi.dll

VM Arguments:
jvm_args: -Dcom.xilinx.sdk.args.hwspec=W:/ECE532/feed_through/NexysVideo-master/Projects/hdmi/proj/hdmi.sdk/hdmi_wrapper.hdf -Xms64m -Xmx512m & 
java_command: <unknown>
java_class_path (initial): C:\Xilinx\SDK\2016.2\eclipse\win64.o\\plugins/org.eclipse.equinox.launcher_1.3.100.v20150511-1540.jar
Launcher Type: generic

Environment Variables:
PATH=C:/Xilinx/SDK/2016.2/tps/win64/jre/bin/server;C:/Xilinx/SDK/2016.2/tps/win64/jre/bin;C:/Xilinx/SDK/2016.2/tps/win64/jre/lib/amd64;C:\Xilinx\SDK\2016.2\gnuwin\bin;C:\Xilinx\SDK\2016.2\gnu\microblaze\nt\bin;C:\Xilinx\SDK\2016.2\gnu\microblaze\linux_toolchain\nt64_le\bin;C:\Xilinx\SDK\2016.2\gnu\microblaze\linux_toolchain\nt64_be\bin;C:\Xilinx\SDK\2016.2\gnu\arm\nt\bin;C:\Xilinx\SDK\2016.2\gnu\aarch64\nt\aarch64-none\bin;C:\Xilinx\SDK\2016.2\gnu\aarch64\nt\aarch64-linux\bin;C:\Xilinx\SDK\2016.2\gnu\armr5\nt\gcc-arm-none-eabi\bin;C:\Xilinx\SDK\2016.2\gnu\aarch32\nt\gcc-arm-none-eabi\bin;C:\Xilinx\SDK\2016.2\gnu\aarch32\nt\gcc-arm-linux-gnueabi\bin;C:\Xilinx\SDK\2016.2\tps\win64\cmake-3.3.2\bin;;C:\Xilinx\SDK\2016.2\bin;C:\Xilinx\SDK\2016.2\lib\win64.o;C:\Xilinx\SDK\2016.2\tps\win64\jre\bin\server;C:\Xilinx\SDK\2016.2\tps\win64\jre\bin;C:\Xilinx\Vivado\2016.2\ids_lite\ISE\bin\nt64;C:\Xilinx\Vivado\2016.2\ids_lite\ISE\lib\nt64;C:\Xilinx\Vivado\2016.2\bin;C:\Xilinx\Vivado\2016.2\lib\win64.o;C:\Xilinx\Vivado\2016.2\tps\win64\jre\bin\server;C:\Xilinx\Vivado\2016.2\tps\win64\jre\bin;C:\Xilinx\Vivado_HLS\2016.2\bin;C:\Windows\system32;C:\Windows;C:\Windows\System32\Wbem;C:\Windows\System32\WindowsPowerShell\v1.0\;C:\Program Files (x86)\Java\jre6\bin;C:\Program Files (x86)\eclipse;C:\altera\16.0\quartus\bin64;c:\altera\16.0\quartus\bin64\jre64\bin;w:\ECE532\feed_through\NexysVideo-master\Projects\hdmi\proj;
USERNAME=wanxing1
OS=Windows_NT
PROCESSOR_IDENTIFIER=Intel64 Family 6 Model 60 Stepping 3, GenuineIntel



---------------  S Y S T E M  ---------------

OS: Windows 7 , 64 bit Build 7601 (6.1.7601.23418)

CPU:total 8 (4 cores per cpu, 2 threads per core) family 6 model 60 stepping 3, cmov, cx8, fxsr, mmx, sse, sse2, sse3, ssse3, sse4.1, sse4.2, popcnt, avx, avx2, aes, clmul, erms, lzcnt, ht, tsc, tscinvbit, bmi1, bmi2

Memory: 4k page, physical 16683160k(10166180k free), swap 33364460k(26136044k free)

vm_info: Java HotSpot(TM) 64-Bit Server VM (25.66-b18) for windows-amd64 JRE (1.8.0_66-b18), built on Nov  9 2015 10:51:13 by "java_re" with MS VC++ 10.0 (VS2010)

time: Wed Mar 22 17:31:10 2017
elapsed time: 5746 seconds (0d 1h 35m 46s)

