#
# A fatal error has been detected by the Java Runtime Environment:
#
#  Internal Error (0xc000000d), pid=4632, tid=3036
#
# JRE version: Java(TM) SE Runtime Environment (8.0_66-b18) (build 1.8.0_66-b18)
# Java VM: Java HotSpot(TM) 64-Bit Server VM (25.66-b18 mixed mode windows-amd64 compressed oops)
# Problematic frame:
# C  [ntdll.dll+0x96b4f]
#
# Failed to write core dump. Minidumps are not enabled by default on client versions of Windows
#
# If you would like to submit a bug report, please visit:
#   http://bugreport.java.com/bugreport/crash.jsp
#

---------------  T H R E A D  ---------------

Current thread (0x0000000014ef2000):  VMThread [stack: 0x0000000015e40000,0x0000000015f40000] [id=3036]

siginfo: ExceptionCode=0xc000000d

Registers:
RAX=0x0000000066bd7062, RBX=0x0000000000000000, RCX=0x0000000015f3ef10, RDX=0x0000000000000000
RSP=0x0000000015f3f520, RBP=0x0000000017586fd0, RSI=0x000007feebca7408, RDI=0x0000000015f3f668
R8 =0x0000000000000000, R9 =0x0000000000000000, R10=0x0000000000000000, R11=0x0000000000000246
R12=0x000000001755b060, R13=0x000000001755b030, R14=0x00000000175870d8, R15=0x0000000000000000
RIP=0x00000000774a6b4f, EFLAGS=0x0000000000000202

Top of Stack: (sp=0x0000000015f3f520)
0x0000000015f3f520:   0000000000000000 000007feebca7408
0x0000000015f3f530:   0000000015f3f668 0000000000000000
0x0000000015f3f540:   0000000000000050 00000000002b0000
0x0000000015f3f550:   0000000000000000 0000000000000000
0x0000000015f3f560:   0000000000000002 000000007745db18
0x0000000015f3f570:   00000000c000000d 0000000000000000
0x0000000015f3f580:   00000000774a6b4f 0000000000000000
0x0000000015f3f590:   0000000000000000 0000000000000000
0x0000000015f3f5a0:   0000000000000000 0000000000000000
0x0000000015f3f5b0:   0000000000000000 0000000000000000
0x0000000015f3f5c0:   0000000000000000 0000000000000000
0x0000000015f3f5d0:   0000000000000000 0000000000000000
0x0000000015f3f5e0:   0000000000000000 0000000000000000
0x0000000015f3f5f0:   0000000000000000 0000000000000000
0x0000000015f3f600:   0000000000000000 000000001755b060
0x0000000015f3f610:   000000000000096c 0000000077233458 

Instructions: (pc=0x00000000774a6b4f)
0x00000000774a6b2f:   cd 6b fb ff b9 57 00 00 00 c7 44 24 50 0d 00 00
0x00000000774a6b3f:   c0 e8 bb 6e fb ff 48 8d 4c 24 50 e8 31 1d f8 ff
0x00000000774a6b4f:   4c 8b 1d 82 68 09 00 4d 85 db 74 5b 65 48 8b 04
0x00000000774a6b5f:   25 30 00 00 00 f6 80 ee 17 00 00 08 74 12 65 48 


Register to memory mapping:

RAX=0x0000000066bd7062 is an unknown value
RBX=0x0000000000000000 is an unknown value
RCX=0x0000000015f3ef10 is an unknown value
RDX=0x0000000000000000 is an unknown value
RSP=0x0000000015f3f520 is an unknown value
RBP=0x0000000017586fd0 is an unknown value
RSI=0x000007feebca7408 is an unknown value
RDI=0x0000000015f3f668 is an unknown value
R8 =0x0000000000000000 is an unknown value
R9 =0x0000000000000000 is an unknown value
R10=0x0000000000000000 is an unknown value
R11=0x0000000000000246 is an unknown value
R12=0x000000001755b060 is an unknown value
R13=0x000000001755b030 is an unknown value
R14=0x00000000175870d8 is an unknown value
R15=0x0000000000000000 is an unknown value


Stack: [0x0000000015e40000,0x0000000015f40000],  sp=0x0000000015f3f520,  free space=1021k
Native frames: (J=compiled Java code, j=interpreted, Vv=VM code, C=native code)
C  [ntdll.dll+0x96b4f]
C  [kernel32.dll+0x43458]
C  [MSVCR110.dll+0x752d]
C  [MSVCR110.dll+0x73c6]
C  [MSVCR110.dll+0x14cca]
C  [MSVCR110.dll+0x13edc]
C  [MSVCR110.dll+0x239e]
C  [MSVCR110.dll+0xaf9e]
C  [MSVCP110.dll+0x397b9]
C  [librdi_common.dll+0x182316]
C  [librdi_common.dll+0x180fab]
C  [librdi_target_manager.dll+0x2400]
C  [librdi_target_manager.dll+0x2682]
C  [ntdll.dll+0x229b1]
C  [ntdll.dll+0x227c0]
C  [MSVCR100.dll+0x20ccd]
V  [jvm.dll+0x210cc5]
V  [jvm.dll+0x249897]
V  [jvm.dll+0x248b36]
V  [jvm.dll+0x248fd1]
V  [jvm.dll+0x2491ee]
V  [jvm.dll+0x29a0fa]
C  [MSVCR100.dll+0x21d9f]
C  [MSVCR100.dll+0x21e3b]
C  [kernel32.dll+0x159bd]
C  [ntdll.dll+0x2a2e1]

VM_Operation (0x000000000012f4c0): Exit, mode: safepoint, requested by thread 0x00000000023e8000


---------------  P R O C E S S  ---------------

Java Threads: ( => current thread )
  0x00000000179f4800 JavaThread "pool-2-thread-1" [_thread_blocked, id=1468, stack(0x00000000284a0000,0x00000000285a0000)]
  0x000000001c6cd800 JavaThread "Thread-35" daemon [_thread_blocked, id=5580, stack(0x0000000024fc0000,0x00000000250c0000)]
  0x000000001c6c9000 JavaThread "TCF Channel Transmitter" daemon [_thread_blocked, id=5444, stack(0x00000000251e0000,0x00000000252e0000)]
  0x000000001c6ca000 JavaThread "TCF Channel Receiver" daemon [_thread_in_native, id=4540, stack(0x0000000024950000,0x0000000024a50000)]
  0x000000001c6c8800 JavaThread "Process monitor" daemon [_thread_in_native, id=4128, stack(0x0000000024340000,0x0000000024440000)]
  0x000000001c6c7800 JavaThread "Input Stream Monitor" daemon [_thread_blocked, id=4772, stack(0x0000000024240000,0x0000000024340000)]
  0x000000001c6c7000 JavaThread "Output Stream Monitor" daemon [_thread_in_native, id=1444, stack(0x0000000024140000,0x0000000024240000)]
  0x000000001c6c6000 JavaThread "Output Stream Monitor" daemon [_thread_in_native, id=2004, stack(0x00000000239a0000,0x0000000023aa0000)]
  0x0000000016e60000 JavaThread "TCF Locator DNS Lookup" daemon [_thread_blocked, id=3532, stack(0x0000000021a60000,0x0000000021b60000)]
  0x0000000016e5f000 JavaThread "TCF Locator Timer" daemon [_thread_blocked, id=3044, stack(0x0000000021710000,0x0000000021810000)]
  0x0000000016e5e800 JavaThread "TCF Locator Receiver" daemon [_thread_in_native, id=1220, stack(0x0000000021610000,0x0000000021710000)]
  0x0000000016e5d000 JavaThread "TCF Timer Dispatcher" daemon [_thread_blocked, id=5428, stack(0x0000000020940000,0x0000000020a40000)]
  0x0000000018432800 JavaThread "EMF Reference Cleaner" daemon [_thread_blocked, id=2732, stack(0x00000000197c0000,0x00000000198c0000)]
  0x0000000014fe1000 JavaThread "Service Thread" daemon [_thread_blocked, id=3368, stack(0x0000000016800000,0x0000000016900000)]
  0x0000000014f78800 JavaThread "C1 CompilerThread3" daemon [_thread_blocked, id=5204, stack(0x0000000016700000,0x0000000016800000)]
  0x0000000014f53800 JavaThread "C2 CompilerThread2" daemon [_thread_blocked, id=5552, stack(0x0000000016600000,0x0000000016700000)]
  0x0000000014f4c800 JavaThread "C2 CompilerThread1" daemon [_thread_blocked, id=3684, stack(0x0000000016500000,0x0000000016600000)]
  0x0000000014f47800 JavaThread "C2 CompilerThread0" daemon [_thread_blocked, id=1240, stack(0x0000000016400000,0x0000000016500000)]
  0x0000000014f43800 JavaThread "Attach Listener" daemon [_thread_blocked, id=4644, stack(0x0000000016300000,0x0000000016400000)]
  0x0000000014f42800 JavaThread "Signal Dispatcher" daemon [_thread_blocked, id=4508, stack(0x0000000016200000,0x0000000016300000)]
  0x0000000013d7f800 JavaThread "Finalizer" daemon [_thread_blocked, id=852, stack(0x0000000016040000,0x0000000016140000)]
  0x0000000013d78800 JavaThread "Reference Handler" daemon [_thread_blocked, id=4944, stack(0x0000000015f40000,0x0000000016040000)]
  0x00000000023e8000 JavaThread "main" [_thread_blocked, id=6100, stack(0x0000000000030000,0x0000000000130000)]

Other Threads:
=>0x0000000014ef2000 VMThread [stack: 0x0000000015e40000,0x0000000015f40000] [id=3036]

VM state:at safepoint (shutting down)

VM Mutex/Monitor currently owned by a thread:  ([mutex/lock_event])
[0x000000000029e520] Threads_lock - owner thread: 0x0000000014ef2000

Heap:
 PSYoungGen      total 140288K, used 35246K [0x00000000f5580000, 0x00000000ff800000, 0x0000000100000000)
  eden space 117248K, 30% used [0x00000000f5580000,0x00000000f77eb8f0,0x00000000fc800000)
  from space 23040K, 0% used [0x00000000fe180000,0x00000000fe180000,0x00000000ff800000)
  to   space 24576K, 0% used [0x00000000fc800000,0x00000000fc800000,0x00000000fe000000)
 ParOldGen       total 96256K, used 46928K [0x00000000e0000000, 0x00000000e5e00000, 0x00000000f5580000)
  object space 96256K, 48% used [0x00000000e0000000,0x00000000e2dd43a0,0x00000000e5e00000)
 Metaspace       used 85619K, capacity 93006K, committed 93480K, reserved 1130496K
  class space    used 10271K, capacity 12718K, committed 12848K, reserved 1048576K

Card table byte_map: [0x00000000118d0000,0x00000000119e0000] byte_map_base: 0x00000000111d0000

Marking Bits: (ParMarkBitMap*) 0x00000000661fa5b0
 Begin Bits: [0x0000000012290000, 0x0000000012a90000)
 End Bits:   [0x0000000012a90000, 0x0000000013290000)

Polling page: 0x0000000000220000

CodeCache: size=245760Kb used=34625Kb max_used=35585Kb free=211134Kb
 bounds [0x0000000002510000, 0x0000000004810000, 0x0000000011510000]
 total_blobs=10310 nmethods=9410 adapters=807
 compilation: enabled

Compilation events (10 events):
Event: 1472.264 Thread 0x0000000014f78800 nmethod 11711 0x0000000003d8ec90 code [0x0000000003d8eea0, 0x0000000003d8fbd8]
Event: 1472.264 Thread 0x0000000014f78800 11701   !   3       org.eclipse.osgi.storage.BundleInfo$Generation::close (34 bytes)
Event: 1472.264 Thread 0x0000000014f78800 nmethod 11701 0x0000000003b82050 code [0x0000000003b821c0, 0x0000000003b825e8]
Event: 1472.264 Thread 0x0000000014f78800 11700       3       org.eclipse.osgi.storage.bundlefile.BundleFile::setMruIndex (6 bytes)
Event: 1472.264 Thread 0x0000000014f78800 nmethod 11700 0x00000000043ef7d0 code [0x00000000043ef920, 0x00000000043efa70]
Event: 1472.264 Thread 0x0000000014f78800 11713   !   3       org.eclipse.osgi.storage.BundleInfo$Generation::clearManifestCache (30 bytes)
Event: 1472.264 Thread 0x0000000014f78800 nmethod 11713 0x00000000042d3e10 code [0x00000000042d3fa0, 0x00000000042d45e8]
Event: 1472.266 Thread 0x0000000014f47800 nmethod 11678 0x00000000037b10d0 code [0x00000000037b1580, 0x00000000037b6358]
Event: 1472.266 Thread 0x0000000014f47800 11693       4       org.eclipse.osgi.container.Module::getStartLevel (9 bytes)
Event: 1472.267 Thread 0x0000000014f47800 nmethod 11693 0x0000000002e43550 code [0x0000000002e436a0, 0x0000000002e43738]

GC Heap History (10 events):
Event: 1315.199 GC heap before
{Heap before GC invocations=41 (full 17):
 PSYoungGen      total 142848K, used 160K [0x00000000f5580000, 0x00000000ffd00000, 0x0000000100000000)
  eden space 117248K, 0% used [0x00000000f5580000,0x00000000f5580000,0x00000000fc800000)
  from space 25600K, 0% used [0x00000000fe400000,0x00000000fe428000,0x00000000ffd00000)
  to   space 27136K, 0% used [0x00000000fc800000,0x00000000fc800000,0x00000000fe280000)
 ParOldGen       total 96256K, used 47074K [0x00000000e0000000, 0x00000000e5e00000, 0x00000000f5580000)
  object space 96256K, 48% used [0x00000000e0000000,0x00000000e2df8b78,0x00000000e5e00000)
 Metaspace       used 84686K, capacity 92170K, committed 92456K, reserved 1128448K
  class space    used 10167K, capacity 12526K, committed 12592K, reserved 1048576K
Event: 1315.284 GC heap after
Heap after GC invocations=41 (full 17):
 PSYoungGen      total 142848K, used 0K [0x00000000f5580000, 0x00000000ffd00000, 0x0000000100000000)
  eden space 117248K, 0% used [0x00000000f5580000,0x00000000f5580000,0x00000000fc800000)
  from space 25600K, 0% used [0x00000000fe400000,0x00000000fe400000,0x00000000ffd00000)
  to   space 27136K, 0% used [0x00000000fc800000,0x00000000fc800000,0x00000000fe280000)
 ParOldGen       total 96256K, used 46928K [0x00000000e0000000, 0x00000000e5e00000, 0x00000000f5580000)
  object space 96256K, 48% used [0x00000000e0000000,0x00000000e2dd4240,0x00000000e5e00000)
 Metaspace       used 84686K, capacity 92170K, committed 92456K, reserved 1128448K
  class space    used 10167K, capacity 12526K, committed 12592K, reserved 1048576K
}
Event: 1375.205 GC heap before
{Heap before GC invocations=42 (full 17):
 PSYoungGen      total 142848K, used 3593K [0x00000000f5580000, 0x00000000ffd00000, 0x0000000100000000)
  eden space 117248K, 3% used [0x00000000f5580000,0x00000000f59024a8,0x00000000fc800000)
  from space 25600K, 0% used [0x00000000fe400000,0x00000000fe400000,0x00000000ffd00000)
  to   space 27136K, 0% used [0x00000000fc800000,0x00000000fc800000,0x00000000fe280000)
 ParOldGen       total 96256K, used 46928K [0x00000000e0000000, 0x00000000e5e00000, 0x00000000f5580000)
  object space 96256K, 48% used [0x00000000e0000000,0x00000000e2dd4240,0x00000000e5e00000)
 Metaspace       used 84698K, capacity 92170K, committed 92456K, reserved 1128448K
  class space    used 10167K, capacity 12526K, committed 12592K, reserved 1048576K
Event: 1375.208 GC heap after
Heap after GC invocations=42 (full 17):
 PSYoungGen      total 117760K, used 160K [0x00000000f5580000, 0x00000000ffb00000, 0x0000000100000000)
  eden space 117248K, 0% used [0x00000000f5580000,0x00000000f5580000,0x00000000fc800000)
  from space 512K, 31% used [0x00000000fc800000,0x00000000fc828000,0x00000000fc880000)
  to   space 26112K, 0% used [0x00000000fe180000,0x00000000fe180000,0x00000000ffb00000)
 ParOldGen       total 96256K, used 46936K [0x00000000e0000000, 0x00000000e5e00000, 0x00000000f5580000)
  object space 96256K, 48% used [0x00000000e0000000,0x00000000e2dd6240,0x00000000e5e00000)
 Metaspace       used 84698K, capacity 92170K, committed 92456K, reserved 1128448K
  class space    used 10167K, capacity 12526K, committed 12592K, reserved 1048576K
}
Event: 1375.208 GC heap before
{Heap before GC invocations=43 (full 18):
 PSYoungGen      total 117760K, used 160K [0x00000000f5580000, 0x00000000ffb00000, 0x0000000100000000)
  eden space 117248K, 0% used [0x00000000f5580000,0x00000000f5580000,0x00000000fc800000)
  from space 512K, 31% used [0x00000000fc800000,0x00000000fc828000,0x00000000fc880000)
  to   space 26112K, 0% used [0x00000000fe180000,0x00000000fe180000,0x00000000ffb00000)
 ParOldGen       total 96256K, used 46936K [0x00000000e0000000, 0x00000000e5e00000, 0x00000000f5580000)
  object space 96256K, 48% used [0x00000000e0000000,0x00000000e2dd6240,0x00000000e5e00000)
 Metaspace       used 84698K, capacity 92170K, committed 92456K, reserved 1128448K
  class space    used 10167K, capacity 12526K, committed 12592K, reserved 1048576K
Event: 1375.316 GC heap after
Heap after GC invocations=43 (full 18):
 PSYoungGen      total 117760K, used 0K [0x00000000f5580000, 0x00000000ffb00000, 0x0000000100000000)
  eden space 117248K, 0% used [0x00000000f5580000,0x00000000f5580000,0x00000000fc800000)
  from space 512K, 0% used [0x00000000fc800000,0x00000000fc800000,0x00000000fc880000)
  to   space 26112K, 0% used [0x00000000fe180000,0x00000000fe180000,0x00000000ffb00000)
 ParOldGen       total 96256K, used 46928K [0x00000000e0000000, 0x00000000e5e00000, 0x00000000f5580000)
  object space 96256K, 48% used [0x00000000e0000000,0x00000000e2dd43a0,0x00000000e5e00000)
 Metaspace       used 84698K, capacity 92170K, committed 92456K, reserved 1128448K
  class space    used 10167K, capacity 12526K, committed 12592K, reserved 1048576K
}
Event: 1435.222 GC heap before
{Heap before GC invocations=44 (full 18):
 PSYoungGen      total 117760K, used 3556K [0x00000000f5580000, 0x00000000ffb00000, 0x0000000100000000)
  eden space 117248K, 3% used [0x00000000f5580000,0x00000000f58f9240,0x00000000fc800000)
  from space 512K, 0% used [0x00000000fc800000,0x00000000fc800000,0x00000000fc880000)
  to   space 26112K, 0% used [0x00000000fe180000,0x00000000fe180000,0x00000000ffb00000)
 ParOldGen       total 96256K, used 46928K [0x00000000e0000000, 0x00000000e5e00000, 0x00000000f5580000)
  object space 96256K, 48% used [0x00000000e0000000,0x00000000e2dd43a0,0x00000000e5e00000)
 Metaspace       used 84698K, capacity 92170K, committed 92456K, reserved 1128448K
  class space    used 10167K, capacity 12526K, committed 12592K, reserved 1048576K
Event: 1435.225 GC heap after
Heap after GC invocations=44 (full 18):
 PSYoungGen      total 140288K, used 160K [0x00000000f5580000, 0x00000000ff800000, 0x0000000100000000)
  eden space 117248K, 0% used [0x00000000f5580000,0x00000000f5580000,0x00000000fc800000)
  from space 23040K, 0% used [0x00000000fe180000,0x00000000fe1a8000,0x00000000ff800000)
  to   space 24576K, 0% used [0x00000000fc800000,0x00000000fc800000,0x00000000fe000000)
 ParOldGen       total 96256K, used 46928K [0x00000000e0000000, 0x00000000e5e00000, 0x00000000f5580000)
  object space 96256K, 48% used [0x00000000e0000000,0x00000000e2dd43a0,0x00000000e5e00000)
 Metaspace       used 84698K, capacity 92170K, committed 92456K, reserved 1128448K
  class space    used 10167K, capacity 12526K, committed 12592K, reserved 1048576K
}
Event: 1435.225 GC heap before
{Heap before GC invocations=45 (full 19):
 PSYoungGen      total 140288K, used 160K [0x00000000f5580000, 0x00000000ff800000, 0x0000000100000000)
  eden space 117248K, 0% used [0x00000000f5580000,0x00000000f5580000,0x00000000fc800000)
  from space 23040K, 0% used [0x00000000fe180000,0x00000000fe1a8000,0x00000000ff800000)
  to   space 24576K, 0% used [0x00000000fc800000,0x00000000fc800000,0x00000000fe000000)
 ParOldGen       total 96256K, used 46928K [0x00000000e0000000, 0x00000000e5e00000, 0x00000000f5580000)
  object space 96256K, 48% used [0x00000000e0000000,0x00000000e2dd43a0,0x00000000e5e00000)
 Metaspace       used 84698K, capacity 92170K, committed 92456K, reserved 1128448K
  class space    used 10167K, capacity 12526K, committed 12592K, reserved 1048576K
Event: 1435.316 GC heap after
Heap after GC invocations=45 (full 19):
 PSYoungGen      total 140288K, used 0K [0x00000000f5580000, 0x00000000ff800000, 0x0000000100000000)
  eden space 117248K, 0% used [0x00000000f5580000,0x00000000f5580000,0x00000000fc800000)
  from space 23040K, 0% used [0x00000000fe180000,0x00000000fe180000,0x00000000ff800000)
  to   space 24576K, 0% used [0x00000000fc800000,0x00000000fc800000,0x00000000fe000000)
 ParOldGen       total 96256K, used 46928K [0x00000000e0000000, 0x00000000e5e00000, 0x00000000f5580000)
  object space 96256K, 48% used [0x00000000e0000000,0x00000000e2dd43a0,0x00000000e5e00000)
 Metaspace       used 84698K, capacity 92170K, committed 92456K, reserved 1128448K
  class space    used 10167K, capacity 12526K, committed 12592K, reserved 1048576K
}

Deoptimization events (10 events):
Event: 1471.502 Thread 0x00000000023e8000 Uncommon trap: reason=unstable_if action=reinterpret pc=0x00000000044a3968 method=org.eclipse.emf.ecore.impl.MinimalEObjectImpl.setField(ILjava/lang/Object;)V @ 9
Event: 1471.508 Thread 0x0000000016e59000 Uncommon trap: reason=unstable_if action=reinterpret pc=0x0000000004707f8c method=org.eclipse.e4.ui.internal.workbench.swt.E4Application$1.syncExec(Ljava/lang/Runnable;)V @ 14
Event: 1471.509 Thread 0x0000000016e59000 Uncommon trap: reason=unstable_if action=reinterpret pc=0x000000000454af48 method=org.eclipse.e4.ui.internal.workbench.swt.E4Application$1.syncExec(Ljava/lang/Runnable;)V @ 14
Event: 1471.513 Thread 0x00000000023e8000 Uncommon trap: reason=unstable_if action=reinterpret pc=0x0000000002b3d898 method=java.lang.ref.SoftReference.get()Ljava/lang/Object; @ 6
Event: 1471.529 Thread 0x0000000016e61800 Uncommon trap: reason=unstable_if action=reinterpret pc=0x0000000003be33fc method=org.eclipse.equinox.internal.event.EventHandlerTracker.getHandlers(Ljava/lang/String;)Ljava/util/Set; @ 28
Event: 1471.530 Thread 0x0000000016e61800 Uncommon trap: reason=class_check action=maybe_recompile pc=0x000000000477a27c method=org.eclipse.e4.core.internal.contexts.TrackableComputationExt.update(Lorg/eclipse/e4/core/internal/contexts/ContextChangeEvent;)Z @ 62
Event: 1471.531 Thread 0x0000000016e61800 Uncommon trap: reason=class_check action=maybe_recompile pc=0x000000000477a27c method=org.eclipse.e4.core.internal.contexts.TrackableComputationExt.update(Lorg/eclipse/e4/core/internal/contexts/ContextChangeEvent;)Z @ 62
Event: 1471.563 Thread 0x000000001c6ce800 Uncommon trap: reason=unstable_if action=reinterpret pc=0x0000000002693764 method=sun.nio.cs.SingleByte$Encoder.encode(C)I @ 13
Event: 1472.127 Thread 0x0000000016e61800 Uncommon trap: reason=unstable_if action=reinterpret pc=0x00000000032d8764 method=org.eclipse.osgi.internal.hooks.EclipseLazyStarter.shouldActivateFor(Ljava/lang/String;Lorg/eclipse/osgi/container/Module;Lorg/eclipse/osgi/container/ModuleRevision;Lorg/ecliØ!CØƒ
Event: 1472.129 Thread 0x00000000178c2800 Uncommon trap: reason=unstable_if action=reinterpret pc=0x00000000031b71d8 method=org.eclipse.osgi.internal.framework.BundleContextImpl.dispatchEvent(Ljava/lang/Object;Ljava/lang/Object;ILjava/lang/Object;)V @ 16

Internal exceptions (10 events):
Event: 599.095 Thread 0x00000000023e8000 Implicit null exception at 0x0000000004524823 to 0x000000000452535d
Event: 599.096 Thread 0x00000000023e8000 Implicit null exception at 0x00000000038b5f8f to 0x00000000038b7411
Event: 1468.492 Thread 0x00000000023e8000 Implicit null exception at 0x00000000038f6ac4 to 0x00000000038f89dd
Event: 1470.352 Thread 0x00000000023e8000 Implicit null exception at 0x00000000030eb013 to 0x00000000030eb0ae
Event: 1471.513 Thread 0x00000000023e8000 Implicit null exception at 0x0000000002b3b00a to 0x0000000002b3d84d
Event: 1471.562 Thread 0x000000001c6ca800 Exception <a 'java/lang/InterruptedException'> (0x00000000f7155e00) thrown at [C:\re\workspace\8-2-build-windows-amd64-cygwin\jdk8u66\5298\hotspot\src\share\vm\runtime\objectMonitor.cpp, line 1683]
Event: 1472.167 Thread 0x0000000016e59000 Exception <a 'java/lang/InterruptedException'> (0x00000000f5b9b668) thrown at [C:\re\workspace\8-2-build-windows-amd64-cygwin\jdk8u66\5298\hotspot\src\share\vm\runtime\objectMonitor.cpp, line 1683]
Event: 1472.253 Thread 0x00000000178c2800 Exception <a 'java/lang/InterruptedException'> (0x00000000f7486070) thrown at [C:\re\workspace\8-2-build-windows-amd64-cygwin\jdk8u66\5298\hotspot\src\share\vm\runtime\objectMonitor.cpp, line 1683]
Event: 1472.256 Thread 0x0000000017852800 Exception <a 'java/lang/InterruptedException'> (0x00000000f7666848) thrown at [C:\re\workspace\8-2-build-windows-amd64-cygwin\jdk8u66\5298\hotspot\src\share\vm\runtime\objectMonitor.cpp, line 1683]
Event: 1472.268 Thread 0x0000000016e5a000 Exception <a 'java/lang/InterruptedException'> (0x00000000f640dc18) thrown at [C:\re\workspace\8-2-build-windows-amd64-cygwin\jdk8u66\5298\hotspot\src\share\vm\runtime\objectMonitor.cpp, line 1683]

Events (10 events):
Event: 1472.259 loading class java/util/IdentityHashMap$KeyIterator
Event: 1472.259 loading class java/util/IdentityHashMap$IdentityHashMapIterator
Event: 1472.259 loading class java/util/IdentityHashMap$IdentityHashMapIterator done
Event: 1472.259 loading class java/util/IdentityHashMap$KeyIterator done
Event: 1472.259 Thread 0x0000000014f78800 flushing nmethod 0x000000000441f8d0
Event: 1472.259 Thread 0x0000000016e61800 Thread added: 0x0000000016e61800
Event: 1472.268 Thread 0x00000000177c0800 Thread exited: 0x00000000177c0800
Event: 1472.268 Thread 0x0000000016e5a000 Thread exited: 0x0000000016e5a000
Event: 1472.269 Thread 0x0000000016e61800 Thread exited: 0x0000000016e61800
Event: 1472.269 Executing VM operation: Exit


Dynamic libraries:
0x0000000000400000 - 0x000000000044f000 	C:\Xilinx\SDK\2016.2\eclipse\win64.o\eclipse.exe
0x0000000077410000 - 0x00000000775ba000 	C:\Windows\SYSTEM32\ntdll.dll
0x00000000771f0000 - 0x000000007730f000 	C:\Windows\system32\kernel32.dll
0x000007fefd220000 - 0x000007fefd28a000 	C:\Windows\system32\KERNELBASE.dll
0x0000000077310000 - 0x000000007740a000 	C:\Windows\system32\USER32.dll
0x000007feff5f0000 - 0x000007feff657000 	C:\Windows\system32\GDI32.dll
0x000007feff710000 - 0x000007feff71e000 	C:\Windows\system32\LPK.dll
0x000007fefd600000 - 0x000007fefd6ca000 	C:\Windows\system32\USP10.dll
0x000007feff670000 - 0x000007feff70f000 	C:\Windows\system32\msvcrt.dll
0x000007fefba60000 - 0x000007fefbc54000 	C:\Windows\WinSxS\amd64_microsoft.windows.common-controls_6595b64144ccf1df_6.0.7601.18837_none_fa3b1e3d17594757\COMCTL32.dll
0x000007feff440000 - 0x000007feff4b1000 	C:\Windows\system32\SHLWAPI.dll
0x000007fefd7e0000 - 0x000007fefd80e000 	C:\Windows\system32\IMM32.DLL
0x000007fefd6d0000 - 0x000007fefd7d9000 	C:\Windows\system32\MSCTF.dll
0x0000000072000000 - 0x0000000072012000 	C:\Xilinx\SDK\2016.2\eclipse\win64.o\plugins\org.eclipse.equinox.launcher.win32.win32.x86_64_1.1.300.v20150602-1417\eclipse_1611.dll
0x000007fefe5e0000 - 0x000007fefe6bb000 	C:\Windows\system32\ADVAPI32.dll
0x000007fefd810000 - 0x000007fefd82f000 	C:\Windows\SYSTEM32\sechost.dll
0x000007feff4c0000 - 0x000007feff5ed000 	C:\Windows\system32\RPCRT4.dll
0x000007fefc1e0000 - 0x000007fefc1ec000 	C:\Windows\system32\VERSION.dll
0x000007fefba00000 - 0x000007fefba56000 	C:\Windows\system32\UxTheme.dll
0x00000000659f0000 - 0x0000000066279000 	C:\Xilinx\SDK\2016.2\tps\win64\jre\bin\server\jvm.dll
0x000007fef7ce0000 - 0x000007fef7ce9000 	C:\Windows\system32\WSOCK32.dll
0x000007fefd5b0000 - 0x000007fefd5fd000 	C:\Windows\system32\WS2_32.dll
0x000007feff660000 - 0x000007feff668000 	C:\Windows\system32\NSI.dll
0x000007fefaa70000 - 0x000007fefaaab000 	C:\Windows\system32\WINMM.dll
0x00000000775d0000 - 0x00000000775d7000 	C:\Windows\system32\PSAPI.DLL
0x0000000072ff0000 - 0x00000000730c2000 	C:\Windows\system32\MSVCR100.dll
0x0000000073300000 - 0x000000007330f000 	C:\Xilinx\SDK\2016.2\tps\win64\jre\bin\verify.dll
0x00000000732d0000 - 0x00000000732f9000 	C:\Xilinx\SDK\2016.2\tps\win64\jre\bin\java.dll
0x0000000073200000 - 0x0000000073216000 	C:\Xilinx\SDK\2016.2\tps\win64\jre\bin\zip.dll
0x000007fefd830000 - 0x000007fefe5b9000 	C:\Windows\system32\SHELL32.dll
0x000007fefe6c0000 - 0x000007fefe8c3000 	C:\Windows\system32\ole32.dll
0x000007fefd160000 - 0x000007fefd16f000 	C:\Windows\system32\profapi.dll
0x000007fefc950000 - 0x000007fefc968000 	C:\Windows\system32\CRYPTSP.dll
0x000007fefc650000 - 0x000007fefc697000 	C:\Windows\system32\rsaenh.dll
0x000007fefd340000 - 0x000007fefd35e000 	C:\Windows\system32\USERENV.dll
0x000007fefcfb0000 - 0x000007fefcfbf000 	C:\Windows\system32\CRYPTBASE.dll
0x0000000073220000 - 0x000000007323a000 	C:\Xilinx\SDK\2016.2\tps\win64\jre\bin\net.dll
0x000007fefc8f0000 - 0x000007fefc945000 	C:\Windows\system32\mswsock.dll
0x000007fefc8e0000 - 0x000007fefc8e7000 	C:\Windows\System32\wship6.dll
0x000007fefa460000 - 0x000007fefa487000 	C:\Windows\system32\IPHLPAPI.DLL
0x000007fefa450000 - 0x000007fefa45b000 	C:\Windows\system32\WINNSI.DLL
0x000007fef9660000 - 0x000007fef9671000 	C:\Windows\system32\dhcpcsvc6.DLL
0x000007fef9640000 - 0x000007fef9658000 	C:\Windows\system32\dhcpcsvc.DLL
0x00000000731b0000 - 0x00000000731c1000 	C:\Xilinx\SDK\2016.2\tps\win64\jre\bin\nio.dll
0x000007fefa6f0000 - 0x000007fefa705000 	C:\Windows\system32\NLAapi.dll
0x000007fef91c0000 - 0x000007fef91d5000 	C:\Windows\system32\napinsp.dll
0x000007fef91e0000 - 0x000007fef91f9000 	C:\Windows\system32\pnrpnsp.dll
0x000007fefc770000 - 0x000007fefc7cb000 	C:\Windows\system32\DNSAPI.dll
0x000007fef91b0000 - 0x000007fef91bb000 	C:\Windows\System32\winrnr.dll
0x000007fefc2b0000 - 0x000007fefc2b7000 	C:\Windows\System32\wshtcpip.dll
0x000007fef9240000 - 0x000007fef9248000 	C:\Windows\system32\rasadhlp.dll
0x000007fef96f0000 - 0x000007fef9743000 	C:\Windows\System32\fwpuclnt.dll
0x00000000186d0000 - 0x0000000018778000 	C:\Users\tabrizim\.Xilinx\SDK\2016.2\org.eclipse.osgi\312\0\.cp\swt-win32-4527.dll
0x000007fefef10000 - 0x000007fefefe8000 	C:\Windows\system32\OLEAUT32.dll
0x000007feff3a0000 - 0x000007feff437000 	C:\Windows\system32\comdlg32.dll
0x000007fef67b0000 - 0x000007fef6821000 	C:\Windows\system32\WINSPOOL.DRV
0x000007feff070000 - 0x000007feff335000 	C:\Windows\system32\WININET.dll
0x000007fefd2f0000 - 0x000007fefd2f4000 	C:\Windows\system32\api-ms-win-downlevel-user32-l1-1-0.dll
0x000007fefd170000 - 0x000007fefd174000 	C:\Windows\system32\api-ms-win-downlevel-shlwapi-l1-1-0.dll
0x000007fefd2a0000 - 0x000007fefd2a4000 	C:\Windows\system32\api-ms-win-downlevel-version-l1-1-0.dll
0x000007fefd4e0000 - 0x000007fefd4e3000 	C:\Windows\system32\api-ms-win-downlevel-normaliz-l1-1-0.dll
0x00000000775e0000 - 0x00000000775e3000 	C:\Windows\system32\normaliz.DLL
0x000007fefec40000 - 0x000007fefef09000 	C:\Windows\system32\iertutil.dll
0x000007fefd290000 - 0x000007fefd295000 	C:\Windows\system32\api-ms-win-downlevel-advapi32-l1-1-0.dll
0x000007fefd370000 - 0x000007fefd4dd000 	C:\Windows\system32\CRYPT32.dll
0x000007fefd150000 - 0x000007fefd15f000 	C:\Windows\system32\MSASN1.dll
0x000007fefb4d0000 - 0x000007fefb5fc000 	C:\Windows\system32\propsys.dll
0x000007fefd510000 - 0x000007fefd5a9000 	C:\Windows\system32\CLBCatQ.DLL
0x00000000003b0000 - 0x00000000003ce000 	C:\Users\tabrizim\.Xilinx\SDK\2016.2\org.eclipse.osgi\312\0\.cp\swt-gdip-win32-4527.dll
0x000007fefb7e0000 - 0x000007fefb9f6000 	C:\Windows\WinSxS\amd64_microsoft.windows.gdiplus_6595b64144ccf1df_1.1.7601.23508_none_145555328b95eaaa\gdiplus.dll
0x000007fefb300000 - 0x000007fefb461000 	C:\Windows\system32\WindowsCodecs.dll
0x0000000180000000 - 0x0000000180012000 	C:\Users\tabrizim\.Xilinx\SDK\2016.2\org.eclipse.osgi\126\0\.cp\os\win32\x86_64\localfile_1_0_0.dll
0x000007fef1e90000 - 0x000007fef1ee4000 	C:\Windows\system32\oleacc.dll
0x000007fef9680000 - 0x000007fef9687000 	C:\Windows\system32\msimg32.dll
0x000007fefd0a0000 - 0x000007fefd0b4000 	C:\Windows\system32\RpcRtRemote.dll
0x000007fefcf50000 - 0x000007fefcfa7000 	C:\Windows\system32\apphelp.dll
0x000007fef3200000 - 0x000007fef3211000 	C:\Users\tabrizim\.Xilinx\SDK\2016.2\org.eclipse.osgi\129\0\.cp\jWinHttp-1.0.0.dll
0x000007fef8ce0000 - 0x000007fef8d51000 	C:\Windows\system32\WINHTTP.dll
0x000007fef8c30000 - 0x000007fef8c94000 	C:\Windows\system32\webio.dll
0x000007fefcf20000 - 0x000007fefcf45000 	C:\Windows\system32\SspiCli.dll
0x000007fefc510000 - 0x000007fefc51a000 	C:\Windows\system32\credssp.dll
0x000007fefd2b0000 - 0x000007fefd2e6000 	C:\Windows\system32\CFGMGR32.dll
0x000007fef7c30000 - 0x000007fef7c3f000 	C:\Xilinx\SDK\2016.2\lib\win64.o\librdi_repo_manager.dll
0x000007fef31d0000 - 0x000007fef31fa000 	C:\Xilinx\SDK\2016.2\lib\win64.o\libisl_sysinfo.dll
0x000007feebca0000 - 0x000007feebd74000 	C:\Windows\system32\MSVCR110.dll
0x000007feebbf0000 - 0x000007feebc97000 	C:\Windows\system32\MSVCP110.dll
0x000007fef2790000 - 0x000007fef31d0000 	C:\Xilinx\SDK\2016.2\lib\win64.o\librdi_common.dll
0x000007fec46b0000 - 0x000007fec4a1e000 	C:\Xilinx\SDK\2016.2\lib\win64.o\libCOIN-all.dll
0x000007fec4490000 - 0x000007fec46af000 	C:\Xilinx\SDK\2016.2\lib\win64.o\libXil_lmgr11.dll
0x000007fefb1c0000 - 0x000007fefb1d6000 	C:\Windows\system32\NETAPI32.dll
0x000007fefc580000 - 0x000007fefc58c000 	C:\Windows\system32\netutils.dll
0x000007fefcb60000 - 0x000007fefcb83000 	C:\Windows\system32\srvcli.dll
0x000007fefb1a0000 - 0x000007fefb1b5000 	C:\Windows\system32\wkscli.dll
0x000007fefd300000 - 0x000007fefd33b000 	C:\Windows\system32\WINTRUST.dll
0x000007fef7b80000 - 0x000007fef7b90000 	C:\Xilinx\SDK\2016.2\lib\win64.o\libboost_date_time.dll
0x000007fef2760000 - 0x000007fef2784000 	C:\Xilinx\SDK\2016.2\lib\win64.o\libboost_filesystem.dll
0x000007fef7cd0000 - 0x000007fef7cd9000 	C:\Xilinx\SDK\2016.2\lib\win64.o\libboost_system.dll
0x000007fef26e0000 - 0x000007fef2757000 	C:\Xilinx\SDK\2016.2\lib\win64.o\libboost_program_options.dll
0x000007fec3cd0000 - 0x000007fec3dd6000 	C:\Xilinx\SDK\2016.2\lib\win64.o\libboost_regex.dll
0x000007fef26c0000 - 0x000007fef26d3000 	C:\Xilinx\SDK\2016.2\lib\win64.o\libboost_signals.dll
0x000007fef3220000 - 0x000007fef323d000 	C:\Xilinx\SDK\2016.2\lib\win64.o\libboost_thread.dll
0x000007fef7380000 - 0x000007fef738b000 	C:\Xilinx\SDK\2016.2\lib\win64.o\libboost_chrono.dll
0x000007fef5910000 - 0x000007fef591b000 	C:\Xilinx\SDK\2016.2\lib\win64.o\libboost_xilinx.dll
0x000007fef2640000 - 0x000007fef26c0000 	C:\Xilinx\SDK\2016.2\lib\win64.o\libhdlpsolve.dll
0x000007fec3c30000 - 0x000007fec3cca000 	C:\Xilinx\SDK\2016.2\lib\win64.o\libhdxml.dll
0x000007fec1000000 - 0x000007fec1465e00 	C:\Xilinx\SDK\2016.2\lib\win64.o\libisl_iostreams.dll
0x000007feea110000 - 0x000007feea126000 	C:\Xilinx\SDK\2016.2\lib\win64.o\libboost_iostreams.dll
0x000007fec4ba0000 - 0x000007fec4bc3000 	C:\Xilinx\SDK\2016.2\lib\win64.o\librdizlib.dll
0x000007fec4b70000 - 0x000007fec4b93000 	C:\Xilinx\SDK\2016.2\lib\win64.o\libisl_iosutils.dll
0x000007fec4bf0000 - 0x000007fec4c05000 	C:\Xilinx\SDK\2016.2\lib\win64.o\pthreadVC2.dll
0x000007fec4430000 - 0x000007fec4484000 	C:\Xilinx\SDK\2016.2\lib\win64.o\librdi_commonxillic.dll
0x000007fec39e0000 - 0x000007fec3b10000 	C:\Xilinx\SDK\2016.2\lib\win64.o\librdi_curl.dll
0x000007fec4b50000 - 0x000007fec4b68000 	C:\Xilinx\SDK\2016.2\lib\win64.o\librdiconfig.dll
0x0000000064e60000 - 0x0000000064f87000 	C:\Xilinx\SDK\2016.2\lib\win64.o\tcl85t.dll
0x0000000023ab0000 - 0x0000000023d13000 	C:\Xilinx\SDK\2016.2\lib\win64.o\xerces-c_3_1.dll
0x000007fefe8d0000 - 0x000007fefea56000 	C:\Windows\system32\urlmon.dll
0x000007fefd360000 - 0x000007fefd364000 	C:\Windows\system32\api-ms-win-downlevel-ole32-l1-1-0.dll
0x000007fef17b0000 - 0x000007fef17d3000 	C:\Windows\system32\VCOMP110.DLL
0x000007fec0e00000 - 0x000007fec0ff2000 	C:\Xilinx\SDK\2016.2\lib\win64.o\librdi_hsm.dll
0x000007fec3990000 - 0x000007fec39d3000 	C:\Xilinx\SDK\2016.2\lib\win64.o\librdi_hdf.dll
0x000007fec0b70000 - 0x000007fec0df1000 	C:\Xilinx\SDK\2016.2\lib\win64.o\librdi_ippcw.dll
0x000007fef5e20000 - 0x000007fef5e2a000 	C:\Xilinx\SDK\2016.2\lib\win64.o\librdi_jtag_settings.dll
0x000007fec4b20000 - 0x000007fec4b49000 	C:\Xilinx\SDK\2016.2\lib\win64.o\librdi_debug_dialog.dll
0x000007fef1840000 - 0x000007fef1848000 	C:\Xilinx\SDK\2016.2\lib\win64.o\librdi_target_manager.dll
0x000007fec4b00000 - 0x000007fec4b16000 	C:\Xilinx\SDK\2016.2\eclipse\win64.o\plugins\org.eclipse.cdt.core.win32.x86_64_5.4.0.201509131935\os\win32\x86_64\spawner.dll
0x0000000071080000 - 0x00000000710a6000 	C:\Xilinx\SDK\2016.2\eclipse\win64.o\plugins\gnu.io.rxtx.win32.x86_64_2.1.7.3_v20071015\os\win32\x86_64\rxtxSerial.dll
0x000007feb54d0000 - 0x000007feb5ce0000 	C:\Xilinx\SDK\2016.2\lib\win64.o\libXil_lmgr11FNP.dll
0x000007fef5410000 - 0x000007fef541b000 	C:\Windows\system32\snmpapi.dll

VM Arguments:
jvm_args: -Dcom.xilinx.sdk.args.hwspec=W:/video_demo/NexysVideo-master/Projects/hdmi/proj/hdmi.sdk/hdmi_wrapper.hdf -Xms64m -Xmx512m & 
java_command: <unknown>
java_class_path (initial): C:\Xilinx\SDK\2016.2\eclipse\win64.o\\plugins/org.eclipse.equinox.launcher_1.3.100.v20150511-1540.jar
Launcher Type: generic

Environment Variables:
PATH=C:/Xilinx/SDK/2016.2/tps/win64/jre/bin/server;C:/Xilinx/SDK/2016.2/tps/win64/jre/bin;C:/Xilinx/SDK/2016.2/tps/win64/jre/lib/amd64;C:\Xilinx\SDK\2016.2\gnuwin\bin;C:\Xilinx\SDK\2016.2\gnu\microblaze\nt\bin;C:\Xilinx\SDK\2016.2\gnu\microblaze\linux_toolchain\nt64_le\bin;C:\Xilinx\SDK\2016.2\gnu\microblaze\linux_toolchain\nt64_be\bin;C:\Xilinx\SDK\2016.2\gnu\arm\nt\bin;C:\Xilinx\SDK\2016.2\gnu\aarch64\nt\aarch64-none\bin;C:\Xilinx\SDK\2016.2\gnu\aarch64\nt\aarch64-linux\bin;C:\Xilinx\SDK\2016.2\gnu\armr5\nt\gcc-arm-none-eabi\bin;C:\Xilinx\SDK\2016.2\gnu\aarch32\nt\gcc-arm-none-eabi\bin;C:\Xilinx\SDK\2016.2\gnu\aarch32\nt\gcc-arm-linux-gnueabi\bin;C:\Xilinx\SDK\2016.2\tps\win64\cmake-3.3.2\bin;;C:\Xilinx\SDK\2016.2\bin;C:\Xilinx\SDK\2016.2\lib\win64.o;C:\Xilinx\SDK\2016.2\tps\win64\jre\bin\server;C:\Xilinx\SDK\2016.2\tps\win64\jre\bin;C:\Xilinx\Vivado\2016.2\ids_lite\ISE\bin\nt64;C:\Xilinx\Vivado\2016.2\ids_lite\ISE\lib\nt64;C:\Xilinx\Vivado\2016.2\bin;C:\Xilinx\Vivado\2016.2\lib\win64.o;C:\Xilinx\Vivado\2016.2\tps\win64\jre\bin\server;C:\Xilinx\Vivado\2016.2\tps\win64\jre\bin;C:\Xilinx\Vivado_HLS\2016.2\bin;C:\Windows\system32;C:\Windows;C:\Windows\System32\Wbem;C:\Windows\System32\WindowsPowerShell\v1.0\;C:\Program Files (x86)\Java\jre6\bin;C:\Program Files (x86)\eclipse;C:\altera\16.0\quartus\bin64;c:\altera\16.0\quartus\bin64\jre64\bin;w:\video_demo\NexysVideo-master\Projects\hdmi\proj;
USERNAME=tabrizim
OS=Windows_NT
PROCESSOR_IDENTIFIER=Intel64 Family 6 Model 60 Stepping 3, GenuineIntel



---------------  S Y S T E M  ---------------

OS: Windows 7 , 64 bit Build 7601 (6.1.7601.23418)

CPU:total 8 (4 cores per cpu, 2 threads per core) family 6 model 60 stepping 3, cmov, cx8, fxsr, mmx, sse, sse2, sse3, ssse3, sse4.1, sse4.2, popcnt, avx, avx2, aes, clmul, erms, lzcnt, ht, tsc, tscinvbit, bmi1, bmi2

Memory: 4k page, physical 16683160k(9382212k free), swap 33364460k(25170300k free)

vm_info: Java HotSpot(TM) 64-Bit Server VM (25.66-b18) for windows-amd64 JRE (1.8.0_66-b18), built on Nov  9 2015 10:51:13 by "java_re" with MS VC++ 10.0 (VS2010)

time: Thu Mar 09 19:32:57 2017
elapsed time: 1472 seconds (0d 0h 24m 32s)

