#
# A fatal error has been detected by the Java Runtime Environment:
#
#  EXCEPTION_UNCAUGHT_CXX_EXCEPTION (0xe06d7363) at pc=0x000007fefd0fa06d, pid=4160, tid=1880
#
# JRE version: Java(TM) SE Runtime Environment (8.0_66-b18) (build 1.8.0_66-b18)
# Java VM: Java HotSpot(TM) 64-Bit Server VM (25.66-b18 mixed mode windows-amd64 compressed oops)
# Problematic frame:
# C  [KERNELBASE.dll+0x1a06d]
#
# Failed to write core dump. Minidumps are not enabled by default on client versions of Windows
#
# If you would like to submit a bug report, please visit:
#   http://bugreport.java.com/bugreport/crash.jsp
#

---------------  T H R E A D  ---------------

Current thread (0x0000000014eb2800):  VMThread [stack: 0x0000000015e00000,0x0000000015f00000] [id=1880]

siginfo: ExceptionCode=0xe06d7363, ExceptionInformation=0x0000000019930520 0x0000000015eff6c8 0x000007feebaf2cb8 0x000007feeba40000 

Registers:
RAX=0x0000000060774c6a, RBX=0x000007feebaf2cb8, RCX=0x0000000015efef10, RDX=0x00000000000000d0
RSP=0x0000000015eff520, RBP=0x0000000015eff650, RSI=0x00000000ffffffff, RDI=0x00000000003f5500
R8 =0x0000000000000000, R9 =0x0000000000000000, R10=0x000007feeba40000, R11=0x0000000015eff560
R12=0x0000000000000001, R13=0x0000000000000008, R14=0x0000000000000000, R15=0xffffffffffffffff
RIP=0x000007fefd0fa06d, EFLAGS=0x0000000000000206

Top of Stack: (sp=0x0000000015eff520)
0x0000000015eff520:   000007feebaf2cb8 00000000ffffffff
0x0000000015eff530:   00000000003f5500 0000000000398260
0x0000000015eff540:   00000001e06d7363 0000000000000000
0x0000000015eff550:   000007fefd0fa06d 000007fe00000004
0x0000000015eff560:   0000000019930520 0000000015eff6c8
0x0000000015eff570:   000007feebaf2cb8 000007feeba40000
0x0000000015eff580:   0000000000000000 0000000015eff608
0x0000000015eff590:   0000000000000028 00000000003f54f0
0x0000000015eff5a0:   000000001747c6b0 0000000000000000
0x0000000015eff5b0:   000007fffffa8000 000000007738f2d3
0x0000000015eff5c0:   0000000000000000 0000000000000008
0x0000000015eff5d0:   0000000000000001 00000000003f5500
0x0000000015eff5e0:   00000000ffffffff 000007feeba9e92c
0x0000000015eff5f0:   000007feebaf2cb8 0000000015eff660
0x0000000015eff600:   0000000000000001 000007feeba400f8
0x0000000015eff610:   00000001e06d7363 0000000000000000 

Instructions: (pc=0x000007fefd0fa06d)
0x000007fefd0fa04d:   54 24 24 48 89 4c 24 28 4d 85 c9 0f 85 6a 03 00
0x000007fefd0fa05d:   00 89 4c 24 38 48 8d 4c 24 20 ff 15 33 02 03 00
0x000007fefd0fa06d:   48 81 c4 c8 00 00 00 c3 90 90 90 90 90 90 90 90
0x000007fefd0fa07d:   90 90 90 48 83 ec 28 65 48 8b 04 25 30 00 00 00 


Register to memory mapping:

RAX=0x0000000060774c6a is an unknown value
RBX=0x000007feebaf2cb8 is an unknown value
RCX=0x0000000015efef10 is an unknown value
RDX=0x00000000000000d0 is an unknown value
RSP=0x0000000015eff520 is an unknown value
RBP=0x0000000015eff650 is an unknown value
RSI=0x00000000ffffffff is an unallocated location in the heap
RDI=0x00000000003f5500 is an unknown value
R8 =0x0000000000000000 is an unknown value
R9 =0x0000000000000000 is an unknown value
R10=0x000007feeba40000 is an unknown value
R11=0x0000000015eff560 is an unknown value
R12=0x0000000000000001 is an unknown value
R13=0x0000000000000008 is an unknown value
R14=0x0000000000000000 is an unknown value
R15=0xffffffffffffffff is an unknown value


Stack: [0x0000000015e00000,0x0000000015f00000],  sp=0x0000000015eff520,  free space=1021k
Native frames: (J=compiled Java code, j=interpreted, Vv=VM code, C=native code)
C  [KERNELBASE.dll+0x1a06d]
C  [MSVCR110.dll+0x5e92c]
C  [MSVCR110.dll+0x1315c]
C  [MSVCR110.dll+0x136a9]
C  [MSVCR110.dll+0x13e9c]
C  [MSVCR110.dll+0x239e]
C  [MSVCR110.dll+0xaf9e]
C  [MSVCP110.dll+0x397b9]
C  [librdi_common.dll+0x182316]
C  [librdi_common.dll+0x180fab]
C  [librdi_target_manager.dll+0x2400]
C  [librdi_target_manager.dll+0x2682]
C  [ntdll.dll+0x229b1]
C  [ntdll.dll+0x227c0]
C  [MSVCR100.dll+0x20ccd]
V  [jvm.dll+0x210cc5]
V  [jvm.dll+0x249897]
V  [jvm.dll+0x248b36]
V  [jvm.dll+0x248fd1]
V  [jvm.dll+0x2491ee]
V  [jvm.dll+0x29a0fa]
C  [MSVCR100.dll+0x21d9f]
C  [MSVCR100.dll+0x21e3b]
C  [kernel32.dll+0x159bd]
C  [ntdll.dll+0x2a2e1]

VM_Operation (0x000000000012f4c0): Exit, mode: safepoint, requested by thread 0x0000000002318000


---------------  P R O C E S S  ---------------

Java Threads: ( => current thread )
  0x000000001b9e6000 JavaThread "pool-2-thread-1" [_thread_blocked, id=2280, stack(0x0000000028020000,0x0000000028120000)]
  0x000000001b9e4800 JavaThread "Thread-26" daemon [_thread_blocked, id=4784, stack(0x0000000027e20000,0x0000000027f20000)]
  0x000000001b9da000 JavaThread "TCF Channel Transmitter" daemon [_thread_blocked, id=3884, stack(0x00000000246a0000,0x00000000247a0000)]
  0x000000001b9d9800 JavaThread "TCF Channel Receiver" daemon [_thread_in_native, id=3100, stack(0x00000000245a0000,0x00000000246a0000)]
  0x000000001b9d8800 JavaThread "Process monitor" daemon [_thread_in_native, id=3272, stack(0x0000000024fb0000,0x00000000250b0000)]
  0x000000001b9d8000 JavaThread "Input Stream Monitor" daemon [_thread_blocked, id=1456, stack(0x0000000024430000,0x0000000024530000)]
  0x0000000016e92800 JavaThread "Output Stream Monitor" daemon [_thread_in_native, id=4864, stack(0x0000000024050000,0x0000000024150000)]
  0x0000000016e92000 JavaThread "Output Stream Monitor" daemon [_thread_in_native, id=4512, stack(0x0000000021d30000,0x0000000021e30000)]
  0x0000000016e91000 JavaThread "TCF Locator DNS Lookup" daemon [_thread_blocked, id=2108, stack(0x0000000024eb0000,0x0000000024fb0000)]
  0x0000000016e90800 JavaThread "TCF Locator Timer" daemon [_thread_blocked, id=4576, stack(0x0000000024db0000,0x0000000024eb0000)]
  0x0000000016e8f800 JavaThread "TCF Locator Receiver" daemon [_thread_in_native, id=4068, stack(0x0000000024cb0000,0x0000000024db0000)]
  0x0000000016e8e000 JavaThread "TCF Timer Dispatcher" daemon [_thread_blocked, id=4328, stack(0x0000000024ab0000,0x0000000024bb0000)]
  0x0000000016e89800 JavaThread "EMF Reference Cleaner" daemon [_thread_blocked, id=4224, stack(0x000000001a560000,0x000000001a660000)]
  0x0000000014f4a000 JavaThread "Service Thread" daemon [_thread_blocked, id=3708, stack(0x00000000167c0000,0x00000000168c0000)]
  0x0000000014f1f800 JavaThread "C1 CompilerThread3" daemon [_thread_blocked, id=1480, stack(0x00000000166c0000,0x00000000167c0000)]
  0x0000000014f12800 JavaThread "C2 CompilerThread2" daemon [_thread_blocked, id=4988, stack(0x00000000165c0000,0x00000000166c0000)]
  0x0000000014f0d800 JavaThread "C2 CompilerThread1" daemon [_thread_blocked, id=3364, stack(0x00000000164c0000,0x00000000165c0000)]
  0x0000000014f09000 JavaThread "C2 CompilerThread0" daemon [_thread_blocked, id=3524, stack(0x00000000163c0000,0x00000000164c0000)]
  0x0000000014f05000 JavaThread "Attach Listener" daemon [_thread_blocked, id=4960, stack(0x00000000162c0000,0x00000000163c0000)]
  0x0000000014f04000 JavaThread "Signal Dispatcher" daemon [_thread_blocked, id=3704, stack(0x00000000161c0000,0x00000000162c0000)]
  0x0000000013d3e000 JavaThread "Finalizer" daemon [_thread_blocked, id=4516, stack(0x0000000016000000,0x0000000016100000)]
  0x0000000013d37000 JavaThread "Reference Handler" daemon [_thread_blocked, id=3148, stack(0x0000000015f00000,0x0000000016000000)]
  0x0000000002318000 JavaThread "main" [_thread_blocked, id=4236, stack(0x0000000000030000,0x0000000000130000)]

Other Threads:
=>0x0000000014eb2800 VMThread [stack: 0x0000000015e00000,0x0000000015f00000] [id=1880]

VM state:at safepoint (shutting down)

VM Mutex/Monitor currently owned by a thread:  ([mutex/lock_event])
[0x000000000057e540] Threads_lock - owner thread: 0x0000000014eb2800

Heap:
 PSYoungGen      total 125440K, used 42561K [0x00000000f5580000, 0x00000000fd180000, 0x0000000100000000)
  eden space 123904K, 34% used [0x00000000f5580000,0x00000000f7f10788,0x00000000fce80000)
  from space 1536K, 0% used [0x00000000fd000000,0x00000000fd000000,0x00000000fd180000)
  to   space 1536K, 0% used [0x00000000fce80000,0x00000000fce80000,0x00000000fd000000)
 ParOldGen       total 101888K, used 35317K [0x00000000e0000000, 0x00000000e6380000, 0x00000000f5580000)
  object space 101888K, 34% used [0x00000000e0000000,0x00000000e227d630,0x00000000e6380000)
 Metaspace       used 75084K, capacity 81930K, committed 82304K, reserved 1120256K
  class space    used 8984K, capacity 11340K, committed 11392K, reserved 1048576K

Card table byte_map: [0x0000000011890000,0x00000000119a0000] byte_map_base: 0x0000000011190000

Marking Bits: (ParMarkBitMap*) 0x000000006a75a5b0
 Begin Bits: [0x0000000012250000, 0x0000000012a50000)
 End Bits:   [0x0000000012a50000, 0x0000000013250000)

Polling page: 0x0000000000470000

CodeCache: size=245760Kb used=26519Kb max_used=26831Kb free=219240Kb
 bounds [0x00000000024d0000, 0x0000000003f50000, 0x00000000114d0000]
 total_blobs=8082 nmethods=7201 adapters=788
 compilation: enabled

Compilation events (10 events):
Event: 3458.829 Thread 0x0000000014f1f800 nmethod 9025 0x0000000002651fd0 code [0x0000000002652120, 0x0000000002652270]
Event: 3458.830 Thread 0x0000000014f1f800 9024   !   3       org.eclipse.osgi.storage.BundleInfo$Generation::close (34 bytes)
Event: 3458.830 Thread 0x0000000014f1f800 nmethod 9024 0x00000000027b5e90 code [0x00000000027b6000, 0x00000000027b6428]
Event: 3458.830 Thread 0x0000000014f1f800 9023  s!   3       org.eclipse.osgi.storage.bundlefile.ZipBundleFile::close (64 bytes)
Event: 3458.831 Thread 0x0000000014f1f800 nmethod 9023 0x0000000003d7c1d0 code [0x0000000003d7c3a0, 0x0000000003d7cd38]
Event: 3458.831 Thread 0x0000000014f1f800 9027       3       org.eclipse.osgi.container.Module::holdsTransitionEventLock (25 bytes)
Event: 3458.832 Thread 0x0000000014f1f800 nmethod 9027 0x0000000003d61710 code [0x0000000003d618a0, 0x0000000003d61fc8]
Event: 3458.832 Thread 0x0000000014f1f800 9028       3       org.eclipse.osgi.container.ModuleWiring::unload (6 bytes)
Event: 3458.832 Thread 0x0000000014f1f800 nmethod 9028 0x00000000028a21d0 code [0x00000000028a2340, 0x00000000028a24c8]
Event: 3458.833 Thread 0x0000000014f1f800 9029       3       org.eclipse.osgi.container.ModuleWiring::invalidate0 (52 bytes)

GC Heap History (10 events):
Event: 3330.148 GC heap before
{Heap before GC invocations=122 (full 58):
 PSYoungGen      total 125440K, used 448K [0x00000000f5580000, 0x00000000fd180000, 0x0000000100000000)
  eden space 123904K, 0% used [0x00000000f5580000,0x00000000f5580000,0x00000000fce80000)
  from space 1536K, 29% used [0x00000000fd000000,0x00000000fd070000,0x00000000fd180000)
  to   space 1536K, 0% used [0x00000000fce80000,0x00000000fce80000,0x00000000fd000000)
 ParOldGen       total 101888K, used 35317K [0x00000000e0000000, 0x00000000e6380000, 0x00000000f5580000)
  object space 101888K, 34% used [0x00000000e0000000,0x00000000e227d590,0x00000000e6380000)
 Metaspace       used 74149K, capacity 81006K, committed 81408K, reserved 1120256K
  class space    used 8889K, capacity 11208K, committed 11264K, reserved 1048576K
Event: 3330.241 GC heap after
Heap after GC invocations=122 (full 58):
 PSYoungGen      total 125440K, used 0K [0x00000000f5580000, 0x00000000fd180000, 0x0000000100000000)
  eden space 123904K, 0% used [0x00000000f5580000,0x00000000f5580000,0x00000000fce80000)
  from space 1536K, 0% used [0x00000000fd000000,0x00000000fd000000,0x00000000fd180000)
  to   space 1536K, 0% used [0x00000000fce80000,0x00000000fce80000,0x00000000fd000000)
 ParOldGen       total 101888K, used 35462K [0x00000000e0000000, 0x00000000e6380000, 0x00000000f5580000)
  object space 101888K, 34% used [0x00000000e0000000,0x00000000e22a18c8,0x00000000e6380000)
 Metaspace       used 74149K, capacity 81006K, committed 81408K, reserved 1120256K
  class space    used 8889K, capacity 11208K, committed 11264K, reserved 1048576K
}
Event: 3390.128 GC heap before
{Heap before GC invocations=123 (full 58):
 PSYoungGen      total 125440K, used 6535K [0x00000000f5580000, 0x00000000fd180000, 0x0000000100000000)
  eden space 123904K, 5% used [0x00000000f5580000,0x00000000f5be1c50,0x00000000fce80000)
  from space 1536K, 0% used [0x00000000fd000000,0x00000000fd000000,0x00000000fd180000)
  to   space 1536K, 0% used [0x00000000fce80000,0x00000000fce80000,0x00000000fd000000)
 ParOldGen       total 101888K, used 35462K [0x00000000e0000000, 0x00000000e6380000, 0x00000000f5580000)
  object space 101888K, 34% used [0x00000000e0000000,0x00000000e22a18c8,0x00000000e6380000)
 Metaspace       used 74152K, capacity 81006K, committed 81408K, reserved 1120256K
  class space    used 8889K, capacity 11208K, committed 11264K, reserved 1048576K
Event: 3390.130 GC heap after
Heap after GC invocations=123 (full 58):
 PSYoungGen      total 125440K, used 160K [0x00000000f5580000, 0x00000000fd180000, 0x0000000100000000)
  eden space 123904K, 0% used [0x00000000f5580000,0x00000000f5580000,0x00000000fce80000)
  from space 1536K, 10% used [0x00000000fce80000,0x00000000fcea8000,0x00000000fd000000)
  to   space 1536K, 0% used [0x00000000fd000000,0x00000000fd000000,0x00000000fd180000)
 ParOldGen       total 101888K, used 35462K [0x00000000e0000000, 0x00000000e6380000, 0x00000000f5580000)
  object space 101888K, 34% used [0x00000000e0000000,0x00000000e22a18c8,0x00000000e6380000)
 Metaspace       used 74152K, capacity 81006K, committed 81408K, reserved 1120256K
  class space    used 8889K, capacity 11208K, committed 11264K, reserved 1048576K
}
Event: 3390.130 GC heap before
{Heap before GC invocations=124 (full 59):
 PSYoungGen      total 125440K, used 160K [0x00000000f5580000, 0x00000000fd180000, 0x0000000100000000)
  eden space 123904K, 0% used [0x00000000f5580000,0x00000000f5580000,0x00000000fce80000)
  from space 1536K, 10% used [0x00000000fce80000,0x00000000fcea8000,0x00000000fd000000)
  to   space 1536K, 0% used [0x00000000fd000000,0x00000000fd000000,0x00000000fd180000)
 ParOldGen       total 101888K, used 35462K [0x00000000e0000000, 0x00000000e6380000, 0x00000000f5580000)
  object space 101888K, 34% used [0x00000000e0000000,0x00000000e22a18c8,0x00000000e6380000)
 Metaspace       used 74152K, capacity 81006K, committed 81408K, reserved 1120256K
  class space    used 8889K, capacity 11208K, committed 11264K, reserved 1048576K
Event: 3390.182 GC heap after
Heap after GC invocations=124 (full 59):
 PSYoungGen      total 125440K, used 0K [0x00000000f5580000, 0x00000000fd180000, 0x0000000100000000)
  eden space 123904K, 0% used [0x00000000f5580000,0x00000000f5580000,0x00000000fce80000)
  from space 1536K, 0% used [0x00000000fce80000,0x00000000fce80000,0x00000000fd000000)
  to   space 1536K, 0% used [0x00000000fd000000,0x00000000fd000000,0x00000000fd180000)
 ParOldGen       total 101888K, used 35317K [0x00000000e0000000, 0x00000000e6380000, 0x00000000f5580000)
  object space 101888K, 34% used [0x00000000e0000000,0x00000000e227d5d8,0x00000000e6380000)
 Metaspace       used 74152K, capacity 81006K, committed 81408K, reserved 1120256K
  class space    used 8889K, capacity 11208K, committed 11264K, reserved 1048576K
}
Event: 3450.142 GC heap before
{Heap before GC invocations=125 (full 59):
 PSYoungGen      total 125440K, used 5873K [0x00000000f5580000, 0x00000000fd180000, 0x0000000100000000)
  eden space 123904K, 4% used [0x00000000f5580000,0x00000000f5b3c660,0x00000000fce80000)
  from space 1536K, 0% used [0x00000000fce80000,0x00000000fce80000,0x00000000fd000000)
  to   space 1536K, 0% used [0x00000000fd000000,0x00000000fd000000,0x00000000fd180000)
 ParOldGen       total 101888K, used 35317K [0x00000000e0000000, 0x00000000e6380000, 0x00000000f5580000)
  object space 101888K, 34% used [0x00000000e0000000,0x00000000e227d5d8,0x00000000e6380000)
 Metaspace       used 74157K, capacity 81006K, committed 81408K, reserved 1120256K
  class space    used 8889K, capacity 11208K, committed 11264K, reserved 1048576K
Event: 3450.174 GC heap after
Heap after GC invocations=125 (full 59):
 PSYoungGen      total 125440K, used 160K [0x00000000f5580000, 0x00000000fd180000, 0x0000000100000000)
  eden space 123904K, 0% used [0x00000000f5580000,0x00000000f5580000,0x00000000fce80000)
  from space 1536K, 10% used [0x00000000fd000000,0x00000000fd028000,0x00000000fd180000)
  to   space 1536K, 0% used [0x00000000fce80000,0x00000000fce80000,0x00000000fd000000)
 ParOldGen       total 101888K, used 35325K [0x00000000e0000000, 0x00000000e6380000, 0x00000000f5580000)
  object space 101888K, 34% used [0x00000000e0000000,0x00000000e227f5d8,0x00000000e6380000)
 Metaspace       used 74157K, capacity 81006K, committed 81408K, reserved 1120256K
  class space    used 8889K, capacity 11208K, committed 11264K, reserved 1048576K
}
Event: 3450.174 GC heap before
{Heap before GC invocations=126 (full 60):
 PSYoungGen      total 125440K, used 160K [0x00000000f5580000, 0x00000000fd180000, 0x0000000100000000)
  eden space 123904K, 0% used [0x00000000f5580000,0x00000000f5580000,0x00000000fce80000)
  from space 1536K, 10% used [0x00000000fd000000,0x00000000fd028000,0x00000000fd180000)
  to   space 1536K, 0% used [0x00000000fce80000,0x00000000fce80000,0x00000000fd000000)
 ParOldGen       total 101888K, used 35325K [0x00000000e0000000, 0x00000000e6380000, 0x00000000f5580000)
  object space 101888K, 34% used [0x00000000e0000000,0x00000000e227f5d8,0x00000000e6380000)
 Metaspace       used 74157K, capacity 81006K, committed 81408K, reserved 1120256K
  class space    used 8889K, capacity 11208K, committed 11264K, reserved 1048576K
Event: 3450.234 GC heap after
Heap after GC invocations=126 (full 60):
 PSYoungGen      total 125440K, used 0K [0x00000000f5580000, 0x00000000fd180000, 0x0000000100000000)
  eden space 123904K, 0% used [0x00000000f5580000,0x00000000f5580000,0x00000000fce80000)
  from space 1536K, 0% used [0x00000000fd000000,0x00000000fd000000,0x00000000fd180000)
  to   space 1536K, 0% used [0x00000000fce80000,0x00000000fce80000,0x00000000fd000000)
 ParOldGen       total 101888K, used 35317K [0x00000000e0000000, 0x00000000e6380000, 0x00000000f5580000)
  object space 101888K, 34% used [0x00000000e0000000,0x00000000e227d630,0x00000000e6380000)
 Metaspace       used 74157K, capacity 81006K, committed 81408K, reserved 1120256K
  class space    used 8889K, capacity 11208K, committed 11264K, reserved 1048576K
}

Deoptimization events (10 events):
Event: 3458.164 Thread 0x000000001b9db800 Uncommon trap: reason=class_check action=maybe_recompile pc=0x0000000003ede2c4 method=org.eclipse.e4.core.internal.contexts.TrackableComputationExt.update(Lorg/eclipse/e4/core/internal/contexts/ContextChangeEvent;)Z @ 62
Event: 3458.164 Thread 0x000000001b9db800 Uncommon trap: reason=class_check action=maybe_recompile pc=0x0000000003ede2c4 method=org.eclipse.e4.core.internal.contexts.TrackableComputationExt.update(Lorg/eclipse/e4/core/internal/contexts/ContextChangeEvent;)Z @ 62
Event: 3458.185 Thread 0x000000001b9e3000 Uncommon trap: reason=unstable_if action=reinterpret pc=0x00000000026521e4 method=sun.nio.cs.SingleByte$Encoder.encode(C)I @ 13
Event: 3458.186 Thread 0x0000000016e85000 Uncommon trap: reason=predicate action=maybe_recompile pc=0x0000000003c2abfc method=java.util.Arrays.fill([Ljava/lang/Object;Ljava/lang/Object;)V @ 10
Event: 3458.214 Thread 0x0000000016e85000 Uncommon trap: reason=array_check action=maybe_recompile pc=0x000000000301ab18 method=java.util.Arrays.fill([Ljava/lang/Object;Ljava/lang/Object;)V @ 13
Event: 3458.214 Thread 0x0000000016e85000 Uncommon trap: reason=array_check action=maybe_recompile pc=0x000000000301ab18 method=java.util.Arrays.fill([Ljava/lang/Object;Ljava/lang/Object;)V @ 13
Event: 3458.215 Thread 0x0000000016e85000 Uncommon trap: reason=array_check action=maybe_recompile pc=0x000000000301ab18 method=java.util.Arrays.fill([Ljava/lang/Object;Ljava/lang/Object;)V @ 13
Event: 3458.215 Thread 0x0000000016e85000 Uncommon trap: reason=array_check action=maybe_recompile pc=0x000000000301ab18 method=java.util.Arrays.fill([Ljava/lang/Object;Ljava/lang/Object;)V @ 13
Event: 3458.768 Thread 0x000000001b9db800 Uncommon trap: reason=unstable_if action=reinterpret pc=0x00000000034b95a0 method=org.eclipse.osgi.internal.hooks.EclipseLazyStarter.shouldActivateFor(Ljava/lang/String;Lorg/eclipse/osgi/container/Module;Lorg/eclipse/osgi/container/ModuleRevision;Lorg/ecli§TŠ«@
Event: 3458.770 Thread 0x0000000016e85000 Uncommon trap: reason=unstable_if action=reinterpret pc=0x0000000003414aac method=org.eclipse.osgi.internal.framework.BundleContextImpl.dispatchEvent(Ljava/lang/Object;Ljava/lang/Object;ILjava/lang/Object;)V @ 16

Internal exceptions (10 events):
Event: 23.368 Thread 0x000000001b9db000 Exception <a 'java/io/FileNotFoundException'> (0x00000000f6c13100) thrown at [C:\re\workspace\8-2-build-windows-amd64-cygwin\jdk8u66\5298\hotspot\src\share\vm\prims\jni.cpp, line 709]
Event: 23.710 Thread 0x000000001b9db000 Exception <a 'java/io/FileNotFoundException'> (0x00000000f6c2c350) thrown at [C:\re\workspace\8-2-build-windows-amd64-cygwin\jdk8u66\5298\hotspot\src\share\vm\prims\jni.cpp, line 709]
Event: 3450.716 Thread 0x0000000002318000 Implicit null exception at 0x0000000002dbf761 to 0x0000000002dbf945
Event: 3450.716 Thread 0x0000000002318000 Implicit null exception at 0x0000000002dc32b4 to 0x0000000002dc3351
Event: 3458.136 Thread 0x0000000002318000 Implicit null exception at 0x0000000002afb58a to 0x0000000002afddcd
Event: 3458.184 Thread 0x000000001b9e2800 Exception <a 'java/lang/InterruptedException'> (0x00000000f7869318) thrown at [C:\re\workspace\8-2-build-windows-amd64-cygwin\jdk8u66\5298\hotspot\src\share\vm\runtime\objectMonitor.cpp, line 1683]
Event: 3458.811 Thread 0x0000000016e8a800 Exception <a 'java/lang/InterruptedException'> (0x00000000f5cf5108) thrown at [C:\re\workspace\8-2-build-windows-amd64-cygwin\jdk8u66\5298\hotspot\src\share\vm\runtime\objectMonitor.cpp, line 1683]
Event: 3458.826 Thread 0x0000000016e85000 Exception <a 'java/lang/InterruptedException'> (0x00000000f7ac0fe8) thrown at [C:\re\workspace\8-2-build-windows-amd64-cygwin\jdk8u66\5298\hotspot\src\share\vm\runtime\objectMonitor.cpp, line 1683]
Event: 3458.830 Thread 0x0000000016e86800 Exception <a 'java/lang/InterruptedException'> (0x00000000f6719458) thrown at [C:\re\workspace\8-2-build-windows-amd64-cygwin\jdk8u66\5298\hotspot\src\share\vm\runtime\objectMonitor.cpp, line 1683]
Event: 3458.830 Thread 0x0000000016e86000 Exception <a 'java/lang/InterruptedException'> (0x00000000f7e332e8) thrown at [C:\re\workspace\8-2-build-windows-amd64-cygwin\jdk8u66\5298\hotspot\src\share\vm\runtime\objectMonitor.cpp, line 1683]

Events (10 events):
Event: 3458.832 Thread 0x000000001b9db800 Thread exited: 0x000000001b9db800
Event: 3458.832 loading class java/util/IdentityHashMap$KeySet
Event: 3458.832 loading class java/util/IdentityHashMap$KeySet done
Event: 3458.832 loading class java/util/IdentityHashMap$KeyIterator
Event: 3458.832 loading class java/util/IdentityHashMap$IdentityHashMapIterator
Event: 3458.832 loading class java/util/IdentityHashMap$IdentityHashMapIterator done
Event: 3458.832 loading class java/util/IdentityHashMap$KeyIterator done
Event: 3458.832 Thread 0x000000001b9db800 Thread added: 0x000000001b9db800
Event: 3458.832 Thread 0x000000001b9db800 Thread exited: 0x000000001b9db800
Event: 3458.833 Executing VM operation: Exit


Dynamic libraries:
0x0000000000400000 - 0x000000000044f000 	C:\Xilinx\SDK\2016.2\eclipse\win64.o\eclipse.exe
0x0000000077340000 - 0x00000000774ea000 	C:\Windows\SYSTEM32\ntdll.dll
0x0000000077220000 - 0x000000007733f000 	C:\Windows\system32\kernel32.dll
0x000007fefd0e0000 - 0x000007fefd14a000 	C:\Windows\system32\KERNELBASE.dll
0x0000000077120000 - 0x000000007721a000 	C:\Windows\system32\USER32.dll
0x000007feff4c0000 - 0x000007feff527000 	C:\Windows\system32\GDI32.dll
0x000007fefd8c0000 - 0x000007fefd8ce000 	C:\Windows\system32\LPK.dll
0x000007fefd7f0000 - 0x000007fefd8ba000 	C:\Windows\system32\USP10.dll
0x000007feff0c0000 - 0x000007feff15f000 	C:\Windows\system32\msvcrt.dll
0x000007fefb990000 - 0x000007fefbb84000 	C:\Windows\WinSxS\amd64_microsoft.windows.common-controls_6595b64144ccf1df_6.0.7601.18837_none_fa3b1e3d17594757\COMCTL32.dll
0x000007fefec20000 - 0x000007fefec91000 	C:\Windows\system32\SHLWAPI.dll
0x000007fefdc50000 - 0x000007fefdc7e000 	C:\Windows\system32\IMM32.DLL
0x000007feff540000 - 0x000007feff649000 	C:\Windows\system32\MSCTF.dll
0x0000000072000000 - 0x0000000072012000 	C:\Xilinx\SDK\2016.2\eclipse\win64.o\plugins\org.eclipse.equinox.launcher.win32.win32.x86_64_1.1.300.v20150602-1417\eclipse_1611.dll
0x000007fefeb40000 - 0x000007fefec1b000 	C:\Windows\system32\ADVAPI32.dll
0x000007fefd7d0000 - 0x000007fefd7ef000 	C:\Windows\SYSTEM32\sechost.dll
0x000007fefdc80000 - 0x000007fefddad000 	C:\Windows\system32\RPCRT4.dll
0x000007fefc110000 - 0x000007fefc11c000 	C:\Windows\system32\VERSION.dll
0x000007fefb930000 - 0x000007fefb986000 	C:\Windows\system32\UxTheme.dll
0x0000000069f50000 - 0x000000006a7d9000 	C:\Xilinx\SDK\2016.2\tps\win64\jre\bin\server\jvm.dll
0x000007fefa850000 - 0x000007fefa859000 	C:\Windows\system32\WSOCK32.dll
0x000007fefd8d0000 - 0x000007fefd91d000 	C:\Windows\system32\WS2_32.dll
0x000007feff530000 - 0x000007feff538000 	C:\Windows\system32\NSI.dll
0x000007fef9e50000 - 0x000007fef9e8b000 	C:\Windows\system32\WINMM.dll
0x0000000077500000 - 0x0000000077507000 	C:\Windows\system32\PSAPI.DLL
0x000000006b450000 - 0x000000006b522000 	C:\Windows\system32\MSVCR100.dll
0x00000000747a0000 - 0x00000000747af000 	C:\Xilinx\SDK\2016.2\tps\win64\jre\bin\verify.dll
0x0000000074770000 - 0x0000000074799000 	C:\Xilinx\SDK\2016.2\tps\win64\jre\bin\java.dll
0x0000000074750000 - 0x0000000074766000 	C:\Xilinx\SDK\2016.2\tps\win64\jre\bin\zip.dll
0x000007fefddb0000 - 0x000007fefeb39000 	C:\Windows\system32\SHELL32.dll
0x000007fefeca0000 - 0x000007fefeea3000 	C:\Windows\system32\ole32.dll
0x000007fefd080000 - 0x000007fefd08f000 	C:\Windows\system32\profapi.dll
0x000007fefc880000 - 0x000007fefc898000 	C:\Windows\system32\CRYPTSP.dll
0x000007fefc580000 - 0x000007fefc5c7000 	C:\Windows\system32\rsaenh.dll
0x000007fefd0b0000 - 0x000007fefd0ce000 	C:\Windows\system32\USERENV.dll
0x000007fefcee0000 - 0x000007fefceef000 	C:\Windows\system32\CRYPTBASE.dll
0x0000000074730000 - 0x000000007474a000 	C:\Xilinx\SDK\2016.2\tps\win64\jre\bin\net.dll
0x000007fefc820000 - 0x000007fefc875000 	C:\Windows\system32\mswsock.dll
0x000007fefc810000 - 0x000007fefc817000 	C:\Windows\System32\wship6.dll
0x000007fef9840000 - 0x000007fef9867000 	C:\Windows\system32\IPHLPAPI.DLL
0x000007fef9830000 - 0x000007fef983b000 	C:\Windows\system32\WINNSI.DLL
0x000007fefa7f0000 - 0x000007fefa801000 	C:\Windows\system32\dhcpcsvc6.DLL
0x000007fefa7d0000 - 0x000007fefa7e8000 	C:\Windows\system32\dhcpcsvc.DLL
0x0000000074710000 - 0x0000000074721000 	C:\Xilinx\SDK\2016.2\tps\win64\jre\bin\nio.dll
0x000007fef9ad0000 - 0x000007fef9ae5000 	C:\Windows\system32\NLAapi.dll
0x000007fef9600000 - 0x000007fef9615000 	C:\Windows\system32\napinsp.dll
0x000007fef9620000 - 0x000007fef9639000 	C:\Windows\system32\pnrpnsp.dll
0x000007fefc6a0000 - 0x000007fefc6fb000 	C:\Windows\system32\DNSAPI.dll
0x000007fef95f0000 - 0x000007fef95fb000 	C:\Windows\System32\winrnr.dll
0x000007fefc1e0000 - 0x000007fefc1e7000 	C:\Windows\System32\wshtcpip.dll
0x000007fef96e0000 - 0x000007fef96e8000 	C:\Windows\system32\rasadhlp.dll
0x000007fefa880000 - 0x000007fefa8d3000 	C:\Windows\System32\fwpuclnt.dll
0x0000000018770000 - 0x0000000018818000 	C:\Users\wanxing1\.Xilinx\SDK\2016.2\org.eclipse.osgi\312\0\.cp\swt-win32-4527.dll
0x000007feff3e0000 - 0x000007feff4b8000 	C:\Windows\system32\OLEAUT32.dll
0x000007feff340000 - 0x000007feff3d7000 	C:\Windows\system32\comdlg32.dll
0x000007fef69d0000 - 0x000007fef6a41000 	C:\Windows\system32\WINSPOOL.DRV
0x000007fefd500000 - 0x000007fefd7c5000 	C:\Windows\system32\WININET.dll
0x000007fefd2c0000 - 0x000007fefd2c4000 	C:\Windows\system32\api-ms-win-downlevel-user32-l1-1-0.dll
0x000007fefd0d0000 - 0x000007fefd0d4000 	C:\Windows\system32\api-ms-win-downlevel-shlwapi-l1-1-0.dll
0x000007fefd2a0000 - 0x000007fefd2a4000 	C:\Windows\system32\api-ms-win-downlevel-version-l1-1-0.dll
0x000007fefd150000 - 0x000007fefd153000 	C:\Windows\system32\api-ms-win-downlevel-normaliz-l1-1-0.dll
0x0000000077510000 - 0x0000000077513000 	C:\Windows\system32\normaliz.DLL
0x000007fefd980000 - 0x000007fefdc49000 	C:\Windows\system32\iertutil.dll
0x000007fefd2b0000 - 0x000007fefd2b5000 	C:\Windows\system32\api-ms-win-downlevel-advapi32-l1-1-0.dll
0x000007fefd2d0000 - 0x000007fefd43d000 	C:\Windows\system32\CRYPT32.dll
0x000007fefd090000 - 0x000007fefd09f000 	C:\Windows\system32\MSASN1.dll
0x000007fefb400000 - 0x000007fefb52c000 	C:\Windows\system32\propsys.dll
0x000007fefd440000 - 0x000007fefd4d9000 	C:\Windows\system32\CLBCatQ.DLL
0x0000000000580000 - 0x000000000059e000 	C:\Users\wanxing1\.Xilinx\SDK\2016.2\org.eclipse.osgi\312\0\.cp\swt-gdip-win32-4527.dll
0x000007fefb710000 - 0x000007fefb926000 	C:\Windows\WinSxS\amd64_microsoft.windows.gdiplus_6595b64144ccf1df_1.1.7601.23508_none_145555328b95eaaa\gdiplus.dll
0x000007fefb230000 - 0x000007fefb391000 	C:\Windows\system32\WindowsCodecs.dll
0x0000000180000000 - 0x0000000180012000 	C:\Users\wanxing1\.Xilinx\SDK\2016.2\org.eclipse.osgi\126\0\.cp\os\win32\x86_64\localfile_1_0_0.dll
0x000007fef1210000 - 0x000007fef1264000 	C:\Windows\system32\oleacc.dll
0x000007fef7610000 - 0x000007fef7617000 	C:\Windows\system32\msimg32.dll
0x000007fefcfd0000 - 0x000007fefcfe4000 	C:\Windows\system32\RpcRtRemote.dll
0x000007fefce80000 - 0x000007fefced7000 	C:\Windows\system32\apphelp.dll
0x000007fef88b0000 - 0x000007fef88c1000 	C:\Users\wanxing1\.Xilinx\SDK\2016.2\org.eclipse.osgi\129\0\.cp\jWinHttp-1.0.0.dll
0x000007fefa210000 - 0x000007fefa281000 	C:\Windows\system32\WINHTTP.dll
0x000007fefa1a0000 - 0x000007fefa204000 	C:\Windows\system32\webio.dll
0x000007fefce50000 - 0x000007fefce75000 	C:\Windows\system32\SspiCli.dll
0x000007fefc440000 - 0x000007fefc44a000 	C:\Windows\system32\credssp.dll
0x000007fefd1c0000 - 0x000007fefd1f6000 	C:\Windows\system32\CFGMGR32.dll
0x000007fef8a00000 - 0x000007fef8a0f000 	C:\Xilinx\SDK\2016.2\lib\win64.o\librdi_repo_manager.dll
0x000007fef88d0000 - 0x000007fef88fa000 	C:\Xilinx\SDK\2016.2\lib\win64.o\libisl_sysinfo.dll
0x000007feeba40000 - 0x000007feebb14000 	C:\Windows\system32\MSVCR110.dll
0x000007feeb910000 - 0x000007feeb9b7000 	C:\Windows\system32\MSVCP110.dll
0x000007fec06d0000 - 0x000007fec1110000 	C:\Xilinx\SDK\2016.2\lib\win64.o\librdi_common.dll
0x000007fec17e0000 - 0x000007fec1b4e000 	C:\Xilinx\SDK\2016.2\lib\win64.o\libCOIN-all.dll
0x000007fec3000000 - 0x000007fec321f000 	C:\Xilinx\SDK\2016.2\lib\win64.o\libXil_lmgr11.dll
0x000007fefb0f0000 - 0x000007fefb106000 	C:\Windows\system32\NETAPI32.dll
0x000007fefc4b0000 - 0x000007fefc4bc000 	C:\Windows\system32\netutils.dll
0x000007fefcb00000 - 0x000007fefcb23000 	C:\Windows\system32\srvcli.dll
0x000007fefb0d0000 - 0x000007fefb0e5000 	C:\Windows\system32\wkscli.dll
0x000007fefd160000 - 0x000007fefd19b000 	C:\Windows\system32\WINTRUST.dll
0x000007fefb1b0000 - 0x000007fefb1c0000 	C:\Xilinx\SDK\2016.2\lib\win64.o\libboost_date_time.dll
0x000007fef99d0000 - 0x000007fef99f4000 	C:\Xilinx\SDK\2016.2\lib\win64.o\libboost_filesystem.dll
0x000007fefb050000 - 0x000007fefb059000 	C:\Xilinx\SDK\2016.2\lib\win64.o\libboost_system.dll
0x000007fef8a70000 - 0x000007fef8ae7000 	C:\Xilinx\SDK\2016.2\lib\win64.o\libboost_program_options.dll
0x000007feedb10000 - 0x000007feedc16000 	C:\Xilinx\SDK\2016.2\lib\win64.o\libboost_regex.dll
0x000007fefa070000 - 0x000007fefa083000 	C:\Xilinx\SDK\2016.2\lib\win64.o\libboost_signals.dll
0x000007fef9fb0000 - 0x000007fef9fcd000 	C:\Xilinx\SDK\2016.2\lib\win64.o\libboost_thread.dll
0x000007fefb040000 - 0x000007fefb04b000 	C:\Xilinx\SDK\2016.2\lib\win64.o\libboost_chrono.dll
0x000007fef9fa0000 - 0x000007fef9fab000 	C:\Xilinx\SDK\2016.2\lib\win64.o\libboost_xilinx.dll
0x000007fef8900000 - 0x000007fef8980000 	C:\Xilinx\SDK\2016.2\lib\win64.o\libhdlpsolve.dll
0x000007feede00000 - 0x000007feede9a000 	C:\Xilinx\SDK\2016.2\lib\win64.o\libhdxml.dll
0x000007fec1370000 - 0x000007fec17d5e00 	C:\Xilinx\SDK\2016.2\lib\win64.o\libisl_iostreams.dll
0x000007fef99b0000 - 0x000007fef99c6000 	C:\Xilinx\SDK\2016.2\lib\win64.o\libboost_iostreams.dll
0x000007fef8a40000 - 0x000007fef8a63000 	C:\Xilinx\SDK\2016.2\lib\win64.o\librdizlib.dll
0x000007fef8a10000 - 0x000007fef8a33000 	C:\Xilinx\SDK\2016.2\lib\win64.o\libisl_iosutils.dll
0x000007fefa810000 - 0x000007fefa825000 	C:\Xilinx\SDK\2016.2\lib\win64.o\pthreadVC2.dll
0x000007feedda0000 - 0x000007feeddf4000 	C:\Xilinx\SDK\2016.2\lib\win64.o\librdi_commonxillic.dll
0x000007fec2ed0000 - 0x000007fec3000000 	C:\Xilinx\SDK\2016.2\lib\win64.o\librdi_curl.dll
0x000007fef9990000 - 0x000007fef99a8000 	C:\Xilinx\SDK\2016.2\lib\win64.o\librdiconfig.dll
0x000000006af40000 - 0x000000006b067000 	C:\Xilinx\SDK\2016.2\lib\win64.o\tcl85t.dll
0x0000000026240000 - 0x00000000264a3000 	C:\Xilinx\SDK\2016.2\lib\win64.o\xerces-c_3_1.dll
0x000007fefef30000 - 0x000007feff0b6000 	C:\Windows\system32\urlmon.dll
0x000007fefd0a0000 - 0x000007fefd0a4000 	C:\Windows\system32\api-ms-win-downlevel-ole32-l1-1-0.dll
0x000007fee7dd0000 - 0x000007fee7df3000 	C:\Windows\system32\VCOMP110.DLL
0x000007fec2370000 - 0x000007fec2562000 	C:\Xilinx\SDK\2016.2\lib\win64.o\librdi_hsm.dll
0x000007feedd50000 - 0x000007feedd93000 	C:\Xilinx\SDK\2016.2\lib\win64.o\librdi_hdf.dll
0x000007febfc00000 - 0x000007febfe81000 	C:\Xilinx\SDK\2016.2\lib\win64.o\librdi_ippcw.dll
0x0000000071080000 - 0x00000000710a6000 	C:\Xilinx\SDK\2016.2\eclipse\win64.o\plugins\gnu.io.rxtx.win32.x86_64_2.1.7.3_v20071015\os\win32\x86_64\rxtxSerial.dll
0x000007fef8890000 - 0x000007fef88a6000 	C:\Xilinx\SDK\2016.2\eclipse\win64.o\plugins\org.eclipse.cdt.core.win32.x86_64_5.4.0.201509131935\os\win32\x86_64\spawner.dll
0x000007fef8820000 - 0x000007fef882a000 	C:\Xilinx\SDK\2016.2\lib\win64.o\librdi_jtag_settings.dll
0x000007feedd20000 - 0x000007feedd49000 	C:\Xilinx\SDK\2016.2\lib\win64.o\librdi_debug_dialog.dll
0x000007fef4c00000 - 0x000007fef4c08000 	C:\Xilinx\SDK\2016.2\lib\win64.o\librdi_target_manager.dll
0x000007feb4ea0000 - 0x000007feb56b0000 	C:\Xilinx\SDK\2016.2\lib\win64.o\libXil_lmgr11FNP.dll
0x000007fefa0e0000 - 0x000007fefa0eb000 	C:\Windows\system32\snmpapi.dll

VM Arguments:
jvm_args: -Dcom.xilinx.sdk.args.hwspec=W:/ECE532/feed_through/NexysVideo-master/Projects/hdmi/proj/hdmi.sdk/hdmi_wrapper.hdf -Xms64m -Xmx512m & 
java_command: <unknown>
java_class_path (initial): C:\Xilinx\SDK\2016.2\eclipse\win64.o\\plugins/org.eclipse.equinox.launcher_1.3.100.v20150511-1540.jar
Launcher Type: generic

Environment Variables:
PATH=C:/Xilinx/SDK/2016.2/tps/win64/jre/bin/server;C:/Xilinx/SDK/2016.2/tps/win64/jre/bin;C:/Xilinx/SDK/2016.2/tps/win64/jre/lib/amd64;C:\Xilinx\SDK\2016.2\gnuwin\bin;C:\Xilinx\SDK\2016.2\gnu\microblaze\nt\bin;C:\Xilinx\SDK\2016.2\gnu\microblaze\linux_toolchain\nt64_le\bin;C:\Xilinx\SDK\2016.2\gnu\microblaze\linux_toolchain\nt64_be\bin;C:\Xilinx\SDK\2016.2\gnu\arm\nt\bin;C:\Xilinx\SDK\2016.2\gnu\aarch64\nt\aarch64-none\bin;C:\Xilinx\SDK\2016.2\gnu\aarch64\nt\aarch64-linux\bin;C:\Xilinx\SDK\2016.2\gnu\armr5\nt\gcc-arm-none-eabi\bin;C:\Xilinx\SDK\2016.2\gnu\aarch32\nt\gcc-arm-none-eabi\bin;C:\Xilinx\SDK\2016.2\gnu\aarch32\nt\gcc-arm-linux-gnueabi\bin;C:\Xilinx\SDK\2016.2\tps\win64\cmake-3.3.2\bin;;C:\Xilinx\SDK\2016.2\bin;C:\Xilinx\SDK\2016.2\lib\win64.o;C:\Xilinx\SDK\2016.2\tps\win64\jre\bin\server;C:\Xilinx\SDK\2016.2\tps\win64\jre\bin;C:\Xilinx\Vivado\2016.2\ids_lite\ISE\bin\nt64;C:\Xilinx\Vivado\2016.2\ids_lite\ISE\lib\nt64;C:\Xilinx\Vivado\2016.2\bin;C:\Xilinx\Vivado\2016.2\lib\win64.o;C:\Xilinx\Vivado\2016.2\tps\win64\jre\bin\server;C:\Xilinx\Vivado\2016.2\tps\win64\jre\bin;C:\Xilinx\Vivado_HLS\2016.2\bin;C:\Windows\system32;C:\Windows;C:\Windows\System32\Wbem;C:\Windows\System32\WindowsPowerShell\v1.0\;C:\Program Files (x86)\Java\jre6\bin;C:\Program Files (x86)\eclipse;C:\altera\16.0\quartus\bin64;c:\altera\16.0\quartus\bin64\jre64\bin;w:\ECE532\feed_through\NexysVideo-master\Projects\hdmi\proj;
USERNAME=wanxing1
OS=Windows_NT
PROCESSOR_IDENTIFIER=Intel64 Family 6 Model 60 Stepping 3, GenuineIntel



---------------  S Y S T E M  ---------------

OS: Windows 7 , 64 bit Build 7601 (6.1.7601.23418)

CPU:total 8 (4 cores per cpu, 2 threads per core) family 6 model 60 stepping 3, cmov, cx8, fxsr, mmx, sse, sse2, sse3, ssse3, sse4.1, sse4.2, popcnt, avx, avx2, aes, clmul, erms, lzcnt, ht, tsc, tscinvbit, bmi1, bmi2

Memory: 4k page, physical 16683160k(8807600k free), swap 33364460k(24670052k free)

vm_info: Java HotSpot(TM) 64-Bit Server VM (25.66-b18) for windows-amd64 JRE (1.8.0_66-b18), built on Nov  9 2015 10:51:13 by "java_re" with MS VC++ 10.0 (VS2010)

time: Wed Mar 22 14:21:52 2017
elapsed time: 3459 seconds (0d 0h 57m 39s)

