#
# A fatal error has been detected by the Java Runtime Environment:
#
#  EXCEPTION_UNCAUGHT_CXX_EXCEPTION (0xe06d7363) at pc=0x000007fefd52a06d, pid=4784, tid=1644
#
# JRE version: Java(TM) SE Runtime Environment (8.0_66-b18) (build 1.8.0_66-b18)
# Java VM: Java HotSpot(TM) 64-Bit Server VM (25.66-b18 mixed mode windows-amd64 compressed oops)
# Problematic frame:
# C  [KERNELBASE.dll+0x1a06d]
#
# Failed to write core dump. Minidumps are not enabled by default on client versions of Windows
#
# If you would like to submit a bug report, please visit:
#   http://bugreport.java.com/bugreport/crash.jsp
#

---------------  T H R E A D  ---------------

Current thread (0x0000000014f82800):  VMThread [stack: 0x0000000015ed0000,0x0000000015fd0000] [id=1644]

siginfo: ExceptionCode=0xe06d7363, ExceptionInformation=0x0000000019930520 0x0000000015fcf6c8 0x000007feecd12cb8 0x000007feecc60000 

Registers:
RAX=0x00000000603c73f7, RBX=0x000007feecd12cb8, RCX=0x0000000015fcef10, RDX=0x00000000000000d0
RSP=0x0000000015fcf520, RBP=0x0000000015fcf650, RSI=0x00000000ffffffff, RDI=0x00000000280af2d0
R8 =0x0000000000000000, R9 =0x0000000000000000, R10=0x000007feecc60000, R11=0x0000000015fcf560
R12=0x0000000000000001, R13=0x0000000000000008, R14=0x0000000000000000, R15=0xffffffffffffffff
RIP=0x000007fefd52a06d, EFLAGS=0x0000000000000202

Top of Stack: (sp=0x0000000015fcf520)
0x0000000015fcf520:   000007feecd12cb8 00000000ffffffff
0x0000000015fcf530:   00000000280af2d0 0000000000387160
0x0000000015fcf540:   00000001e06d7363 0000000000000000
0x0000000015fcf550:   000007fefd52a06d 000007fe00000004
0x0000000015fcf560:   0000000019930520 0000000015fcf6c8
0x0000000015fcf570:   000007feecd12cb8 000007feecc60000
0x0000000015fcf580:   0000000000000000 0000000015fcf608
0x0000000015fcf590:   0000000000000028 00000000280af2c0
0x0000000015fcf5a0:   000000001760e200 0000000000000000
0x0000000015fcf5b0:   000007fffffa6000 00000000775cf2d3
0x0000000015fcf5c0:   0000000000000000 0000000000000008
0x0000000015fcf5d0:   0000000000000001 00000000280af2d0
0x0000000015fcf5e0:   00000000ffffffff 000007feeccbe92c
0x0000000015fcf5f0:   000007feecd12cb8 0000000015fcf660
0x0000000015fcf600:   0000000000000001 000007feecc600f8
0x0000000015fcf610:   00000001e06d7363 0000000000000000 

Instructions: (pc=0x000007fefd52a06d)
0x000007fefd52a04d:   54 24 24 48 89 4c 24 28 4d 85 c9 0f 85 6a 03 00
0x000007fefd52a05d:   00 89 4c 24 38 48 8d 4c 24 20 ff 15 33 02 03 00
0x000007fefd52a06d:   48 81 c4 c8 00 00 00 c3 90 90 90 90 90 90 90 90
0x000007fefd52a07d:   90 90 90 48 83 ec 28 65 48 8b 04 25 30 00 00 00 


Register to memory mapping:

RAX=0x00000000603c73f7 is an unknown value
RBX=0x000007feecd12cb8 is an unknown value
RCX=0x0000000015fcef10 is an unknown value
RDX=0x00000000000000d0 is an unknown value
RSP=0x0000000015fcf520 is an unknown value
RBP=0x0000000015fcf650 is an unknown value
RSI=0x00000000ffffffff is an unknown value
RDI=0x00000000280af2d0 is an unknown value
R8 =0x0000000000000000 is an unknown value
R9 =0x0000000000000000 is an unknown value
R10=0x000007feecc60000 is an unknown value
R11=0x0000000015fcf560 is an unknown value
R12=0x0000000000000001 is an unknown value
R13=0x0000000000000008 is an unknown value
R14=0x0000000000000000 is an unknown value
R15=0xffffffffffffffff is an unknown value


Stack: [0x0000000015ed0000,0x0000000015fd0000],  sp=0x0000000015fcf520,  free space=1021k
Native frames: (J=compiled Java code, j=interpreted, Vv=VM code, C=native code)
C  [KERNELBASE.dll+0x1a06d]
C  [MSVCR110.dll+0x5e92c]
C  [MSVCR110.dll+0x1315c]
C  [MSVCR110.dll+0x136a9]
C  [MSVCR110.dll+0x13e9c]
C  [MSVCR110.dll+0x239e]
C  [MSVCR110.dll+0xaf9e]
C  [MSVCP110.dll+0x397b9]
C  [librdi_common.dll+0x182316]
C  [librdi_common.dll+0x180fab]
C  [librdi_target_manager.dll+0x2400]
C  [librdi_target_manager.dll+0x2682]
C  [ntdll.dll+0x229b1]
C  [ntdll.dll+0x227c0]
C  [MSVCR100.dll+0x20ccd]
V  [jvm.dll+0x210cc5]
V  [jvm.dll+0x249897]
V  [jvm.dll+0x248b36]
V  [jvm.dll+0x248fd1]
V  [jvm.dll+0x2491ee]
V  [jvm.dll+0x29a0fa]
C  [MSVCR100.dll+0x21d9f]
C  [MSVCR100.dll+0x21e3b]
C  [kernel32.dll+0x159bd]
C  [ntdll.dll+0x2a2e1]

VM_Operation (0x000000000012f4c0): Exit, mode: safepoint, requested by thread 0x00000000024d8000


---------------  P R O C E S S  ---------------

Java Threads: ( => current thread )
  0x0000000021584000 JavaThread "pool-2-thread-2" [_thread_blocked, id=3104, stack(0x0000000028ba0000,0x0000000028ca0000)]
  0x0000000021582000 JavaThread "EventThread COM1" [_thread_in_native, id=3940, stack(0x00000000287a0000,0x00000000288a0000)]
  0x0000000021581000 JavaThread "EventThread COM4" [_thread_in_native, id=4460, stack(0x00000000285a0000,0x00000000286a0000)]
  0x0000000021580800 JavaThread "pool-2-thread-1" [_thread_blocked, id=3328, stack(0x00000000284a0000,0x00000000285a0000)]
  0x000000002157f800 JavaThread "Thread-65" daemon [_thread_blocked, id=968, stack(0x00000000283a0000,0x00000000284a0000)]
  0x0000000020470800 JavaThread "EventThread COM5" [_thread_in_native, id=4444, stack(0x00000000274a0000,0x00000000275a0000)]
  0x0000000021791800 JavaThread "TCF Channel Transmitter" daemon [_thread_blocked, id=4152, stack(0x0000000024770000,0x0000000024870000)]
  0x0000000021790800 JavaThread "TCF Channel Receiver" daemon [_thread_in_native, id=4216, stack(0x0000000024250000,0x0000000024350000)]
  0x0000000021790000 JavaThread "Process monitor" daemon [_thread_in_native, id=4836, stack(0x0000000026140000,0x0000000026240000)]
  0x000000002178e800 JavaThread "Input Stream Monitor" daemon [_thread_blocked, id=4292, stack(0x0000000026040000,0x0000000026140000)]
  0x000000002178d800 JavaThread "Output Stream Monitor" daemon [_thread_in_native, id=3992, stack(0x0000000025f40000,0x0000000026040000)]
  0x000000002178f000 JavaThread "Output Stream Monitor" daemon [_thread_in_native, id=4852, stack(0x00000000259c0000,0x0000000025ac0000)]
  0x0000000018744800 JavaThread "TCF Locator DNS Lookup" daemon [_thread_blocked, id=4180, stack(0x00000000258c0000,0x00000000259c0000)]
  0x0000000018743800 JavaThread "TCF Locator Timer" daemon [_thread_blocked, id=5000, stack(0x00000000257c0000,0x00000000258c0000)]
  0x0000000018743000 JavaThread "TCF Locator Receiver" daemon [_thread_in_native, id=4904, stack(0x0000000025480000,0x0000000025580000)]
  0x0000000018741800 JavaThread "TCF Timer Dispatcher" daemon [_thread_blocked, id=4876, stack(0x00000000255c0000,0x00000000256c0000)]
  0x0000000018520000 JavaThread "EMF Reference Cleaner" daemon [_thread_blocked, id=4908, stack(0x000000001a8f0000,0x000000001a9f0000)]
  0x0000000015049800 JavaThread "Service Thread" daemon [_thread_blocked, id=4976, stack(0x0000000016890000,0x0000000016990000)]
  0x0000000013e1f000 JavaThread "C1 CompilerThread3" daemon [_thread_blocked, id=3860, stack(0x0000000016790000,0x0000000016890000)]
  0x0000000013e1e000 JavaThread "C2 CompilerThread2" daemon [_thread_blocked, id=4712, stack(0x0000000016690000,0x0000000016790000)]
  0x0000000013e1b000 JavaThread "C2 CompilerThread1" daemon [_thread_blocked, id=4556, stack(0x0000000016590000,0x0000000016690000)]
  0x0000000014fd9800 JavaThread "C2 CompilerThread0" daemon [_thread_blocked, id=2040, stack(0x0000000016490000,0x0000000016590000)]
  0x0000000014fd5000 JavaThread "Attach Listener" daemon [_thread_blocked, id=3512, stack(0x0000000016390000,0x0000000016490000)]
  0x0000000013e0d000 JavaThread "Finalizer" daemon [_thread_blocked, id=4760, stack(0x00000000160d0000,0x00000000161d0000)]
  0x0000000013e04800 JavaThread "Reference Handler" daemon [_thread_blocked, id=4136, stack(0x0000000015fd0000,0x00000000160d0000)]
  0x00000000024d8000 JavaThread "main" [_thread_blocked, id=2948, stack(0x0000000000030000,0x0000000000130000)]

Other Threads:
=>0x0000000014f82800 VMThread [stack: 0x0000000015ed0000,0x0000000015fd0000] [id=1644]

VM state:at safepoint (shutting down)

VM Mutex/Monitor currently owned by a thread:  ([mutex/lock_event])
[0x000000000264e520] Threads_lock - owner thread: 0x0000000014f82800

Heap:
 PSYoungGen      total 146944K, used 100646K [0x00000000f5580000, 0x0000000100000000, 0x0000000100000000)
  eden space 120320K, 83% used [0x00000000f5580000,0x00000000fb7c9948,0x00000000fcb00000)
  from space 26624K, 0% used [0x00000000fcb00000,0x00000000fcb00000,0x00000000fe500000)
  to   space 25600K, 0% used [0x00000000fe700000,0x00000000fe700000,0x0000000100000000)
 ParOldGen       total 126976K, used 63963K [0x00000000e0000000, 0x00000000e7c00000, 0x00000000f5580000)
  object space 126976K, 50% used [0x00000000e0000000,0x00000000e3e76d90,0x00000000e7c00000)
 Metaspace       used 88176K, capacity 95836K, committed 95960K, reserved 1132544K
  class space    used 10544K, capacity 13009K, committed 13056K, reserved 1048576K

Card table byte_map: [0x0000000011a10000,0x0000000011b20000] byte_map_base: 0x0000000011310000

Marking Bits: (ParMarkBitMap*) 0x0000000070ada5b0
 Begin Bits: [0x0000000012320000, 0x0000000012b20000)
 End Bits:   [0x0000000012b20000, 0x0000000013320000)

Polling page: 0x0000000000220000

CodeCache: size=245760Kb used=40615Kb max_used=40980Kb free=205144Kb
 bounds [0x0000000002650000, 0x0000000004ec0000, 0x0000000011650000]
 total_blobs=11774 nmethods=10868 adapters=813
 compilation: enabled

Compilation events (10 events):
Event: 325.750 Thread 0x0000000013e1f000 nmethod 13840 0x000000000382f810 code [0x000000000382f9a0, 0x000000000382ff78]
Event: 325.751 Thread 0x0000000013e1b000 nmethod 13841 0x0000000002766010 code [0x0000000002766140, 0x00000000027661f8]
Event: 325.753 Thread 0x0000000013e1f000 13842   !   3       org.eclipse.osgi.storage.BundleInfo$Generation::close (34 bytes)
Event: 325.753 Thread 0x0000000013e1f000 nmethod 13842 0x000000000385e550 code [0x000000000385e6c0, 0x000000000385eae8]
Event: 325.756 Thread 0x0000000013e1f000 13843       3       java.util.TimSort::gallopRight (335 bytes)
Event: 325.757 Thread 0x0000000013e1f000 nmethod 13843 0x00000000041376d0 code [0x00000000041378c0, 0x00000000041383b8]
Event: 325.757 Thread 0x0000000013e1f000 13844       3       org.eclipse.osgi.container.Module::holdsTransitionEventLock (25 bytes)
Event: 325.758 Thread 0x0000000013e1f000 nmethod 13844 0x000000000479a250 code [0x000000000479a3e0, 0x000000000479ab08]
Event: 325.758 Thread 0x0000000014fd9800 13854       4       org.eclipse.osgi.container.ModuleDatabase::readUnlock (11 bytes)
Event: 325.758 Thread 0x0000000013e1f000 13852       3       org.eclipse.osgi.internal.framework.EquinoxContainerAdaptor::clearManifestCache (84 bytes)

GC Heap History (10 events):
Event: 142.121 GC heap before
{Heap before GC invocations=20 (full 5):
 PSYoungGen      total 144384K, used 4848K [0x00000000f5580000, 0x0000000100000000, 0x0000000100000000)
  eden space 115712K, 0% used [0x00000000f5580000,0x00000000f5580000,0x00000000fc680000)
  from space 28672K, 16% used [0x00000000fc680000,0x00000000fcb3c2b0,0x00000000fe280000)
  to   space 27648K, 0% used [0x00000000fe500000,0x00000000fe500000,0x0000000100000000)
 ParOldGen       total 126976K, used 55668K [0x00000000e0000000, 0x00000000e7c00000, 0x00000000f5580000)
  object space 126976K, 43% used [0x00000000e0000000,0x00000000e365d328,0x00000000e7c00000)
 Metaspace       used 80985K, capacity 87768K, committed 87768K, reserved 1126400K
  class space    used 9681K, capacity 11776K, committed 11776K, reserved 1048576K
Event: 142.430 GC heap after
Heap after GC invocations=20 (full 5):
 PSYoungGen      total 144384K, used 0K [0x00000000f5580000, 0x0000000100000000, 0x0000000100000000)
  eden space 115712K, 0% used [0x00000000f5580000,0x00000000f5580000,0x00000000fc680000)
  from space 28672K, 0% used [0x00000000fc680000,0x00000000fc680000,0x00000000fe280000)
  to   space 27648K, 0% used [0x00000000fe500000,0x00000000fe500000,0x0000000100000000)
 ParOldGen       total 126976K, used 58337K [0x00000000e0000000, 0x00000000e7c00000, 0x00000000f5580000)
  object space 126976K, 45% used [0x00000000e0000000,0x00000000e38f8618,0x00000000e7c00000)
 Metaspace       used 80985K, capacity 87768K, committed 87768K, reserved 1126400K
  class space    used 9681K, capacity 11776K, committed 11776K, reserved 1048576K
}
Event: 202.125 GC heap before
{Heap before GC invocations=21 (full 5):
 PSYoungGen      total 144384K, used 88674K [0x00000000f5580000, 0x0000000100000000, 0x0000000100000000)
  eden space 115712K, 76% used [0x00000000f5580000,0x00000000fac188d0,0x00000000fc680000)
  from space 28672K, 0% used [0x00000000fc680000,0x00000000fc680000,0x00000000fe280000)
  to   space 27648K, 0% used [0x00000000fe500000,0x00000000fe500000,0x0000000100000000)
 ParOldGen       total 126976K, used 58337K [0x00000000e0000000, 0x00000000e7c00000, 0x00000000f5580000)
  object space 126976K, 45% used [0x00000000e0000000,0x00000000e38f8618,0x00000000e7c00000)
 Metaspace       used 83934K, capacity 90892K, committed 91224K, reserved 1128448K
  class space    used 10055K, capacity 12300K, committed 12416K, reserved 1048576K
Event: 202.130 GC heap after
Heap after GC invocations=21 (full 5):
 PSYoungGen      total 147968K, used 5201K [0x00000000f5580000, 0x0000000100000000, 0x0000000100000000)
  eden space 120320K, 0% used [0x00000000f5580000,0x00000000f5580000,0x00000000fcb00000)
  from space 27648K, 18% used [0x00000000fe500000,0x00000000fea14710,0x0000000100000000)
  to   space 26624K, 0% used [0x00000000fcb00000,0x00000000fcb00000,0x00000000fe500000)
 ParOldGen       total 126976K, used 58345K [0x00000000e0000000, 0x00000000e7c00000, 0x00000000f5580000)
  object space 126976K, 45% used [0x00000000e0000000,0x00000000e38fa618,0x00000000e7c00000)
 Metaspace       used 83934K, capacity 90892K, committed 91224K, reserved 1128448K
  class space    used 10055K, capacity 12300K, committed 12416K, reserved 1048576K
}
Event: 202.130 GC heap before
{Heap before GC invocations=22 (full 6):
 PSYoungGen      total 147968K, used 5201K [0x00000000f5580000, 0x0000000100000000, 0x0000000100000000)
  eden space 120320K, 0% used [0x00000000f5580000,0x00000000f5580000,0x00000000fcb00000)
  from space 27648K, 18% used [0x00000000fe500000,0x00000000fea14710,0x0000000100000000)
  to   space 26624K, 0% used [0x00000000fcb00000,0x00000000fcb00000,0x00000000fe500000)
 ParOldGen       total 126976K, used 58345K [0x00000000e0000000, 0x00000000e7c00000, 0x00000000f5580000)
  object space 126976K, 45% used [0x00000000e0000000,0x00000000e38fa618,0x00000000e7c00000)
 Metaspace       used 83934K, capacity 90892K, committed 91224K, reserved 1128448K
  class space    used 10055K, capacity 12300K, committed 12416K, reserved 1048576K
Event: 202.439 GC heap after
Heap after GC invocations=22 (full 6):
 PSYoungGen      total 147968K, used 0K [0x00000000f5580000, 0x0000000100000000, 0x0000000100000000)
  eden space 120320K, 0% used [0x00000000f5580000,0x00000000f5580000,0x00000000fcb00000)
  from space 27648K, 0% used [0x00000000fe500000,0x00000000fe500000,0x0000000100000000)
  to   space 26624K, 0% used [0x00000000fcb00000,0x00000000fcb00000,0x00000000fe500000)
 ParOldGen       total 126976K, used 62668K [0x00000000e0000000, 0x00000000e7c00000, 0x00000000f5580000)
  object space 126976K, 49% used [0x00000000e0000000,0x00000000e3d332a8,0x00000000e7c00000)
 Metaspace       used 83934K, capacity 90892K, committed 91224K, reserved 1128448K
  class space    used 10055K, capacity 12300K, committed 12416K, reserved 1048576K
}
Event: 295.056 GC heap before
{Heap before GC invocations=23 (full 6):
 PSYoungGen      total 147968K, used 103762K [0x00000000f5580000, 0x0000000100000000, 0x0000000100000000)
  eden space 120320K, 86% used [0x00000000f5580000,0x00000000fbad4a10,0x00000000fcb00000)
  from space 27648K, 0% used [0x00000000fe500000,0x00000000fe500000,0x0000000100000000)
  to   space 26624K, 0% used [0x00000000fcb00000,0x00000000fcb00000,0x00000000fe500000)
 ParOldGen       total 126976K, used 62668K [0x00000000e0000000, 0x00000000e7c00000, 0x00000000f5580000)
  object space 126976K, 49% used [0x00000000e0000000,0x00000000e3d332a8,0x00000000e7c00000)
 Metaspace       used 86655K, capacity 94348K, committed 94552K, reserved 1130496K
  class space    used 10396K, capacity 12815K, committed 12928K, reserved 1048576K
Event: 295.062 GC heap after
Heap after GC invocations=23 (full 6):
 PSYoungGen      total 146944K, used 4569K [0x00000000f5580000, 0x0000000100000000, 0x0000000100000000)
  eden space 120320K, 0% used [0x00000000f5580000,0x00000000f5580000,0x00000000fcb00000)
  from space 26624K, 17% used [0x00000000fcb00000,0x00000000fcf76690,0x00000000fe500000)
  to   space 25600K, 0% used [0x00000000fe700000,0x00000000fe700000,0x0000000100000000)
 ParOldGen       total 126976K, used 62676K [0x00000000e0000000, 0x00000000e7c00000, 0x00000000f5580000)
  object space 126976K, 49% used [0x00000000e0000000,0x00000000e3d352a8,0x00000000e7c00000)
 Metaspace       used 86655K, capacity 94348K, committed 94552K, reserved 1130496K
  class space    used 10396K, capacity 12815K, committed 12928K, reserved 1048576K
}
Event: 295.062 GC heap before
{Heap before GC invocations=24 (full 7):
 PSYoungGen      total 146944K, used 4569K [0x00000000f5580000, 0x0000000100000000, 0x0000000100000000)
  eden space 120320K, 0% used [0x00000000f5580000,0x00000000f5580000,0x00000000fcb00000)
  from space 26624K, 17% used [0x00000000fcb00000,0x00000000fcf76690,0x00000000fe500000)
  to   space 25600K, 0% used [0x00000000fe700000,0x00000000fe700000,0x0000000100000000)
 ParOldGen       total 126976K, used 62676K [0x00000000e0000000, 0x00000000e7c00000, 0x00000000f5580000)
  object space 126976K, 49% used [0x00000000e0000000,0x00000000e3d352a8,0x00000000e7c00000)
 Metaspace       used 86655K, capacity 94348K, committed 94552K, reserved 1130496K
  class space    used 10396K, capacity 12815K, committed 12928K, reserved 1048576K
Event: 295.349 GC heap after
Heap after GC invocations=24 (full 7):
 PSYoungGen      total 146944K, used 0K [0x00000000f5580000, 0x0000000100000000, 0x0000000100000000)
  eden space 120320K, 0% used [0x00000000f5580000,0x00000000f5580000,0x00000000fcb00000)
  from space 26624K, 0% used [0x00000000fcb00000,0x00000000fcb00000,0x00000000fe500000)
  to   space 25600K, 0% used [0x00000000fe700000,0x00000000fe700000,0x0000000100000000)
 ParOldGen       total 126976K, used 63963K [0x00000000e0000000, 0x00000000e7c00000, 0x00000000f5580000)
  object space 126976K, 50% used [0x00000000e0000000,0x00000000e3e76d90,0x00000000e7c00000)
 Metaspace       used 86655K, capacity 94348K, committed 94552K, reserved 1130496K
  class space    used 10396K, capacity 12815K, committed 12928K, reserved 1048576K
}

Deoptimization events (10 events):
Event: 324.786 Thread 0x00000000024d8000 Uncommon trap: reason=unreached action=reinterpret pc=0x0000000004d72824 method=org.eclipse.emf.ecore.xmi.impl.StringSegment.writeAscii(Ljava/io/OutputStream;I)V @ 276
Event: 324.798 Thread 0x00000000024d8000 Uncommon trap: reason=unstable_if action=reinterpret pc=0x00000000042444e0 method=java.util.Arrays.equals([Ljava/lang/Object;[Ljava/lang/Object;)Z @ 65
Event: 324.803 Thread 0x0000000018736000 Uncommon trap: reason=unstable_if action=reinterpret pc=0x0000000003e7061c method=org.eclipse.e4.ui.internal.workbench.swt.E4Application$1.syncExec(Ljava/lang/Runnable;)V @ 14
Event: 324.818 Thread 0x0000000018740000 Uncommon trap: reason=unstable_if action=reinterpret pc=0x000000000422a104 method=org.eclipse.equinox.internal.event.EventHandlerTracker.getHandlers(Ljava/lang/String;)Ljava/util/Set; @ 28
Event: 325.058 Thread 0x000000002157f000 Uncommon trap: reason=unstable_if action=reinterpret pc=0x00000000027cf6a4 method=sun.nio.cs.SingleByte$Encoder.encode(C)I @ 13
Event: 325.094 Thread 0x0000000018740000 Uncommon trap: reason=unstable_if action=reinterpret pc=0x0000000004799b24 method=org.eclipse.swt.graphics.Resource.dispose()V @ 15
Event: 325.644 Thread 0x0000000018740000 Uncommon trap: reason=unstable_if action=reinterpret pc=0x00000000035cbe34 method=org.eclipse.osgi.internal.hooks.EclipseLazyStarter.shouldActivateFor(Ljava/lang/String;Lorg/eclipse/osgi/container/Module;Lorg/eclipse/osgi/container/ModuleRevision;Lorg/ecli4Oq|Zt@
Event: 325.655 Thread 0x0000000018740000 Uncommon trap: reason=null_check action=maybe_recompile pc=0x0000000003e405ec method=com.xilinx.sdk.targetmanager.internal.json.XMDJSONProcess.issueCommand(Ljava/lang/String;)Lcom/xilinx/sdk/targetmanager/internal/IXMDResult; @ 3
Event: 325.738 Thread 0x0000000017baf800 Uncommon trap: reason=unstable_if action=reinterpret pc=0x000000000339e2f4 method=org.eclipse.osgi.internal.framework.BundleContextImpl.dispatchEvent(Ljava/lang/Object;Ljava/lang/Object;ILjava/lang/Object;)V @ 16
Event: 325.749 Thread 0x0000000018740000 Uncommon trap: reason=unstable_if action=reinterpret pc=0x0000000004937b80 method=sun.reflect.UnsafeStaticObjectFieldAccessorImpl.set(Ljava/lang/Object;Ljava/lang/Object;)V @ 13

Internal exceptions (10 events):
Event: 324.337 Thread 0x00000000024d8000 Implicit null exception at 0x00000000034ce6f0 to 0x00000000034ce749
Event: 324.343 Thread 0x0000000018740000 Implicit null exception at 0x00000000048ffbe5 to 0x00000000048ffec5
Event: 325.057 Thread 0x0000000020473800 Exception <a 'java/lang/InterruptedException'> (0x00000000fb164040) thrown at [C:\re\workspace\8-2-build-windows-amd64-cygwin\jdk8u66\5298\hotspot\src\share\vm\runtime\objectMonitor.cpp, line 1683]
Event: 325.655 Thread 0x0000000018740000 Implicit null exception at 0x0000000003e3f724 to 0x0000000003e405dd
Event: 325.655 Thread 0x0000000018740000 Exception <a 'java/lang/NullPointerException'> (0x00000000fb3d1390) thrown at [C:\re\workspace\8-2-build-windows-amd64-cygwin\jdk8u66\5298\hotspot\src\share\vm\prims\jvm.cpp, line 1390]
Event: 325.731 Thread 0x0000000018736000 Exception <a 'java/lang/InterruptedException'> (0x00000000faaba6a0) thrown at [C:\re\workspace\8-2-build-windows-amd64-cygwin\jdk8u66\5298\hotspot\src\share\vm\runtime\objectMonitor.cpp, line 1683]
Event: 325.749 Thread 0x0000000018740000 Implicit null exception at 0x0000000004937837 to 0x0000000004937b6d
Event: 325.749 Thread 0x0000000017baf800 Exception <a 'java/lang/InterruptedException'> (0x00000000fb5705c0) thrown at [C:\re\workspace\8-2-build-windows-amd64-cygwin\jdk8u66\5298\hotspot\src\share\vm\runtime\objectMonitor.cpp, line 1683]
Event: 325.756 Thread 0x0000000018737000 Exception <a 'java/lang/InterruptedException'> (0x00000000f60f24f8) thrown at [C:\re\workspace\8-2-build-windows-amd64-cygwin\jdk8u66\5298\hotspot\src\share\vm\runtime\objectMonitor.cpp, line 1683]
Event: 325.756 Thread 0x0000000017885800 Exception <a 'java/lang/InterruptedException'> (0x00000000fb6717b8) thrown at [C:\re\workspace\8-2-build-windows-amd64-cygwin\jdk8u66\5298\hotspot\src\share\vm\runtime\objectMonitor.cpp, line 1683]

Events (10 events):
Event: 325.758 Thread 0x0000000013e1f000 flushing nmethod 0x000000000366ba90
Event: 325.758 loading class java/util/IdentityHashMap$KeyIterator
Event: 325.758 loading class java/util/IdentityHashMap$IdentityHashMapIterator
Event: 325.758 loading class java/util/IdentityHashMap$IdentityHashMapIterator done
Event: 325.758 loading class java/util/IdentityHashMap$KeyIterator done
Event: 325.758 Thread 0x0000000018737000 Thread added: 0x0000000018737000
Event: 325.758 Thread 0x0000000018740000 Thread exited: 0x0000000018740000
Event: 325.758 Thread 0x0000000018737000 Thread exited: 0x0000000018737000
Event: 325.758 Thread 0x0000000014fd3800 Thread exited: 0x0000000014fd3800
Event: 325.758 Executing VM operation: Exit


Dynamic libraries:
0x0000000000400000 - 0x000000000044f000 	C:\Xilinx\SDK\2016.2\eclipse\win64.o\eclipse.exe
0x0000000077580000 - 0x000000007772a000 	C:\Windows\SYSTEM32\ntdll.dll
0x0000000077460000 - 0x000000007757f000 	C:\Windows\system32\kernel32.dll
0x000007fefd510000 - 0x000007fefd57a000 	C:\Windows\system32\KERNELBASE.dll
0x0000000077360000 - 0x000000007745a000 	C:\Windows\system32\USER32.dll
0x000007feff150000 - 0x000007feff1b7000 	C:\Windows\system32\GDI32.dll
0x000007feff2f0000 - 0x000007feff2fe000 	C:\Windows\system32\LPK.dll
0x000007feff3a0000 - 0x000007feff46a000 	C:\Windows\system32\USP10.dll
0x000007fefdb60000 - 0x000007fefdbff000 	C:\Windows\system32\msvcrt.dll
0x000007fefbbd0000 - 0x000007fefbdc4000 	C:\Windows\WinSxS\amd64_microsoft.windows.common-controls_6595b64144ccf1df_6.0.7601.18837_none_fa3b1e3d17594757\COMCTL32.dll
0x000007feff470000 - 0x000007feff4e1000 	C:\Windows\system32\SHLWAPI.dll
0x000007fefd950000 - 0x000007fefd97e000 	C:\Windows\system32\IMM32.DLL
0x000007feff760000 - 0x000007feff869000 	C:\Windows\system32\MSCTF.dll
0x0000000072000000 - 0x0000000072012000 	C:\Xilinx\SDK\2016.2\eclipse\win64.o\plugins\org.eclipse.equinox.launcher.win32.win32.x86_64_1.1.300.v20150602-1417\eclipse_1611.dll
0x000007feff050000 - 0x000007feff12b000 	C:\Windows\system32\ADVAPI32.dll
0x000007feff870000 - 0x000007feff88f000 	C:\Windows\SYSTEM32\sechost.dll
0x000007feff1c0000 - 0x000007feff2ed000 	C:\Windows\system32\RPCRT4.dll
0x000007fefc350000 - 0x000007fefc35c000 	C:\Windows\system32\VERSION.dll
0x000007fefbb70000 - 0x000007fefbbc6000 	C:\Windows\system32\UxTheme.dll
0x00000000702d0000 - 0x0000000070b59000 	C:\Xilinx\SDK\2016.2\tps\win64\jre\bin\server\jvm.dll
0x000007fefa2e0000 - 0x000007fefa2e9000 	C:\Windows\system32\WSOCK32.dll
0x000007fefde10000 - 0x000007fefde5d000 	C:\Windows\system32\WS2_32.dll
0x000007fefe1b0000 - 0x000007fefe1b8000 	C:\Windows\system32\NSI.dll
0x000007fefa090000 - 0x000007fefa0cb000 	C:\Windows\system32\WINMM.dll
0x0000000077740000 - 0x0000000077747000 	C:\Windows\system32\PSAPI.DLL
0x0000000072eb0000 - 0x0000000072f82000 	C:\Windows\system32\MSVCR100.dll
0x00000000743e0000 - 0x00000000743ef000 	C:\Xilinx\SDK\2016.2\tps\win64\jre\bin\verify.dll
0x0000000071be0000 - 0x0000000071c09000 	C:\Xilinx\SDK\2016.2\tps\win64\jre\bin\java.dll
0x0000000072490000 - 0x00000000724a6000 	C:\Xilinx\SDK\2016.2\tps\win64\jre\bin\zip.dll
0x000007fefe260000 - 0x000007fefefe9000 	C:\Windows\system32\SHELL32.dll
0x000007fefdc00000 - 0x000007fefde03000 	C:\Windows\system32\ole32.dll
0x000007fefd2c0000 - 0x000007fefd2cf000 	C:\Windows\system32\profapi.dll
0x000007fefcac0000 - 0x000007fefcad8000 	C:\Windows\system32\CRYPTSP.dll
0x000007fefc7c0000 - 0x000007fefc807000 	C:\Windows\system32\rsaenh.dll
0x000007fefd370000 - 0x000007fefd38e000 	C:\Windows\system32\USERENV.dll
0x000007fefd120000 - 0x000007fefd12f000 	C:\Windows\system32\CRYPTBASE.dll
0x0000000071c20000 - 0x0000000071c3a000 	C:\Xilinx\SDK\2016.2\tps\win64\jre\bin\net.dll
0x000007fefca60000 - 0x000007fefcab5000 	C:\Windows\system32\mswsock.dll
0x000007fefca50000 - 0x000007fefca57000 	C:\Windows\System32\wship6.dll
0x000007fef9ac0000 - 0x000007fef9ae7000 	C:\Windows\system32\IPHLPAPI.DLL
0x000007fef9ab0000 - 0x000007fef9abb000 	C:\Windows\system32\WINNSI.DLL
0x000007fef9450000 - 0x000007fef9461000 	C:\Windows\system32\dhcpcsvc6.DLL
0x000007fef9430000 - 0x000007fef9448000 	C:\Windows\system32\dhcpcsvc.DLL
0x0000000071bc0000 - 0x0000000071bd1000 	C:\Xilinx\SDK\2016.2\tps\win64\jre\bin\nio.dll
0x000007fef9d20000 - 0x000007fef9d35000 	C:\Windows\system32\NLAapi.dll
0x000007fef8fd0000 - 0x000007fef8fe5000 	C:\Windows\system32\napinsp.dll
0x000007fef8ff0000 - 0x000007fef9009000 	C:\Windows\system32\pnrpnsp.dll
0x000007fefc8e0000 - 0x000007fefc93b000 	C:\Windows\system32\DNSAPI.dll
0x000007fef8fc0000 - 0x000007fef8fcb000 	C:\Windows\System32\winrnr.dll
0x000007fefc420000 - 0x000007fefc427000 	C:\Windows\System32\wshtcpip.dll
0x000007fef8f60000 - 0x000007fef8f68000 	C:\Windows\system32\rasadhlp.dll
0x000007fef94e0000 - 0x000007fef9533000 	C:\Windows\System32\fwpuclnt.dll
0x0000000017350000 - 0x00000000173f8000 	C:\Users\wanxing1\.Xilinx\SDK\2016.2\org.eclipse.osgi\312\0\.cp\swt-win32-4527.dll
0x000007feff4f0000 - 0x000007feff5c8000 	C:\Windows\system32\OLEAUT32.dll
0x000007fefe1c0000 - 0x000007fefe257000 	C:\Windows\system32\comdlg32.dll
0x000007fef62f0000 - 0x000007fef6361000 	C:\Windows\system32\WINSPOOL.DRV
0x000007fefdee0000 - 0x000007fefe1a5000 	C:\Windows\system32\WININET.dll
0x000007fefd670000 - 0x000007fefd674000 	C:\Windows\system32\api-ms-win-downlevel-user32-l1-1-0.dll
0x000007fefd660000 - 0x000007fefd664000 	C:\Windows\system32\api-ms-win-downlevel-shlwapi-l1-1-0.dll
0x000007fefd650000 - 0x000007fefd654000 	C:\Windows\system32\api-ms-win-downlevel-version-l1-1-0.dll
0x000007fefd320000 - 0x000007fefd323000 	C:\Windows\system32\api-ms-win-downlevel-normaliz-l1-1-0.dll
0x0000000077750000 - 0x0000000077753000 	C:\Windows\system32\normaliz.DLL
0x000007fefd680000 - 0x000007fefd949000 	C:\Windows\system32\iertutil.dll
0x000007fefd580000 - 0x000007fefd585000 	C:\Windows\system32\api-ms-win-downlevel-advapi32-l1-1-0.dll
0x000007fefd390000 - 0x000007fefd4fd000 	C:\Windows\system32\CRYPT32.dll
0x000007fefd2d0000 - 0x000007fefd2df000 	C:\Windows\system32\MSASN1.dll
0x000007fefb640000 - 0x000007fefb76c000 	C:\Windows\system32\propsys.dll
0x000007feff300000 - 0x000007feff399000 	C:\Windows\system32\CLBCatQ.DLL
0x00000000002b0000 - 0x00000000002ce000 	C:\Users\wanxing1\.Xilinx\SDK\2016.2\org.eclipse.osgi\312\0\.cp\swt-gdip-win32-4527.dll
0x000007fefb950000 - 0x000007fefbb66000 	C:\Windows\WinSxS\amd64_microsoft.windows.gdiplus_6595b64144ccf1df_1.1.7601.23508_none_145555328b95eaaa\gdiplus.dll
0x000007fefb470000 - 0x000007fefb5d1000 	C:\Windows\system32\WindowsCodecs.dll
0x0000000180000000 - 0x0000000180012000 	C:\Users\wanxing1\.Xilinx\SDK\2016.2\org.eclipse.osgi\126\0\.cp\os\win32\x86_64\localfile_1_0_0.dll
0x000007feefe40000 - 0x000007feefe94000 	C:\Windows\system32\oleacc.dll
0x000007fef9c00000 - 0x000007fef9c07000 	C:\Windows\system32\msimg32.dll
0x000007fefd210000 - 0x000007fefd224000 	C:\Windows\system32\RpcRtRemote.dll
0x000007fefb270000 - 0x000007fefb281000 	C:\Users\wanxing1\.Xilinx\SDK\2016.2\org.eclipse.osgi\129\0\.cp\jWinHttp-1.0.0.dll
0x000007fef89d0000 - 0x000007fef8a41000 	C:\Windows\system32\WINHTTP.dll
0x000007fef8930000 - 0x000007fef8994000 	C:\Windows\system32\webio.dll
0x000007fefd090000 - 0x000007fefd0b5000 	C:\Windows\system32\SspiCli.dll
0x000007fefc680000 - 0x000007fefc68a000 	C:\Windows\system32\credssp.dll
0x000007fefd330000 - 0x000007fefd366000 	C:\Windows\system32\CFGMGR32.dll
0x000007fefd0c0000 - 0x000007fefd117000 	C:\Windows\system32\apphelp.dll
0x000007fefb410000 - 0x000007fefb41f000 	C:\Xilinx\SDK\2016.2\lib\win64.o\librdi_repo_manager.dll
0x000007fefa980000 - 0x000007fefa9aa000 	C:\Xilinx\SDK\2016.2\lib\win64.o\libisl_sysinfo.dll
0x000007feecc60000 - 0x000007feecd34000 	C:\Windows\system32\MSVCR110.dll
0x000007feecbb0000 - 0x000007feecc57000 	C:\Windows\system32\MSVCP110.dll
0x000007fec3950000 - 0x000007fec4390000 	C:\Xilinx\SDK\2016.2\lib\win64.o\librdi_common.dll
0x000007fec35e0000 - 0x000007fec394e000 	C:\Xilinx\SDK\2016.2\lib\win64.o\libCOIN-all.dll
0x000007feed7e0000 - 0x000007feed9ff000 	C:\Xilinx\SDK\2016.2\lib\win64.o\libXil_lmgr11.dll
0x000007fefb330000 - 0x000007fefb346000 	C:\Windows\system32\NETAPI32.dll
0x000007fefc6f0000 - 0x000007fefc6fc000 	C:\Windows\system32\netutils.dll
0x000007fefcd60000 - 0x000007fefcd83000 	C:\Windows\system32\srvcli.dll
0x000007fefb310000 - 0x000007fefb325000 	C:\Windows\system32\wkscli.dll
0x000007fefd2e0000 - 0x000007fefd31b000 	C:\Windows\system32\WINTRUST.dll
0x000007fefb3f0000 - 0x000007fefb400000 	C:\Xilinx\SDK\2016.2\lib\win64.o\libboost_date_time.dll
0x000007fefa4a0000 - 0x000007fefa4c4000 	C:\Xilinx\SDK\2016.2\lib\win64.o\libboost_filesystem.dll
0x000007fefb400000 - 0x000007fefb409000 	C:\Xilinx\SDK\2016.2\lib\win64.o\libboost_system.dll
0x000007fef2840000 - 0x000007fef28b7000 	C:\Xilinx\SDK\2016.2\lib\win64.o\libboost_program_options.dll
0x000007fef1f00000 - 0x000007fef2006000 	C:\Xilinx\SDK\2016.2\lib\win64.o\libboost_regex.dll
0x000007fefb250000 - 0x000007fefb263000 	C:\Xilinx\SDK\2016.2\lib\win64.o\libboost_signals.dll
0x000007fefa180000 - 0x000007fefa19d000 	C:\Xilinx\SDK\2016.2\lib\win64.o\libboost_thread.dll
0x000007fefb3b0000 - 0x000007fefb3bb000 	C:\Xilinx\SDK\2016.2\lib\win64.o\libboost_chrono.dll
0x000007fefb370000 - 0x000007fefb37b000 	C:\Xilinx\SDK\2016.2\lib\win64.o\libboost_xilinx.dll
0x000007fef2710000 - 0x000007fef2790000 	C:\Xilinx\SDK\2016.2\lib\win64.o\libhdlpsolve.dll
0x000007feedcd0000 - 0x000007feedd6a000 	C:\Xilinx\SDK\2016.2\lib\win64.o\libhdxml.dll
0x000007fec3170000 - 0x000007fec35d5e00 	C:\Xilinx\SDK\2016.2\lib\win64.o\libisl_iostreams.dll
0x000007fef8400000 - 0x000007fef8416000 	C:\Xilinx\SDK\2016.2\lib\win64.o\libboost_iostreams.dll
0x000007fef2810000 - 0x000007fef2833000 	C:\Xilinx\SDK\2016.2\lib\win64.o\librdizlib.dll
0x000007fef27e0000 - 0x000007fef2803000 	C:\Xilinx\SDK\2016.2\lib\win64.o\libisl_iosutils.dll
0x000007fef1e80000 - 0x000007fef1e95000 	C:\Xilinx\SDK\2016.2\lib\win64.o\pthreadVC2.dll
0x000007fef1e20000 - 0x000007fef1e74000 	C:\Xilinx\SDK\2016.2\lib\win64.o\librdi_commonxillic.dll
0x000007fec3040000 - 0x000007fec3170000 	C:\Xilinx\SDK\2016.2\lib\win64.o\librdi_curl.dll
0x000007feefb50000 - 0x000007feefb68000 	C:\Xilinx\SDK\2016.2\lib\win64.o\librdiconfig.dll
0x0000000071a90000 - 0x0000000071bb7000 	C:\Xilinx\SDK\2016.2\lib\win64.o\tcl85t.dll
0x0000000025ad0000 - 0x0000000025d33000 	C:\Xilinx\SDK\2016.2\lib\win64.o\xerces-c_3_1.dll
0x000007feff5d0000 - 0x000007feff756000 	C:\Windows\system32\urlmon.dll
0x000007fefd500000 - 0x000007fefd504000 	C:\Windows\system32\api-ms-win-downlevel-ole32-l1-1-0.dll
0x000007feed310000 - 0x000007feed333000 	C:\Windows\system32\VCOMP110.DLL
0x000007fec2e40000 - 0x000007fec3032000 	C:\Xilinx\SDK\2016.2\lib\win64.o\librdi_hsm.dll
0x000007feef560000 - 0x000007feef5a3000 	C:\Xilinx\SDK\2016.2\lib\win64.o\librdi_hdf.dll
0x000007fec2bb0000 - 0x000007fec2e31000 	C:\Xilinx\SDK\2016.2\lib\win64.o\librdi_ippcw.dll
0x000007fefb390000 - 0x000007fefb3a6000 	C:\Xilinx\SDK\2016.2\eclipse\win64.o\plugins\org.eclipse.cdt.core.win32.x86_64_5.4.0.201509131935\os\win32\x86_64\spawner.dll
0x0000000071100000 - 0x0000000071125000 	C:\Users\wanxing1\.jssc\windows\jSSC-2.8_x86_64.dll
0x0000000071080000 - 0x00000000710a6000 	C:\Xilinx\SDK\2016.2\eclipse\win64.o\plugins\gnu.io.rxtx.win32.x86_64_2.1.7.3_v20071015\os\win32\x86_64\rxtxSerial.dll
0x000007fefb380000 - 0x000007fefb38a000 	C:\Xilinx\SDK\2016.2\lib\win64.o\librdi_jtag_settings.dll
0x000007feefb20000 - 0x000007feefb49000 	C:\Xilinx\SDK\2016.2\lib\win64.o\librdi_debug_dialog.dll
0x000007fefb2a0000 - 0x000007fefb2a8000 	C:\Xilinx\SDK\2016.2\lib\win64.o\librdi_target_manager.dll
0x000007feb7cc0000 - 0x000007feb84d0000 	C:\Xilinx\SDK\2016.2\lib\win64.o\libXil_lmgr11FNP.dll

VM Arguments:
jvm_args: -Dcom.xilinx.sdk.args.hwspec=W:/video_demo/NexysVideo-master/Projects/hdmi/proj/hdmi.sdk/hdmi_wrapper.hdf -Xms64m -Xmx512m & 
java_command: <unknown>
java_class_path (initial): C:\Xilinx\SDK\2016.2\eclipse\win64.o\\plugins/org.eclipse.equinox.launcher_1.3.100.v20150511-1540.jar
Launcher Type: generic

Environment Variables:
PATH=C:/Xilinx/SDK/2016.2/tps/win64/jre/bin/server;C:/Xilinx/SDK/2016.2/tps/win64/jre/bin;C:/Xilinx/SDK/2016.2/tps/win64/jre/lib/amd64;C:\Xilinx\SDK\2016.2\gnuwin\bin;C:\Xilinx\SDK\2016.2\gnu\microblaze\nt\bin;C:\Xilinx\SDK\2016.2\gnu\microblaze\linux_toolchain\nt64_le\bin;C:\Xilinx\SDK\2016.2\gnu\microblaze\linux_toolchain\nt64_be\bin;C:\Xilinx\SDK\2016.2\gnu\arm\nt\bin;C:\Xilinx\SDK\2016.2\gnu\aarch64\nt\aarch64-none\bin;C:\Xilinx\SDK\2016.2\gnu\aarch64\nt\aarch64-linux\bin;C:\Xilinx\SDK\2016.2\gnu\armr5\nt\gcc-arm-none-eabi\bin;C:\Xilinx\SDK\2016.2\gnu\aarch32\nt\gcc-arm-none-eabi\bin;C:\Xilinx\SDK\2016.2\gnu\aarch32\nt\gcc-arm-linux-gnueabi\bin;C:\Xilinx\SDK\2016.2\tps\win64\cmake-3.3.2\bin;;C:\Xilinx\SDK\2016.2\bin;C:\Xilinx\SDK\2016.2\lib\win64.o;C:\Xilinx\SDK\2016.2\tps\win64\jre\bin\server;C:\Xilinx\SDK\2016.2\tps\win64\jre\bin;C:\Xilinx\Vivado\2016.2\ids_lite\ISE\bin\nt64;C:\Xilinx\Vivado\2016.2\ids_lite\ISE\lib\nt64;C:\Xilinx\Vivado\2016.2\bin;C:\Xilinx\Vivado\2016.2\lib\win64.o;C:\Xilinx\Vivado\2016.2\tps\win64\jre\bin\server;C:\Xilinx\Vivado\2016.2\tps\win64\jre\bin;C:\Xilinx\Vivado_HLS\2016.2\bin;C:\Windows\system32;C:\Windows;C:\Windows\System32\Wbem;C:\Windows\System32\WindowsPowerShell\v1.0\;C:\Program Files (x86)\Java\jre6\bin;C:\Program Files (x86)\eclipse;C:\altera\16.0\quartus\bin64;c:\altera\16.0\quartus\bin64\jre64\bin;W:\video_demo\NexysVideo-master\Projects\hdmi\proj;
USERNAME=wanxing1
OS=Windows_NT
PROCESSOR_IDENTIFIER=Intel64 Family 6 Model 60 Stepping 3, GenuineIntel



---------------  S Y S T E M  ---------------

OS: Windows 7 , 64 bit Build 7601 (6.1.7601.23418)

CPU:total 8 (4 cores per cpu, 2 threads per core) family 6 model 60 stepping 3, cmov, cx8, fxsr, mmx, sse, sse2, sse3, ssse3, sse4.1, sse4.2, popcnt, avx, avx2, aes, clmul, erms, lzcnt, ht, tsc, tscinvbit, bmi1, bmi2

Memory: 4k page, physical 16683160k(12418304k free), swap 33364460k(28684368k free)

vm_info: Java HotSpot(TM) 64-Bit Server VM (25.66-b18) for windows-amd64 JRE (1.8.0_66-b18), built on Nov  9 2015 10:51:13 by "java_re" with MS VC++ 10.0 (VS2010)

time: Fri Feb 17 12:32:54 2017
elapsed time: 326 seconds (0d 0h 5m 26s)

