#-----------------------------------------------------------
# Vivado v2016.2 (64-bit)
# SW Build 1577090 on Thu Jun  2 16:32:40 MDT 2016
# IP Build 1577682 on Fri Jun  3 12:00:54 MDT 2016
# Start of session at: Wed Mar 29 13:42:24 2017
# Process ID: 1420
# Current directory: W:/pre_done/NexysVideo-master/Projects/hdmi/proj
# Command line: vivado.exe -gui_launcher_event rodinguilauncherevent3572 W:\pre_done\NexysVideo-master\Projects\hdmi\proj\hdmi.xpr
# Log file: W:/pre_done/NexysVideo-master/Projects/hdmi/proj/vivado.log
# Journal file: W:/pre_done/NexysVideo-master/Projects/hdmi/proj\vivado.jou
#-----------------------------------------------------------
start_gui
open_project W:/pre_done/NexysVideo-master/Projects/hdmi/proj/hdmi.xpr
CRITICAL WARNING: [Project 1-19] Could not find the file 'W:/pre_done/NexysVideo-master/UC_winter.coe'.
Scanning sources...
Finished scanning sources
INFO: [IP_Flow 19-234] Refreshing IP repositories
INFO: [IP_Flow 19-1700] Loaded user IP repository 'w:/pre_done/NexysVideo-master/Projects/hdmi/ip_repo/slave_to_master_1.0'.
INFO: [IP_Flow 19-1700] Loaded user IP repository 'w:/pre_done/NexysVideo-master/Projects/hdmi/ip_repo/passthrough_1.0'.
INFO: [IP_Flow 19-1700] Loaded user IP repository 'w:/pre_done/NexysVideo-master/collision_detection'.
INFO: [IP_Flow 19-1700] Loaded user IP repository 'w:/pre_done/NexysVideo-master/Projects/hdmi/repo'.
INFO: [IP_Flow 19-1700] Loaded user IP repository 'w:/pre_done/NexysVideo-master/color_threshold'.
INFO: [IP_Flow 19-2313] Loaded Vivado IP repository 'C:/Xilinx/Vivado/2016.2/data/ip'.
open_project: Time (s): cpu = 00:00:42 ; elapsed = 00:00:36 . Memory (MB): peak = 1513.391 ; gain = 821.848
update_compile_order -fileset sources_1
remove_files W:/pre_done/NexysVideo-master/UC_winter.coe
open_bd_design {W:/pre_done/NexysVideo-master/Projects/hdmi/proj/hdmi.srcs/sources_1/bd/hdmi/hdmi.bd}
Adding cell -- digilentinc.com:ip:axi_dynclk:1.0 - axi_dynclk_0
Adding cell -- digilentinc.com:ip:dvi2rgb:1.5 - dvi2rgb_0
Adding cell -- xilinx.com:ip:xlconcat:2.1 - microblaze_0_xlconcat
Adding cell -- digilentinc.com:ip:rgb2dvi:1.2 - rgb2dvi_0
Adding cell -- xilinx.com:ip:xlconstant:1.1 - xlconstant_0
Adding cell -- xilinx.com:ip:axi_gpio:2.0 - axi_gpio_video
Adding cell -- xilinx.com:ip:axi_timer:2.0 - axi_timer_0
Adding cell -- xilinx.com:ip:axi_uartlite:2.0 - axi_uartlite_0
Adding cell -- xilinx.com:ip:axi_vdma:6.2 - axi_vdma_0
Adding cell -- xilinx.com:ip:mdm:3.2 - mdm_1
Adding cell -- xilinx.com:ip:microblaze:9.6 - microblaze_0
Adding cell -- xilinx.com:ip:axi_intc:4.1 - microblaze_0_axi_intc
Adding cell -- xilinx.com:ip:mig_7series:4.0 - mig_7series_0
Adding cell -- xilinx.com:ip:proc_sys_reset:5.0 - rst_mig_7series_0_pxl
Adding cell -- xilinx.com:ip:v_axi4s_vid_out:4.0 - v_axi4s_vid_out_0
Adding cell -- xilinx.com:ip:v_tc:6.1 - v_tc_0
Adding cell -- xilinx.com:ip:v_tc:6.1 - v_tc_1
Adding cell -- xilinx.com:ip:v_vid_in_axi4s:4.0 - v_vid_in_axi4s_0
Adding cell -- xilinx.com:ip:axis_broadcaster:1.1 - axis_broadcaster_0
Adding cell -- xilinx.com:ip:ila:6.1 - ila_1
Adding cell -- xilinx.com:ip:xlslice:1.0 - tdata_slice_c
Adding cell -- xilinx.com:ip:xlslice:1.0 - tvalid_slice_c
Adding cell -- xilinx.com:ip:xlslice:1.0 - tlast_slice_c
Adding cell -- xilinx.com:ip:xlconcat:2.1 - tready_concat
Adding cell -- xilinx.com:ip:xlslice:1.0 - tdata_slice_v
Adding cell -- xilinx.com:ip:xlslice:1.0 - tlast_slice_v
Adding cell -- xilinx.com:ip:xlslice:1.0 - tvalid_slice_v
Adding cell -- xilinx.com:ip:xlslice:1.0 - tuser_slice_v
Adding cell -- xilinx.com:ip:ila:6.1 - ila_3
Adding cell -- xilinx.com:ip:xlconcat:2.1 - xlconcat_0
Adding cell -- xilinx.com:ip:xlconstant:1.1 - xlconstant_2
Adding cell -- xilinx.com:ip:xlconstant:1.1 - xlconstant_3
Adding cell -- xilinx.com:ip:xlslice:1.0 - xlslice_0
Adding cell -- xilinx.com:ip:xlslice:1.0 - xlslice_1
Adding cell -- xilinx.com:ip:ila:6.1 - ila_4
Adding cell -- xilinx.com:ip:ila:6.1 - ila_5
Adding cell -- xilinx.com:ip:ila:6.1 - ila_0
Adding cell -- xilinx.com:ip:blk_mem_gen:8.3 - blk_mem_gen_0
Adding cell -- xilinx.com:ip:proc_sys_reset:5.0 - rst_mig_7series_0_100M
Adding cell -- xilinx.com:ip:util_ds_buf:2.1 - util_ds_buf_0
Adding cell -- utoronto.ca:module_ref:BGR:1.0 - BGR_0
Adding cell -- user.org:user:Collision_Detection_Slave:1.0 - Collision_Detection_Slave_0
Adding cell -- utoronto.ca:user:color_threshold:1.0 - color_threshold_0
Adding cell -- utoronto.ca:module_ref:bypass:1.0 - bypass_0
Adding cell -- xilinx.com:ip:axi_crossbar:2.1 - xbar
Adding cell -- xilinx.com:ip:axi_crossbar:2.1 - xbar
Adding cell -- xilinx.com:ip:axi_register_slice:2.1 - m00_regslice
Adding cell -- xilinx.com:ip:axi_dwidth_converter:2.1 - auto_ds
Adding cell -- xilinx.com:ip:axi_register_slice:2.1 - auto_rs_w
Adding cell -- xilinx.com:ip:axi_register_slice:2.1 - s03_regslice
Adding cell -- xilinx.com:ip:axi_register_slice:2.1 - s02_regslice
Adding cell -- xilinx.com:ip:axi_register_slice:2.1 - s01_regslice
Adding cell -- xilinx.com:ip:axi_dwidth_converter:2.1 - auto_us
Adding cell -- xilinx.com:ip:axi_register_slice:2.1 - auto_rs_w
Adding cell -- xilinx.com:ip:axi_register_slice:2.1 - s00_regslice
Adding cell -- xilinx.com:ip:axi_dwidth_converter:2.1 - auto_us
Adding cell -- xilinx.com:ip:axi_register_slice:2.1 - auto_rs_w
Adding cell -- xilinx.com:ip:lmb_bram_if_cntlr:4.0 - dlmb_bram_if_cntlr
Adding cell -- xilinx.com:ip:lmb_v10:3.0 - dlmb_v10
Adding cell -- xilinx.com:ip:lmb_bram_if_cntlr:4.0 - ilmb_bram_if_cntlr
Adding cell -- xilinx.com:ip:lmb_v10:3.0 - ilmb_v10
Adding cell -- xilinx.com:ip:blk_mem_gen:8.3 - lmb_bram
Successfully read diagram <hdmi> from BD file <W:/pre_done/NexysVideo-master/Projects/hdmi/proj/hdmi.srcs/sources_1/bd/hdmi/hdmi.bd>
validate_bd_design -force
WARNING: [IP_Flow 19-3331] Invalid parameters found in dependency constraints of 'BUSIF_ENABLEMENT.AsyncRst' 
WARNING: [IP_Flow 19-3331] Invalid parameters found in dependency constraints of 'BUSIF_ENABLEMENT.SyncRst' 
WARNING: [BD 41-702] Propagation TCL tries to overwrite USER strength parameter C_M_AXI_S2MM_DATA_WIDTH(128) on '/axi_vdma_0' with propagated value(32). Command ignored
INFO: [Device 21-403] Loading part xc7a200tsbg484-1
WARNING: [BD 41-702] Propagation TCL tries to overwrite USER strength parameter C_M_AXI_S2MM_DATA_WIDTH(128) on '/axi_vdma_0' with propagated value(32). Command ignored
WARNING: [BD 41-702] Propagation TCL tries to overwrite USER strength parameter C_M_AXI_S2MM_DATA_WIDTH(128) on '/axi_vdma_0' with propagated value(32). Command ignored
WARNING: [BD 41-702] Propagation TCL tries to overwrite USER strength parameter C_M_AXI_S2MM_DATA_WIDTH(128) on '/axi_vdma_0' with propagated value(32). Command ignored
WARNING: [BD 41-702] Propagation TCL tries to overwrite USER strength parameter C_M_AXI_S2MM_DATA_WIDTH(128) on '/axi_vdma_0' with propagated value(32). Command ignored
WARNING: [BD 41-702] Propagation TCL tries to overwrite USER strength parameter C_M_AXI_S2MM_DATA_WIDTH(128) on '/axi_vdma_0' with propagated value(32). Command ignored
WARNING: [BD 41-702] Propagation TCL tries to overwrite USER strength parameter C_M_AXI_S2MM_DATA_WIDTH(128) on '/axi_vdma_0' with propagated value(32). Command ignored
WARNING: [BD 41-702] Propagation TCL tries to overwrite USER strength parameter C_M_AXI_S2MM_DATA_WIDTH(128) on '/axi_vdma_0' with propagated value(32). Command ignored
WARNING: [BD 41-702] Propagation TCL tries to overwrite USER strength parameter C_M_AXI_S2MM_DATA_WIDTH(128) on '/axi_vdma_0' with propagated value(32). Command ignored
WARNING: [BD 41-702] Propagation TCL tries to overwrite USER strength parameter C_M_AXI_S2MM_DATA_WIDTH(128) on '/axi_vdma_0' with propagated value(32). Command ignored
WARNING: [BD 41-702] Propagation TCL tries to overwrite USER strength parameter C_M_AXI_S2MM_DATA_WIDTH(128) on '/axi_vdma_0' with propagated value(32). Command ignored
WARNING: [BD 41-702] Propagation TCL tries to overwrite USER strength parameter C_M_AXI_S2MM_DATA_WIDTH(128) on '/axi_vdma_0' with propagated value(32). Command ignored
WARNING: [BD 41-702] Propagation TCL tries to overwrite USER strength parameter C_M_AXI_S2MM_DATA_WIDTH(128) on '/axi_vdma_0' with propagated value(32). Command ignored
WARNING: [BD 41-702] Propagation TCL tries to overwrite USER strength parameter C_M_AXI_S2MM_DATA_WIDTH(128) on '/axi_vdma_0' with propagated value(32). Command ignored
WARNING: [BD 41-702] Propagation TCL tries to overwrite USER strength parameter C_M_AXI_S2MM_DATA_WIDTH(128) on '/axi_vdma_0' with propagated value(32). Command ignored
CRITICAL WARNING: [BD 41-1343] Reset pin /axis_broadcaster_0/aresetn (associated clock /axis_broadcaster_0/aclk) is connected to reset source /rst_mig_7series_0_100M/peripheral_aresetn (synchronous to clock source /mig_7series_0/ui_clk).
This may prevent design from meeting timing. Please add Processor System Reset module to create a reset that is synchronous to the associated clock source /axi_dynclk_0/PXL_CLK_O.
CRITICAL WARNING: [BD 41-1348] Reset pin /Collision_Detection_Slave_0/s00_axis_aresetn (associated clock /Collision_Detection_Slave_0/s00_axis_aclk) is connected to asynchronous reset source /s00_axis_aresetn.
This may prevent design from meeting timing. Please add Processor System Reset module to create a reset that is synchronous to the associated clock source /axi_dynclk_0/PXL_CLK_O.
CRITICAL WARNING: [BD 41-1348] Reset pin /bypass_0/axis_aresetn (associated clock /bypass_0/axis_aclk) is connected to asynchronous reset source /s00_axis_aresetn.
This may prevent design from meeting timing. Please add Processor System Reset module to create a reset that is synchronous to the associated clock source /axi_dynclk_0/PXL_CLK_O.
INFO: [xilinx.com:ip:axi_vdma:6.2-15] /axi_vdma_0 
                    All clocks connected to AXI VDMA are not identical, therefore configuring AXI-VDMA in ASYNC mode.
WARNING: [xilinx.com:ip:axi_vdma:6.2-155] /axi_vdma_0 
                    To get the better performance, ensure AXI Memory Map clock frequency is greater than equal to AXI Streaming clock frequency.
INFO: [xilinx.com:ip:axi_intc:4.1-1] /microblaze_0_axi_intc: The AXI INTC core has been configured to operate with synchronous clocks.
INFO: [xilinx.com:ip:microblaze:9.6-16] /microblaze_0: Setting D-cache cacheable area base address C_DCACHE_BASEADDR to 0x80000000 and high address C_DCACHE_HIGHADDR to 0x9FFFFFFF.
INFO: [xilinx.com:ip:microblaze:9.6-16] /microblaze_0: Setting I-cache cacheable area base address C_ICACHE_BASEADDR to 0x80000000 and high address C_ICACHE_HIGHADDR to 0x9FFFFFFF.
WARNING: [BD 41-1271] The connection to the pin: /v_axi4s_vid_out_0/s_axis_video_tready has been overridden by the user. This pin will not be connected as a part of the interface connection: axis_broadcaster_0_M00_AXIS 
validate_bd_design: Time (s): cpu = 00:00:21 ; elapsed = 00:00:26 . Memory (MB): peak = 1795.727 ; gain = 262.477
make_wrapper -files [get_files W:/pre_done/NexysVideo-master/Projects/hdmi/proj/hdmi.srcs/sources_1/bd/hdmi/hdmi.bd] -top
INFO: [BD 41-1662] The design 'hdmi.bd' is already validated. Therefore parameter propagation will not be re-run.
WARNING: [BD 41-1271] The connection to the pin: /v_axi4s_vid_out_0/s_axis_video_tready has been overridden by the user. This pin will not be connected as a part of the interface connection: axis_broadcaster_0_M00_AXIS 
CRITICAL WARNING: [BD 41-1228] Width mismatch when connecting input pin '/Collision_Detection_Slave_0/initial_health'(5) to net 'color_threshold_0_initial_health'(32) - Only lower order bits will be connected, and other input bits of this pin will be left unconnected.
CRITICAL WARNING: [BD 41-1228] Width mismatch when connecting input pin '/bypass_0/single_length'(6) to net 'color_threshold_0_single_length'(32) - Only lower order bits will be connected, and other input bits of this pin will be left unconnected.
VHDL Output written to : W:/pre_done/NexysVideo-master/Projects/hdmi/proj/hdmi.srcs/sources_1/bd/hdmi/hdl/hdmi.vhd
VHDL Output written to : W:/pre_done/NexysVideo-master/Projects/hdmi/proj/hdmi.srcs/sources_1/bd/hdmi/hdl/hdmi_wrapper.vhd
Wrote  : <W:/pre_done/NexysVideo-master/Projects/hdmi/proj/hdmi.srcs/sources_1/bd/hdmi/hdmi.bd> 
reset_run hdmi_mig_7series_0_0_synth_1
reset_run hdmi_blk_mem_gen_0_0_synth_1
reset_run hdmi_BGR_0_0_synth_1
reset_run synth_1
launch_runs impl_1
INFO: [BD 41-1662] The design 'hdmi.bd' is already validated. Therefore parameter propagation will not be re-run.
WARNING: [BD 41-1271] The connection to the pin: /v_axi4s_vid_out_0/s_axis_video_tready has been overridden by the user. This pin will not be connected as a part of the interface connection: axis_broadcaster_0_M00_AXIS 
CRITICAL WARNING: [BD 41-1228] Width mismatch when connecting input pin '/Collision_Detection_Slave_0/initial_health'(5) to net 'color_threshold_0_initial_health'(32) - Only lower order bits will be connected, and other input bits of this pin will be left unconnected.
CRITICAL WARNING: [BD 41-1228] Width mismatch when connecting input pin '/bypass_0/single_length'(6) to net 'color_threshold_0_single_length'(32) - Only lower order bits will be connected, and other input bits of this pin will be left unconnected.
VHDL Output written to : W:/pre_done/NexysVideo-master/Projects/hdmi/proj/hdmi.srcs/sources_1/bd/hdmi/hdl/hdmi.vhd
VHDL Output written to : W:/pre_done/NexysVideo-master/Projects/hdmi/proj/hdmi.srcs/sources_1/bd/hdmi/hdl/hdmi_wrapper.vhd
Wrote  : <W:/pre_done/NexysVideo-master/Projects/hdmi/proj/hdmi.srcs/sources_1/bd/hdmi/hdmi.bd> 
INFO: [BD 41-1029] Generation completed for the IP Integrator block axi_dynclk_0 .
INFO: [BD 41-1029] Generation completed for the IP Integrator block axi_gpio_video .
INFO: [BD 41-1029] Generation completed for the IP Integrator block axi_timer_0 .
INFO: [BD 41-1029] Generation completed for the IP Integrator block axi_uartlite_0 .
INFO: [BD 41-1029] Generation completed for the IP Integrator block axi_vdma_0 .
INFO: [BD 41-1029] Generation completed for the IP Integrator block dvi2rgb_0 .
INFO: [BD 41-1029] Generation completed for the IP Integrator block mdm_1 .
INFO: [BD 41-1029] Generation completed for the IP Integrator block microblaze_0 .
INFO: [BD 41-1029] Generation completed for the IP Integrator block microblaze_0_axi_intc .
INFO: [BD 41-1029] Generation completed for the IP Integrator block microblaze_0_local_memory/dlmb_bram_if_cntlr .
INFO: [BD 41-1029] Generation completed for the IP Integrator block microblaze_0_local_memory/dlmb_v10 .
INFO: [BD 41-1029] Generation completed for the IP Integrator block microblaze_0_local_memory/ilmb_bram_if_cntlr .
INFO: [BD 41-1029] Generation completed for the IP Integrator block microblaze_0_local_memory/ilmb_v10 .
INFO: [BD 41-1029] Generation completed for the IP Integrator block microblaze_0_local_memory/lmb_bram .
INFO: [BD 41-1029] Generation completed for the IP Integrator block microblaze_0_xlconcat .
INFO: [BD 41-1029] Generation completed for the IP Integrator block mig_7series_0 .
INFO: [BD 41-1029] Generation completed for the IP Integrator block rgb2dvi_0 .
INFO: [BD 41-1029] Generation completed for the IP Integrator block rst_mig_7series_0_100M .
INFO: [BD 41-1029] Generation completed for the IP Integrator block rst_mig_7series_0_pxl .
INFO: [BD 41-1029] Generation completed for the IP Integrator block v_axi4s_vid_out_0 .
INFO: [BD 41-1029] Generation completed for the IP Integrator block v_tc_0 .
INFO: [BD 41-1029] Generation completed for the IP Integrator block v_tc_1 .
INFO: [BD 41-1029] Generation completed for the IP Integrator block v_vid_in_axi4s_0 .
INFO: [BD 41-1029] Generation completed for the IP Integrator block xlconstant_0 .
INFO: [BD 41-1029] Generation completed for the IP Integrator block axi_mem_intercon/xbar .
INFO: [BD 41-1029] Generation completed for the IP Integrator block microblaze_0_axi_periph/xbar .
INFO: [BD 41-1029] Generation completed for the IP Integrator block axis_broadcaster_0 .
INFO: [BD 41-1029] Generation completed for the IP Integrator block ila_1 .
INFO: [BD 41-1029] Generation completed for the IP Integrator block Collision_Detection_Slave_0 .
INFO: [BD 41-1029] Generation completed for the IP Integrator block tdata_slice_c .
INFO: [BD 41-1029] Generation completed for the IP Integrator block tvalid_slice_c .
INFO: [BD 41-1029] Generation completed for the IP Integrator block tlast_slice_c .
INFO: [BD 41-1029] Generation completed for the IP Integrator block tready_concat .
INFO: [BD 41-1029] Generation completed for the IP Integrator block tdata_slice_v .
INFO: [BD 41-1029] Generation completed for the IP Integrator block tlast_slice_v .
INFO: [BD 41-1029] Generation completed for the IP Integrator block tvalid_slice_v .
INFO: [BD 41-1029] Generation completed for the IP Integrator block tuser_slice_v .
INFO: [BD 41-1029] Generation completed for the IP Integrator block ila_3 .
INFO: [BD 41-1029] Generation completed for the IP Integrator block xlconcat_0 .
INFO: [BD 41-1029] Generation completed for the IP Integrator block xlconstant_2 .
INFO: [BD 41-1029] Generation completed for the IP Integrator block xlconstant_3 .
INFO: [BD 41-1029] Generation completed for the IP Integrator block xlslice_0 .
INFO: [BD 41-1029] Generation completed for the IP Integrator block xlslice_1 .
INFO: [BD 41-1029] Generation completed for the IP Integrator block bypass_0 .
INFO: [BD 41-1029] Generation completed for the IP Integrator block ila_4 .
INFO: [BD 41-1029] Generation completed for the IP Integrator block ila_5 .
INFO: [BD 41-1029] Generation completed for the IP Integrator block ila_0 .
INFO: [BD 41-1029] Generation completed for the IP Integrator block color_threshold_0 .
INFO: [BD 41-1029] Generation completed for the IP Integrator block blk_mem_gen_0 .
INFO: [BD 41-1029] Generation completed for the IP Integrator block util_ds_buf_0 .
INFO: [BD 41-1029] Generation completed for the IP Integrator block BGR_0 .
INFO: [BD 41-1029] Generation completed for the IP Integrator block axi_mem_intercon/s00_couplers/s00_regslice .
INFO: [BD 41-1029] Generation completed for the IP Integrator block axi_mem_intercon/s01_couplers/s01_regslice .
INFO: [BD 41-1029] Generation completed for the IP Integrator block axi_mem_intercon/s02_couplers/s02_regslice .
INFO: [BD 41-1029] Generation completed for the IP Integrator block axi_mem_intercon/s03_couplers/s03_regslice .
INFO: [BD 41-1029] Generation completed for the IP Integrator block axi_mem_intercon/m00_couplers/m00_regslice .
INFO: [BD 41-1029] Generation completed for the IP Integrator block axi_mem_intercon/m00_couplers/auto_ds .
INFO: [BD 41-1029] Generation completed for the IP Integrator block axi_mem_intercon/m00_couplers/auto_rs_w .
INFO: [BD 41-1029] Generation completed for the IP Integrator block axi_mem_intercon/s00_couplers/auto_us .
INFO: [BD 41-1029] Generation completed for the IP Integrator block axi_mem_intercon/s00_couplers/auto_rs_w .
INFO: [BD 41-1029] Generation completed for the IP Integrator block axi_mem_intercon/s01_couplers/auto_us .
INFO: [BD 41-1029] Generation completed for the IP Integrator block axi_mem_intercon/s01_couplers/auto_rs_w .
Exporting to file W:/pre_done/NexysVideo-master/Projects/hdmi/proj/hdmi.srcs/sources_1/bd/hdmi/hw_handoff/hdmi.hwh
WARNING: [IP_Flow 19-3331] Invalid parameters found in dependency constraints of 'BUSIF_ENABLEMENT.AsyncRst' 
WARNING: [IP_Flow 19-3331] Invalid parameters found in dependency constraints of 'BUSIF_ENABLEMENT.SyncRst' 
Generated Block Design Tcl file W:/pre_done/NexysVideo-master/Projects/hdmi/proj/hdmi.srcs/sources_1/bd/hdmi/hw_handoff/hdmi_bd.tcl
Generated Hardware Definition File W:/pre_done/NexysVideo-master/Projects/hdmi/proj/hdmi.srcs/sources_1/bd/hdmi/hdl/hdmi.hwdef
[Wed Mar 29 13:49:16 2017] Launched hdmi_mig_7series_0_0_synth_1, hdmi_blk_mem_gen_0_0_synth_1, hdmi_BGR_0_0_synth_1, hdmi_Collision_Detection_Slave_0_0_synth_1, hdmi_color_threshold_0_0_synth_1, hdmi_bypass_0_0_synth_1, hdmi_s01_regslice_0_synth_1, hdmi_s00_regslice_0_synth_1, hdmi_s02_regslice_0_synth_1, hdmi_s03_regslice_0_synth_1, hdmi_m00_regslice_0_synth_1, hdmi_auto_rs_w_2_synth_1, hdmi_auto_ds_0_synth_1, hdmi_auto_rs_w_0_synth_1, hdmi_auto_rs_w_1_synth_1, hdmi_auto_us_1_synth_1, hdmi_auto_us_0_synth_1, synth_1...
Run output will be captured here:
hdmi_mig_7series_0_0_synth_1: W:/pre_done/NexysVideo-master/Projects/hdmi/proj/hdmi.runs/hdmi_mig_7series_0_0_synth_1/runme.log
hdmi_blk_mem_gen_0_0_synth_1: W:/pre_done/NexysVideo-master/Projects/hdmi/proj/hdmi.runs/hdmi_blk_mem_gen_0_0_synth_1/runme.log
hdmi_BGR_0_0_synth_1: W:/pre_done/NexysVideo-master/Projects/hdmi/proj/hdmi.runs/hdmi_BGR_0_0_synth_1/runme.log
hdmi_Collision_Detection_Slave_0_0_synth_1: W:/pre_done/NexysVideo-master/Projects/hdmi/proj/hdmi.runs/hdmi_Collision_Detection_Slave_0_0_synth_1/runme.log
hdmi_color_threshold_0_0_synth_1: W:/pre_done/NexysVideo-master/Projects/hdmi/proj/hdmi.runs/hdmi_color_threshold_0_0_synth_1/runme.log
hdmi_bypass_0_0_synth_1: W:/pre_done/NexysVideo-master/Projects/hdmi/proj/hdmi.runs/hdmi_bypass_0_0_synth_1/runme.log
hdmi_s01_regslice_0_synth_1: W:/pre_done/NexysVideo-master/Projects/hdmi/proj/hdmi.runs/hdmi_s01_regslice_0_synth_1/runme.log
hdmi_s00_regslice_0_synth_1: W:/pre_done/NexysVideo-master/Projects/hdmi/proj/hdmi.runs/hdmi_s00_regslice_0_synth_1/runme.log
hdmi_s02_regslice_0_synth_1: W:/pre_done/NexysVideo-master/Projects/hdmi/proj/hdmi.runs/hdmi_s02_regslice_0_synth_1/runme.log
hdmi_s03_regslice_0_synth_1: W:/pre_done/NexysVideo-master/Projects/hdmi/proj/hdmi.runs/hdmi_s03_regslice_0_synth_1/runme.log
hdmi_m00_regslice_0_synth_1: W:/pre_done/NexysVideo-master/Projects/hdmi/proj/hdmi.runs/hdmi_m00_regslice_0_synth_1/runme.log
hdmi_auto_rs_w_2_synth_1: W:/pre_done/NexysVideo-master/Projects/hdmi/proj/hdmi.runs/hdmi_auto_rs_w_2_synth_1/runme.log
hdmi_auto_ds_0_synth_1: W:/pre_done/NexysVideo-master/Projects/hdmi/proj/hdmi.runs/hdmi_auto_ds_0_synth_1/runme.log
hdmi_auto_rs_w_0_synth_1: W:/pre_done/NexysVideo-master/Projects/hdmi/proj/hdmi.runs/hdmi_auto_rs_w_0_synth_1/runme.log
hdmi_auto_rs_w_1_synth_1: W:/pre_done/NexysVideo-master/Projects/hdmi/proj/hdmi.runs/hdmi_auto_rs_w_1_synth_1/runme.log
hdmi_auto_us_1_synth_1: W:/pre_done/NexysVideo-master/Projects/hdmi/proj/hdmi.runs/hdmi_auto_us_1_synth_1/runme.log
hdmi_auto_us_0_synth_1: W:/pre_done/NexysVideo-master/Projects/hdmi/proj/hdmi.runs/hdmi_auto_us_0_synth_1/runme.log
synth_1: W:/pre_done/NexysVideo-master/Projects/hdmi/proj/hdmi.runs/synth_1/runme.log
[Wed Mar 29 13:49:18 2017] Launched impl_1...
Run output will be captured here: W:/pre_done/NexysVideo-master/Projects/hdmi/proj/hdmi.runs/impl_1/runme.log
launch_runs: Time (s): cpu = 00:00:55 ; elapsed = 00:02:31 . Memory (MB): peak = 2080.051 ; gain = 216.316
launch_runs impl_1 -to_step write_bitstream
[Wed Mar 29 14:30:10 2017] Launched impl_1...
Run output will be captured here: W:/pre_done/NexysVideo-master/Projects/hdmi/proj/hdmi.runs/impl_1/runme.log
open_hw
connect_hw_server
INFO: [Labtools 27-2285] Connecting to hw_server url TCP:localhost:3121
INFO: [Labtools 27-2222] Launching hw_server...
INFO: [Labtools 27-2221] Launch Output:

****** Xilinx hw_server v2016.2
  **** Build date : Jun  2 2016-16:57:03
    ** Copyright 1986-2016 Xilinx, Inc. All Rights Reserved.


connect_hw_server: Time (s): cpu = 00:00:00 ; elapsed = 00:00:06 . Memory (MB): peak = 2254.797 ; gain = 0.000
open_hw_target
INFO: [Labtoolstcl 44-466] Opening hw_target localhost:3121/xilinx_tcf/Digilent/210276689304B
set_property PROGRAM.FILE {W:/pre_done/NexysVideo-master/Projects/hdmi/proj/hdmi.runs/impl_1/hdmi_wrapper.bit} [lindex [get_hw_devices] 0]
set_property PROBES.FILE {W:/pre_done/NexysVideo-master/Projects/hdmi/proj/hdmi.runs/impl_1/debug_nets.ltx} [lindex [get_hw_devices] 0]
current_hw_device [lindex [get_hw_devices] 0]
refresh_hw_device [lindex [get_hw_devices] 0]
INFO: [Labtools 27-2302] Device xc7a200t (JTAG device index = 0) is programmed with a design that has 5 ILA core(s).
refresh_hw_device: Time (s): cpu = 00:00:11 ; elapsed = 00:00:06 . Memory (MB): peak = 2336.902 ; gain = 50.918
display_hw_ila_data [ get_hw_ila_data hw_ila_data_1 -of_objects [get_hw_ilas -of_objects [get_hw_devices xc7a200t_0] -filter {CELL_NAME=~"hdmi_i/ila_0"}]]
display_hw_ila_data [ get_hw_ila_data hw_ila_data_2 -of_objects [get_hw_ilas -of_objects [get_hw_devices xc7a200t_0] -filter {CELL_NAME=~"hdmi_i/ila_1"}]]
WARNING: Simulation object hdmi_i/axis_broadcaster_0_M00_AXIS_TREADY was not found in the design.
WARNING: Simulation object hdmi_i/axis_broadcaster_0_M00_AXIS_TDATA was not found in the design.
WARNING: Simulation object hdmi_i/n_0_5 was not found in the design.
WARNING: Simulation object hdmi_i/n_0_4 was not found in the design.
WARNING: Simulation object hdmi_i/n_0_3 was not found in the design.
WARNING: Simulation object hdmi_i/axis_broadcaster_0_M00_AXIS_TVALID was not found in the design.
WARNING: Simulation object hdmi_i/axis_broadcaster_0_M00_AXIS_TLAST was not found in the design.
WARNING: Simulation object hdmi_i/axis_broadcaster_0_M00_AXIS_TUSER was not found in the design.
WARNING: Simulation object hdmi_i/n_0_7 was not found in the design.
WARNING: Simulation object hdmi_i/n_0_9 was not found in the design.
display_hw_ila_data [ get_hw_ila_data hw_ila_data_3 -of_objects [get_hw_ilas -of_objects [get_hw_devices xc7a200t_0] -filter {CELL_NAME=~"hdmi_i/ila_3"}]]
WARNING: Simulation object hdmi_i/bypass_0_s00_axis_tready was not found in the design.
WARNING: Simulation object hdmi_i/tdata_slice_v_Dout was not found in the design.
WARNING: Simulation object hdmi_i/tlast_slice_v_Dout was not found in the design.
WARNING: Simulation object hdmi_i/tuser_slice_v_Dout was not found in the design.
WARNING: Simulation object hdmi_i/tvalid_slice_v_Dout was not found in the design.
display_hw_ila_data [ get_hw_ila_data hw_ila_data_4 -of_objects [get_hw_ilas -of_objects [get_hw_devices xc7a200t_0] -filter {CELL_NAME=~"hdmi_i/ila_4"}]]
WARNING: Simulation object hdmi_i/bypass_0_m00_axis_tdata was not found in the design.
WARNING: Simulation object hdmi_i/v_axi4s_vid_out_0_s_axis_video_tready was not found in the design.
WARNING: Simulation object hdmi_i/bypass_0_m00_axis_tlast was not found in the design.
WARNING: Simulation object hdmi_i/bypass_0_m00_axis_tuser was not found in the design.
WARNING: Simulation object hdmi_i/bypass_0_m00_axis_tvalid was not found in the design.
WARNING: Simulation object hdmi_i/bypass_0_out_data_sel was not found in the design.
WARNING: Simulation object hdmi_i/bypass_0_out_mod_data was not found in the design.
WARNING: Simulation object hdmi_i/bypass_0_out_row_counter was not found in the design.
WARNING: Simulation object hdmi_i/bypass_0_out_write_pointer was not found in the design.
display_hw_ila_data [ get_hw_ila_data hw_ila_data_5 -of_objects [get_hw_ilas -of_objects [get_hw_devices xc7a200t_0] -filter {CELL_NAME=~"hdmi_i/ila_5"}]]
set_property PROBES.FILE {W:/pre_done/NexysVideo-master/Projects/hdmi/proj/hdmi.runs/impl_1/debug_nets.ltx} [lindex [get_hw_devices] 0]
set_property PROGRAM.FILE {W:/pre_done/NexysVideo-master/Projects/hdmi/proj/hdmi.runs/impl_1/hdmi_wrapper.bit} [lindex [get_hw_devices] 0]
program_hw_devices [lindex [get_hw_devices] 0]
INFO: [Labtools 27-3164] End of startup status: HIGH
program_hw_devices: Time (s): cpu = 00:00:08 ; elapsed = 00:00:06 . Memory (MB): peak = 2341.043 ; gain = 0.000
refresh_hw_device [lindex [get_hw_devices] 0]
INFO: [Labtools 27-2302] Device xc7a200t (JTAG device index = 0) is programmed with a design that has 5 ILA core(s).
open_bd_design {W:/pre_done/NexysVideo-master/Projects/hdmi/proj/hdmi.srcs/sources_1/bd/hdmi/hdmi.bd}
file copy -force W:/pre_done/NexysVideo-master/Projects/hdmi/proj/hdmi.runs/impl_1/hdmi_wrapper.sysdef W:/pre_done/NexysVideo-master/Projects/hdmi/proj/hdmi.sdk/hdmi_wrapper.hdf

launch_sdk -workspace W:/pre_done/NexysVideo-master/Projects/hdmi/proj/hdmi.sdk -hwspec W:/pre_done/NexysVideo-master/Projects/hdmi/proj/hdmi.sdk/hdmi_wrapper.hdf
INFO: [Vivado 12-393] Launching SDK...
INFO: [Vivado 12-417] Running xsdk -workspace W:/pre_done/NexysVideo-master/Projects/hdmi/proj/hdmi.sdk -hwspec W:/pre_done/NexysVideo-master/Projects/hdmi/proj/hdmi.sdk/hdmi_wrapper.hdf
INFO: [Vivado 12-3157] SDK launch initiated. Please check console for any further messages.
update_module_reference hdmi_bypass_0_0
INFO: [IP_Flow 19-2228] Inferred bus interface 'm00_axis' of definition 'xilinx.com:interface:axis:1.0'.
INFO: [IP_Flow 19-2228] Inferred bus interface 's00_axis' of definition 'xilinx.com:interface:axis:1.0'.
INFO: [IP_Flow 19-4753] Inferred signal 'reset' from port 'axis_aresetn' as interface 'axis_aresetn'.
INFO: [IP_Flow 19-4728] Bus Interface 'axis_aresetn': Added interface parameter 'POLARITY' with value 'ACTIVE_LOW'.
INFO: [IP_Flow 19-4753] Inferred signal 'clock' from port 'axis_aclk' as interface 'axis_aclk'.
INFO: [IP_Flow 19-4728] Bus Interface 'axis_aclk': Added interface parameter 'ASSOCIATED_BUSIF' with value 'm00_axis:s00_axis'.
INFO: [IP_Flow 19-4728] Bus Interface 'axis_aclk': Added interface parameter 'ASSOCIATED_RESET' with value 'axis_aresetn'.
INFO: [IP_Flow 19-234] Refreshing IP repositories
INFO: [IP_Flow 19-1700] Loaded user IP repository 'w:/pre_done/NexysVideo-master/Projects/hdmi/ip_repo/slave_to_master_1.0'.
INFO: [IP_Flow 19-1700] Loaded user IP repository 'w:/pre_done/NexysVideo-master/Projects/hdmi/ip_repo/passthrough_1.0'.
INFO: [IP_Flow 19-1700] Loaded user IP repository 'w:/pre_done/NexysVideo-master/collision_detection'.
INFO: [IP_Flow 19-1700] Loaded user IP repository 'w:/pre_done/NexysVideo-master/Projects/hdmi/repo'.
INFO: [IP_Flow 19-1700] Loaded user IP repository 'w:/pre_done/NexysVideo-master/color_threshold'.
Upgrading 'W:/pre_done/NexysVideo-master/Projects/hdmi/proj/hdmi.srcs/sources_1/bd/hdmi/hdmi.bd'
delete_fileset: Time (s): cpu = 00:00:06 ; elapsed = 00:00:05 . Memory (MB): peak = 2460.980 ; gain = 113.668
delete_ip_run: Time (s): cpu = 00:00:06 ; elapsed = 00:00:07 . Memory (MB): peak = 2460.980 ; gain = 113.668
INFO: [IP_Flow 19-1972] Upgraded hdmi_bypass_0_0 from bypass_v1_0 1.0 to bypass_v1_0 1.0
Wrote  : <W:/pre_done/NexysVideo-master/Projects/hdmi/proj/hdmi.srcs/sources_1/bd/hdmi/hdmi.bd> 
upgrade_ip: Time (s): cpu = 00:00:08 ; elapsed = 00:00:08 . Memory (MB): peak = 2460.980 ; gain = 113.668
update_module_reference: Time (s): cpu = 00:00:09 ; elapsed = 00:00:10 . Memory (MB): peak = 2460.980 ; gain = 113.668
ipx::edit_ip_in_project -upgrade true -name Collision_Detection_Slave_v1_0_v1_0_project -directory W:/pre_done/NexysVideo-master/Projects/hdmi/proj/hdmi.tmp/Collision_Detection_Slave_v1_0_v1_0_project w:/pre_done/NexysVideo-master/collision_detection/ip_repo/Collision_Detection_Slave_1.0/component.xml
INFO: [ProjectBase 1-489] The host OS only allows 260 characters in a normal path. The project is stored in a path with more than 80 characters. If you experience issues with IP, Block Designs, or files not being found, please consider moving the project to a location with a shorter path. Alternately consider using the OS subst command to map part of the path to a drive letter.
Current project path is 'w:/pre_done/nexysvideo-master/projects/hdmi/proj/hdmi.tmp/collision_detection_slave_v1_0_v1_0_project'
INFO: [IP_Flow 19-234] Refreshing IP repositories
INFO: [IP_Flow 19-1700] Loaded user IP repository 'w:/pre_done/NexysVideo-master/Projects/hdmi/ip_repo/slave_to_master_1.0'.
INFO: [IP_Flow 19-1700] Loaded user IP repository 'w:/pre_done/NexysVideo-master/Projects/hdmi/ip_repo/passthrough_1.0'.
INFO: [IP_Flow 19-1700] Loaded user IP repository 'w:/pre_done/NexysVideo-master/collision_detection'.
INFO: [IP_Flow 19-1700] Loaded user IP repository 'w:/pre_done/NexysVideo-master/Projects/hdmi/repo'.
INFO: [IP_Flow 19-1700] Loaded user IP repository 'w:/pre_done/NexysVideo-master/color_threshold'.
INFO: [IP_Flow 19-2228] Inferred bus interface 'm00_axis' of definition 'xilinx.com:interface:axis:1.0'.
INFO: [IP_Flow 19-2228] Inferred bus interface 's00_axis' of definition 'xilinx.com:interface:axis:1.0'.
INFO: [IP_Flow 19-4753] Inferred signal 'reset' from port 'axis_aresetn' as interface 'axis_aresetn'.
INFO: [IP_Flow 19-4728] Bus Interface 'axis_aresetn': Added interface parameter 'POLARITY' with value 'ACTIVE_LOW'.
INFO: [IP_Flow 19-4753] Inferred signal 'clock' from port 'axis_aclk' as interface 'axis_aclk'.
INFO: [IP_Flow 19-4728] Bus Interface 'axis_aclk': Added interface parameter 'ASSOCIATED_BUSIF' with value 'm00_axis:s00_axis'.
INFO: [IP_Flow 19-4728] Bus Interface 'axis_aclk': Added interface parameter 'ASSOCIATED_RESET' with value 'axis_aresetn'.
INFO: [IP_Flow 19-234] Refreshing IP repositories
INFO: [IP_Flow 19-1700] Loaded user IP repository 'w:/pre_done/NexysVideo-master/Projects/hdmi/ip_repo/slave_to_master_1.0'.
INFO: [IP_Flow 19-1700] Loaded user IP repository 'w:/pre_done/NexysVideo-master/Projects/hdmi/ip_repo/passthrough_1.0'.
INFO: [IP_Flow 19-1700] Loaded user IP repository 'w:/pre_done/NexysVideo-master/collision_detection'.
INFO: [IP_Flow 19-1700] Loaded user IP repository 'w:/pre_done/NexysVideo-master/Projects/hdmi/repo'.
INFO: [IP_Flow 19-1700] Loaded user IP repository 'w:/pre_done/NexysVideo-master/color_threshold'.
INFO: [IP_Flow 19-234] Refreshing IP repositories
INFO: [IP_Flow 19-1704] No user IP repositories specified
INFO: [IP_Flow 19-2313] Loaded Vivado IP repository 'C:/Xilinx/Vivado/2016.2/data/ip'.
INFO: [IP_Flow 19-234] Refreshing IP repositories
INFO: [IP_Flow 19-1700] Loaded user IP repository 'w:/pre_done/NexysVideo-master/Projects/hdmi/ip_repo/slave_to_master_1.0'.
INFO: [IP_Flow 19-1700] Loaded user IP repository 'w:/pre_done/NexysVideo-master/Projects/hdmi/ip_repo/passthrough_1.0'.
INFO: [IP_Flow 19-1700] Loaded user IP repository 'w:/pre_done/NexysVideo-master/collision_detection'.
INFO: [IP_Flow 19-1700] Loaded user IP repository 'w:/pre_done/NexysVideo-master/Projects/hdmi/repo'.
INFO: [IP_Flow 19-1700] Loaded user IP repository 'w:/pre_done/NexysVideo-master/color_threshold'.
INFO: [IP_Flow 19-795] Syncing license key meta-data
INFO: [IP_Flow 19-793] Syncing display name meta-data
INFO: [IP_Flow 19-798] Syncing taxonomy meta-data
ipx::edit_ip_in_project: Time (s): cpu = 00:00:07 ; elapsed = 00:00:07 . Memory (MB): peak = 2494.020 ; gain = 10.336
update_compile_order -fileset sources_1
update_compile_order -fileset sim_1
set_property core_revision 37 [ipx::current_core]
ipx::create_xgui_files [ipx::current_core]
ipx::update_checksums [ipx::current_core]
ipx::save_core [ipx::current_core]
close_project
update_ip_catalog -rebuild
INFO: [IP_Flow 19-234] Refreshing IP repositories
INFO: [IP_Flow 19-1700] Loaded user IP repository 'w:/pre_done/NexysVideo-master/Projects/hdmi/ip_repo/slave_to_master_1.0'.
INFO: [IP_Flow 19-1700] Loaded user IP repository 'w:/pre_done/NexysVideo-master/Projects/hdmi/ip_repo/passthrough_1.0'.
INFO: [IP_Flow 19-1700] Loaded user IP repository 'w:/pre_done/NexysVideo-master/collision_detection'.
INFO: [IP_Flow 19-1700] Loaded user IP repository 'w:/pre_done/NexysVideo-master/Projects/hdmi/repo'.
INFO: [IP_Flow 19-1700] Loaded user IP repository 'w:/pre_done/NexysVideo-master/color_threshold'.
update_ip_catalog: Time (s): cpu = 00:00:06 ; elapsed = 00:00:06 . Memory (MB): peak = 2593.703 ; gain = 57.219
report_ip_status -name ip_status 
export_ip_user_files -of_objects [get_ips  hdmi_Collision_Detection_Slave_0_0] -no_script -reset -quiet
upgrade_ip -vlnv user.org:user:Collision_Detection_Slave:1.0 [get_ips  hdmi_Collision_Detection_Slave_0_0] -log ip_upgrade.log
Upgrading 'W:/pre_done/NexysVideo-master/Projects/hdmi/proj/hdmi.srcs/sources_1/bd/hdmi/hdmi.bd'
delete_fileset: Time (s): cpu = 00:00:06 ; elapsed = 00:00:05 . Memory (MB): peak = 2695.559 ; gain = 13.336
delete_ip_run: Time (s): cpu = 00:00:06 ; elapsed = 00:00:07 . Memory (MB): peak = 2695.559 ; gain = 13.336
INFO: [IP_Flow 19-3422] Upgraded hdmi_Collision_Detection_Slave_0_0 (Collision_Detection_Slave_v1.0 1.0) from revision 36 to revision 37
Wrote  : <W:/pre_done/NexysVideo-master/Projects/hdmi/proj/hdmi.srcs/sources_1/bd/hdmi/hdmi.bd> 
INFO: [Coretcl 2-1525] Wrote upgrade log to 'W:/pre_done/NexysVideo-master/Projects/hdmi/proj/ip_upgrade.log'.
upgrade_ip: Time (s): cpu = 00:00:07 ; elapsed = 00:00:08 . Memory (MB): peak = 2695.559 ; gain = 13.336
report_ip_status -name ip_status 
set_property name Video_Overlay [get_bd_cells bypass_0]
set_property name Background_replacement [get_bd_cells BGR_0]
validate_bd_design
delete_bd_objs: Time (s): cpu = 00:00:41 ; elapsed = 00:00:54 . Memory (MB): peak = 2695.559 ; gain = 0.000
WARNING: [IP_Flow 19-3331] Invalid parameters found in dependency constraints of 'BUSIF_ENABLEMENT.AsyncRst' 
WARNING: [IP_Flow 19-3331] Invalid parameters found in dependency constraints of 'BUSIF_ENABLEMENT.SyncRst' 
WARNING: [BD 41-702] Propagation TCL tries to overwrite USER strength parameter C_M_AXI_S2MM_DATA_WIDTH(128) on '/axi_vdma_0' with propagated value(32). Command ignored
WARNING: [BD 41-702] Propagation TCL tries to overwrite USER strength parameter C_M_AXI_S2MM_DATA_WIDTH(128) on '/axi_vdma_0' with propagated value(32). Command ignored
WARNING: [BD 41-702] Propagation TCL tries to overwrite USER strength parameter C_M_AXI_S2MM_DATA_WIDTH(128) on '/axi_vdma_0' with propagated value(32). Command ignored
WARNING: [BD 41-702] Propagation TCL tries to overwrite USER strength parameter C_M_AXI_S2MM_DATA_WIDTH(128) on '/axi_vdma_0' with propagated value(32). Command ignored
WARNING: [BD 41-702] Propagation TCL tries to overwrite USER strength parameter C_M_AXI_S2MM_DATA_WIDTH(128) on '/axi_vdma_0' with propagated value(32). Command ignored
WARNING: [BD 41-702] Propagation TCL tries to overwrite USER strength parameter C_M_AXI_S2MM_DATA_WIDTH(128) on '/axi_vdma_0' with propagated value(32). Command ignored
WARNING: [BD 41-702] Propagation TCL tries to overwrite USER strength parameter C_M_AXI_S2MM_DATA_WIDTH(128) on '/axi_vdma_0' with propagated value(32). Command ignored
WARNING: [BD 41-702] Propagation TCL tries to overwrite USER strength parameter C_M_AXI_S2MM_DATA_WIDTH(128) on '/axi_vdma_0' with propagated value(32). Command ignored
WARNING: [BD 41-702] Propagation TCL tries to overwrite USER strength parameter C_M_AXI_S2MM_DATA_WIDTH(128) on '/axi_vdma_0' with propagated value(32). Command ignored
WARNING: [BD 41-702] Propagation TCL tries to overwrite USER strength parameter C_M_AXI_S2MM_DATA_WIDTH(128) on '/axi_vdma_0' with propagated value(32). Command ignored
WARNING: [BD 41-702] Propagation TCL tries to overwrite USER strength parameter C_M_AXI_S2MM_DATA_WIDTH(128) on '/axi_vdma_0' with propagated value(32). Command ignored
WARNING: [BD 41-702] Propagation TCL tries to overwrite USER strength parameter C_M_AXI_S2MM_DATA_WIDTH(128) on '/axi_vdma_0' with propagated value(32). Command ignored
WARNING: [BD 41-702] Propagation TCL tries to overwrite USER strength parameter C_M_AXI_S2MM_DATA_WIDTH(128) on '/axi_vdma_0' with propagated value(32). Command ignored
WARNING: [BD 41-702] Propagation TCL tries to overwrite USER strength parameter C_M_AXI_S2MM_DATA_WIDTH(128) on '/axi_vdma_0' with propagated value(32). Command ignored
WARNING: [BD 41-702] Propagation TCL tries to overwrite USER strength parameter C_M_AXI_S2MM_DATA_WIDTH(128) on '/axi_vdma_0' with propagated value(32). Command ignored
CRITICAL WARNING: [BD 41-1343] Reset pin /axis_broadcaster_0/aresetn (associated clock /axis_broadcaster_0/aclk) is connected to reset source /rst_mig_7series_0_100M/peripheral_aresetn (synchronous to clock source /mig_7series_0/ui_clk).
This may prevent design from meeting timing. Please add Processor System Reset module to create a reset that is synchronous to the associated clock source /axi_dynclk_0/PXL_CLK_O.
CRITICAL WARNING: [BD 41-1348] Reset pin /Video_Overlay/axis_aresetn (associated clock /Video_Overlay/axis_aclk) is connected to asynchronous reset source /s00_axis_aresetn.
This may prevent design from meeting timing. Please add Processor System Reset module to create a reset that is synchronous to the associated clock source /axi_dynclk_0/PXL_CLK_O.
CRITICAL WARNING: [BD 41-1348] Reset pin /Collision_Detection_Slave_0/s00_axis_aresetn (associated clock /Collision_Detection_Slave_0/s00_axis_aclk) is connected to asynchronous reset source /s00_axis_aresetn.
This may prevent design from meeting timing. Please add Processor System Reset module to create a reset that is synchronous to the associated clock source /axi_dynclk_0/PXL_CLK_O.
INFO: [xilinx.com:ip:axi_vdma:6.2-15] /axi_vdma_0 
                    All clocks connected to AXI VDMA are not identical, therefore configuring AXI-VDMA in ASYNC mode.
WARNING: [xilinx.com:ip:axi_vdma:6.2-155] /axi_vdma_0 
                    To get the better performance, ensure AXI Memory Map clock frequency is greater than equal to AXI Streaming clock frequency.
INFO: [xilinx.com:ip:axi_intc:4.1-1] /microblaze_0_axi_intc: The AXI INTC core has been configured to operate with synchronous clocks.
INFO: [xilinx.com:ip:microblaze:9.6-16] /microblaze_0: Setting D-cache cacheable area base address C_DCACHE_BASEADDR to 0x80000000 and high address C_DCACHE_HIGHADDR to 0x9FFFFFFF.
INFO: [xilinx.com:ip:microblaze:9.6-16] /microblaze_0: Setting I-cache cacheable area base address C_ICACHE_BASEADDR to 0x80000000 and high address C_ICACHE_HIGHADDR to 0x9FFFFFFF.
WARNING: [BD 41-1271] The connection to the pin: /v_axi4s_vid_out_0/s_axis_video_tready has been overridden by the user. This pin will not be connected as a part of the interface connection: axis_broadcaster_0_M00_AXIS 
validate_bd_design: Time (s): cpu = 00:00:58 ; elapsed = 00:01:14 . Memory (MB): peak = 2695.559 ; gain = 0.000
make_wrapper -files [get_files W:/pre_done/NexysVideo-master/Projects/hdmi/proj/hdmi.srcs/sources_1/bd/hdmi/hdmi.bd] -top
INFO: [BD 41-1662] The design 'hdmi.bd' is already validated. Therefore parameter propagation will not be re-run.
WARNING: [BD 41-1271] The connection to the pin: /v_axi4s_vid_out_0/s_axis_video_tready has been overridden by the user. This pin will not be connected as a part of the interface connection: axis_broadcaster_0_M00_AXIS 
CRITICAL WARNING: [BD 41-1228] Width mismatch when connecting input pin '/Collision_Detection_Slave_0/initial_health'(5) to net 'color_threshold_0_initial_health'(32) - Only lower order bits will be connected, and other input bits of this pin will be left unconnected.
CRITICAL WARNING: [BD 41-1228] Width mismatch when connecting input pin '/Video_Overlay/single_length'(6) to net 'color_threshold_0_single_length'(32) - Only lower order bits will be connected, and other input bits of this pin will be left unconnected.
VHDL Output written to : W:/pre_done/NexysVideo-master/Projects/hdmi/proj/hdmi.srcs/sources_1/bd/hdmi/hdl/hdmi.vhd
VHDL Output written to : W:/pre_done/NexysVideo-master/Projects/hdmi/proj/hdmi.srcs/sources_1/bd/hdmi/hdl/hdmi_wrapper.vhd
Wrote  : <W:/pre_done/NexysVideo-master/Projects/hdmi/proj/hdmi.srcs/sources_1/bd/hdmi/hdmi.bd> 
reset_run hdmi_mig_7series_0_0_synth_1
reset_run synth_1
launch_runs impl_1
INFO: [BD 41-1662] The design 'hdmi.bd' is already validated. Therefore parameter propagation will not be re-run.
WARNING: [BD 41-1271] The connection to the pin: /v_axi4s_vid_out_0/s_axis_video_tready has been overridden by the user. This pin will not be connected as a part of the interface connection: axis_broadcaster_0_M00_AXIS 
CRITICAL WARNING: [BD 41-1228] Width mismatch when connecting input pin '/Collision_Detection_Slave_0/initial_health'(5) to net 'color_threshold_0_initial_health'(32) - Only lower order bits will be connected, and other input bits of this pin will be left unconnected.
CRITICAL WARNING: [BD 41-1228] Width mismatch when connecting input pin '/Video_Overlay/single_length'(6) to net 'color_threshold_0_single_length'(32) - Only lower order bits will be connected, and other input bits of this pin will be left unconnected.
VHDL Output written to : W:/pre_done/NexysVideo-master/Projects/hdmi/proj/hdmi.srcs/sources_1/bd/hdmi/hdl/hdmi.vhd
VHDL Output written to : W:/pre_done/NexysVideo-master/Projects/hdmi/proj/hdmi.srcs/sources_1/bd/hdmi/hdl/hdmi_wrapper.vhd
Wrote  : <W:/pre_done/NexysVideo-master/Projects/hdmi/proj/hdmi.srcs/sources_1/bd/hdmi/hdmi.bd> 
INFO: [BD 41-1029] Generation completed for the IP Integrator block axi_dynclk_0 .
INFO: [BD 41-1029] Generation completed for the IP Integrator block axi_gpio_video .
INFO: [BD 41-1029] Generation completed for the IP Integrator block axi_timer_0 .
INFO: [BD 41-1029] Generation completed for the IP Integrator block axi_uartlite_0 .
INFO: [BD 41-1029] Generation completed for the IP Integrator block axi_vdma_0 .
INFO: [BD 41-1029] Generation completed for the IP Integrator block dvi2rgb_0 .
INFO: [BD 41-1029] Generation completed for the IP Integrator block mdm_1 .
INFO: [BD 41-1029] Generation completed for the IP Integrator block microblaze_0 .
INFO: [BD 41-1029] Generation completed for the IP Integrator block microblaze_0_axi_intc .
INFO: [BD 41-1029] Generation completed for the IP Integrator block microblaze_0_local_memory/dlmb_bram_if_cntlr .
INFO: [BD 41-1029] Generation completed for the IP Integrator block microblaze_0_local_memory/dlmb_v10 .
INFO: [BD 41-1029] Generation completed for the IP Integrator block microblaze_0_local_memory/ilmb_bram_if_cntlr .
INFO: [BD 41-1029] Generation completed for the IP Integrator block microblaze_0_local_memory/ilmb_v10 .
INFO: [BD 41-1029] Generation completed for the IP Integrator block microblaze_0_local_memory/lmb_bram .
INFO: [BD 41-1029] Generation completed for the IP Integrator block microblaze_0_xlconcat .
INFO: [BD 41-1029] Generation completed for the IP Integrator block mig_7series_0 .
INFO: [BD 41-1029] Generation completed for the IP Integrator block rgb2dvi_0 .
INFO: [BD 41-1029] Generation completed for the IP Integrator block rst_mig_7series_0_100M .
INFO: [BD 41-1029] Generation completed for the IP Integrator block rst_mig_7series_0_pxl .
INFO: [BD 41-1029] Generation completed for the IP Integrator block v_axi4s_vid_out_0 .
INFO: [BD 41-1029] Generation completed for the IP Integrator block v_tc_0 .
INFO: [BD 41-1029] Generation completed for the IP Integrator block v_tc_1 .
INFO: [BD 41-1029] Generation completed for the IP Integrator block v_vid_in_axi4s_0 .
INFO: [BD 41-1029] Generation completed for the IP Integrator block xlconstant_0 .
INFO: [BD 41-1029] Generation completed for the IP Integrator block axi_mem_intercon/xbar .
INFO: [BD 41-1029] Generation completed for the IP Integrator block microblaze_0_axi_periph/xbar .
INFO: [BD 41-1029] Generation completed for the IP Integrator block axis_broadcaster_0 .
INFO: [BD 41-1029] Generation completed for the IP Integrator block ila_1 .
INFO: [BD 41-1029] Generation completed for the IP Integrator block Collision_Detection_Slave_0 .
INFO: [BD 41-1029] Generation completed for the IP Integrator block tdata_slice_c .
INFO: [BD 41-1029] Generation completed for the IP Integrator block tvalid_slice_c .
INFO: [BD 41-1029] Generation completed for the IP Integrator block tlast_slice_c .
INFO: [BD 41-1029] Generation completed for the IP Integrator block tready_concat .
INFO: [BD 41-1029] Generation completed for the IP Integrator block tdata_slice_v .
INFO: [BD 41-1029] Generation completed for the IP Integrator block tlast_slice_v .
INFO: [BD 41-1029] Generation completed for the IP Integrator block tvalid_slice_v .
INFO: [BD 41-1029] Generation completed for the IP Integrator block tuser_slice_v .
INFO: [BD 41-1029] Generation completed for the IP Integrator block ila_3 .
INFO: [BD 41-1029] Generation completed for the IP Integrator block xlconcat_0 .
INFO: [BD 41-1029] Generation completed for the IP Integrator block xlconstant_2 .
INFO: [BD 41-1029] Generation completed for the IP Integrator block xlconstant_3 .
INFO: [BD 41-1029] Generation completed for the IP Integrator block xlslice_0 .
INFO: [BD 41-1029] Generation completed for the IP Integrator block xlslice_1 .
INFO: [BD 41-1029] Generation completed for the IP Integrator block Video_Overlay .
INFO: [BD 41-1029] Generation completed for the IP Integrator block ila_4 .
INFO: [BD 41-1029] Generation completed for the IP Integrator block ila_5 .
INFO: [BD 41-1029] Generation completed for the IP Integrator block ila_0 .
INFO: [BD 41-1029] Generation completed for the IP Integrator block color_threshold_0 .
INFO: [BD 41-1029] Generation completed for the IP Integrator block blk_mem_gen_0 .
INFO: [BD 41-1029] Generation completed for the IP Integrator block util_ds_buf_0 .
INFO: [BD 41-1029] Generation completed for the IP Integrator block Background_replacement .
INFO: [BD 41-1029] Generation completed for the IP Integrator block axi_mem_intercon/s00_couplers/s00_regslice .
INFO: [BD 41-1029] Generation completed for the IP Integrator block axi_mem_intercon/s01_couplers/s01_regslice .
INFO: [BD 41-1029] Generation completed for the IP Integrator block axi_mem_intercon/s02_couplers/s02_regslice .
INFO: [BD 41-1029] Generation completed for the IP Integrator block axi_mem_intercon/s03_couplers/s03_regslice .
INFO: [BD 41-1029] Generation completed for the IP Integrator block axi_mem_intercon/m00_couplers/m00_regslice .
INFO: [BD 41-1029] Generation completed for the IP Integrator block axi_mem_intercon/m00_couplers/auto_ds .
INFO: [BD 41-1029] Generation completed for the IP Integrator block axi_mem_intercon/m00_couplers/auto_rs_w .
INFO: [BD 41-1029] Generation completed for the IP Integrator block axi_mem_intercon/s00_couplers/auto_us .
INFO: [BD 41-1029] Generation completed for the IP Integrator block axi_mem_intercon/s00_couplers/auto_rs_w .
INFO: [BD 41-1029] Generation completed for the IP Integrator block axi_mem_intercon/s01_couplers/auto_us .
INFO: [BD 41-1029] Generation completed for the IP Integrator block axi_mem_intercon/s01_couplers/auto_rs_w .
Exporting to file W:/pre_done/NexysVideo-master/Projects/hdmi/proj/hdmi.srcs/sources_1/bd/hdmi/hw_handoff/hdmi.hwh
WARNING: [IP_Flow 19-3331] Invalid parameters found in dependency constraints of 'BUSIF_ENABLEMENT.AsyncRst' 
WARNING: [IP_Flow 19-3331] Invalid parameters found in dependency constraints of 'BUSIF_ENABLEMENT.SyncRst' 
Generated Block Design Tcl file W:/pre_done/NexysVideo-master/Projects/hdmi/proj/hdmi.srcs/sources_1/bd/hdmi/hw_handoff/hdmi_bd.tcl
Generated Hardware Definition File W:/pre_done/NexysVideo-master/Projects/hdmi/proj/hdmi.srcs/sources_1/bd/hdmi/hdl/hdmi.hwdef
[Wed Mar 29 15:09:20 2017] Launched hdmi_mig_7series_0_0_synth_1, hdmi_Collision_Detection_Slave_0_0_synth_1, hdmi_bypass_0_0_synth_1, hdmi_auto_rs_w_1_synth_1, hdmi_auto_us_1_synth_1, hdmi_auto_rs_w_2_synth_1, hdmi_auto_rs_w_0_synth_1, hdmi_s00_regslice_0_synth_1, hdmi_s02_regslice_0_synth_1, hdmi_s01_regslice_0_synth_1, hdmi_m00_regslice_0_synth_1, hdmi_s03_regslice_0_synth_1, hdmi_auto_ds_0_synth_1, hdmi_auto_us_0_synth_1, synth_1...
Run output will be captured here:
hdmi_mig_7series_0_0_synth_1: W:/pre_done/NexysVideo-master/Projects/hdmi/proj/hdmi.runs/hdmi_mig_7series_0_0_synth_1/runme.log
hdmi_Collision_Detection_Slave_0_0_synth_1: W:/pre_done/NexysVideo-master/Projects/hdmi/proj/hdmi.runs/hdmi_Collision_Detection_Slave_0_0_synth_1/runme.log
hdmi_bypass_0_0_synth_1: W:/pre_done/NexysVideo-master/Projects/hdmi/proj/hdmi.runs/hdmi_bypass_0_0_synth_1/runme.log
hdmi_auto_rs_w_1_synth_1: W:/pre_done/NexysVideo-master/Projects/hdmi/proj/hdmi.runs/hdmi_auto_rs_w_1_synth_1/runme.log
hdmi_auto_us_1_synth_1: W:/pre_done/NexysVideo-master/Projects/hdmi/proj/hdmi.runs/hdmi_auto_us_1_synth_1/runme.log
hdmi_auto_rs_w_2_synth_1: W:/pre_done/NexysVideo-master/Projects/hdmi/proj/hdmi.runs/hdmi_auto_rs_w_2_synth_1/runme.log
hdmi_auto_rs_w_0_synth_1: W:/pre_done/NexysVideo-master/Projects/hdmi/proj/hdmi.runs/hdmi_auto_rs_w_0_synth_1/runme.log
hdmi_s00_regslice_0_synth_1: W:/pre_done/NexysVideo-master/Projects/hdmi/proj/hdmi.runs/hdmi_s00_regslice_0_synth_1/runme.log
hdmi_s02_regslice_0_synth_1: W:/pre_done/NexysVideo-master/Projects/hdmi/proj/hdmi.runs/hdmi_s02_regslice_0_synth_1/runme.log
hdmi_s01_regslice_0_synth_1: W:/pre_done/NexysVideo-master/Projects/hdmi/proj/hdmi.runs/hdmi_s01_regslice_0_synth_1/runme.log
hdmi_m00_regslice_0_synth_1: W:/pre_done/NexysVideo-master/Projects/hdmi/proj/hdmi.runs/hdmi_m00_regslice_0_synth_1/runme.log
hdmi_s03_regslice_0_synth_1: W:/pre_done/NexysVideo-master/Projects/hdmi/proj/hdmi.runs/hdmi_s03_regslice_0_synth_1/runme.log
hdmi_auto_ds_0_synth_1: W:/pre_done/NexysVideo-master/Projects/hdmi/proj/hdmi.runs/hdmi_auto_ds_0_synth_1/runme.log
hdmi_auto_us_0_synth_1: W:/pre_done/NexysVideo-master/Projects/hdmi/proj/hdmi.runs/hdmi_auto_us_0_synth_1/runme.log
synth_1: W:/pre_done/NexysVideo-master/Projects/hdmi/proj/hdmi.runs/synth_1/runme.log
[Wed Mar 29 15:09:22 2017] Launched impl_1...
Run output will be captured here: W:/pre_done/NexysVideo-master/Projects/hdmi/proj/hdmi.runs/impl_1/runme.log
launch_runs: Time (s): cpu = 00:00:33 ; elapsed = 00:02:06 . Memory (MB): peak = 2743.051 ; gain = 47.492
launch_runs impl_1 -to_step write_bitstream
[Wed Mar 29 15:41:31 2017] Launched impl_1...
Run output will be captured here: W:/pre_done/NexysVideo-master/Projects/hdmi/proj/hdmi.runs/impl_1/runme.log
set_property PROBES.FILE {W:/pre_done/NexysVideo-master/Projects/hdmi/proj/hdmi.runs/impl_1/debug_nets.ltx} [lindex [get_hw_devices] 0]
set_property PROGRAM.FILE {W:/pre_done/NexysVideo-master/Projects/hdmi/proj/hdmi.runs/impl_1/hdmi_wrapper.bit} [lindex [get_hw_devices] 0]
program_hw_devices [lindex [get_hw_devices] 0]
INFO: [Labtools 27-3164] End of startup status: HIGH
program_hw_devices: Time (s): cpu = 00:00:06 ; elapsed = 00:00:06 . Memory (MB): peak = 2743.051 ; gain = 0.000
refresh_hw_device [lindex [get_hw_devices] 0]
INFO: [Labtools 27-2302] Device xc7a200t (JTAG device index = 0) is programmed with a design that has 5 ILA core(s).
file copy -force W:/pre_done/NexysVideo-master/Projects/hdmi/proj/hdmi.runs/impl_1/hdmi_wrapper.sysdef W:/pre_done/NexysVideo-master/Projects/hdmi/proj/hdmi.sdk/hdmi_wrapper.hdf

launch_sdk -workspace W:/pre_done/NexysVideo-master/Projects/hdmi/proj/hdmi.sdk -hwspec W:/pre_done/NexysVideo-master/Projects/hdmi/proj/hdmi.sdk/hdmi_wrapper.hdf
INFO: [Vivado 12-393] Launching SDK...
INFO: [Vivado 12-417] Running xsdk -workspace W:/pre_done/NexysVideo-master/Projects/hdmi/proj/hdmi.sdk -hwspec W:/pre_done/NexysVideo-master/Projects/hdmi/proj/hdmi.sdk/hdmi_wrapper.hdf
INFO: [Vivado 12-3157] SDK launch initiated. Please check console for any further messages.
open_bd_design {W:/pre_done/NexysVideo-master/Projects/hdmi/proj/hdmi.srcs/sources_1/bd/hdmi/hdmi.bd}
update_module_reference hdmi_bypass_0_0
INFO: [IP_Flow 19-2228] Inferred bus interface 'm00_axis' of definition 'xilinx.com:interface:axis:1.0'.
INFO: [IP_Flow 19-2228] Inferred bus interface 's00_axis' of definition 'xilinx.com:interface:axis:1.0'.
INFO: [IP_Flow 19-4753] Inferred signal 'reset' from port 'axis_aresetn' as interface 'axis_aresetn'.
INFO: [IP_Flow 19-4728] Bus Interface 'axis_aresetn': Added interface parameter 'POLARITY' with value 'ACTIVE_LOW'.
INFO: [IP_Flow 19-4753] Inferred signal 'clock' from port 'axis_aclk' as interface 'axis_aclk'.
INFO: [IP_Flow 19-4728] Bus Interface 'axis_aclk': Added interface parameter 'ASSOCIATED_BUSIF' with value 'm00_axis:s00_axis'.
INFO: [IP_Flow 19-4728] Bus Interface 'axis_aclk': Added interface parameter 'ASSOCIATED_RESET' with value 'axis_aresetn'.
INFO: [IP_Flow 19-234] Refreshing IP repositories
INFO: [IP_Flow 19-1700] Loaded user IP repository 'w:/pre_done/NexysVideo-master/Projects/hdmi/ip_repo/slave_to_master_1.0'.
INFO: [IP_Flow 19-1700] Loaded user IP repository 'w:/pre_done/NexysVideo-master/Projects/hdmi/ip_repo/passthrough_1.0'.
INFO: [IP_Flow 19-1700] Loaded user IP repository 'w:/pre_done/NexysVideo-master/collision_detection'.
INFO: [IP_Flow 19-1700] Loaded user IP repository 'w:/pre_done/NexysVideo-master/Projects/hdmi/repo'.
INFO: [IP_Flow 19-1700] Loaded user IP repository 'w:/pre_done/NexysVideo-master/color_threshold'.
Upgrading 'W:/pre_done/NexysVideo-master/Projects/hdmi/proj/hdmi.srcs/sources_1/bd/hdmi/hdmi.bd'
INFO: [IP_Flow 19-1972] Upgraded hdmi_bypass_0_0 from bypass_v1_0 1.0 to bypass_v1_0 1.0
Wrote  : <W:/pre_done/NexysVideo-master/Projects/hdmi/proj/hdmi.srcs/sources_1/bd/hdmi/hdmi.bd> 
upgrade_ip: Time (s): cpu = 00:00:05 ; elapsed = 00:00:08 . Memory (MB): peak = 2743.051 ; gain = 0.000
update_module_reference: Time (s): cpu = 00:00:05 ; elapsed = 00:00:09 . Memory (MB): peak = 2743.051 ; gain = 0.000
validate_bd_design
delete_bd_objs: Time (s): cpu = 00:00:43 ; elapsed = 00:00:59 . Memory (MB): peak = 2763.527 ; gain = 20.477
WARNING: [BD 41-702] Propagation TCL tries to overwrite USER strength parameter C_M_AXI_S2MM_DATA_WIDTH(128) on '/axi_vdma_0' with propagated value(32). Command ignored
WARNING: [BD 41-702] Propagation TCL tries to overwrite USER strength parameter C_M_AXI_S2MM_DATA_WIDTH(128) on '/axi_vdma_0' with propagated value(32). Command ignored
WARNING: [BD 41-702] Propagation TCL tries to overwrite USER strength parameter C_M_AXI_S2MM_DATA_WIDTH(128) on '/axi_vdma_0' with propagated value(32). Command ignored
WARNING: [BD 41-702] Propagation TCL tries to overwrite USER strength parameter C_M_AXI_S2MM_DATA_WIDTH(128) on '/axi_vdma_0' with propagated value(32). Command ignored
WARNING: [BD 41-702] Propagation TCL tries to overwrite USER strength parameter C_M_AXI_S2MM_DATA_WIDTH(128) on '/axi_vdma_0' with propagated value(32). Command ignored
WARNING: [BD 41-702] Propagation TCL tries to overwrite USER strength parameter C_M_AXI_S2MM_DATA_WIDTH(128) on '/axi_vdma_0' with propagated value(32). Command ignored
WARNING: [BD 41-702] Propagation TCL tries to overwrite USER strength parameter C_M_AXI_S2MM_DATA_WIDTH(128) on '/axi_vdma_0' with propagated value(32). Command ignored
WARNING: [BD 41-702] Propagation TCL tries to overwrite USER strength parameter C_M_AXI_S2MM_DATA_WIDTH(128) on '/axi_vdma_0' with propagated value(32). Command ignored
WARNING: [BD 41-702] Propagation TCL tries to overwrite USER strength parameter C_M_AXI_S2MM_DATA_WIDTH(128) on '/axi_vdma_0' with propagated value(32). Command ignored
WARNING: [BD 41-702] Propagation TCL tries to overwrite USER strength parameter C_M_AXI_S2MM_DATA_WIDTH(128) on '/axi_vdma_0' with propagated value(32). Command ignored
WARNING: [BD 41-702] Propagation TCL tries to overwrite USER strength parameter C_M_AXI_S2MM_DATA_WIDTH(128) on '/axi_vdma_0' with propagated value(32). Command ignored
WARNING: [BD 41-702] Propagation TCL tries to overwrite USER strength parameter C_M_AXI_S2MM_DATA_WIDTH(128) on '/axi_vdma_0' with propagated value(32). Command ignored
WARNING: [BD 41-702] Propagation TCL tries to overwrite USER strength parameter C_M_AXI_S2MM_DATA_WIDTH(128) on '/axi_vdma_0' with propagated value(32). Command ignored
WARNING: [BD 41-702] Propagation TCL tries to overwrite USER strength parameter C_M_AXI_S2MM_DATA_WIDTH(128) on '/axi_vdma_0' with propagated value(32). Command ignored
WARNING: [BD 41-702] Propagation TCL tries to overwrite USER strength parameter C_M_AXI_S2MM_DATA_WIDTH(128) on '/axi_vdma_0' with propagated value(32). Command ignored
CRITICAL WARNING: [BD 41-1343] Reset pin /axis_broadcaster_0/aresetn (associated clock /axis_broadcaster_0/aclk) is connected to reset source /rst_mig_7series_0_100M/peripheral_aresetn (synchronous to clock source /mig_7series_0/ui_clk).
This may prevent design from meeting timing. Please add Processor System Reset module to create a reset that is synchronous to the associated clock source /axi_dynclk_0/PXL_CLK_O.
CRITICAL WARNING: [BD 41-1348] Reset pin /Collision_Detection_Slave_0/s00_axis_aresetn (associated clock /Collision_Detection_Slave_0/s00_axis_aclk) is connected to asynchronous reset source /s00_axis_aresetn.
This may prevent design from meeting timing. Please add Processor System Reset module to create a reset that is synchronous to the associated clock source /axi_dynclk_0/PXL_CLK_O.
CRITICAL WARNING: [BD 41-1348] Reset pin /Video_Overlay/axis_aresetn (associated clock /Video_Overlay/axis_aclk) is connected to asynchronous reset source /s00_axis_aresetn.
This may prevent design from meeting timing. Please add Processor System Reset module to create a reset that is synchronous to the associated clock source /axi_dynclk_0/PXL_CLK_O.
INFO: [xilinx.com:ip:axi_vdma:6.2-15] /axi_vdma_0 
                    All clocks connected to AXI VDMA are not identical, therefore configuring AXI-VDMA in ASYNC mode.
WARNING: [xilinx.com:ip:axi_vdma:6.2-155] /axi_vdma_0 
                    To get the better performance, ensure AXI Memory Map clock frequency is greater than equal to AXI Streaming clock frequency.
INFO: [xilinx.com:ip:axi_intc:4.1-1] /microblaze_0_axi_intc: The AXI INTC core has been configured to operate with synchronous clocks.
INFO: [xilinx.com:ip:microblaze:9.6-16] /microblaze_0: Setting D-cache cacheable area base address C_DCACHE_BASEADDR to 0x80000000 and high address C_DCACHE_HIGHADDR to 0x9FFFFFFF.
INFO: [xilinx.com:ip:microblaze:9.6-16] /microblaze_0: Setting I-cache cacheable area base address C_ICACHE_BASEADDR to 0x80000000 and high address C_ICACHE_HIGHADDR to 0x9FFFFFFF.
WARNING: [BD 41-1271] The connection to the pin: /v_axi4s_vid_out_0/s_axis_video_tready has been overridden by the user. This pin will not be connected as a part of the interface connection: axis_broadcaster_0_M00_AXIS 
validate_bd_design: Time (s): cpu = 00:01:00 ; elapsed = 00:01:19 . Memory (MB): peak = 2763.527 ; gain = 20.477
make_wrapper -files [get_files W:/pre_done/NexysVideo-master/Projects/hdmi/proj/hdmi.srcs/sources_1/bd/hdmi/hdmi.bd] -top
INFO: [BD 41-1662] The design 'hdmi.bd' is already validated. Therefore parameter propagation will not be re-run.
WARNING: [BD 41-1271] The connection to the pin: /v_axi4s_vid_out_0/s_axis_video_tready has been overridden by the user. This pin will not be connected as a part of the interface connection: axis_broadcaster_0_M00_AXIS 
CRITICAL WARNING: [BD 41-1228] Width mismatch when connecting input pin '/Collision_Detection_Slave_0/initial_health'(5) to net 'color_threshold_0_initial_health'(32) - Only lower order bits will be connected, and other input bits of this pin will be left unconnected.
CRITICAL WARNING: [BD 41-1228] Width mismatch when connecting input pin '/Video_Overlay/single_length'(6) to net 'color_threshold_0_single_length'(32) - Only lower order bits will be connected, and other input bits of this pin will be left unconnected.
VHDL Output written to : W:/pre_done/NexysVideo-master/Projects/hdmi/proj/hdmi.srcs/sources_1/bd/hdmi/hdl/hdmi.vhd
VHDL Output written to : W:/pre_done/NexysVideo-master/Projects/hdmi/proj/hdmi.srcs/sources_1/bd/hdmi/hdl/hdmi_wrapper.vhd
Wrote  : <W:/pre_done/NexysVideo-master/Projects/hdmi/proj/hdmi.srcs/sources_1/bd/hdmi/hdmi.bd> 
reset_run hdmi_mig_7series_0_0_synth_1
reset_run synth_1
launch_runs impl_1
INFO: [BD 41-1662] The design 'hdmi.bd' is already validated. Therefore parameter propagation will not be re-run.
WARNING: [BD 41-1271] The connection to the pin: /v_axi4s_vid_out_0/s_axis_video_tready has been overridden by the user. This pin will not be connected as a part of the interface connection: axis_broadcaster_0_M00_AXIS 
CRITICAL WARNING: [BD 41-1228] Width mismatch when connecting input pin '/Collision_Detection_Slave_0/initial_health'(5) to net 'color_threshold_0_initial_health'(32) - Only lower order bits will be connected, and other input bits of this pin will be left unconnected.
CRITICAL WARNING: [BD 41-1228] Width mismatch when connecting input pin '/Video_Overlay/single_length'(6) to net 'color_threshold_0_single_length'(32) - Only lower order bits will be connected, and other input bits of this pin will be left unconnected.
VHDL Output written to : W:/pre_done/NexysVideo-master/Projects/hdmi/proj/hdmi.srcs/sources_1/bd/hdmi/hdl/hdmi.vhd
VHDL Output written to : W:/pre_done/NexysVideo-master/Projects/hdmi/proj/hdmi.srcs/sources_1/bd/hdmi/hdl/hdmi_wrapper.vhd
Wrote  : <W:/pre_done/NexysVideo-master/Projects/hdmi/proj/hdmi.srcs/sources_1/bd/hdmi/hdmi.bd> 
INFO: [BD 41-1029] Generation completed for the IP Integrator block axi_dynclk_0 .
INFO: [BD 41-1029] Generation completed for the IP Integrator block axi_gpio_video .
INFO: [BD 41-1029] Generation completed for the IP Integrator block axi_timer_0 .
INFO: [BD 41-1029] Generation completed for the IP Integrator block axi_uartlite_0 .
INFO: [BD 41-1029] Generation completed for the IP Integrator block axi_vdma_0 .
INFO: [BD 41-1029] Generation completed for the IP Integrator block dvi2rgb_0 .
INFO: [BD 41-1029] Generation completed for the IP Integrator block mdm_1 .
INFO: [BD 41-1029] Generation completed for the IP Integrator block microblaze_0 .
INFO: [BD 41-1029] Generation completed for the IP Integrator block microblaze_0_axi_intc .
INFO: [BD 41-1029] Generation completed for the IP Integrator block microblaze_0_local_memory/dlmb_bram_if_cntlr .
INFO: [BD 41-1029] Generation completed for the IP Integrator block microblaze_0_local_memory/dlmb_v10 .
INFO: [BD 41-1029] Generation completed for the IP Integrator block microblaze_0_local_memory/ilmb_bram_if_cntlr .
INFO: [BD 41-1029] Generation completed for the IP Integrator block microblaze_0_local_memory/ilmb_v10 .
INFO: [BD 41-1029] Generation completed for the IP Integrator block microblaze_0_local_memory/lmb_bram .
INFO: [BD 41-1029] Generation completed for the IP Integrator block microblaze_0_xlconcat .
INFO: [BD 41-1029] Generation completed for the IP Integrator block mig_7series_0 .
INFO: [BD 41-1029] Generation completed for the IP Integrator block rgb2dvi_0 .
INFO: [BD 41-1029] Generation completed for the IP Integrator block rst_mig_7series_0_100M .
INFO: [BD 41-1029] Generation completed for the IP Integrator block rst_mig_7series_0_pxl .
INFO: [BD 41-1029] Generation completed for the IP Integrator block v_axi4s_vid_out_0 .
INFO: [BD 41-1029] Generation completed for the IP Integrator block v_tc_0 .
INFO: [BD 41-1029] Generation completed for the IP Integrator block v_tc_1 .
INFO: [BD 41-1029] Generation completed for the IP Integrator block v_vid_in_axi4s_0 .
INFO: [BD 41-1029] Generation completed for the IP Integrator block xlconstant_0 .
INFO: [BD 41-1029] Generation completed for the IP Integrator block axi_mem_intercon/xbar .
INFO: [BD 41-1029] Generation completed for the IP Integrator block microblaze_0_axi_periph/xbar .
INFO: [BD 41-1029] Generation completed for the IP Integrator block axis_broadcaster_0 .
INFO: [BD 41-1029] Generation completed for the IP Integrator block ila_1 .
INFO: [BD 41-1029] Generation completed for the IP Integrator block Collision_Detection_Slave_0 .
INFO: [BD 41-1029] Generation completed for the IP Integrator block tdata_slice_c .
INFO: [BD 41-1029] Generation completed for the IP Integrator block tvalid_slice_c .
INFO: [BD 41-1029] Generation completed for the IP Integrator block tlast_slice_c .
INFO: [BD 41-1029] Generation completed for the IP Integrator block tready_concat .
INFO: [BD 41-1029] Generation completed for the IP Integrator block tdata_slice_v .
INFO: [BD 41-1029] Generation completed for the IP Integrator block tlast_slice_v .
INFO: [BD 41-1029] Generation completed for the IP Integrator block tvalid_slice_v .
INFO: [BD 41-1029] Generation completed for the IP Integrator block tuser_slice_v .
INFO: [BD 41-1029] Generation completed for the IP Integrator block ila_3 .
INFO: [BD 41-1029] Generation completed for the IP Integrator block xlconcat_0 .
INFO: [BD 41-1029] Generation completed for the IP Integrator block xlconstant_2 .
INFO: [BD 41-1029] Generation completed for the IP Integrator block xlconstant_3 .
INFO: [BD 41-1029] Generation completed for the IP Integrator block xlslice_0 .
INFO: [BD 41-1029] Generation completed for the IP Integrator block xlslice_1 .
INFO: [BD 41-1029] Generation completed for the IP Integrator block Video_Overlay .
INFO: [BD 41-1029] Generation completed for the IP Integrator block ila_4 .
INFO: [BD 41-1029] Generation completed for the IP Integrator block ila_5 .
INFO: [BD 41-1029] Generation completed for the IP Integrator block ila_0 .
INFO: [BD 41-1029] Generation completed for the IP Integrator block color_threshold_0 .
INFO: [BD 41-1029] Generation completed for the IP Integrator block blk_mem_gen_0 .
INFO: [BD 41-1029] Generation completed for the IP Integrator block util_ds_buf_0 .
INFO: [BD 41-1029] Generation completed for the IP Integrator block Background_replacement .
INFO: [BD 41-1029] Generation completed for the IP Integrator block axi_mem_intercon/s00_couplers/s00_regslice .
INFO: [BD 41-1029] Generation completed for the IP Integrator block axi_mem_intercon/s01_couplers/s01_regslice .
INFO: [BD 41-1029] Generation completed for the IP Integrator block axi_mem_intercon/s02_couplers/s02_regslice .
INFO: [BD 41-1029] Generation completed for the IP Integrator block axi_mem_intercon/s03_couplers/s03_regslice .
INFO: [BD 41-1029] Generation completed for the IP Integrator block axi_mem_intercon/m00_couplers/m00_regslice .
INFO: [BD 41-1029] Generation completed for the IP Integrator block axi_mem_intercon/m00_couplers/auto_ds .
INFO: [BD 41-1029] Generation completed for the IP Integrator block axi_mem_intercon/m00_couplers/auto_rs_w .
INFO: [BD 41-1029] Generation completed for the IP Integrator block axi_mem_intercon/s00_couplers/auto_us .
INFO: [BD 41-1029] Generation completed for the IP Integrator block axi_mem_intercon/s00_couplers/auto_rs_w .
INFO: [BD 41-1029] Generation completed for the IP Integrator block axi_mem_intercon/s01_couplers/auto_us .
INFO: [BD 41-1029] Generation completed for the IP Integrator block axi_mem_intercon/s01_couplers/auto_rs_w .
Exporting to file W:/pre_done/NexysVideo-master/Projects/hdmi/proj/hdmi.srcs/sources_1/bd/hdmi/hw_handoff/hdmi.hwh
WARNING: [IP_Flow 19-3331] Invalid parameters found in dependency constraints of 'BUSIF_ENABLEMENT.AsyncRst' 
WARNING: [IP_Flow 19-3331] Invalid parameters found in dependency constraints of 'BUSIF_ENABLEMENT.SyncRst' 
Generated Block Design Tcl file W:/pre_done/NexysVideo-master/Projects/hdmi/proj/hdmi.srcs/sources_1/bd/hdmi/hw_handoff/hdmi_bd.tcl
Generated Hardware Definition File W:/pre_done/NexysVideo-master/Projects/hdmi/proj/hdmi.srcs/sources_1/bd/hdmi/hdl/hdmi.hwdef
[Wed Mar 29 15:56:51 2017] Launched hdmi_mig_7series_0_0_synth_1, hdmi_bypass_0_0_synth_1, hdmi_auto_rs_w_1_synth_1, hdmi_auto_rs_w_2_synth_1, hdmi_s00_regslice_0_synth_1, hdmi_auto_ds_0_synth_1, hdmi_s01_regslice_0_synth_1, hdmi_m00_regslice_0_synth_1, hdmi_s03_regslice_0_synth_1, hdmi_s02_regslice_0_synth_1, hdmi_auto_rs_w_0_synth_1, hdmi_auto_us_0_synth_1, hdmi_auto_us_1_synth_1, synth_1...
Run output will be captured here:
hdmi_mig_7series_0_0_synth_1: W:/pre_done/NexysVideo-master/Projects/hdmi/proj/hdmi.runs/hdmi_mig_7series_0_0_synth_1/runme.log
hdmi_bypass_0_0_synth_1: W:/pre_done/NexysVideo-master/Projects/hdmi/proj/hdmi.runs/hdmi_bypass_0_0_synth_1/runme.log
hdmi_auto_rs_w_1_synth_1: W:/pre_done/NexysVideo-master/Projects/hdmi/proj/hdmi.runs/hdmi_auto_rs_w_1_synth_1/runme.log
hdmi_auto_rs_w_2_synth_1: W:/pre_done/NexysVideo-master/Projects/hdmi/proj/hdmi.runs/hdmi_auto_rs_w_2_synth_1/runme.log
hdmi_s00_regslice_0_synth_1: W:/pre_done/NexysVideo-master/Projects/hdmi/proj/hdmi.runs/hdmi_s00_regslice_0_synth_1/runme.log
hdmi_auto_ds_0_synth_1: W:/pre_done/NexysVideo-master/Projects/hdmi/proj/hdmi.runs/hdmi_auto_ds_0_synth_1/runme.log
hdmi_s01_regslice_0_synth_1: W:/pre_done/NexysVideo-master/Projects/hdmi/proj/hdmi.runs/hdmi_s01_regslice_0_synth_1/runme.log
hdmi_m00_regslice_0_synth_1: W:/pre_done/NexysVideo-master/Projects/hdmi/proj/hdmi.runs/hdmi_m00_regslice_0_synth_1/runme.log
hdmi_s03_regslice_0_synth_1: W:/pre_done/NexysVideo-master/Projects/hdmi/proj/hdmi.runs/hdmi_s03_regslice_0_synth_1/runme.log
hdmi_s02_regslice_0_synth_1: W:/pre_done/NexysVideo-master/Projects/hdmi/proj/hdmi.runs/hdmi_s02_regslice_0_synth_1/runme.log
hdmi_auto_rs_w_0_synth_1: W:/pre_done/NexysVideo-master/Projects/hdmi/proj/hdmi.runs/hdmi_auto_rs_w_0_synth_1/runme.log
hdmi_auto_us_0_synth_1: W:/pre_done/NexysVideo-master/Projects/hdmi/proj/hdmi.runs/hdmi_auto_us_0_synth_1/runme.log
hdmi_auto_us_1_synth_1: W:/pre_done/NexysVideo-master/Projects/hdmi/proj/hdmi.runs/hdmi_auto_us_1_synth_1/runme.log
synth_1: W:/pre_done/NexysVideo-master/Projects/hdmi/proj/hdmi.runs/synth_1/runme.log
[Wed Mar 29 15:56:53 2017] Launched impl_1...
Run output will be captured here: W:/pre_done/NexysVideo-master/Projects/hdmi/proj/hdmi.runs/impl_1/runme.log
launch_runs: Time (s): cpu = 00:00:32 ; elapsed = 00:02:06 . Memory (MB): peak = 2844.039 ; gain = 63.207
launch_runs impl_1 -to_step write_bitstream
[Wed Mar 29 16:27:56 2017] Launched impl_1...
Run output will be captured here: W:/pre_done/NexysVideo-master/Projects/hdmi/proj/hdmi.runs/impl_1/runme.log
set_property PROBES.FILE {W:/pre_done/NexysVideo-master/Projects/hdmi/proj/hdmi.runs/impl_1/debug_nets.ltx} [lindex [get_hw_devices] 0]
set_property PROGRAM.FILE {W:/pre_done/NexysVideo-master/Projects/hdmi/proj/hdmi.runs/impl_1/hdmi_wrapper.bit} [lindex [get_hw_devices] 0]
program_hw_devices [lindex [get_hw_devices] 0]
INFO: [Labtools 27-3164] End of startup status: HIGH
program_hw_devices: Time (s): cpu = 00:00:06 ; elapsed = 00:00:06 . Memory (MB): peak = 2844.039 ; gain = 0.000
refresh_hw_device [lindex [get_hw_devices] 0]
INFO: [Labtools 27-2302] Device xc7a200t (JTAG device index = 0) is programmed with a design that has 5 ILA core(s).
file copy -force W:/pre_done/NexysVideo-master/Projects/hdmi/proj/hdmi.runs/impl_1/hdmi_wrapper.sysdef W:/pre_done/NexysVideo-master/Projects/hdmi/proj/hdmi.sdk/hdmi_wrapper.hdf

launch_sdk -workspace W:/pre_done/NexysVideo-master/Projects/hdmi/proj/hdmi.sdk -hwspec W:/pre_done/NexysVideo-master/Projects/hdmi/proj/hdmi.sdk/hdmi_wrapper.hdf
INFO: [Vivado 12-393] Launching SDK...
INFO: [Vivado 12-417] Running xsdk -workspace W:/pre_done/NexysVideo-master/Projects/hdmi/proj/hdmi.sdk -hwspec W:/pre_done/NexysVideo-master/Projects/hdmi/proj/hdmi.sdk/hdmi_wrapper.hdf
INFO: [Vivado 12-3157] SDK launch initiated. Please check console for any further messages.
exit
INFO: [Common 17-206] Exiting Vivado at Wed Mar 29 16:49:25 2017...
