
*** Running vivado
    with args -log hdmi_mdm_1_0.vds -m64 -mode batch -messageDb vivado.pb -notrace -source hdmi_mdm_1_0.tcl


****** Vivado v2016.2 (64-bit)
  **** SW Build 1577090 on Thu Jun  2 16:32:40 MDT 2016
  **** IP Build 1577682 on Fri Jun  3 12:00:54 MDT 2016
    ** Copyright 1986-2016 Xilinx, Inc. All Rights Reserved.

ERROR: [Common 17-354] Could not open 'C' for writing.
ERROR: [Common 17-356] Failed to install all user apps.
source hdmi_mdm_1_0.tcl -notrace
Command: synth_design -top hdmi_mdm_1_0 -part xc7a200tsbg484-1 -mode out_of_context
Starting synth_design
Attempting to get a license for feature 'Synthesis' and/or device 'xc7a200t'
INFO: [Common 17-349] Got license for feature 'Synthesis' and/or device 'xc7a200t'
INFO: Launching helper process for spawning children vivado processes
INFO: Helper process launched with PID 2844 
---------------------------------------------------------------------------------
Starting RTL Elaboration : Time (s): cpu = 00:00:10 ; elapsed = 00:00:17 . Memory (MB): peak = 346.063 ; gain = 137.875
---------------------------------------------------------------------------------
INFO: [Synth 8-638] synthesizing module 'hdmi_mdm_1_0' [w:/feed_through/NexysVideo-master/Projects/hdmi/proj/hdmi.srcs/sources_1/bd/hdmi/ip/hdmi_mdm_1_0/synth/hdmi_mdm_1_0.vhd:73]
	Parameter C_FAMILY bound to: artix7 - type: string 
	Parameter C_JTAG_CHAIN bound to: 2 - type: integer 
	Parameter C_USE_BSCAN bound to: 0 - type: integer 
	Parameter C_USE_CONFIG_RESET bound to: 0 - type: integer 
	Parameter C_INTERCONNECT bound to: 2 - type: integer 
	Parameter C_MB_DBG_PORTS bound to: 1 - type: integer 
	Parameter C_USE_UART bound to: 0 - type: integer 
	Parameter C_DBG_REG_ACCESS bound to: 0 - type: integer 
	Parameter C_DBG_MEM_ACCESS bound to: 0 - type: integer 
	Parameter C_USE_CROSS_TRIGGER bound to: 0 - type: integer 
	Parameter C_TRACE_OUTPUT bound to: 0 - type: integer 
	Parameter C_TRACE_DATA_WIDTH bound to: 32 - type: integer 
	Parameter C_TRACE_CLK_FREQ_HZ bound to: 200000000 - type: integer 
	Parameter C_TRACE_CLK_OUT_PHASE bound to: 90 - type: integer 
	Parameter C_S_AXI_ADDR_WIDTH bound to: 32 - type: integer 
	Parameter C_S_AXI_DATA_WIDTH bound to: 32 - type: integer 
	Parameter C_S_AXI_ACLK_FREQ_HZ bound to: 100000000 - type: integer 
	Parameter C_M_AXI_ADDR_WIDTH bound to: 32 - type: integer 
	Parameter C_M_AXI_DATA_WIDTH bound to: 32 - type: integer 
	Parameter C_M_AXI_THREAD_ID_WIDTH bound to: 1 - type: integer 
	Parameter C_DATA_SIZE bound to: 32 - type: integer 
	Parameter C_M_AXIS_DATA_WIDTH bound to: 32 - type: integer 
	Parameter C_M_AXIS_ID_WIDTH bound to: 7 - type: integer 
INFO: [Synth 8-3491] module 'MDM' declared at 'w:/feed_through/NexysVideo-master/Projects/hdmi/proj/hdmi.srcs/sources_1/bd/hdmi/ipshared/xilinx.com/mdm_v3_2/hdl/vhdl/mdm.vhd:104' bound to instance 'U0' of component 'MDM' [w:/feed_through/NexysVideo-master/Projects/hdmi/proj/hdmi.srcs/sources_1/bd/hdmi/ip/hdmi_mdm_1_0/synth/hdmi_mdm_1_0.vhd:1094]
INFO: [Synth 8-638] synthesizing module 'MDM' [w:/feed_through/NexysVideo-master/Projects/hdmi/proj/hdmi.srcs/sources_1/bd/hdmi/ipshared/xilinx.com/mdm_v3_2/hdl/vhdl/mdm.vhd:1198]
	Parameter C_FAMILY bound to: artix7 - type: string 
	Parameter C_JTAG_CHAIN bound to: 2 - type: integer 
	Parameter C_USE_BSCAN bound to: 0 - type: integer 
	Parameter C_USE_CONFIG_RESET bound to: 0 - type: integer 
	Parameter C_INTERCONNECT bound to: 2 - type: integer 
	Parameter C_BASEADDR bound to: 32'b11111111111111111111111111111111 
	Parameter C_HIGHADDR bound to: 32'b00000000000000000000000000000000 
	Parameter C_MB_DBG_PORTS bound to: 1 - type: integer 
	Parameter C_DBG_REG_ACCESS bound to: 0 - type: integer 
	Parameter C_DBG_MEM_ACCESS bound to: 0 - type: integer 
	Parameter C_USE_UART bound to: 0 - type: integer 
	Parameter C_USE_CROSS_TRIGGER bound to: 0 - type: integer 
	Parameter C_TRACE_OUTPUT bound to: 0 - type: integer 
	Parameter C_TRACE_DATA_WIDTH bound to: 32 - type: integer 
	Parameter C_TRACE_CLK_FREQ_HZ bound to: 200000000 - type: integer 
	Parameter C_TRACE_CLK_OUT_PHASE bound to: 90 - type: integer 
	Parameter C_S_AXI_ACLK_FREQ_HZ bound to: 100000000 - type: integer 
	Parameter C_S_AXI_ADDR_WIDTH bound to: 32 - type: integer 
	Parameter C_S_AXI_DATA_WIDTH bound to: 32 - type: integer 
	Parameter C_M_AXI_ADDR_WIDTH bound to: 32 - type: integer 
	Parameter C_M_AXI_DATA_WIDTH bound to: 32 - type: integer 
	Parameter C_M_AXI_THREAD_ID_WIDTH bound to: 1 - type: integer 
	Parameter C_DATA_SIZE bound to: 32 - type: integer 
	Parameter C_M_AXIS_DATA_WIDTH bound to: 32 - type: integer 
	Parameter C_M_AXIS_ID_WIDTH bound to: 7 - type: integer 
INFO: [Synth 8-5534] Detected attribute (* buffer_type = "none" *) [w:/feed_through/NexysVideo-master/Projects/hdmi/proj/hdmi.srcs/sources_1/bd/hdmi/ipshared/xilinx.com/mdm_v3_2/hdl/vhdl/mdm.vhd:2046]
	Parameter DISABLE_JTAG bound to: FALSE - type: string 
	Parameter JTAG_CHAIN bound to: 2 - type: integer 
INFO: [Synth 8-113] binding component instance 'BSCANE2_I' to cell 'BSCANE2' [w:/feed_through/NexysVideo-master/Projects/hdmi/proj/hdmi.srcs/sources_1/bd/hdmi/ipshared/xilinx.com/mdm_v3_2/hdl/vhdl/mdm.vhd:2113]
INFO: [Synth 8-113] binding component instance 'BUFG_DRCK' to cell 'BUFG' [w:/feed_through/NexysVideo-master/Projects/hdmi/proj/hdmi.srcs/sources_1/bd/hdmi/ipshared/xilinx.com/mdm_v3_2/hdl/vhdl/mdm.vhd:2237]
	Parameter C_JTAG_CHAIN bound to: 2 - type: integer 
	Parameter C_USE_BSCAN bound to: 0 - type: integer 
	Parameter C_USE_CONFIG_RESET bound to: 0 - type: integer 
	Parameter C_BASEADDR bound to: -1 - type: integer 
	Parameter C_HIGHADDR bound to: 0 - type: integer 
	Parameter C_MB_DBG_PORTS bound to: 1 - type: integer 
	Parameter C_EN_WIDTH bound to: 1 - type: integer 
	Parameter C_DBG_REG_ACCESS bound to: 0 - type: integer 
	Parameter C_REG_NUM_CE bound to: 4 - type: integer 
	Parameter C_REG_DATA_WIDTH bound to: 8 - type: integer 
	Parameter C_DBG_MEM_ACCESS bound to: 0 - type: integer 
	Parameter C_S_AXI_ACLK_FREQ_HZ bound to: 100000000 - type: integer 
	Parameter C_M_AXI_ADDR_WIDTH bound to: 32 - type: integer 
	Parameter C_M_AXI_DATA_WIDTH bound to: 32 - type: integer 
	Parameter C_USE_CROSS_TRIGGER bound to: 0 - type: integer 
	Parameter C_USE_UART bound to: 0 - type: integer 
	Parameter C_UART_WIDTH bound to: 8 - type: integer 
	Parameter C_TRACE_OUTPUT bound to: 0 - type: integer 
	Parameter C_TRACE_DATA_WIDTH bound to: 32 - type: integer 
	Parameter C_TRACE_CLK_FREQ_HZ bound to: 200000000 - type: integer 
	Parameter C_TRACE_CLK_OUT_PHASE bound to: 90 - type: integer 
	Parameter C_M_AXIS_DATA_WIDTH bound to: 32 - type: integer 
	Parameter C_M_AXIS_ID_WIDTH bound to: 7 - type: integer 
INFO: [Synth 8-3491] module 'MDM_Core' declared at 'w:/feed_through/NexysVideo-master/Projects/hdmi/proj/hdmi.srcs/sources_1/bd/hdmi/ipshared/xilinx.com/mdm_v3_2/hdl/vhdl/mdm_core.vhd:95' bound to instance 'MDM_Core_I1' of component 'MDM_Core' [w:/feed_through/NexysVideo-master/Projects/hdmi/proj/hdmi.srcs/sources_1/bd/hdmi/ipshared/xilinx.com/mdm_v3_2/hdl/vhdl/mdm.vhd:2251]
INFO: [Synth 8-638] synthesizing module 'MDM_Core' [w:/feed_through/NexysVideo-master/Projects/hdmi/proj/hdmi.srcs/sources_1/bd/hdmi/ipshared/xilinx.com/mdm_v3_2/hdl/vhdl/mdm_core.vhd:784]
	Parameter C_JTAG_CHAIN bound to: 2 - type: integer 
	Parameter C_USE_BSCAN bound to: 0 - type: integer 
	Parameter C_USE_CONFIG_RESET bound to: 0 - type: integer 
	Parameter C_BASEADDR bound to: -1 - type: integer 
	Parameter C_HIGHADDR bound to: 0 - type: integer 
	Parameter C_MB_DBG_PORTS bound to: 1 - type: integer 
	Parameter C_EN_WIDTH bound to: 1 - type: integer 
	Parameter C_DBG_REG_ACCESS bound to: 0 - type: integer 
	Parameter C_REG_NUM_CE bound to: 4 - type: integer 
	Parameter C_REG_DATA_WIDTH bound to: 8 - type: integer 
	Parameter C_DBG_MEM_ACCESS bound to: 0 - type: integer 
	Parameter C_S_AXI_ACLK_FREQ_HZ bound to: 100000000 - type: integer 
	Parameter C_M_AXI_ADDR_WIDTH bound to: 32 - type: integer 
	Parameter C_M_AXI_DATA_WIDTH bound to: 32 - type: integer 
	Parameter C_USE_CROSS_TRIGGER bound to: 0 - type: integer 
	Parameter C_USE_UART bound to: 0 - type: integer 
	Parameter C_UART_WIDTH bound to: 8 - type: integer 
	Parameter C_TRACE_OUTPUT bound to: 0 - type: integer 
	Parameter C_TRACE_DATA_WIDTH bound to: 32 - type: integer 
	Parameter C_TRACE_CLK_FREQ_HZ bound to: 200000000 - type: integer 
	Parameter C_TRACE_CLK_OUT_PHASE bound to: 90 - type: integer 
	Parameter C_M_AXIS_DATA_WIDTH bound to: 32 - type: integer 
	Parameter C_M_AXIS_ID_WIDTH bound to: 7 - type: integer 
	Parameter C_MB_DBG_PORTS bound to: 1 - type: integer 
	Parameter C_USE_CONFIG_RESET bound to: 0 - type: integer 
	Parameter C_DBG_REG_ACCESS bound to: 0 - type: integer 
	Parameter C_DBG_MEM_ACCESS bound to: 0 - type: integer 
	Parameter C_M_AXI_ADDR_WIDTH bound to: 32 - type: integer 
	Parameter C_M_AXI_DATA_WIDTH bound to: 32 - type: integer 
	Parameter C_USE_CROSS_TRIGGER bound to: 0 - type: integer 
	Parameter C_USE_UART bound to: 0 - type: integer 
	Parameter C_UART_WIDTH bound to: 8 - type: integer 
	Parameter C_TRACE_OUTPUT bound to: 0 - type: integer 
	Parameter C_EN_WIDTH bound to: 1 - type: integer 
INFO: [Synth 8-3491] module 'JTAG_CONTROL' declared at 'w:/feed_through/NexysVideo-master/Projects/hdmi/proj/hdmi.srcs/sources_1/bd/hdmi/ipshared/xilinx.com/mdm_v3_2/hdl/vhdl/jtag_control.vhd:94' bound to instance 'JTAG_CONTROL_I' of component 'JTAG_CONTROL' [w:/feed_through/NexysVideo-master/Projects/hdmi/proj/hdmi.srcs/sources_1/bd/hdmi/ipshared/xilinx.com/mdm_v3_2/hdl/vhdl/mdm_core.vhd:2945]
INFO: [Synth 8-638] synthesizing module 'JTAG_CONTROL' [w:/feed_through/NexysVideo-master/Projects/hdmi/proj/hdmi.srcs/sources_1/bd/hdmi/ipshared/xilinx.com/mdm_v3_2/hdl/vhdl/jtag_control.vhd:351]
	Parameter C_MB_DBG_PORTS bound to: 1 - type: integer 
	Parameter C_USE_CONFIG_RESET bound to: 0 - type: integer 
	Parameter C_DBG_REG_ACCESS bound to: 0 - type: integer 
	Parameter C_DBG_MEM_ACCESS bound to: 0 - type: integer 
	Parameter C_M_AXI_ADDR_WIDTH bound to: 32 - type: integer 
	Parameter C_M_AXI_DATA_WIDTH bound to: 32 - type: integer 
	Parameter C_USE_CROSS_TRIGGER bound to: 0 - type: integer 
	Parameter C_USE_UART bound to: 0 - type: integer 
	Parameter C_UART_WIDTH bound to: 8 - type: integer 
	Parameter C_TRACE_OUTPUT bound to: 0 - type: integer 
	Parameter C_EN_WIDTH bound to: 1 - type: integer 
WARNING: [Synth 8-5827] expecting unsigned expression [w:/feed_through/NexysVideo-master/Projects/hdmi/proj/hdmi.srcs/sources_1/bd/hdmi/ipshared/xilinx.com/mdm_v3_2/hdl/vhdl/jtag_control.vhd:425]
WARNING: [Synth 8-5827] expecting unsigned expression [w:/feed_through/NexysVideo-master/Projects/hdmi/proj/hdmi.srcs/sources_1/bd/hdmi/ipshared/xilinx.com/mdm_v3_2/hdl/vhdl/jtag_control.vhd:437]
WARNING: [Synth 8-5827] expecting unsigned expression [w:/feed_through/NexysVideo-master/Projects/hdmi/proj/hdmi.srcs/sources_1/bd/hdmi/ipshared/xilinx.com/mdm_v3_2/hdl/vhdl/jtag_control.vhd:439]
WARNING: [Synth 8-5827] expecting unsigned expression [w:/feed_through/NexysVideo-master/Projects/hdmi/proj/hdmi.srcs/sources_1/bd/hdmi/ipshared/xilinx.com/mdm_v3_2/hdl/vhdl/jtag_control.vhd:451]
WARNING: [Synth 8-5827] expecting unsigned expression [w:/feed_through/NexysVideo-master/Projects/hdmi/proj/hdmi.srcs/sources_1/bd/hdmi/ipshared/xilinx.com/mdm_v3_2/hdl/vhdl/jtag_control.vhd:452]
WARNING: [Synth 8-5827] expecting unsigned expression [w:/feed_through/NexysVideo-master/Projects/hdmi/proj/hdmi.srcs/sources_1/bd/hdmi/ipshared/xilinx.com/mdm_v3_2/hdl/vhdl/jtag_control.vhd:453]
WARNING: [Synth 8-5827] expecting unsigned expression [w:/feed_through/NexysVideo-master/Projects/hdmi/proj/hdmi.srcs/sources_1/bd/hdmi/ipshared/xilinx.com/mdm_v3_2/hdl/vhdl/jtag_control.vhd:454]
	Parameter INIT bound to: 1'b0 
INFO: [Synth 8-113] binding component instance 'FDC_I' to cell 'FDC_1' [w:/feed_through/NexysVideo-master/Projects/hdmi/proj/hdmi.srcs/sources_1/bd/hdmi/ipshared/xilinx.com/mdm_v3_2/hdl/vhdl/jtag_control.vhd:595]
INFO: [Synth 8-5534] Detected attribute (* keep = "TRUE" *) [w:/feed_through/NexysVideo-master/Projects/hdmi/proj/hdmi.srcs/sources_1/bd/hdmi/ipshared/xilinx.com/mdm_v3_2/hdl/vhdl/jtag_control.vhd:612]
	Parameter INIT bound to: 16'b0000000000000010 
INFO: [Synth 8-113] binding component instance 'LUT_Delay' to cell 'LUT4' [w:/feed_through/NexysVideo-master/Projects/hdmi/proj/hdmi.srcs/sources_1/bd/hdmi/ipshared/xilinx.com/mdm_v3_2/hdl/vhdl/jtag_control.vhd:616]
	Parameter INIT bound to: 16'b0000000000000010 
INFO: [Synth 8-113] binding component instance 'LUT_Delay' to cell 'LUT4' [w:/feed_through/NexysVideo-master/Projects/hdmi/proj/hdmi.srcs/sources_1/bd/hdmi/ipshared/xilinx.com/mdm_v3_2/hdl/vhdl/jtag_control.vhd:616]
	Parameter INIT bound to: 16'b0000000000000010 
INFO: [Synth 8-113] binding component instance 'LUT_Delay' to cell 'LUT4' [w:/feed_through/NexysVideo-master/Projects/hdmi/proj/hdmi.srcs/sources_1/bd/hdmi/ipshared/xilinx.com/mdm_v3_2/hdl/vhdl/jtag_control.vhd:616]
	Parameter INIT bound to: 16'b0000000000000010 
INFO: [Synth 8-113] binding component instance 'LUT_Delay' to cell 'LUT4' [w:/feed_through/NexysVideo-master/Projects/hdmi/proj/hdmi.srcs/sources_1/bd/hdmi/ipshared/xilinx.com/mdm_v3_2/hdl/vhdl/jtag_control.vhd:616]
	Parameter INIT bound to: 16'b0000000000000010 
INFO: [Synth 8-113] binding component instance 'LUT_Delay' to cell 'LUT4' [w:/feed_through/NexysVideo-master/Projects/hdmi/proj/hdmi.srcs/sources_1/bd/hdmi/ipshared/xilinx.com/mdm_v3_2/hdl/vhdl/jtag_control.vhd:616]
	Parameter INIT bound to: 1'b0 
INFO: [Synth 8-113] binding component instance 'SYNC_FDRE' to cell 'FDRE_1' [w:/feed_through/NexysVideo-master/Projects/hdmi/proj/hdmi.srcs/sources_1/bd/hdmi/ipshared/xilinx.com/mdm_v3_2/hdl/vhdl/jtag_control.vhd:681]
	Parameter INIT bound to: 16'b0000000101100111 
	Parameter IS_CLK_INVERTED bound to: 1'b0 
INFO: [Synth 8-113] binding component instance 'SRL16E_1' to cell 'SRL16E' [w:/feed_through/NexysVideo-master/Projects/hdmi/proj/hdmi.srcs/sources_1/bd/hdmi/ipshared/xilinx.com/mdm_v3_2/hdl/vhdl/jtag_control.vhd:712]
	Parameter INIT bound to: 16'b0100001010000111 
	Parameter IS_CLK_INVERTED bound to: 1'b0 
INFO: [Synth 8-113] binding component instance 'SRL16E_2' to cell 'SRL16E' [w:/feed_through/NexysVideo-master/Projects/hdmi/proj/hdmi.srcs/sources_1/bd/hdmi/ipshared/xilinx.com/mdm_v3_2/hdl/vhdl/jtag_control.vhd:726]
	Parameter INIT bound to: 16'b0100010001000011 
	Parameter IS_CLK_INVERTED bound to: 1'b0 
INFO: [Synth 8-113] binding component instance 'SRL16E_ID_1' to cell 'SRL16E' [w:/feed_through/NexysVideo-master/Projects/hdmi/proj/hdmi.srcs/sources_1/bd/hdmi/ipshared/xilinx.com/mdm_v3_2/hdl/vhdl/jtag_control.vhd:789]
	Parameter INIT bound to: 16'b0101100001001101 
	Parameter IS_CLK_INVERTED bound to: 1'b0 
INFO: [Synth 8-113] binding component instance 'SRL16E_ID_2' to cell 'SRL16E' [w:/feed_through/NexysVideo-master/Projects/hdmi/proj/hdmi.srcs/sources_1/bd/hdmi/ipshared/xilinx.com/mdm_v3_2/hdl/vhdl/jtag_control.vhd:803]
INFO: [Synth 8-5534] Detected attribute (* async_reg = "TRUE" *) [w:/feed_through/NexysVideo-master/Projects/hdmi/proj/hdmi.srcs/sources_1/bd/hdmi/ipshared/xilinx.com/mdm_v3_2/hdl/vhdl/jtag_control.vhd:931]
INFO: [Synth 8-256] done synthesizing module 'JTAG_CONTROL' (1#1) [w:/feed_through/NexysVideo-master/Projects/hdmi/proj/hdmi.srcs/sources_1/bd/hdmi/ipshared/xilinx.com/mdm_v3_2/hdl/vhdl/jtag_control.vhd:351]
INFO: [Synth 8-256] done synthesizing module 'MDM_Core' (2#1) [w:/feed_through/NexysVideo-master/Projects/hdmi/proj/hdmi.srcs/sources_1/bd/hdmi/ipshared/xilinx.com/mdm_v3_2/hdl/vhdl/mdm_core.vhd:784]
INFO: [Synth 8-256] done synthesizing module 'MDM' (3#1) [w:/feed_through/NexysVideo-master/Projects/hdmi/proj/hdmi.srcs/sources_1/bd/hdmi/ipshared/xilinx.com/mdm_v3_2/hdl/vhdl/mdm.vhd:1198]
INFO: [Synth 8-256] done synthesizing module 'hdmi_mdm_1_0' (4#1) [w:/feed_through/NexysVideo-master/Projects/hdmi/proj/hdmi.srcs/sources_1/bd/hdmi/ip/hdmi_mdm_1_0/synth/hdmi_mdm_1_0.vhd:73]
WARNING: [Synth 8-3331] design JTAG_CONTROL has unconnected port Clk
WARNING: [Synth 8-3331] design JTAG_CONTROL has unconnected port Rst
WARNING: [Synth 8-3331] design JTAG_CONTROL has unconnected port Clear_Ext_BRK
WARNING: [Synth 8-3331] design JTAG_CONTROL has unconnected port Read_RX_FIFO
WARNING: [Synth 8-3331] design JTAG_CONTROL has unconnected port Reset_RX_FIFO
WARNING: [Synth 8-3331] design JTAG_CONTROL has unconnected port Write_TX_FIFO
WARNING: [Synth 8-3331] design JTAG_CONTROL has unconnected port Reset_TX_FIFO
WARNING: [Synth 8-3331] design JTAG_CONTROL has unconnected port TX_Data[0]
WARNING: [Synth 8-3331] design JTAG_CONTROL has unconnected port TX_Data[1]
WARNING: [Synth 8-3331] design JTAG_CONTROL has unconnected port TX_Data[2]
WARNING: [Synth 8-3331] design JTAG_CONTROL has unconnected port TX_Data[3]
WARNING: [Synth 8-3331] design JTAG_CONTROL has unconnected port TX_Data[4]
WARNING: [Synth 8-3331] design JTAG_CONTROL has unconnected port TX_Data[5]
WARNING: [Synth 8-3331] design JTAG_CONTROL has unconnected port TX_Data[6]
WARNING: [Synth 8-3331] design JTAG_CONTROL has unconnected port TX_Data[7]
WARNING: [Synth 8-3331] design JTAG_CONTROL has unconnected port DbgReg_Access_Lock
WARNING: [Synth 8-3331] design JTAG_CONTROL has unconnected port DbgReg_Force_Lock
WARNING: [Synth 8-3331] design JTAG_CONTROL has unconnected port DbgReg_Unlocked
WARNING: [Synth 8-3331] design JTAG_CONTROL has unconnected port RESET
WARNING: [Synth 8-3331] design JTAG_CONTROL has unconnected port M_AXI_ACLK
WARNING: [Synth 8-3331] design JTAG_CONTROL has unconnected port M_AXI_ARESETn
WARNING: [Synth 8-3331] design JTAG_CONTROL has unconnected port Master_rd_idle
WARNING: [Synth 8-3331] design JTAG_CONTROL has unconnected port Master_rd_resp[1]
WARNING: [Synth 8-3331] design JTAG_CONTROL has unconnected port Master_rd_resp[0]
WARNING: [Synth 8-3331] design JTAG_CONTROL has unconnected port Master_wr_idle
WARNING: [Synth 8-3331] design JTAG_CONTROL has unconnected port Master_wr_resp[1]
WARNING: [Synth 8-3331] design JTAG_CONTROL has unconnected port Master_wr_resp[0]
WARNING: [Synth 8-3331] design JTAG_CONTROL has unconnected port Master_data_out[31]
WARNING: [Synth 8-3331] design JTAG_CONTROL has unconnected port Master_data_out[30]
WARNING: [Synth 8-3331] design JTAG_CONTROL has unconnected port Master_data_out[29]
WARNING: [Synth 8-3331] design JTAG_CONTROL has unconnected port Master_data_out[28]
WARNING: [Synth 8-3331] design JTAG_CONTROL has unconnected port Master_data_out[27]
WARNING: [Synth 8-3331] design JTAG_CONTROL has unconnected port Master_data_out[26]
WARNING: [Synth 8-3331] design JTAG_CONTROL has unconnected port Master_data_out[25]
WARNING: [Synth 8-3331] design JTAG_CONTROL has unconnected port Master_data_out[24]
WARNING: [Synth 8-3331] design JTAG_CONTROL has unconnected port Master_data_out[23]
WARNING: [Synth 8-3331] design JTAG_CONTROL has unconnected port Master_data_out[22]
WARNING: [Synth 8-3331] design JTAG_CONTROL has unconnected port Master_data_out[21]
WARNING: [Synth 8-3331] design JTAG_CONTROL has unconnected port Master_data_out[20]
WARNING: [Synth 8-3331] design JTAG_CONTROL has unconnected port Master_data_out[19]
WARNING: [Synth 8-3331] design JTAG_CONTROL has unconnected port Master_data_out[18]
WARNING: [Synth 8-3331] design JTAG_CONTROL has unconnected port Master_data_out[17]
WARNING: [Synth 8-3331] design JTAG_CONTROL has unconnected port Master_data_out[16]
WARNING: [Synth 8-3331] design JTAG_CONTROL has unconnected port Master_data_out[15]
WARNING: [Synth 8-3331] design JTAG_CONTROL has unconnected port Master_data_out[14]
WARNING: [Synth 8-3331] design JTAG_CONTROL has unconnected port Master_data_out[13]
WARNING: [Synth 8-3331] design JTAG_CONTROL has unconnected port Master_data_out[12]
WARNING: [Synth 8-3331] design JTAG_CONTROL has unconnected port Master_data_out[11]
WARNING: [Synth 8-3331] design JTAG_CONTROL has unconnected port Master_data_out[10]
WARNING: [Synth 8-3331] design JTAG_CONTROL has unconnected port Master_data_out[9]
WARNING: [Synth 8-3331] design JTAG_CONTROL has unconnected port Master_data_out[8]
WARNING: [Synth 8-3331] design JTAG_CONTROL has unconnected port Master_data_out[7]
WARNING: [Synth 8-3331] design JTAG_CONTROL has unconnected port Master_data_out[6]
WARNING: [Synth 8-3331] design JTAG_CONTROL has unconnected port Master_data_out[5]
WARNING: [Synth 8-3331] design JTAG_CONTROL has unconnected port Master_data_out[4]
WARNING: [Synth 8-3331] design JTAG_CONTROL has unconnected port Master_data_out[3]
WARNING: [Synth 8-3331] design JTAG_CONTROL has unconnected port Master_data_out[2]
WARNING: [Synth 8-3331] design JTAG_CONTROL has unconnected port Master_data_out[1]
WARNING: [Synth 8-3331] design JTAG_CONTROL has unconnected port Master_data_out[0]
WARNING: [Synth 8-3331] design JTAG_CONTROL has unconnected port Master_data_exists
WARNING: [Synth 8-3331] design JTAG_CONTROL has unconnected port Master_data_empty
WARNING: [Synth 8-3331] design JTAG_CONTROL has unconnected port Master_dwr_done
WARNING: [Synth 8-3331] design JTAG_CONTROL has unconnected port Master_dwr_resp[1]
WARNING: [Synth 8-3331] design JTAG_CONTROL has unconnected port Master_dwr_resp[0]
WARNING: [Synth 8-3331] design JTAG_CONTROL has unconnected port Dbg_Trig_In_0[0]
WARNING: [Synth 8-3331] design JTAG_CONTROL has unconnected port Dbg_Trig_In_0[1]
WARNING: [Synth 8-3331] design JTAG_CONTROL has unconnected port Dbg_Trig_In_0[2]
WARNING: [Synth 8-3331] design JTAG_CONTROL has unconnected port Dbg_Trig_In_0[3]
WARNING: [Synth 8-3331] design JTAG_CONTROL has unconnected port Dbg_Trig_In_0[4]
WARNING: [Synth 8-3331] design JTAG_CONTROL has unconnected port Dbg_Trig_In_0[5]
WARNING: [Synth 8-3331] design JTAG_CONTROL has unconnected port Dbg_Trig_In_0[6]
WARNING: [Synth 8-3331] design JTAG_CONTROL has unconnected port Dbg_Trig_In_0[7]
WARNING: [Synth 8-3331] design JTAG_CONTROL has unconnected port Dbg_Trig_In_1[0]
WARNING: [Synth 8-3331] design JTAG_CONTROL has unconnected port Dbg_Trig_In_1[1]
WARNING: [Synth 8-3331] design JTAG_CONTROL has unconnected port Dbg_Trig_In_1[2]
WARNING: [Synth 8-3331] design JTAG_CONTROL has unconnected port Dbg_Trig_In_1[3]
WARNING: [Synth 8-3331] design JTAG_CONTROL has unconnected port Dbg_Trig_In_1[4]
WARNING: [Synth 8-3331] design JTAG_CONTROL has unconnected port Dbg_Trig_In_1[5]
WARNING: [Synth 8-3331] design JTAG_CONTROL has unconnected port Dbg_Trig_In_1[6]
WARNING: [Synth 8-3331] design JTAG_CONTROL has unconnected port Dbg_Trig_In_1[7]
WARNING: [Synth 8-3331] design JTAG_CONTROL has unconnected port Dbg_Trig_In_2[0]
WARNING: [Synth 8-3331] design JTAG_CONTROL has unconnected port Dbg_Trig_In_2[1]
WARNING: [Synth 8-3331] design JTAG_CONTROL has unconnected port Dbg_Trig_In_2[2]
WARNING: [Synth 8-3331] design JTAG_CONTROL has unconnected port Dbg_Trig_In_2[3]
WARNING: [Synth 8-3331] design JTAG_CONTROL has unconnected port Dbg_Trig_In_2[4]
WARNING: [Synth 8-3331] design JTAG_CONTROL has unconnected port Dbg_Trig_In_2[5]
WARNING: [Synth 8-3331] design JTAG_CONTROL has unconnected port Dbg_Trig_In_2[6]
WARNING: [Synth 8-3331] design JTAG_CONTROL has unconnected port Dbg_Trig_In_2[7]
WARNING: [Synth 8-3331] design JTAG_CONTROL has unconnected port Dbg_Trig_In_3[0]
WARNING: [Synth 8-3331] design JTAG_CONTROL has unconnected port Dbg_Trig_In_3[1]
WARNING: [Synth 8-3331] design JTAG_CONTROL has unconnected port Dbg_Trig_In_3[2]
WARNING: [Synth 8-3331] design JTAG_CONTROL has unconnected port Dbg_Trig_In_3[3]
WARNING: [Synth 8-3331] design JTAG_CONTROL has unconnected port Dbg_Trig_In_3[4]
WARNING: [Synth 8-3331] design JTAG_CONTROL has unconnected port Dbg_Trig_In_3[5]
WARNING: [Synth 8-3331] design JTAG_CONTROL has unconnected port Dbg_Trig_In_3[6]
WARNING: [Synth 8-3331] design JTAG_CONTROL has unconnected port Dbg_Trig_In_3[7]
WARNING: [Synth 8-3331] design JTAG_CONTROL has unconnected port Dbg_Trig_In_4[0]
WARNING: [Synth 8-3331] design JTAG_CONTROL has unconnected port Dbg_Trig_In_4[1]
WARNING: [Synth 8-3331] design JTAG_CONTROL has unconnected port Dbg_Trig_In_4[2]
WARNING: [Synth 8-3331] design JTAG_CONTROL has unconnected port Dbg_Trig_In_4[3]
INFO: [Common 17-14] Message 'Synth 8-3331' appears 100 times and further instances of the messages will be disabled. Use the Tcl command set_msg_config to change the current settings.
---------------------------------------------------------------------------------
Finished RTL Elaboration : Time (s): cpu = 00:00:13 ; elapsed = 00:00:21 . Memory (MB): peak = 388.461 ; gain = 180.273
---------------------------------------------------------------------------------

Report Check Netlist: 
+------+------------------+-------+---------+-------+------------------+
|      |Item              |Errors |Warnings |Status |Description       |
+------+------------------+-------+---------+-------+------------------+
|1     |multi_driven_nets |      0|        0|Passed |Multi driven nets |
+------+------------------+-------+---------+-------+------------------+
---------------------------------------------------------------------------------
Finished RTL Optimization Phase 1 : Time (s): cpu = 00:00:13 ; elapsed = 00:00:21 . Memory (MB): peak = 388.461 ; gain = 180.273
---------------------------------------------------------------------------------
INFO: [Netlist 29-17] Analyzing 2 Unisim elements for replacement
INFO: [Netlist 29-28] Unisim Transformation completed in 0 CPU seconds
INFO: [Device 21-403] Loading part xc7a200tsbg484-1
INFO: [Project 1-570] Preparing netlist for logic optimization

Processing XDC Constraints
Initializing timing engine
Parsing XDC File [w:/feed_through/NexysVideo-master/Projects/hdmi/proj/hdmi.srcs/sources_1/bd/hdmi/ip/hdmi_mdm_1_0/hdmi_mdm_1_0_ooc_trace.xdc] for cell 'U0'
Finished Parsing XDC File [w:/feed_through/NexysVideo-master/Projects/hdmi/proj/hdmi.srcs/sources_1/bd/hdmi/ip/hdmi_mdm_1_0/hdmi_mdm_1_0_ooc_trace.xdc] for cell 'U0'
Parsing XDC File [w:/feed_through/NexysVideo-master/Projects/hdmi/proj/hdmi.srcs/sources_1/bd/hdmi/ip/hdmi_mdm_1_0/hdmi_mdm_1_0.xdc] for cell 'U0'
Finished Parsing XDC File [w:/feed_through/NexysVideo-master/Projects/hdmi/proj/hdmi.srcs/sources_1/bd/hdmi/ip/hdmi_mdm_1_0/hdmi_mdm_1_0.xdc] for cell 'U0'
INFO: [Project 1-236] Implementation specific constraints were found while reading constraint file [w:/feed_through/NexysVideo-master/Projects/hdmi/proj/hdmi.srcs/sources_1/bd/hdmi/ip/hdmi_mdm_1_0/hdmi_mdm_1_0.xdc]. These constraints will be ignored for synthesis but will be used in implementation. Impacted constraints are listed in the file [.Xil/hdmi_mdm_1_0_propImpl.xdc].
Resolution: To avoid this warning, move constraints listed in [.Xil/hdmi_mdm_1_0_propImpl.xdc] to another XDC file and exclude this new file from synthesis with the used_in_synthesis property (File Properties dialog in GUI) and re-run elaboration/synthesis.
Parsing XDC File [W:/feed_through/NexysVideo-master/Projects/hdmi/proj/hdmi.runs/hdmi_mdm_1_0_synth_1/dont_touch.xdc]
Finished Parsing XDC File [W:/feed_through/NexysVideo-master/Projects/hdmi/proj/hdmi.runs/hdmi_mdm_1_0_synth_1/dont_touch.xdc]
Completed Processing XDC Constraints

INFO: [Project 1-111] Unisim Transformation Summary:
  A total of 2 instances were transformed.
  FDC_1 => FDCE (inverted pins: C): 1 instances
  FDRE_1 => FDRE (inverted pins: C): 1 instances

Constraint Validation Runtime : Time (s): cpu = 00:00:00 ; elapsed = 00:00:00.015 . Memory (MB): peak = 721.215 ; gain = 0.000
---------------------------------------------------------------------------------
Finished Constraint Validation : Time (s): cpu = 00:00:27 ; elapsed = 00:00:44 . Memory (MB): peak = 721.215 ; gain = 513.027
---------------------------------------------------------------------------------
---------------------------------------------------------------------------------
Start Loading Part and Timing Information
---------------------------------------------------------------------------------
Loading part: xc7a200tsbg484-1
---------------------------------------------------------------------------------
Finished Loading Part and Timing Information : Time (s): cpu = 00:00:27 ; elapsed = 00:00:44 . Memory (MB): peak = 721.215 ; gain = 513.027
---------------------------------------------------------------------------------
---------------------------------------------------------------------------------
Start Applying 'set_property' XDC Constraints
---------------------------------------------------------------------------------
Applied set_property DONT_TOUCH = true for U0. (constraint file  auto generated constraint, line ).
---------------------------------------------------------------------------------
Finished applying 'set_property' XDC Constraints : Time (s): cpu = 00:00:27 ; elapsed = 00:00:44 . Memory (MB): peak = 721.215 ; gain = 513.027
---------------------------------------------------------------------------------
INFO: [Synth 8-5546] ROM "mb_data_overrun" won't be mapped to RAM because it is too sparse
---------------------------------------------------------------------------------
Finished RTL Optimization Phase 2 : Time (s): cpu = 00:00:28 ; elapsed = 00:00:45 . Memory (MB): peak = 721.215 ; gain = 513.027
---------------------------------------------------------------------------------

Report RTL Partitions: 
+-+--------------+------------+----------+
| |RTL Partition |Replication |Instances |
+-+--------------+------------+----------+
+-+--------------+------------+----------+
---------------------------------------------------------------------------------
Start RTL Component Statistics 
---------------------------------------------------------------------------------
Detailed RTL Component Info : 
+---Adders : 
	   2 Input     10 Bit       Adders := 1     
	   2 Input      6 Bit       Adders := 1     
	   2 Input      5 Bit       Adders := 1     
	   2 Input      2 Bit       Adders := 1     
+---Registers : 
	               32 Bit    Registers := 1     
	               16 Bit    Registers := 1     
	                8 Bit    Registers := 2     
	                6 Bit    Registers := 2     
	                5 Bit    Registers := 1     
	                4 Bit    Registers := 2     
	                3 Bit    Registers := 1     
	                2 Bit    Registers := 1     
	                1 Bit    Registers := 8     
+---Muxes : 
	   2 Input     16 Bit        Muxes := 4     
	   2 Input     10 Bit        Muxes := 3     
	   2 Input      8 Bit        Muxes := 2     
	   2 Input      6 Bit        Muxes := 1     
	   2 Input      5 Bit        Muxes := 1     
	   2 Input      3 Bit        Muxes := 2     
	   2 Input      2 Bit        Muxes := 1     
	   2 Input      1 Bit        Muxes := 22    
	  12 Input      1 Bit        Muxes := 1     
	   4 Input      1 Bit        Muxes := 1     
---------------------------------------------------------------------------------
Finished RTL Component Statistics 
---------------------------------------------------------------------------------
---------------------------------------------------------------------------------
Start RTL Hierarchical Component Statistics 
---------------------------------------------------------------------------------
Hierarchical RTL Component report 
Module JTAG_CONTROL 
Detailed RTL Component Info : 
+---Adders : 
	   2 Input     10 Bit       Adders := 1     
	   2 Input      6 Bit       Adders := 1     
	   2 Input      5 Bit       Adders := 1     
	   2 Input      2 Bit       Adders := 1     
+---Registers : 
	               16 Bit    Registers := 1     
	                8 Bit    Registers := 2     
	                6 Bit    Registers := 2     
	                5 Bit    Registers := 1     
	                3 Bit    Registers := 1     
	                2 Bit    Registers := 1     
	                1 Bit    Registers := 8     
+---Muxes : 
	   2 Input     16 Bit        Muxes := 4     
	   2 Input     10 Bit        Muxes := 3     
	   2 Input      8 Bit        Muxes := 1     
	   2 Input      6 Bit        Muxes := 1     
	   2 Input      5 Bit        Muxes := 1     
	   2 Input      3 Bit        Muxes := 2     
	   2 Input      2 Bit        Muxes := 1     
	   2 Input      1 Bit        Muxes := 16    
	  12 Input      1 Bit        Muxes := 1     
Module MDM_Core 
Detailed RTL Component Info : 
+---Registers : 
	               32 Bit    Registers := 1     
	                4 Bit    Registers := 2     
+---Muxes : 
	   2 Input      8 Bit        Muxes := 1     
	   2 Input      1 Bit        Muxes := 6     
	   4 Input      1 Bit        Muxes := 1     
---------------------------------------------------------------------------------
Finished RTL Hierarchical Component Statistics
---------------------------------------------------------------------------------
---------------------------------------------------------------------------------
Start Part Resource Summary
---------------------------------------------------------------------------------
Part Resources:
DSPs: 740 (col length:100)
BRAMs: 730 (col length: RAMB18 100 RAMB36 50)
---------------------------------------------------------------------------------
Finished Part Resource Summary
---------------------------------------------------------------------------------
Start Parallel Synthesis Optimization  : Time (s): cpu = 00:00:28 ; elapsed = 00:00:46 . Memory (MB): peak = 721.215 ; gain = 513.027
---------------------------------------------------------------------------------
Start Cross Boundary Optimization
---------------------------------------------------------------------------------
---------------------------------------------------------------------------------
Finished Cross Boundary Optimization : Time (s): cpu = 00:00:28 ; elapsed = 00:00:47 . Memory (MB): peak = 721.215 ; gain = 513.027
---------------------------------------------------------------------------------
Finished Parallel Reinference  : Time (s): cpu = 00:00:28 ; elapsed = 00:00:47 . Memory (MB): peak = 721.215 ; gain = 513.027

Report RTL Partitions: 
+-+--------------+------------+----------+
| |RTL Partition |Replication |Instances |
+-+--------------+------------+----------+
+-+--------------+------------+----------+
---------------------------------------------------------------------------------
Start Area Optimization
---------------------------------------------------------------------------------
INFO: [Synth 8-3333] propagating constant 0 across sequential element (U0/\MDM_Core_I1/Config_Reg_reg[31] )
WARNING: [Synth 8-3332] Sequential element (MDM_Core_I1/Config_Reg_reg[31]) is unused and will be removed from module MDM.
---------------------------------------------------------------------------------
Finished Area Optimization : Time (s): cpu = 00:00:29 ; elapsed = 00:00:48 . Memory (MB): peak = 721.215 ; gain = 513.027
---------------------------------------------------------------------------------
Finished Parallel Area Optimization  : Time (s): cpu = 00:00:29 ; elapsed = 00:00:48 . Memory (MB): peak = 721.215 ; gain = 513.027

Report RTL Partitions: 
+-+--------------+------------+----------+
| |RTL Partition |Replication |Instances |
+-+--------------+------------+----------+
+-+--------------+------------+----------+
---------------------------------------------------------------------------------
Start Timing Optimization
---------------------------------------------------------------------------------
---------------------------------------------------------------------------------
Start Applying XDC Timing Constraints
---------------------------------------------------------------------------------
---------------------------------------------------------------------------------
Finished Applying XDC Timing Constraints : Time (s): cpu = 00:00:42 ; elapsed = 00:01:02 . Memory (MB): peak = 721.215 ; gain = 513.027
---------------------------------------------------------------------------------
---------------------------------------------------------------------------------
Finished Timing Optimization : Time (s): cpu = 00:00:43 ; elapsed = 00:01:03 . Memory (MB): peak = 721.215 ; gain = 513.027
---------------------------------------------------------------------------------

Report RTL Partitions: 
+-+--------------+------------+----------+
| |RTL Partition |Replication |Instances |
+-+--------------+------------+----------+
+-+--------------+------------+----------+
---------------------------------------------------------------------------------
Start Technology Mapping
---------------------------------------------------------------------------------
---------------------------------------------------------------------------------
Finished Technology Mapping : Time (s): cpu = 00:00:43 ; elapsed = 00:01:03 . Memory (MB): peak = 721.215 ; gain = 513.027
---------------------------------------------------------------------------------
Finished Parallel Technology Mapping Optimization  : Time (s): cpu = 00:00:43 ; elapsed = 00:01:03 . Memory (MB): peak = 721.215 ; gain = 513.027

Report RTL Partitions: 
+-+--------------+------------+----------+
| |RTL Partition |Replication |Instances |
+-+--------------+------------+----------+
+-+--------------+------------+----------+
Finished Parallel Synthesis Optimization  : Time (s): cpu = 00:00:43 ; elapsed = 00:01:03 . Memory (MB): peak = 721.215 ; gain = 513.027
---------------------------------------------------------------------------------
Start IO Insertion
---------------------------------------------------------------------------------
---------------------------------------------------------------------------------
Start Flattening Before IO Insertion
---------------------------------------------------------------------------------
---------------------------------------------------------------------------------
Finished Flattening Before IO Insertion
---------------------------------------------------------------------------------
---------------------------------------------------------------------------------
Start Final Netlist Cleanup
---------------------------------------------------------------------------------
---------------------------------------------------------------------------------
Finished Final Netlist Cleanup
---------------------------------------------------------------------------------
---------------------------------------------------------------------------------
Finished IO Insertion : Time (s): cpu = 00:00:44 ; elapsed = 00:01:04 . Memory (MB): peak = 721.215 ; gain = 513.027
---------------------------------------------------------------------------------

Report Check Netlist: 
+------+------------------+-------+---------+-------+------------------+
|      |Item              |Errors |Warnings |Status |Description       |
+------+------------------+-------+---------+-------+------------------+
|1     |multi_driven_nets |      0|        0|Passed |Multi driven nets |
+------+------------------+-------+---------+-------+------------------+
---------------------------------------------------------------------------------
Start Renaming Generated Instances
---------------------------------------------------------------------------------
---------------------------------------------------------------------------------
Finished Renaming Generated Instances : Time (s): cpu = 00:00:44 ; elapsed = 00:01:04 . Memory (MB): peak = 721.215 ; gain = 513.027
---------------------------------------------------------------------------------

Report RTL Partitions: 
+-+--------------+------------+----------+
| |RTL Partition |Replication |Instances |
+-+--------------+------------+----------+
+-+--------------+------------+----------+
---------------------------------------------------------------------------------
Start Rebuilding User Hierarchy
---------------------------------------------------------------------------------
---------------------------------------------------------------------------------
Finished Rebuilding User Hierarchy : Time (s): cpu = 00:00:44 ; elapsed = 00:01:04 . Memory (MB): peak = 721.215 ; gain = 513.027
---------------------------------------------------------------------------------
---------------------------------------------------------------------------------
Start Renaming Generated Ports
---------------------------------------------------------------------------------
---------------------------------------------------------------------------------
Finished Renaming Generated Ports : Time (s): cpu = 00:00:44 ; elapsed = 00:01:04 . Memory (MB): peak = 721.215 ; gain = 513.027
---------------------------------------------------------------------------------
---------------------------------------------------------------------------------
Start Handling Custom Attributes
---------------------------------------------------------------------------------
---------------------------------------------------------------------------------
Finished Handling Custom Attributes : Time (s): cpu = 00:00:44 ; elapsed = 00:01:04 . Memory (MB): peak = 721.215 ; gain = 513.027
---------------------------------------------------------------------------------
---------------------------------------------------------------------------------
Start Renaming Generated Nets
---------------------------------------------------------------------------------
---------------------------------------------------------------------------------
Finished Renaming Generated Nets : Time (s): cpu = 00:00:44 ; elapsed = 00:01:04 . Memory (MB): peak = 721.215 ; gain = 513.027
---------------------------------------------------------------------------------
---------------------------------------------------------------------------------
Start ROM, RAM, DSP and Shift Register Reporting
---------------------------------------------------------------------------------

Static Shift Register Report:
+------------+--------------------------------+--------+-------+--------------+--------------------+-------------------+--------+---------+
|Module Name | RTL Name                       | Length | Width | Reset Signal | Pull out first Reg | Pull out last Reg | SRL16E | SRLC32E | 
+------------+--------------------------------+--------+-------+--------------+--------------------+-------------------+--------+---------+
|MDM         | MDM_Core_I1/Config_Reg_reg[26] | 4      | 1     | YES          | NO                 | YES               | 1      | 0       | 
|MDM         | MDM_Core_I1/Config_Reg_reg[10] | 15     | 1     | YES          | NO                 | YES               | 1      | 0       | 
|MDM         | MDM_Core_I1/Config_Reg_reg[3]  | 6      | 1     | YES          | NO                 | YES               | 1      | 0       | 
+------------+--------------------------------+--------+-------+--------------+--------------------+-------------------+--------+---------+

---------------------------------------------------------------------------------
Finished ROM, RAM, DSP and Shift Register Reporting
---------------------------------------------------------------------------------
---------------------------------------------------------------------------------
Start Writing Synthesis Report
---------------------------------------------------------------------------------

Report BlackBoxes: 
+-+--------------+----------+
| |BlackBox name |Instances |
+-+--------------+----------+
+-+--------------+----------+

Report Cell Usage: 
+------+--------+------+
|      |Cell    |Count |
+------+--------+------+
|1     |BSCANE2 |     1|
|2     |BUFG    |     1|
|3     |LUT1    |     4|
|4     |LUT2    |    14|
|5     |LUT3    |    29|
|6     |LUT4    |    18|
|7     |LUT5    |    17|
|8     |LUT6    |    34|
|9     |SRL16E  |     7|
|10    |FDCE    |   100|
|11    |FDC_1   |     1|
|12    |FDPE    |     5|
|13    |FDRE    |     3|
|14    |FDRE_1  |     1|
+------+--------+------+

Report Instance Areas: 
+------+---------------------+-------------+------+
|      |Instance             |Module       |Cells |
+------+---------------------+-------------+------+
|1     |top                  |             |   235|
|2     |  U0                 |MDM          |   235|
|3     |    MDM_Core_I1      |MDM_Core     |   233|
|4     |      JTAG_CONTROL_I |JTAG_CONTROL |   182|
+------+---------------------+-------------+------+
---------------------------------------------------------------------------------
Finished Writing Synthesis Report : Time (s): cpu = 00:00:44 ; elapsed = 00:01:04 . Memory (MB): peak = 721.215 ; gain = 513.027
---------------------------------------------------------------------------------
Synthesis finished with 0 errors, 0 critical warnings and 3053 warnings.
Synthesis Optimization Runtime : Time (s): cpu = 00:00:21 ; elapsed = 00:00:35 . Memory (MB): peak = 721.215 ; gain = 115.395
Synthesis Optimization Complete : Time (s): cpu = 00:00:44 ; elapsed = 00:01:04 . Memory (MB): peak = 721.215 ; gain = 513.027
INFO: [Project 1-571] Translating synthesized netlist
INFO: [Netlist 29-17] Analyzing 2 Unisim elements for replacement
INFO: [Netlist 29-28] Unisim Transformation completed in 0 CPU seconds
INFO: [Project 1-570] Preparing netlist for logic optimization
Parsing XDC File [w:/feed_through/NexysVideo-master/Projects/hdmi/proj/hdmi.srcs/sources_1/bd/hdmi/ip/hdmi_mdm_1_0/hdmi_mdm_1_0_ooc_trace.xdc] for cell 'U0'
Finished Parsing XDC File [w:/feed_through/NexysVideo-master/Projects/hdmi/proj/hdmi.srcs/sources_1/bd/hdmi/ip/hdmi_mdm_1_0/hdmi_mdm_1_0_ooc_trace.xdc] for cell 'U0'
Parsing XDC File [w:/feed_through/NexysVideo-master/Projects/hdmi/proj/hdmi.srcs/sources_1/bd/hdmi/ip/hdmi_mdm_1_0/hdmi_mdm_1_0.xdc] for cell 'U0'
INFO: [Timing 38-35] Done setting XDC timing constraints. [w:/feed_through/NexysVideo-master/Projects/hdmi/proj/hdmi.srcs/sources_1/bd/hdmi/ip/hdmi_mdm_1_0/hdmi_mdm_1_0.xdc:50]
Finished Parsing XDC File [w:/feed_through/NexysVideo-master/Projects/hdmi/proj/hdmi.srcs/sources_1/bd/hdmi/ip/hdmi_mdm_1_0/hdmi_mdm_1_0.xdc] for cell 'U0'
INFO: [Opt 31-138] Pushed 2 inverter(s) to 12 load pin(s).
INFO: [Project 1-111] Unisim Transformation Summary:
  A total of 2 instances were transformed.
  FDC_1 => FDCE (inverted pins: C): 1 instances
  FDRE_1 => FDRE (inverted pins: C): 1 instances

INFO: [Common 17-83] Releasing license: Synthesis
45 Infos, 108 Warnings, 0 Critical Warnings and 0 Errors encountered.
synth_design completed successfully
synth_design: Time (s): cpu = 00:00:45 ; elapsed = 00:01:01 . Memory (MB): peak = 1151.789 ; gain = 878.723
INFO: [Coretcl 2-1174] Renamed 3 cell refs.
report_utilization: Time (s): cpu = 00:00:00 ; elapsed = 00:00:00.078 . Memory (MB): peak = 1151.789 ; gain = 0.000
INFO: [Common 17-206] Exiting Vivado at Mon Mar 20 17:27:52 2017...
