
*** Running vivado
    with args -log hdmi_xlslice_0_0.vds -m64 -mode batch -messageDb vivado.pb -notrace -source hdmi_xlslice_0_0.tcl


****** Vivado v2016.2 (64-bit)
  **** SW Build 1577090 on Thu Jun  2 16:32:40 MDT 2016
  **** IP Build 1577682 on Fri Jun  3 12:00:54 MDT 2016
    ** Copyright 1986-2016 Xilinx, Inc. All Rights Reserved.

source hdmi_xlslice_0_0.tcl -notrace
Command: synth_design -top hdmi_xlslice_0_0 -part xc7a200tsbg484-1 -mode out_of_context
Starting synth_design
Attempting to get a license for feature 'Synthesis' and/or device 'xc7a200t'
INFO: [Common 17-349] Got license for feature 'Synthesis' and/or device 'xc7a200t'
INFO: Launching helper process for spawning children vivado processes
INFO: Helper process launched with PID 2884 
---------------------------------------------------------------------------------
Starting Synthesize : Time (s): cpu = 00:00:09 ; elapsed = 00:00:12 . Memory (MB): peak = 333.625 ; gain = 126.055
---------------------------------------------------------------------------------
INFO: [Synth 8-638] synthesizing module 'hdmi_xlslice_0_0' [w:/feed_through/NexysVideo-master/Projects/hdmi/proj/hdmi.srcs/sources_1/bd/hdmi/ip/hdmi_xlslice_0_0/synth/hdmi_xlslice_0_0.vhd:66]
	Parameter DIN_WIDTH bound to: 48 - type: integer 
	Parameter DIN_FROM bound to: 47 - type: integer 
	Parameter DIN_TO bound to: 24 - type: integer 
INFO: [Synth 8-3491] module 'xlslice' declared at 'w:/feed_through/NexysVideo-master/Projects/hdmi/proj/hdmi.srcs/sources_1/bd/hdmi/ipshared/xilinx.com/xlslice_v1_0/xlslice.vhd:27' bound to instance 'U0' of component 'xlslice' [w:/feed_through/NexysVideo-master/Projects/hdmi/proj/hdmi.srcs/sources_1/bd/hdmi/ip/hdmi_xlslice_0_0/synth/hdmi_xlslice_0_0.vhd:87]
INFO: [Synth 8-638] synthesizing module 'xlslice' [w:/feed_through/NexysVideo-master/Projects/hdmi/proj/hdmi.srcs/sources_1/bd/hdmi/ipshared/xilinx.com/xlslice_v1_0/xlslice.vhd:38]
	Parameter DIN_WIDTH bound to: 48 - type: integer 
	Parameter DIN_FROM bound to: 47 - type: integer 
	Parameter DIN_TO bound to: 24 - type: integer 
INFO: [Synth 8-256] done synthesizing module 'xlslice' (1#1) [w:/feed_through/NexysVideo-master/Projects/hdmi/proj/hdmi.srcs/sources_1/bd/hdmi/ipshared/xilinx.com/xlslice_v1_0/xlslice.vhd:38]
INFO: [Synth 8-256] done synthesizing module 'hdmi_xlslice_0_0' (2#1) [w:/feed_through/NexysVideo-master/Projects/hdmi/proj/hdmi.srcs/sources_1/bd/hdmi/ip/hdmi_xlslice_0_0/synth/hdmi_xlslice_0_0.vhd:66]
WARNING: [Synth 8-3331] design xlslice has unconnected port Din[23]
WARNING: [Synth 8-3331] design xlslice has unconnected port Din[22]
WARNING: [Synth 8-3331] design xlslice has unconnected port Din[21]
WARNING: [Synth 8-3331] design xlslice has unconnected port Din[20]
WARNING: [Synth 8-3331] design xlslice has unconnected port Din[19]
WARNING: [Synth 8-3331] design xlslice has unconnected port Din[18]
WARNING: [Synth 8-3331] design xlslice has unconnected port Din[17]
WARNING: [Synth 8-3331] design xlslice has unconnected port Din[16]
WARNING: [Synth 8-3331] design xlslice has unconnected port Din[15]
WARNING: [Synth 8-3331] design xlslice has unconnected port Din[14]
WARNING: [Synth 8-3331] design xlslice has unconnected port Din[13]
WARNING: [Synth 8-3331] design xlslice has unconnected port Din[12]
WARNING: [Synth 8-3331] design xlslice has unconnected port Din[11]
WARNING: [Synth 8-3331] design xlslice has unconnected port Din[10]
WARNING: [Synth 8-3331] design xlslice has unconnected port Din[9]
WARNING: [Synth 8-3331] design xlslice has unconnected port Din[8]
WARNING: [Synth 8-3331] design xlslice has unconnected port Din[7]
WARNING: [Synth 8-3331] design xlslice has unconnected port Din[6]
WARNING: [Synth 8-3331] design xlslice has unconnected port Din[5]
WARNING: [Synth 8-3331] design xlslice has unconnected port Din[4]
WARNING: [Synth 8-3331] design xlslice has unconnected port Din[3]
WARNING: [Synth 8-3331] design xlslice has unconnected port Din[2]
WARNING: [Synth 8-3331] design xlslice has unconnected port Din[1]
WARNING: [Synth 8-3331] design xlslice has unconnected port Din[0]
---------------------------------------------------------------------------------
Finished Synthesize : Time (s): cpu = 00:00:10 ; elapsed = 00:00:13 . Memory (MB): peak = 370.836 ; gain = 163.266
---------------------------------------------------------------------------------
---------------------------------------------------------------------------------
Finished Constraint Validation : Time (s): cpu = 00:00:10 ; elapsed = 00:00:14 . Memory (MB): peak = 370.836 ; gain = 163.266
---------------------------------------------------------------------------------
---------------------------------------------------------------------------------
Start Loading Part and Timing Information
---------------------------------------------------------------------------------
Loading part: xc7a200tsbg484-1
---------------------------------------------------------------------------------
Finished Loading Part and Timing Information : Time (s): cpu = 00:00:10 ; elapsed = 00:00:14 . Memory (MB): peak = 370.836 ; gain = 163.266
---------------------------------------------------------------------------------
INFO: [Device 21-403] Loading part xc7a200tsbg484-1
---------------------------------------------------------------------------------
Finished RTL Optimization Phase 2 : Time (s): cpu = 00:00:10 ; elapsed = 00:00:14 . Memory (MB): peak = 370.836 ; gain = 163.266
---------------------------------------------------------------------------------

Report RTL Partitions: 
+-+--------------+------------+----------+
| |RTL Partition |Replication |Instances |
+-+--------------+------------+----------+
+-+--------------+------------+----------+
No constraint files found.
---------------------------------------------------------------------------------
Start RTL Component Statistics 
---------------------------------------------------------------------------------
Detailed RTL Component Info : 
---------------------------------------------------------------------------------
Finished RTL Component Statistics 
---------------------------------------------------------------------------------
---------------------------------------------------------------------------------
Start RTL Hierarchical Component Statistics 
---------------------------------------------------------------------------------
Hierarchical RTL Component report 
---------------------------------------------------------------------------------
Finished RTL Hierarchical Component Statistics
---------------------------------------------------------------------------------
---------------------------------------------------------------------------------
Start Part Resource Summary
---------------------------------------------------------------------------------
Part Resources:
DSPs: 740 (col length:100)
BRAMs: 730 (col length: RAMB18 100 RAMB36 50)
---------------------------------------------------------------------------------
Finished Part Resource Summary
---------------------------------------------------------------------------------
Start Parallel Synthesis Optimization  : Time (s): cpu = 00:00:14 ; elapsed = 00:00:19 . Memory (MB): peak = 517.035 ; gain = 309.465
---------------------------------------------------------------------------------
Start Cross Boundary Optimization
---------------------------------------------------------------------------------
WARNING: [Synth 8-3330] design hdmi_xlslice_0_0 has an empty top module
WARNING: [Synth 8-3331] design hdmi_xlslice_0_0 has unconnected port Din[23]
WARNING: [Synth 8-3331] design hdmi_xlslice_0_0 has unconnected port Din[22]
WARNING: [Synth 8-3331] design hdmi_xlslice_0_0 has unconnected port Din[21]
WARNING: [Synth 8-3331] design hdmi_xlslice_0_0 has unconnected port Din[20]
WARNING: [Synth 8-3331] design hdmi_xlslice_0_0 has unconnected port Din[19]
WARNING: [Synth 8-3331] design hdmi_xlslice_0_0 has unconnected port Din[18]
WARNING: [Synth 8-3331] design hdmi_xlslice_0_0 has unconnected port Din[17]
WARNING: [Synth 8-3331] design hdmi_xlslice_0_0 has unconnected port Din[16]
WARNING: [Synth 8-3331] design hdmi_xlslice_0_0 has unconnected port Din[15]
WARNING: [Synth 8-3331] design hdmi_xlslice_0_0 has unconnected port Din[14]
WARNING: [Synth 8-3331] design hdmi_xlslice_0_0 has unconnected port Din[13]
WARNING: [Synth 8-3331] design hdmi_xlslice_0_0 has unconnected port Din[12]
WARNING: [Synth 8-3331] design hdmi_xlslice_0_0 has unconnected port Din[11]
WARNING: [Synth 8-3331] design hdmi_xlslice_0_0 has unconnected port Din[10]
WARNING: [Synth 8-3331] design hdmi_xlslice_0_0 has unconnected port Din[9]
WARNING: [Synth 8-3331] design hdmi_xlslice_0_0 has unconnected port Din[8]
WARNING: [Synth 8-3331] design hdmi_xlslice_0_0 has unconnected port Din[7]
WARNING: [Synth 8-3331] design hdmi_xlslice_0_0 has unconnected port Din[6]
WARNING: [Synth 8-3331] design hdmi_xlslice_0_0 has unconnected port Din[5]
WARNING: [Synth 8-3331] design hdmi_xlslice_0_0 has unconnected port Din[4]
WARNING: [Synth 8-3331] design hdmi_xlslice_0_0 has unconnected port Din[3]
WARNING: [Synth 8-3331] design hdmi_xlslice_0_0 has unconnected port Din[2]
WARNING: [Synth 8-3331] design hdmi_xlslice_0_0 has unconnected port Din[1]
WARNING: [Synth 8-3331] design hdmi_xlslice_0_0 has unconnected port Din[0]
---------------------------------------------------------------------------------
Finished Cross Boundary Optimization : Time (s): cpu = 00:00:14 ; elapsed = 00:00:19 . Memory (MB): peak = 517.035 ; gain = 309.465
---------------------------------------------------------------------------------
Finished Parallel Reinference  : Time (s): cpu = 00:00:14 ; elapsed = 00:00:19 . Memory (MB): peak = 517.035 ; gain = 309.465

Report RTL Partitions: 
+-+--------------+------------+----------+
| |RTL Partition |Replication |Instances |
+-+--------------+------------+----------+
+-+--------------+------------+----------+
No constraint files found.
---------------------------------------------------------------------------------
Start Area Optimization
---------------------------------------------------------------------------------
---------------------------------------------------------------------------------
Finished Area Optimization : Time (s): cpu = 00:00:14 ; elapsed = 00:00:19 . Memory (MB): peak = 517.035 ; gain = 309.465
---------------------------------------------------------------------------------
Finished Parallel Area Optimization  : Time (s): cpu = 00:00:14 ; elapsed = 00:00:19 . Memory (MB): peak = 517.035 ; gain = 309.465

Report RTL Partitions: 
+-+--------------+------------+----------+
| |RTL Partition |Replication |Instances |
+-+--------------+------------+----------+
+-+--------------+------------+----------+
---------------------------------------------------------------------------------
Start Timing Optimization
---------------------------------------------------------------------------------
No constraint files found.
---------------------------------------------------------------------------------
Finished Timing Optimization : Time (s): cpu = 00:00:14 ; elapsed = 00:00:19 . Memory (MB): peak = 517.035 ; gain = 309.465
---------------------------------------------------------------------------------

Report RTL Partitions: 
+-+--------------+------------+----------+
| |RTL Partition |Replication |Instances |
+-+--------------+------------+----------+
+-+--------------+------------+----------+
---------------------------------------------------------------------------------
Start Technology Mapping
---------------------------------------------------------------------------------
---------------------------------------------------------------------------------
Finished Technology Mapping : Time (s): cpu = 00:00:14 ; elapsed = 00:00:19 . Memory (MB): peak = 518.285 ; gain = 310.715
---------------------------------------------------------------------------------
Finished Parallel Technology Mapping Optimization  : Time (s): cpu = 00:00:14 ; elapsed = 00:00:19 . Memory (MB): peak = 518.285 ; gain = 310.715

Report RTL Partitions: 
+-+--------------+------------+----------+
| |RTL Partition |Replication |Instances |
+-+--------------+------------+----------+
+-+--------------+------------+----------+
Finished Parallel Synthesis Optimization  : Time (s): cpu = 00:00:14 ; elapsed = 00:00:19 . Memory (MB): peak = 518.285 ; gain = 310.715
---------------------------------------------------------------------------------
Start IO Insertion
---------------------------------------------------------------------------------
---------------------------------------------------------------------------------
Start Flattening Before IO Insertion
---------------------------------------------------------------------------------
---------------------------------------------------------------------------------
Finished Flattening Before IO Insertion
---------------------------------------------------------------------------------
---------------------------------------------------------------------------------
Start Final Netlist Cleanup
---------------------------------------------------------------------------------
---------------------------------------------------------------------------------
Finished Final Netlist Cleanup
---------------------------------------------------------------------------------
---------------------------------------------------------------------------------
Finished IO Insertion : Time (s): cpu = 00:00:14 ; elapsed = 00:00:19 . Memory (MB): peak = 518.285 ; gain = 310.715
---------------------------------------------------------------------------------

Report Check Netlist: 
+------+------------------+-------+---------+-------+------------------+
|      |Item              |Errors |Warnings |Status |Description       |
+------+------------------+-------+---------+-------+------------------+
|1     |multi_driven_nets |      0|        0|Passed |Multi driven nets |
+------+------------------+-------+---------+-------+------------------+
---------------------------------------------------------------------------------
Start Renaming Generated Instances
---------------------------------------------------------------------------------
---------------------------------------------------------------------------------
Finished Renaming Generated Instances : Time (s): cpu = 00:00:14 ; elapsed = 00:00:19 . Memory (MB): peak = 518.285 ; gain = 310.715
---------------------------------------------------------------------------------

Report RTL Partitions: 
+-+--------------+------------+----------+
| |RTL Partition |Replication |Instances |
+-+--------------+------------+----------+
+-+--------------+------------+----------+
---------------------------------------------------------------------------------
Start Rebuilding User Hierarchy
---------------------------------------------------------------------------------
---------------------------------------------------------------------------------
Finished Rebuilding User Hierarchy : Time (s): cpu = 00:00:14 ; elapsed = 00:00:19 . Memory (MB): peak = 518.285 ; gain = 310.715
---------------------------------------------------------------------------------
---------------------------------------------------------------------------------
Start Renaming Generated Ports
---------------------------------------------------------------------------------
---------------------------------------------------------------------------------
Finished Renaming Generated Ports : Time (s): cpu = 00:00:15 ; elapsed = 00:00:20 . Memory (MB): peak = 518.285 ; gain = 310.715
---------------------------------------------------------------------------------
---------------------------------------------------------------------------------
Start Handling Custom Attributes
---------------------------------------------------------------------------------
---------------------------------------------------------------------------------
Finished Handling Custom Attributes : Time (s): cpu = 00:00:15 ; elapsed = 00:00:20 . Memory (MB): peak = 518.285 ; gain = 310.715
---------------------------------------------------------------------------------
---------------------------------------------------------------------------------
Start Renaming Generated Nets
---------------------------------------------------------------------------------
---------------------------------------------------------------------------------
Finished Renaming Generated Nets : Time (s): cpu = 00:00:15 ; elapsed = 00:00:20 . Memory (MB): peak = 518.285 ; gain = 310.715
---------------------------------------------------------------------------------
---------------------------------------------------------------------------------
Start Writing Synthesis Report
---------------------------------------------------------------------------------

Report BlackBoxes: 
+-+--------------+----------+
| |BlackBox name |Instances |
+-+--------------+----------+
+-+--------------+----------+

Report Cell Usage: 
+-+-----+------+
| |Cell |Count |
+-+-----+------+
+-+-----+------+

Report Instance Areas: 
+------+---------+-------+------+
|      |Instance |Module |Cells |
+------+---------+-------+------+
|1     |top      |       |     0|
+------+---------+-------+------+
---------------------------------------------------------------------------------
Finished Writing Synthesis Report : Time (s): cpu = 00:00:15 ; elapsed = 00:00:20 . Memory (MB): peak = 518.285 ; gain = 310.715
---------------------------------------------------------------------------------
Synthesis finished with 0 errors, 0 critical warnings and 49 warnings.
Synthesis Optimization Runtime : Time (s): cpu = 00:00:11 ; elapsed = 00:00:12 . Memory (MB): peak = 518.285 ; gain = 261.203
Synthesis Optimization Complete : Time (s): cpu = 00:00:15 ; elapsed = 00:00:20 . Memory (MB): peak = 518.285 ; gain = 310.715
INFO: [Project 1-571] Translating synthesized netlist
INFO: [Project 1-570] Preparing netlist for logic optimization
INFO: [Opt 31-138] Pushed 0 inverter(s) to 0 load pin(s).
INFO: [Project 1-111] Unisim Transformation Summary:
No Unisim elements were transformed.

INFO: [Common 17-83] Releasing license: Synthesis
12 Infos, 49 Warnings, 0 Critical Warnings and 0 Errors encountered.
synth_design completed successfully
synth_design: Time (s): cpu = 00:00:15 ; elapsed = 00:00:23 . Memory (MB): peak = 593.930 ; gain = 336.848
INFO: [Timing 38-35] Done setting XDC timing constraints.
write_checkpoint: Time (s): cpu = 00:00:15 ; elapsed = 00:00:16 . Memory (MB): peak = 974.730 ; gain = 380.801
report_utilization: Time (s): cpu = 00:00:00 ; elapsed = 00:00:00.046 . Memory (MB): peak = 974.730 ; gain = 0.000
INFO: [Common 17-206] Exiting Vivado at Mon Mar 20 17:35:45 2017...
