#-----------------------------------------------------------
# Vivado v2016.2 (64-bit)
# SW Build 1577090 on Thu Jun  2 16:32:40 MDT 2016
# IP Build 1577682 on Fri Jun  3 12:00:54 MDT 2016
# Start of session at: Wed Mar 29 14:48:57 2017
# Process ID: 2588
# Current directory: W:/pre_done/NexysVideo-master/collision_detection/ip_repo
# Command line: vivado.exe -gui_launcher_event rodinguilauncherevent3028 W:\pre_done\NexysVideo-master\collision_detection\ip_repo\edit_Collision_Detection_Slave_v1_0.xpr
# Log file: W:/pre_done/NexysVideo-master/collision_detection/ip_repo/vivado.log
# Journal file: W:/pre_done/NexysVideo-master/collision_detection/ip_repo\vivado.jou
#-----------------------------------------------------------
start_gui
open_project W:/pre_done/NexysVideo-master/collision_detection/ip_repo/edit_Collision_Detection_Slave_v1_0.xpr
CRITICAL WARNING: [Project 1-19] Could not find the file 'W:/pre_done/NexysVideo-master/collision_detection/ip_repo/edit_Collision_Detection_Slave_v1_0.srcs/sources_1/ip/cdn_axi_bfm_0/cdn_axi_bfm_0.xci'.
Scanning sources...
Finished scanning sources
ERROR: [Common 17-680] Path length exceeds 248-Byte maximum allowed by Windows: W:/pre_done/NexysVideo-master/collision_detection/ip_repo/$PPRDIR/$PPRDIR/$PPRDIR/$PPRDIR/$PPRDIR/$PPRDIR/$PPRDIR/$PPRDIR/$PPRDIR/nfs/ug/homes-2/c/chungm13/collision_detection/ip_repo/edit_Collision_Detection_Slave_v1_0.cache/compile_simlib/modelsim
Please consider using the OS subst command to shorten the path length by mapping part of the path to a virtual drive letter. See Answer Record AR52787 for more information.
Resolution: In Windows 7 or later, the mklink command can also be used to create a symbolic link and shorten the path.
INFO: [Common 17-206] Exiting Vivado at Wed Mar 29 14:49:07 2017...
