#-----------------------------------------------------------
# Vivado v2016.2 (64-bit)
# SW Build 1577090 on Thu Jun  2 16:32:40 MDT 2016
# IP Build 1577682 on Fri Jun  3 12:00:54 MDT 2016
# Start of session at: Wed Mar 29 14:27:20 2017
# Process ID: 5476
# Current directory: W:/pre_done/NexysVideo-master/collision_detection/ip_repo
# Command line: vivado.exe -gui_launcher_event rodinguilauncherevent5428 W:\pre_done\NexysVideo-master\collision_detection\ip_repo\edit_Collision_Detection_Slave_v1_0.xpr
# Log file: W:/pre_done/NexysVideo-master/collision_detection/ip_repo/vivado.log
# Journal file: W:/pre_done/NexysVideo-master/collision_detection/ip_repo\vivado.jou
#-----------------------------------------------------------
start_gui
open_project W:/pre_done/NexysVideo-master/collision_detection/ip_repo/edit_Collision_Detection_Slave_v1_0.xpr
INFO: [Project 1-313] Project file moved from 'W:/ECE532/NexysVideo-master/collision_detection/ip_repo' since last save.
CRITICAL WARNING: [Project 1-311] Could not find the file 'W:/pre_done/NexysVideo-master/collision_detection/ip_repo/edit_Collision_Detection_Slave_v1_0.srcs/sources_1/ip/cdn_axi_bfm_0/cdn_axi_bfm_0.xci', nor could it be found using path 'W:/ECE532/NexysVideo-master/collision_detection/ip_repo/edit_Collision_Detection_Slave_v1_0.srcs/sources_1/ip/cdn_axi_bfm_0/cdn_axi_bfm_0.xci'.
Scanning sources...
Finished scanning sources
INFO: [IP_Flow 19-234] Refreshing IP repositories
INFO: [IP_Flow 19-1700] Loaded user IP repository 'w:/pre_done/NexysVideo-master/collision_detection/ip_repo/Collision_Detection_Slave_1.0'.
INFO: [IP_Flow 19-2313] Loaded Vivado IP repository 'C:/Xilinx/Vivado/2016.2/data/ip'.
open_project: Time (s): cpu = 00:00:08 ; elapsed = 00:00:06 . Memory (MB): peak = 825.438 ; gain = 142.441
update_compile_order -fileset sources_1
exit
INFO: [Common 17-206] Exiting Vivado at Wed Mar 29 14:28:13 2017...
